++========================================
||
||   Package:  ./lighttpd/lighttpd-1.4.59-x86_64-2cf.txz
||
++========================================
drwxr-xr-x root/root         0 2021-04-26 08:35 ./
drwxr-xr-x root/root         0 2021-04-26 08:35 etc/
drwxr-xr-x root/root         0 2021-04-26 08:35 etc/lighttpd/
drwxr-xr-x root/root         0 2021-04-26 08:35 etc/lighttpd/conf.d/
-rw-r--r-- root/root       872 2021-04-26 08:35 etc/lighttpd/conf.d/access_log.conf.new
-rw-r--r-- root/root      1347 2021-04-26 08:35 etc/lighttpd/conf.d/auth.conf.new
-rw-r--r-- root/root      1614 2021-04-26 08:35 etc/lighttpd/conf.d/cgi.conf.new
-rw-r--r-- root/root       658 2021-04-26 08:35 etc/lighttpd/conf.d/cml.conf.new
-rw-r--r-- root/root      1044 2021-04-26 08:35 etc/lighttpd/conf.d/debug.conf.new
-rw-r--r-- root/root      1640 2021-04-26 08:35 etc/lighttpd/conf.d/deflate.conf.new
-rw-r--r-- root/root      2440 2021-04-26 08:35 etc/lighttpd/conf.d/dirlisting.conf.new
-rw-r--r-- root/root       695 2021-04-26 08:35 etc/lighttpd/conf.d/evhost.conf.new
-rw-r--r-- root/root       617 2021-04-26 08:35 etc/lighttpd/conf.d/expire.conf.new
-rw-r--r-- root/root      4620 2021-04-26 08:35 etc/lighttpd/conf.d/fastcgi.conf.new
-rw-r--r-- root/root       913 2021-04-26 08:35 etc/lighttpd/conf.d/geoip.conf.new
-rw-r--r-- root/root       512 2021-04-26 08:35 etc/lighttpd/conf.d/magnet.conf.new
-rw-r--r-- root/root     52888 2021-04-26 08:35 etc/lighttpd/conf.d/mime.conf.new
-rw-r--r-- root/root      1083 2021-04-26 08:35 etc/lighttpd/conf.d/mysql_vhost.conf.new
-rw-r--r-- root/root       870 2021-04-26 08:35 etc/lighttpd/conf.d/proxy.conf.new
-rw-r--r-- root/root       538 2021-04-26 08:35 etc/lighttpd/conf.d/rrdtool.conf.new
-rw-r--r-- root/root      1344 2021-04-26 08:35 etc/lighttpd/conf.d/scgi.conf.new
-rw-r--r-- root/root       774 2021-04-26 08:35 etc/lighttpd/conf.d/secdownload.conf.new
-rw-r--r-- root/root       828 2021-04-26 08:35 etc/lighttpd/conf.d/simple_vhost.conf.new
-rw-r--r-- root/root      1932 2021-04-26 08:35 etc/lighttpd/conf.d/ssi.conf.new
-rw-r--r-- root/root       683 2021-04-26 08:35 etc/lighttpd/conf.d/status.conf.new
-rw-r--r-- root/root      1880 2021-04-26 08:35 etc/lighttpd/conf.d/trigger_b4_dl.conf.new
-rw-r--r-- root/root       904 2021-04-26 08:35 etc/lighttpd/conf.d/userdir.conf.new
-rw-r--r-- root/root       939 2021-04-26 08:35 etc/lighttpd/conf.d/webdav.conf.new
-rw-r--r-- root/root     13598 2021-04-26 08:35 etc/lighttpd/lighttpd.conf.new
-rw-r--r-- root/root      3964 2021-04-26 08:35 etc/lighttpd/modules.conf.new
drwxr-xr-x root/root         0 2021-04-26 08:35 etc/lighttpd/vhosts.d/
-rw-r--r-- root/root       967 2021-04-26 08:35 etc/lighttpd/vhosts.d/vhosts.conf.new
drwxr-xr-x root/root         0 2021-04-26 08:35 etc/logrotate.d/
-rw-r--r-- root/root       285 2021-04-26 08:35 etc/logrotate.d/lighttpd.new
drwxr-xr-x root/root         0 2021-04-26 08:35 etc/rc.d/
-rwxr-xr-x root/root      2108 2021-04-26 08:35 etc/rc.d/rc.lighttpd.new
drwxr-xr-x root/root         0 2021-04-26 08:35 install/
-rw-r--r-- root/root      1643 2021-04-26 08:35 install/doinst.sh
-rw-r--r-- root/root       865 2021-04-26 08:35 install/slack-desc
drwxr-xr-x root/root         0 2021-04-26 08:35 usr/
drwxr-xr-x root/root         0 2021-04-26 08:35 usr/doc/
drwxr-xr-x root/root         0 2021-04-26 08:35 usr/doc/lighttpd-1.4.59/
-rw-r--r-- root/root       240 2021-02-02 14:11 usr/doc/lighttpd-1.4.59/AUTHORS
-rw-r--r-- root/root      1503 2021-02-02 14:11 usr/doc/lighttpd-1.4.59/COPYING
-rw-r--r-- root/root      5774 2021-02-02 14:11 usr/doc/lighttpd-1.4.59/INSTALL
-rw-r--r-- root/root    162038 2021-02-02 14:11 usr/doc/lighttpd-1.4.59/NEWS
-rw-r--r-- root/root      3811 2021-02-02 14:11 usr/doc/lighttpd-1.4.59/README
-rw-r--r-- root/root      1472 2021-02-02 14:11 usr/doc/lighttpd-1.4.59/README.FreeBSD
-rw-r--r-- root/root      1792 2021-02-02 14:11 usr/doc/lighttpd-1.4.59/initscripts.txt
-rw-r--r-- root/root      5266 2021-04-26 08:35 usr/doc/lighttpd-1.4.59/lighttpd.SlackBuild
-rw-r--r-- root/root       741 2021-02-02 14:11 usr/doc/lighttpd-1.4.59/newstyle.css
-rw-r--r-- root/root       377 2021-02-02 14:11 usr/doc/lighttpd-1.4.59/oldstyle.css
drwxr-xr-x root/root         0 2021-04-26 08:35 usr/doc/lighttpd-1.4.59/scripts/
-rw-r--r-- root/root     13957 2021-04-26 08:35 usr/doc/lighttpd-1.4.59/scripts/Makefile
-rw-r--r-- root/root        89 2021-02-02 14:11 usr/doc/lighttpd-1.4.59/scripts/Makefile.am
-rw-r--r-- root/root     13970 2021-02-02 14:13 usr/doc/lighttpd-1.4.59/scripts/Makefile.in
-rwxr-xr-x root/root      2304 2021-02-02 14:11 usr/doc/lighttpd-1.4.59/scripts/cert-staple.sh
-rwxr-xr-x root/root      6902 2021-02-02 14:11 usr/doc/lighttpd-1.4.59/scripts/create-mime.conf.pl
-rwxr-xr-x root/root      1253 2021-02-02 14:11 usr/doc/lighttpd-1.4.59/scripts/rrdtool-graph.sh
-rwxr-xr-x root/root      1298 2021-02-02 14:11 usr/doc/lighttpd-1.4.59/scripts/spawn-php.sh
drwxr-xr-x root/root         0 2021-04-26 08:35 usr/lib64/
-rwxr-xr-x root/root     14416 2021-04-26 08:35 usr/lib64/mod_access.so
-rwxr-xr-x root/root     22840 2021-04-26 08:35 usr/lib64/mod_accesslog.so
-rwxr-xr-x root/root     22880 2021-04-26 08:35 usr/lib64/mod_ajp13.so
-rwxr-xr-x root/root     14464 2021-04-26 08:35 usr/lib64/mod_alias.so
-rwxr-xr-x root/root     35400 2021-04-26 08:35 usr/lib64/mod_auth.so
-rwxr-xr-x root/root     23008 2021-04-26 08:35 usr/lib64/mod_authn_file.so
-rwxr-xr-x root/root     22912 2021-04-26 08:35 usr/lib64/mod_authn_ldap.so
-rwxr-xr-x root/root     14656 2021-04-26 08:35 usr/lib64/mod_authn_mysql.so
-rwxr-xr-x root/root     22928 2021-04-26 08:35 usr/lib64/mod_cgi.so
-rwxr-xr-x root/root     23072 2021-04-26 08:35 usr/lib64/mod_cml.so
-rwxr-xr-x root/root     27104 2021-04-26 08:35 usr/lib64/mod_deflate.so
-rwxr-xr-x root/root     31080 2021-04-26 08:35 usr/lib64/mod_dirlisting.so
-rwxr-xr-x root/root     14416 2021-04-26 08:35 usr/lib64/mod_evasive.so
-rwxr-xr-x root/root     14504 2021-04-26 08:35 usr/lib64/mod_evhost.so
-rwxr-xr-x root/root     14528 2021-04-26 08:35 usr/lib64/mod_expire.so
-rwxr-xr-x root/root     26968 2021-04-26 08:35 usr/lib64/mod_extforward.so
-rwxr-xr-x root/root     22832 2021-04-26 08:35 usr/lib64/mod_fastcgi.so
-rwxr-xr-x root/root     14456 2021-04-26 08:35 usr/lib64/mod_flv_streaming.so
-rwxr-xr-x root/root     14496 2021-04-26 08:35 usr/lib64/mod_geoip.so
-rwxr-xr-x root/root     14464 2021-04-26 08:35 usr/lib64/mod_indexfile.so
-rwxr-xr-x root/root     31416 2021-04-26 08:35 usr/lib64/mod_magnet.so
-rwxr-xr-x root/root     14600 2021-04-26 08:35 usr/lib64/mod_mysql_vhost.so
-rwxr-xr-x root/root     57056 2021-04-26 08:35 usr/lib64/mod_openssl.so
-rwxr-xr-x root/root     27032 2021-04-26 08:35 usr/lib64/mod_proxy.so
-rwxr-xr-x root/root     14464 2021-04-26 08:35 usr/lib64/mod_redirect.so
-rwxr-xr-x root/root     14488 2021-04-26 08:35 usr/lib64/mod_rewrite.so
-rwxr-xr-x root/root     14528 2021-04-26 08:35 usr/lib64/mod_rrdtool.so
-rwxr-xr-x root/root     14560 2021-04-26 08:35 usr/lib64/mod_scgi.so
-rwxr-xr-x root/root     14536 2021-04-26 08:35 usr/lib64/mod_secdownload.so
-rwxr-xr-x root/root     14480 2021-04-26 08:35 usr/lib64/mod_setenv.so
-rwxr-xr-x root/root     14464 2021-04-26 08:35 usr/lib64/mod_simple_vhost.so
-rwxr-xr-x root/root     14480 2021-04-26 08:35 usr/lib64/mod_sockproxy.so
-rwxr-xr-x root/root     35384 2021-04-26 08:35 usr/lib64/mod_ssi.so
-rwxr-xr-x root/root     14416 2021-04-26 08:35 usr/lib64/mod_staticfile.so
-rwxr-xr-x root/root     26808 2021-04-26 08:35 usr/lib64/mod_status.so
-rwxr-xr-x root/root     18664 2021-04-26 08:35 usr/lib64/mod_trigger_b4_dl.so
-rwxr-xr-x root/root     14536 2021-04-26 08:35 usr/lib64/mod_uploadprogress.so
-rwxr-xr-x root/root     14488 2021-04-26 08:35 usr/lib64/mod_userdir.so
-rwxr-xr-x root/root     14512 2021-04-26 08:35 usr/lib64/mod_usertrack.so
-rwxr-xr-x root/root     14512 2021-04-26 08:35 usr/lib64/mod_vhostdb.so
-rwxr-xr-x root/root     18760 2021-04-26 08:35 usr/lib64/mod_vhostdb_ldap.so
-rwxr-xr-x root/root     14616 2021-04-26 08:35 usr/lib64/mod_vhostdb_mysql.so
-rwxr-xr-x root/root     39600 2021-04-26 08:35 usr/lib64/mod_webdav.so
-rwxr-xr-x root/root     35224 2021-04-26 08:35 usr/lib64/mod_wstunnel.so
drwxr-xr-x root/root         0 2021-04-26 08:35 usr/man/
drwxr-xr-x root/root         0 2021-04-26 08:35 usr/man/man8/
-rw-r--r-- root/root       471 2021-04-26 08:35 usr/man/man8/lighttpd-angel.8.gz
-rw-r--r-- root/root      1057 2021-04-26 08:35 usr/man/man8/lighttpd.8.gz
drwxr-xr-x root/root         0 2021-04-26 08:35 usr/sbin/
-rwxr-xr-x root/root    372312 2021-04-26 08:35 usr/sbin/lighttpd
-rwxr-xr-x root/root     14496 2021-04-26 08:35 usr/sbin/lighttpd-angel
drwxr-xr-x root/root         0 2021-04-26 08:35 var/
drwxr-xr-x root/root         0 2021-04-26 08:35 var/cache/
drwx------ lighttpd/lighttpd 0 2021-04-26 08:35 var/cache/lighttpd/
drwxr-xr-x root/root         0 2021-04-26 08:35 var/log/
drwx------ lighttpd/lighttpd 0 2021-04-26 08:35 var/log/lighttpd/
-rw-r--r-- lighttpd/lighttpd 0 2021-04-26 08:35 var/log/lighttpd/access.log.new
-rw-r--r-- lighttpd/lighttpd 0 2021-04-26 08:35 var/log/lighttpd/error.log.new


