++========================================
||
||   Package:  ./gdl/gdl-3.34.0-x86_64-1cf.txz
||
++========================================
drwxr-xr-x root/root         0 2020-05-02 13:16 ./
drwxr-xr-x root/root         0 2020-05-02 13:16 install/
-rw-r--r-- root/root       192 2020-05-02 13:16 install/doinst.sh
-rw-r--r-- root/root       737 2020-05-02 13:16 install/slack-desc
drwxr-xr-x root/root         0 2020-05-02 13:16 usr/
drwxr-xr-x root/root         0 2020-05-02 13:16 usr/doc/
drwxr-xr-x root/root         0 2020-05-02 13:16 usr/doc/gdl-3.34.0/
-rw-r--r-- root/root       150 2018-10-22 21:36 usr/doc/gdl-3.34.0/AUTHORS
-rw-r--r-- root/root     25383 2018-10-22 21:36 usr/doc/gdl-3.34.0/COPYING
-rw-r--r-- root/root     74736 2018-10-22 21:36 usr/doc/gdl-3.34.0/ChangeLog
-rw-r--r-- root/root     13835 2019-09-08 10:44 usr/doc/gdl-3.34.0/NEWS
-rw-r--r-- root/root       315 2018-10-22 21:36 usr/doc/gdl-3.34.0/README
-rw-r--r-- root/root      3746 2020-05-02 13:16 usr/doc/gdl-3.34.0/gdl.SlackBuild
drwxr-xr-x root/root         0 2020-05-02 13:16 usr/include/
drwxr-xr-x root/root         0 2020-05-02 13:16 usr/include/libgdl-3.0/
drwxr-xr-x root/root         0 2020-05-02 13:16 usr/include/libgdl-3.0/gdl/
-rw-r--r-- root/root      3304 2020-05-02 13:16 usr/include/libgdl-3.0/gdl/gdl-dock-bar.h
-rw-r--r-- root/root      2942 2020-05-02 13:16 usr/include/libgdl-3.0/gdl/gdl-dock-item-grip.h
-rw-r--r-- root/root     13612 2020-05-02 13:16 usr/include/libgdl-3.0/gdl/gdl-dock-item.h
-rw-r--r-- root/root      3910 2020-05-02 13:16 usr/include/libgdl-3.0/gdl/gdl-dock-layout.h
-rw-r--r-- root/root      4686 2020-05-02 13:16 usr/include/libgdl-3.0/gdl/gdl-dock-master.h
-rw-r--r-- root/root     14369 2020-05-02 13:16 usr/include/libgdl-3.0/gdl/gdl-dock-object.h
-rw-r--r-- root/root      2856 2020-05-02 13:16 usr/include/libgdl-3.0/gdl/gdl-dock-placeholder.h
-rw-r--r-- root/root      4506 2020-05-02 13:16 usr/include/libgdl-3.0/gdl/gdl-dock.h
-rw-r--r-- root/root      1205 2020-05-02 13:16 usr/include/libgdl-3.0/gdl/gdl.h
-rw-r--r-- root/root      1286 2020-05-02 13:16 usr/include/libgdl-3.0/gdl/libgdltypebuiltins.h
drwxr-xr-x root/root         0 2020-05-02 13:16 usr/lib64/
drwxr-xr-x root/root         0 2020-05-02 13:16 usr/lib64/girepository-1.0/
-rw-r--r-- root/root     24468 2020-05-02 13:16 usr/lib64/girepository-1.0/Gdl-3.typelib
-rwxr-xr-x root/root    210288 2020-05-02 13:16 usr/lib64/libgdl-3.so.5.0.9
drwxr-xr-x root/root         0 2020-05-02 13:16 usr/lib64/pkgconfig/
-rw-r--r-- root/root       280 2020-05-02 13:16 usr/lib64/pkgconfig/gdl-3.0.pc
drwxr-xr-x root/root         0 2020-05-02 13:16 usr/share/
drwxr-xr-x root/root         0 2020-05-02 13:16 usr/share/gir-1.0/
-rw-r--r-- root/root    268594 2020-05-02 13:16 usr/share/gir-1.0/Gdl-3.gir
drwxr-xr-x root/root         0 2020-05-02 13:16 usr/share/gtk-doc/
drwxr-xr-x root/root         0 2020-05-02 13:16 usr/share/gtk-doc/html/
drwxr-xr-x root/root         0 2020-05-02 13:16 usr/share/gtk-doc/html/gdl-3.0/
-rw-r--r-- root/root     41432 2020-05-02 13:16 usr/share/gtk-doc/html/gdl-3.0/GdlDock.html
-rw-r--r-- root/root     20368 2020-05-02 13:16 usr/share/gtk-doc/html/gdl-3.0/GdlDockBar.html
-rw-r--r-- root/root     91763 2020-05-02 13:16 usr/share/gtk-doc/html/gdl-3.0/GdlDockItem.html
-rw-r--r-- root/root      8600 2020-05-02 13:16 usr/share/gtk-doc/html/gdl-3.0/GdlDockItemButtonImage.html
-rw-r--r-- root/root     12589 2020-05-02 13:16 usr/share/gtk-doc/html/gdl-3.0/GdlDockItemGrip.html
-rw-r--r-- root/root     28489 2020-05-02 13:16 usr/share/gtk-doc/html/gdl-3.0/GdlDockLayout.html
-rw-r--r-- root/root     32794 2020-05-02 13:16 usr/share/gtk-doc/html/gdl-3.0/GdlDockMaster.html
-rw-r--r-- root/root      9880 2020-05-02 13:16 usr/share/gtk-doc/html/gdl-3.0/GdlDockNotebook.html
-rw-r--r-- root/root     78007 2020-05-02 13:16 usr/share/gtk-doc/html/gdl-3.0/GdlDockObject.html
-rw-r--r-- root/root     10179 2020-05-02 13:16 usr/share/gtk-doc/html/gdl-3.0/GdlDockPaned.html
-rw-r--r-- root/root     18955 2020-05-02 13:16 usr/share/gtk-doc/html/gdl-3.0/GdlDockPlaceholder.html
-rw-r--r-- root/root     15214 2020-05-02 13:16 usr/share/gtk-doc/html/gdl-3.0/GdlDockTablabel.html
-rw-r--r-- root/root      8725 2020-05-02 13:16 usr/share/gtk-doc/html/gdl-3.0/GdlPreviewWindow.html
-rw-r--r-- root/root     15492 2020-05-02 13:16 usr/share/gtk-doc/html/gdl-3.0/GdlSwitcher.html
-rw-r--r-- root/root      4720 2020-05-02 13:16 usr/share/gtk-doc/html/gdl-3.0/annotation-glossary.html
-rw-r--r-- root/root     49209 2020-05-02 13:16 usr/share/gtk-doc/html/gdl-3.0/api-index-full.html
-rw-r--r-- root/root      4375 2020-05-02 13:16 usr/share/gtk-doc/html/gdl-3.0/api.html
-rw-r--r-- root/root      2151 2020-05-02 13:16 usr/share/gtk-doc/html/gdl-3.0/core.html
-rw-r--r-- root/root      2043 2020-05-02 13:16 usr/share/gtk-doc/html/gdl-3.0/deprecated.html
-rw-r--r-- root/root     30629 2020-05-02 13:16 usr/share/gtk-doc/html/gdl-3.0/gdl-3.0.devhelp2
-rw-r--r-- root/root       256 2020-05-02 13:16 usr/share/gtk-doc/html/gdl-3.0/home.png
-rw-r--r-- root/root      4244 2020-05-02 13:16 usr/share/gtk-doc/html/gdl-3.0/index.html
-rw-r--r-- root/root       395 2020-05-02 13:16 usr/share/gtk-doc/html/gdl-3.0/left-insensitive.png
-rw-r--r-- root/root       262 2020-05-02 13:16 usr/share/gtk-doc/html/gdl-3.0/left.png
-rw-r--r-- root/root      2365 2020-05-02 13:16 usr/share/gtk-doc/html/gdl-3.0/private.html
-rw-r--r-- root/root       373 2020-05-02 13:16 usr/share/gtk-doc/html/gdl-3.0/right-insensitive.png
-rw-r--r-- root/root       261 2020-05-02 13:16 usr/share/gtk-doc/html/gdl-3.0/right.png
-rw-r--r-- root/root      8852 2020-05-02 13:16 usr/share/gtk-doc/html/gdl-3.0/style.css
-rw-r--r-- root/root       374 2020-05-02 13:16 usr/share/gtk-doc/html/gdl-3.0/up-insensitive.png
-rw-r--r-- root/root       260 2020-05-02 13:16 usr/share/gtk-doc/html/gdl-3.0/up.png
-rw-r--r-- root/root      2454 2020-05-02 13:16 usr/share/gtk-doc/html/gdl-3.0/widget.html
drwxr-xr-x root/root         0 2020-05-02 13:16 usr/share/locale/
drwxr-xr-x root/root         0 2020-05-02 13:16 usr/share/locale/am/
drwxr-xr-x root/root         0 2020-05-02 13:16 usr/share/locale/am/LC_MESSAGES/
-rw-r--r-- root/root      1901 2020-05-02 13:16 usr/share/locale/am/LC_MESSAGES/gdl-3.mo
drwxr-xr-x root/root         0 2020-05-02 13:16 usr/share/locale/ar/
drwxr-xr-x root/root         0 2020-05-02 13:16 usr/share/locale/ar/LC_MESSAGES/
-rw-r--r-- root/root     11066 2020-05-02 13:16 usr/share/locale/ar/LC_MESSAGES/gdl-3.mo
drwxr-xr-x root/root         0 2020-05-02 13:16 usr/share/locale/as/
drwxr-xr-x root/root         0 2020-05-02 13:16 usr/share/locale/as/LC_MESSAGES/
-rw-r--r-- root/root     13637 2020-05-02 13:16 usr/share/locale/as/LC_MESSAGES/gdl-3.mo
drwxr-xr-x root/root         0 2020-05-02 13:16 usr/share/locale/ast/
drwxr-xr-x root/root         0 2020-05-02 13:16 usr/share/locale/ast/LC_MESSAGES/
-rw-r--r-- root/root     10043 2020-05-02 13:16 usr/share/locale/ast/LC_MESSAGES/gdl-3.mo
drwxr-xr-x root/root         0 2020-05-02 13:16 usr/share/locale/az/
drwxr-xr-x root/root         0 2020-05-02 13:16 usr/share/locale/az/LC_MESSAGES/
-rw-r--r-- root/root     11764 2020-05-02 13:16 usr/share/locale/az/LC_MESSAGES/gdl-3.mo
drwxr-xr-x root/root         0 2020-05-02 13:16 usr/share/locale/be/
drwxr-xr-x root/root         0 2020-05-02 13:16 usr/share/locale/be/LC_MESSAGES/
-rw-r--r-- root/root     12329 2020-05-02 13:16 usr/share/locale/be/LC_MESSAGES/gdl-3.mo
drwxr-xr-x root/root         0 2020-05-02 13:16 usr/share/locale/bg/
drwxr-xr-x root/root         0 2020-05-02 13:16 usr/share/locale/bg/LC_MESSAGES/
-rw-r--r-- root/root     12424 2020-05-02 13:16 usr/share/locale/bg/LC_MESSAGES/gdl-3.mo
drwxr-xr-x root/root         0 2020-05-02 13:16 usr/share/locale/bn/
drwxr-xr-x root/root         0 2020-05-02 13:16 usr/share/locale/bn/LC_MESSAGES/
-rw-r--r-- root/root     14558 2020-05-02 13:16 usr/share/locale/bn/LC_MESSAGES/gdl-3.mo
drwxr-xr-x root/root         0 2020-05-02 13:16 usr/share/locale/bs/
drwxr-xr-x root/root         0 2020-05-02 13:16 usr/share/locale/bs/LC_MESSAGES/
-rw-r--r-- root/root     10579 2020-05-02 13:16 usr/share/locale/bs/LC_MESSAGES/gdl-3.mo
drwxr-xr-x root/root         0 2020-05-02 13:16 usr/share/locale/ca/
drwxr-xr-x root/root         0 2020-05-02 13:16 usr/share/locale/ca/LC_MESSAGES/
-rw-r--r-- root/root     10415 2020-05-02 13:16 usr/share/locale/ca/LC_MESSAGES/gdl-3.mo
drwxr-xr-x root/root         0 2020-05-02 13:16 usr/share/locale/ca@valencia/
drwxr-xr-x root/root         0 2020-05-02 13:16 usr/share/locale/ca@valencia/LC_MESSAGES/
-rw-r--r-- root/root     10313 2020-05-02 13:16 usr/share/locale/ca@valencia/LC_MESSAGES/gdl-3.mo
drwxr-xr-x root/root         0 2020-05-02 13:16 usr/share/locale/cs/
drwxr-xr-x root/root         0 2020-05-02 13:16 usr/share/locale/cs/LC_MESSAGES/
-rw-r--r-- root/root     10469 2020-05-02 13:16 usr/share/locale/cs/LC_MESSAGES/gdl-3.mo
drwxr-xr-x root/root         0 2020-05-02 13:16 usr/share/locale/da/
drwxr-xr-x root/root         0 2020-05-02 13:16 usr/share/locale/da/LC_MESSAGES/
-rw-r--r-- root/root     10068 2020-05-02 13:16 usr/share/locale/da/LC_MESSAGES/gdl-3.mo
drwxr-xr-x root/root         0 2020-05-02 13:16 usr/share/locale/de/
drwxr-xr-x root/root         0 2020-05-02 13:16 usr/share/locale/de/LC_MESSAGES/
-rw-r--r-- root/root     10736 2020-05-02 13:16 usr/share/locale/de/LC_MESSAGES/gdl-3.mo
drwxr-xr-x root/root         0 2020-05-02 13:16 usr/share/locale/dz/
drwxr-xr-x root/root         0 2020-05-02 13:16 usr/share/locale/dz/LC_MESSAGES/
-rw-r--r-- root/root     18919 2020-05-02 13:16 usr/share/locale/dz/LC_MESSAGES/gdl-3.mo
drwxr-xr-x root/root         0 2020-05-02 13:16 usr/share/locale/el/
drwxr-xr-x root/root         0 2020-05-02 13:16 usr/share/locale/el/LC_MESSAGES/
-rw-r--r-- root/root     15479 2020-05-02 13:16 usr/share/locale/el/LC_MESSAGES/gdl-3.mo
drwxr-xr-x root/root         0 2020-05-02 13:16 usr/share/locale/en@shaw/
drwxr-xr-x root/root         0 2020-05-02 13:16 usr/share/locale/en@shaw/LC_MESSAGES/
-rw-r--r-- root/root     10299 2020-05-02 13:16 usr/share/locale/en@shaw/LC_MESSAGES/gdl-3.mo
drwxr-xr-x root/root         0 2020-05-02 13:16 usr/share/locale/en_CA/
drwxr-xr-x root/root         0 2020-05-02 13:16 usr/share/locale/en_CA/LC_MESSAGES/
-rw-r--r-- root/root     11297 2020-05-02 13:16 usr/share/locale/en_CA/LC_MESSAGES/gdl-3.mo
drwxr-xr-x root/root         0 2020-05-02 13:16 usr/share/locale/en_GB/
drwxr-xr-x root/root         0 2020-05-02 13:16 usr/share/locale/en_GB/LC_MESSAGES/
-rw-r--r-- root/root      9694 2020-05-02 13:16 usr/share/locale/en_GB/LC_MESSAGES/gdl-3.mo
drwxr-xr-x root/root         0 2020-05-02 13:16 usr/share/locale/eo/
drwxr-xr-x root/root         0 2020-05-02 13:16 usr/share/locale/eo/LC_MESSAGES/
-rw-r--r-- root/root      8004 2020-05-02 13:16 usr/share/locale/eo/LC_MESSAGES/gdl-3.mo
drwxr-xr-x root/root         0 2020-05-02 13:16 usr/share/locale/es/
drwxr-xr-x root/root         0 2020-05-02 13:16 usr/share/locale/es/LC_MESSAGES/
-rw-r--r-- root/root     11045 2020-05-02 13:16 usr/share/locale/es/LC_MESSAGES/gdl-3.mo
drwxr-xr-x root/root         0 2020-05-02 13:16 usr/share/locale/et/
drwxr-xr-x root/root         0 2020-05-02 13:16 usr/share/locale/et/LC_MESSAGES/
-rw-r--r-- root/root      3769 2020-05-02 13:16 usr/share/locale/et/LC_MESSAGES/gdl-3.mo
drwxr-xr-x root/root         0 2020-05-02 13:16 usr/share/locale/eu/
drwxr-xr-x root/root         0 2020-05-02 13:16 usr/share/locale/eu/LC_MESSAGES/
-rw-r--r-- root/root     10764 2020-05-02 13:16 usr/share/locale/eu/LC_MESSAGES/gdl-3.mo
drwxr-xr-x root/root         0 2020-05-02 13:16 usr/share/locale/fi/
drwxr-xr-x root/root         0 2020-05-02 13:16 usr/share/locale/fi/LC_MESSAGES/
-rw-r--r-- root/root      9753 2020-05-02 13:16 usr/share/locale/fi/LC_MESSAGES/gdl-3.mo
drwxr-xr-x root/root         0 2020-05-02 13:16 usr/share/locale/fr/
drwxr-xr-x root/root         0 2020-05-02 13:16 usr/share/locale/fr/LC_MESSAGES/
-rw-r--r-- root/root     11247 2020-05-02 13:16 usr/share/locale/fr/LC_MESSAGES/gdl-3.mo
drwxr-xr-x root/root         0 2020-05-02 13:16 usr/share/locale/fur/
drwxr-xr-x root/root         0 2020-05-02 13:16 usr/share/locale/fur/LC_MESSAGES/
-rw-r--r-- root/root     10725 2020-05-02 13:16 usr/share/locale/fur/LC_MESSAGES/gdl-3.mo
drwxr-xr-x root/root         0 2020-05-02 13:16 usr/share/locale/ga/
drwxr-xr-x root/root         0 2020-05-02 13:16 usr/share/locale/ga/LC_MESSAGES/
-rw-r--r-- root/root      1614 2020-05-02 13:16 usr/share/locale/ga/LC_MESSAGES/gdl-3.mo
drwxr-xr-x root/root         0 2020-05-02 13:16 usr/share/locale/gl/
drwxr-xr-x root/root         0 2020-05-02 13:16 usr/share/locale/gl/LC_MESSAGES/
-rw-r--r-- root/root     10744 2020-05-02 13:16 usr/share/locale/gl/LC_MESSAGES/gdl-3.mo
drwxr-xr-x root/root         0 2020-05-02 13:16 usr/share/locale/gu/
drwxr-xr-x root/root         0 2020-05-02 13:16 usr/share/locale/gu/LC_MESSAGES/
-rw-r--r-- root/root      6974 2020-05-02 13:16 usr/share/locale/gu/LC_MESSAGES/gdl-3.mo
drwxr-xr-x root/root         0 2020-05-02 13:16 usr/share/locale/he/
drwxr-xr-x root/root         0 2020-05-02 13:16 usr/share/locale/he/LC_MESSAGES/
-rw-r--r-- root/root      8896 2020-05-02 13:16 usr/share/locale/he/LC_MESSAGES/gdl-3.mo
drwxr-xr-x root/root         0 2020-05-02 13:16 usr/share/locale/hi/
drwxr-xr-x root/root         0 2020-05-02 13:16 usr/share/locale/hi/LC_MESSAGES/
-rw-r--r-- root/root      4790 2020-05-02 13:16 usr/share/locale/hi/LC_MESSAGES/gdl-3.mo
drwxr-xr-x root/root         0 2020-05-02 13:16 usr/share/locale/hr/
drwxr-xr-x root/root         0 2020-05-02 13:16 usr/share/locale/hr/LC_MESSAGES/
-rw-r--r-- root/root      8753 2020-05-02 13:16 usr/share/locale/hr/LC_MESSAGES/gdl-3.mo
drwxr-xr-x root/root         0 2020-05-02 13:16 usr/share/locale/hu/
drwxr-xr-x root/root         0 2020-05-02 13:16 usr/share/locale/hu/LC_MESSAGES/
-rw-r--r-- root/root     10638 2020-05-02 13:16 usr/share/locale/hu/LC_MESSAGES/gdl-3.mo
drwxr-xr-x root/root         0 2020-05-02 13:16 usr/share/locale/hy/
drwxr-xr-x root/root         0 2020-05-02 13:16 usr/share/locale/hy/LC_MESSAGES/
-rw-r--r-- root/root     12681 2020-05-02 13:16 usr/share/locale/hy/LC_MESSAGES/gdl-3.mo
drwxr-xr-x root/root         0 2020-05-02 13:16 usr/share/locale/id/
drwxr-xr-x root/root         0 2020-05-02 13:16 usr/share/locale/id/LC_MESSAGES/
-rw-r--r-- root/root     10297 2020-05-02 13:16 usr/share/locale/id/LC_MESSAGES/gdl-3.mo
drwxr-xr-x root/root         0 2020-05-02 13:16 usr/share/locale/it/
drwxr-xr-x root/root         0 2020-05-02 13:16 usr/share/locale/it/LC_MESSAGES/
-rw-r--r-- root/root     10804 2020-05-02 13:16 usr/share/locale/it/LC_MESSAGES/gdl-3.mo
drwxr-xr-x root/root         0 2020-05-02 13:16 usr/share/locale/ja/
drwxr-xr-x root/root         0 2020-05-02 13:16 usr/share/locale/ja/LC_MESSAGES/
-rw-r--r-- root/root     11269 2020-05-02 13:16 usr/share/locale/ja/LC_MESSAGES/gdl-3.mo
drwxr-xr-x root/root         0 2020-05-02 13:16 usr/share/locale/km/
drwxr-xr-x root/root         0 2020-05-02 13:16 usr/share/locale/km/LC_MESSAGES/
-rw-r--r-- root/root     16393 2020-05-02 13:16 usr/share/locale/km/LC_MESSAGES/gdl-3.mo
drwxr-xr-x root/root         0 2020-05-02 13:16 usr/share/locale/ko/
drwxr-xr-x root/root         0 2020-05-02 13:16 usr/share/locale/ko/LC_MESSAGES/
-rw-r--r-- root/root     10182 2020-05-02 13:16 usr/share/locale/ko/LC_MESSAGES/gdl-3.mo
drwxr-xr-x root/root         0 2020-05-02 13:16 usr/share/locale/lt/
drwxr-xr-x root/root         0 2020-05-02 13:16 usr/share/locale/lt/LC_MESSAGES/
-rw-r--r-- root/root     10658 2020-05-02 13:16 usr/share/locale/lt/LC_MESSAGES/gdl-3.mo
drwxr-xr-x root/root         0 2020-05-02 13:16 usr/share/locale/lv/
drwxr-xr-x root/root         0 2020-05-02 13:16 usr/share/locale/lv/LC_MESSAGES/
-rw-r--r-- root/root     10398 2020-05-02 13:16 usr/share/locale/lv/LC_MESSAGES/gdl-3.mo
drwxr-xr-x root/root         0 2020-05-02 13:16 usr/share/locale/mai/
drwxr-xr-x root/root         0 2020-05-02 13:16 usr/share/locale/mai/LC_MESSAGES/
-rw-r--r-- root/root      1563 2020-05-02 13:16 usr/share/locale/mai/LC_MESSAGES/gdl-3.mo
drwxr-xr-x root/root         0 2020-05-02 13:16 usr/share/locale/mk/
drwxr-xr-x root/root         0 2020-05-02 13:16 usr/share/locale/mk/LC_MESSAGES/
-rw-r--r-- root/root     13259 2020-05-02 13:16 usr/share/locale/mk/LC_MESSAGES/gdl-3.mo
drwxr-xr-x root/root         0 2020-05-02 13:16 usr/share/locale/ml/
drwxr-xr-x root/root         0 2020-05-02 13:16 usr/share/locale/ml/LC_MESSAGES/
-rw-r--r-- root/root      2136 2020-05-02 13:16 usr/share/locale/ml/LC_MESSAGES/gdl-3.mo
drwxr-xr-x root/root         0 2020-05-02 13:16 usr/share/locale/mr/
drwxr-xr-x root/root         0 2020-05-02 13:16 usr/share/locale/mr/LC_MESSAGES/
-rw-r--r-- root/root     14545 2020-05-02 13:16 usr/share/locale/mr/LC_MESSAGES/gdl-3.mo
drwxr-xr-x root/root         0 2020-05-02 13:16 usr/share/locale/nb/
drwxr-xr-x root/root         0 2020-05-02 13:16 usr/share/locale/nb/LC_MESSAGES/
-rw-r--r-- root/root      9890 2020-05-02 13:16 usr/share/locale/nb/LC_MESSAGES/gdl-3.mo
drwxr-xr-x root/root         0 2020-05-02 13:16 usr/share/locale/ne/
drwxr-xr-x root/root         0 2020-05-02 13:16 usr/share/locale/ne/LC_MESSAGES/
-rw-r--r-- root/root     15291 2020-05-02 13:16 usr/share/locale/ne/LC_MESSAGES/gdl-3.mo
drwxr-xr-x root/root         0 2020-05-02 13:16 usr/share/locale/nl/
drwxr-xr-x root/root         0 2020-05-02 13:16 usr/share/locale/nl/LC_MESSAGES/
-rw-r--r-- root/root     10372 2020-05-02 13:16 usr/share/locale/nl/LC_MESSAGES/gdl-3.mo
drwxr-xr-x root/root         0 2020-05-02 13:16 usr/share/locale/oc/
drwxr-xr-x root/root         0 2020-05-02 13:16 usr/share/locale/oc/LC_MESSAGES/
-rw-r--r-- root/root     10403 2020-05-02 13:16 usr/share/locale/oc/LC_MESSAGES/gdl-3.mo
drwxr-xr-x root/root         0 2020-05-02 13:16 usr/share/locale/or/
drwxr-xr-x root/root         0 2020-05-02 13:16 usr/share/locale/or/LC_MESSAGES/
-rw-r--r-- root/root      6778 2020-05-02 13:16 usr/share/locale/or/LC_MESSAGES/gdl-3.mo
drwxr-xr-x root/root         0 2020-05-02 13:16 usr/share/locale/pa/
drwxr-xr-x root/root         0 2020-05-02 13:16 usr/share/locale/pa/LC_MESSAGES/
-rw-r--r-- root/root      5808 2020-05-02 13:16 usr/share/locale/pa/LC_MESSAGES/gdl-3.mo
drwxr-xr-x root/root         0 2020-05-02 13:16 usr/share/locale/pl/
drwxr-xr-x root/root         0 2020-05-02 13:16 usr/share/locale/pl/LC_MESSAGES/
-rw-r--r-- root/root     10785 2020-05-02 13:16 usr/share/locale/pl/LC_MESSAGES/gdl-3.mo
drwxr-xr-x root/root         0 2020-05-02 13:16 usr/share/locale/ps/
drwxr-xr-x root/root         0 2020-05-02 13:16 usr/share/locale/ps/LC_MESSAGES/
-rw-r--r-- root/root      1875 2020-05-02 13:16 usr/share/locale/ps/LC_MESSAGES/gdl-3.mo
drwxr-xr-x root/root         0 2020-05-02 13:16 usr/share/locale/pt/
drwxr-xr-x root/root         0 2020-05-02 13:16 usr/share/locale/pt/LC_MESSAGES/
-rw-r--r-- root/root     10600 2020-05-02 13:16 usr/share/locale/pt/LC_MESSAGES/gdl-3.mo
drwxr-xr-x root/root         0 2020-05-02 13:16 usr/share/locale/pt_BR/
drwxr-xr-x root/root         0 2020-05-02 13:16 usr/share/locale/pt_BR/LC_MESSAGES/
-rw-r--r-- root/root     10765 2020-05-02 13:16 usr/share/locale/pt_BR/LC_MESSAGES/gdl-3.mo
drwxr-xr-x root/root         0 2020-05-02 13:16 usr/share/locale/ro/
drwxr-xr-x root/root         0 2020-05-02 13:16 usr/share/locale/ro/LC_MESSAGES/
-rw-r--r-- root/root     10983 2020-05-02 13:16 usr/share/locale/ro/LC_MESSAGES/gdl-3.mo
drwxr-xr-x root/root         0 2020-05-02 13:16 usr/share/locale/ru/
drwxr-xr-x root/root         0 2020-05-02 13:16 usr/share/locale/ru/LC_MESSAGES/
-rw-r--r-- root/root     13884 2020-05-02 13:16 usr/share/locale/ru/LC_MESSAGES/gdl-3.mo
drwxr-xr-x root/root         0 2020-05-02 13:16 usr/share/locale/rw/
drwxr-xr-x root/root         0 2020-05-02 13:16 usr/share/locale/rw/LC_MESSAGES/
-rw-r--r-- root/root      1161 2020-05-02 13:16 usr/share/locale/rw/LC_MESSAGES/gdl-3.mo
drwxr-xr-x root/root         0 2020-05-02 13:16 usr/share/locale/si/
drwxr-xr-x root/root         0 2020-05-02 13:16 usr/share/locale/si/LC_MESSAGES/
-rw-r--r-- root/root      5040 2020-05-02 13:16 usr/share/locale/si/LC_MESSAGES/gdl-3.mo
drwxr-xr-x root/root         0 2020-05-02 13:16 usr/share/locale/sk/
drwxr-xr-x root/root         0 2020-05-02 13:16 usr/share/locale/sk/LC_MESSAGES/
-rw-r--r-- root/root      5339 2020-05-02 13:16 usr/share/locale/sk/LC_MESSAGES/gdl-3.mo
drwxr-xr-x root/root         0 2020-05-02 13:16 usr/share/locale/sl/
drwxr-xr-x root/root         0 2020-05-02 13:16 usr/share/locale/sl/LC_MESSAGES/
-rw-r--r-- root/root     10405 2020-05-02 13:16 usr/share/locale/sl/LC_MESSAGES/gdl-3.mo
drwxr-xr-x root/root         0 2020-05-02 13:16 usr/share/locale/sq/
drwxr-xr-x root/root         0 2020-05-02 13:16 usr/share/locale/sq/LC_MESSAGES/
-rw-r--r-- root/root     10233 2020-05-02 13:16 usr/share/locale/sq/LC_MESSAGES/gdl-3.mo
drwxr-xr-x root/root         0 2020-05-02 13:16 usr/share/locale/sr/
drwxr-xr-x root/root         0 2020-05-02 13:16 usr/share/locale/sr/LC_MESSAGES/
-rw-r--r-- root/root     13570 2020-05-02 13:16 usr/share/locale/sr/LC_MESSAGES/gdl-3.mo
drwxr-xr-x root/root         0 2020-05-02 13:16 usr/share/locale/sr@latin/
drwxr-xr-x root/root         0 2020-05-02 13:16 usr/share/locale/sr@latin/LC_MESSAGES/
-rw-r--r-- root/root     10528 2020-05-02 13:16 usr/share/locale/sr@latin/LC_MESSAGES/gdl-3.mo
drwxr-xr-x root/root         0 2020-05-02 13:16 usr/share/locale/sv/
drwxr-xr-x root/root         0 2020-05-02 13:16 usr/share/locale/sv/LC_MESSAGES/
-rw-r--r-- root/root     10340 2020-05-02 13:16 usr/share/locale/sv/LC_MESSAGES/gdl-3.mo
drwxr-xr-x root/root         0 2020-05-02 13:16 usr/share/locale/te/
drwxr-xr-x root/root         0 2020-05-02 13:16 usr/share/locale/te/LC_MESSAGES/
-rw-r--r-- root/root     14666 2020-05-02 13:16 usr/share/locale/te/LC_MESSAGES/gdl-3.mo
drwxr-xr-x root/root         0 2020-05-02 13:16 usr/share/locale/tg/
drwxr-xr-x root/root         0 2020-05-02 13:16 usr/share/locale/tg/LC_MESSAGES/
-rw-r--r-- root/root      1412 2020-05-02 13:16 usr/share/locale/tg/LC_MESSAGES/gdl-3.mo
drwxr-xr-x root/root         0 2020-05-02 13:16 usr/share/locale/th/
drwxr-xr-x root/root         0 2020-05-02 13:16 usr/share/locale/th/LC_MESSAGES/
-rw-r--r-- root/root     14220 2020-05-02 13:16 usr/share/locale/th/LC_MESSAGES/gdl-3.mo
drwxr-xr-x root/root         0 2020-05-02 13:16 usr/share/locale/tr/
drwxr-xr-x root/root         0 2020-05-02 13:16 usr/share/locale/tr/LC_MESSAGES/
-rw-r--r-- root/root     10698 2020-05-02 13:16 usr/share/locale/tr/LC_MESSAGES/gdl-3.mo
drwxr-xr-x root/root         0 2020-05-02 13:16 usr/share/locale/ug/
drwxr-xr-x root/root         0 2020-05-02 13:16 usr/share/locale/ug/LC_MESSAGES/
-rw-r--r-- root/root     12908 2020-05-02 13:16 usr/share/locale/ug/LC_MESSAGES/gdl-3.mo
drwxr-xr-x root/root         0 2020-05-02 13:16 usr/share/locale/uk/
drwxr-xr-x root/root         0 2020-05-02 13:16 usr/share/locale/uk/LC_MESSAGES/
-rw-r--r-- root/root     12122 2020-05-02 13:16 usr/share/locale/uk/LC_MESSAGES/gdl-3.mo
drwxr-xr-x root/root         0 2020-05-02 13:16 usr/share/locale/vi/
drwxr-xr-x root/root         0 2020-05-02 13:16 usr/share/locale/vi/LC_MESSAGES/
-rw-r--r-- root/root     10621 2020-05-02 13:16 usr/share/locale/vi/LC_MESSAGES/gdl-3.mo
drwxr-xr-x root/root         0 2020-05-02 13:16 usr/share/locale/zh_CN/
drwxr-xr-x root/root         0 2020-05-02 13:16 usr/share/locale/zh_CN/LC_MESSAGES/
-rw-r--r-- root/root      9608 2020-05-02 13:16 usr/share/locale/zh_CN/LC_MESSAGES/gdl-3.mo
drwxr-xr-x root/root         0 2020-05-02 13:16 usr/share/locale/zh_HK/
drwxr-xr-x root/root         0 2020-05-02 13:16 usr/share/locale/zh_HK/LC_MESSAGES/
-rw-r--r-- root/root      8841 2020-05-02 13:16 usr/share/locale/zh_HK/LC_MESSAGES/gdl-3.mo
drwxr-xr-x root/root         0 2020-05-02 13:16 usr/share/locale/zh_TW/
drwxr-xr-x root/root         0 2020-05-02 13:16 usr/share/locale/zh_TW/LC_MESSAGES/
-rw-r--r-- root/root      8838 2020-05-02 13:16 usr/share/locale/zh_TW/LC_MESSAGES/gdl-3.mo


