++========================================
||
||   Package:  ./dav1d/dav1d-1.0.0-x86_64-1cf.txz
||
++========================================
drwxr-xr-x root/root         0 2022-04-13 19:20 ./
drwxr-xr-x root/root         0 2022-04-13 19:20 install/
-rw-r--r-- root/root       188 2022-04-13 19:20 install/doinst.sh
-rw-r--r-- root/root       683 2022-04-13 19:20 install/slack-desc
drwxr-xr-x root/root         0 2022-04-13 19:20 usr/
drwxr-xr-x root/root         0 2022-04-13 19:20 usr/bin/
-rwxr-xr-x root/root     51696 2022-04-13 19:20 usr/bin/dav1d
drwxr-xr-x root/root         0 2022-04-13 19:20 usr/doc/
drwxr-xr-x root/root         0 2022-04-13 19:20 usr/doc/dav1d-1.0.0/
-rw-r--r-- root/root      2094 2022-03-18 15:31 usr/doc/dav1d-1.0.0/CONTRIBUTING.md
-rw-r--r-- root/root      1317 2022-03-18 15:31 usr/doc/dav1d-1.0.0/COPYING
-rw-r--r-- root/root     10798 2022-03-18 15:31 usr/doc/dav1d-1.0.0/NEWS
-rw-r--r-- root/root      5856 2022-03-18 15:31 usr/doc/dav1d-1.0.0/README.md
-rw-r--r-- root/root      1430 2022-03-18 15:31 usr/doc/dav1d-1.0.0/THANKS.md
-rw-r--r-- root/root      4460 2022-04-13 19:20 usr/doc/dav1d-1.0.0/dav1d.SlackBuild
drwxr-xr-x root/root         0 2022-04-13 19:20 usr/include/
drwxr-xr-x root/root         0 2022-04-13 19:20 usr/include/dav1d/
-rw-r--r-- root/root      3172 2022-03-18 15:31 usr/include/dav1d/common.h
-rw-r--r-- root/root      4402 2022-03-18 15:31 usr/include/dav1d/data.h
-rw-r--r-- root/root     11172 2022-03-18 15:31 usr/include/dav1d/dav1d.h
-rw-r--r-- root/root     13787 2022-03-18 15:31 usr/include/dav1d/headers.h
-rw-r--r-- root/root      5821 2022-03-18 15:31 usr/include/dav1d/picture.h
-rw-r--r-- root/root      1566 2022-04-13 19:19 usr/include/dav1d/version.h
drwxr-xr-x root/root         0 2022-04-13 19:20 usr/lib64/
-rwxr-xr-x root/root   1583312 2022-04-13 19:20 usr/lib64/libdav1d.so.6.6.0
drwxr-xr-x root/root         0 2022-04-13 19:20 usr/lib64/pkgconfig/
-rw-r--r-- root/root       207 2022-04-13 19:19 usr/lib64/pkgconfig/dav1d.pc


