++========================================
||
||   Package:  ./termbox/termbox-1.1.2-x86_64-7cf.txz
||
++========================================
drwxr-xr-x root/root         0 2021-11-05 10:21 ./
drwxr-xr-x root/root         0 2021-11-05 10:21 install/
-rw-r--r-- root/root       204 2021-11-05 10:21 install/doinst.sh
-rw-r--r-- root/root       736 2021-11-05 10:21 install/slack-desc
drwxr-xr-x root/root         0 2021-11-05 10:21 usr/
drwxr-xr-x root/root         0 2021-11-05 10:21 usr/doc/
drwxr-xr-x root/root         0 2021-11-05 10:21 usr/doc/termbox-1.1.2/
-rw-r--r-- root/root      1078 2018-03-18 13:17 usr/doc/termbox-1.1.2/COPYING
-rw-r--r-- root/root      5508 2018-03-18 13:17 usr/doc/termbox-1.1.2/README.md
-rw-r--r-- root/root      3571 2021-11-05 10:21 usr/doc/termbox-1.1.2/termbox.SlackBuild
drwxr-xr-x root/root         0 2021-11-05 10:21 usr/include/
-rw-r--r-- root/root     11831 2018-03-18 13:17 usr/include/termbox.h
drwxr-xr-x root/root         0 2021-11-05 10:21 usr/lib64/
-rwxr-xr-x root/root     41176 2021-11-05 10:21 usr/lib64/libtermbox.so.1.0.0
drwxr-xr-x root/root         0 2021-11-05 10:21 usr/lib64/python3.9/
drwxr-xr-x root/root         0 2021-11-05 10:21 usr/lib64/python3.9/site-packages/
-rw-r--r-- root/root       248 2021-11-05 10:21 usr/lib64/python3.9/site-packages/termbox-1.0.1a1-py3.9.egg-info
-rwxr-xr-x root/root    108952 2021-11-05 10:21 usr/lib64/python3.9/site-packages/termbox.cpython-39-x86_64-linux-gnu.so


