++========================================
||
||   Package:  ./unix-privesc-check/unix-privesc-check-2.1_git4239100-x86_64-6cf.txz
||
++========================================
drwxr-xr-x root/root         0 2020-10-05 13:17 ./
drwxr-xr-x root/root         0 2020-10-05 13:17 install/
-rw-r--r-- root/root     13364 2020-10-05 13:17 install/doinst.sh
-rw-r--r-- root/root      1006 2020-10-05 13:17 install/slack-desc
drwxr-xr-x root/root         0 2020-10-05 13:17 usr/
drwxr-xr-x root/root         0 2020-10-05 13:17 usr/bin/
-rwxr-xr-x root/root        56 2020-10-05 13:17 usr/bin/unix-privesc-check
drwxr-xr-x root/root         0 2020-10-05 13:17 usr/doc/
drwxr-xr-x root/root         0 2020-10-05 13:17 usr/doc/unix-privesc-check-2.1_git4239100/
-rw-r--r-- root/root       136 2015-09-19 00:43 usr/doc/unix-privesc-check-2.1_git4239100/AUTHORS
-rw-r--r-- root/root     17987 2015-09-19 00:43 usr/doc/unix-privesc-check-2.1_git4239100/COPYING.GPL
-rw-r--r-- root/root       338 2015-09-19 00:43 usr/doc/unix-privesc-check-2.1_git4239100/COPYING.UNIX-PRIVESC-CHECK
-rw-r--r-- root/root     17378 2015-09-19 00:43 usr/doc/unix-privesc-check-2.1_git4239100/ChangeLog
-rw-r--r-- root/root      1270 2015-09-19 00:43 usr/doc/unix-privesc-check-2.1_git4239100/HACKING
-rw-r--r-- root/root       125 2015-09-19 00:43 usr/doc/unix-privesc-check-2.1_git4239100/TODO
-rw-r--r-- root/root      1238 2015-09-19 00:43 usr/doc/unix-privesc-check-2.1_git4239100/TODO-v1
-rw-r--r-- root/root      2972 2020-10-05 13:17 usr/doc/unix-privesc-check-2.1_git4239100/unix-privesc-check.SlackBuild
drwxr-xr-x root/root         0 2020-10-05 13:17 usr/share/
drwxr-xr-x root/root         0 2020-10-05 13:17 usr/share/unix-privesc-check/
-rw-rw-rw- root/root         0 2020-10-05 13:17 usr/share/unix-privesc-check/files_cache.temp
drwxr-xr-x root/root         0 2020-10-05 13:17 usr/share/unix-privesc-check/lib/
drwxr-xr-x root/root         0 2020-10-05 13:17 usr/share/unix-privesc-check/lib/checks/
-rwxr-xr-x root/root      2672 2020-10-05 13:17 usr/share/unix-privesc-check/lib/checks/credentials
-rwxr-xr-x root/root      2149 2020-10-05 13:17 usr/share/unix-privesc-check/lib/checks/devices_options
-rwxr-xr-x root/root      2621 2020-10-05 13:17 usr/share/unix-privesc-check/lib/checks/devices_permission
drwxr-xr-x root/root         0 2020-10-05 13:17 usr/share/unix-privesc-check/lib/checks/enabled/
drwxr-xr-x root/root         0 2020-10-05 13:17 usr/share/unix-privesc-check/lib/checks/enabled/all/
drwxr-xr-x root/root         0 2020-10-05 13:17 usr/share/unix-privesc-check/lib/checks/enabled/attack_surface/
drwxr-xr-x root/root         0 2020-10-05 13:17 usr/share/unix-privesc-check/lib/checks/enabled/sdl/
-rwxr-xr-x root/root      1295 2020-10-05 13:17 usr/share/unix-privesc-check/lib/checks/gpg_agent
-rwxr-xr-x root/root      1658 2020-10-05 13:17 usr/share/unix-privesc-check/lib/checks/group_writable
-rwxr-xr-x root/root      2202 2020-10-05 13:17 usr/share/unix-privesc-check/lib/checks/history_readable
-rwxr-xr-x root/root      2943 2020-10-05 13:17 usr/share/unix-privesc-check/lib/checks/homedirs_executable
-rwxr-xr-x root/root      2707 2020-10-05 13:17 usr/share/unix-privesc-check/lib/checks/homedirs_writable
-rwxr-xr-x root/root      2059 2020-10-05 13:17 usr/share/unix-privesc-check/lib/checks/jar
-rwxr-xr-x root/root      2442 2020-10-05 13:17 usr/share/unix-privesc-check/lib/checks/key_material
-rwxr-xr-x root/root      1288 2020-10-05 13:17 usr/share/unix-privesc-check/lib/checks/ldap_authentication
-rwxr-xr-x root/root      1278 2020-10-05 13:17 usr/share/unix-privesc-check/lib/checks/nis_authentication
-rwxr-xr-x root/root      1674 2020-10-05 13:17 usr/share/unix-privesc-check/lib/checks/passwd_hashes
-rwxr-xr-x root/root      2306 2020-10-05 13:17 usr/share/unix-privesc-check/lib/checks/postgresql_configuration
-rwxr-xr-x root/root      1863 2020-10-05 13:17 usr/share/unix-privesc-check/lib/checks/postgresql_connection
-rwxr-xr-x root/root      1841 2020-10-05 13:17 usr/share/unix-privesc-check/lib/checks/postgresql_trust
-rwxr-xr-x root/root      1652 2020-10-05 13:17 usr/share/unix-privesc-check/lib/checks/privileged_arguments
-rwxr-xr-x root/root      1784 2020-10-05 13:17 usr/share/unix-privesc-check/lib/checks/privileged_banned
-rwxr-xr-x root/root      1741 2020-10-05 13:17 usr/share/unix-privesc-check/lib/checks/privileged_change_privileges
-rwxr-xr-x root/root      1654 2020-10-05 13:17 usr/share/unix-privesc-check/lib/checks/privileged_chroot
-rwxr-xr-x root/root      7456 2020-10-05 13:17 usr/share/unix-privesc-check/lib/checks/privileged_dependency
-rwxr-xr-x root/root      1725 2020-10-05 13:17 usr/share/unix-privesc-check/lib/checks/privileged_environment_variables
-rwxr-xr-x root/root      1387 2020-10-05 13:17 usr/share/unix-privesc-check/lib/checks/privileged_nx
-rwxr-xr-x root/root      1536 2020-10-05 13:17 usr/share/unix-privesc-check/lib/checks/privileged_path
-rwxr-xr-x root/root      1504 2020-10-05 13:17 usr/share/unix-privesc-check/lib/checks/privileged_pie
-rwxr-xr-x root/root      1443 2020-10-05 13:17 usr/share/unix-privesc-check/lib/checks/privileged_random
-rwxr-xr-x root/root      1570 2020-10-05 13:17 usr/share/unix-privesc-check/lib/checks/privileged_relro
-rwxr-xr-x root/root      4491 2020-10-05 13:17 usr/share/unix-privesc-check/lib/checks/privileged_rpath
-rwxr-xr-x root/root      1448 2020-10-05 13:17 usr/share/unix-privesc-check/lib/checks/privileged_ssp
-rwxr-xr-x root/root      2109 2020-10-05 13:17 usr/share/unix-privesc-check/lib/checks/privileged_tmp
-rwxr-xr-x root/root      3589 2020-10-05 13:17 usr/share/unix-privesc-check/lib/checks/privileged_writable
-rwxr-xr-x root/root      1344 2020-10-05 13:17 usr/share/unix-privesc-check/lib/checks/setgid
-rwxr-xr-x root/root      1350 2020-10-05 13:17 usr/share/unix-privesc-check/lib/checks/setuid
-rwxr-xr-x root/root      1499 2020-10-05 13:17 usr/share/unix-privesc-check/lib/checks/shadow_hashes
-rwxr-xr-x root/root      1799 2020-10-05 13:17 usr/share/unix-privesc-check/lib/checks/ssh_agent
-rwxr-xr-x root/root      2486 2020-10-05 13:17 usr/share/unix-privesc-check/lib/checks/ssh_key
-rwxr-xr-x root/root      2233 2020-10-05 13:17 usr/share/unix-privesc-check/lib/checks/sudo
-rwxr-xr-x root/root      1615 2020-10-05 13:17 usr/share/unix-privesc-check/lib/checks/system_aslr
-rwxr-xr-x root/root      3412 2020-10-05 13:17 usr/share/unix-privesc-check/lib/checks/system_configuration
-rwxr-xr-x root/root      4089 2020-10-05 13:17 usr/share/unix-privesc-check/lib/checks/system_libraries
-rwxr-xr-x root/root      1292 2020-10-05 13:17 usr/share/unix-privesc-check/lib/checks/system_mmap
-rwxr-xr-x root/root      1778 2020-10-05 13:17 usr/share/unix-privesc-check/lib/checks/system_nx
-rwxr-xr-x root/root      1335 2020-10-05 13:17 usr/share/unix-privesc-check/lib/checks/system_selinux
-rwxr-xr-x root/root      1699 2020-10-05 13:17 usr/share/unix-privesc-check/lib/checks/world_writable
drwxr-xr-x root/root         0 2020-10-05 13:17 usr/share/unix-privesc-check/lib/misc/
-rw-r--r-- root/root      5837 2020-10-05 13:17 usr/share/unix-privesc-check/lib/misc/binary
-rw-r--r-- root/root      4122 2020-10-05 13:17 usr/share/unix-privesc-check/lib/misc/cron
-rw-r--r-- root/root      1292 2020-10-05 13:17 usr/share/unix-privesc-check/lib/misc/dependencies
-rw-r--r-- root/root      5353 2020-10-05 13:17 usr/share/unix-privesc-check/lib/misc/device
-rw-r--r-- root/root      7642 2020-10-05 13:17 usr/share/unix-privesc-check/lib/misc/file
-rw-r--r-- root/root      2325 2020-10-05 13:17 usr/share/unix-privesc-check/lib/misc/group
-rw-r--r-- root/root      2137 2020-10-05 13:17 usr/share/unix-privesc-check/lib/misc/inetd
-rw-r--r-- root/root      2273 2020-10-05 13:17 usr/share/unix-privesc-check/lib/misc/init
-rw-r--r-- root/root      1394 2020-10-05 13:17 usr/share/unix-privesc-check/lib/misc/inittab
-rw-r--r-- root/root      3267 2020-10-05 13:17 usr/share/unix-privesc-check/lib/misc/kernel
-rw-r--r-- root/root      1825 2020-10-05 13:17 usr/share/unix-privesc-check/lib/misc/ldap
-rw-r--r-- root/root      2465 2020-10-05 13:17 usr/share/unix-privesc-check/lib/misc/linker
-rw-r--r-- root/root      1908 2020-10-05 13:17 usr/share/unix-privesc-check/lib/misc/nis
-rw-r--r-- root/root      1652 2020-10-05 13:17 usr/share/unix-privesc-check/lib/misc/parse
-rw-r--r-- root/root      1969 2020-10-05 13:17 usr/share/unix-privesc-check/lib/misc/passwd
-rw-r--r-- root/root      3349 2020-10-05 13:17 usr/share/unix-privesc-check/lib/misc/permission
-rw-r--r-- root/root      2075 2020-10-05 13:17 usr/share/unix-privesc-check/lib/misc/postgresql
-rw-r--r-- root/root      6277 2020-10-05 13:17 usr/share/unix-privesc-check/lib/misc/privileged
-rw-r--r-- root/root      2949 2020-10-05 13:17 usr/share/unix-privesc-check/lib/misc/process
-rw-r--r-- root/root      2481 2020-10-05 13:17 usr/share/unix-privesc-check/lib/misc/shadow
-rw-r--r-- root/root      1562 2020-10-05 13:17 usr/share/unix-privesc-check/lib/misc/ssh_agent
-rw-r--r-- root/root      2353 2020-10-05 13:17 usr/share/unix-privesc-check/lib/misc/stdio
-rw-r--r-- root/root      3274 2020-10-05 13:17 usr/share/unix-privesc-check/lib/misc/sudo
-rw-r--r-- root/root      2623 2020-10-05 13:17 usr/share/unix-privesc-check/lib/misc/user
-rw-r--r-- root/root      1797 2020-10-05 13:17 usr/share/unix-privesc-check/lib/misc/validate
-rw-rw-rw- root/root         0 2020-10-05 13:17 usr/share/unix-privesc-check/privileged_cache.temp
drwxr-xr-x root/root         0 2020-10-05 13:17 usr/share/unix-privesc-check/tools/
-rwxr-xr-x root/root      1234 2020-10-05 13:17 usr/share/unix-privesc-check/tools/generate_banned.sh
-rwxr-xr-x root/root      2609 2020-10-05 13:17 usr/share/unix-privesc-check/tools/generate_docs.sh
-rwxr-xr-x root/root      3404 2020-10-05 13:17 usr/share/unix-privesc-check/upc.sh


