++========================================
||
||   Package:  ./node-clean-css/node-clean-css-5.1.2-x86_64-1cf.txz
||
++========================================
drwxr-xr-x root/root         0 2021-03-19 13:46 ./
drwxr-xr-x root/root         0 2021-03-19 13:46 install/
-rw-r--r-- root/root       182 2021-03-19 13:46 install/doinst.sh
-rw-r--r-- root/root       790 2021-03-19 13:46 install/slack-desc
drwxr-xr-x root/root         0 2021-03-19 13:46 usr/
drwxr-xr-x root/root         0 2021-03-19 13:46 usr/doc/
drwxr-xr-x root/root         0 2021-03-19 13:46 usr/doc/node-clean-css-5.1.2/
-rw-r--r-- root/root      2797 2021-03-19 13:46 usr/doc/node-clean-css-5.1.2/node-clean-css.SlackBuild
drwxr-xr-x root/root         0 2021-03-19 13:46 usr/lib64/
drwxr-xr-x root/root         0 2021-03-19 13:46 usr/lib64/node_modules/
drwxr-xr-x root/root         0 2021-03-19 13:46 usr/lib64/node_modules/clean-css/
-rw-r--r-- root/root     84359 1985-10-26 09:15 usr/lib64/node_modules/clean-css/History.md
-rw-r--r-- root/root      1062 1985-10-26 09:15 usr/lib64/node_modules/clean-css/LICENSE
-rw-r--r-- root/root     37793 1985-10-26 09:15 usr/lib64/node_modules/clean-css/README.md
-rw-r--r-- root/root        41 1985-10-26 09:15 usr/lib64/node_modules/clean-css/index.js
drwxr-xr-x root/root         0 2021-03-19 13:46 usr/lib64/node_modules/clean-css/lib/
-rw-r--r-- root/root      7998 1985-10-26 09:15 usr/lib64/node_modules/clean-css/lib/clean.js
drwxr-xr-x root/root         0 2021-03-19 13:46 usr/lib64/node_modules/clean-css/lib/optimizer/
-rw-r--r-- root/root       768 1985-10-26 09:15 usr/lib64/node_modules/clean-css/lib/optimizer/clone.js
drwxr-xr-x root/root         0 2021-03-19 13:46 usr/lib64/node_modules/clean-css/lib/optimizer/configuration/
-rw-r--r-- root/root     41157 1985-10-26 09:15 usr/lib64/node_modules/clean-css/lib/optimizer/configuration.js
-rw-r--r-- root/root     21800 1985-10-26 09:15 usr/lib64/node_modules/clean-css/lib/optimizer/configuration/break-up.js
-rw-r--r-- root/root     10988 1985-10-26 09:15 usr/lib64/node_modules/clean-css/lib/optimizer/configuration/can-override.js
drwxr-xr-x root/root         0 2021-03-19 13:46 usr/lib64/node_modules/clean-css/lib/optimizer/configuration/properties/
-rw-r--r-- root/root       364 1985-10-26 09:15 usr/lib64/node_modules/clean-css/lib/optimizer/configuration/properties/understandable.js
-rw-r--r-- root/root      9870 1985-10-26 09:15 usr/lib64/node_modules/clean-css/lib/optimizer/configuration/restore.js
-rw-r--r-- root/root       133 1985-10-26 09:15 usr/lib64/node_modules/clean-css/lib/optimizer/hack.js
-rw-r--r-- root/root       316 1985-10-26 09:15 usr/lib64/node_modules/clean-css/lib/optimizer/invalid-property-error.js
drwxr-xr-x root/root         0 2021-03-19 13:46 usr/lib64/node_modules/clean-css/lib/optimizer/level-0/
-rw-r--r-- root/root       132 1985-10-26 09:15 usr/lib64/node_modules/clean-css/lib/optimizer/level-0/optimize.js
drwxr-xr-x root/root         0 2021-03-19 13:46 usr/lib64/node_modules/clean-css/lib/optimizer/level-1/
-rw-r--r-- root/root      9391 1985-10-26 09:15 usr/lib64/node_modules/clean-css/lib/optimizer/level-1/optimize.js
drwxr-xr-x root/root         0 2021-03-19 13:46 usr/lib64/node_modules/clean-css/lib/optimizer/level-1/property-optimizers/
-rw-r--r-- root/root       598 1985-10-26 09:15 usr/lib64/node_modules/clean-css/lib/optimizer/level-1/property-optimizers.js
-rw-r--r-- root/root       550 1985-10-26 09:15 usr/lib64/node_modules/clean-css/lib/optimizer/level-1/property-optimizers/background.js
-rw-r--r-- root/root      1183 1985-10-26 09:15 usr/lib64/node_modules/clean-css/lib/optimizer/level-1/property-optimizers/border-radius.js
-rw-r--r-- root/root       386 1985-10-26 09:15 usr/lib64/node_modules/clean-css/lib/optimizer/level-1/property-optimizers/box-shadow.js
-rw-r--r-- root/root       976 1985-10-26 09:15 usr/lib64/node_modules/clean-css/lib/optimizer/level-1/property-optimizers/filter.js
-rw-r--r-- root/root       513 1985-10-26 09:15 usr/lib64/node_modules/clean-css/lib/optimizer/level-1/property-optimizers/font-weight.js
-rw-r--r-- root/root       580 1985-10-26 09:15 usr/lib64/node_modules/clean-css/lib/optimizer/level-1/property-optimizers/margin.js
-rw-r--r-- root/root       438 1985-10-26 09:15 usr/lib64/node_modules/clean-css/lib/optimizer/level-1/property-optimizers/outline.js
-rw-r--r-- root/root       864 1985-10-26 09:15 usr/lib64/node_modules/clean-css/lib/optimizer/level-1/property-optimizers/padding.js
-rw-r--r-- root/root       529 1985-10-26 09:15 usr/lib64/node_modules/clean-css/lib/optimizer/level-1/sort-selectors.js
-rw-r--r-- root/root       177 1985-10-26 09:15 usr/lib64/node_modules/clean-css/lib/optimizer/level-1/tidy-at-rule.js
-rw-r--r-- root/root      1006 1985-10-26 09:15 usr/lib64/node_modules/clean-css/lib/optimizer/level-1/tidy-block.js
-rw-r--r-- root/root      7965 1985-10-26 09:15 usr/lib64/node_modules/clean-css/lib/optimizer/level-1/tidy-rules.js
drwxr-xr-x root/root         0 2021-03-19 13:46 usr/lib64/node_modules/clean-css/lib/optimizer/level-1/value-optimizers/
-rw-r--r-- root/root       797 1985-10-26 09:15 usr/lib64/node_modules/clean-css/lib/optimizer/level-1/value-optimizers.js
drwxr-xr-x root/root         0 2021-03-19 13:46 usr/lib64/node_modules/clean-css/lib/optimizer/level-1/value-optimizers/color/
-rw-r--r-- root/root      3364 1985-10-26 09:15 usr/lib64/node_modules/clean-css/lib/optimizer/level-1/value-optimizers/color.js
-rw-r--r-- root/root      4491 1985-10-26 09:15 usr/lib64/node_modules/clean-css/lib/optimizer/level-1/value-optimizers/color/shorten-hex.js
-rw-r--r-- root/root      1408 1985-10-26 09:15 usr/lib64/node_modules/clean-css/lib/optimizer/level-1/value-optimizers/color/shorten-hsl.js
-rw-r--r-- root/root       450 1985-10-26 09:15 usr/lib64/node_modules/clean-css/lib/optimizer/level-1/value-optimizers/color/shorten-rgb.js
-rw-r--r-- root/root       369 1985-10-26 09:15 usr/lib64/node_modules/clean-css/lib/optimizer/level-1/value-optimizers/degrees.js
-rw-r--r-- root/root      1270 1985-10-26 09:15 usr/lib64/node_modules/clean-css/lib/optimizer/level-1/value-optimizers/fraction.js
-rw-r--r-- root/root       742 1985-10-26 09:15 usr/lib64/node_modules/clean-css/lib/optimizer/level-1/value-optimizers/precision.js
-rw-r--r-- root/root       141 1985-10-26 09:15 usr/lib64/node_modules/clean-css/lib/optimizer/level-1/value-optimizers/starts-as-url.js
-rw-r--r-- root/root       675 1985-10-26 09:15 usr/lib64/node_modules/clean-css/lib/optimizer/level-1/value-optimizers/text-quotes.js
-rw-r--r-- root/root       756 1985-10-26 09:15 usr/lib64/node_modules/clean-css/lib/optimizer/level-1/value-optimizers/time.js
-rw-r--r-- root/root      1155 1985-10-26 09:15 usr/lib64/node_modules/clean-css/lib/optimizer/level-1/value-optimizers/unit.js
-rw-r--r-- root/root       512 1985-10-26 09:15 usr/lib64/node_modules/clean-css/lib/optimizer/level-1/value-optimizers/url-prefix.js
-rw-r--r-- root/root       609 1985-10-26 09:15 usr/lib64/node_modules/clean-css/lib/optimizer/level-1/value-optimizers/url-quotes.js
-rw-r--r-- root/root       323 1985-10-26 09:15 usr/lib64/node_modules/clean-css/lib/optimizer/level-1/value-optimizers/url-whitespace.js
-rw-r--r-- root/root      1230 1985-10-26 09:15 usr/lib64/node_modules/clean-css/lib/optimizer/level-1/value-optimizers/whitespace.js
-rw-r--r-- root/root       663 1985-10-26 09:15 usr/lib64/node_modules/clean-css/lib/optimizer/level-1/value-optimizers/zero.js
drwxr-xr-x root/root         0 2021-03-19 13:46 usr/lib64/node_modules/clean-css/lib/optimizer/level-2/
-rw-r--r-- root/root      1889 1985-10-26 09:15 usr/lib64/node_modules/clean-css/lib/optimizer/level-2/extract-properties.js
-rw-r--r-- root/root      7133 1985-10-26 09:15 usr/lib64/node_modules/clean-css/lib/optimizer/level-2/is-mergeable.js
-rw-r--r-- root/root      2193 1985-10-26 09:15 usr/lib64/node_modules/clean-css/lib/optimizer/level-2/merge-adjacent.js
-rw-r--r-- root/root      3142 1985-10-26 09:15 usr/lib64/node_modules/clean-css/lib/optimizer/level-2/merge-media-queries.js
-rw-r--r-- root/root      2924 1985-10-26 09:15 usr/lib64/node_modules/clean-css/lib/optimizer/level-2/merge-non-adjacent-by-body.js
-rw-r--r-- root/root      2565 1985-10-26 09:15 usr/lib64/node_modules/clean-css/lib/optimizer/level-2/merge-non-adjacent-by-selector.js
-rw-r--r-- root/root      3989 1985-10-26 09:15 usr/lib64/node_modules/clean-css/lib/optimizer/level-2/optimize.js
drwxr-xr-x root/root         0 2021-03-19 13:46 usr/lib64/node_modules/clean-css/lib/optimizer/level-2/properties/
-rw-r--r-- root/root       780 1985-10-26 09:15 usr/lib64/node_modules/clean-css/lib/optimizer/level-2/properties/every-values-pair.js
-rw-r--r-- root/root       962 1985-10-26 09:15 usr/lib64/node_modules/clean-css/lib/optimizer/level-2/properties/find-component-in.js
-rw-r--r-- root/root       204 1985-10-26 09:15 usr/lib64/node_modules/clean-css/lib/optimizer/level-2/properties/has-inherit.js
-rw-r--r-- root/root       271 1985-10-26 09:15 usr/lib64/node_modules/clean-css/lib/optimizer/level-2/properties/has-same-values.js
-rw-r--r-- root/root       198 1985-10-26 09:15 usr/lib64/node_modules/clean-css/lib/optimizer/level-2/properties/has-unset.js
-rw-r--r-- root/root       692 1985-10-26 09:15 usr/lib64/node_modules/clean-css/lib/optimizer/level-2/properties/is-component-of.js
-rw-r--r-- root/root       256 1985-10-26 09:15 usr/lib64/node_modules/clean-css/lib/optimizer/level-2/properties/is-mergeable-shorthand.js
-rw-r--r-- root/root     14351 1985-10-26 09:15 usr/lib64/node_modules/clean-css/lib/optimizer/level-2/properties/merge-into-shorthands.js
-rw-r--r-- root/root      1480 1985-10-26 09:15 usr/lib64/node_modules/clean-css/lib/optimizer/level-2/properties/optimize.js
-rw-r--r-- root/root     14966 1985-10-26 09:15 usr/lib64/node_modules/clean-css/lib/optimizer/level-2/properties/override-properties.js
-rw-r--r-- root/root       359 1985-10-26 09:15 usr/lib64/node_modules/clean-css/lib/optimizer/level-2/properties/overrides-non-component-shorthand.js
-rw-r--r-- root/root      1821 1985-10-26 09:15 usr/lib64/node_modules/clean-css/lib/optimizer/level-2/properties/populate-components.js
-rw-r--r-- root/root      5368 1985-10-26 09:15 usr/lib64/node_modules/clean-css/lib/optimizer/level-2/reduce-non-adjacent.js
-rw-r--r-- root/root       619 1985-10-26 09:15 usr/lib64/node_modules/clean-css/lib/optimizer/level-2/remove-duplicate-font-at-rules.js
-rw-r--r-- root/root       661 1985-10-26 09:15 usr/lib64/node_modules/clean-css/lib/optimizer/level-2/remove-duplicate-media-queries.js
-rw-r--r-- root/root       978 1985-10-26 09:15 usr/lib64/node_modules/clean-css/lib/optimizer/level-2/remove-duplicates.js
-rw-r--r-- root/root      6783 1985-10-26 09:15 usr/lib64/node_modules/clean-css/lib/optimizer/level-2/remove-unused-at-rules.js
-rw-r--r-- root/root      3738 1985-10-26 09:15 usr/lib64/node_modules/clean-css/lib/optimizer/level-2/reorderable.js
-rw-r--r-- root/root       328 1985-10-26 09:15 usr/lib64/node_modules/clean-css/lib/optimizer/level-2/restore-with-components.js
-rw-r--r-- root/root     12589 1985-10-26 09:15 usr/lib64/node_modules/clean-css/lib/optimizer/level-2/restructure.js
-rw-r--r-- root/root       596 1985-10-26 09:15 usr/lib64/node_modules/clean-css/lib/optimizer/level-2/rules-overlap.js
-rw-r--r-- root/root       806 1985-10-26 09:15 usr/lib64/node_modules/clean-css/lib/optimizer/level-2/specificities-overlap.js
-rw-r--r-- root/root      2482 1985-10-26 09:15 usr/lib64/node_modules/clean-css/lib/optimizer/level-2/specificity.js
-rw-r--r-- root/root       397 1985-10-26 09:15 usr/lib64/node_modules/clean-css/lib/optimizer/level-2/tidy-rule-duplicates.js
-rw-r--r-- root/root       244 1985-10-26 09:15 usr/lib64/node_modules/clean-css/lib/optimizer/remove-unused.js
-rw-r--r-- root/root      1903 1985-10-26 09:15 usr/lib64/node_modules/clean-css/lib/optimizer/restore-from-optimizing.js
-rw-r--r-- root/root     11754 1985-10-26 09:15 usr/lib64/node_modules/clean-css/lib/optimizer/validator.js
-rw-r--r-- root/root       449 1985-10-26 09:15 usr/lib64/node_modules/clean-css/lib/optimizer/vendor-prefixes.js
-rw-r--r-- root/root      4956 1985-10-26 09:15 usr/lib64/node_modules/clean-css/lib/optimizer/wrap-for-optimizing.js
drwxr-xr-x root/root         0 2021-03-19 13:46 usr/lib64/node_modules/clean-css/lib/options/
-rw-r--r-- root/root      4719 1985-10-26 09:15 usr/lib64/node_modules/clean-css/lib/options/compatibility.js
-rw-r--r-- root/root       172 1985-10-26 09:15 usr/lib64/node_modules/clean-css/lib/options/fetch.js
-rw-r--r-- root/root      5580 1985-10-26 09:15 usr/lib64/node_modules/clean-css/lib/options/format.js
-rw-r--r-- root/root       476 1985-10-26 09:15 usr/lib64/node_modules/clean-css/lib/options/inline-request.js
-rw-r--r-- root/root       141 1985-10-26 09:15 usr/lib64/node_modules/clean-css/lib/options/inline-timeout.js
-rw-r--r-- root/root       248 1985-10-26 09:15 usr/lib64/node_modules/clean-css/lib/options/inline.js
-rw-r--r-- root/root      5523 1985-10-26 09:15 usr/lib64/node_modules/clean-css/lib/options/optimization-level.js
-rw-r--r-- root/root       733 1985-10-26 09:15 usr/lib64/node_modules/clean-css/lib/options/plugins.js
-rw-r--r-- root/root       151 1985-10-26 09:15 usr/lib64/node_modules/clean-css/lib/options/rebase-to.js
-rw-r--r-- root/root       242 1985-10-26 09:15 usr/lib64/node_modules/clean-css/lib/options/rebase.js
-rw-r--r-- root/root      1965 1985-10-26 09:15 usr/lib64/node_modules/clean-css/lib/options/rounding-precision.js
drwxr-xr-x root/root         0 2021-03-19 13:46 usr/lib64/node_modules/clean-css/lib/reader/
-rw-r--r-- root/root      7956 1985-10-26 09:15 usr/lib64/node_modules/clean-css/lib/reader/apply-source-maps.js
-rw-r--r-- root/root       854 1985-10-26 09:15 usr/lib64/node_modules/clean-css/lib/reader/extract-import-url-and-media.js
-rw-r--r-- root/root      1383 1985-10-26 09:15 usr/lib64/node_modules/clean-css/lib/reader/input-source-map-tracker.js
-rw-r--r-- root/root      2067 1985-10-26 09:15 usr/lib64/node_modules/clean-css/lib/reader/is-allowed-resource.js
-rw-r--r-- root/root      3830 1985-10-26 09:15 usr/lib64/node_modules/clean-css/lib/reader/load-original-sources.js
-rw-r--r-- root/root      1867 1985-10-26 09:15 usr/lib64/node_modules/clean-css/lib/reader/load-remote-resource.js
-rw-r--r-- root/root       173 1985-10-26 09:15 usr/lib64/node_modules/clean-css/lib/reader/match-data-uri.js
-rw-r--r-- root/root       198 1985-10-26 09:15 usr/lib64/node_modules/clean-css/lib/reader/normalize-path.js
-rw-r--r-- root/root     13280 1985-10-26 09:15 usr/lib64/node_modules/clean-css/lib/reader/read-sources.js
-rw-r--r-- root/root       446 1985-10-26 09:15 usr/lib64/node_modules/clean-css/lib/reader/rebase-local-map.js
-rw-r--r-- root/root       330 1985-10-26 09:15 usr/lib64/node_modules/clean-css/lib/reader/rebase-remote-map.js
-rw-r--r-- root/root      2588 1985-10-26 09:15 usr/lib64/node_modules/clean-css/lib/reader/rebase.js
-rw-r--r-- root/root       132 1985-10-26 09:15 usr/lib64/node_modules/clean-css/lib/reader/restore-import.js
-rw-r--r-- root/root      2742 1985-10-26 09:15 usr/lib64/node_modules/clean-css/lib/reader/rewrite-url.js
drwxr-xr-x root/root         0 2021-03-19 13:46 usr/lib64/node_modules/clean-css/lib/tokenizer/
-rw-r--r-- root/root       509 1985-10-26 09:15 usr/lib64/node_modules/clean-css/lib/tokenizer/marker.js
-rw-r--r-- root/root       831 1985-10-26 09:15 usr/lib64/node_modules/clean-css/lib/tokenizer/token.js
-rw-r--r-- root/root     27235 1985-10-26 09:15 usr/lib64/node_modules/clean-css/lib/tokenizer/tokenize.js
drwxr-xr-x root/root         0 2021-03-19 13:46 usr/lib64/node_modules/clean-css/lib/utils/
-rw-r--r-- root/root       241 1985-10-26 09:15 usr/lib64/node_modules/clean-css/lib/utils/clone-array.js
-rw-r--r-- root/root       239 1985-10-26 09:15 usr/lib64/node_modules/clean-css/lib/utils/format-position.js
-rw-r--r-- root/root       156 1985-10-26 09:15 usr/lib64/node_modules/clean-css/lib/utils/has-protocol.js
-rw-r--r-- root/root       183 1985-10-26 09:15 usr/lib64/node_modules/clean-css/lib/utils/is-data-uri-resource.js
-rw-r--r-- root/root       152 1985-10-26 09:15 usr/lib64/node_modules/clean-css/lib/utils/is-http-resource.js
-rw-r--r-- root/root       157 1985-10-26 09:15 usr/lib64/node_modules/clean-css/lib/utils/is-https-resource.js
-rw-r--r-- root/root       143 1985-10-26 09:15 usr/lib64/node_modules/clean-css/lib/utils/is-import.js
-rw-r--r-- root/root       166 1985-10-26 09:15 usr/lib64/node_modules/clean-css/lib/utils/is-remote-resource.js
-rw-r--r-- root/root       772 1985-10-26 09:15 usr/lib64/node_modules/clean-css/lib/utils/natural-compare.js
-rw-r--r-- root/root       729 1985-10-26 09:15 usr/lib64/node_modules/clean-css/lib/utils/override.js
-rw-r--r-- root/root      1113 1985-10-26 09:15 usr/lib64/node_modules/clean-css/lib/utils/split.js
drwxr-xr-x root/root         0 2021-03-19 13:46 usr/lib64/node_modules/clean-css/lib/writer/
-rw-r--r-- root/root      7278 1985-10-26 09:15 usr/lib64/node_modules/clean-css/lib/writer/helpers.js
-rw-r--r-- root/root      1111 1985-10-26 09:15 usr/lib64/node_modules/clean-css/lib/writer/one-time.js
-rw-r--r-- root/root      1303 1985-10-26 09:15 usr/lib64/node_modules/clean-css/lib/writer/simple.js
-rw-r--r-- root/root      2937 1985-10-26 09:15 usr/lib64/node_modules/clean-css/lib/writer/source-maps.js
drwxr-xr-x root/root         0 2021-03-19 13:46 usr/lib64/node_modules/clean-css/node_modules/
drwxr-xr-x root/root         0 2021-03-19 13:46 usr/lib64/node_modules/clean-css/node_modules/source-map/
-rw-r--r-- root/root      7884 2017-04-18 00:24 usr/lib64/node_modules/clean-css/node_modules/source-map/CHANGELOG.md
-rw-r--r-- root/root      1526 2017-04-18 00:24 usr/lib64/node_modules/clean-css/node_modules/source-map/LICENSE
-rw-r--r-- root/root     24072 2017-09-25 18:09 usr/lib64/node_modules/clean-css/node_modules/source-map/README.md
drwxr-xr-x root/root         0 2021-03-19 13:46 usr/lib64/node_modules/clean-css/node_modules/source-map/dist/
-rw-r--r-- root/root    272874 2017-09-29 16:39 usr/lib64/node_modules/clean-css/node_modules/source-map/dist/source-map.debug.js
-rw-r--r-- root/root    106973 2017-09-29 16:39 usr/lib64/node_modules/clean-css/node_modules/source-map/dist/source-map.js
-rw-r--r-- root/root     27111 2017-09-29 16:39 usr/lib64/node_modules/clean-css/node_modules/source-map/dist/source-map.min.js
-rw-r--r-- root/root    257409 2017-09-29 16:39 usr/lib64/node_modules/clean-css/node_modules/source-map/dist/source-map.min.js.map
drwxr-xr-x root/root         0 2021-03-19 13:46 usr/lib64/node_modules/clean-css/node_modules/source-map/lib/
-rw-r--r-- root/root      3197 2017-06-05 19:20 usr/lib64/node_modules/clean-css/node_modules/source-map/lib/array-set.js
-rw-r--r-- root/root      4714 2017-04-18 00:24 usr/lib64/node_modules/clean-css/node_modules/source-map/lib/base64-vlq.js
-rw-r--r-- root/root      1540 2017-04-18 00:24 usr/lib64/node_modules/clean-css/node_modules/source-map/lib/base64.js
-rw-r--r-- root/root      4249 2017-04-18 00:24 usr/lib64/node_modules/clean-css/node_modules/source-map/lib/binary-search.js
-rw-r--r-- root/root      2339 2017-04-18 00:24 usr/lib64/node_modules/clean-css/node_modules/source-map/lib/mapping-list.js
-rw-r--r-- root/root      3616 2017-04-18 00:24 usr/lib64/node_modules/clean-css/node_modules/source-map/lib/quick-sort.js
-rw-r--r-- root/root     40562 2017-09-29 16:39 usr/lib64/node_modules/clean-css/node_modules/source-map/lib/source-map-consumer.js
-rw-r--r-- root/root     14356 2017-09-25 18:09 usr/lib64/node_modules/clean-css/node_modules/source-map/lib/source-map-generator.js
-rw-r--r-- root/root     13808 2017-09-27 16:31 usr/lib64/node_modules/clean-css/node_modules/source-map/lib/source-node.js
-rw-r--r-- root/root     12950 2017-09-26 22:37 usr/lib64/node_modules/clean-css/node_modules/source-map/lib/util.js
-rw-r--r-- root/root      2579 2021-03-19 13:46 usr/lib64/node_modules/clean-css/node_modules/source-map/package.json
-rw-r--r-- root/root      3060 2017-04-18 00:24 usr/lib64/node_modules/clean-css/node_modules/source-map/source-map.d.ts
-rw-r--r-- root/root       405 2017-09-25 21:30 usr/lib64/node_modules/clean-css/node_modules/source-map/source-map.js
-rw-r--r-- root/root      1145 2021-03-19 13:46 usr/lib64/node_modules/clean-css/package.json
drwxr-xr-x root/root         0 2021-03-19 13:46 usr/lib64/node_modules/root/
-rw-r--r-- root/root      1078 2018-05-01 10:54 usr/lib64/node_modules/root/LICENSE
-rw-r--r-- root/root      3908 2018-05-01 10:54 usr/lib64/node_modules/root/README.md
-rw-r--r-- root/root      2693 2018-05-01 10:54 usr/lib64/node_modules/root/defaults.js
-rw-r--r-- root/root      7303 2018-05-01 10:54 usr/lib64/node_modules/root/index.js
drwxr-xr-x root/root         0 2021-03-19 13:46 usr/lib64/node_modules/root/node_modules/
drwxr-xr-x root/root         0 2021-03-19 13:46 usr/lib64/node_modules/root/node_modules/.bin/
drwxr-xr-x root/root         0 2021-03-19 13:46 usr/lib64/node_modules/root/node_modules/inherits/
-rw-r--r-- root/root       749 1985-10-26 09:15 usr/lib64/node_modules/root/node_modules/inherits/LICENSE
-rw-r--r-- root/root      1625 1985-10-26 09:15 usr/lib64/node_modules/root/node_modules/inherits/README.md
-rw-r--r-- root/root       250 1985-10-26 09:15 usr/lib64/node_modules/root/node_modules/inherits/inherits.js
-rw-r--r-- root/root       753 1985-10-26 09:15 usr/lib64/node_modules/root/node_modules/inherits/inherits_browser.js
-rw-r--r-- root/root       581 2021-03-19 13:46 usr/lib64/node_modules/root/node_modules/inherits/package.json
drwxr-xr-x root/root         0 2021-03-19 13:46 usr/lib64/node_modules/root/node_modules/murl/
-rw-r--r-- root/root      1124 2013-09-19 16:18 usr/lib64/node_modules/root/node_modules/murl/README.md
-rw-r--r-- root/root      2316 2013-09-20 16:59 usr/lib64/node_modules/root/node_modules/murl/index.js
-rw-r--r-- root/root       364 2021-03-19 13:46 usr/lib64/node_modules/root/node_modules/murl/package.json
drwxr-xr-x root/root         0 2021-03-19 13:46 usr/lib64/node_modules/root/node_modules/murl/tests/
-rwxr-xr-x root/root       884 2013-09-19 15:52 usr/lib64/node_modules/root/node_modules/murl/tests/index.js
-rw-r--r-- root/root       252 2013-09-19 15:52 usr/lib64/node_modules/root/node_modules/murl/tests/test-match-negative.js
-rw-r--r-- root/root       849 2013-09-19 15:52 usr/lib64/node_modules/root/node_modules/murl/tests/test-match-positive.js
-rw-r--r-- root/root       448 2013-09-19 16:18 usr/lib64/node_modules/root/node_modules/murl/tests/test-match-strict.js
-rw-r--r-- root/root       432 2013-09-19 16:12 usr/lib64/node_modules/root/node_modules/murl/tests/test-match.js
-rw-r--r-- root/root       656 2013-09-19 15:52 usr/lib64/node_modules/root/node_modules/murl/tests/test-replace.js
drwxr-xr-x root/root         0 2021-03-19 13:46 usr/lib64/node_modules/root/node_modules/network-address/
-rw-r--r-- root/root       373 2014-11-05 05:40 usr/lib64/node_modules/root/node_modules/network-address/README.md
-rwxr-xr-x root/root        55 2014-11-05 05:40 usr/lib64/node_modules/root/node_modules/network-address/cli.js
-rw-r--r-- root/root       312 2014-11-05 05:41 usr/lib64/node_modules/root/node_modules/network-address/index.js
-rw-r--r-- root/root       363 2021-03-19 13:46 usr/lib64/node_modules/root/node_modules/network-address/package.json
drwxr-xr-x root/root         0 2021-03-19 13:46 usr/lib64/node_modules/root/node_modules/protein/
-rw-r--r-- root/root      4235 2012-10-10 21:12 usr/lib64/node_modules/root/node_modules/protein/README.md
-rw-r--r-- root/root       456 2012-10-10 21:10 usr/lib64/node_modules/root/node_modules/protein/example.js
-rw-r--r-- root/root      1762 2012-10-10 20:43 usr/lib64/node_modules/root/node_modules/protein/index.js
-rw-r--r-- root/root       323 2021-03-19 13:46 usr/lib64/node_modules/root/node_modules/protein/package.json
drwxr-xr-x root/root         0 2021-03-19 13:46 usr/lib64/node_modules/root/node_modules/protein/tests/
-rwxr-xr-x root/root       876 2012-10-10 20:48 usr/lib64/node_modules/root/node_modules/protein/tests/index.js
-rw-r--r-- root/root       261 2012-10-10 21:07 usr/lib64/node_modules/root/node_modules/protein/tests/test-connect-compatible.js
-rw-r--r-- root/root       654 2012-10-10 21:02 usr/lib64/node_modules/root/node_modules/protein/tests/test-double-mixin.js
-rw-r--r-- root/root       364 2012-10-10 20:59 usr/lib64/node_modules/root/node_modules/protein/tests/test-getters-and-setters.js
-rw-r--r-- root/root       408 2012-10-10 20:56 usr/lib64/node_modules/root/node_modules/protein/tests/test-no-leaks.js
-rw-r--r-- root/root       300 2012-10-10 21:05 usr/lib64/node_modules/root/node_modules/protein/tests/test-prototypical.js
-rw-r--r-- root/root       268 2012-10-10 20:52 usr/lib64/node_modules/root/node_modules/protein/tests/test-simple-request.js
-rw-r--r-- root/root       273 2012-10-10 20:53 usr/lib64/node_modules/root/node_modules/protein/tests/test-simple-response.js
-rw-r--r-- root/root       515 2021-03-19 13:46 usr/lib64/node_modules/root/package.json
drwxr-xr-x root/root         0 2021-03-19 13:46 usr/lib64/node_modules/root/tests/
-rwxr-xr-x root/root      1008 2018-05-01 10:54 usr/lib64/node_modules/root/tests/index.js
-rw-r--r-- root/root       964 2018-05-01 10:54 usr/lib64/node_modules/root/tests/test-body-parsers.js
-rw-r--r-- root/root       850 2018-05-01 10:54 usr/lib64/node_modules/root/tests/test-errors.js
-rw-r--r-- root/root       534 2018-05-01 10:54 usr/lib64/node_modules/root/tests/test-flow-control.js
-rw-r--r-- root/root       916 2018-05-01 10:54 usr/lib64/node_modules/root/tests/test-fork.js
-rw-r--r-- root/root       742 2018-05-01 10:54 usr/lib64/node_modules/root/tests/test-match.js
-rw-r--r-- root/root       581 2018-05-01 10:54 usr/lib64/node_modules/root/tests/test-matches.js
-rw-r--r-- root/root       386 2018-05-01 10:54 usr/lib64/node_modules/root/tests/test-multi-listen.js
-rw-r--r-- root/root       652 2018-05-01 10:54 usr/lib64/node_modules/root/tests/test-plugins.js
-rw-r--r-- root/root       367 2018-05-01 10:54 usr/lib64/node_modules/root/tests/test-random-port-cluster.js
-rw-r--r-- root/root       303 2018-05-01 10:54 usr/lib64/node_modules/root/tests/test-random-port.js
-rw-r--r-- root/root       652 2018-05-01 10:54 usr/lib64/node_modules/root/tests/test-rewrite.js
-rw-r--r-- root/root       457 2018-05-01 10:54 usr/lib64/node_modules/root/tests/test-route-app.js
-rw-r--r-- root/root       607 2018-05-01 10:54 usr/lib64/node_modules/root/tests/test-route.js
-rw-r--r-- root/root      1175 2018-05-01 10:54 usr/lib64/node_modules/root/tests/test-routes.js
-rw-r--r-- root/root       508 2018-05-01 10:54 usr/lib64/node_modules/root/tests/test-sub-app-route.js
-rw-r--r-- root/root       933 2018-05-01 10:54 usr/lib64/node_modules/root/tests/test-urls.js


