++========================================
||
||   Package:  ./isomaster/isomaster-1.3.16-x86_64-1cf.txz
||
++========================================
drwxr-xr-x root/root         0 2021-02-12 11:48 ./
drwxr-xr-x root/root         0 2021-02-12 11:48 install/
-rw-r--r-- root/root       132 2021-02-12 11:48 install/doinst.sh
-rw-r--r-- root/root       929 2021-02-12 11:48 install/slack-desc
drwxr-xr-x root/root         0 2021-02-12 11:48 usr/
drwxr-xr-x root/root         0 2021-02-12 11:48 usr/bin/
-rwxr-xr-x root/root    172088 2021-02-12 11:48 usr/bin/isomaster
drwxr-xr-x root/root         0 2021-02-12 11:48 usr/doc/
drwxr-xr-x root/root         0 2021-02-12 11:48 usr/doc/isomaster-1.3.16/
-rw-r--r-- root/root     11040 2021-02-11 23:06 usr/doc/isomaster-1.3.16/CHANGELOG.TXT
-rw-r--r-- root/root      7264 2020-02-20 23:21 usr/doc/isomaster-1.3.16/CREDITS.TXT
-rw-r--r-- root/root     12803 2006-11-23 00:47 usr/doc/isomaster-1.3.16/LICENCE.TXT
-rw-r--r-- root/root      2776 2018-03-27 15:46 usr/doc/isomaster-1.3.16/README.TXT
-rw-r--r-- root/root      2322 2018-03-28 09:52 usr/doc/isomaster-1.3.16/TODO.TXT
-rw-r--r-- root/root      1291 2009-08-25 02:54 usr/doc/isomaster-1.3.16/Translator Readme.txt
drwxr-xr-x root/root         0 2021-02-12 11:48 usr/doc/isomaster-1.3.16/bkisofs/
-rw-r--r-- root/root      3485 2021-02-12 11:48 usr/doc/isomaster-1.3.16/isomaster.SlackBuild
drwxr-xr-x root/root         0 2021-02-12 11:48 usr/man/
drwxr-xr-x root/root         0 2021-02-12 11:48 usr/man/man1/
-rw-r--r-- root/root       451 2021-02-12 11:48 usr/man/man1/isomaster.1.gz
drwxr-xr-x root/root         0 2021-02-12 11:48 usr/share/
drwxr-xr-x root/root         0 2021-02-12 11:48 usr/share/applications/
-rw-r--r-- root/root       460 2021-02-12 11:48 usr/share/applications/isomaster.desktop
drwxr-xr-x root/root         0 2021-02-12 11:48 usr/share/isomaster/
drwxr-xr-x root/root         0 2021-02-12 11:48 usr/share/isomaster/icons/
-rw-r--r-- root/root      2171 2021-02-12 11:48 usr/share/isomaster/icons/add2-kearone.png
-rw-r--r-- root/root      2053 2021-02-12 11:48 usr/share/isomaster/icons/delete-kearone.png
-rw-r--r-- root/root      2212 2021-02-12 11:48 usr/share/isomaster/icons/extract2-kearone.png
-rw-r--r-- root/root      1810 2021-02-12 11:48 usr/share/isomaster/icons/folder-new-kearone.png
-rw-r--r-- root/root       890 2021-02-12 11:48 usr/share/isomaster/icons/go-back-kearone.png
-rw-r--r-- root/root      5040 2021-02-12 11:48 usr/share/isomaster/icons/isomaster.png
drwxr-xr-x root/root         0 2021-02-12 11:48 usr/share/locale/
drwxr-xr-x root/root         0 2021-02-12 11:48 usr/share/locale/af/
drwxr-xr-x root/root         0 2021-02-12 11:48 usr/share/locale/af/LC_MESSAGES/
-rw-r--r-- root/root      1246 2021-02-12 11:48 usr/share/locale/af/LC_MESSAGES/isomaster.mo
drwxr-xr-x root/root         0 2021-02-12 11:48 usr/share/locale/am/
drwxr-xr-x root/root         0 2021-02-12 11:48 usr/share/locale/am/LC_MESSAGES/
-rw-r--r-- root/root      1291 2021-02-12 11:48 usr/share/locale/am/LC_MESSAGES/isomaster.mo
drwxr-xr-x root/root         0 2021-02-12 11:48 usr/share/locale/an/
drwxr-xr-x root/root         0 2021-02-12 11:48 usr/share/locale/an/LC_MESSAGES/
-rw-r--r-- root/root       882 2021-02-12 11:48 usr/share/locale/an/LC_MESSAGES/isomaster.mo
drwxr-xr-x root/root         0 2021-02-12 11:48 usr/share/locale/ar/
drwxr-xr-x root/root         0 2021-02-12 11:48 usr/share/locale/ar/LC_MESSAGES/
-rw-r--r-- root/root     12386 2021-02-12 11:48 usr/share/locale/ar/LC_MESSAGES/isomaster.mo
drwxr-xr-x root/root         0 2021-02-12 11:48 usr/share/locale/as/
drwxr-xr-x root/root         0 2021-02-12 11:48 usr/share/locale/as/LC_MESSAGES/
-rw-r--r-- root/root      1494 2021-02-12 11:48 usr/share/locale/as/LC_MESSAGES/isomaster.mo
drwxr-xr-x root/root         0 2021-02-12 11:48 usr/share/locale/az/
drwxr-xr-x root/root         0 2021-02-12 11:48 usr/share/locale/az/LC_MESSAGES/
-rw-r--r-- root/root      1138 2021-02-12 11:48 usr/share/locale/az/LC_MESSAGES/isomaster.mo
drwxr-xr-x root/root         0 2021-02-12 11:48 usr/share/locale/be/
drwxr-xr-x root/root         0 2021-02-12 11:48 usr/share/locale/be/LC_MESSAGES/
-rw-r--r-- root/root      1734 2021-02-12 11:48 usr/share/locale/be/LC_MESSAGES/isomaster.mo
drwxr-xr-x root/root         0 2021-02-12 11:48 usr/share/locale/be@latin/
drwxr-xr-x root/root         0 2021-02-12 11:48 usr/share/locale/be@latin/LC_MESSAGES/
-rw-r--r-- root/root      9251 2021-02-12 11:48 usr/share/locale/be@latin/LC_MESSAGES/isomaster.mo
drwxr-xr-x root/root         0 2021-02-12 11:48 usr/share/locale/bg/
drwxr-xr-x root/root         0 2021-02-12 11:48 usr/share/locale/bg/LC_MESSAGES/
-rw-r--r-- root/root     13377 2021-02-12 11:48 usr/share/locale/bg/LC_MESSAGES/isomaster.mo
drwxr-xr-x root/root         0 2021-02-12 11:48 usr/share/locale/bn/
drwxr-xr-x root/root         0 2021-02-12 11:48 usr/share/locale/bn/LC_MESSAGES/
-rw-r--r-- root/root      1736 2021-02-12 11:48 usr/share/locale/bn/LC_MESSAGES/isomaster.mo
drwxr-xr-x root/root         0 2021-02-12 11:48 usr/share/locale/bn_IN/
drwxr-xr-x root/root         0 2021-02-12 11:48 usr/share/locale/bn_IN/LC_MESSAGES/
-rw-r--r-- root/root     17229 2021-02-12 11:48 usr/share/locale/bn_IN/LC_MESSAGES/isomaster.mo
drwxr-xr-x root/root         0 2021-02-12 11:48 usr/share/locale/br/
drwxr-xr-x root/root         0 2021-02-12 11:48 usr/share/locale/br/LC_MESSAGES/
-rw-r--r-- root/root      1188 2021-02-12 11:48 usr/share/locale/br/LC_MESSAGES/isomaster.mo
drwxr-xr-x root/root         0 2021-02-12 11:48 usr/share/locale/bs/
drwxr-xr-x root/root         0 2021-02-12 11:48 usr/share/locale/bs/LC_MESSAGES/
-rw-r--r-- root/root      1138 2021-02-12 11:48 usr/share/locale/bs/LC_MESSAGES/isomaster.mo
drwxr-xr-x root/root         0 2021-02-12 11:48 usr/share/locale/ca/
drwxr-xr-x root/root         0 2021-02-12 11:48 usr/share/locale/ca/LC_MESSAGES/
-rw-r--r-- root/root     11152 2021-02-12 11:48 usr/share/locale/ca/LC_MESSAGES/isomaster.mo
drwxr-xr-x root/root         0 2021-02-12 11:48 usr/share/locale/cs/
drwxr-xr-x root/root         0 2021-02-12 11:48 usr/share/locale/cs/LC_MESSAGES/
-rw-r--r-- root/root     11277 2021-02-12 11:48 usr/share/locale/cs/LC_MESSAGES/isomaster.mo
drwxr-xr-x root/root         0 2021-02-12 11:48 usr/share/locale/cy/
drwxr-xr-x root/root         0 2021-02-12 11:48 usr/share/locale/cy/LC_MESSAGES/
-rw-r--r-- root/root      1119 2021-02-12 11:48 usr/share/locale/cy/LC_MESSAGES/isomaster.mo
drwxr-xr-x root/root         0 2021-02-12 11:48 usr/share/locale/da/
drwxr-xr-x root/root         0 2021-02-12 11:48 usr/share/locale/da/LC_MESSAGES/
-rw-r--r-- root/root     10798 2021-02-12 11:48 usr/share/locale/da/LC_MESSAGES/isomaster.mo
drwxr-xr-x root/root         0 2021-02-12 11:48 usr/share/locale/de/
drwxr-xr-x root/root         0 2021-02-12 11:48 usr/share/locale/de/LC_MESSAGES/
-rw-r--r-- root/root     11543 2021-02-12 11:48 usr/share/locale/de/LC_MESSAGES/isomaster.mo
drwxr-xr-x root/root         0 2021-02-12 11:48 usr/share/locale/dz/
drwxr-xr-x root/root         0 2021-02-12 11:48 usr/share/locale/dz/LC_MESSAGES/
-rw-r--r-- root/root      2132 2021-02-12 11:48 usr/share/locale/dz/LC_MESSAGES/isomaster.mo
drwxr-xr-x root/root         0 2021-02-12 11:48 usr/share/locale/el/
drwxr-xr-x root/root         0 2021-02-12 11:48 usr/share/locale/el/LC_MESSAGES/
-rw-r--r-- root/root     14595 2021-02-12 11:48 usr/share/locale/el/LC_MESSAGES/isomaster.mo
drwxr-xr-x root/root         0 2021-02-12 11:48 usr/share/locale/eo/
drwxr-xr-x root/root         0 2021-02-12 11:48 usr/share/locale/eo/LC_MESSAGES/
-rw-r--r-- root/root      1252 2021-02-12 11:48 usr/share/locale/eo/LC_MESSAGES/isomaster.mo
drwxr-xr-x root/root         0 2021-02-12 11:48 usr/share/locale/es/
drwxr-xr-x root/root         0 2021-02-12 11:48 usr/share/locale/es/LC_MESSAGES/
-rw-r--r-- root/root     11200 2021-02-12 11:48 usr/share/locale/es/LC_MESSAGES/isomaster.mo
drwxr-xr-x root/root         0 2021-02-12 11:48 usr/share/locale/et/
drwxr-xr-x root/root         0 2021-02-12 11:48 usr/share/locale/et/LC_MESSAGES/
-rw-r--r-- root/root     11050 2021-02-12 11:48 usr/share/locale/et/LC_MESSAGES/isomaster.mo
drwxr-xr-x root/root         0 2021-02-12 11:48 usr/share/locale/eu/
drwxr-xr-x root/root         0 2021-02-12 11:48 usr/share/locale/eu/LC_MESSAGES/
-rw-r--r-- root/root      1607 2021-02-12 11:48 usr/share/locale/eu/LC_MESSAGES/isomaster.mo
drwxr-xr-x root/root         0 2021-02-12 11:48 usr/share/locale/fa/
drwxr-xr-x root/root         0 2021-02-12 11:48 usr/share/locale/fa/LC_MESSAGES/
-rw-r--r-- root/root      1536 2021-02-12 11:48 usr/share/locale/fa/LC_MESSAGES/isomaster.mo
drwxr-xr-x root/root         0 2021-02-12 11:48 usr/share/locale/ff/
drwxr-xr-x root/root         0 2021-02-12 11:48 usr/share/locale/ff/LC_MESSAGES/
-rw-r--r-- root/root       798 2021-02-12 11:48 usr/share/locale/ff/LC_MESSAGES/isomaster.mo
drwxr-xr-x root/root         0 2021-02-12 11:48 usr/share/locale/fi/
drwxr-xr-x root/root         0 2021-02-12 11:48 usr/share/locale/fi/LC_MESSAGES/
-rw-r--r-- root/root     10860 2021-02-12 11:48 usr/share/locale/fi/LC_MESSAGES/isomaster.mo
drwxr-xr-x root/root         0 2021-02-12 11:48 usr/share/locale/fo/
drwxr-xr-x root/root         0 2021-02-12 11:48 usr/share/locale/fo/LC_MESSAGES/
-rw-r--r-- root/root      8858 2021-02-12 11:48 usr/share/locale/fo/LC_MESSAGES/isomaster.mo
drwxr-xr-x root/root         0 2021-02-12 11:48 usr/share/locale/fr/
drwxr-xr-x root/root         0 2021-02-12 11:48 usr/share/locale/fr/LC_MESSAGES/
-rw-r--r-- root/root     11344 2021-02-12 11:48 usr/share/locale/fr/LC_MESSAGES/isomaster.mo
drwxr-xr-x root/root         0 2021-02-12 11:48 usr/share/locale/fy/
drwxr-xr-x root/root         0 2021-02-12 11:48 usr/share/locale/fy/LC_MESSAGES/
-rw-r--r-- root/root       794 2021-02-12 11:48 usr/share/locale/fy/LC_MESSAGES/isomaster.mo
drwxr-xr-x root/root         0 2021-02-12 11:48 usr/share/locale/ga/
drwxr-xr-x root/root         0 2021-02-12 11:48 usr/share/locale/ga/LC_MESSAGES/
-rw-r--r-- root/root      1093 2021-02-12 11:48 usr/share/locale/ga/LC_MESSAGES/isomaster.mo
drwxr-xr-x root/root         0 2021-02-12 11:48 usr/share/locale/gd/
drwxr-xr-x root/root         0 2021-02-12 11:48 usr/share/locale/gd/LC_MESSAGES/
-rw-r--r-- root/root       667 2021-02-12 11:48 usr/share/locale/gd/LC_MESSAGES/isomaster.mo
drwxr-xr-x root/root         0 2021-02-12 11:48 usr/share/locale/gl/
drwxr-xr-x root/root         0 2021-02-12 11:48 usr/share/locale/gl/LC_MESSAGES/
-rw-r--r-- root/root     11375 2021-02-12 11:48 usr/share/locale/gl/LC_MESSAGES/isomaster.mo
drwxr-xr-x root/root         0 2021-02-12 11:48 usr/share/locale/gu/
drwxr-xr-x root/root         0 2021-02-12 11:48 usr/share/locale/gu/LC_MESSAGES/
-rw-r--r-- root/root      1544 2021-02-12 11:48 usr/share/locale/gu/LC_MESSAGES/isomaster.mo
drwxr-xr-x root/root         0 2021-02-12 11:48 usr/share/locale/gv/
drwxr-xr-x root/root         0 2021-02-12 11:48 usr/share/locale/gv/LC_MESSAGES/
-rw-r--r-- root/root       632 2021-02-12 11:48 usr/share/locale/gv/LC_MESSAGES/isomaster.mo
drwxr-xr-x root/root         0 2021-02-12 11:48 usr/share/locale/ha/
drwxr-xr-x root/root         0 2021-02-12 11:48 usr/share/locale/ha/LC_MESSAGES/
-rw-r--r-- root/root       558 2021-02-12 11:48 usr/share/locale/ha/LC_MESSAGES/isomaster.mo
drwxr-xr-x root/root         0 2021-02-12 11:48 usr/share/locale/he/
drwxr-xr-x root/root         0 2021-02-12 11:48 usr/share/locale/he/LC_MESSAGES/
-rw-r--r-- root/root      9433 2021-02-12 11:48 usr/share/locale/he/LC_MESSAGES/isomaster.mo
drwxr-xr-x root/root         0 2021-02-12 11:48 usr/share/locale/hi/
drwxr-xr-x root/root         0 2021-02-12 11:48 usr/share/locale/hi/LC_MESSAGES/
-rw-r--r-- root/root      1663 2021-02-12 11:48 usr/share/locale/hi/LC_MESSAGES/isomaster.mo
drwxr-xr-x root/root         0 2021-02-12 11:48 usr/share/locale/hr/
drwxr-xr-x root/root         0 2021-02-12 11:48 usr/share/locale/hr/LC_MESSAGES/
-rw-r--r-- root/root     10619 2021-02-12 11:48 usr/share/locale/hr/LC_MESSAGES/isomaster.mo
drwxr-xr-x root/root         0 2021-02-12 11:48 usr/share/locale/ht/
drwxr-xr-x root/root         0 2021-02-12 11:48 usr/share/locale/ht/LC_MESSAGES/
-rw-r--r-- root/root       503 2021-02-12 11:48 usr/share/locale/ht/LC_MESSAGES/isomaster.mo
drwxr-xr-x root/root         0 2021-02-12 11:48 usr/share/locale/hu/
drwxr-xr-x root/root         0 2021-02-12 11:48 usr/share/locale/hu/LC_MESSAGES/
-rw-r--r-- root/root     11496 2021-02-12 11:48 usr/share/locale/hu/LC_MESSAGES/isomaster.mo
drwxr-xr-x root/root         0 2021-02-12 11:48 usr/share/locale/hy/
drwxr-xr-x root/root         0 2021-02-12 11:48 usr/share/locale/hy/LC_MESSAGES/
-rw-r--r-- root/root      1203 2021-02-12 11:48 usr/share/locale/hy/LC_MESSAGES/isomaster.mo
drwxr-xr-x root/root         0 2021-02-12 11:48 usr/share/locale/ia/
drwxr-xr-x root/root         0 2021-02-12 11:48 usr/share/locale/ia/LC_MESSAGES/
-rw-r--r-- root/root       610 2021-02-12 11:48 usr/share/locale/ia/LC_MESSAGES/isomaster.mo
drwxr-xr-x root/root         0 2021-02-12 11:48 usr/share/locale/id/
drwxr-xr-x root/root         0 2021-02-12 11:48 usr/share/locale/id/LC_MESSAGES/
-rw-r--r-- root/root     10520 2021-02-12 11:48 usr/share/locale/id/LC_MESSAGES/isomaster.mo
drwxr-xr-x root/root         0 2021-02-12 11:48 usr/share/locale/ig/
drwxr-xr-x root/root         0 2021-02-12 11:48 usr/share/locale/ig/LC_MESSAGES/
-rw-r--r-- root/root       618 2021-02-12 11:48 usr/share/locale/ig/LC_MESSAGES/isomaster.mo
drwxr-xr-x root/root         0 2021-02-12 11:48 usr/share/locale/io/
drwxr-xr-x root/root         0 2021-02-12 11:48 usr/share/locale/io/LC_MESSAGES/
-rw-r--r-- root/root       605 2021-02-12 11:48 usr/share/locale/io/LC_MESSAGES/isomaster.mo
drwxr-xr-x root/root         0 2021-02-12 11:48 usr/share/locale/is/
drwxr-xr-x root/root         0 2021-02-12 11:48 usr/share/locale/is/LC_MESSAGES/
-rw-r--r-- root/root      1012 2021-02-12 11:48 usr/share/locale/is/LC_MESSAGES/isomaster.mo
drwxr-xr-x root/root         0 2021-02-12 11:48 usr/share/locale/it/
drwxr-xr-x root/root         0 2021-02-12 11:48 usr/share/locale/it/LC_MESSAGES/
-rw-r--r-- root/root     11187 2021-02-12 11:48 usr/share/locale/it/LC_MESSAGES/isomaster.mo
drwxr-xr-x root/root         0 2021-02-12 11:48 usr/share/locale/ja/
drwxr-xr-x root/root         0 2021-02-12 11:48 usr/share/locale/ja/LC_MESSAGES/
-rw-r--r-- root/root     12867 2021-02-12 11:48 usr/share/locale/ja/LC_MESSAGES/isomaster.mo
drwxr-xr-x root/root         0 2021-02-12 11:48 usr/share/locale/jv/
drwxr-xr-x root/root         0 2021-02-12 11:48 usr/share/locale/jv/LC_MESSAGES/
-rw-r--r-- root/root       680 2021-02-12 11:48 usr/share/locale/jv/LC_MESSAGES/isomaster.mo
drwxr-xr-x root/root         0 2021-02-12 11:48 usr/share/locale/ka/
drwxr-xr-x root/root         0 2021-02-12 11:48 usr/share/locale/ka/LC_MESSAGES/
-rw-r--r-- root/root      1533 2021-02-12 11:48 usr/share/locale/ka/LC_MESSAGES/isomaster.mo
drwxr-xr-x root/root         0 2021-02-12 11:48 usr/share/locale/kk/
drwxr-xr-x root/root         0 2021-02-12 11:48 usr/share/locale/kk/LC_MESSAGES/
-rw-r--r-- root/root      1396 2021-02-12 11:48 usr/share/locale/kk/LC_MESSAGES/isomaster.mo
drwxr-xr-x root/root         0 2021-02-12 11:48 usr/share/locale/km/
drwxr-xr-x root/root         0 2021-02-12 11:48 usr/share/locale/km/LC_MESSAGES/
-rw-r--r-- root/root      1392 2021-02-12 11:48 usr/share/locale/km/LC_MESSAGES/isomaster.mo
drwxr-xr-x root/root         0 2021-02-12 11:48 usr/share/locale/kn/
drwxr-xr-x root/root         0 2021-02-12 11:48 usr/share/locale/kn/LC_MESSAGES/
-rw-r--r-- root/root      1516 2021-02-12 11:48 usr/share/locale/kn/LC_MESSAGES/isomaster.mo
drwxr-xr-x root/root         0 2021-02-12 11:48 usr/share/locale/ko/
drwxr-xr-x root/root         0 2021-02-12 11:48 usr/share/locale/ko/LC_MESSAGES/
-rw-r--r-- root/root      1628 2021-02-12 11:48 usr/share/locale/ko/LC_MESSAGES/isomaster.mo
drwxr-xr-x root/root         0 2021-02-12 11:48 usr/share/locale/kr/
drwxr-xr-x root/root         0 2021-02-12 11:48 usr/share/locale/kr/LC_MESSAGES/
-rw-r--r-- root/root       555 2021-02-12 11:48 usr/share/locale/kr/LC_MESSAGES/isomaster.mo
drwxr-xr-x root/root         0 2021-02-12 11:48 usr/share/locale/ku/
drwxr-xr-x root/root         0 2021-02-12 11:48 usr/share/locale/ku/LC_MESSAGES/
-rw-r--r-- root/root       982 2021-02-12 11:48 usr/share/locale/ku/LC_MESSAGES/isomaster.mo
drwxr-xr-x root/root         0 2021-02-12 11:48 usr/share/locale/kw/
drwxr-xr-x root/root         0 2021-02-12 11:48 usr/share/locale/kw/LC_MESSAGES/
-rw-r--r-- root/root       687 2021-02-12 11:48 usr/share/locale/kw/LC_MESSAGES/isomaster.mo
drwxr-xr-x root/root         0 2021-02-12 11:48 usr/share/locale/ky/
drwxr-xr-x root/root         0 2021-02-12 11:48 usr/share/locale/ky/LC_MESSAGES/
-rw-r--r-- root/root       757 2021-02-12 11:48 usr/share/locale/ky/LC_MESSAGES/isomaster.mo
drwxr-xr-x root/root         0 2021-02-12 11:48 usr/share/locale/la/
drwxr-xr-x root/root         0 2021-02-12 11:48 usr/share/locale/la/LC_MESSAGES/
-rw-r--r-- root/root       637 2021-02-12 11:48 usr/share/locale/la/LC_MESSAGES/isomaster.mo
drwxr-xr-x root/root         0 2021-02-12 11:48 usr/share/locale/lb/
drwxr-xr-x root/root         0 2021-02-12 11:48 usr/share/locale/lb/LC_MESSAGES/
-rw-r--r-- root/root       860 2021-02-12 11:48 usr/share/locale/lb/LC_MESSAGES/isomaster.mo
drwxr-xr-x root/root         0 2021-02-12 11:48 usr/share/locale/lg/
drwxr-xr-x root/root         0 2021-02-12 11:48 usr/share/locale/lg/LC_MESSAGES/
-rw-r--r-- root/root       883 2021-02-12 11:48 usr/share/locale/lg/LC_MESSAGES/isomaster.mo
drwxr-xr-x root/root         0 2021-02-12 11:48 usr/share/locale/li/
drwxr-xr-x root/root         0 2021-02-12 11:48 usr/share/locale/li/LC_MESSAGES/
-rw-r--r-- root/root       609 2021-02-12 11:48 usr/share/locale/li/LC_MESSAGES/isomaster.mo
drwxr-xr-x root/root         0 2021-02-12 11:48 usr/share/locale/lt/
drwxr-xr-x root/root         0 2021-02-12 11:48 usr/share/locale/lt/LC_MESSAGES/
-rw-r--r-- root/root     11497 2021-02-12 11:48 usr/share/locale/lt/LC_MESSAGES/isomaster.mo
drwxr-xr-x root/root         0 2021-02-12 11:48 usr/share/locale/lv/
drwxr-xr-x root/root         0 2021-02-12 11:48 usr/share/locale/lv/LC_MESSAGES/
-rw-r--r-- root/root     11361 2021-02-12 11:48 usr/share/locale/lv/LC_MESSAGES/isomaster.mo
drwxr-xr-x root/root         0 2021-02-12 11:48 usr/share/locale/mg/
drwxr-xr-x root/root         0 2021-02-12 11:48 usr/share/locale/mg/LC_MESSAGES/
-rw-r--r-- root/root      1049 2021-02-12 11:48 usr/share/locale/mg/LC_MESSAGES/isomaster.mo
drwxr-xr-x root/root         0 2021-02-12 11:48 usr/share/locale/mi/
drwxr-xr-x root/root         0 2021-02-12 11:48 usr/share/locale/mi/LC_MESSAGES/
-rw-r--r-- root/root       607 2021-02-12 11:48 usr/share/locale/mi/LC_MESSAGES/isomaster.mo
drwxr-xr-x root/root         0 2021-02-12 11:48 usr/share/locale/mk/
drwxr-xr-x root/root         0 2021-02-12 11:48 usr/share/locale/mk/LC_MESSAGES/
-rw-r--r-- root/root      1560 2021-02-12 11:48 usr/share/locale/mk/LC_MESSAGES/isomaster.mo
drwxr-xr-x root/root         0 2021-02-12 11:48 usr/share/locale/ml/
drwxr-xr-x root/root         0 2021-02-12 11:48 usr/share/locale/ml/LC_MESSAGES/
-rw-r--r-- root/root      1545 2021-02-12 11:48 usr/share/locale/ml/LC_MESSAGES/isomaster.mo
drwxr-xr-x root/root         0 2021-02-12 11:48 usr/share/locale/mn/
drwxr-xr-x root/root         0 2021-02-12 11:48 usr/share/locale/mn/LC_MESSAGES/
-rw-r--r-- root/root      1255 2021-02-12 11:48 usr/share/locale/mn/LC_MESSAGES/isomaster.mo
drwxr-xr-x root/root         0 2021-02-12 11:48 usr/share/locale/mr/
drwxr-xr-x root/root         0 2021-02-12 11:48 usr/share/locale/mr/LC_MESSAGES/
-rw-r--r-- root/root      1591 2021-02-12 11:48 usr/share/locale/mr/LC_MESSAGES/isomaster.mo
drwxr-xr-x root/root         0 2021-02-12 11:48 usr/share/locale/ms/
drwxr-xr-x root/root         0 2021-02-12 11:48 usr/share/locale/ms/LC_MESSAGES/
-rw-r--r-- root/root      1442 2021-02-12 11:48 usr/share/locale/ms/LC_MESSAGES/isomaster.mo
drwxr-xr-x root/root         0 2021-02-12 11:48 usr/share/locale/my/
drwxr-xr-x root/root         0 2021-02-12 11:48 usr/share/locale/my/LC_MESSAGES/
-rw-r--r-- root/root      1435 2021-02-12 11:48 usr/share/locale/my/LC_MESSAGES/isomaster.mo
drwxr-xr-x root/root         0 2021-02-12 11:48 usr/share/locale/nb/
drwxr-xr-x root/root         0 2021-02-12 11:48 usr/share/locale/nb/LC_MESSAGES/
-rw-r--r-- root/root     10131 2021-02-12 11:48 usr/share/locale/nb/LC_MESSAGES/isomaster.mo
drwxr-xr-x root/root         0 2021-02-12 11:48 usr/share/locale/ne/
drwxr-xr-x root/root         0 2021-02-12 11:48 usr/share/locale/ne/LC_MESSAGES/
-rw-r--r-- root/root      1766 2021-02-12 11:48 usr/share/locale/ne/LC_MESSAGES/isomaster.mo
drwxr-xr-x root/root         0 2021-02-12 11:48 usr/share/locale/nl/
drwxr-xr-x root/root         0 2021-02-12 11:48 usr/share/locale/nl/LC_MESSAGES/
-rw-r--r-- root/root     11297 2021-02-12 11:48 usr/share/locale/nl/LC_MESSAGES/isomaster.mo
drwxr-xr-x root/root         0 2021-02-12 11:48 usr/share/locale/nn/
drwxr-xr-x root/root         0 2021-02-12 11:48 usr/share/locale/nn/LC_MESSAGES/
-rw-r--r-- root/root     10110 2021-02-12 11:48 usr/share/locale/nn/LC_MESSAGES/isomaster.mo
drwxr-xr-x root/root         0 2021-02-12 11:48 usr/share/locale/oc/
drwxr-xr-x root/root         0 2021-02-12 11:48 usr/share/locale/oc/LC_MESSAGES/
-rw-r--r-- root/root      1137 2021-02-12 11:48 usr/share/locale/oc/LC_MESSAGES/isomaster.mo
drwxr-xr-x root/root         0 2021-02-12 11:48 usr/share/locale/or/
drwxr-xr-x root/root         0 2021-02-12 11:48 usr/share/locale/or/LC_MESSAGES/
-rw-r--r-- root/root      1523 2021-02-12 11:48 usr/share/locale/or/LC_MESSAGES/isomaster.mo
drwxr-xr-x root/root         0 2021-02-12 11:48 usr/share/locale/pa/
drwxr-xr-x root/root         0 2021-02-12 11:48 usr/share/locale/pa/LC_MESSAGES/
-rw-r--r-- root/root      1773 2021-02-12 11:48 usr/share/locale/pa/LC_MESSAGES/isomaster.mo
drwxr-xr-x root/root         0 2021-02-12 11:48 usr/share/locale/pl/
drwxr-xr-x root/root         0 2021-02-12 11:48 usr/share/locale/pl/LC_MESSAGES/
-rw-r--r-- root/root     11049 2021-02-12 11:48 usr/share/locale/pl/LC_MESSAGES/isomaster.mo
drwxr-xr-x root/root         0 2021-02-12 11:48 usr/share/locale/ps/
drwxr-xr-x root/root         0 2021-02-12 11:48 usr/share/locale/ps/LC_MESSAGES/
-rw-r--r-- root/root      1205 2021-02-12 11:48 usr/share/locale/ps/LC_MESSAGES/isomaster.mo
drwxr-xr-x root/root         0 2021-02-12 11:48 usr/share/locale/pt/
drwxr-xr-x root/root         0 2021-02-12 11:48 usr/share/locale/pt/LC_MESSAGES/
-rw-r--r-- root/root     11007 2021-02-12 11:48 usr/share/locale/pt/LC_MESSAGES/isomaster.mo
drwxr-xr-x root/root         0 2021-02-12 11:48 usr/share/locale/pt_BR/
drwxr-xr-x root/root         0 2021-02-12 11:48 usr/share/locale/pt_BR/LC_MESSAGES/
-rw-r--r-- root/root     11097 2021-02-12 11:48 usr/share/locale/pt_BR/LC_MESSAGES/isomaster.mo
drwxr-xr-x root/root         0 2021-02-12 11:48 usr/share/locale/ro/
drwxr-xr-x root/root         0 2021-02-12 11:48 usr/share/locale/ro/LC_MESSAGES/
-rw-r--r-- root/root     10904 2021-02-12 11:48 usr/share/locale/ro/LC_MESSAGES/isomaster.mo
drwxr-xr-x root/root         0 2021-02-12 11:48 usr/share/locale/ru/
drwxr-xr-x root/root         0 2021-02-12 11:48 usr/share/locale/ru/LC_MESSAGES/
-rw-r--r-- root/root     13816 2021-02-12 11:48 usr/share/locale/ru/LC_MESSAGES/isomaster.mo
drwxr-xr-x root/root         0 2021-02-12 11:48 usr/share/locale/rw/
drwxr-xr-x root/root         0 2021-02-12 11:48 usr/share/locale/rw/LC_MESSAGES/
-rw-r--r-- root/root       863 2021-02-12 11:48 usr/share/locale/rw/LC_MESSAGES/isomaster.mo
drwxr-xr-x root/root         0 2021-02-12 11:48 usr/share/locale/si/
drwxr-xr-x root/root         0 2021-02-12 11:48 usr/share/locale/si/LC_MESSAGES/
-rw-r--r-- root/root      1529 2021-02-12 11:48 usr/share/locale/si/LC_MESSAGES/isomaster.mo
drwxr-xr-x root/root         0 2021-02-12 11:48 usr/share/locale/sk/
drwxr-xr-x root/root         0 2021-02-12 11:48 usr/share/locale/sk/LC_MESSAGES/
-rw-r--r-- root/root     10939 2021-02-12 11:48 usr/share/locale/sk/LC_MESSAGES/isomaster.mo
drwxr-xr-x root/root         0 2021-02-12 11:48 usr/share/locale/sl/
drwxr-xr-x root/root         0 2021-02-12 11:48 usr/share/locale/sl/LC_MESSAGES/
-rw-r--r-- root/root     10476 2021-02-12 11:48 usr/share/locale/sl/LC_MESSAGES/isomaster.mo
drwxr-xr-x root/root         0 2021-02-12 11:48 usr/share/locale/sq/
drwxr-xr-x root/root         0 2021-02-12 11:48 usr/share/locale/sq/LC_MESSAGES/
-rw-r--r-- root/root     11566 2021-02-12 11:48 usr/share/locale/sq/LC_MESSAGES/isomaster.mo
drwxr-xr-x root/root         0 2021-02-12 11:48 usr/share/locale/sr/
drwxr-xr-x root/root         0 2021-02-12 11:48 usr/share/locale/sr/LC_MESSAGES/
-rw-r--r-- root/root     14140 2021-02-12 11:48 usr/share/locale/sr/LC_MESSAGES/isomaster.mo
drwxr-xr-x root/root         0 2021-02-12 11:48 usr/share/locale/sr@Latn/
drwxr-xr-x root/root         0 2021-02-12 11:48 usr/share/locale/sr@Latn/LC_MESSAGES/
-rw-r--r-- root/root     10972 2021-02-12 11:48 usr/share/locale/sr@Latn/LC_MESSAGES/isomaster.mo
drwxr-xr-x root/root         0 2021-02-12 11:48 usr/share/locale/sr@latin/
drwxr-xr-x root/root         0 2021-02-12 11:48 usr/share/locale/sr@latin/LC_MESSAGES/
-rw-r--r-- root/root     10972 2021-02-12 11:48 usr/share/locale/sr@latin/LC_MESSAGES/isomaster.mo
drwxr-xr-x root/root         0 2021-02-12 11:48 usr/share/locale/st/
drwxr-xr-x root/root         0 2021-02-12 11:48 usr/share/locale/st/LC_MESSAGES/
-rw-r--r-- root/root       533 2021-02-12 11:48 usr/share/locale/st/LC_MESSAGES/isomaster.mo
drwxr-xr-x root/root         0 2021-02-12 11:48 usr/share/locale/sv/
drwxr-xr-x root/root         0 2021-02-12 11:48 usr/share/locale/sv/LC_MESSAGES/
-rw-r--r-- root/root     11054 2021-02-12 11:48 usr/share/locale/sv/LC_MESSAGES/isomaster.mo
drwxr-xr-x root/root         0 2021-02-12 11:48 usr/share/locale/sw/
drwxr-xr-x root/root         0 2021-02-12 11:48 usr/share/locale/sw/LC_MESSAGES/
-rw-r--r-- root/root       608 2021-02-12 11:48 usr/share/locale/sw/LC_MESSAGES/isomaster.mo
drwxr-xr-x root/root         0 2021-02-12 11:48 usr/share/locale/ta/
drwxr-xr-x root/root         0 2021-02-12 11:48 usr/share/locale/ta/LC_MESSAGES/
-rw-r--r-- root/root      1745 2021-02-12 11:48 usr/share/locale/ta/LC_MESSAGES/isomaster.mo
drwxr-xr-x root/root         0 2021-02-12 11:48 usr/share/locale/te/
drwxr-xr-x root/root         0 2021-02-12 11:48 usr/share/locale/te/LC_MESSAGES/
-rw-r--r-- root/root      1886 2021-02-12 11:48 usr/share/locale/te/LC_MESSAGES/isomaster.mo
drwxr-xr-x root/root         0 2021-02-12 11:48 usr/share/locale/tg/
drwxr-xr-x root/root         0 2021-02-12 11:48 usr/share/locale/tg/LC_MESSAGES/
-rw-r--r-- root/root       573 2021-02-12 11:48 usr/share/locale/tg/LC_MESSAGES/isomaster.mo
drwxr-xr-x root/root         0 2021-02-12 11:48 usr/share/locale/th/
drwxr-xr-x root/root         0 2021-02-12 11:48 usr/share/locale/th/LC_MESSAGES/
-rw-r--r-- root/root      1648 2021-02-12 11:48 usr/share/locale/th/LC_MESSAGES/isomaster.mo
drwxr-xr-x root/root         0 2021-02-12 11:48 usr/share/locale/tk/
drwxr-xr-x root/root         0 2021-02-12 11:48 usr/share/locale/tk/LC_MESSAGES/
-rw-r--r-- root/root       906 2021-02-12 11:48 usr/share/locale/tk/LC_MESSAGES/isomaster.mo
drwxr-xr-x root/root         0 2021-02-12 11:48 usr/share/locale/tl/
drwxr-xr-x root/root         0 2021-02-12 11:48 usr/share/locale/tl/LC_MESSAGES/
-rw-r--r-- root/root       706 2021-02-12 11:48 usr/share/locale/tl/LC_MESSAGES/isomaster.mo
drwxr-xr-x root/root         0 2021-02-12 11:48 usr/share/locale/tr/
drwxr-xr-x root/root         0 2021-02-12 11:48 usr/share/locale/tr/LC_MESSAGES/
-rw-r--r-- root/root     11392 2021-02-12 11:48 usr/share/locale/tr/LC_MESSAGES/isomaster.mo
drwxr-xr-x root/root         0 2021-02-12 11:48 usr/share/locale/ts/
drwxr-xr-x root/root         0 2021-02-12 11:48 usr/share/locale/ts/LC_MESSAGES/
-rw-r--r-- root/root       529 2021-02-12 11:48 usr/share/locale/ts/LC_MESSAGES/isomaster.mo
drwxr-xr-x root/root         0 2021-02-12 11:48 usr/share/locale/tt/
drwxr-xr-x root/root         0 2021-02-12 11:48 usr/share/locale/tt/LC_MESSAGES/
-rw-r--r-- root/root       895 2021-02-12 11:48 usr/share/locale/tt/LC_MESSAGES/isomaster.mo
drwxr-xr-x root/root         0 2021-02-12 11:48 usr/share/locale/ug/
drwxr-xr-x root/root         0 2021-02-12 11:48 usr/share/locale/ug/LC_MESSAGES/
-rw-r--r-- root/root      1376 2021-02-12 11:48 usr/share/locale/ug/LC_MESSAGES/isomaster.mo
drwxr-xr-x root/root         0 2021-02-12 11:48 usr/share/locale/uk/
drwxr-xr-x root/root         0 2021-02-12 11:48 usr/share/locale/uk/LC_MESSAGES/
-rw-r--r-- root/root     13748 2021-02-12 11:48 usr/share/locale/uk/LC_MESSAGES/isomaster.mo
drwxr-xr-x root/root         0 2021-02-12 11:48 usr/share/locale/ur/
drwxr-xr-x root/root         0 2021-02-12 11:48 usr/share/locale/ur/LC_MESSAGES/
-rw-r--r-- root/root      1204 2021-02-12 11:48 usr/share/locale/ur/LC_MESSAGES/isomaster.mo
drwxr-xr-x root/root         0 2021-02-12 11:48 usr/share/locale/ur_PK/
drwxr-xr-x root/root         0 2021-02-12 11:48 usr/share/locale/ur_PK/LC_MESSAGES/
-rw-r--r-- root/root     14125 2021-02-12 11:48 usr/share/locale/ur_PK/LC_MESSAGES/isomaster.mo
drwxr-xr-x root/root         0 2021-02-12 11:48 usr/share/locale/uz/
drwxr-xr-x root/root         0 2021-02-12 11:48 usr/share/locale/uz/LC_MESSAGES/
-rw-r--r-- root/root       835 2021-02-12 11:48 usr/share/locale/uz/LC_MESSAGES/isomaster.mo
drwxr-xr-x root/root         0 2021-02-12 11:48 usr/share/locale/uz@cyrillic/
drwxr-xr-x root/root         0 2021-02-12 11:48 usr/share/locale/uz@cyrillic/LC_MESSAGES/
-rw-r--r-- root/root       946 2021-02-12 11:48 usr/share/locale/uz@cyrillic/LC_MESSAGES/isomaster.mo
drwxr-xr-x root/root         0 2021-02-12 11:48 usr/share/locale/wa/
drwxr-xr-x root/root         0 2021-02-12 11:48 usr/share/locale/wa/LC_MESSAGES/
-rw-r--r-- root/root      1123 2021-02-12 11:48 usr/share/locale/wa/LC_MESSAGES/isomaster.mo
drwxr-xr-x root/root         0 2021-02-12 11:48 usr/share/locale/wo/
drwxr-xr-x root/root         0 2021-02-12 11:48 usr/share/locale/wo/LC_MESSAGES/
-rw-r--r-- root/root       588 2021-02-12 11:48 usr/share/locale/wo/LC_MESSAGES/isomaster.mo
drwxr-xr-x root/root         0 2021-02-12 11:48 usr/share/locale/xh/
drwxr-xr-x root/root         0 2021-02-12 11:48 usr/share/locale/xh/LC_MESSAGES/
-rw-r--r-- root/root      1101 2021-02-12 11:48 usr/share/locale/xh/LC_MESSAGES/isomaster.mo
drwxr-xr-x root/root         0 2021-02-12 11:48 usr/share/locale/yi/
drwxr-xr-x root/root         0 2021-02-12 11:48 usr/share/locale/yi/LC_MESSAGES/
-rw-r--r-- root/root       657 2021-02-12 11:48 usr/share/locale/yi/LC_MESSAGES/isomaster.mo
drwxr-xr-x root/root         0 2021-02-12 11:48 usr/share/locale/yo/
drwxr-xr-x root/root         0 2021-02-12 11:48 usr/share/locale/yo/LC_MESSAGES/
-rw-r--r-- root/root       672 2021-02-12 11:48 usr/share/locale/yo/LC_MESSAGES/isomaster.mo
drwxr-xr-x root/root         0 2021-02-12 11:48 usr/share/locale/zh_CN/
drwxr-xr-x root/root         0 2021-02-12 11:48 usr/share/locale/zh_CN/LC_MESSAGES/
-rw-r--r-- root/root     10135 2021-02-12 11:48 usr/share/locale/zh_CN/LC_MESSAGES/isomaster.mo
drwxr-xr-x root/root         0 2021-02-12 11:48 usr/share/locale/zh_TW/
drwxr-xr-x root/root         0 2021-02-12 11:48 usr/share/locale/zh_TW/LC_MESSAGES/
-rw-r--r-- root/root     10591 2021-02-12 11:48 usr/share/locale/zh_TW/LC_MESSAGES/isomaster.mo
drwxr-xr-x root/root         0 2021-02-12 11:48 usr/share/locale/zu/
drwxr-xr-x root/root         0 2021-02-12 11:48 usr/share/locale/zu/LC_MESSAGES/
-rw-r--r-- root/root       893 2021-02-12 11:48 usr/share/locale/zu/LC_MESSAGES/isomaster.mo


