++========================================
||
||   Package:  ./man-pages-it/man-pages-it-5.06-noarch-1cf.txz
||
++========================================
drwxr-xr-x root/root         0 2021-01-31 11:24 ./
drwxr-xr-x root/root         0 2021-01-31 11:24 install/
-rw-r--r-- root/root       741 2021-01-31 11:24 install/slack-desc
drwxr-xr-x root/root         0 2021-01-31 11:24 usr/
drwxr-xr-x root/root         0 2021-01-31 11:24 usr/doc/
drwxr-xr-x root/root         0 2021-01-31 11:24 usr/doc/man-pages-it-5.06/
-rwxr-xr-x root/root     11117 2020-04-29 15:54 usr/doc/man-pages-it-5.06/CHANGELOG
-rwxr-xr-x root/root      1995 2020-04-13 18:03 usr/doc/man-pages-it-5.06/LEGGIMI
-rwxr-xr-x root/root      1306 2020-04-13 18:03 usr/doc/man-pages-it-5.06/README
-rw-r--r-- root/root      2759 2021-01-31 11:24 usr/doc/man-pages-it-5.06/man-pages-it.SlackBuild
drwxr-xr-x root/root         0 2021-01-31 11:24 usr/man/
drwxr-xr-x root/root         0 2021-01-31 11:24 usr/man/it/
drwxr-xr-x root/root         0 2021-01-31 11:24 usr/man/it/man1/
-rw-r--r-- root/root      1435 2021-01-31 11:24 usr/man/it/man1/abc2abc.1.gz
-rw-r--r-- root/root       717 2021-01-31 11:24 usr/man/it/man1/abc2ly.1.gz
-rw-r--r-- root/root      9651 2021-01-31 11:24 usr/man/it/man1/abc2ps.1.gz
-rw-r--r-- root/root     13641 2021-01-31 11:24 usr/man/it/man1/abcm2ps.1.gz
-rw-r--r-- root/root      4965 2021-01-31 11:24 usr/man/it/man1/addr2line.1.gz
-rw-r--r-- root/root      8181 2021-01-31 11:24 usr/man/it/man1/ar.1.gz
-rw-r--r-- root/root     12134 2021-01-31 11:24 usr/man/it/man1/as.1.gz
-rw-r--r-- root/root     88705 2021-01-31 11:24 usr/man/it/man1/bash.1.gz
-rw-r--r-- root/root      2751 2021-01-31 11:24 usr/man/it/man1/bison.1.gz
-rw-r--r-- root/root     10487 2021-01-31 11:24 usr/man/it/man1/ftp.1.gz
-rw-r--r-- root/root     35865 2021-01-31 11:24 usr/man/it/man1/gawk.1.gz
-rw-r--r-- root/root      3136 2021-01-31 11:24 usr/man/it/man1/gnumeric.1.gz
-rw-r--r-- root/root       923 2021-01-31 11:24 usr/man/it/man1/hman.1.gz
-rw-r--r-- root/root      4461 2021-01-31 11:24 usr/man/it/man1/intro.1.gz
-rw-r--r-- root/root      3068 2021-01-31 11:24 usr/man/it/man1/ldd.1.gz
-rw-r--r-- root/root      4995 2021-01-31 11:24 usr/man/it/man1/linuxdoc.1.gz
-rw-r--r-- root/root      2151 2021-01-31 11:24 usr/man/it/man1/man2html.1.gz
-rw-r--r-- root/root      1349 2021-01-31 11:24 usr/man/it/man1/manlint.1.gz
-rw-r--r-- root/root      5568 2021-01-31 11:24 usr/man/it/man1/nm.1.gz
-rw-r--r-- root/root      1297 2021-01-31 11:24 usr/man/it/man1/psc.1.gz
-rw-r--r-- root/root      3883 2021-01-31 11:24 usr/man/it/man1/ranlib.1.gz
-rw-r--r-- root/root      2265 2021-01-31 11:24 usr/man/it/man1/rcp.1.gz
-rw-r--r-- root/root      3898 2021-01-31 11:24 usr/man/it/man1/readelf.1.gz
-rw-r--r-- root/root      2689 2021-01-31 11:24 usr/man/it/man1/rlogin.1.gz
-rw-r--r-- root/root      2402 2021-01-31 11:24 usr/man/it/man1/rsh.1.gz
-rw-r--r-- root/root      4370 2021-01-31 11:24 usr/man/it/man1/size.1.gz
-rw-r--r-- root/root      1005 2021-01-31 11:24 usr/man/it/man1/slsc.1.gz
-rw-r--r-- root/root      2741 2021-01-31 11:24 usr/man/it/man1/startx.1.gz
-rw-r--r-- root/root      4135 2021-01-31 11:24 usr/man/it/man1/strings.1.gz
-rw-r--r-- root/root      6053 2021-01-31 11:24 usr/man/it/man1/strip.1.gz
-rw-r--r-- root/root      2115 2021-01-31 11:24 usr/man/it/man1/talk.1.gz
-rw-r--r-- root/root      3964 2021-01-31 11:24 usr/man/it/man1/time.1.gz
-rw-r--r-- root/root       798 2021-01-31 11:24 usr/man/it/man1/vprint.1.gz
-rw-r--r-- root/root      3227 2021-01-31 11:24 usr/man/it/man1/xhost.1.gz
-rw-r--r-- root/root      3237 2021-01-31 11:24 usr/man/it/man1/xinit.1.gz
drwxr-xr-x root/root         0 2021-01-31 11:24 usr/man/it/man2/
-rw-r--r-- root/root      3050 2021-01-31 11:24 usr/man/it/man2/_syscall.2.gz
-rw-r--r-- root/root      6931 2021-01-31 11:24 usr/man/it/man2/adjtimex.2.gz
-rw-r--r-- root/root      4787 2021-01-31 11:24 usr/man/it/man2/fork.2.gz
-rw-r--r-- root/root      2887 2021-01-31 11:24 usr/man/it/man2/intro.2.gz
-rw-r--r-- root/root     10517 2021-01-31 11:24 usr/man/it/man2/mount.2.gz
-rw-r--r-- root/root      5255 2021-01-31 11:24 usr/man/it/man2/readv.2.gz
-rw-r--r-- root/root        48 2021-01-31 11:24 usr/man/it/man2/swapoff.2.gz
-rw-r--r-- root/root      3462 2021-01-31 11:24 usr/man/it/man2/swapon.2.gz
-rw-r--r-- root/root      3594 2021-01-31 11:24 usr/man/it/man2/symlink.2.gz
-rw-r--r-- root/root        51 2021-01-31 11:24 usr/man/it/man2/symlinkat.2.gz
-rw-r--r-- root/root      2494 2021-01-31 11:24 usr/man/it/man2/sync.2.gz
-rw-r--r-- root/root      1978 2021-01-31 11:24 usr/man/it/man2/sysfs.2.gz
-rw-r--r-- root/root      2423 2021-01-31 11:24 usr/man/it/man2/sysinfo.2.gz
-rw-r--r-- root/root      2931 2021-01-31 11:24 usr/man/it/man2/umask.2.gz
-rw-r--r-- root/root      3665 2021-01-31 11:24 usr/man/it/man2/umount.2.gz
-rw-r--r-- root/root        48 2021-01-31 11:24 usr/man/it/man2/umount2.2.gz
-rw-r--r-- root/root      2826 2021-01-31 11:24 usr/man/it/man2/uname.2.gz
-rw-r--r-- root/root      1552 2021-01-31 11:24 usr/man/it/man2/unimplemented.2.gz
-rw-r--r-- root/root      3841 2021-01-31 11:24 usr/man/it/man2/unlink.2.gz
-rw-r--r-- root/root        49 2021-01-31 11:24 usr/man/it/man2/unlinkat.2.gz
-rw-r--r-- root/root      2607 2021-01-31 11:24 usr/man/it/man2/uselib.2.gz
-rw-r--r-- root/root      2298 2021-01-31 11:24 usr/man/it/man2/ustat.2.gz
-rw-r--r-- root/root      2668 2021-01-31 11:24 usr/man/it/man2/utime.2.gz
-rw-r--r-- root/root        46 2021-01-31 11:24 usr/man/it/man2/utimes.2.gz
-rw-r--r-- root/root      5364 2021-01-31 11:24 usr/man/it/man2/vfork.2.gz
-rw-r--r-- root/root      1834 2021-01-31 11:24 usr/man/it/man2/vhangup.2.gz
-rw-r--r-- root/root      1826 2021-01-31 11:24 usr/man/it/man2/vm86.2.gz
-rw-r--r-- root/root      8251 2021-01-31 11:24 usr/man/it/man2/wait.2.gz
-rw-r--r-- root/root        45 2021-01-31 11:24 usr/man/it/man2/wait3.2.gz
-rw-r--r-- root/root      2473 2021-01-31 11:24 usr/man/it/man2/wait4.2.gz
-rw-r--r-- root/root        46 2021-01-31 11:24 usr/man/it/man2/waitpid.2.gz
-rw-r--r-- root/root      5431 2021-01-31 11:24 usr/man/it/man2/write.2.gz
-rw-r--r-- root/root        46 2021-01-31 11:24 usr/man/it/man2/writev.2.gz
drwxr-xr-x root/root         0 2021-01-31 11:24 usr/man/it/man3/
-rw-r--r-- root/root      2792 2021-01-31 11:24 usr/man/it/man3/adjtime.3.gz
-rw-r--r-- root/root      2994 2021-01-31 11:24 usr/man/it/man3/daemon.3.gz
-rw-r--r-- root/root      2672 2021-01-31 11:24 usr/man/it/man3/err.3.gz
-rw-r--r-- root/root      3341 2021-01-31 11:24 usr/man/it/man3/exit.3.gz
-rw-r--r-- root/root      2225 2021-01-31 11:24 usr/man/it/man3/intro.3.gz
-rw-r--r-- root/root      2276 2021-01-31 11:24 usr/man/it/man3/undocumented.3.gz
drwxr-xr-x root/root         0 2021-01-31 11:24 usr/man/it/man4/
-rw-r--r-- root/root      3805 2021-01-31 11:24 usr/man/it/man4/fd.4.gz
-rw-r--r-- root/root      1466 2021-01-31 11:24 usr/man/it/man4/full.4.gz
-rw-r--r-- root/root      2044 2021-01-31 11:24 usr/man/it/man4/hd.4.gz
-rw-r--r-- root/root      1399 2021-01-31 11:24 usr/man/it/man4/intro.4.gz
-rw-r--r-- root/root      7015 2021-01-31 11:24 usr/man/it/man4/ipfw.4.gz
-rw-r--r-- root/root        42 2021-01-31 11:24 usr/man/it/man4/kmem.4.gz
-rw-r--r-- root/root      3117 2021-01-31 11:24 usr/man/it/man4/lp.4.gz
-rw-r--r-- root/root      1898 2021-01-31 11:24 usr/man/it/man4/mem.4.gz
-rw-r--r-- root/root      2965 2021-01-31 11:24 usr/man/it/man4/mouse.4.gz
-rw-r--r-- root/root      1671 2021-01-31 11:24 usr/man/it/man4/null.4.gz
-rw-r--r-- root/root        42 2021-01-31 11:24 usr/man/it/man4/port.4.gz
-rw-r--r-- root/root      1302 2021-01-31 11:24 usr/man/it/man4/ram.4.gz
-rw-r--r-- root/root      5041 2021-01-31 11:24 usr/man/it/man4/random.4.gz
-rw-r--r-- root/root      2341 2021-01-31 11:24 usr/man/it/man4/sd.4.gz
-rw-r--r-- root/root      1846 2021-01-31 11:24 usr/man/it/man4/tty.4.gz
-rw-r--r-- root/root      1388 2021-01-31 11:24 usr/man/it/man4/ttyS.4.gz
-rw-r--r-- root/root        48 2021-01-31 11:24 usr/man/it/man4/urandom.4.gz
-rw-r--r-- root/root      2921 2021-01-31 11:24 usr/man/it/man4/vcs.4.gz
-rw-r--r-- root/root        42 2021-01-31 11:24 usr/man/it/man4/vcsa.4.gz
-rw-r--r-- root/root        43 2021-01-31 11:24 usr/man/it/man4/zero.4.gz
drwxr-xr-x root/root         0 2021-01-31 11:24 usr/man/it/man5/
-rw-r--r-- root/root      2134 2021-01-31 11:24 usr/man/it/man5/charmap.5.gz
-rw-r--r-- root/root      3700 2021-01-31 11:24 usr/man/it/man5/filesystems.5.gz
-rw-r--r-- root/root        48 2021-01-31 11:24 usr/man/it/man5/fs.5.gz
-rw-r--r-- root/root      4143 2021-01-31 11:24 usr/man/it/man5/fstab.5.gz
-rw-r--r-- root/root      1674 2021-01-31 11:24 usr/man/it/man5/group.5.gz
-rw-r--r-- root/root      2752 2021-01-31 11:24 usr/man/it/man5/hosts.5.gz
-rw-r--r-- root/root      1483 2021-01-31 11:24 usr/man/it/man5/intro.5.gz
-rw-r--r-- root/root      1509 2021-01-31 11:24 usr/man/it/man5/issue.5.gz
-rw-r--r-- root/root      8954 2021-01-31 11:24 usr/man/it/man5/locale.5.gz
-rw-r--r-- root/root      1504 2021-01-31 11:24 usr/man/it/man5/motd.5.gz
-rw-r--r-- root/root      1474 2021-01-31 11:24 usr/man/it/man5/nologin.5.gz
-rw-r--r-- root/root      1952 2021-01-31 11:24 usr/man/it/man5/protocols.5.gz
-rw-r--r-- root/root      1553 2021-01-31 11:24 usr/man/it/man5/securetty.5.gz
-rw-r--r-- root/root      3661 2021-01-31 11:24 usr/man/it/man5/services.5.gz
-rw-r--r-- root/root      1587 2021-01-31 11:24 usr/man/it/man5/shells.5.gz
-rw-r--r-- root/root      1787 2021-01-31 11:24 usr/man/it/man5/ttytype.5.gz
-rw-r--r-- root/root      5581 2021-01-31 11:24 usr/man/it/man5/utmp.5.gz
-rw-r--r-- root/root        44 2021-01-31 11:24 usr/man/it/man5/utmpx.5.gz
-rw-r--r-- root/root        43 2021-01-31 11:24 usr/man/it/man5/wtmp.5.gz
drwxr-xr-x root/root         0 2021-01-31 11:24 usr/man/it/man6/
-rw-r--r-- root/root      1350 2021-01-31 11:24 usr/man/it/man6/intro.6.gz
drwxr-xr-x root/root         0 2021-01-31 11:24 usr/man/it/man7/
-rw-r--r-- root/root      4342 2021-01-31 11:24 usr/man/it/man7/ascii.7.gz
-rw-r--r-- root/root      6383 2021-01-31 11:24 usr/man/it/man7/charsets.7.gz
-rw-r--r-- root/root      4338 2021-01-31 11:24 usr/man/it/man7/environ.7.gz
-rw-r--r-- root/root      4019 2021-01-31 11:24 usr/man/it/man7/glob.7.gz
-rw-r--r-- root/root      6451 2021-01-31 11:24 usr/man/it/man7/hier.7.gz
-rw-r--r-- root/root      1481 2021-01-31 11:24 usr/man/it/man7/intro.7.gz
-rw-r--r-- root/root        55 2021-01-31 11:24 usr/man/it/man7/iso-8859-1.7.gz
-rw-r--r-- root/root        57 2021-01-31 11:24 usr/man/it/man7/iso-8859-15.7.gz
-rw-r--r-- root/root        56 2021-01-31 11:24 usr/man/it/man7/iso-8859-2.7.gz
-rw-r--r-- root/root        55 2021-01-31 11:24 usr/man/it/man7/iso-8859-7.7.gz
-rw-r--r-- root/root      3370 2021-01-31 11:24 usr/man/it/man7/iso_8859-1.7.gz
-rw-r--r-- root/root      3357 2021-01-31 11:24 usr/man/it/man7/iso_8859-15.7.gz
-rw-r--r-- root/root      3257 2021-01-31 11:24 usr/man/it/man7/iso_8859-2.7.gz
-rw-r--r-- root/root      3286 2021-01-31 11:24 usr/man/it/man7/iso_8859-7.7.gz
-rw-r--r-- root/root        55 2021-01-31 11:24 usr/man/it/man7/iso_8859_1.7.gz
-rw-r--r-- root/root        57 2021-01-31 11:24 usr/man/it/man7/iso_8859_15.7.gz
-rw-r--r-- root/root        56 2021-01-31 11:24 usr/man/it/man7/iso_8859_2.7.gz
-rw-r--r-- root/root        55 2021-01-31 11:24 usr/man/it/man7/iso_8859_7.7.gz
-rw-r--r-- root/root        51 2021-01-31 11:24 usr/man/it/man7/latin1.7.gz
-rw-r--r-- root/root        51 2021-01-31 11:24 usr/man/it/man7/latin2.7.gz
-rw-r--r-- root/root      5724 2021-01-31 11:24 usr/man/it/man7/locale.7.gz
-rw-r--r-- root/root      2860 2021-01-31 11:24 usr/man/it/man7/mailaddr.7.gz
-rw-r--r-- root/root      7297 2021-01-31 11:24 usr/man/it/man7/man.7.gz
-rw-r--r-- root/root      5560 2021-01-31 11:24 usr/man/it/man7/regex.7.gz
-rw-r--r-- root/root     10166 2021-01-31 11:24 usr/man/it/man7/signal.7.gz
-rw-r--r-- root/root      4276 2021-01-31 11:24 usr/man/it/man7/standards.7.gz
-rw-r--r-- root/root      4817 2021-01-31 11:24 usr/man/it/man7/suffixes.7.gz
-rw-r--r-- root/root      5201 2021-01-31 11:24 usr/man/it/man7/unicode.7.gz
-rw-r--r-- root/root      4028 2021-01-31 11:24 usr/man/it/man7/utf-8.7.gz
-rw-r--r-- root/root        44 2021-01-31 11:24 usr/man/it/man7/utf8.7.gz
drwxr-xr-x root/root         0 2021-01-31 11:24 usr/man/it/man8/
-rw-r--r-- root/root      4116 2021-01-31 11:24 usr/man/it/man8/ftpd.8.gz
-rw-r--r-- root/root      5001 2021-01-31 11:24 usr/man/it/man8/inetd.8.gz
-rw-r--r-- root/root      1584 2021-01-31 11:24 usr/man/it/man8/intro.8.gz
-rw-r--r-- root/root      6328 2021-01-31 11:24 usr/man/it/man8/iwconfig.8.gz
-rw-r--r-- root/root      1675 2021-01-31 11:24 usr/man/it/man8/iwevent.8.gz
-rw-r--r-- root/root      1564 2021-01-31 11:24 usr/man/it/man8/iwgetid.8.gz
-rw-r--r-- root/root      1460 2021-01-31 11:24 usr/man/it/man8/iwspy.8.gz
-rw-r--r-- root/root      2432 2021-01-31 11:24 usr/man/it/man8/parted.8.gz
-rw-r--r-- root/root      3006 2021-01-31 11:24 usr/man/it/man8/parted2.8.gz
-rw-r--r-- root/root      4789 2021-01-31 11:24 usr/man/it/man8/ping.8.gz
-rw-r--r-- root/root      2437 2021-01-31 11:24 usr/man/it/man8/rexecd.8.gz
-rw-r--r-- root/root      2697 2021-01-31 11:24 usr/man/it/man8/rlogind.8.gz
-rw-r--r-- root/root      3077 2021-01-31 11:24 usr/man/it/man8/rshd.8.gz
-rw-r--r-- root/root      2746 2021-01-31 11:24 usr/man/it/man8/syslogd.8.gz
-rw-r--r-- root/root      1585 2021-01-31 11:24 usr/man/it/man8/talkd.8.gz
-rw-r--r-- root/root      5833 2021-01-31 11:24 usr/man/it/man8/telnetd.8.gz
-rw-r--r-- root/root      1926 2021-01-31 11:24 usr/man/it/man8/tftpd.8.gz
-rw-r--r-- root/root      1248 2021-01-31 11:24 usr/man/it/man8/tzselect.8.gz
-rw-r--r-- root/root      3583 2021-01-31 11:24 usr/man/it/man8/zdump.8.gz
drwxr-xr-x root/root         0 2021-01-31 11:24 usr/man/it/man9/
-rw-r--r-- root/root      1011 2021-01-31 11:24 usr/man/it/man9/ksoftirqd.9.gz


