++========================================
||
||   Package:  ./dropbox-bin/dropbox-bin-156.4.4908-x86_64-1cf.txz
||
++========================================
drwxr-xr-x root/root         0 2022-09-02 12:34 ./
drwxr-xr-x root/root         0 2022-09-02 12:34 install/
-rw-r--r-- root/root       656 2022-09-02 12:34 install/doinst.sh
-rw-r--r-- root/root       940 2022-09-02 12:34 install/slack-desc
drwxr-xr-x root/root         0 2022-09-02 12:34 usr/
drwxr-xr-x root/root         0 2022-09-02 12:34 usr/bin/
drwxr-xr-x root/root         0 2022-09-02 12:34 usr/doc/
drwxr-xr-x root/root         0 2022-09-02 12:34 usr/doc/dropbox-bin-156.4.4908/
-rw-r--r-- root/root      3288 2022-09-02 12:34 usr/doc/dropbox-bin-156.4.4908/dropbox-bin.SlackBuild
drwxr-xr-x root/root         0 2022-09-02 12:34 usr/share/
drwxr-xr-x root/root         0 2022-09-02 12:34 usr/share/applications/
-rw-r--r-- root/root       228 2022-09-02 12:34 usr/share/applications/dropbox.desktop
drwxr-xr-x root/root         0 2022-09-02 12:34 usr/share/dropbox/
-rw-r--r-- root/root        10 2022-09-02 12:34 usr/share/dropbox/VERSION
drwxr-xr-x root/root         0 2022-09-02 12:34 usr/share/dropbox/dropbox-lnx.x86_64-156.4.4908/
-rw-r--r-- root/root    108540 2022-09-02 12:34 usr/share/dropbox/dropbox-lnx.x86_64-156.4.4908/ACKNOWLEDGEMENTS
-rwxr-xr-x root/root   2848648 2022-09-02 12:34 usr/share/dropbox/dropbox-lnx.x86_64-156.4.4908/PyQt5.QtCore.cpython-38-x86_64-linux-gnu.so
-rwxr-xr-x root/root    214616 2022-09-02 12:34 usr/share/dropbox/dropbox-lnx.x86_64-156.4.4908/PyQt5.QtDBus.cpython-38-x86_64-linux-gnu.so
-rwxr-xr-x root/root   3227232 2022-09-02 12:34 usr/share/dropbox/dropbox-lnx.x86_64-156.4.4908/PyQt5.QtGui.cpython-38-x86_64-linux-gnu.so
-rwxr-xr-x root/root    778304 2022-09-02 12:34 usr/share/dropbox/dropbox-lnx.x86_64-156.4.4908/PyQt5.QtNetwork.cpython-38-x86_64-linux-gnu.so
-rwxr-xr-x root/root    230624 2022-09-02 12:34 usr/share/dropbox/dropbox-lnx.x86_64-156.4.4908/PyQt5.QtPrintSupport.cpython-38-x86_64-linux-gnu.so
-rwxr-xr-x root/root    727472 2022-09-02 12:34 usr/share/dropbox/dropbox-lnx.x86_64-156.4.4908/PyQt5.QtQml.cpython-38-x86_64-linux-gnu.so
-rwxr-xr-x root/root   1064192 2022-09-02 12:34 usr/share/dropbox/dropbox-lnx.x86_64-156.4.4908/PyQt5.QtQuick.cpython-38-x86_64-linux-gnu.so
-rwxr-xr-x root/root   5406144 2022-09-02 12:34 usr/share/dropbox/dropbox-lnx.x86_64-156.4.4908/PyQt5.QtWidgets.cpython-38-x86_64-linux-gnu.so
-rw-r--r-- root/root    109032 2022-09-02 12:34 usr/share/dropbox/dropbox-lnx.x86_64-156.4.4908/README
-rw-r--r-- root/root        10 2022-09-02 12:34 usr/share/dropbox/dropbox-lnx.x86_64-156.4.4908/VERSION
-rwxr-xr-x root/root    176448 2022-09-02 12:34 usr/share/dropbox/dropbox-lnx.x86_64-156.4.4908/_cffi_backend.cpython-38-x86_64-linux-gnu.so
-rwxr-xr-x root/root     35528 2022-09-02 12:34 usr/share/dropbox/dropbox-lnx.x86_64-156.4.4908/_yappi.cpython-38-x86_64-linux-gnu.so
-rwxr-xr-x root/root    141520 2022-09-02 12:34 usr/share/dropbox/dropbox-lnx.x86_64-156.4.4908/allocator_metrics.cpython-38-x86_64-linux-gnu.so
-rwxr-xr-x root/root     73736 2022-09-02 12:34 usr/share/dropbox/dropbox-lnx.x86_64-156.4.4908/apex._apex.cpython-38-x86_64-linux-gnu.so
-rwxr-xr-x root/root     10208 2022-09-02 12:34 usr/share/dropbox/dropbox-lnx.x86_64-156.4.4908/cpuid_native.cpython-38-x86_64-linux-gnu.so
-rwxr-xr-x root/root   4283144 2022-09-02 12:34 usr/share/dropbox/dropbox-lnx.x86_64-156.4.4908/cryptography.hazmat.bindings._openssl.cpython-38-x86_64-linux-gnu.so
-rwxr-xr-x root/root     10216 2022-09-02 12:34 usr/share/dropbox/dropbox-lnx.x86_64-156.4.4908/cryptography.hazmat.bindings._padding.cpython-38-x86_64-linux-gnu.so
-rwxr-xr-x root/root     11931 2022-09-02 12:34 usr/share/dropbox/dropbox-lnx.x86_64-156.4.4908/dropbox
-rwxr-xr-x root/root       425 2022-09-02 12:34 usr/share/dropbox/dropbox-lnx.x86_64-156.4.4908/dropboxd
-rwxr-xr-x root/root     78424 2022-09-02 12:34 usr/share/dropbox/dropbox-lnx.x86_64-156.4.4908/fastpath.cpython-38-x86_64-linux-gnu.so
-rwxr-xr-x root/root     45480 2022-09-02 12:34 usr/share/dropbox/dropbox-lnx.x86_64-156.4.4908/fs_api_python.cpython-38-x86_64-linux-gnu.so
drwxr-xr-x root/root         0 2022-09-02 12:34 usr/share/dropbox/dropbox-lnx.x86_64-156.4.4908/helpers/
drwxr-xr-x root/root         0 2022-09-02 12:34 usr/share/dropbox/dropbox-lnx.x86_64-156.4.4908/images/
drwxr-xr-x root/root         0 2022-09-02 12:34 usr/share/dropbox/dropbox-lnx.x86_64-156.4.4908/images/emblems/
-rw-r--r-- root/root        36 2022-09-02 12:34 usr/share/dropbox/dropbox-lnx.x86_64-156.4.4908/images/emblems/emblem-dropbox-app.icon
-rw-r--r-- root/root      6219 2022-09-02 12:34 usr/share/dropbox/dropbox-lnx.x86_64-156.4.4908/images/emblems/emblem-dropbox-app.svg
-rw-r--r-- root/root        41 2022-09-02 12:34 usr/share/dropbox/dropbox-lnx.x86_64-156.4.4908/images/emblems/emblem-dropbox-infinite.icon
-rw-r--r-- root/root      3194 2022-09-02 12:34 usr/share/dropbox/dropbox-lnx.x86_64-156.4.4908/images/emblems/emblem-dropbox-infinite.png
-rw-r--r-- root/root        43 2022-09-02 12:34 usr/share/dropbox/dropbox-lnx.x86_64-156.4.4908/images/emblems/emblem-dropbox-mixedstate.icon
-rw-r--r-- root/root      4408 2022-09-02 12:34 usr/share/dropbox/dropbox-lnx.x86_64-156.4.4908/images/emblems/emblem-dropbox-mixedstate.png
-rw-r--r-- root/root        41 2022-09-02 12:34 usr/share/dropbox/dropbox-lnx.x86_64-156.4.4908/images/emblems/emblem-dropbox-selsync.icon
-rw-r--r-- root/root      4680 2022-09-02 12:34 usr/share/dropbox/dropbox-lnx.x86_64-156.4.4908/images/emblems/emblem-dropbox-selsync.png
-rw-r--r-- root/root        42 2022-09-02 12:34 usr/share/dropbox/dropbox-lnx.x86_64-156.4.4908/images/emblems/emblem-dropbox-syncing.icon
-rw-r--r-- root/root      5512 2022-09-02 12:34 usr/share/dropbox/dropbox-lnx.x86_64-156.4.4908/images/emblems/emblem-dropbox-syncing.png
-rw-r--r-- root/root        45 2022-09-02 12:34 usr/share/dropbox/dropbox-lnx.x86_64-156.4.4908/images/emblems/emblem-dropbox-unsyncable.icon
-rw-r--r-- root/root      5113 2022-09-02 12:34 usr/share/dropbox/dropbox-lnx.x86_64-156.4.4908/images/emblems/emblem-dropbox-unsyncable.png
-rw-r--r-- root/root        43 2022-09-02 12:34 usr/share/dropbox/dropbox-lnx.x86_64-156.4.4908/images/emblems/emblem-dropbox-uptodate.icon
-rw-r--r-- root/root      5659 2022-09-02 12:34 usr/share/dropbox/dropbox-lnx.x86_64-156.4.4908/images/emblems/emblem-dropbox-uptodate.png
drwxr-xr-x root/root         0 2022-09-02 12:34 usr/share/dropbox/dropbox-lnx.x86_64-156.4.4908/images/hicolor/
drwxr-xr-x root/root         0 2022-09-02 12:34 usr/share/dropbox/dropbox-lnx.x86_64-156.4.4908/images/hicolor/16x16/
drwxr-xr-x root/root         0 2022-09-02 12:34 usr/share/dropbox/dropbox-lnx.x86_64-156.4.4908/images/hicolor/16x16/status/
-rw-r--r-- root/root        97 2022-09-02 12:34 usr/share/dropbox/dropbox-lnx.x86_64-156.4.4908/images/hicolor/16x16/status/dropboxstatus-blank.png
-rw-r--r-- root/root       879 2022-09-02 12:34 usr/share/dropbox/dropbox-lnx.x86_64-156.4.4908/images/hicolor/16x16/status/dropboxstatus-busy.png
-rw-r--r-- root/root       873 2022-09-02 12:34 usr/share/dropbox/dropbox-lnx.x86_64-156.4.4908/images/hicolor/16x16/status/dropboxstatus-busy2.png
-rw-r--r-- root/root       685 2022-09-02 12:34 usr/share/dropbox/dropbox-lnx.x86_64-156.4.4908/images/hicolor/16x16/status/dropboxstatus-idle.png
-rw-r--r-- root/root       685 2022-09-02 12:34 usr/share/dropbox/dropbox-lnx.x86_64-156.4.4908/images/hicolor/16x16/status/dropboxstatus-logo.png
-rw-r--r-- root/root      1060 2022-09-02 12:34 usr/share/dropbox/dropbox-lnx.x86_64-156.4.4908/images/hicolor/16x16/status/dropboxstatus-x.png
-rwxr-xr-x root/root     53872 2022-09-02 12:34 usr/share/dropbox/dropbox-lnx.x86_64-156.4.4908/isotope_python.cpython-38-x86_64-linux-gnu.so
-rwxr-xr-x root/root    413968 2022-09-02 12:34 usr/share/dropbox/dropbox-lnx.x86_64-156.4.4908/libGL.so.1
-rwxr-xr-x root/root   5515832 2022-09-02 12:34 usr/share/dropbox/dropbox-lnx.x86_64-156.4.4908/libQt5Core.so.5
-rwxr-xr-x root/root    521128 2022-09-02 12:34 usr/share/dropbox/dropbox-lnx.x86_64-156.4.4908/libQt5DBus.so.5
-rwxr-xr-x root/root   6304008 2022-09-02 12:34 usr/share/dropbox/dropbox-lnx.x86_64-156.4.4908/libQt5Gui.so.5
-rwxr-xr-x root/root   4186752 2022-09-02 12:34 usr/share/dropbox/dropbox-lnx.x86_64-156.4.4908/libQt5Network.so.5
-rwxr-xr-x root/root    391464 2022-09-02 12:34 usr/share/dropbox/dropbox-lnx.x86_64-156.4.4908/libQt5OpenGL.so.5
-rwxr-xr-x root/root    434232 2022-09-02 12:34 usr/share/dropbox/dropbox-lnx.x86_64-156.4.4908/libQt5PrintSupport.so.5
-rwxr-xr-x root/root   4514712 2022-09-02 12:34 usr/share/dropbox/dropbox-lnx.x86_64-156.4.4908/libQt5Qml.so.5
-rwxr-xr-x root/root   4126464 2022-09-02 12:34 usr/share/dropbox/dropbox-lnx.x86_64-156.4.4908/libQt5Quick.so.5
-rwxr-xr-x root/root    270000 2022-09-02 12:34 usr/share/dropbox/dropbox-lnx.x86_64-156.4.4908/libQt5Sql.so.5
-rwxr-xr-x root/root  34290480 2022-09-02 12:34 usr/share/dropbox/dropbox-lnx.x86_64-156.4.4908/libQt5WebKit.so.5
-rwxr-xr-x root/root    284704 2022-09-02 12:34 usr/share/dropbox/dropbox-lnx.x86_64-156.4.4908/libQt5WebKitWidgets.so.5
-rwxr-xr-x root/root   6983864 2022-09-02 12:34 usr/share/dropbox/dropbox-lnx.x86_64-156.4.4908/libQt5Widgets.so.5
-rwxr-xr-x root/root   1410856 2022-09-02 12:34 usr/share/dropbox/dropbox-lnx.x86_64-156.4.4908/libQt5XcbQpa.so.5
-rwxr-xr-x root/root      5992 2022-09-02 12:34 usr/share/dropbox/dropbox-lnx.x86_64-156.4.4908/libX11-xcb.so.1
-rwxr-xr-x root/root     26704 2022-09-02 12:34 usr/share/dropbox/dropbox-lnx.x86_64-156.4.4908/libatomic.so.1
-rwxr-xr-x root/root     55640 2022-09-02 12:34 usr/share/dropbox/dropbox-lnx.x86_64-156.4.4908/libdrm.so.2
-rwxr-xr-x root/root  61427718 2022-09-02 12:34 usr/share/dropbox/dropbox-lnx.x86_64-156.4.4908/libdropbox_core.so
-rwxr-xr-x root/root     11436 2022-09-02 12:34 usr/share/dropbox/dropbox-lnx.x86_64-156.4.4908/libdropbox_sqlite_ext.so
-rwxr-xr-x root/root     27930 2022-09-02 12:34 usr/share/dropbox/dropbox-lnx.x86_64-156.4.4908/libdropbox_tprt.so
-rwxr-xr-x root/root     48072 2022-09-02 12:34 usr/share/dropbox/dropbox-lnx.x86_64-156.4.4908/libffi.so.7.1.0
-rwxr-xr-x root/root  16012397 2022-09-02 12:34 usr/share/dropbox/dropbox-lnx.x86_64-156.4.4908/libicudata.so.42
-rwxr-xr-x root/root   1909136 2022-09-02 12:34 usr/share/dropbox/dropbox-lnx.x86_64-156.4.4908/libicui18n.so.42
-rwxr-xr-x root/root   1623803 2022-09-02 12:34 usr/share/dropbox/dropbox-lnx.x86_64-156.4.4908/libicuuc.so.42
-rwxr-xr-x root/root     48112 2022-09-02 12:34 usr/share/dropbox/dropbox-lnx.x86_64-156.4.4908/libpopt.so.0
-rwxr-xr-x root/root  13170511 2022-09-02 12:34 usr/share/dropbox/dropbox-lnx.x86_64-156.4.4908/libpython3.8.so.1.0
-rwxr-xr-x root/root     10224 2022-09-02 12:34 usr/share/dropbox/dropbox-lnx.x86_64-156.4.4908/linuxffi_gnu_native.cpython-38-x86_64-linux-gnu.so
-rwxr-xr-x root/root     10232 2022-09-02 12:34 usr/share/dropbox/dropbox-lnx.x86_64-156.4.4908/linuxffi_pthread_native.cpython-38-x86_64-linux-gnu.so
-rwxr-xr-x root/root     14432 2022-09-02 12:34 usr/share/dropbox/dropbox-lnx.x86_64-156.4.4908/linuxffi_sys_native.cpython-38-x86_64-linux-gnu.so
-rwxr-xr-x root/root     23008 2022-09-02 12:34 usr/share/dropbox/dropbox-lnx.x86_64-156.4.4908/linuxinfinite_native.cpython-38-x86_64-linux-gnu.so
-rwxr-xr-x root/root     66448 2022-09-02 12:34 usr/share/dropbox/dropbox-lnx.x86_64-156.4.4908/nucleus_python.cpython-38-x86_64-linux-gnu.so
drwxr-xr-x root/root         0 2022-09-02 12:34 usr/share/dropbox/dropbox-lnx.x86_64-156.4.4908/plugins/
drwxr-xr-x root/root         0 2022-09-02 12:34 usr/share/dropbox/dropbox-lnx.x86_64-156.4.4908/plugins/platforms/
-rwxr-xr-x root/root     10712 2022-09-02 12:34 usr/share/dropbox/dropbox-lnx.x86_64-156.4.4908/plugins/platforms/libqxcb.so
-rwxr-xr-x root/root     14512 2022-09-02 12:34 usr/share/dropbox/dropbox-lnx.x86_64-156.4.4908/posixffi_libc_native.cpython-38-x86_64-linux-gnu.so
-rwxr-xr-x root/root     23176 2022-09-02 12:34 usr/share/dropbox/dropbox-lnx.x86_64-156.4.4908/psutil._psutil_linux.cpython-38-x86_64-linux-gnu.so
-rwxr-xr-x root/root     14536 2022-09-02 12:34 usr/share/dropbox/dropbox-lnx.x86_64-156.4.4908/psutil._psutil_posix.cpython-38-x86_64-linux-gnu.so
-rw-r--r-- root/root  43388722 2022-09-02 12:34 usr/share/dropbox/dropbox-lnx.x86_64-156.4.4908/python-packages.zip
-rw-r--r-- root/root        33 2022-09-02 12:34 usr/share/dropbox/dropbox-lnx.x86_64-156.4.4908/qt.conf
drwxr-xr-x root/root         0 2022-09-02 12:34 usr/share/dropbox/dropbox-lnx.x86_64-156.4.4908/resources/
-rw-r--r-- root/root   2376340 2022-09-02 12:34 usr/share/dropbox/dropbox-lnx.x86_64-156.4.4908/resources/resources_images.rcc
-rw-r--r-- root/root     26011 2022-09-02 12:34 usr/share/dropbox/dropbox-lnx.x86_64-156.4.4908/resources/resources_qml.rcc
-rwxr-xr-x root/root    128112 2022-09-02 12:34 usr/share/dropbox/dropbox-lnx.x86_64-156.4.4908/sip.cpython-38-x86_64-linux-gnu.so
-rwxr-xr-x root/root      6184 2022-09-02 12:34 usr/share/dropbox/dropbox-lnx.x86_64-156.4.4908/tornado.speedups.cpython-38-x86_64-linux-gnu.so
-rwxr-xr-x root/root    144616 2022-09-02 12:34 usr/share/dropbox/dropbox-lnx.x86_64-156.4.4908/tprt.cpython-38-x86_64-linux-gnu.so
-rwxr-xr-x root/root     43135 2022-09-02 12:34 usr/share/dropbox/dropbox-lnx.x86_64-156.4.4908/wmctrl
-rwxr-xr-x root/root     43528 2022-09-02 12:34 usr/share/dropbox/dropbox-lnx.x86_64-156.4.4908/wrapt._wrappers.cpython-38-x86_64-linux-gnu.so
-rwxr-xr-x root/root       103 2022-09-02 12:34 usr/share/dropbox/dropboxd
drwxr-xr-x root/root         0 2022-09-02 12:34 usr/share/pixmaps/
-rw-r--r-- root/root     11418 2022-09-02 12:34 usr/share/pixmaps/dropbox.png


