++========================================
||
||   Package:  ./dos2unix/dos2unix-7.4.2-x86_64-2cf.txz
||
++========================================
drwxr-xr-x root/root         0 2021-01-24 09:59 ./
drwxr-xr-x root/root         0 2021-01-24 09:59 install/
-rw-r--r-- root/root      3348 2021-01-24 09:59 install/doinst.sh
-rw-r--r-- root/root       897 2021-01-24 09:59 install/slack-desc
drwxr-xr-x root/root         0 2021-01-24 09:59 usr/
drwxr-xr-x root/root         0 2021-01-24 09:59 usr/bin/
-rwxr-xr-x root/root     51512 2021-01-24 09:59 usr/bin/dos2unix
-rwxr-xr-x root/root     51512 2021-01-24 09:59 usr/bin/unix2dos
drwxr-xr-x root/root         0 2021-01-24 09:59 usr/doc/
drwxr-xr-x root/root         0 2021-01-24 09:59 usr/doc/dos2unix-7.4.2/
-rw-r--r-- root/root       532 2021-01-24 09:59 usr/doc/dos2unix-7.4.2/BUGS.txt
-rw-r--r-- root/root      1456 2021-01-24 09:59 usr/doc/dos2unix-7.4.2/COPYING.txt
-rw-r--r-- root/root     61885 2021-01-24 09:59 usr/doc/dos2unix-7.4.2/ChangeLog.txt
-rw-r--r-- root/root     11046 2021-01-24 09:59 usr/doc/dos2unix-7.4.2/INSTALL.txt
-rw-r--r-- root/root      9308 2021-01-24 09:59 usr/doc/dos2unix-7.4.2/NEWS.txt
-rw-r--r-- root/root     10897 2021-01-24 09:59 usr/doc/dos2unix-7.4.2/README.txt
-rw-r--r-- root/root       404 2021-01-24 09:59 usr/doc/dos2unix-7.4.2/TODO.txt
drwxr-xr-x root/root         0 2021-01-24 09:59 usr/doc/dos2unix-7.4.2/de/
-rw-r--r-- root/root     40207 2021-01-24 09:59 usr/doc/dos2unix-7.4.2/de/dos2unix.htm
-rw-r--r-- root/root     34495 2021-01-24 09:59 usr/doc/dos2unix-7.4.2/de/dos2unix.txt
-rw-r--r-- root/root      3285 2021-01-24 09:59 usr/doc/dos2unix-7.4.2/dos2unix.SlackBuild
-rw-r--r-- root/root     34059 2021-01-24 09:59 usr/doc/dos2unix-7.4.2/dos2unix.htm
-rw-r--r-- root/root     29223 2021-01-24 09:59 usr/doc/dos2unix-7.4.2/dos2unix.txt
drwxr-xr-x root/root         0 2021-01-24 09:59 usr/doc/dos2unix-7.4.2/es/
-rw-r--r-- root/root     39123 2021-01-24 09:59 usr/doc/dos2unix-7.4.2/es/dos2unix.htm
-rw-r--r-- root/root     32339 2021-01-24 09:59 usr/doc/dos2unix-7.4.2/es/dos2unix.txt
drwxr-xr-x root/root         0 2021-01-24 09:59 usr/doc/dos2unix-7.4.2/fr/
-rw-r--r-- root/root     43077 2021-01-24 09:59 usr/doc/dos2unix-7.4.2/fr/dos2unix.htm
-rw-r--r-- root/root     34825 2021-01-24 09:59 usr/doc/dos2unix-7.4.2/fr/dos2unix.txt
drwxr-xr-x root/root         0 2021-01-24 09:59 usr/doc/dos2unix-7.4.2/nl/
-rw-r--r-- root/root     36722 2021-01-24 09:59 usr/doc/dos2unix-7.4.2/nl/dos2unix.htm
-rw-r--r-- root/root     31727 2021-01-24 09:59 usr/doc/dos2unix-7.4.2/nl/dos2unix.txt
drwxr-xr-x root/root         0 2021-01-24 09:59 usr/doc/dos2unix-7.4.2/pl/
-rw-r--r-- root/root     41923 2021-01-24 09:59 usr/doc/dos2unix-7.4.2/pl/dos2unix.htm
-rw-r--r-- root/root     32338 2021-01-24 09:59 usr/doc/dos2unix-7.4.2/pl/dos2unix.txt
drwxr-xr-x root/root         0 2021-01-24 09:59 usr/doc/dos2unix-7.4.2/pt_BR/
-rw-r--r-- root/root     42954 2021-01-24 09:59 usr/doc/dos2unix-7.4.2/pt_BR/dos2unix.htm
-rw-r--r-- root/root     33148 2021-01-24 09:59 usr/doc/dos2unix-7.4.2/pt_BR/dos2unix.txt
drwxr-xr-x root/root         0 2021-01-24 09:59 usr/doc/dos2unix-7.4.2/sv/
-rw-r--r-- root/root     38893 2021-01-24 09:59 usr/doc/dos2unix-7.4.2/sv/dos2unix.htm
-rw-r--r-- root/root     31178 2021-01-24 09:59 usr/doc/dos2unix-7.4.2/sv/dos2unix.txt
drwxr-xr-x root/root         0 2021-01-24 09:59 usr/doc/dos2unix-7.4.2/uk/
-rw-r--r-- root/root    156942 2021-01-24 09:59 usr/doc/dos2unix-7.4.2/uk/dos2unix.htm
-rw-r--r-- root/root     54712 2021-01-24 09:59 usr/doc/dos2unix-7.4.2/uk/dos2unix.txt
drwxr-xr-x root/root         0 2021-01-24 09:59 usr/doc/dos2unix-7.4.2/zh_CN/
-rw-r--r-- root/root     57999 2021-01-24 09:59 usr/doc/dos2unix-7.4.2/zh_CN/dos2unix.htm
-rw-r--r-- root/root     25542 2021-01-24 09:59 usr/doc/dos2unix-7.4.2/zh_CN/dos2unix.txt
drwxr-xr-x root/root         0 2021-01-24 09:59 usr/man/
drwxr-xr-x root/root         0 2021-01-24 09:59 usr/man/de/
drwxr-xr-x root/root         0 2021-01-24 09:59 usr/man/de/man1/
-rw-r--r-- root/root     12053 2021-01-24 09:59 usr/man/de/man1/dos2unix.1.gz
drwxr-xr-x root/root         0 2021-01-24 09:59 usr/man/es/
drwxr-xr-x root/root         0 2021-01-24 09:59 usr/man/es/man1/
-rw-r--r-- root/root     11554 2021-01-24 09:59 usr/man/es/man1/dos2unix.1.gz
drwxr-xr-x root/root         0 2021-01-24 09:59 usr/man/fr/
drwxr-xr-x root/root         0 2021-01-24 09:59 usr/man/fr/man1/
-rw-r--r-- root/root     11665 2021-01-24 09:59 usr/man/fr/man1/dos2unix.1.gz
drwxr-xr-x root/root         0 2021-01-24 09:59 usr/man/man1/
-rw-r--r-- root/root     10317 2021-01-24 09:59 usr/man/man1/dos2unix.1.gz
drwxr-xr-x root/root         0 2021-01-24 09:59 usr/man/nl/
drwxr-xr-x root/root         0 2021-01-24 09:59 usr/man/nl/man1/
-rw-r--r-- root/root     11390 2021-01-24 09:59 usr/man/nl/man1/dos2unix.1.gz
drwxr-xr-x root/root         0 2021-01-24 09:59 usr/man/pl/
drwxr-xr-x root/root         0 2021-01-24 09:59 usr/man/pl/man1/
-rw-r--r-- root/root     11718 2021-01-24 09:59 usr/man/pl/man1/dos2unix.1.gz
drwxr-xr-x root/root         0 2021-01-24 09:59 usr/man/pt_BR/
drwxr-xr-x root/root         0 2021-01-24 09:59 usr/man/pt_BR/man1/
-rw-r--r-- root/root     11228 2021-01-24 09:59 usr/man/pt_BR/man1/dos2unix.1.gz
drwxr-xr-x root/root         0 2021-01-24 09:59 usr/man/sv/
drwxr-xr-x root/root         0 2021-01-24 09:59 usr/man/sv/man1/
-rw-r--r-- root/root     10999 2021-01-24 09:59 usr/man/sv/man1/dos2unix.1.gz
drwxr-xr-x root/root         0 2021-01-24 09:59 usr/man/uk/
drwxr-xr-x root/root         0 2021-01-24 09:59 usr/man/uk/man1/
-rw-r--r-- root/root     14181 2021-01-24 09:59 usr/man/uk/man1/dos2unix.1.gz
drwxr-xr-x root/root         0 2021-01-24 09:59 usr/man/zh_CN/
drwxr-xr-x root/root         0 2021-01-24 09:59 usr/man/zh_CN/man1/
-rw-r--r-- root/root     10583 2021-01-24 09:59 usr/man/zh_CN/man1/dos2unix.1.gz
drwxr-xr-x root/root         0 2021-01-24 09:59 usr/share/
drwxr-xr-x root/root         0 2021-01-24 09:59 usr/share/locale/
drwxr-xr-x root/root         0 2021-01-24 09:59 usr/share/locale/da/
drwxr-xr-x root/root         0 2021-01-24 09:59 usr/share/locale/da/LC_MESSAGES/
-rw-r--r-- root/root     18085 2021-01-24 09:59 usr/share/locale/da/LC_MESSAGES/dos2unix.mo
drwxr-xr-x root/root         0 2021-01-24 09:59 usr/share/locale/de/
drwxr-xr-x root/root         0 2021-01-24 09:59 usr/share/locale/de/LC_MESSAGES/
-rw-r--r-- root/root     19246 2021-01-24 09:59 usr/share/locale/de/LC_MESSAGES/dos2unix.mo
drwxr-xr-x root/root         0 2021-01-24 09:59 usr/share/locale/eo/
drwxr-xr-x root/root         0 2021-01-24 09:59 usr/share/locale/eo/LC_MESSAGES/
-rw-r--r-- root/root     14823 2021-01-24 09:59 usr/share/locale/eo/LC_MESSAGES/dos2unix.mo
drwxr-xr-x root/root         0 2021-01-24 09:59 usr/share/locale/es/
drwxr-xr-x root/root         0 2021-01-24 09:59 usr/share/locale/es/LC_MESSAGES/
-rw-r--r-- root/root     17240 2021-01-24 09:59 usr/share/locale/es/LC_MESSAGES/dos2unix.mo
drwxr-xr-x root/root         0 2021-01-24 09:59 usr/share/locale/fr/
drwxr-xr-x root/root         0 2021-01-24 09:59 usr/share/locale/fr/LC_MESSAGES/
-rw-r--r-- root/root     19079 2021-01-24 09:59 usr/share/locale/fr/LC_MESSAGES/dos2unix.mo
drwxr-xr-x root/root         0 2021-01-24 09:59 usr/share/locale/fur/
drwxr-xr-x root/root         0 2021-01-24 09:59 usr/share/locale/fur/LC_MESSAGES/
-rw-r--r-- root/root     19046 2021-01-24 09:59 usr/share/locale/fur/LC_MESSAGES/dos2unix.mo
drwxr-xr-x root/root         0 2021-01-24 09:59 usr/share/locale/hu/
drwxr-xr-x root/root         0 2021-01-24 09:59 usr/share/locale/hu/LC_MESSAGES/
-rw-r--r-- root/root     19446 2021-01-24 09:59 usr/share/locale/hu/LC_MESSAGES/dos2unix.mo
drwxr-xr-x root/root         0 2021-01-24 09:59 usr/share/locale/ja/
drwxr-xr-x root/root         0 2021-01-24 09:59 usr/share/locale/ja/LC_MESSAGES/
-rw-r--r-- root/root     20171 2021-01-24 09:59 usr/share/locale/ja/LC_MESSAGES/dos2unix.mo
drwxr-xr-x root/root         0 2021-01-24 09:59 usr/share/locale/nb/
drwxr-xr-x root/root         0 2021-01-24 09:59 usr/share/locale/nb/LC_MESSAGES/
-rw-r--r-- root/root     17923 2021-01-24 09:59 usr/share/locale/nb/LC_MESSAGES/dos2unix.mo
drwxr-xr-x root/root         0 2021-01-24 09:59 usr/share/locale/nl/
drwxr-xr-x root/root         0 2021-01-24 09:59 usr/share/locale/nl/LC_MESSAGES/
-rw-r--r-- root/root     17263 2021-01-24 09:59 usr/share/locale/nl/LC_MESSAGES/dos2unix.mo
drwxr-xr-x root/root         0 2021-01-24 09:59 usr/share/locale/pl/
drwxr-xr-x root/root         0 2021-01-24 09:59 usr/share/locale/pl/LC_MESSAGES/
-rw-r--r-- root/root     18520 2021-01-24 09:59 usr/share/locale/pl/LC_MESSAGES/dos2unix.mo
drwxr-xr-x root/root         0 2021-01-24 09:59 usr/share/locale/pt_BR/
drwxr-xr-x root/root         0 2021-01-24 09:59 usr/share/locale/pt_BR/LC_MESSAGES/
-rw-r--r-- root/root     18942 2021-01-24 09:59 usr/share/locale/pt_BR/LC_MESSAGES/dos2unix.mo
drwxr-xr-x root/root         0 2021-01-24 09:59 usr/share/locale/ru/
drwxr-xr-x root/root         0 2021-01-24 09:59 usr/share/locale/ru/LC_MESSAGES/
-rw-r--r-- root/root     22377 2021-01-24 09:59 usr/share/locale/ru/LC_MESSAGES/dos2unix.mo
drwxr-xr-x root/root         0 2021-01-24 09:59 usr/share/locale/sr/
drwxr-xr-x root/root         0 2021-01-24 09:59 usr/share/locale/sr/LC_MESSAGES/
-rw-r--r-- root/root     23428 2021-01-24 09:59 usr/share/locale/sr/LC_MESSAGES/dos2unix.mo
drwxr-xr-x root/root         0 2021-01-24 09:59 usr/share/locale/sv/
drwxr-xr-x root/root         0 2021-01-24 09:59 usr/share/locale/sv/LC_MESSAGES/
-rw-r--r-- root/root     18403 2021-01-24 09:59 usr/share/locale/sv/LC_MESSAGES/dos2unix.mo
drwxr-xr-x root/root         0 2021-01-24 09:59 usr/share/locale/uk/
drwxr-xr-x root/root         0 2021-01-24 09:59 usr/share/locale/uk/LC_MESSAGES/
-rw-r--r-- root/root     24091 2021-01-24 09:59 usr/share/locale/uk/LC_MESSAGES/dos2unix.mo
drwxr-xr-x root/root         0 2021-01-24 09:59 usr/share/locale/vi/
drwxr-xr-x root/root         0 2021-01-24 09:59 usr/share/locale/vi/LC_MESSAGES/
-rw-r--r-- root/root     18317 2021-01-24 09:59 usr/share/locale/vi/LC_MESSAGES/dos2unix.mo
drwxr-xr-x root/root         0 2021-01-24 09:59 usr/share/locale/zh_CN/
drwxr-xr-x root/root         0 2021-01-24 09:59 usr/share/locale/zh_CN/LC_MESSAGES/
-rw-r--r-- root/root     17439 2021-01-24 09:59 usr/share/locale/zh_CN/LC_MESSAGES/dos2unix.mo
drwxr-xr-x root/root         0 2021-01-24 09:59 usr/share/locale/zh_TW/
drwxr-xr-x root/root         0 2021-01-24 09:59 usr/share/locale/zh_TW/LC_MESSAGES/
-rw-r--r-- root/root     15303 2021-01-24 09:59 usr/share/locale/zh_TW/LC_MESSAGES/dos2unix.mo


