++========================================
||
||   Package:  ./gimp-plugin-export-layers/gimp-plugin-export-layers-3.3.4-x86_64-1cf.txz
||
++========================================
drwxr-xr-x root/root         0 2022-10-31 08:39 ./
drwxr-xr-x root/root         0 2022-10-31 08:39 install/
-rw-r--r-- root/root       984 2022-10-31 08:39 install/slack-desc
drwxr-xr-x root/root         0 2022-10-31 08:39 usr/
drwxr-xr-x root/root         0 2022-10-31 08:39 usr/doc/
drwxr-xr-x root/root         0 2022-10-31 08:39 usr/doc/gimp-plugin-export-layers-3.3.4/
-rw-r--r-- root/root      2218 2022-10-31 00:33 usr/doc/gimp-plugin-export-layers-3.3.4/Readme.html
-rw-r--r-- root/root      2764 2022-10-31 08:39 usr/doc/gimp-plugin-export-layers-3.3.4/gimp-plugin-export-layers.SlackBuild
drwxr-xr-x root/root         0 2022-10-31 08:39 usr/lib64/
drwxr-xr-x root/root         0 2022-10-31 08:39 usr/lib64/gimp/
drwxr-xr-x root/root         0 2022-10-31 08:39 usr/lib64/gimp/2.0/
drwxr-xr-x root/root         0 2022-10-31 08:39 usr/lib64/gimp/2.0/plug-ins/
drwxr-xr-x root/root         0 2022-10-31 00:34 usr/lib64/gimp/2.0/plug-ins/export_layers/
-rw-r--r-- root/root      4337 2022-10-09 12:09 usr/lib64/gimp/2.0/plug-ins/export_layers.py
-rw-r--r-- root/root        25 2022-09-11 12:18 usr/lib64/gimp/2.0/plug-ins/export_layers/__init__.py
-rw-r--r-- root/root     24059 2022-10-28 23:19 usr/lib64/gimp/2.0/plug-ins/export_layers/actions.py
-rw-r--r-- root/root      3905 2022-09-25 19:34 usr/lib64/gimp/2.0/plug-ins/export_layers/builtin_constraints.py
-rw-r--r-- root/root      8222 2022-10-09 21:12 usr/lib64/gimp/2.0/plug-ins/export_layers/builtin_procedures.py
-rw-r--r-- root/root      1130 2022-10-31 00:34 usr/lib64/gimp/2.0/plug-ins/export_layers/config.py
drwxr-xr-x root/root         0 2022-10-31 00:34 usr/lib64/gimp/2.0/plug-ins/export_layers/docs/
drwxr-xr-x root/root         0 2022-10-31 00:34 usr/lib64/gimp/2.0/plug-ins/export_layers/docs/assets/
drwxr-xr-x root/root         0 2022-10-31 00:34 usr/lib64/gimp/2.0/plug-ins/export_layers/docs/assets/css/
-rw-r--r-- root/root     18808 2022-10-31 00:32 usr/lib64/gimp/2.0/plug-ins/export_layers/docs/assets/css/style.css
drwxr-xr-x root/root         0 2022-10-31 00:34 usr/lib64/gimp/2.0/plug-ins/export_layers/docs/assets/javascript/
drwxr-xr-x root/root         0 2022-10-31 00:34 usr/lib64/gimp/2.0/plug-ins/export_layers/docs/assets/javascript/anchor-js/
-rw-r--r-- root/root      2420 2022-10-20 00:49 usr/lib64/gimp/2.0/plug-ins/export_layers/docs/assets/javascript/anchor-js/.eslintrc
-rw-r--r-- root/root        51 2022-10-20 00:49 usr/lib64/gimp/2.0/plug-ins/export_layers/docs/assets/javascript/anchor-js/.npmignore
-rw-r--r-- root/root        71 2022-10-20 00:49 usr/lib64/gimp/2.0/plug-ins/export_layers/docs/assets/javascript/anchor-js/.travis.yml
-rw-r--r-- root/root     15467 2022-10-20 00:49 usr/lib64/gimp/2.0/plug-ins/export_layers/docs/assets/javascript/anchor-js/anchor.js
-rw-r--r-- root/root      5332 2022-10-20 00:49 usr/lib64/gimp/2.0/plug-ins/export_layers/docs/assets/javascript/anchor-js/anchor.min.js
-rw-r--r-- root/root       571 2022-10-20 00:49 usr/lib64/gimp/2.0/plug-ins/export_layers/docs/assets/javascript/anchor-js/banner.js
drwxr-xr-x root/root         0 2022-10-31 00:34 usr/lib64/gimp/2.0/plug-ins/export_layers/docs/assets/javascript/anchor-js/docs/
-rw-r--r-- root/root     15467 2022-10-20 00:49 usr/lib64/gimp/2.0/plug-ins/export_layers/docs/assets/javascript/anchor-js/docs/anchor.js
-rw-r--r-- root/root      1150 2022-10-20 00:49 usr/lib64/gimp/2.0/plug-ins/export_layers/docs/assets/javascript/anchor-js/docs/favicon.ico
drwxr-xr-x root/root         0 2022-10-31 00:34 usr/lib64/gimp/2.0/plug-ins/export_layers/docs/assets/javascript/anchor-js/docs/fonts/
-rw-r--r-- root/root      1680 2022-10-20 00:49 usr/lib64/gimp/2.0/plug-ins/export_layers/docs/assets/javascript/anchor-js/docs/fonts/anchorjs-extras.eot
-rw-r--r-- root/root      1802 2022-10-20 00:49 usr/lib64/gimp/2.0/plug-ins/export_layers/docs/assets/javascript/anchor-js/docs/fonts/anchorjs-extras.svg
-rw-r--r-- root/root      1484 2022-10-20 00:49 usr/lib64/gimp/2.0/plug-ins/export_layers/docs/assets/javascript/anchor-js/docs/fonts/anchorjs-extras.ttf
-rw-r--r-- root/root      1560 2022-10-20 00:49 usr/lib64/gimp/2.0/plug-ins/export_layers/docs/assets/javascript/anchor-js/docs/fonts/anchorjs-extras.woff
-rw-r--r-- root/root       695 2022-10-20 00:49 usr/lib64/gimp/2.0/plug-ins/export_layers/docs/assets/javascript/anchor-js/docs/fonts/fonts.css
drwxr-xr-x root/root         0 2022-10-31 00:34 usr/lib64/gimp/2.0/plug-ins/export_layers/docs/assets/javascript/anchor-js/docs/grunticon/
-rw-r--r-- root/root      2258 2022-10-20 00:49 usr/lib64/gimp/2.0/plug-ins/export_layers/docs/assets/javascript/anchor-js/docs/grunticon/grunticon.loader.js
-rw-r--r-- root/root       774 2022-10-20 00:49 usr/lib64/gimp/2.0/plug-ins/export_layers/docs/assets/javascript/anchor-js/docs/grunticon/icons.data.png.css
-rw-r--r-- root/root      1894 2022-10-20 00:49 usr/lib64/gimp/2.0/plug-ins/export_layers/docs/assets/javascript/anchor-js/docs/grunticon/icons.data.svg.css
-rw-r--r-- root/root       106 2022-10-20 00:49 usr/lib64/gimp/2.0/plug-ins/export_layers/docs/assets/javascript/anchor-js/docs/grunticon/icons.fallback.css
drwxr-xr-x root/root         0 2022-10-31 00:34 usr/lib64/gimp/2.0/plug-ins/export_layers/docs/assets/javascript/anchor-js/docs/grunticon/png/
-rw-r--r-- root/root       499 2022-10-20 00:49 usr/lib64/gimp/2.0/plug-ins/export_layers/docs/assets/javascript/anchor-js/docs/grunticon/png/grunticon-link.png
drwxr-xr-x root/root         0 2022-10-31 00:34 usr/lib64/gimp/2.0/plug-ins/export_layers/docs/assets/javascript/anchor-js/docs/img/
-rw-r--r-- root/root     33647 2022-10-20 00:49 usr/lib64/gimp/2.0/plug-ins/export_layers/docs/assets/javascript/anchor-js/docs/img/anchoring-links.png
-rw-r--r-- root/root      7581 2022-10-20 00:49 usr/lib64/gimp/2.0/plug-ins/export_layers/docs/assets/javascript/anchor-js/docs/img/anchorjs_logo.png
-rw-r--r-- root/root     62031 2022-10-20 00:49 usr/lib64/gimp/2.0/plug-ins/export_layers/docs/assets/javascript/anchor-js/docs/img/anchorlinks2.png
-rw-r--r-- root/root      1208 2022-10-20 00:49 usr/lib64/gimp/2.0/plug-ins/export_layers/docs/assets/javascript/anchor-js/docs/img/gh-link.svg
-rw-r--r-- root/root      1308 2022-10-20 00:49 usr/lib64/gimp/2.0/plug-ins/export_layers/docs/assets/javascript/anchor-js/docs/img/gh_link.svg
-rw-r--r-- root/root      1782 2022-10-20 00:49 usr/lib64/gimp/2.0/plug-ins/export_layers/docs/assets/javascript/anchor-js/docs/img/hyperlink.svg
-rw-r--r-- root/root       763 2022-10-20 00:49 usr/lib64/gimp/2.0/plug-ins/export_layers/docs/assets/javascript/anchor-js/docs/img/link.svg
-rw-r--r-- root/root      2259 2022-10-20 00:49 usr/lib64/gimp/2.0/plug-ins/export_layers/docs/assets/javascript/anchor-js/docs/img/mini-logo.png
-rw-r--r-- root/root     16739 2022-10-20 00:49 usr/lib64/gimp/2.0/plug-ins/export_layers/docs/assets/javascript/anchor-js/docs/img/primer-md.png
-rw-r--r-- root/root       379 2022-10-20 00:49 usr/lib64/gimp/2.0/plug-ins/export_layers/docs/assets/javascript/anchor-js/docs/scripts.js
-rw-r--r-- root/root     10887 2022-10-20 00:49 usr/lib64/gimp/2.0/plug-ins/export_layers/docs/assets/javascript/anchor-js/docs/styles.css
-rw-r--r-- root/root      4286 2019-01-25 10:15 usr/lib64/gimp/2.0/plug-ins/export_layers/docs/favicon.ico
drwxr-xr-x root/root         0 2022-10-31 00:34 usr/lib64/gimp/2.0/plug-ins/export_layers/docs/images/
-rw-r--r-- root/root      6253 2022-09-04 20:23 usr/lib64/gimp/2.0/plug-ins/export_layers/docs/images/download_icon.svg
-rw-r--r-- root/root     18687 2022-10-30 12:26 usr/lib64/gimp/2.0/plug-ins/export_layers/docs/images/logo.svg
-rw-r--r-- root/root     32825 2022-09-04 20:23 usr/lib64/gimp/2.0/plug-ins/export_layers/docs/images/screenshot_dialog_basic_usage.png
-rw-r--r-- root/root     38310 2022-09-04 20:23 usr/lib64/gimp/2.0/plug-ins/export_layers/docs/images/screenshot_dialog_customizing_export.png
drwxr-xr-x root/root         0 2022-10-31 00:34 usr/lib64/gimp/2.0/plug-ins/export_layers/docs/sections/
-rw-r--r-- root/root     31184 2022-10-31 00:32 usr/lib64/gimp/2.0/plug-ins/export_layers/docs/sections/CHANGELOG.html
-rw-r--r-- root/root     27300 2022-10-31 00:32 usr/lib64/gimp/2.0/plug-ins/export_layers/docs/sections/Customizing-Export.html
-rw-r--r-- root/root      8461 2022-10-31 00:32 usr/lib64/gimp/2.0/plug-ins/export_layers/docs/sections/Installation.html
-rw-r--r-- root/root      2037 2022-10-31 00:32 usr/lib64/gimp/2.0/plug-ins/export_layers/docs/sections/Known-Issues.html
-rw-r--r-- root/root      1523 2022-10-31 00:21 usr/lib64/gimp/2.0/plug-ins/export_layers/docs/sections/LICENSE.txt
-rw-r--r-- root/root     10489 2022-10-31 00:32 usr/lib64/gimp/2.0/plug-ins/export_layers/docs/sections/Providing-Translations.html
-rw-r--r-- root/root      5150 2022-10-31 00:32 usr/lib64/gimp/2.0/plug-ins/export_layers/docs/sections/Usage.html
-rw-r--r-- root/root      1990 2022-10-31 00:32 usr/lib64/gimp/2.0/plug-ins/export_layers/docs/sections/index.html
-rw-r--r-- root/root     33167 2022-10-28 22:38 usr/lib64/gimp/2.0/plug-ins/export_layers/exportlayers.py
drwxr-xr-x root/root         0 2022-10-31 00:34 usr/lib64/gimp/2.0/plug-ins/export_layers/gui/
-rw-r--r-- root/root        25 2022-09-11 13:21 usr/lib64/gimp/2.0/plug-ins/export_layers/gui/__init__.py
-rw-r--r-- root/root     20804 2022-10-28 23:19 usr/lib64/gimp/2.0/plug-ins/export_layers/gui/actions.py
-rw-r--r-- root/root     39695 2022-10-23 10:46 usr/lib64/gimp/2.0/plug-ins/export_layers/gui/main.py
-rw-r--r-- root/root      7662 2022-10-23 11:21 usr/lib64/gimp/2.0/plug-ins/export_layers/gui/message_label.py
-rw-r--r-- root/root       729 2022-09-11 13:21 usr/lib64/gimp/2.0/plug-ins/export_layers/gui/messages.py
-rw-r--r-- root/root      1320 2022-10-23 11:21 usr/lib64/gimp/2.0/plug-ins/export_layers/gui/placeholders.py
-rw-r--r-- root/root      2343 2022-09-21 22:54 usr/lib64/gimp/2.0/plug-ins/export_layers/gui/preview_base.py
-rw-r--r-- root/root     20487 2022-10-28 22:39 usr/lib64/gimp/2.0/plug-ins/export_layers/gui/preview_image.py
-rw-r--r-- root/root     25709 2022-10-28 23:41 usr/lib64/gimp/2.0/plug-ins/export_layers/gui/preview_name.py
-rw-r--r-- root/root     14721 2022-10-28 23:13 usr/lib64/gimp/2.0/plug-ins/export_layers/gui/previews_controller.py
-rw-r--r-- root/root      2444 2022-09-11 13:21 usr/lib64/gimp/2.0/plug-ins/export_layers/gui/progress.py
-rw-r--r-- root/root      3568 2022-09-11 13:21 usr/lib64/gimp/2.0/plug-ins/export_layers/gui/settings_gui.py
drwxr-xr-x root/root         0 2022-10-31 00:34 usr/lib64/gimp/2.0/plug-ins/export_layers/images/
-rw-r--r-- root/root       821 2022-09-04 20:23 usr/lib64/gimp/2.0/plug-ins/export_layers/images/icon_image.png
-rw-r--r-- root/root      2094 2022-09-04 20:23 usr/lib64/gimp/2.0/plug-ins/export_layers/images/icon_tag.png
drwxr-xr-x root/root         0 2022-10-31 00:34 usr/lib64/gimp/2.0/plug-ins/export_layers/locale/
drwxr-xr-x root/root         0 2022-10-31 00:34 usr/lib64/gimp/2.0/plug-ins/export_layers/locale/de_DE/
drwxr-xr-x root/root         0 2022-10-31 00:34 usr/lib64/gimp/2.0/plug-ins/export_layers/locale/de_DE/LC_MESSAGES/
-rw-r--r-- root/root     29610 2022-10-30 12:54 usr/lib64/gimp/2.0/plug-ins/export_layers/locale/de_DE/LC_MESSAGES/de_DE.po
-rw-r--r-- root/root     19386 2022-10-31 00:32 usr/lib64/gimp/2.0/plug-ins/export_layers/locale/de_DE/LC_MESSAGES/gimp-export-layers.mo
-rw-r--r-- root/root     19386 2022-10-29 20:49 usr/lib64/gimp/2.0/plug-ins/export_layers/locale/de_DE/LC_MESSAGES/gimp-plugin-export-layers.mo
drwxr-xr-x root/root         0 2022-10-31 00:34 usr/lib64/gimp/2.0/plug-ins/export_layers/locale/fr_FR/
drwxr-xr-x root/root         0 2022-10-31 00:34 usr/lib64/gimp/2.0/plug-ins/export_layers/locale/fr_FR/LC_MESSAGES/
-rw-r--r-- root/root     10256 2022-10-31 00:32 usr/lib64/gimp/2.0/plug-ins/export_layers/locale/fr_FR/LC_MESSAGES/gimp-export-layers.mo
-rw-r--r-- root/root     10743 2022-10-30 12:54 usr/lib64/gimp/2.0/plug-ins/export_layers/locale/fr_FR/LC_MESSAGES/gimp-export-layers.po
-rw-r--r-- root/root       703 2022-10-30 12:50 usr/lib64/gimp/2.0/plug-ins/export_layers/locale/generate_mo.sh
-rw-r--r-- root/root       453 2022-10-20 00:42 usr/lib64/gimp/2.0/plug-ins/export_layers/locale/generate_po.sh
-rw-r--r-- root/root     19940 2022-10-30 12:54 usr/lib64/gimp/2.0/plug-ins/export_layers/locale/gimp-export-layers.pot
-rw-r--r-- root/root     19310 2022-10-31 00:31 usr/lib64/gimp/2.0/plug-ins/export_layers/locale/gimp-plugin-export-layers.pot
drwxr-xr-x root/root         0 2022-10-31 00:34 usr/lib64/gimp/2.0/plug-ins/export_layers/locale/ru_RU/
drwxr-xr-x root/root         0 2022-10-31 00:34 usr/lib64/gimp/2.0/plug-ins/export_layers/locale/ru_RU/LC_MESSAGES/
-rw-r--r-- root/root     12684 2022-10-31 00:32 usr/lib64/gimp/2.0/plug-ins/export_layers/locale/ru_RU/LC_MESSAGES/gimp-export-layers.mo
-rw-r--r-- root/root     17945 2022-10-30 12:54 usr/lib64/gimp/2.0/plug-ins/export_layers/locale/ru_RU/LC_MESSAGES/gimp-export-layers.po
drwxr-xr-x root/root         0 2022-10-31 00:34 usr/lib64/gimp/2.0/plug-ins/export_layers/locale/uk_UA/
drwxr-xr-x root/root         0 2022-10-31 00:34 usr/lib64/gimp/2.0/plug-ins/export_layers/locale/uk_UA/LC_MESSAGES/
-rw-r--r-- root/root     12583 2022-10-31 00:32 usr/lib64/gimp/2.0/plug-ins/export_layers/locale/uk_UA/LC_MESSAGES/gimp-export-layers.mo
-rw-r--r-- root/root     17840 2022-10-30 12:54 usr/lib64/gimp/2.0/plug-ins/export_layers/locale/uk_UA/LC_MESSAGES/gimp-export-layers.po
-rw-r--r-- root/root       831 2022-09-04 20:23 usr/lib64/gimp/2.0/plug-ins/export_layers/locale/update_po.sh
-rw-r--r-- root/root      4526 2022-10-08 23:24 usr/lib64/gimp/2.0/plug-ins/export_layers/placeholders.py
drwxr-xr-x root/root         0 2022-10-31 00:34 usr/lib64/gimp/2.0/plug-ins/export_layers/pygimplib/
-rw-r--r-- root/root      1774 2022-10-30 12:29 usr/lib64/gimp/2.0/plug-ins/export_layers/pygimplib/LICENSE
-rw-r--r-- root/root     12118 2022-10-23 11:52 usr/lib64/gimp/2.0/plug-ins/export_layers/pygimplib/__init__.py
-rw-r--r-- root/root     14669 2022-10-08 17:33 usr/lib64/gimp/2.0/plug-ins/export_layers/pygimplib/_gui_messages.py
drwxr-xr-x root/root         0 2022-10-31 00:34 usr/lib64/gimp/2.0/plug-ins/export_layers/pygimplib/_lib/
-rw-r--r-- root/root       433 2022-09-11 12:42 usr/lib64/gimp/2.0/plug-ins/export_layers/pygimplib/_lib/__init__.py
drwxr-xr-x root/root         0 2022-10-31 00:34 usr/lib64/gimp/2.0/plug-ins/export_layers/pygimplib/_lib/future/
-rw-r--r-- root/root      1102 2022-09-04 20:23 usr/lib64/gimp/2.0/plug-ins/export_layers/pygimplib/_lib/future/LICENSE
drwxr-xr-x root/root         0 2022-10-31 00:34 usr/lib64/gimp/2.0/plug-ins/export_layers/pygimplib/_lib/future/_dummy_thread/
-rw-r--r-- root/root       392 2022-09-04 20:23 usr/lib64/gimp/2.0/plug-ins/export_layers/pygimplib/_lib/future/_dummy_thread/__init__.py
drwxr-xr-x root/root         0 2022-10-31 00:34 usr/lib64/gimp/2.0/plug-ins/export_layers/pygimplib/_lib/future/_markupbase/
-rw-r--r-- root/root       390 2022-09-04 20:23 usr/lib64/gimp/2.0/plug-ins/export_layers/pygimplib/_lib/future/_markupbase/__init__.py
drwxr-xr-x root/root         0 2022-10-31 00:34 usr/lib64/gimp/2.0/plug-ins/export_layers/pygimplib/_lib/future/_thread/
-rw-r--r-- root/root       386 2022-09-04 20:23 usr/lib64/gimp/2.0/plug-ins/export_layers/pygimplib/_lib/future/_thread/__init__.py
drwxr-xr-x root/root         0 2022-10-31 00:34 usr/lib64/gimp/2.0/plug-ins/export_layers/pygimplib/_lib/future/builtins/
-rw-r--r-- root/root       505 2022-09-04 20:23 usr/lib64/gimp/2.0/plug-ins/export_layers/pygimplib/_lib/future/builtins/__init__.py
drwxr-xr-x root/root         0 2022-10-31 00:34 usr/lib64/gimp/2.0/plug-ins/export_layers/pygimplib/_lib/future/copyreg/
-rw-r--r-- root/root       362 2022-09-04 20:23 usr/lib64/gimp/2.0/plug-ins/export_layers/pygimplib/_lib/future/copyreg/__init__.py
drwxr-xr-x root/root         0 2022-10-31 00:34 usr/lib64/gimp/2.0/plug-ins/export_layers/pygimplib/_lib/future/future/
-rw-r--r-- root/root      3060 2022-09-04 20:23 usr/lib64/gimp/2.0/plug-ins/export_layers/pygimplib/_lib/future/future/__init__.py
drwxr-xr-x root/root         0 2022-10-31 00:34 usr/lib64/gimp/2.0/plug-ins/export_layers/pygimplib/_lib/future/future/backports/
-rw-r--r-- root/root       556 2022-09-04 20:23 usr/lib64/gimp/2.0/plug-ins/export_layers/pygimplib/_lib/future/future/backports/__init__.py
-rw-r--r-- root/root     16637 2022-09-04 20:23 usr/lib64/gimp/2.0/plug-ins/export_layers/pygimplib/_lib/future/future/backports/_markupbase.py
-rw-r--r-- root/root     77704 2022-09-04 20:23 usr/lib64/gimp/2.0/plug-ins/export_layers/pygimplib/_lib/future/future/backports/datetime.py
drwxr-xr-x root/root         0 2022-10-31 00:34 usr/lib64/gimp/2.0/plug-ins/export_layers/pygimplib/_lib/future/future/backports/email/
-rw-r--r-- root/root      2347 2022-09-04 20:23 usr/lib64/gimp/2.0/plug-ins/export_layers/pygimplib/_lib/future/future/backports/email/__init__.py
-rw-r--r-- root/root      8675 2022-09-04 20:23 usr/lib64/gimp/2.0/plug-ins/export_layers/pygimplib/_lib/future/future/backports/email/_encoded_words.py
-rw-r--r-- root/root    107657 2022-09-04 20:23 usr/lib64/gimp/2.0/plug-ins/export_layers/pygimplib/_lib/future/future/backports/email/_header_value_parser.py
-rw-r--r-- root/root     17935 2022-09-04 20:23 usr/lib64/gimp/2.0/plug-ins/export_layers/pygimplib/_lib/future/future/backports/email/_parseaddr.py
-rw-r--r-- root/root     15012 2022-09-04 20:23 usr/lib64/gimp/2.0/plug-ins/export_layers/pygimplib/_lib/future/future/backports/email/_policybase.py
-rw-r--r-- root/root      3849 2022-09-04 20:23 usr/lib64/gimp/2.0/plug-ins/export_layers/pygimplib/_lib/future/future/backports/email/base64mime.py
-rw-r--r-- root/root     17848 2022-09-04 20:23 usr/lib64/gimp/2.0/plug-ins/export_layers/pygimplib/_lib/future/future/backports/email/charset.py
-rw-r--r-- root/root      2890 2022-09-04 20:23 usr/lib64/gimp/2.0/plug-ins/export_layers/pygimplib/_lib/future/future/backports/email/encoders.py
-rw-r--r-- root/root      3791 2022-09-04 20:23 usr/lib64/gimp/2.0/plug-ins/export_layers/pygimplib/_lib/future/future/backports/email/errors.py
-rw-r--r-- root/root     23261 2022-09-04 20:23 usr/lib64/gimp/2.0/plug-ins/export_layers/pygimplib/_lib/future/future/backports/email/feedparser.py
-rw-r--r-- root/root     20018 2022-09-04 20:23 usr/lib64/gimp/2.0/plug-ins/export_layers/pygimplib/_lib/future/future/backports/email/generator.py
-rw-r--r-- root/root     25029 2022-09-04 20:23 usr/lib64/gimp/2.0/plug-ins/export_layers/pygimplib/_lib/future/future/backports/email/header.py
-rw-r--r-- root/root     21229 2022-09-04 20:23 usr/lib64/gimp/2.0/plug-ins/export_layers/pygimplib/_lib/future/future/backports/email/headerregistry.py
-rw-r--r-- root/root      2422 2022-09-04 20:23 usr/lib64/gimp/2.0/plug-ins/export_layers/pygimplib/_lib/future/future/backports/email/iterators.py
-rw-r--r-- root/root     36107 2022-09-04 20:23 usr/lib64/gimp/2.0/plug-ins/export_layers/pygimplib/_lib/future/future/backports/email/message.py
drwxr-xr-x root/root         0 2022-10-31 00:34 usr/lib64/gimp/2.0/plug-ins/export_layers/pygimplib/_lib/future/future/backports/email/mime/
-rw-r--r-- root/root         0 2022-09-04 20:23 usr/lib64/gimp/2.0/plug-ins/export_layers/pygimplib/_lib/future/future/backports/email/mime/__init__.py
-rw-r--r-- root/root      1440 2022-09-04 20:23 usr/lib64/gimp/2.0/plug-ins/export_layers/pygimplib/_lib/future/future/backports/email/mime/application.py
-rw-r--r-- root/root      2889 2022-09-04 20:23 usr/lib64/gimp/2.0/plug-ins/export_layers/pygimplib/_lib/future/future/backports/email/mime/audio.py
-rw-r--r-- root/root       900 2022-09-04 20:23 usr/lib64/gimp/2.0/plug-ins/export_layers/pygimplib/_lib/future/future/backports/email/mime/base.py
-rw-r--r-- root/root      1955 2022-09-04 20:23 usr/lib64/gimp/2.0/plug-ins/export_layers/pygimplib/_lib/future/future/backports/email/mime/image.py
-rw-r--r-- root/root      1465 2022-09-04 20:23 usr/lib64/gimp/2.0/plug-ins/export_layers/pygimplib/_lib/future/future/backports/email/mime/message.py
-rw-r--r-- root/root      1748 2022-09-04 20:23 usr/lib64/gimp/2.0/plug-ins/export_layers/pygimplib/_lib/future/future/backports/email/mime/multipart.py
-rw-r--r-- root/root       856 2022-09-04 20:23 usr/lib64/gimp/2.0/plug-ins/export_layers/pygimplib/_lib/future/future/backports/email/mime/nonmultipart.py
-rw-r--r-- root/root      1596 2022-09-04 20:23 usr/lib64/gimp/2.0/plug-ins/export_layers/pygimplib/_lib/future/future/backports/email/mime/text.py
-rw-r--r-- root/root      5447 2022-09-04 20:23 usr/lib64/gimp/2.0/plug-ins/export_layers/pygimplib/_lib/future/future/backports/email/parser.py
-rw-r--r-- root/root      9016 2022-09-04 20:23 usr/lib64/gimp/2.0/plug-ins/export_layers/pygimplib/_lib/future/future/backports/email/policy.py
-rw-r--r-- root/root     11249 2022-09-04 20:23 usr/lib64/gimp/2.0/plug-ins/export_layers/pygimplib/_lib/future/future/backports/email/quoprimime.py
-rw-r--r-- root/root     14670 2022-09-04 20:23 usr/lib64/gimp/2.0/plug-ins/export_layers/pygimplib/_lib/future/future/backports/email/utils.py
drwxr-xr-x root/root         0 2022-10-31 00:34 usr/lib64/gimp/2.0/plug-ins/export_layers/pygimplib/_lib/future/future/backports/html/
-rw-r--r-- root/root       953 2022-09-04 20:23 usr/lib64/gimp/2.0/plug-ins/export_layers/pygimplib/_lib/future/future/backports/html/__init__.py
-rw-r--r-- root/root     77944 2022-09-04 20:23 usr/lib64/gimp/2.0/plug-ins/export_layers/pygimplib/_lib/future/future/backports/html/entities.py
-rw-r--r-- root/root     20308 2022-09-04 20:23 usr/lib64/gimp/2.0/plug-ins/export_layers/pygimplib/_lib/future/future/backports/html/parser.py
drwxr-xr-x root/root         0 2022-10-31 00:34 usr/lib64/gimp/2.0/plug-ins/export_layers/pygimplib/_lib/future/future/backports/http/
-rw-r--r-- root/root         0 2022-09-04 20:23 usr/lib64/gimp/2.0/plug-ins/export_layers/pygimplib/_lib/future/future/backports/http/__init__.py
-rw-r--r-- root/root     48524 2022-09-04 20:23 usr/lib64/gimp/2.0/plug-ins/export_layers/pygimplib/_lib/future/future/backports/http/client.py
-rw-r--r-- root/root     78651 2022-09-04 20:23 usr/lib64/gimp/2.0/plug-ins/export_layers/pygimplib/_lib/future/future/backports/http/cookiejar.py
-rw-r--r-- root/root     22166 2022-09-04 20:23 usr/lib64/gimp/2.0/plug-ins/export_layers/pygimplib/_lib/future/future/backports/http/cookies.py
-rw-r--r-- root/root     46749 2022-09-04 20:23 usr/lib64/gimp/2.0/plug-ins/export_layers/pygimplib/_lib/future/future/backports/http/server.py
-rw-r--r-- root/root     33548 2022-09-04 20:23 usr/lib64/gimp/2.0/plug-ins/export_layers/pygimplib/_lib/future/future/backports/misc.py
-rw-r--r-- root/root     16117 2022-09-04 20:23 usr/lib64/gimp/2.0/plug-ins/export_layers/pygimplib/_lib/future/future/backports/socket.py
-rw-r--r-- root/root     25033 2022-09-04 20:23 usr/lib64/gimp/2.0/plug-ins/export_layers/pygimplib/_lib/future/future/backports/socketserver.py
drwxr-xr-x root/root         0 2022-10-31 00:34 usr/lib64/gimp/2.0/plug-ins/export_layers/pygimplib/_lib/future/future/backports/test/
-rw-r--r-- root/root       273 2022-09-04 20:23 usr/lib64/gimp/2.0/plug-ins/export_layers/pygimplib/_lib/future/future/backports/test/__init__.py
-rw-r--r-- root/root      1964 2022-09-04 20:23 usr/lib64/gimp/2.0/plug-ins/export_layers/pygimplib/_lib/future/future/backports/test/badcert.pem
-rw-r--r-- root/root      2202 2022-09-04 20:23 usr/lib64/gimp/2.0/plug-ins/export_layers/pygimplib/_lib/future/future/backports/test/badkey.pem
-rw-r--r-- root/root       411 2022-09-04 20:23 usr/lib64/gimp/2.0/plug-ins/export_layers/pygimplib/_lib/future/future/backports/test/dh512.pem
-rw-r--r-- root/root      2610 2022-09-04 20:23 usr/lib64/gimp/2.0/plug-ins/export_layers/pygimplib/_lib/future/future/backports/test/https_svn_python_org_root.pem
-rw-r--r-- root/root      1863 2022-09-04 20:23 usr/lib64/gimp/2.0/plug-ins/export_layers/pygimplib/_lib/future/future/backports/test/keycert.passwd.pem
-rw-r--r-- root/root      1814 2022-09-04 20:23 usr/lib64/gimp/2.0/plug-ins/export_layers/pygimplib/_lib/future/future/backports/test/keycert.pem
-rw-r--r-- root/root      1826 2022-09-04 20:23 usr/lib64/gimp/2.0/plug-ins/export_layers/pygimplib/_lib/future/future/backports/test/keycert2.pem
-rw-r--r-- root/root      1954 2022-09-04 20:23 usr/lib64/gimp/2.0/plug-ins/export_layers/pygimplib/_lib/future/future/backports/test/nokia.pem
-rw-r--r-- root/root      5525 2022-09-04 20:23 usr/lib64/gimp/2.0/plug-ins/export_layers/pygimplib/_lib/future/future/backports/test/nullbytecert.pem
-rw-r--r-- root/root         0 2022-09-04 20:23 usr/lib64/gimp/2.0/plug-ins/export_layers/pygimplib/_lib/future/future/backports/test/nullcert.pem
-rw-r--r-- root/root      7699 2022-09-04 20:23 usr/lib64/gimp/2.0/plug-ins/export_layers/pygimplib/_lib/future/future/backports/test/pystone.py
-rw-r--r-- root/root      8472 2022-09-04 20:23 usr/lib64/gimp/2.0/plug-ins/export_layers/pygimplib/_lib/future/future/backports/test/sha256.pem
-rw-r--r-- root/root       882 2022-09-04 20:23 usr/lib64/gimp/2.0/plug-ins/export_layers/pygimplib/_lib/future/future/backports/test/ssl_cert.pem
-rw-r--r-- root/root       981 2022-09-04 20:23 usr/lib64/gimp/2.0/plug-ins/export_layers/pygimplib/_lib/future/future/backports/test/ssl_key.passwd.pem
-rw-r--r-- root/root       932 2022-09-04 20:23 usr/lib64/gimp/2.0/plug-ins/export_layers/pygimplib/_lib/future/future/backports/test/ssl_key.pem
-rw-r--r-- root/root      7416 2022-09-04 20:23 usr/lib64/gimp/2.0/plug-ins/export_layers/pygimplib/_lib/future/future/backports/test/ssl_servers.py
-rw-r--r-- root/root     72940 2022-09-04 20:23 usr/lib64/gimp/2.0/plug-ins/export_layers/pygimplib/_lib/future/future/backports/test/support.py
-rw-r--r-- root/root      1967 2022-09-04 20:23 usr/lib64/gimp/2.0/plug-ins/export_layers/pygimplib/_lib/future/future/backports/total_ordering.py
drwxr-xr-x root/root         0 2022-10-31 00:34 usr/lib64/gimp/2.0/plug-ins/export_layers/pygimplib/_lib/future/future/backports/urllib/
-rw-r--r-- root/root         0 2022-09-04 20:23 usr/lib64/gimp/2.0/plug-ins/export_layers/pygimplib/_lib/future/future/backports/urllib/__init__.py
-rw-r--r-- root/root      2790 2022-09-04 20:23 usr/lib64/gimp/2.0/plug-ins/export_layers/pygimplib/_lib/future/future/backports/urllib/error.py
-rw-r--r-- root/root     36785 2022-09-04 20:23 usr/lib64/gimp/2.0/plug-ins/export_layers/pygimplib/_lib/future/future/backports/urllib/parse.py
-rw-r--r-- root/root     98825 2022-09-04 20:23 usr/lib64/gimp/2.0/plug-ins/export_layers/pygimplib/_lib/future/future/backports/urllib/request.py
-rw-r--r-- root/root      3283 2022-09-04 20:23 usr/lib64/gimp/2.0/plug-ins/export_layers/pygimplib/_lib/future/future/backports/urllib/response.py
-rw-r--r-- root/root      7076 2022-09-04 20:23 usr/lib64/gimp/2.0/plug-ins/export_layers/pygimplib/_lib/future/future/backports/urllib/robotparser.py
drwxr-xr-x root/root         0 2022-10-31 00:34 usr/lib64/gimp/2.0/plug-ins/export_layers/pygimplib/_lib/future/future/backports/xmlrpc/
-rw-r--r-- root/root        39 2022-09-04 20:23 usr/lib64/gimp/2.0/plug-ins/export_layers/pygimplib/_lib/future/future/backports/xmlrpc/__init__.py
-rw-r--r-- root/root     49629 2022-09-04 20:23 usr/lib64/gimp/2.0/plug-ins/export_layers/pygimplib/_lib/future/future/backports/xmlrpc/client.py
-rw-r--r-- root/root     38284 2022-09-04 20:23 usr/lib64/gimp/2.0/plug-ins/export_layers/pygimplib/_lib/future/future/backports/xmlrpc/server.py
drwxr-xr-x root/root         0 2022-10-31 00:34 usr/lib64/gimp/2.0/plug-ins/export_layers/pygimplib/_lib/future/future/builtins/
-rw-r--r-- root/root      1720 2022-09-04 20:23 usr/lib64/gimp/2.0/plug-ins/export_layers/pygimplib/_lib/future/future/builtins/__init__.py
-rw-r--r-- root/root      2175 2022-09-04 20:23 usr/lib64/gimp/2.0/plug-ins/export_layers/pygimplib/_lib/future/future/builtins/disabled.py
-rw-r--r-- root/root      1454 2022-09-04 20:23 usr/lib64/gimp/2.0/plug-ins/export_layers/pygimplib/_lib/future/future/builtins/iterators.py
-rw-r--r-- root/root      4211 2022-09-04 20:23 usr/lib64/gimp/2.0/plug-ins/export_layers/pygimplib/_lib/future/future/builtins/misc.py
-rw-r--r-- root/root      2085 2022-09-04 20:23 usr/lib64/gimp/2.0/plug-ins/export_layers/pygimplib/_lib/future/future/builtins/newnext.py
-rw-r--r-- root/root      3204 2022-09-04 20:23 usr/lib64/gimp/2.0/plug-ins/export_layers/pygimplib/_lib/future/future/builtins/newround.py
-rw-r--r-- root/root      4284 2022-09-04 20:23 usr/lib64/gimp/2.0/plug-ins/export_layers/pygimplib/_lib/future/future/builtins/newsuper.py
drwxr-xr-x root/root         0 2022-10-31 00:34 usr/lib64/gimp/2.0/plug-ins/export_layers/pygimplib/_lib/future/future/moves/
-rw-r--r-- root/root       228 2022-09-04 20:23 usr/lib64/gimp/2.0/plug-ins/export_layers/pygimplib/_lib/future/future/moves/__init__.py
-rw-r--r-- root/root       183 2022-09-04 20:23 usr/lib64/gimp/2.0/plug-ins/export_layers/pygimplib/_lib/future/future/moves/_dummy_thread.py
-rw-r--r-- root/root       179 2022-09-04 20:23 usr/lib64/gimp/2.0/plug-ins/export_layers/pygimplib/_lib/future/future/moves/_markupbase.py
-rw-r--r-- root/root       171 2022-09-04 20:23 usr/lib64/gimp/2.0/plug-ins/export_layers/pygimplib/_lib/future/future/moves/_thread.py
-rw-r--r-- root/root       291 2022-09-04 20:23 usr/lib64/gimp/2.0/plug-ins/export_layers/pygimplib/_lib/future/future/moves/builtins.py
-rw-r--r-- root/root       435 2022-09-04 20:23 usr/lib64/gimp/2.0/plug-ins/export_layers/pygimplib/_lib/future/future/moves/collections.py
-rw-r--r-- root/root       154 2022-09-04 20:23 usr/lib64/gimp/2.0/plug-ins/export_layers/pygimplib/_lib/future/future/moves/configparser.py
-rw-r--r-- root/root       173 2022-09-04 20:23 usr/lib64/gimp/2.0/plug-ins/export_layers/pygimplib/_lib/future/future/moves/copyreg.py
drwxr-xr-x root/root         0 2022-10-31 00:34 usr/lib64/gimp/2.0/plug-ins/export_layers/pygimplib/_lib/future/future/moves/dbm/
-rw-r--r-- root/root       508 2022-09-04 20:23 usr/lib64/gimp/2.0/plug-ins/export_layers/pygimplib/_lib/future/future/moves/dbm/__init__.py
-rw-r--r-- root/root       175 2022-09-04 20:23 usr/lib64/gimp/2.0/plug-ins/export_layers/pygimplib/_lib/future/future/moves/dbm/dumb.py
-rw-r--r-- root/root       171 2022-09-04 20:23 usr/lib64/gimp/2.0/plug-ins/export_layers/pygimplib/_lib/future/future/moves/dbm/gnu.py
-rw-r--r-- root/root       171 2022-09-04 20:23 usr/lib64/gimp/2.0/plug-ins/export_layers/pygimplib/_lib/future/future/moves/dbm/ndbm.py
drwxr-xr-x root/root         0 2022-10-31 00:34 usr/lib64/gimp/2.0/plug-ins/export_layers/pygimplib/_lib/future/future/moves/html/
-rw-r--r-- root/root      1047 2022-09-04 20:23 usr/lib64/gimp/2.0/plug-ins/export_layers/pygimplib/_lib/future/future/moves/html/__init__.py
-rw-r--r-- root/root       185 2022-09-04 20:23 usr/lib64/gimp/2.0/plug-ins/export_layers/pygimplib/_lib/future/future/moves/html/entities.py
-rw-r--r-- root/root       175 2022-09-04 20:23 usr/lib64/gimp/2.0/plug-ins/export_layers/pygimplib/_lib/future/future/moves/html/parser.py
drwxr-xr-x root/root         0 2022-10-31 00:34 usr/lib64/gimp/2.0/plug-ins/export_layers/pygimplib/_lib/future/future/moves/http/
-rw-r--r-- root/root        75 2022-09-04 20:23 usr/lib64/gimp/2.0/plug-ins/export_layers/pygimplib/_lib/future/future/moves/http/__init__.py
-rw-r--r-- root/root       173 2022-09-04 20:23 usr/lib64/gimp/2.0/plug-ins/export_layers/pygimplib/_lib/future/future/moves/http/client.py
-rw-r--r-- root/root       181 2022-09-04 20:23 usr/lib64/gimp/2.0/plug-ins/export_layers/pygimplib/_lib/future/future/moves/http/cookiejar.py
-rw-r--r-- root/root       242 2022-09-04 20:23 usr/lib64/gimp/2.0/plug-ins/export_layers/pygimplib/_lib/future/future/moves/http/cookies.py
-rw-r--r-- root/root       626 2022-09-04 20:23 usr/lib64/gimp/2.0/plug-ins/export_layers/pygimplib/_lib/future/future/moves/http/server.py
-rw-r--r-- root/root       166 2022-09-04 20:23 usr/lib64/gimp/2.0/plug-ins/export_layers/pygimplib/_lib/future/future/moves/itertools.py
-rw-r--r-- root/root       240 2022-09-04 20:23 usr/lib64/gimp/2.0/plug-ins/export_layers/pygimplib/_lib/future/future/moves/pickle.py
-rw-r--r-- root/root       168 2022-09-04 20:23 usr/lib64/gimp/2.0/plug-ins/export_layers/pygimplib/_lib/future/future/moves/queue.py
-rw-r--r-- root/root       169 2022-09-04 20:23 usr/lib64/gimp/2.0/plug-ins/export_layers/pygimplib/_lib/future/future/moves/reprlib.py
-rw-r--r-- root/root       182 2022-09-04 20:23 usr/lib64/gimp/2.0/plug-ins/export_layers/pygimplib/_lib/future/future/moves/socketserver.py
-rw-r--r-- root/root       262 2022-09-04 20:23 usr/lib64/gimp/2.0/plug-ins/export_layers/pygimplib/_lib/future/future/moves/subprocess.py
-rw-r--r-- root/root       140 2022-09-04 20:23 usr/lib64/gimp/2.0/plug-ins/export_layers/pygimplib/_lib/future/future/moves/sys.py
drwxr-xr-x root/root         0 2022-10-31 00:34 usr/lib64/gimp/2.0/plug-ins/export_layers/pygimplib/_lib/future/future/moves/test/
-rw-r--r-- root/root       115 2022-09-04 20:23 usr/lib64/gimp/2.0/plug-ins/export_layers/pygimplib/_lib/future/future/moves/test/__init__.py
-rw-r--r-- root/root       271 2022-09-04 20:23 usr/lib64/gimp/2.0/plug-ins/export_layers/pygimplib/_lib/future/future/moves/test/support.py
drwxr-xr-x root/root         0 2022-10-31 00:34 usr/lib64/gimp/2.0/plug-ins/export_layers/pygimplib/_lib/future/future/moves/tkinter/
-rw-r--r-- root/root       365 2022-09-04 20:23 usr/lib64/gimp/2.0/plug-ins/export_layers/pygimplib/_lib/future/future/moves/tkinter/__init__.py
-rw-r--r-- root/root       347 2022-09-04 20:23 usr/lib64/gimp/2.0/plug-ins/export_layers/pygimplib/_lib/future/future/moves/tkinter/colorchooser.py
-rw-r--r-- root/root       347 2022-09-04 20:23 usr/lib64/gimp/2.0/plug-ins/export_layers/pygimplib/_lib/future/future/moves/tkinter/commondialog.py
-rw-r--r-- root/root       338 2022-09-04 20:23 usr/lib64/gimp/2.0/plug-ins/export_layers/pygimplib/_lib/future/future/moves/tkinter/constants.py
-rw-r--r-- root/root       325 2022-09-04 20:23 usr/lib64/gimp/2.0/plug-ins/export_layers/pygimplib/_lib/future/future/moves/tkinter/dialog.py
-rw-r--r-- root/root       320 2022-09-04 20:23 usr/lib64/gimp/2.0/plug-ins/export_layers/pygimplib/_lib/future/future/moves/tkinter/dnd.py
-rw-r--r-- root/root       337 2022-09-04 20:23 usr/lib64/gimp/2.0/plug-ins/export_layers/pygimplib/_lib/future/future/moves/tkinter/filedialog.py
-rw-r--r-- root/root       323 2022-09-04 20:23 usr/lib64/gimp/2.0/plug-ins/export_layers/pygimplib/_lib/future/future/moves/tkinter/font.py
-rw-r--r-- root/root       341 2022-09-04 20:23 usr/lib64/gimp/2.0/plug-ins/export_layers/pygimplib/_lib/future/future/moves/tkinter/messagebox.py
-rw-r--r-- root/root       343 2022-09-04 20:23 usr/lib64/gimp/2.0/plug-ins/export_layers/pygimplib/_lib/future/future/moves/tkinter/scrolledtext.py
-rw-r--r-- root/root       343 2022-09-04 20:23 usr/lib64/gimp/2.0/plug-ins/export_layers/pygimplib/_lib/future/future/moves/tkinter/simpledialog.py
-rw-r--r-- root/root       316 2022-09-04 20:23 usr/lib64/gimp/2.0/plug-ins/export_layers/pygimplib/_lib/future/future/moves/tkinter/tix.py
-rw-r--r-- root/root       316 2022-09-04 20:23 usr/lib64/gimp/2.0/plug-ins/export_layers/pygimplib/_lib/future/future/moves/tkinter/ttk.py
drwxr-xr-x root/root         0 2022-10-31 00:34 usr/lib64/gimp/2.0/plug-ins/export_layers/pygimplib/_lib/future/future/moves/urllib/
-rw-r--r-- root/root       117 2022-09-04 20:23 usr/lib64/gimp/2.0/plug-ins/export_layers/pygimplib/_lib/future/future/moves/urllib/__init__.py
-rw-r--r-- root/root       503 2022-09-04 20:23 usr/lib64/gimp/2.0/plug-ins/export_layers/pygimplib/_lib/future/future/moves/urllib/error.py
-rw-r--r-- root/root      1081 2022-09-04 20:23 usr/lib64/gimp/2.0/plug-ins/export_layers/pygimplib/_lib/future/future/moves/urllib/parse.py
-rw-r--r-- root/root      3618 2022-09-04 20:23 usr/lib64/gimp/2.0/plug-ins/export_layers/pygimplib/_lib/future/future/moves/urllib/request.py
-rw-r--r-- root/root       356 2022-09-04 20:23 usr/lib64/gimp/2.0/plug-ins/export_layers/pygimplib/_lib/future/future/moves/urllib/response.py
-rw-r--r-- root/root       187 2022-09-04 20:23 usr/lib64/gimp/2.0/plug-ins/export_layers/pygimplib/_lib/future/future/moves/urllib/robotparser.py
-rw-r--r-- root/root       171 2022-09-04 20:23 usr/lib64/gimp/2.0/plug-ins/export_layers/pygimplib/_lib/future/future/moves/winreg.py
drwxr-xr-x root/root         0 2022-10-31 00:34 usr/lib64/gimp/2.0/plug-ins/export_layers/pygimplib/_lib/future/future/moves/xmlrpc/
-rw-r--r-- root/root         0 2022-09-04 20:23 usr/lib64/gimp/2.0/plug-ins/export_layers/pygimplib/_lib/future/future/moves/xmlrpc/__init__.py
-rw-r--r-- root/root       150 2022-09-04 20:23 usr/lib64/gimp/2.0/plug-ins/export_layers/pygimplib/_lib/future/future/moves/xmlrpc/client.py
-rw-r--r-- root/root       150 2022-09-04 20:23 usr/lib64/gimp/2.0/plug-ins/export_layers/pygimplib/_lib/future/future/moves/xmlrpc/server.py
drwxr-xr-x root/root         0 2022-10-31 00:34 usr/lib64/gimp/2.0/plug-ins/export_layers/pygimplib/_lib/future/future/standard_library/
-rw-r--r-- root/root     28400 2022-09-04 20:23 usr/lib64/gimp/2.0/plug-ins/export_layers/pygimplib/_lib/future/future/standard_library/__init__.py
drwxr-xr-x root/root         0 2022-10-31 00:34 usr/lib64/gimp/2.0/plug-ins/export_layers/pygimplib/_lib/future/future/tests/
-rw-r--r-- root/root         0 2022-09-04 20:23 usr/lib64/gimp/2.0/plug-ins/export_layers/pygimplib/_lib/future/future/tests/__init__.py
-rw-r--r-- root/root     20265 2022-09-04 20:23 usr/lib64/gimp/2.0/plug-ins/export_layers/pygimplib/_lib/future/future/tests/base.py
drwxr-xr-x root/root         0 2022-10-31 00:34 usr/lib64/gimp/2.0/plug-ins/export_layers/pygimplib/_lib/future/future/types/
-rw-r--r-- root/root      7100 2022-09-04 20:23 usr/lib64/gimp/2.0/plug-ins/export_layers/pygimplib/_lib/future/future/types/__init__.py
-rw-r--r-- root/root     15782 2022-09-04 20:23 usr/lib64/gimp/2.0/plug-ins/export_layers/pygimplib/_lib/future/future/types/newbytes.py
-rw-r--r-- root/root      3219 2022-09-04 20:23 usr/lib64/gimp/2.0/plug-ins/export_layers/pygimplib/_lib/future/future/types/newdict.py
-rw-r--r-- root/root     13612 2022-09-04 20:23 usr/lib64/gimp/2.0/plug-ins/export_layers/pygimplib/_lib/future/future/types/newint.py
-rw-r--r-- root/root      2379 2022-09-04 20:23 usr/lib64/gimp/2.0/plug-ins/export_layers/pygimplib/_lib/future/future/types/newlist.py
-rw-r--r-- root/root       681 2022-09-04 20:23 usr/lib64/gimp/2.0/plug-ins/export_layers/pygimplib/_lib/future/future/types/newmemoryview.py
-rw-r--r-- root/root      3957 2022-09-04 20:23 usr/lib64/gimp/2.0/plug-ins/export_layers/pygimplib/_lib/future/future/types/newobject.py
-rw-r--r-- root/root       844 2022-09-04 20:23 usr/lib64/gimp/2.0/plug-ins/export_layers/pygimplib/_lib/future/future/types/newopen.py
-rw-r--r-- root/root      5192 2022-09-04 20:23 usr/lib64/gimp/2.0/plug-ins/export_layers/pygimplib/_lib/future/future/types/newrange.py
-rw-r--r-- root/root     15602 2022-09-04 20:23 usr/lib64/gimp/2.0/plug-ins/export_layers/pygimplib/_lib/future/future/types/newstr.py
drwxr-xr-x root/root         0 2022-10-31 00:34 usr/lib64/gimp/2.0/plug-ins/export_layers/pygimplib/_lib/future/future/utils/
-rw-r--r-- root/root     20977 2022-09-04 20:23 usr/lib64/gimp/2.0/plug-ins/export_layers/pygimplib/_lib/future/future/utils/__init__.py
-rw-r--r-- root/root      6284 2022-09-04 20:23 usr/lib64/gimp/2.0/plug-ins/export_layers/pygimplib/_lib/future/future/utils/surrogateescape.py
drwxr-xr-x root/root         0 2022-10-31 00:34 usr/lib64/gimp/2.0/plug-ins/export_layers/pygimplib/_lib/future/html/
-rw-r--r-- root/root       371 2022-09-04 20:23 usr/lib64/gimp/2.0/plug-ins/export_layers/pygimplib/_lib/future/html/__init__.py
-rw-r--r-- root/root       167 2022-09-04 20:23 usr/lib64/gimp/2.0/plug-ins/export_layers/pygimplib/_lib/future/html/entities.py
-rw-r--r-- root/root       241 2022-09-04 20:23 usr/lib64/gimp/2.0/plug-ins/export_layers/pygimplib/_lib/future/html/parser.py
drwxr-xr-x root/root         0 2022-10-31 00:34 usr/lib64/gimp/2.0/plug-ins/export_layers/pygimplib/_lib/future/http/
-rw-r--r-- root/root       344 2022-09-04 20:23 usr/lib64/gimp/2.0/plug-ins/export_layers/pygimplib/_lib/future/http/__init__.py
-rw-r--r-- root/root      2877 2022-09-04 20:23 usr/lib64/gimp/2.0/plug-ins/export_layers/pygimplib/_lib/future/http/client.py
-rw-r--r-- root/root       113 2022-09-04 20:23 usr/lib64/gimp/2.0/plug-ins/export_layers/pygimplib/_lib/future/http/cookiejar.py
-rw-r--r-- root/root       172 2022-09-04 20:23 usr/lib64/gimp/2.0/plug-ins/export_layers/pygimplib/_lib/future/http/cookies.py
-rw-r--r-- root/root       513 2022-09-04 20:23 usr/lib64/gimp/2.0/plug-ins/export_layers/pygimplib/_lib/future/http/server.py
drwxr-xr-x root/root         0 2022-10-31 00:34 usr/lib64/gimp/2.0/plug-ins/export_layers/pygimplib/_lib/future/libfuturize/
-rw-r--r-- root/root        32 2022-09-04 20:23 usr/lib64/gimp/2.0/plug-ins/export_layers/pygimplib/_lib/future/libfuturize/__init__.py
-rw-r--r-- root/root     17923 2022-09-04 20:23 usr/lib64/gimp/2.0/plug-ins/export_layers/pygimplib/_lib/future/libfuturize/fixer_util.py
drwxr-xr-x root/root         0 2022-10-31 00:34 usr/lib64/gimp/2.0/plug-ins/export_layers/pygimplib/_lib/future/libfuturize/fixes/
-rw-r--r-- root/root      5239 2022-09-04 20:23 usr/lib64/gimp/2.0/plug-ins/export_layers/pygimplib/_lib/future/libfuturize/fixes/__init__.py
-rw-r--r-- root/root      3948 2022-09-04 20:23 usr/lib64/gimp/2.0/plug-ins/export_layers/pygimplib/_lib/future/libfuturize/fixes/fix_UserDict.py
-rw-r--r-- root/root      3233 2022-09-04 20:23 usr/lib64/gimp/2.0/plug-ins/export_layers/pygimplib/_lib/future/libfuturize/fixes/fix_absolute_import.py
-rw-r--r-- root/root       690 2022-09-04 20:23 usr/lib64/gimp/2.0/plug-ins/export_layers/pygimplib/_lib/future/libfuturize/fixes/fix_add__future__imports_except_unicode_literals.py
-rw-r--r-- root/root       413 2022-09-04 20:23 usr/lib64/gimp/2.0/plug-ins/export_layers/pygimplib/_lib/future/libfuturize/fixes/fix_basestring.py
-rw-r--r-- root/root       709 2022-09-04 20:23 usr/lib64/gimp/2.0/plug-ins/export_layers/pygimplib/_lib/future/libfuturize/fixes/fix_bytes.py
-rw-r--r-- root/root       736 2022-09-04 20:23 usr/lib64/gimp/2.0/plug-ins/export_layers/pygimplib/_lib/future/libfuturize/fixes/fix_cmp.py
-rw-r--r-- root/root       242 2022-09-04 20:23 usr/lib64/gimp/2.0/plug-ins/export_layers/pygimplib/_lib/future/libfuturize/fixes/fix_division.py
-rw-r--r-- root/root      2314 2022-09-04 20:23 usr/lib64/gimp/2.0/plug-ins/export_layers/pygimplib/_lib/future/libfuturize/fixes/fix_division_safe.py
-rw-r--r-- root/root       960 2022-09-04 20:23 usr/lib64/gimp/2.0/plug-ins/export_layers/pygimplib/_lib/future/libfuturize/fixes/fix_execfile.py
-rw-r--r-- root/root      2088 2022-09-04 20:23 usr/lib64/gimp/2.0/plug-ins/export_layers/pygimplib/_lib/future/libfuturize/fixes/fix_future_builtins.py
-rw-r--r-- root/root       761 2022-09-04 20:23 usr/lib64/gimp/2.0/plug-ins/export_layers/pygimplib/_lib/future/libfuturize/fixes/fix_future_standard_library.py
-rw-r--r-- root/root      1033 2022-09-04 20:23 usr/lib64/gimp/2.0/plug-ins/export_layers/pygimplib/_lib/future/libfuturize/fixes/fix_future_standard_library_urllib.py
-rw-r--r-- root/root      9830 2022-09-04 20:23 usr/lib64/gimp/2.0/plug-ins/export_layers/pygimplib/_lib/future/libfuturize/fixes/fix_metaclass.py
-rw-r--r-- root/root      3262 2022-09-04 20:23 usr/lib64/gimp/2.0/plug-ins/export_layers/pygimplib/_lib/future/libfuturize/fixes/fix_next_call.py
-rw-r--r-- root/root       424 2022-09-04 20:23 usr/lib64/gimp/2.0/plug-ins/export_layers/pygimplib/_lib/future/libfuturize/fixes/fix_object.py
-rw-r--r-- root/root      1253 2022-09-04 20:23 usr/lib64/gimp/2.0/plug-ins/export_layers/pygimplib/_lib/future/libfuturize/fixes/fix_oldstr_wrap.py
-rw-r--r-- root/root       867 2022-09-04 20:23 usr/lib64/gimp/2.0/plug-ins/export_layers/pygimplib/_lib/future/libfuturize/fixes/fix_order___future__imports.py
-rw-r--r-- root/root      3478 2022-09-04 20:23 usr/lib64/gimp/2.0/plug-ins/export_layers/pygimplib/_lib/future/libfuturize/fixes/fix_print.py
-rw-r--r-- root/root       759 2022-09-04 20:23 usr/lib64/gimp/2.0/plug-ins/export_layers/pygimplib/_lib/future/libfuturize/fixes/fix_print_with_import.py
-rw-r--r-- root/root      2240 2022-09-04 20:23 usr/lib64/gimp/2.0/plug-ins/export_layers/pygimplib/_lib/future/libfuturize/fixes/fix_raise.py
-rw-r--r-- root/root       879 2022-09-04 20:23 usr/lib64/gimp/2.0/plug-ins/export_layers/pygimplib/_lib/future/libfuturize/fixes/fix_remove_old__future__imports.py
-rw-r--r-- root/root       805 2022-09-04 20:23 usr/lib64/gimp/2.0/plug-ins/export_layers/pygimplib/_lib/future/libfuturize/fixes/fix_unicode_keep_u.py
-rw-r--r-- root/root       391 2022-09-04 20:23 usr/lib64/gimp/2.0/plug-ins/export_layers/pygimplib/_lib/future/libfuturize/fixes/fix_unicode_literals_import.py
-rw-r--r-- root/root       499 2022-09-04 20:23 usr/lib64/gimp/2.0/plug-ins/export_layers/pygimplib/_lib/future/libfuturize/fixes/fix_xrange_with_import.py
-rw-r--r-- root/root     13203 2022-09-04 20:23 usr/lib64/gimp/2.0/plug-ins/export_layers/pygimplib/_lib/future/libfuturize/main.py
drwxr-xr-x root/root         0 2022-10-31 00:34 usr/lib64/gimp/2.0/plug-ins/export_layers/pygimplib/_lib/future/libpasteurize/
-rw-r--r-- root/root        32 2022-09-04 20:23 usr/lib64/gimp/2.0/plug-ins/export_layers/pygimplib/_lib/future/libpasteurize/__init__.py
drwxr-xr-x root/root         0 2022-10-31 00:34 usr/lib64/gimp/2.0/plug-ins/export_layers/pygimplib/_lib/future/libpasteurize/fixes/
-rw-r--r-- root/root      3775 2022-09-04 20:23 usr/lib64/gimp/2.0/plug-ins/export_layers/pygimplib/_lib/future/libpasteurize/fixes/__init__.py
-rw-r--r-- root/root      1784 2022-09-04 20:23 usr/lib64/gimp/2.0/plug-ins/export_layers/pygimplib/_lib/future/libpasteurize/fixes/feature_base.py
-rw-r--r-- root/root       702 2022-09-04 20:23 usr/lib64/gimp/2.0/plug-ins/export_layers/pygimplib/_lib/future/libpasteurize/fixes/fix_add_all__future__imports.py
-rw-r--r-- root/root      1308 2022-09-04 20:23 usr/lib64/gimp/2.0/plug-ins/export_layers/pygimplib/_lib/future/libpasteurize/fixes/fix_add_all_future_builtins.py
-rw-r--r-- root/root       686 2022-09-04 20:23 usr/lib64/gimp/2.0/plug-ins/export_layers/pygimplib/_lib/future/libpasteurize/fixes/fix_add_future_standard_library_import.py
-rw-r--r-- root/root      1633 2022-09-04 20:23 usr/lib64/gimp/2.0/plug-ins/export_layers/pygimplib/_lib/future/libpasteurize/fixes/fix_annotations.py
-rw-r--r-- root/root       932 2022-09-04 20:23 usr/lib64/gimp/2.0/plug-ins/export_layers/pygimplib/_lib/future/libpasteurize/fixes/fix_division.py
-rw-r--r-- root/root      2765 2022-09-04 20:23 usr/lib64/gimp/2.0/plug-ins/export_layers/pygimplib/_lib/future/libpasteurize/fixes/fix_features.py
-rw-r--r-- root/root       458 2022-09-04 20:23 usr/lib64/gimp/2.0/plug-ins/export_layers/pygimplib/_lib/future/libpasteurize/fixes/fix_fullargspec.py
-rw-r--r-- root/root      1498 2022-09-04 20:23 usr/lib64/gimp/2.0/plug-ins/export_layers/pygimplib/_lib/future/libpasteurize/fixes/fix_future_builtins.py
-rw-r--r-- root/root       899 2022-09-04 20:23 usr/lib64/gimp/2.0/plug-ins/export_layers/pygimplib/_lib/future/libpasteurize/fixes/fix_getcwd.py
-rw-r--r-- root/root      5058 2022-09-04 20:23 usr/lib64/gimp/2.0/plug-ins/export_layers/pygimplib/_lib/future/libpasteurize/fixes/fix_imports.py
-rw-r--r-- root/root      8758 2022-09-04 20:23 usr/lib64/gimp/2.0/plug-ins/export_layers/pygimplib/_lib/future/libpasteurize/fixes/fix_imports2.py
-rw-r--r-- root/root      6156 2022-09-04 20:23 usr/lib64/gimp/2.0/plug-ins/export_layers/pygimplib/_lib/future/libpasteurize/fixes/fix_kwargs.py
-rw-r--r-- root/root       572 2022-09-04 20:23 usr/lib64/gimp/2.0/plug-ins/export_layers/pygimplib/_lib/future/libpasteurize/fixes/fix_memoryview.py
-rw-r--r-- root/root      3346 2022-09-04 20:23 usr/lib64/gimp/2.0/plug-ins/export_layers/pygimplib/_lib/future/libpasteurize/fixes/fix_metaclass.py
-rw-r--r-- root/root       921 2022-09-04 20:23 usr/lib64/gimp/2.0/plug-ins/export_layers/pygimplib/_lib/future/libpasteurize/fixes/fix_newstyle.py
-rw-r--r-- root/root      1276 2022-09-04 20:23 usr/lib64/gimp/2.0/plug-ins/export_layers/pygimplib/_lib/future/libpasteurize/fixes/fix_next.py
-rw-r--r-- root/root       418 2022-09-04 20:23 usr/lib64/gimp/2.0/plug-ins/export_layers/pygimplib/_lib/future/libpasteurize/fixes/fix_printfunction.py
-rw-r--r-- root/root      1124 2022-09-04 20:23 usr/lib64/gimp/2.0/plug-ins/export_layers/pygimplib/_lib/future/libpasteurize/fixes/fix_raise.py
-rw-r--r-- root/root      1260 2022-09-04 20:23 usr/lib64/gimp/2.0/plug-ins/export_layers/pygimplib/_lib/future/libpasteurize/fixes/fix_raise_.py
-rw-r--r-- root/root       858 2022-09-04 20:23 usr/lib64/gimp/2.0/plug-ins/export_layers/pygimplib/_lib/future/libpasteurize/fixes/fix_throw.py
-rw-r--r-- root/root      6074 2022-09-04 20:23 usr/lib64/gimp/2.0/plug-ins/export_layers/pygimplib/_lib/future/libpasteurize/fixes/fix_unpacking.py
-rw-r--r-- root/root      5854 2022-09-04 20:23 usr/lib64/gimp/2.0/plug-ins/export_layers/pygimplib/_lib/future/libpasteurize/main.py
drwxr-xr-x root/root         0 2022-10-31 00:34 usr/lib64/gimp/2.0/plug-ins/export_layers/pygimplib/_lib/future/past/
-rw-r--r-- root/root      3041 2022-09-04 20:23 usr/lib64/gimp/2.0/plug-ins/export_layers/pygimplib/_lib/future/past/__init__.py
drwxr-xr-x root/root         0 2022-10-31 00:34 usr/lib64/gimp/2.0/plug-ins/export_layers/pygimplib/_lib/future/past/builtins/
-rw-r--r-- root/root      1882 2022-09-04 20:23 usr/lib64/gimp/2.0/plug-ins/export_layers/pygimplib/_lib/future/past/builtins/__init__.py
-rw-r--r-- root/root      2590 2022-09-04 20:23 usr/lib64/gimp/2.0/plug-ins/export_layers/pygimplib/_lib/future/past/builtins/misc.py
-rw-r--r-- root/root      9695 2022-09-04 20:23 usr/lib64/gimp/2.0/plug-ins/export_layers/pygimplib/_lib/future/past/builtins/noniterators.py
drwxr-xr-x root/root         0 2022-10-31 00:34 usr/lib64/gimp/2.0/plug-ins/export_layers/pygimplib/_lib/future/past/tests/
-rw-r--r-- root/root         0 2022-09-04 20:23 usr/lib64/gimp/2.0/plug-ins/export_layers/pygimplib/_lib/future/past/tests/__init__.py
drwxr-xr-x root/root         0 2022-10-31 00:34 usr/lib64/gimp/2.0/plug-ins/export_layers/pygimplib/_lib/future/past/translation/
-rw-r--r-- root/root     18957 2022-09-04 20:23 usr/lib64/gimp/2.0/plug-ins/export_layers/pygimplib/_lib/future/past/translation/__init__.py
drwxr-xr-x root/root         0 2022-10-31 00:34 usr/lib64/gimp/2.0/plug-ins/export_layers/pygimplib/_lib/future/past/types/
-rw-r--r-- root/root       910 2022-09-04 20:23 usr/lib64/gimp/2.0/plug-ins/export_layers/pygimplib/_lib/future/past/types/__init__.py
-rw-r--r-- root/root       769 2022-09-04 20:23 usr/lib64/gimp/2.0/plug-ins/export_layers/pygimplib/_lib/future/past/types/basestring.py
-rw-r--r-- root/root      2832 2022-09-04 20:23 usr/lib64/gimp/2.0/plug-ins/export_layers/pygimplib/_lib/future/past/types/olddict.py
-rw-r--r-- root/root      4432 2022-09-04 20:23 usr/lib64/gimp/2.0/plug-ins/export_layers/pygimplib/_lib/future/past/types/oldstr.py
drwxr-xr-x root/root         0 2022-10-31 00:34 usr/lib64/gimp/2.0/plug-ins/export_layers/pygimplib/_lib/future/past/utils/
-rw-r--r-- root/root      2762 2022-09-04 20:23 usr/lib64/gimp/2.0/plug-ins/export_layers/pygimplib/_lib/future/past/utils/__init__.py
drwxr-xr-x root/root         0 2022-10-31 00:34 usr/lib64/gimp/2.0/plug-ins/export_layers/pygimplib/_lib/future/queue/
-rw-r--r-- root/root       385 2022-09-04 20:23 usr/lib64/gimp/2.0/plug-ins/export_layers/pygimplib/_lib/future/queue/__init__.py
drwxr-xr-x root/root         0 2022-10-31 00:34 usr/lib64/gimp/2.0/plug-ins/export_layers/pygimplib/_lib/future/reprlib/
-rw-r--r-- root/root       358 2022-09-04 20:23 usr/lib64/gimp/2.0/plug-ins/export_layers/pygimplib/_lib/future/reprlib/__init__.py
drwxr-xr-x root/root         0 2022-10-31 00:34 usr/lib64/gimp/2.0/plug-ins/export_layers/pygimplib/_lib/future/socketserver/
-rw-r--r-- root/root       366 2022-09-04 20:23 usr/lib64/gimp/2.0/plug-ins/export_layers/pygimplib/_lib/future/socketserver/__init__.py
drwxr-xr-x root/root         0 2022-10-31 00:34 usr/lib64/gimp/2.0/plug-ins/export_layers/pygimplib/_lib/future/tkinter/
-rw-r--r-- root/root       554 2022-09-04 20:23 usr/lib64/gimp/2.0/plug-ins/export_layers/pygimplib/_lib/future/tkinter/__init__.py
-rw-r--r-- root/root       347 2022-09-04 20:23 usr/lib64/gimp/2.0/plug-ins/export_layers/pygimplib/_lib/future/tkinter/colorchooser.py
-rw-r--r-- root/root       347 2022-09-04 20:23 usr/lib64/gimp/2.0/plug-ins/export_layers/pygimplib/_lib/future/tkinter/commondialog.py
-rw-r--r-- root/root       338 2022-09-04 20:23 usr/lib64/gimp/2.0/plug-ins/export_layers/pygimplib/_lib/future/tkinter/constants.py
-rw-r--r-- root/root       325 2022-09-04 20:23 usr/lib64/gimp/2.0/plug-ins/export_layers/pygimplib/_lib/future/tkinter/dialog.py
-rw-r--r-- root/root       320 2022-09-04 20:23 usr/lib64/gimp/2.0/plug-ins/export_layers/pygimplib/_lib/future/tkinter/dnd.py
-rw-r--r-- root/root       546 2022-09-04 20:23 usr/lib64/gimp/2.0/plug-ins/export_layers/pygimplib/_lib/future/tkinter/filedialog.py
-rw-r--r-- root/root       323 2022-09-04 20:23 usr/lib64/gimp/2.0/plug-ins/export_layers/pygimplib/_lib/future/tkinter/font.py
-rw-r--r-- root/root       341 2022-09-04 20:23 usr/lib64/gimp/2.0/plug-ins/export_layers/pygimplib/_lib/future/tkinter/messagebox.py
-rw-r--r-- root/root       343 2022-09-04 20:23 usr/lib64/gimp/2.0/plug-ins/export_layers/pygimplib/_lib/future/tkinter/scrolledtext.py
-rw-r--r-- root/root       343 2022-09-04 20:23 usr/lib64/gimp/2.0/plug-ins/export_layers/pygimplib/_lib/future/tkinter/simpledialog.py
-rw-r--r-- root/root       316 2022-09-04 20:23 usr/lib64/gimp/2.0/plug-ins/export_layers/pygimplib/_lib/future/tkinter/tix.py
-rw-r--r-- root/root       316 2022-09-04 20:23 usr/lib64/gimp/2.0/plug-ins/export_layers/pygimplib/_lib/future/tkinter/ttk.py
drwxr-xr-x root/root         0 2022-10-31 00:34 usr/lib64/gimp/2.0/plug-ins/export_layers/pygimplib/_lib/future/winreg/
-rw-r--r-- root/root       387 2022-09-04 20:23 usr/lib64/gimp/2.0/plug-ins/export_layers/pygimplib/_lib/future/winreg/__init__.py
drwxr-xr-x root/root         0 2022-10-31 00:34 usr/lib64/gimp/2.0/plug-ins/export_layers/pygimplib/_lib/future/xmlrpc/
-rw-r--r-- root/root       344 2022-09-04 20:23 usr/lib64/gimp/2.0/plug-ins/export_layers/pygimplib/_lib/future/xmlrpc/__init__.py
-rw-r--r-- root/root       111 2022-09-04 20:23 usr/lib64/gimp/2.0/plug-ins/export_layers/pygimplib/_lib/future/xmlrpc/client.py
-rw-r--r-- root/root       111 2022-09-04 20:23 usr/lib64/gimp/2.0/plug-ins/export_layers/pygimplib/_lib/future/xmlrpc/server.py
drwxr-xr-x root/root         0 2022-10-31 00:34 usr/lib64/gimp/2.0/plug-ins/export_layers/pygimplib/_lib/python_standard_modules/
-rw-r--r-- root/root     13017 2022-09-04 20:23 usr/lib64/gimp/2.0/plug-ins/export_layers/pygimplib/_lib/python_standard_modules/LICENSE
drwxr-xr-x root/root         0 2022-10-31 00:34 usr/lib64/gimp/2.0/plug-ins/export_layers/pygimplib/_lib/python_standard_modules/importlib/
-rw-r--r-- root/root      1365 2022-09-04 20:23 usr/lib64/gimp/2.0/plug-ins/export_layers/pygimplib/_lib/python_standard_modules/importlib/__init__.py
drwxr-xr-x root/root         0 2022-10-31 00:34 usr/lib64/gimp/2.0/plug-ins/export_layers/pygimplib/_lib/python_standard_modules/logging/
-rw-r--r-- root/root     63016 2022-09-04 20:23 usr/lib64/gimp/2.0/plug-ins/export_layers/pygimplib/_lib/python_standard_modules/logging/__init__.py
-rw-r--r-- root/root     35692 2022-09-04 20:23 usr/lib64/gimp/2.0/plug-ins/export_layers/pygimplib/_lib/python_standard_modules/logging/config.py
-rw-r--r-- root/root     49539 2022-09-04 20:23 usr/lib64/gimp/2.0/plug-ins/export_layers/pygimplib/_lib/python_standard_modules/logging/handlers.py
drwxr-xr-x root/root         0 2022-10-31 00:34 usr/lib64/gimp/2.0/plug-ins/export_layers/pygimplib/_lib/python_standard_modules/unittest/
-rw-r--r-- root/root      2787 2022-09-04 20:23 usr/lib64/gimp/2.0/plug-ins/export_layers/pygimplib/_lib/python_standard_modules/unittest/__init__.py
-rw-r--r-- root/root       250 2022-09-04 20:23 usr/lib64/gimp/2.0/plug-ins/export_layers/pygimplib/_lib/python_standard_modules/unittest/__main__.py
-rw-r--r-- root/root     43808 2022-09-04 20:23 usr/lib64/gimp/2.0/plug-ins/export_layers/pygimplib/_lib/python_standard_modules/unittest/case.py
-rw-r--r-- root/root     13813 2022-09-04 20:23 usr/lib64/gimp/2.0/plug-ins/export_layers/pygimplib/_lib/python_standard_modules/unittest/loader.py
-rw-r--r-- root/root      9319 2022-09-04 20:23 usr/lib64/gimp/2.0/plug-ins/export_layers/pygimplib/_lib/python_standard_modules/unittest/main.py
-rw-r--r-- root/root      6501 2022-09-04 20:23 usr/lib64/gimp/2.0/plug-ins/export_layers/pygimplib/_lib/python_standard_modules/unittest/result.py
-rw-r--r-- root/root      6729 2022-09-04 20:23 usr/lib64/gimp/2.0/plug-ins/export_layers/pygimplib/_lib/python_standard_modules/unittest/runner.py
-rw-r--r-- root/root      2482 2022-09-04 20:23 usr/lib64/gimp/2.0/plug-ins/export_layers/pygimplib/_lib/python_standard_modules/unittest/signals.py
-rw-r--r-- root/root     10112 2022-09-04 20:23 usr/lib64/gimp/2.0/plug-ins/export_layers/pygimplib/_lib/python_standard_modules/unittest/suite.py
-rw-r--r-- root/root      4762 2022-09-04 20:23 usr/lib64/gimp/2.0/plug-ins/export_layers/pygimplib/_lib/python_standard_modules/unittest/util.py
-rw-r--r-- root/root      1611 2022-09-11 12:42 usr/lib64/gimp/2.0/plug-ins/export_layers/pygimplib/_path_dirs.py
-rw-r--r-- root/root       389 2022-10-23 10:25 usr/lib64/gimp/2.0/plug-ins/export_layers/pygimplib/constants.py
-rw-r--r-- root/root      8468 2022-10-02 18:04 usr/lib64/gimp/2.0/plug-ins/export_layers/pygimplib/fileformats.py
drwxr-xr-x root/root         0 2022-10-31 00:34 usr/lib64/gimp/2.0/plug-ins/export_layers/pygimplib/gui/
-rw-r--r-- root/root       686 2022-09-11 14:32 usr/lib64/gimp/2.0/plug-ins/export_layers/pygimplib/gui/__init__.py
-rw-r--r-- root/root      2978 2022-09-11 12:42 usr/lib64/gimp/2.0/plug-ins/export_layers/pygimplib/gui/cell_renderers.py
-rw-r--r-- root/root      5576 2022-09-11 12:42 usr/lib64/gimp/2.0/plug-ins/export_layers/pygimplib/gui/drag_and_drop_context.py
-rw-r--r-- root/root      2509 2022-09-11 12:42 usr/lib64/gimp/2.0/plug-ins/export_layers/pygimplib/gui/editable_label.py
-rw-r--r-- root/root     31285 2022-10-23 11:25 usr/lib64/gimp/2.0/plug-ins/export_layers/pygimplib/gui/entries.py
-rw-r--r-- root/root      2207 2022-09-11 12:42 usr/lib64/gimp/2.0/plug-ins/export_layers/pygimplib/gui/entry_expander.py
-rw-r--r-- root/root     14896 2022-10-02 13:13 usr/lib64/gimp/2.0/plug-ins/export_layers/pygimplib/gui/entry_popup.py
-rw-r--r-- root/root      6234 2022-09-11 12:42 usr/lib64/gimp/2.0/plug-ins/export_layers/pygimplib/gui/entry_undo_context.py
-rw-r--r-- root/root      4381 2022-10-23 11:26 usr/lib64/gimp/2.0/plug-ins/export_layers/pygimplib/gui/gimp_item_combo_box.py
-rw-r--r-- root/root     18611 2022-09-11 14:24 usr/lib64/gimp/2.0/plug-ins/export_layers/pygimplib/gui/item_box.py
-rw-r--r-- root/root      4854 2022-09-11 12:42 usr/lib64/gimp/2.0/plug-ins/export_layers/pygimplib/gui/overwrite_chooser.py
-rw-r--r-- root/root      4049 2022-10-23 11:40 usr/lib64/gimp/2.0/plug-ins/export_layers/pygimplib/gui/parasite_box.py
-rw-r--r-- root/root      3831 2022-09-11 12:42 usr/lib64/gimp/2.0/plug-ins/export_layers/pygimplib/gui/popup_hide_context.py
-rw-r--r-- root/root       865 2022-09-11 12:42 usr/lib64/gimp/2.0/plug-ins/export_layers/pygimplib/gui/progress_updater.py
-rw-r--r-- root/root      2720 2022-09-11 12:42 usr/lib64/gimp/2.0/plug-ins/export_layers/pygimplib/gui/utils.py
-rw-r--r-- root/root      1911 2022-09-11 12:42 usr/lib64/gimp/2.0/plug-ins/export_layers/pygimplib/invocation.py
-rw-r--r-- root/root     25345 2022-09-23 23:52 usr/lib64/gimp/2.0/plug-ins/export_layers/pygimplib/invoker.py
-rw-r--r-- root/root     19546 2022-10-23 11:52 usr/lib64/gimp/2.0/plug-ins/export_layers/pygimplib/itemtree.py
-rw-r--r-- root/root      9280 2022-09-11 12:42 usr/lib64/gimp/2.0/plug-ins/export_layers/pygimplib/logging.py
-rw-r--r-- root/root     11236 2022-09-11 12:42 usr/lib64/gimp/2.0/plug-ins/export_layers/pygimplib/objectfilter.py
-rw-r--r-- root/root      6152 2022-09-21 23:07 usr/lib64/gimp/2.0/plug-ins/export_layers/pygimplib/overwrite.py
drwxr-xr-x root/root         0 2022-10-31 00:34 usr/lib64/gimp/2.0/plug-ins/export_layers/pygimplib/path/
-rw-r--r-- root/root       357 2022-09-11 12:42 usr/lib64/gimp/2.0/plug-ins/export_layers/pygimplib/path/__init__.py
-rw-r--r-- root/root      2241 2022-09-30 01:11 usr/lib64/gimp/2.0/plug-ins/export_layers/pygimplib/path/fileext.py
-rw-r--r-- root/root     12891 2022-10-23 16:33 usr/lib64/gimp/2.0/plug-ins/export_layers/pygimplib/path/pattern.py
-rw-r--r-- root/root      3909 2022-09-11 12:42 usr/lib64/gimp/2.0/plug-ins/export_layers/pygimplib/path/uniquify.py
-rw-r--r-- root/root     13434 2022-09-11 12:42 usr/lib64/gimp/2.0/plug-ins/export_layers/pygimplib/path/validators.py
-rw-r--r-- root/root     16662 2022-10-23 11:53 usr/lib64/gimp/2.0/plug-ins/export_layers/pygimplib/pdbutils.py
-rw-r--r-- root/root      2459 2022-09-11 12:19 usr/lib64/gimp/2.0/plug-ins/export_layers/pygimplib/progress.py
drwxr-xr-x root/root         0 2022-10-31 00:34 usr/lib64/gimp/2.0/plug-ins/export_layers/pygimplib/setting/
-rw-r--r-- root/root       415 2022-09-11 12:42 usr/lib64/gimp/2.0/plug-ins/export_layers/pygimplib/setting/__init__.py
-rw-r--r-- root/root       893 2022-09-11 12:42 usr/lib64/gimp/2.0/plug-ins/export_layers/pygimplib/setting/_sources_errors.py
-rw-r--r-- root/root     24354 2022-10-02 19:49 usr/lib64/gimp/2.0/plug-ins/export_layers/pygimplib/setting/group.py
-rw-r--r-- root/root      2911 2022-09-11 12:42 usr/lib64/gimp/2.0/plug-ins/export_layers/pygimplib/setting/pdbparams.py
-rw-r--r-- root/root      6008 2022-09-11 12:42 usr/lib64/gimp/2.0/plug-ins/export_layers/pygimplib/setting/persistor.py
-rw-r--r-- root/root     10046 2022-09-25 11:53 usr/lib64/gimp/2.0/plug-ins/export_layers/pygimplib/setting/presenter.py
-rw-r--r-- root/root     24961 2022-10-23 11:44 usr/lib64/gimp/2.0/plug-ins/export_layers/pygimplib/setting/presenters_gtk.py
-rw-r--r-- root/root     72575 2022-10-23 11:50 usr/lib64/gimp/2.0/plug-ins/export_layers/pygimplib/setting/settings.py
-rw-r--r-- root/root      7406 2022-10-23 11:50 usr/lib64/gimp/2.0/plug-ins/export_layers/pygimplib/setting/sources.py
-rw-r--r-- root/root      8929 2022-10-15 23:16 usr/lib64/gimp/2.0/plug-ins/export_layers/pygimplib/setting/utils.py
-rw-r--r-- root/root      5510 2022-10-23 10:42 usr/lib64/gimp/2.0/plug-ins/export_layers/pygimplib/utils.py
-rw-r--r-- root/root      8009 2022-09-11 12:18 usr/lib64/gimp/2.0/plug-ins/export_layers/pygimplib/version.py
-rw-r--r-- root/root     15608 2022-10-23 16:40 usr/lib64/gimp/2.0/plug-ins/export_layers/renamer.py
-rw-r--r-- root/root      1006 2022-09-25 16:14 usr/lib64/gimp/2.0/plug-ins/export_layers/settings_custom.py
-rw-r--r-- root/root     12737 2022-09-29 01:12 usr/lib64/gimp/2.0/plug-ins/export_layers/settings_plugin.py
-rw-r--r-- root/root     13704 2022-10-23 12:03 usr/lib64/gimp/2.0/plug-ins/export_layers/update.py


