++========================================
||
||   Package:  ./smplayer/smplayer-21.8.0-x86_64-1cf.txz
||
++========================================
drwxr-xr-x root/root         0 2021-08-17 07:36 ./
drwxr-xr-x root/root         0 2021-08-17 07:36 install/
-rw-r--r-- root/root       434 2021-08-17 07:36 install/doinst.sh
-rw-r--r-- root/root       791 2021-08-17 07:36 install/slack-desc
drwxr-xr-x root/root         0 2021-08-17 07:36 usr/
drwxr-xr-x root/root         0 2021-08-17 07:36 usr/bin/
-rwxr-xr-x root/root    113312 2021-08-17 07:36 usr/bin/simple_web_server
-rwxr-xr-x root/root   4359184 2021-08-17 07:36 usr/bin/smplayer
drwxr-xr-x root/root         0 2021-08-17 07:36 usr/doc/
drwxr-xr-x root/root         0 2021-08-17 07:36 usr/doc/smplayer-21.8.0/
-rw-r--r-- root/root     18328 2021-08-17 07:36 usr/doc/smplayer-21.8.0/Copying.txt
-rw-r--r-- root/root      2064 2021-08-17 07:36 usr/doc/smplayer-21.8.0/Copying_BSD.txt
-rw-r--r-- root/root      1582 2021-08-17 07:36 usr/doc/smplayer-21.8.0/Copying_libmaia.txt
-rw-r--r-- root/root      6516 2021-08-17 07:36 usr/doc/smplayer-21.8.0/Copying_openssl.txt
-rw-r--r-- root/root      1531 2021-08-17 07:36 usr/doc/smplayer-21.8.0/Install.txt
-rw-r--r-- root/root      1138 2021-08-17 07:36 usr/doc/smplayer-21.8.0/Portable_Edition.txt
-rw-r--r-- root/root      4004 2021-08-17 07:36 usr/doc/smplayer-21.8.0/Readme.txt
-rw-r--r-- root/root      1380 2021-08-17 07:36 usr/doc/smplayer-21.8.0/Release_notes.md
drwxr-xr-x root/root         0 2021-08-16 13:58 usr/doc/smplayer-21.8.0/cs/
-rw-r--r-- root/root     21405 2021-08-16 13:58 usr/doc/smplayer-21.8.0/cs/gpl.html
drwxr-xr-x root/root         0 2021-08-16 13:58 usr/doc/smplayer-21.8.0/de/
-rw-r--r-- root/root     27953 2021-08-16 13:58 usr/doc/smplayer-21.8.0/de/gpl.html
drwxr-xr-x root/root         0 2021-08-16 13:58 usr/doc/smplayer-21.8.0/en/
-rw-r--r-- root/root     20317 2021-08-16 13:58 usr/doc/smplayer-21.8.0/en/gpl.html
drwxr-xr-x root/root         0 2021-08-16 13:58 usr/doc/smplayer-21.8.0/es/
-rw-r--r-- root/root     24331 2021-08-16 13:58 usr/doc/smplayer-21.8.0/es/gpl.html
drwxr-xr-x root/root         0 2021-08-16 13:58 usr/doc/smplayer-21.8.0/fr/
-rw-r--r-- root/root     21193 2021-08-16 13:58 usr/doc/smplayer-21.8.0/fr/gpl.html
drwxr-xr-x root/root         0 2021-08-16 13:58 usr/doc/smplayer-21.8.0/hu/
-rw-r--r-- root/root     21859 2021-08-16 13:58 usr/doc/smplayer-21.8.0/hu/gpl.html
drwxr-xr-x root/root         0 2021-08-16 13:58 usr/doc/smplayer-21.8.0/it/
-rw-r--r-- root/root     23678 2021-08-16 13:58 usr/doc/smplayer-21.8.0/it/gpl.html
drwxr-xr-x root/root         0 2021-08-16 13:58 usr/doc/smplayer-21.8.0/ja/
-rw-r--r-- root/root     32403 2021-08-16 13:58 usr/doc/smplayer-21.8.0/ja/gpl.html
drwxr-xr-x root/root         0 2021-08-16 13:58 usr/doc/smplayer-21.8.0/nl/
-rw-r--r-- root/root     23088 2021-08-16 13:58 usr/doc/smplayer-21.8.0/nl/gpl.html
drwxr-xr-x root/root         0 2021-08-16 13:58 usr/doc/smplayer-21.8.0/ro/
-rw-r--r-- root/root     22219 2021-08-16 13:58 usr/doc/smplayer-21.8.0/ro/gpl.html
drwxr-xr-x root/root         0 2021-08-16 13:58 usr/doc/smplayer-21.8.0/ru/
-rw-r--r-- root/root     47478 2021-08-16 13:58 usr/doc/smplayer-21.8.0/ru/gpl.html
-rw-r--r-- root/root      3390 2021-08-17 07:36 usr/doc/smplayer-21.8.0/smplayer.SlackBuild
drwxr-xr-x root/root         0 2021-08-16 13:58 usr/doc/smplayer-21.8.0/zh_CN/
-rw-r--r-- root/root     19230 2021-08-16 13:58 usr/doc/smplayer-21.8.0/zh_CN/gpl.html
drwxr-xr-x root/root         0 2021-08-17 07:36 usr/man/
drwxr-xr-x root/root         0 2021-08-17 07:36 usr/man/man1/
-rw-r--r-- root/root      1616 2021-08-17 07:36 usr/man/man1/smplayer.1.gz
drwxr-xr-x root/root         0 2021-08-17 07:36 usr/share/
drwxr-xr-x root/root         0 2021-08-17 07:36 usr/share/applications/
-rw-r--r-- root/root      5361 2021-08-17 07:36 usr/share/applications/smplayer.desktop
-rw-r--r-- root/root      4418 2021-08-17 07:36 usr/share/applications/smplayer_enqueue.desktop
drwxr-xr-x root/root         0 2021-08-17 07:36 usr/share/icons/
drwxr-xr-x root/root         0 2021-08-17 07:36 usr/share/icons/hicolor/
drwxr-xr-x root/root         0 2021-08-17 07:36 usr/share/icons/hicolor/128x128/
drwxr-xr-x root/root         0 2021-08-17 07:36 usr/share/icons/hicolor/128x128/apps/
-rw-r--r-- root/root     19826 2021-08-17 07:36 usr/share/icons/hicolor/128x128/apps/smplayer.png
drwxr-xr-x root/root         0 2021-08-17 07:36 usr/share/icons/hicolor/16x16/
drwxr-xr-x root/root         0 2021-08-17 07:36 usr/share/icons/hicolor/16x16/apps/
-rw-r--r-- root/root      1121 2021-08-17 07:36 usr/share/icons/hicolor/16x16/apps/smplayer.png
drwxr-xr-x root/root         0 2021-08-17 07:36 usr/share/icons/hicolor/192x192/
drwxr-xr-x root/root         0 2021-08-17 07:36 usr/share/icons/hicolor/192x192/apps/
-rw-r--r-- root/root     35675 2021-08-17 07:36 usr/share/icons/hicolor/192x192/apps/smplayer.png
drwxr-xr-x root/root         0 2021-08-17 07:36 usr/share/icons/hicolor/22x22/
drwxr-xr-x root/root         0 2021-08-17 07:36 usr/share/icons/hicolor/22x22/apps/
-rw-r--r-- root/root      1490 2021-08-17 07:36 usr/share/icons/hicolor/22x22/apps/smplayer.png
drwxr-xr-x root/root         0 2021-08-17 07:36 usr/share/icons/hicolor/256x256/
drwxr-xr-x root/root         0 2021-08-17 07:36 usr/share/icons/hicolor/256x256/apps/
-rw-r--r-- root/root     53360 2021-08-17 07:36 usr/share/icons/hicolor/256x256/apps/smplayer.png
drwxr-xr-x root/root         0 2021-08-17 07:36 usr/share/icons/hicolor/32x32/
drwxr-xr-x root/root         0 2021-08-17 07:36 usr/share/icons/hicolor/32x32/apps/
-rw-r--r-- root/root      2377 2021-08-17 07:36 usr/share/icons/hicolor/32x32/apps/smplayer.png
drwxr-xr-x root/root         0 2021-08-17 07:36 usr/share/icons/hicolor/512x512/
drwxr-xr-x root/root         0 2021-08-17 07:36 usr/share/icons/hicolor/512x512/apps/
-rw-r--r-- root/root    141024 2021-08-17 07:36 usr/share/icons/hicolor/512x512/apps/smplayer.png
drwxr-xr-x root/root         0 2021-08-17 07:36 usr/share/icons/hicolor/64x64/
drwxr-xr-x root/root         0 2021-08-17 07:36 usr/share/icons/hicolor/64x64/apps/
-rw-r--r-- root/root      7042 2021-08-17 07:36 usr/share/icons/hicolor/64x64/apps/smplayer.png
drwxr-xr-x root/root         0 2021-08-17 07:36 usr/share/icons/hicolor/scalable/
drwxr-xr-x root/root         0 2021-08-17 07:36 usr/share/icons/hicolor/scalable/apps/
-rw-r--r-- root/root     66301 2021-08-17 07:36 usr/share/icons/hicolor/scalable/apps/smplayer.svg
drwxr-xr-x root/root         0 2021-08-17 07:36 usr/share/metainfo/
-rw-r--r-- root/root      2328 2021-08-17 07:36 usr/share/metainfo/smplayer.appdata.xml
drwxr-xr-x root/root         0 2021-08-17 07:36 usr/share/smplayer/
-rw-r--r-- root/root      1327 2021-08-17 07:36 usr/share/smplayer/input.conf
drwxr-xr-x root/root         0 2021-08-17 07:36 usr/share/smplayer/shortcuts/
-rw-r--r-- root/root      4474 2021-08-17 07:36 usr/share/smplayer/shortcuts/default.keys
-rw-r--r-- root/root      3744 2021-08-17 07:36 usr/share/smplayer/shortcuts/euskara.keys
-rw-r--r-- root/root      4231 2021-08-17 07:36 usr/share/smplayer/shortcuts/vlc.keys
drwxr-xr-x root/root         0 2021-08-17 07:36 usr/share/smplayer/translations/
-rw-r--r-- root/root    236462 2021-08-17 07:36 usr/share/smplayer/translations/smplayer_am.qm
-rw-r--r-- root/root    264605 2021-08-17 07:36 usr/share/smplayer/translations/smplayer_ar.qm
-rw-r--r-- root/root    264498 2021-08-17 07:36 usr/share/smplayer/translations/smplayer_ar_SY.qm
-rw-r--r-- root/root    267430 2021-08-17 07:36 usr/share/smplayer/translations/smplayer_bg.qm
-rw-r--r-- root/root    217743 2021-08-17 07:36 usr/share/smplayer/translations/smplayer_ca.qm
-rw-r--r-- root/root    270027 2021-08-17 07:36 usr/share/smplayer/translations/smplayer_cs.qm
-rw-r--r-- root/root    281923 2021-08-17 07:36 usr/share/smplayer/translations/smplayer_da.qm
-rw-r--r-- root/root    303210 2021-08-17 07:36 usr/share/smplayer/translations/smplayer_de.qm
-rw-r--r-- root/root    305112 2021-08-17 07:36 usr/share/smplayer/translations/smplayer_el.qm
-rw-r--r-- root/root       103 2021-08-17 07:36 usr/share/smplayer/translations/smplayer_en.qm
-rw-r--r-- root/root    203425 2021-08-17 07:36 usr/share/smplayer/translations/smplayer_en_GB.qm
-rw-r--r-- root/root        33 2021-08-17 07:36 usr/share/smplayer/translations/smplayer_en_US.qm
-rw-r--r-- root/root    298547 2021-08-17 07:36 usr/share/smplayer/translations/smplayer_es.qm
-rw-r--r-- root/root    295489 2021-08-17 07:36 usr/share/smplayer/translations/smplayer_es_ES.qm
-rw-r--r-- root/root    225867 2021-08-17 07:36 usr/share/smplayer/translations/smplayer_et.qm
-rw-r--r-- root/root    287480 2021-08-17 07:36 usr/share/smplayer/translations/smplayer_eu.qm
-rw-r--r-- root/root     62905 2021-08-17 07:36 usr/share/smplayer/translations/smplayer_fa.qm
-rw-r--r-- root/root    286718 2021-08-17 07:36 usr/share/smplayer/translations/smplayer_fi.qm
-rw-r--r-- root/root    298888 2021-08-17 07:36 usr/share/smplayer/translations/smplayer_fr.qm
-rw-r--r-- root/root    292415 2021-08-17 07:36 usr/share/smplayer/translations/smplayer_gl.qm
-rw-r--r-- root/root    178310 2021-08-17 07:36 usr/share/smplayer/translations/smplayer_he_IL.qm
-rw-r--r-- root/root    289521 2021-08-17 07:36 usr/share/smplayer/translations/smplayer_hr.qm
-rw-r--r-- root/root    235131 2021-08-17 07:36 usr/share/smplayer/translations/smplayer_hu.qm
-rw-r--r-- root/root    284867 2021-08-17 07:36 usr/share/smplayer/translations/smplayer_id.qm
-rw-r--r-- root/root    289662 2021-08-17 07:36 usr/share/smplayer/translations/smplayer_it.qm
-rw-r--r-- root/root    224462 2021-08-17 07:36 usr/share/smplayer/translations/smplayer_ja.qm
-rw-r--r-- root/root     30095 2021-08-17 07:36 usr/share/smplayer/translations/smplayer_ka.qm
-rw-r--r-- root/root    207979 2021-08-17 07:36 usr/share/smplayer/translations/smplayer_ko.qm
-rw-r--r-- root/root     93142 2021-08-17 07:36 usr/share/smplayer/translations/smplayer_ku.qm
-rw-r--r-- root/root    222559 2021-08-17 07:36 usr/share/smplayer/translations/smplayer_lt.qm
-rw-r--r-- root/root     78194 2021-08-17 07:36 usr/share/smplayer/translations/smplayer_mk.qm
-rw-r--r-- root/root    280354 2021-08-17 07:36 usr/share/smplayer/translations/smplayer_ms_MY.qm
-rw-r--r-- root/root    265102 2021-08-17 07:36 usr/share/smplayer/translations/smplayer_nb_NO.qm
-rw-r--r-- root/root    291508 2021-08-17 07:36 usr/share/smplayer/translations/smplayer_nl.qm
-rw-r--r-- root/root    165164 2021-08-17 07:36 usr/share/smplayer/translations/smplayer_nn_NO.qm
-rw-r--r-- root/root    287828 2021-08-17 07:36 usr/share/smplayer/translations/smplayer_pl.qm
-rw-r--r-- root/root    284711 2021-08-17 07:36 usr/share/smplayer/translations/smplayer_pt.qm
-rw-r--r-- root/root    286590 2021-08-17 07:36 usr/share/smplayer/translations/smplayer_pt_BR.qm
-rw-r--r-- root/root    123907 2021-08-17 07:36 usr/share/smplayer/translations/smplayer_ro_RO.qm
-rw-r--r-- root/root    286055 2021-08-17 07:36 usr/share/smplayer/translations/smplayer_ru_RU.qm
-rw-r--r-- root/root     86998 2021-08-17 07:36 usr/share/smplayer/translations/smplayer_sk.qm
-rw-r--r-- root/root     37144 2021-08-17 07:36 usr/share/smplayer/translations/smplayer_sl_SI.qm
-rw-r--r-- root/root     82727 2021-08-17 07:36 usr/share/smplayer/translations/smplayer_sq_AL.qm
-rw-r--r-- root/root    257744 2021-08-17 07:36 usr/share/smplayer/translations/smplayer_sr.qm
-rw-r--r-- root/root     35660 2021-08-17 07:36 usr/share/smplayer/translations/smplayer_sv.qm
-rw-r--r-- root/root    176993 2021-08-17 07:36 usr/share/smplayer/translations/smplayer_th.qm
-rw-r--r-- root/root    280554 2021-08-17 07:36 usr/share/smplayer/translations/smplayer_tr.qm
-rw-r--r-- root/root    282627 2021-08-17 07:36 usr/share/smplayer/translations/smplayer_uk_UA.qm
-rw-r--r-- root/root      6476 2021-08-17 07:36 usr/share/smplayer/translations/smplayer_uz.qm
-rw-r--r-- root/root    183485 2021-08-17 07:36 usr/share/smplayer/translations/smplayer_vi_VN.qm
-rw-r--r-- root/root    198725 2021-08-17 07:36 usr/share/smplayer/translations/smplayer_zh_CN.qm
-rw-r--r-- root/root    200213 2021-08-17 07:36 usr/share/smplayer/translations/smplayer_zh_TW.qm


