++========================================
||
||   Package:  ./sparse/sparse-0.6.4-x86_64-4cf.txz
||
++========================================
drwxr-xr-x root/root         0 2022-07-06 08:19 ./
drwxr-xr-x root/root         0 2022-07-06 08:19 install/
-rw-r--r-- root/root      1011 2022-07-06 08:19 install/slack-desc
drwxr-xr-x root/root         0 2022-07-06 08:19 usr/
drwxr-xr-x root/root         0 2022-07-06 08:19 usr/bin/
-rwxr-xr-x root/root    403968 2022-07-06 08:19 usr/bin/c2xml
-rwxr-xr-x root/root     10739 2022-07-06 08:19 usr/bin/cgcc
-rwxr-xr-x root/root    424992 2022-07-06 08:19 usr/bin/semind
-rwxr-xr-x root/root    403904 2022-07-06 08:19 usr/bin/sparse
-rwxr-xr-x root/root    425184 2022-07-06 08:19 usr/bin/sparse-llvm
-rwxr-xr-x root/root       958 2022-07-06 08:19 usr/bin/sparsec
-rwxr-xr-x root/root    408256 2022-07-06 08:19 usr/bin/test-inspect
drwxr-xr-x root/root         0 2022-07-06 08:19 usr/doc/
drwxr-xr-x root/root         0 2022-07-06 08:19 usr/doc/sparse-0.6.4/
-rw-r--r-- root/root      3391 2021-09-06 05:51 usr/doc/sparse-0.6.4/FAQ
-rw-r--r-- root/root      1494 2021-09-06 05:51 usr/doc/sparse-0.6.4/LICENSE
-rw-r--r-- root/root      3007 2021-09-06 05:51 usr/doc/sparse-0.6.4/README
-rw-r--r-- root/root      3481 2022-07-06 08:19 usr/doc/sparse-0.6.4/sparse.SlackBuild
drwxr-xr-x root/root         0 2022-07-06 08:19 usr/man/
drwxr-xr-x root/root         0 2022-07-06 08:19 usr/man/man1/
-rw-r--r-- root/root       565 2022-07-06 08:19 usr/man/man1/cgcc.1.gz
-rw-r--r-- root/root      1269 2022-07-06 08:19 usr/man/man1/semind.1.gz
-rw-r--r-- root/root      6620 2022-07-06 08:19 usr/man/man1/sparse.1.gz


