++========================================
||
||   Package:  ./python-xlib/python-xlib-0.21-x86_64-1cf.txz
||
++========================================
drwxr-xr-x root/root         0 2021-12-05 12:31 ./
drwxr-xr-x root/root         0 2021-12-05 12:31 install/
-rw-r--r-- root/root       727 2021-12-05 12:31 install/slack-desc
drwxr-xr-x root/root         0 2021-12-05 12:31 usr/
drwxr-xr-x root/root         0 2021-12-05 12:31 usr/doc/
drwxr-xr-x root/root         0 2021-12-05 12:31 usr/doc/python-xlib-0.21/
-rw-r--r-- root/root      4546 2017-12-05 16:04 usr/doc/python-xlib-0.21/README.rst
-rw-r--r-- root/root      3463 2021-12-05 12:31 usr/doc/python-xlib-0.21/python-xlib.SlackBuild
drwxr-xr-x root/root         0 2021-12-05 12:31 usr/lib64/
drwxr-xr-x root/root         0 2021-12-05 12:31 usr/lib64/python3.9/
drwxr-xr-x root/root         0 2021-12-05 12:31 usr/lib64/python3.9/site-packages/
drwxr-xr-x root/root         0 2021-12-05 12:31 usr/lib64/python3.9/site-packages/Xlib/
-rw-r--r-- root/root     10214 2017-12-05 16:04 usr/lib64/python3.9/site-packages/Xlib/X.py
-rw-r--r-- root/root      3210 2017-12-05 16:04 usr/lib64/python3.9/site-packages/Xlib/XK.py
-rw-r--r-- root/root      1957 2017-12-05 16:04 usr/lib64/python3.9/site-packages/Xlib/Xatom.py
-rw-r--r-- root/root      2029 2017-12-05 16:04 usr/lib64/python3.9/site-packages/Xlib/Xcursorfont.py
-rw-r--r-- root/root      2217 2017-12-05 16:04 usr/lib64/python3.9/site-packages/Xlib/Xutil.py
-rw-r--r-- root/root      1184 2017-12-05 16:04 usr/lib64/python3.9/site-packages/Xlib/__init__.py
drwxr-xr-x root/root         0 2021-12-05 12:31 usr/lib64/python3.9/site-packages/Xlib/__pycache__/
-rw-r--r-- root/root      7397 2021-12-05 12:31 usr/lib64/python3.9/site-packages/Xlib/__pycache__/X.cpython-39.pyc
-rw-r--r-- root/root      2055 2021-12-05 12:31 usr/lib64/python3.9/site-packages/Xlib/__pycache__/XK.cpython-39.pyc
-rw-r--r-- root/root      1739 2021-12-05 12:31 usr/lib64/python3.9/site-packages/Xlib/__pycache__/Xatom.cpython-39.pyc
-rw-r--r-- root/root      1847 2021-12-05 12:31 usr/lib64/python3.9/site-packages/Xlib/__pycache__/Xcursorfont.cpython-39.pyc
-rw-r--r-- root/root      1403 2021-12-05 12:31 usr/lib64/python3.9/site-packages/Xlib/__pycache__/Xutil.cpython-39.pyc
-rw-r--r-- root/root       332 2021-12-05 12:31 usr/lib64/python3.9/site-packages/Xlib/__pycache__/__init__.cpython-39.pyc
-rw-r--r-- root/root     32260 2021-12-05 12:31 usr/lib64/python3.9/site-packages/Xlib/__pycache__/display.cpython-39.pyc
-rw-r--r-- root/root      6542 2021-12-05 12:31 usr/lib64/python3.9/site-packages/Xlib/__pycache__/error.cpython-39.pyc
-rw-r--r-- root/root     14873 2021-12-05 12:31 usr/lib64/python3.9/site-packages/Xlib/__pycache__/rdb.cpython-39.pyc
-rw-r--r-- root/root       249 2021-12-05 12:31 usr/lib64/python3.9/site-packages/Xlib/__pycache__/threaded.cpython-39.pyc
-rw-r--r-- root/root      2783 2021-12-05 12:31 usr/lib64/python3.9/site-packages/Xlib/__pycache__/xauth.cpython-39.pyc
-rw-r--r-- root/root     36968 2017-12-05 16:04 usr/lib64/python3.9/site-packages/Xlib/display.py
-rw-r--r-- root/root      4751 2017-12-05 16:04 usr/lib64/python3.9/site-packages/Xlib/error.py
drwxr-xr-x root/root         0 2021-12-05 12:31 usr/lib64/python3.9/site-packages/Xlib/ext/
-rw-r--r-- root/root      1484 2017-12-05 16:04 usr/lib64/python3.9/site-packages/Xlib/ext/__init__.py
drwxr-xr-x root/root         0 2021-12-05 12:31 usr/lib64/python3.9/site-packages/Xlib/ext/__pycache__/
-rw-r--r-- root/root       504 2021-12-05 12:31 usr/lib64/python3.9/site-packages/Xlib/ext/__pycache__/__init__.cpython-39.pyc
-rw-r--r-- root/root      6272 2021-12-05 12:31 usr/lib64/python3.9/site-packages/Xlib/ext/__pycache__/composite.cpython-39.pyc
-rw-r--r-- root/root      2176 2021-12-05 12:31 usr/lib64/python3.9/site-packages/Xlib/ext/__pycache__/ge.cpython-39.pyc
-rw-r--r-- root/root     26042 2021-12-05 12:31 usr/lib64/python3.9/site-packages/Xlib/ext/__pycache__/randr.cpython-39.pyc
-rw-r--r-- root/root      7147 2021-12-05 12:31 usr/lib64/python3.9/site-packages/Xlib/ext/__pycache__/record.cpython-39.pyc
-rw-r--r-- root/root      2924 2021-12-05 12:31 usr/lib64/python3.9/site-packages/Xlib/ext/__pycache__/security.cpython-39.pyc
-rw-r--r-- root/root      7699 2021-12-05 12:31 usr/lib64/python3.9/site-packages/Xlib/ext/__pycache__/shape.cpython-39.pyc
-rw-r--r-- root/root      2054 2021-12-05 12:31 usr/lib64/python3.9/site-packages/Xlib/ext/__pycache__/xfixes.cpython-39.pyc
-rw-r--r-- root/root      5448 2021-12-05 12:31 usr/lib64/python3.9/site-packages/Xlib/ext/__pycache__/xinerama.cpython-39.pyc
-rw-r--r-- root/root     14493 2021-12-05 12:31 usr/lib64/python3.9/site-packages/Xlib/ext/__pycache__/xinput.cpython-39.pyc
-rw-r--r-- root/root      3042 2021-12-05 12:31 usr/lib64/python3.9/site-packages/Xlib/ext/__pycache__/xtest.cpython-39.pyc
-rw-r--r-- root/root      8239 2017-12-05 16:04 usr/lib64/python3.9/site-packages/Xlib/ext/composite.py
-rw-r--r-- root/root      3369 2017-12-05 16:04 usr/lib64/python3.9/site-packages/Xlib/ext/ge.py
-rw-r--r-- root/root     34713 2017-12-05 16:04 usr/lib64/python3.9/site-packages/Xlib/ext/randr.py
-rw-r--r-- root/root      9401 2017-12-05 16:04 usr/lib64/python3.9/site-packages/Xlib/ext/record.py
-rw-r--r-- root/root      5041 2017-12-05 16:04 usr/lib64/python3.9/site-packages/Xlib/ext/security.py
-rw-r--r-- root/root      7850 2017-12-05 16:04 usr/lib64/python3.9/site-packages/Xlib/ext/shape.py
-rw-r--r-- root/root      2944 2017-12-05 16:04 usr/lib64/python3.9/site-packages/Xlib/ext/xfixes.py
-rw-r--r-- root/root      6932 2017-12-05 16:04 usr/lib64/python3.9/site-packages/Xlib/ext/xinerama.py
-rw-r--r-- root/root     17113 2017-12-05 16:04 usr/lib64/python3.9/site-packages/Xlib/ext/xinput.py
-rw-r--r-- root/root      4564 2017-12-05 16:04 usr/lib64/python3.9/site-packages/Xlib/ext/xtest.py
drwxr-xr-x root/root         0 2021-12-05 12:31 usr/lib64/python3.9/site-packages/Xlib/keysymdef/
-rw-r--r-- root/root      1129 2017-12-05 16:04 usr/lib64/python3.9/site-packages/Xlib/keysymdef/__init__.py
drwxr-xr-x root/root         0 2021-12-05 12:31 usr/lib64/python3.9/site-packages/Xlib/keysymdef/__pycache__/
-rw-r--r-- root/root       325 2021-12-05 12:31 usr/lib64/python3.9/site-packages/Xlib/keysymdef/__pycache__/__init__.cpython-39.pyc
-rw-r--r-- root/root       587 2021-12-05 12:31 usr/lib64/python3.9/site-packages/Xlib/keysymdef/__pycache__/apl.cpython-39.pyc
-rw-r--r-- root/root      1560 2021-12-05 12:31 usr/lib64/python3.9/site-packages/Xlib/keysymdef/__pycache__/arabic.cpython-39.pyc
-rw-r--r-- root/root      3045 2021-12-05 12:31 usr/lib64/python3.9/site-packages/Xlib/keysymdef/__pycache__/cyrillic.cpython-39.pyc
-rw-r--r-- root/root      2269 2021-12-05 12:31 usr/lib64/python3.9/site-packages/Xlib/keysymdef/__pycache__/greek.cpython-39.pyc
-rw-r--r-- root/root      1206 2021-12-05 12:31 usr/lib64/python3.9/site-packages/Xlib/keysymdef/__pycache__/hebrew.cpython-39.pyc
-rw-r--r-- root/root      1798 2021-12-05 12:31 usr/lib64/python3.9/site-packages/Xlib/keysymdef/__pycache__/katakana.cpython-39.pyc
-rw-r--r-- root/root      3417 2021-12-05 12:31 usr/lib64/python3.9/site-packages/Xlib/keysymdef/__pycache__/korean.cpython-39.pyc
-rw-r--r-- root/root      4331 2021-12-05 12:31 usr/lib64/python3.9/site-packages/Xlib/keysymdef/__pycache__/latin1.cpython-39.pyc
-rw-r--r-- root/root      1448 2021-12-05 12:31 usr/lib64/python3.9/site-packages/Xlib/keysymdef/__pycache__/latin2.cpython-39.pyc
-rw-r--r-- root/root       698 2021-12-05 12:31 usr/lib64/python3.9/site-packages/Xlib/keysymdef/__pycache__/latin3.cpython-39.pyc
-rw-r--r-- root/root       962 2021-12-05 12:31 usr/lib64/python3.9/site-packages/Xlib/keysymdef/__pycache__/latin4.cpython-39.pyc
-rw-r--r-- root/root      3624 2021-12-05 12:31 usr/lib64/python3.9/site-packages/Xlib/keysymdef/__pycache__/miscellany.cpython-39.pyc
-rw-r--r-- root/root      2458 2021-12-05 12:31 usr/lib64/python3.9/site-packages/Xlib/keysymdef/__pycache__/publishing.cpython-39.pyc
-rw-r--r-- root/root       732 2021-12-05 12:31 usr/lib64/python3.9/site-packages/Xlib/keysymdef/__pycache__/special.cpython-39.pyc
-rw-r--r-- root/root      1547 2021-12-05 12:31 usr/lib64/python3.9/site-packages/Xlib/keysymdef/__pycache__/technical.cpython-39.pyc
-rw-r--r-- root/root      2483 2021-12-05 12:31 usr/lib64/python3.9/site-packages/Xlib/keysymdef/__pycache__/thai.cpython-39.pyc
-rw-r--r-- root/root      5012 2021-12-05 12:31 usr/lib64/python3.9/site-packages/Xlib/keysymdef/__pycache__/xf86.cpython-39.pyc
-rw-r--r-- root/root       973 2021-12-05 12:31 usr/lib64/python3.9/site-packages/Xlib/keysymdef/__pycache__/xk3270.cpython-39.pyc
-rw-r--r-- root/root      3364 2021-12-05 12:31 usr/lib64/python3.9/site-packages/Xlib/keysymdef/__pycache__/xkb.cpython-39.pyc
-rw-r--r-- root/root       369 2017-12-05 16:04 usr/lib64/python3.9/site-packages/Xlib/keysymdef/apl.py
-rw-r--r-- root/root      1221 2017-12-05 16:04 usr/lib64/python3.9/site-packages/Xlib/keysymdef/arabic.py
-rw-r--r-- root/root      2540 2017-12-05 16:04 usr/lib64/python3.9/site-packages/Xlib/keysymdef/cyrillic.py
-rw-r--r-- root/root      1840 2017-12-05 16:04 usr/lib64/python3.9/site-packages/Xlib/keysymdef/greek.py
-rw-r--r-- root/root       957 2017-12-05 16:04 usr/lib64/python3.9/site-packages/Xlib/keysymdef/hebrew.py
-rw-r--r-- root/root      1397 2017-12-05 16:04 usr/lib64/python3.9/site-packages/Xlib/keysymdef/katakana.py
-rw-r--r-- root/root      2860 2017-12-05 16:04 usr/lib64/python3.9/site-packages/Xlib/keysymdef/korean.py
-rw-r--r-- root/root      3426 2017-12-05 16:04 usr/lib64/python3.9/site-packages/Xlib/keysymdef/latin1.py
-rw-r--r-- root/root      1075 2017-12-05 16:04 usr/lib64/python3.9/site-packages/Xlib/keysymdef/latin2.py
-rw-r--r-- root/root       465 2017-12-05 16:04 usr/lib64/python3.9/site-packages/Xlib/keysymdef/latin3.py
-rw-r--r-- root/root       678 2017-12-05 16:04 usr/lib64/python3.9/site-packages/Xlib/keysymdef/latin4.py
-rw-r--r-- root/root      3133 2017-12-05 16:04 usr/lib64/python3.9/site-packages/Xlib/keysymdef/miscellany.py
-rw-r--r-- root/root      1977 2017-12-05 16:04 usr/lib64/python3.9/site-packages/Xlib/keysymdef/publishing.py
-rw-r--r-- root/root       490 2017-12-05 16:04 usr/lib64/python3.9/site-packages/Xlib/keysymdef/special.py
-rw-r--r-- root/root      1203 2017-12-05 16:04 usr/lib64/python3.9/site-packages/Xlib/keysymdef/technical.py
-rw-r--r-- root/root      2004 2017-12-05 16:04 usr/lib64/python3.9/site-packages/Xlib/keysymdef/thai.py
-rw-r--r-- root/root      6251 2017-12-05 16:04 usr/lib64/python3.9/site-packages/Xlib/keysymdef/xf86.py
-rw-r--r-- root/root       738 2017-12-05 16:04 usr/lib64/python3.9/site-packages/Xlib/keysymdef/xk3270.py
-rw-r--r-- root/root      2922 2017-12-05 16:04 usr/lib64/python3.9/site-packages/Xlib/keysymdef/xkb.py
drwxr-xr-x root/root         0 2021-12-05 12:31 usr/lib64/python3.9/site-packages/Xlib/protocol/
-rw-r--r-- root/root       951 2017-12-05 16:04 usr/lib64/python3.9/site-packages/Xlib/protocol/__init__.py
drwxr-xr-x root/root         0 2021-12-05 12:31 usr/lib64/python3.9/site-packages/Xlib/protocol/__pycache__/
-rw-r--r-- root/root       205 2021-12-05 12:31 usr/lib64/python3.9/site-packages/Xlib/protocol/__pycache__/__init__.cpython-39.pyc
-rw-r--r-- root/root     16942 2021-12-05 12:31 usr/lib64/python3.9/site-packages/Xlib/protocol/__pycache__/display.cpython-39.pyc
-rw-r--r-- root/root     11664 2021-12-05 12:31 usr/lib64/python3.9/site-packages/Xlib/protocol/__pycache__/event.cpython-39.pyc
-rw-r--r-- root/root     44762 2021-12-05 12:31 usr/lib64/python3.9/site-packages/Xlib/protocol/__pycache__/request.cpython-39.pyc
-rw-r--r-- root/root     39136 2021-12-05 12:31 usr/lib64/python3.9/site-packages/Xlib/protocol/__pycache__/rq.cpython-39.pyc
-rw-r--r-- root/root      3129 2021-12-05 12:31 usr/lib64/python3.9/site-packages/Xlib/protocol/__pycache__/structs.cpython-39.pyc
-rw-r--r-- root/root     36176 2017-12-05 16:04 usr/lib64/python3.9/site-packages/Xlib/protocol/display.py
-rw-r--r-- root/root     15382 2017-12-05 16:04 usr/lib64/python3.9/site-packages/Xlib/protocol/event.py
-rw-r--r-- root/root     47487 2017-12-05 16:04 usr/lib64/python3.9/site-packages/Xlib/protocol/request.py
-rw-r--r-- root/root     43507 2017-12-05 16:04 usr/lib64/python3.9/site-packages/Xlib/protocol/rq.py
-rw-r--r-- root/root      5328 2017-12-05 16:04 usr/lib64/python3.9/site-packages/Xlib/protocol/structs.py
-rw-r--r-- root/root     19961 2017-12-05 16:04 usr/lib64/python3.9/site-packages/Xlib/rdb.py
drwxr-xr-x root/root         0 2021-12-05 12:31 usr/lib64/python3.9/site-packages/Xlib/support/
-rw-r--r-- root/root       960 2017-12-05 16:04 usr/lib64/python3.9/site-packages/Xlib/support/__init__.py
drwxr-xr-x root/root         0 2021-12-05 12:31 usr/lib64/python3.9/site-packages/Xlib/support/__pycache__/
-rw-r--r-- root/root       183 2021-12-05 12:31 usr/lib64/python3.9/site-packages/Xlib/support/__pycache__/__init__.cpython-39.pyc
-rw-r--r-- root/root      2164 2021-12-05 12:31 usr/lib64/python3.9/site-packages/Xlib/support/__pycache__/connect.cpython-39.pyc
-rw-r--r-- root/root       747 2021-12-05 12:31 usr/lib64/python3.9/site-packages/Xlib/support/__pycache__/lock.cpython-39.pyc
-rw-r--r-- root/root      3484 2021-12-05 12:31 usr/lib64/python3.9/site-packages/Xlib/support/__pycache__/unix_connect.cpython-39.pyc
-rw-r--r-- root/root      1115 2021-12-05 12:31 usr/lib64/python3.9/site-packages/Xlib/support/__pycache__/vms_connect.cpython-39.pyc
-rw-r--r-- root/root      3046 2017-12-05 16:04 usr/lib64/python3.9/site-packages/Xlib/support/connect.py
-rw-r--r-- root/root      1547 2017-12-05 16:04 usr/lib64/python3.9/site-packages/Xlib/support/lock.py
-rw-r--r-- root/root      6057 2017-12-05 16:04 usr/lib64/python3.9/site-packages/Xlib/support/unix_connect.py
-rw-r--r-- root/root      2087 2017-12-05 16:04 usr/lib64/python3.9/site-packages/Xlib/support/vms_connect.py
-rw-r--r-- root/root      1096 2017-12-05 16:04 usr/lib64/python3.9/site-packages/Xlib/threaded.py
-rw-r--r-- root/root      4179 2017-12-05 16:04 usr/lib64/python3.9/site-packages/Xlib/xauth.py
drwxr-xr-x root/root         0 2021-12-05 12:31 usr/lib64/python3.9/site-packages/Xlib/xobject/
-rw-r--r-- root/root       972 2017-12-05 16:04 usr/lib64/python3.9/site-packages/Xlib/xobject/__init__.py
drwxr-xr-x root/root         0 2021-12-05 12:31 usr/lib64/python3.9/site-packages/Xlib/xobject/__pycache__/
-rw-r--r-- root/root       221 2021-12-05 12:31 usr/lib64/python3.9/site-packages/Xlib/xobject/__pycache__/__init__.cpython-39.pyc
-rw-r--r-- root/root      4391 2021-12-05 12:31 usr/lib64/python3.9/site-packages/Xlib/xobject/__pycache__/colormap.cpython-39.pyc
-rw-r--r-- root/root      1036 2021-12-05 12:31 usr/lib64/python3.9/site-packages/Xlib/xobject/__pycache__/cursor.cpython-39.pyc
-rw-r--r-- root/root     25284 2021-12-05 12:31 usr/lib64/python3.9/site-packages/Xlib/xobject/__pycache__/drawable.cpython-39.pyc
-rw-r--r-- root/root      3116 2021-12-05 12:31 usr/lib64/python3.9/site-packages/Xlib/xobject/__pycache__/fontable.cpython-39.pyc
-rw-r--r-- root/root      1184 2021-12-05 12:31 usr/lib64/python3.9/site-packages/Xlib/xobject/__pycache__/icccm.cpython-39.pyc
-rw-r--r-- root/root      1646 2021-12-05 12:31 usr/lib64/python3.9/site-packages/Xlib/xobject/__pycache__/resource.cpython-39.pyc
-rw-r--r-- root/root      5725 2017-12-05 16:04 usr/lib64/python3.9/site-packages/Xlib/xobject/colormap.py
-rw-r--r-- root/root      1849 2017-12-05 16:04 usr/lib64/python3.9/site-packages/Xlib/xobject/cursor.py
-rw-r--r-- root/root     34411 2017-12-05 16:04 usr/lib64/python3.9/site-packages/Xlib/xobject/drawable.py
-rw-r--r-- root/root      4239 2017-12-05 16:04 usr/lib64/python3.9/site-packages/Xlib/xobject/fontable.py
-rw-r--r-- root/root      3366 2017-12-05 16:04 usr/lib64/python3.9/site-packages/Xlib/xobject/icccm.py
-rw-r--r-- root/root      1808 2017-12-05 16:04 usr/lib64/python3.9/site-packages/Xlib/xobject/resource.py
drwxr-xr-x root/root         0 2021-12-05 12:31 usr/lib64/python3.9/site-packages/xlib-0.21-py3.9.egg-info/
-rw-r--r-- root/root      5760 2021-12-05 12:31 usr/lib64/python3.9/site-packages/xlib-0.21-py3.9.egg-info/PKG-INFO
-rw-r--r-- root/root      1714 2021-12-05 12:31 usr/lib64/python3.9/site-packages/xlib-0.21-py3.9.egg-info/SOURCES.txt
-rw-r--r-- root/root         1 2021-12-05 12:31 usr/lib64/python3.9/site-packages/xlib-0.21-py3.9.egg-info/dependency_links.txt
-rw-r--r-- root/root        12 2021-12-05 12:31 usr/lib64/python3.9/site-packages/xlib-0.21-py3.9.egg-info/requires.txt
-rw-r--r-- root/root         5 2021-12-05 12:31 usr/lib64/python3.9/site-packages/xlib-0.21-py3.9.egg-info/top_level.txt


