++========================================
||
||   Package:  ./mutagen/mutagen-1.46.0-x86_64-1cf.txz
||
++========================================
drwxr-xr-x root/root         0 2022-10-10 08:26 ./
drwxr-xr-x root/root         0 2022-10-10 08:26 install/
-rw-r--r-- root/root      1028 2022-10-10 08:26 install/slack-desc
drwxr-xr-x root/root         0 2022-10-10 08:26 usr/
drwxr-xr-x root/root         0 2022-10-10 08:26 usr/bin/
-rwxr-xr-x root/root       959 2022-10-10 08:26 usr/bin/mid3cp
-rwxr-xr-x root/root       965 2022-10-10 08:26 usr/bin/mid3iconv
-rwxr-xr-x root/root       959 2022-10-10 08:26 usr/bin/mid3v2
-rwxr-xr-x root/root       965 2022-10-10 08:26 usr/bin/moggsplit
-rwxr-xr-x root/root       977 2022-10-10 08:26 usr/bin/mutagen-inspect
-rwxr-xr-x root/root       971 2022-10-10 08:26 usr/bin/mutagen-pony
drwxr-xr-x root/root         0 2022-10-10 08:26 usr/doc/
drwxr-xr-x root/root         0 2022-10-10 08:26 usr/doc/mutagen-1.46.0/
-rw-r--r-- root/root     18092 2019-10-14 09:38 usr/doc/mutagen-1.46.0/COPYING
-rw-r--r-- root/root     31532 2022-10-09 19:30 usr/doc/mutagen-1.46.0/NEWS
-rw-r--r-- root/root      1087 2022-07-16 18:58 usr/doc/mutagen-1.46.0/README.rst
-rw-r--r-- root/root      3515 2022-10-10 08:26 usr/doc/mutagen-1.46.0/mutagen.SlackBuild
drwxr-xr-x root/root         0 2022-10-10 08:26 usr/lib64/
drwxr-xr-x root/root         0 2022-10-10 08:26 usr/lib64/python3.9/
drwxr-xr-x root/root         0 2022-10-10 08:26 usr/lib64/python3.9/site-packages/
drwxr-xr-x root/root         0 2022-10-10 08:26 usr/lib64/python3.9/site-packages/mutagen/
drwxr-xr-x root/root         0 2022-10-10 08:26 usr/lib64/python3.9/site-packages/mutagen-1.46.0-py3.9.egg-info/
-rw-r--r-- root/root      1747 2022-10-10 08:26 usr/lib64/python3.9/site-packages/mutagen-1.46.0-py3.9.egg-info/PKG-INFO
-rw-r--r-- root/root      6563 2022-10-10 08:26 usr/lib64/python3.9/site-packages/mutagen-1.46.0-py3.9.egg-info/SOURCES.txt
-rw-r--r-- root/root         1 2022-10-10 08:26 usr/lib64/python3.9/site-packages/mutagen-1.46.0-py3.9.egg-info/dependency_links.txt
-rw-r--r-- root/root       318 2022-10-10 08:26 usr/lib64/python3.9/site-packages/mutagen-1.46.0-py3.9.egg-info/entry_points.txt
-rw-r--r-- root/root         8 2022-10-10 08:26 usr/lib64/python3.9/site-packages/mutagen-1.46.0-py3.9.egg-info/top_level.txt
-rw-r--r-- root/root      1031 2022-10-09 19:32 usr/lib64/python3.9/site-packages/mutagen/__init__.py
drwxr-xr-x root/root         0 2022-10-10 08:26 usr/lib64/python3.9/site-packages/mutagen/__pycache__/
-rw-r--r-- root/root       915 2022-10-10 08:26 usr/lib64/python3.9/site-packages/mutagen/__pycache__/__init__.cpython-39.pyc
-rw-r--r-- root/root      2158 2022-10-10 08:26 usr/lib64/python3.9/site-packages/mutagen/__pycache__/_constants.cpython-39.pyc
-rw-r--r-- root/root      8840 2022-10-10 08:26 usr/lib64/python3.9/site-packages/mutagen/__pycache__/_file.cpython-39.pyc
-rw-r--r-- root/root     12176 2022-10-10 08:26 usr/lib64/python3.9/site-packages/mutagen/__pycache__/_iff.cpython-39.pyc
-rw-r--r-- root/root      2425 2022-10-10 08:26 usr/lib64/python3.9/site-packages/mutagen/__pycache__/_riff.cpython-39.pyc
-rw-r--r-- root/root      4276 2022-10-10 08:26 usr/lib64/python3.9/site-packages/mutagen/__pycache__/_tags.cpython-39.pyc
-rw-r--r-- root/root     28326 2022-10-10 08:26 usr/lib64/python3.9/site-packages/mutagen/__pycache__/_util.cpython-39.pyc
-rw-r--r-- root/root      9409 2022-10-10 08:26 usr/lib64/python3.9/site-packages/mutagen/__pycache__/_vorbis.cpython-39.pyc
-rw-r--r-- root/root      9320 2022-10-10 08:26 usr/lib64/python3.9/site-packages/mutagen/__pycache__/aac.cpython-39.pyc
-rw-r--r-- root/root      7299 2022-10-10 08:26 usr/lib64/python3.9/site-packages/mutagen/__pycache__/ac3.cpython-39.pyc
-rw-r--r-- root/root      6947 2022-10-10 08:26 usr/lib64/python3.9/site-packages/mutagen/__pycache__/aiff.cpython-39.pyc
-rw-r--r-- root/root     19595 2022-10-10 08:26 usr/lib64/python3.9/site-packages/mutagen/__pycache__/apev2.cpython-39.pyc
-rw-r--r-- root/root      7634 2022-10-10 08:26 usr/lib64/python3.9/site-packages/mutagen/__pycache__/dsdiff.cpython-39.pyc
-rw-r--r-- root/root     10167 2022-10-10 08:26 usr/lib64/python3.9/site-packages/mutagen/__pycache__/dsf.cpython-39.pyc
-rw-r--r-- root/root     16934 2022-10-10 08:26 usr/lib64/python3.9/site-packages/mutagen/__pycache__/easyid3.cpython-39.pyc
-rw-r--r-- root/root     10033 2022-10-10 08:26 usr/lib64/python3.9/site-packages/mutagen/__pycache__/easymp4.cpython-39.pyc
-rw-r--r-- root/root     28559 2022-10-10 08:26 usr/lib64/python3.9/site-packages/mutagen/__pycache__/flac.cpython-39.pyc
-rw-r--r-- root/root      3374 2022-10-10 08:26 usr/lib64/python3.9/site-packages/mutagen/__pycache__/m4a.cpython-39.pyc
-rw-r--r-- root/root      3088 2022-10-10 08:26 usr/lib64/python3.9/site-packages/mutagen/__pycache__/monkeysaudio.cpython-39.pyc
-rw-r--r-- root/root      7872 2022-10-10 08:26 usr/lib64/python3.9/site-packages/mutagen/__pycache__/musepack.cpython-39.pyc
-rw-r--r-- root/root     16847 2022-10-10 08:26 usr/lib64/python3.9/site-packages/mutagen/__pycache__/ogg.cpython-39.pyc
-rw-r--r-- root/root      5012 2022-10-10 08:26 usr/lib64/python3.9/site-packages/mutagen/__pycache__/oggflac.cpython-39.pyc
-rw-r--r-- root/root      5026 2022-10-10 08:26 usr/lib64/python3.9/site-packages/mutagen/__pycache__/oggopus.cpython-39.pyc
-rw-r--r-- root/root      5041 2022-10-10 08:26 usr/lib64/python3.9/site-packages/mutagen/__pycache__/oggspeex.cpython-39.pyc
-rw-r--r-- root/root      5288 2022-10-10 08:26 usr/lib64/python3.9/site-packages/mutagen/__pycache__/oggtheora.cpython-39.pyc
-rw-r--r-- root/root      5235 2022-10-10 08:26 usr/lib64/python3.9/site-packages/mutagen/__pycache__/oggvorbis.cpython-39.pyc
-rw-r--r-- root/root      3164 2022-10-10 08:26 usr/lib64/python3.9/site-packages/mutagen/__pycache__/optimfrog.cpython-39.pyc
-rw-r--r-- root/root      4470 2022-10-10 08:26 usr/lib64/python3.9/site-packages/mutagen/__pycache__/smf.cpython-39.pyc
-rw-r--r-- root/root      5826 2022-10-10 08:26 usr/lib64/python3.9/site-packages/mutagen/__pycache__/tak.cpython-39.pyc
-rw-r--r-- root/root      3076 2022-10-10 08:26 usr/lib64/python3.9/site-packages/mutagen/__pycache__/trueaudio.cpython-39.pyc
-rw-r--r-- root/root      5717 2022-10-10 08:26 usr/lib64/python3.9/site-packages/mutagen/__pycache__/wave.cpython-39.pyc
-rw-r--r-- root/root      3790 2022-10-10 08:26 usr/lib64/python3.9/site-packages/mutagen/__pycache__/wavpack.cpython-39.pyc
-rw-r--r-- root/root      3619 2022-10-03 21:10 usr/lib64/python3.9/site-packages/mutagen/_constants.py
-rw-r--r-- root/root      8846 2022-10-03 21:10 usr/lib64/python3.9/site-packages/mutagen/_file.py
-rw-r--r-- root/root     12097 2022-10-03 21:10 usr/lib64/python3.9/site-packages/mutagen/_iff.py
-rw-r--r-- root/root      1863 2022-10-03 21:10 usr/lib64/python3.9/site-packages/mutagen/_riff.py
-rw-r--r-- root/root      3996 2022-10-03 21:10 usr/lib64/python3.9/site-packages/mutagen/_tags.py
drwxr-xr-x root/root         0 2022-10-10 08:26 usr/lib64/python3.9/site-packages/mutagen/_tools/
-rw-r--r-- root/root       284 2021-02-20 12:41 usr/lib64/python3.9/site-packages/mutagen/_tools/__init__.py
drwxr-xr-x root/root         0 2022-10-10 08:26 usr/lib64/python3.9/site-packages/mutagen/_tools/__pycache__/
-rw-r--r-- root/root       152 2022-10-10 08:26 usr/lib64/python3.9/site-packages/mutagen/_tools/__pycache__/__init__.cpython-39.pyc
-rw-r--r-- root/root      2134 2022-10-10 08:26 usr/lib64/python3.9/site-packages/mutagen/_tools/__pycache__/_util.cpython-39.pyc
-rw-r--r-- root/root      3453 2022-10-10 08:26 usr/lib64/python3.9/site-packages/mutagen/_tools/__pycache__/mid3cp.cpython-39.pyc
-rw-r--r-- root/root      4725 2022-10-10 08:26 usr/lib64/python3.9/site-packages/mutagen/_tools/__pycache__/mid3iconv.cpython-39.pyc
-rw-r--r-- root/root     12673 2022-10-10 08:26 usr/lib64/python3.9/site-packages/mutagen/_tools/__pycache__/mid3v2.cpython-39.pyc
-rw-r--r-- root/root      1938 2022-10-10 08:26 usr/lib64/python3.9/site-packages/mutagen/_tools/__pycache__/moggsplit.cpython-39.pyc
-rw-r--r-- root/root      1139 2022-10-10 08:26 usr/lib64/python3.9/site-packages/mutagen/_tools/__pycache__/mutagen_inspect.cpython-39.pyc
-rw-r--r-- root/root      3152 2022-10-10 08:26 usr/lib64/python3.9/site-packages/mutagen/_tools/__pycache__/mutagen_pony.cpython-39.pyc
-rw-r--r-- root/root      2404 2021-02-20 12:41 usr/lib64/python3.9/site-packages/mutagen/_tools/_util.py
-rw-r--r-- root/root      4038 2021-02-20 12:41 usr/lib64/python3.9/site-packages/mutagen/_tools/mid3cp.py
-rw-r--r-- root/root      5143 2021-02-20 12:41 usr/lib64/python3.9/site-packages/mutagen/_tools/mid3iconv.py
-rw-r--r-- root/root     18297 2021-02-20 12:41 usr/lib64/python3.9/site-packages/mutagen/_tools/mid3v2.py
-rw-r--r-- root/root      2540 2021-02-20 12:41 usr/lib64/python3.9/site-packages/mutagen/_tools/moggsplit.py
-rw-r--r-- root/root      1199 2022-07-16 14:48 usr/lib64/python3.9/site-packages/mutagen/_tools/mutagen_inspect.py
-rw-r--r-- root/root      3269 2021-02-20 12:41 usr/lib64/python3.9/site-packages/mutagen/_tools/mutagen_pony.py
-rw-r--r-- root/root     29464 2022-10-03 21:10 usr/lib64/python3.9/site-packages/mutagen/_util.py
-rw-r--r-- root/root      9488 2022-10-03 21:10 usr/lib64/python3.9/site-packages/mutagen/_vorbis.py
-rw-r--r-- root/root     11741 2022-10-03 21:10 usr/lib64/python3.9/site-packages/mutagen/aac.py
-rw-r--r-- root/root     10427 2022-10-03 21:10 usr/lib64/python3.9/site-packages/mutagen/ac3.py
-rw-r--r-- root/root      6370 2022-10-03 21:10 usr/lib64/python3.9/site-packages/mutagen/aiff.py
-rw-r--r-- root/root     20747 2022-10-03 21:10 usr/lib64/python3.9/site-packages/mutagen/apev2.py
drwxr-xr-x root/root         0 2022-10-10 08:26 usr/lib64/python3.9/site-packages/mutagen/asf/
-rw-r--r-- root/root      9848 2021-02-20 12:49 usr/lib64/python3.9/site-packages/mutagen/asf/__init__.py
drwxr-xr-x root/root         0 2022-10-10 08:26 usr/lib64/python3.9/site-packages/mutagen/asf/__pycache__/
-rw-r--r-- root/root      8613 2022-10-10 08:26 usr/lib64/python3.9/site-packages/mutagen/asf/__pycache__/__init__.cpython-39.pyc
-rw-r--r-- root/root     13620 2022-10-10 08:26 usr/lib64/python3.9/site-packages/mutagen/asf/__pycache__/_attrs.cpython-39.pyc
-rw-r--r-- root/root     14853 2022-10-10 08:26 usr/lib64/python3.9/site-packages/mutagen/asf/__pycache__/_objects.cpython-39.pyc
-rw-r--r-- root/root      9458 2022-10-10 08:26 usr/lib64/python3.9/site-packages/mutagen/asf/__pycache__/_util.cpython-39.pyc
-rw-r--r-- root/root      9790 2021-02-20 12:41 usr/lib64/python3.9/site-packages/mutagen/asf/_attrs.py
-rw-r--r-- root/root     15280 2021-02-20 12:41 usr/lib64/python3.9/site-packages/mutagen/asf/_objects.py
-rw-r--r-- root/root     10756 2021-02-20 12:41 usr/lib64/python3.9/site-packages/mutagen/asf/_util.py
-rw-r--r-- root/root      7965 2022-10-03 21:10 usr/lib64/python3.9/site-packages/mutagen/dsdiff.py
-rw-r--r-- root/root      9962 2022-10-03 21:10 usr/lib64/python3.9/site-packages/mutagen/dsf.py
-rw-r--r-- root/root     15976 2022-10-03 21:10 usr/lib64/python3.9/site-packages/mutagen/easyid3.py
-rw-r--r-- root/root      8696 2022-10-03 21:10 usr/lib64/python3.9/site-packages/mutagen/easymp4.py
-rw-r--r-- root/root     31792 2022-10-03 21:10 usr/lib64/python3.9/site-packages/mutagen/flac.py
drwxr-xr-x root/root         0 2022-10-10 08:26 usr/lib64/python3.9/site-packages/mutagen/id3/
-rw-r--r-- root/root      4593 2021-02-20 12:41 usr/lib64/python3.9/site-packages/mutagen/id3/__init__.py
drwxr-xr-x root/root         0 2022-10-10 08:26 usr/lib64/python3.9/site-packages/mutagen/id3/__pycache__/
-rw-r--r-- root/root      5228 2022-10-10 08:26 usr/lib64/python3.9/site-packages/mutagen/id3/__pycache__/__init__.cpython-39.pyc
-rw-r--r-- root/root     10916 2022-10-10 08:26 usr/lib64/python3.9/site-packages/mutagen/id3/__pycache__/_file.cpython-39.pyc
-rw-r--r-- root/root     64683 2022-10-10 08:26 usr/lib64/python3.9/site-packages/mutagen/id3/__pycache__/_frames.cpython-39.pyc
-rw-r--r-- root/root      4244 2022-10-10 08:26 usr/lib64/python3.9/site-packages/mutagen/id3/__pycache__/_id3v1.cpython-39.pyc
-rw-r--r-- root/root     28865 2022-10-10 08:26 usr/lib64/python3.9/site-packages/mutagen/id3/__pycache__/_specs.cpython-39.pyc
-rw-r--r-- root/root     15158 2022-10-10 08:26 usr/lib64/python3.9/site-packages/mutagen/id3/__pycache__/_tags.cpython-39.pyc
-rw-r--r-- root/root      4702 2022-10-10 08:26 usr/lib64/python3.9/site-packages/mutagen/id3/__pycache__/_util.cpython-39.pyc
-rw-r--r-- root/root     12297 2021-02-20 12:41 usr/lib64/python3.9/site-packages/mutagen/id3/_file.py
-rw-r--r-- root/root     48637 2021-02-20 12:41 usr/lib64/python3.9/site-packages/mutagen/id3/_frames.py
-rw-r--r-- root/root      6637 2021-02-20 12:41 usr/lib64/python3.9/site-packages/mutagen/id3/_id3v1.py
-rw-r--r-- root/root     25151 2021-02-20 12:41 usr/lib64/python3.9/site-packages/mutagen/id3/_specs.py
-rw-r--r-- root/root     20803 2021-02-20 12:41 usr/lib64/python3.9/site-packages/mutagen/id3/_tags.py
-rw-r--r-- root/root      4399 2021-02-20 12:41 usr/lib64/python3.9/site-packages/mutagen/id3/_util.py
-rw-r--r-- root/root      2007 2022-10-03 21:10 usr/lib64/python3.9/site-packages/mutagen/m4a.py
-rw-r--r-- root/root      3328 2022-10-03 21:10 usr/lib64/python3.9/site-packages/mutagen/monkeysaudio.py
drwxr-xr-x root/root         0 2022-10-10 08:26 usr/lib64/python3.9/site-packages/mutagen/mp3/
-rw-r--r-- root/root     14895 2021-02-20 12:41 usr/lib64/python3.9/site-packages/mutagen/mp3/__init__.py
drwxr-xr-x root/root         0 2022-10-10 08:26 usr/lib64/python3.9/site-packages/mutagen/mp3/__pycache__/
-rw-r--r-- root/root     11284 2022-10-10 08:26 usr/lib64/python3.9/site-packages/mutagen/mp3/__pycache__/__init__.cpython-39.pyc
-rw-r--r-- root/root      9992 2022-10-10 08:26 usr/lib64/python3.9/site-packages/mutagen/mp3/__pycache__/_util.cpython-39.pyc
-rw-r--r-- root/root     15888 2021-02-20 12:41 usr/lib64/python3.9/site-packages/mutagen/mp3/_util.py
drwxr-xr-x root/root         0 2022-10-10 08:26 usr/lib64/python3.9/site-packages/mutagen/mp4/
-rw-r--r-- root/root     41160 2021-02-20 12:41 usr/lib64/python3.9/site-packages/mutagen/mp4/__init__.py
drwxr-xr-x root/root         0 2022-10-10 08:26 usr/lib64/python3.9/site-packages/mutagen/mp4/__pycache__/
-rw-r--r-- root/root     34647 2022-10-10 08:26 usr/lib64/python3.9/site-packages/mutagen/mp4/__pycache__/__init__.cpython-39.pyc
-rw-r--r-- root/root     12432 2022-10-10 08:26 usr/lib64/python3.9/site-packages/mutagen/mp4/__pycache__/_as_entry.cpython-39.pyc
-rw-r--r-- root/root      5853 2022-10-10 08:26 usr/lib64/python3.9/site-packages/mutagen/mp4/__pycache__/_atom.cpython-39.pyc
-rw-r--r-- root/root       571 2022-10-10 08:26 usr/lib64/python3.9/site-packages/mutagen/mp4/__pycache__/_util.cpython-39.pyc
-rw-r--r-- root/root     16906 2021-02-20 12:41 usr/lib64/python3.9/site-packages/mutagen/mp4/_as_entry.py
-rw-r--r-- root/root      6309 2021-02-20 12:41 usr/lib64/python3.9/site-packages/mutagen/mp4/_atom.py
-rw-r--r-- root/root       641 2021-02-20 12:41 usr/lib64/python3.9/site-packages/mutagen/mp4/_util.py
-rw-r--r-- root/root      9821 2022-10-03 21:10 usr/lib64/python3.9/site-packages/mutagen/musepack.py
-rw-r--r-- root/root     20226 2022-10-03 21:10 usr/lib64/python3.9/site-packages/mutagen/ogg.py
-rw-r--r-- root/root      5278 2022-10-03 21:10 usr/lib64/python3.9/site-packages/mutagen/oggflac.py
-rw-r--r-- root/root      5334 2022-10-03 21:10 usr/lib64/python3.9/site-packages/mutagen/oggopus.py
-rw-r--r-- root/root      5211 2022-10-03 21:10 usr/lib64/python3.9/site-packages/mutagen/oggspeex.py
-rw-r--r-- root/root      5465 2022-10-03 21:10 usr/lib64/python3.9/site-packages/mutagen/oggtheora.py
-rw-r--r-- root/root      5828 2022-10-03 21:10 usr/lib64/python3.9/site-packages/mutagen/oggvorbis.py
-rw-r--r-- root/root      3229 2022-10-03 21:10 usr/lib64/python3.9/site-packages/mutagen/optimfrog.py
-rw-r--r-- root/root         0 2020-08-30 21:21 usr/lib64/python3.9/site-packages/mutagen/py.typed
-rw-r--r-- root/root      5640 2022-10-03 21:10 usr/lib64/python3.9/site-packages/mutagen/smf.py
-rw-r--r-- root/root      7038 2022-10-03 21:10 usr/lib64/python3.9/site-packages/mutagen/tak.py
-rw-r--r-- root/root      2586 2022-10-03 21:10 usr/lib64/python3.9/site-packages/mutagen/trueaudio.py
-rw-r--r-- root/root      5794 2022-10-03 21:10 usr/lib64/python3.9/site-packages/mutagen/wave.py
-rw-r--r-- root/root      4402 2022-10-03 21:10 usr/lib64/python3.9/site-packages/mutagen/wavpack.py
drwxr-xr-x root/root         0 2022-10-10 08:26 usr/man/
drwxr-xr-x root/root         0 2022-10-10 08:26 usr/man/man1/
-rw-r--r-- root/root       786 2019-10-14 09:38 usr/man/man1/mid3cp.1.gz
-rw-r--r-- root/root       709 2019-10-14 09:38 usr/man/man1/mid3iconv.1.gz
-rw-r--r-- root/root      2221 2019-10-14 09:38 usr/man/man1/mid3v2.1.gz
-rw-r--r-- root/root       748 2019-10-14 09:38 usr/man/man1/moggsplit.1.gz
-rw-r--r-- root/root       517 2019-10-14 09:38 usr/man/man1/mutagen-inspect.1.gz
-rw-r--r-- root/root       513 2019-10-14 09:38 usr/man/man1/mutagen-pony.1.gz


