++========================================
||
||   Package:  ./dcraw/dcraw-9.28.0-x86_64-1cf.txz
||
++========================================
drwxr-xr-x root/root         0 2022-05-26 13:07 ./
drwxr-xr-x root/root         0 2022-05-26 13:07 install/
-rw-r--r-- root/root       779 2022-05-26 13:07 install/slack-desc
drwxr-xr-x root/root         0 2022-05-26 13:07 usr/
drwxr-xr-x root/root         0 2022-05-26 13:07 usr/bin/
-rwxr-xr-x root/root    273448 2022-05-26 13:07 usr/bin/dcraw
drwxr-xr-x root/root         0 2022-05-26 13:07 usr/doc/
drwxr-xr-x root/root         0 2022-05-26 13:07 usr/doc/dcraw-9.28.0/
-rw-r--r-- root/root      1013 2022-05-26 13:07 usr/doc/dcraw-9.28.0/LICENSE
-rw-r--r-- root/root      3571 2022-05-26 13:07 usr/doc/dcraw-9.28.0/dcraw.SlackBuild
drwxr-xr-x root/root         0 2022-05-26 13:07 usr/lib64/
drwxr-xr-x root/root         0 2022-05-26 13:07 usr/lib64/gimp/
drwxr-xr-x root/root         0 2022-05-26 13:07 usr/lib64/gimp/2.0/
drwxr-xr-x root/root         0 2022-05-26 13:07 usr/lib64/gimp/2.0/plug-ins/
-rwxr-xr-x root/root     23392 2022-05-26 13:07 usr/lib64/gimp/2.0/plug-ins/rawphoto
drwxr-xr-x root/root         0 2022-05-26 13:07 usr/man/
drwxr-xr-x root/root         0 2022-05-26 13:07 usr/man/ca.UTF-8/
drwxr-xr-x root/root         0 2022-05-26 13:07 usr/man/ca.UTF-8/man1/
-rw-r--r-- root/root      3485 2022-05-26 13:07 usr/man/ca.UTF-8/man1/dcraw.1.gz
drwxr-xr-x root/root         0 2022-05-26 13:07 usr/man/cs.UTF-8/
drwxr-xr-x root/root         0 2022-05-26 13:07 usr/man/cs.UTF-8/man1/
-rw-r--r-- root/root      3721 2022-05-26 13:07 usr/man/cs.UTF-8/man1/dcraw.1.gz
drwxr-xr-x root/root         0 2022-05-26 13:07 usr/man/da.UTF-8/
drwxr-xr-x root/root         0 2022-05-26 13:07 usr/man/da.UTF-8/man1/
-rw-r--r-- root/root      3406 2022-05-26 13:07 usr/man/da.UTF-8/man1/dcraw.1.gz
drwxr-xr-x root/root         0 2022-05-26 13:07 usr/man/de.UTF-8/
drwxr-xr-x root/root         0 2022-05-26 13:07 usr/man/de.UTF-8/man1/
-rw-r--r-- root/root      3637 2022-05-26 13:07 usr/man/de.UTF-8/man1/dcraw.1.gz
drwxr-xr-x root/root         0 2022-05-26 13:07 usr/man/eo.UTF-8/
drwxr-xr-x root/root         0 2022-05-26 13:07 usr/man/eo.UTF-8/man1/
-rw-r--r-- root/root      3252 2022-05-26 13:07 usr/man/eo.UTF-8/man1/dcraw.1.gz
drwxr-xr-x root/root         0 2022-05-26 13:07 usr/man/es.UTF-8/
drwxr-xr-x root/root         0 2022-05-26 13:07 usr/man/es.UTF-8/man1/
-rw-r--r-- root/root      3556 2022-05-26 13:07 usr/man/es.UTF-8/man1/dcraw.1.gz
drwxr-xr-x root/root         0 2022-05-26 13:07 usr/man/fr.UTF-8/
drwxr-xr-x root/root         0 2022-05-26 13:07 usr/man/fr.UTF-8/man1/
-rw-r--r-- root/root      3653 2022-05-26 13:07 usr/man/fr.UTF-8/man1/dcraw.1.gz
drwxr-xr-x root/root         0 2022-05-26 13:07 usr/man/hu.UTF-8/
drwxr-xr-x root/root         0 2022-05-26 13:07 usr/man/hu.UTF-8/man1/
-rw-r--r-- root/root      3439 2022-05-26 13:07 usr/man/hu.UTF-8/man1/dcraw.1.gz
drwxr-xr-x root/root         0 2022-05-26 13:07 usr/man/it.UTF-8/
drwxr-xr-x root/root         0 2022-05-26 13:07 usr/man/it.UTF-8/man1/
-rw-r--r-- root/root      3533 2022-05-26 13:07 usr/man/it.UTF-8/man1/dcraw.1.gz
drwxr-xr-x root/root         0 2022-05-26 13:07 usr/man/ja.UTF-8/
drwxr-xr-x root/root         0 2022-05-26 13:07 usr/man/ja.UTF-8/man1/
-rw-r--r-- root/root      4035 2022-05-26 13:07 usr/man/ja.UTF-8/man1/dcraw.1.gz
drwxr-xr-x root/root         0 2022-05-26 13:07 usr/man/man1/
-rw-r--r-- root/root      3257 2022-05-26 13:07 usr/man/man1/dcraw.1.gz
drwxr-xr-x root/root         0 2022-05-26 13:07 usr/man/nl.UTF-8/
drwxr-xr-x root/root         0 2022-05-26 13:07 usr/man/nl.UTF-8/man1/
-rw-r--r-- root/root      3564 2022-05-26 13:07 usr/man/nl.UTF-8/man1/dcraw.1.gz
drwxr-xr-x root/root         0 2022-05-26 13:07 usr/man/pl.UTF-8/
drwxr-xr-x root/root         0 2022-05-26 13:07 usr/man/pl.UTF-8/man1/
-rw-r--r-- root/root      4037 2022-05-26 13:07 usr/man/pl.UTF-8/man1/dcraw.1.gz
drwxr-xr-x root/root         0 2022-05-26 13:07 usr/man/pt.UTF-8/
drwxr-xr-x root/root         0 2022-05-26 13:07 usr/man/pt.UTF-8/man1/
-rw-r--r-- root/root      3394 2022-05-26 13:07 usr/man/pt.UTF-8/man1/dcraw.1.gz
drwxr-xr-x root/root         0 2022-05-26 13:07 usr/man/ro.UTF-8/
drwxr-xr-x root/root         0 2022-05-26 13:07 usr/man/ro.UTF-8/man1/
-rw-r--r-- root/root      3553 2022-05-26 13:07 usr/man/ro.UTF-8/man1/dcraw.1.gz
drwxr-xr-x root/root         0 2022-05-26 13:07 usr/man/ru.UTF-8/
drwxr-xr-x root/root         0 2022-05-26 13:07 usr/man/ru.UTF-8/man1/
-rw-r--r-- root/root      4702 2022-05-26 13:07 usr/man/ru.UTF-8/man1/dcraw.1.gz
drwxr-xr-x root/root         0 2022-05-26 13:07 usr/man/sv.UTF-8/
drwxr-xr-x root/root         0 2022-05-26 13:07 usr/man/sv.UTF-8/man1/
-rw-r--r-- root/root      3431 2022-05-26 13:07 usr/man/sv.UTF-8/man1/dcraw.1.gz
drwxr-xr-x root/root         0 2022-05-26 13:07 usr/man/zh_CN.UTF-8/
drwxr-xr-x root/root         0 2022-05-26 13:07 usr/man/zh_CN.UTF-8/man1/
-rw-r--r-- root/root      4084 2022-05-26 13:07 usr/man/zh_CN.UTF-8/man1/dcraw.1.gz
drwxr-xr-x root/root         0 2022-05-26 13:07 usr/man/zh_TW.UTF-8/
drwxr-xr-x root/root         0 2022-05-26 13:07 usr/man/zh_TW.UTF-8/man1/
-rw-r--r-- root/root      4086 2022-05-26 13:07 usr/man/zh_TW.UTF-8/man1/dcraw.1.gz
drwxr-xr-x root/root         0 2022-05-26 13:07 usr/share/
drwxr-xr-x root/root         0 2022-05-26 13:07 usr/share/locale/
drwxr-xr-x root/root         0 2022-05-26 13:07 usr/share/locale/ca/
drwxr-xr-x root/root         0 2022-05-26 13:07 usr/share/locale/ca/LC_MESSAGES/
-rw-r--r-- root/root     11392 2022-05-26 13:07 usr/share/locale/ca/LC_MESSAGES/dcraw.mo
drwxr-xr-x root/root         0 2022-05-26 13:07 usr/share/locale/cs/
drwxr-xr-x root/root         0 2022-05-26 13:07 usr/share/locale/cs/LC_MESSAGES/
-rw-r--r-- root/root     11688 2022-05-26 13:07 usr/share/locale/cs/LC_MESSAGES/dcraw.mo
drwxr-xr-x root/root         0 2022-05-26 13:07 usr/share/locale/da/
drwxr-xr-x root/root         0 2022-05-26 13:07 usr/share/locale/da/LC_MESSAGES/
-rw-r--r-- root/root     10296 2022-05-26 13:07 usr/share/locale/da/LC_MESSAGES/dcraw.mo
drwxr-xr-x root/root         0 2022-05-26 13:07 usr/share/locale/de/
drwxr-xr-x root/root         0 2022-05-26 13:07 usr/share/locale/de/LC_MESSAGES/
-rw-r--r-- root/root     11886 2022-05-26 13:07 usr/share/locale/de/LC_MESSAGES/dcraw.mo
drwxr-xr-x root/root         0 2022-05-26 13:07 usr/share/locale/eo/
drwxr-xr-x root/root         0 2022-05-26 13:07 usr/share/locale/eo/LC_MESSAGES/
-rw-r--r-- root/root     10142 2022-05-26 13:07 usr/share/locale/eo/LC_MESSAGES/dcraw.mo
drwxr-xr-x root/root         0 2022-05-26 13:07 usr/share/locale/es/
drwxr-xr-x root/root         0 2022-05-26 13:07 usr/share/locale/es/LC_MESSAGES/
-rw-r--r-- root/root     12072 2022-05-26 13:07 usr/share/locale/es/LC_MESSAGES/dcraw.mo
drwxr-xr-x root/root         0 2022-05-26 13:07 usr/share/locale/fr/
drwxr-xr-x root/root         0 2022-05-26 13:07 usr/share/locale/fr/LC_MESSAGES/
-rw-r--r-- root/root     10832 2022-05-26 13:07 usr/share/locale/fr/LC_MESSAGES/dcraw.mo
drwxr-xr-x root/root         0 2022-05-26 13:07 usr/share/locale/hu/
drwxr-xr-x root/root         0 2022-05-26 13:07 usr/share/locale/hu/LC_MESSAGES/
-rw-r--r-- root/root     10312 2022-05-26 13:07 usr/share/locale/hu/LC_MESSAGES/dcraw.mo
drwxr-xr-x root/root         0 2022-05-26 13:07 usr/share/locale/it/
drwxr-xr-x root/root         0 2022-05-26 13:07 usr/share/locale/it/LC_MESSAGES/
-rw-r--r-- root/root     12284 2022-05-26 13:07 usr/share/locale/it/LC_MESSAGES/dcraw.mo
drwxr-xr-x root/root         0 2022-05-26 13:07 usr/share/locale/ja/
drwxr-xr-x root/root         0 2022-05-26 13:07 usr/share/locale/ja/LC_MESSAGES/
-rw-r--r-- root/root     11552 2022-05-26 13:07 usr/share/locale/ja/LC_MESSAGES/dcraw.mo
drwxr-xr-x root/root         0 2022-05-26 13:07 usr/share/locale/nl/
drwxr-xr-x root/root         0 2022-05-26 13:07 usr/share/locale/nl/LC_MESSAGES/
-rw-r--r-- root/root     12068 2022-05-26 13:07 usr/share/locale/nl/LC_MESSAGES/dcraw.mo
drwxr-xr-x root/root         0 2022-05-26 13:07 usr/share/locale/pl/
drwxr-xr-x root/root         0 2022-05-26 13:07 usr/share/locale/pl/LC_MESSAGES/
-rw-r--r-- root/root     11592 2022-05-26 13:07 usr/share/locale/pl/LC_MESSAGES/dcraw.mo
drwxr-xr-x root/root         0 2022-05-26 13:07 usr/share/locale/pt/
drwxr-xr-x root/root         0 2022-05-26 13:07 usr/share/locale/pt/LC_MESSAGES/
-rw-r--r-- root/root     11901 2022-05-26 13:07 usr/share/locale/pt/LC_MESSAGES/dcraw.mo
drwxr-xr-x root/root         0 2022-05-26 13:07 usr/share/locale/ro/
drwxr-xr-x root/root         0 2022-05-26 13:07 usr/share/locale/ro/LC_MESSAGES/
-rw-r--r-- root/root     10718 2022-05-26 13:07 usr/share/locale/ro/LC_MESSAGES/dcraw.mo
drwxr-xr-x root/root         0 2022-05-26 13:07 usr/share/locale/ru/
drwxr-xr-x root/root         0 2022-05-26 13:07 usr/share/locale/ru/LC_MESSAGES/
-rw-r--r-- root/root     15878 2022-05-26 13:07 usr/share/locale/ru/LC_MESSAGES/dcraw.mo
drwxr-xr-x root/root         0 2022-05-26 13:07 usr/share/locale/sv/
drwxr-xr-x root/root         0 2022-05-26 13:07 usr/share/locale/sv/LC_MESSAGES/
-rw-r--r-- root/root     10160 2022-05-26 13:07 usr/share/locale/sv/LC_MESSAGES/dcraw.mo
drwxr-xr-x root/root         0 2022-05-26 13:07 usr/share/locale/zh_CN/
drwxr-xr-x root/root         0 2022-05-26 13:07 usr/share/locale/zh_CN/LC_MESSAGES/
-rw-r--r-- root/root     11857 2022-05-26 13:07 usr/share/locale/zh_CN/LC_MESSAGES/dcraw.mo
drwxr-xr-x root/root         0 2022-05-26 13:07 usr/share/locale/zh_TW/
drwxr-xr-x root/root         0 2022-05-26 13:07 usr/share/locale/zh_TW/LC_MESSAGES/
-rw-r--r-- root/root     11850 2022-05-26 13:07 usr/share/locale/zh_TW/LC_MESSAGES/dcraw.mo


