++========================================
||
||   Package:  ./intel-microcode/intel-microcode-20200616-noarch-1cf.txz
||
++========================================
drwxr-xr-x root/root         0 2020-06-17 10:27 ./
drwxr-xr-x root/root         0 2020-06-17 10:27 boot/
-rw-r--r-- root/root   3161088 2020-06-17 10:27 boot/intel-ucode.cpio
drwxr-xr-x root/root         0 2020-06-17 10:27 install/
-rw-r--r-- root/root        50 2020-06-17 10:27 install/doinst.sh
-rw-r--r-- root/root      1074 2020-06-17 10:27 install/slack-desc
drwxr-xr-x root/root         0 2020-06-17 10:27 lib/
drwxr-xr-x root/root         0 2020-06-17 10:27 lib/firmware/
drwxr-xr-x root/root         0 2020-06-17 10:27 lib/firmware/intel-ucode/
drwxr-xr-x root/root         0 2020-06-17 10:27 lib/firmware/intel-ucode-with-caveats/
-rw-r--r-- root/root     30720 2020-06-17 10:27 lib/firmware/intel-ucode-with-caveats/06-4f-01
-rw-r--r-- root/root      2048 2020-06-17 10:27 lib/firmware/intel-ucode/06-03-02
-rw-r--r-- root/root      6144 2020-06-17 10:27 lib/firmware/intel-ucode/06-05-00
-rw-r--r-- root/root      2048 2020-06-17 10:27 lib/firmware/intel-ucode/06-05-01
-rw-r--r-- root/root      6144 2020-06-17 10:27 lib/firmware/intel-ucode/06-05-02
-rw-r--r-- root/root      8192 2020-06-17 10:27 lib/firmware/intel-ucode/06-05-03
-rw-r--r-- root/root      2048 2020-06-17 10:27 lib/firmware/intel-ucode/06-06-00
-rw-r--r-- root/root      2048 2020-06-17 10:27 lib/firmware/intel-ucode/06-06-05
-rw-r--r-- root/root      6144 2020-06-17 10:27 lib/firmware/intel-ucode/06-06-0a
-rw-r--r-- root/root      6144 2020-06-17 10:27 lib/firmware/intel-ucode/06-06-0d
-rw-r--r-- root/root      2048 2020-06-17 10:27 lib/firmware/intel-ucode/06-07-01
-rw-r--r-- root/root      2048 2020-06-17 10:27 lib/firmware/intel-ucode/06-07-02
-rw-r--r-- root/root      2048 2020-06-17 10:27 lib/firmware/intel-ucode/06-07-03
-rw-r--r-- root/root     10240 2020-06-17 10:27 lib/firmware/intel-ucode/06-08-01
-rw-r--r-- root/root      4096 2020-06-17 10:27 lib/firmware/intel-ucode/06-08-03
-rw-r--r-- root/root     10240 2020-06-17 10:27 lib/firmware/intel-ucode/06-08-06
-rw-r--r-- root/root      6144 2020-06-17 10:27 lib/firmware/intel-ucode/06-08-0a
-rw-r--r-- root/root      6144 2020-06-17 10:27 lib/firmware/intel-ucode/06-09-05
-rw-r--r-- root/root      2048 2020-06-17 10:27 lib/firmware/intel-ucode/06-0a-00
-rw-r--r-- root/root      2048 2020-06-17 10:27 lib/firmware/intel-ucode/06-0a-01
-rw-r--r-- root/root      4096 2020-06-17 10:27 lib/firmware/intel-ucode/06-0b-01
-rw-r--r-- root/root      4096 2020-06-17 10:27 lib/firmware/intel-ucode/06-0b-04
-rw-r--r-- root/root      2048 2020-06-17 10:27 lib/firmware/intel-ucode/06-0d-06
-rw-r--r-- root/root      4096 2020-06-17 10:27 lib/firmware/intel-ucode/06-0e-08
-rw-r--r-- root/root      8192 2020-06-17 10:27 lib/firmware/intel-ucode/06-0e-0c
-rw-r--r-- root/root      8192 2020-06-17 10:27 lib/firmware/intel-ucode/06-0f-02
-rw-r--r-- root/root     12288 2020-06-17 10:27 lib/firmware/intel-ucode/06-0f-06
-rw-r--r-- root/root      8192 2020-06-17 10:27 lib/firmware/intel-ucode/06-0f-07
-rw-r--r-- root/root      4096 2020-06-17 10:27 lib/firmware/intel-ucode/06-0f-0a
-rw-r--r-- root/root     28672 2020-06-17 10:27 lib/firmware/intel-ucode/06-0f-0b
-rw-r--r-- root/root     12288 2020-06-17 10:27 lib/firmware/intel-ucode/06-0f-0d
-rw-r--r-- root/root     12288 2020-06-17 10:27 lib/firmware/intel-ucode/06-16-01
-rw-r--r-- root/root     20480 2020-06-17 10:27 lib/firmware/intel-ucode/06-17-06
-rw-r--r-- root/root      4096 2020-06-17 10:27 lib/firmware/intel-ucode/06-17-07
-rw-r--r-- root/root     24576 2020-06-17 10:27 lib/firmware/intel-ucode/06-17-0a
-rw-r--r-- root/root     14336 2020-06-17 10:27 lib/firmware/intel-ucode/06-1a-04
-rw-r--r-- root/root     12288 2020-06-17 10:27 lib/firmware/intel-ucode/06-1a-05
-rw-r--r-- root/root     15360 2020-06-17 10:27 lib/firmware/intel-ucode/06-1c-02
-rw-r--r-- root/root     20480 2020-06-17 10:27 lib/firmware/intel-ucode/06-1c-0a
-rw-r--r-- root/root      4096 2020-06-17 10:27 lib/firmware/intel-ucode/06-1d-01
-rw-r--r-- root/root      9216 2020-06-17 10:27 lib/firmware/intel-ucode/06-1e-05
-rw-r--r-- root/root      9216 2020-06-17 10:27 lib/firmware/intel-ucode/06-25-02
-rw-r--r-- root/root      4096 2020-06-17 10:27 lib/firmware/intel-ucode/06-25-05
-rw-r--r-- root/root     10240 2020-06-17 10:27 lib/firmware/intel-ucode/06-26-01
-rw-r--r-- root/root     12288 2020-06-17 10:27 lib/firmware/intel-ucode/06-2a-07
-rw-r--r-- root/root     11264 2020-06-17 10:27 lib/firmware/intel-ucode/06-2c-02
-rw-r--r-- root/root     18432 2020-06-17 10:27 lib/firmware/intel-ucode/06-2d-06
-rw-r--r-- root/root     19456 2020-06-17 10:27 lib/firmware/intel-ucode/06-2d-07
-rw-r--r-- root/root      9216 2020-06-17 10:27 lib/firmware/intel-ucode/06-2e-06
-rw-r--r-- root/root     14336 2020-06-17 10:27 lib/firmware/intel-ucode/06-2f-02
-rw-r--r-- root/root    104448 2020-06-17 10:27 lib/firmware/intel-ucode/06-37-08
-rw-r--r-- root/root     52224 2020-06-17 10:27 lib/firmware/intel-ucode/06-37-09
-rw-r--r-- root/root     14336 2020-06-17 10:27 lib/firmware/intel-ucode/06-3a-09
-rw-r--r-- root/root     23552 2020-06-17 10:27 lib/firmware/intel-ucode/06-3c-03
-rw-r--r-- root/root     19456 2020-06-17 10:27 lib/firmware/intel-ucode/06-3d-04
-rw-r--r-- root/root     16384 2020-06-17 10:27 lib/firmware/intel-ucode/06-3e-04
-rw-r--r-- root/root     11264 2020-06-17 10:27 lib/firmware/intel-ucode/06-3e-06
-rw-r--r-- root/root     17408 2020-06-17 10:27 lib/firmware/intel-ucode/06-3e-07
-rw-r--r-- root/root     34816 2020-06-17 10:27 lib/firmware/intel-ucode/06-3f-02
-rw-r--r-- root/root     18432 2020-06-17 10:27 lib/firmware/intel-ucode/06-3f-04
-rw-r--r-- root/root     22528 2020-06-17 10:27 lib/firmware/intel-ucode/06-45-01
-rw-r--r-- root/root     25600 2020-06-17 10:27 lib/firmware/intel-ucode/06-46-01
-rw-r--r-- root/root     14336 2020-06-17 10:27 lib/firmware/intel-ucode/06-47-01
-rw-r--r-- root/root     69632 2020-06-17 10:27 lib/firmware/intel-ucode/06-4c-03
-rw-r--r-- root/root     68608 2020-06-17 10:27 lib/firmware/intel-ucode/06-4c-04
-rw-r--r-- root/root     84992 2020-06-17 10:27 lib/firmware/intel-ucode/06-4d-08
-rw-r--r-- root/root    101376 2020-06-17 10:27 lib/firmware/intel-ucode/06-4e-03
-rw-r--r-- root/root     32768 2020-06-17 10:27 lib/firmware/intel-ucode/06-55-03
-rw-r--r-- root/root     34816 2020-06-17 10:27 lib/firmware/intel-ucode/06-55-04
-rw-r--r-- root/root     52224 2020-06-17 10:27 lib/firmware/intel-ucode/06-55-06
-rw-r--r-- root/root     52224 2020-06-17 10:27 lib/firmware/intel-ucode/06-55-07
-rw-r--r-- root/root     32768 2020-06-17 10:27 lib/firmware/intel-ucode/06-56-02
-rw-r--r-- root/root     24576 2020-06-17 10:27 lib/firmware/intel-ucode/06-56-03
-rw-r--r-- root/root     24576 2020-06-17 10:27 lib/firmware/intel-ucode/06-56-04
-rw-r--r-- root/root     19456 2020-06-17 10:27 lib/firmware/intel-ucode/06-56-05
-rw-r--r-- root/root     15360 2020-06-17 10:27 lib/firmware/intel-ucode/06-5c-02
-rw-r--r-- root/root     17408 2020-06-17 10:27 lib/firmware/intel-ucode/06-5c-09
-rw-r--r-- root/root     15360 2020-06-17 10:27 lib/firmware/intel-ucode/06-5c-0a
-rw-r--r-- root/root    101376 2020-06-17 10:27 lib/firmware/intel-ucode/06-5e-03
-rw-r--r-- root/root     11264 2020-06-17 10:27 lib/firmware/intel-ucode/06-5f-01
-rw-r--r-- root/root     87040 2020-06-17 10:27 lib/firmware/intel-ucode/06-66-03
-rw-r--r-- root/root     73728 2020-06-17 10:27 lib/firmware/intel-ucode/06-7a-01
-rw-r--r-- root/root     74752 2020-06-17 10:27 lib/firmware/intel-ucode/06-7a-08
-rw-r--r-- root/root    107520 2020-06-17 10:27 lib/firmware/intel-ucode/06-7e-05
-rw-r--r-- root/root    206848 2020-06-17 10:27 lib/firmware/intel-ucode/06-8e-09
-rw-r--r-- root/root    103424 2020-06-17 10:27 lib/firmware/intel-ucode/06-8e-0a
-rw-r--r-- root/root    103424 2020-06-17 10:27 lib/firmware/intel-ucode/06-8e-0b
-rw-r--r-- root/root    103424 2020-06-17 10:27 lib/firmware/intel-ucode/06-8e-0c
-rw-r--r-- root/root    103424 2020-06-17 10:27 lib/firmware/intel-ucode/06-9e-09
-rw-r--r-- root/root    102400 2020-06-17 10:27 lib/firmware/intel-ucode/06-9e-0a
-rw-r--r-- root/root    103424 2020-06-17 10:27 lib/firmware/intel-ucode/06-9e-0b
-rw-r--r-- root/root    102400 2020-06-17 10:27 lib/firmware/intel-ucode/06-9e-0c
-rw-r--r-- root/root    103424 2020-06-17 10:27 lib/firmware/intel-ucode/06-9e-0d
-rw-r--r-- root/root     91136 2020-06-17 10:27 lib/firmware/intel-ucode/06-a6-00
-rw-r--r-- root/root      4096 2020-06-17 10:27 lib/firmware/intel-ucode/0f-00-07
-rw-r--r-- root/root      6144 2020-06-17 10:27 lib/firmware/intel-ucode/0f-00-0a
-rw-r--r-- root/root      2048 2020-06-17 10:27 lib/firmware/intel-ucode/0f-01-02
-rw-r--r-- root/root      6144 2020-06-17 10:27 lib/firmware/intel-ucode/0f-02-04
-rw-r--r-- root/root      8192 2020-06-17 10:27 lib/firmware/intel-ucode/0f-02-05
-rw-r--r-- root/root      2048 2020-06-17 10:27 lib/firmware/intel-ucode/0f-02-06
-rw-r--r-- root/root      6144 2020-06-17 10:27 lib/firmware/intel-ucode/0f-02-07
-rw-r--r-- root/root      6144 2020-06-17 10:27 lib/firmware/intel-ucode/0f-02-09
-rw-r--r-- root/root      2048 2020-06-17 10:27 lib/firmware/intel-ucode/0f-03-02
-rw-r--r-- root/root      2048 2020-06-17 10:27 lib/firmware/intel-ucode/0f-03-03
-rw-r--r-- root/root      7168 2020-06-17 10:27 lib/firmware/intel-ucode/0f-03-04
-rw-r--r-- root/root     10240 2020-06-17 10:27 lib/firmware/intel-ucode/0f-04-01
-rw-r--r-- root/root      2048 2020-06-17 10:27 lib/firmware/intel-ucode/0f-04-03
-rw-r--r-- root/root      3072 2020-06-17 10:27 lib/firmware/intel-ucode/0f-04-04
-rw-r--r-- root/root      3072 2020-06-17 10:27 lib/firmware/intel-ucode/0f-04-07
-rw-r--r-- root/root      9216 2020-06-17 10:27 lib/firmware/intel-ucode/0f-04-08
-rw-r--r-- root/root      2048 2020-06-17 10:27 lib/firmware/intel-ucode/0f-04-09
-rw-r--r-- root/root      4096 2020-06-17 10:27 lib/firmware/intel-ucode/0f-04-0a
-rw-r--r-- root/root      3072 2020-06-17 10:27 lib/firmware/intel-ucode/0f-06-02
-rw-r--r-- root/root      6144 2020-06-17 10:27 lib/firmware/intel-ucode/0f-06-04
-rw-r--r-- root/root      2048 2020-06-17 10:27 lib/firmware/intel-ucode/0f-06-05
-rw-r--r-- root/root      2048 2020-06-17 10:27 lib/firmware/intel-ucode/0f-06-08
drwxr-xr-x root/root         0 2020-06-17 10:27 usr/
drwxr-xr-x root/root         0 2020-06-17 10:27 usr/doc/
drwxr-xr-x root/root         0 2020-06-17 10:27 usr/doc/intel-microcode-20200616/
-rw-r--r-- root/root      2749 2020-06-17 10:27 usr/doc/intel-microcode-20200616/intel-microcode.SlackBuild
-rw-r--r-- root/root      1677 2020-06-16 18:33 usr/doc/intel-microcode-20200616/license
-rw-r--r-- root/root      5058 2020-06-16 18:33 usr/doc/intel-microcode-20200616/releasenote
-rw-r--r-- root/root      2317 2020-06-16 18:33 usr/doc/intel-microcode-20200616/security.md


