++========================================
||
||   Package:  ./gsm/gsm-1.0.22-x86_64-1cf.txz
||
++========================================
drwxr-xr-x root/root         0 2022-08-05 15:22 ./
drwxr-xr-x root/root         0 2022-08-05 15:22 install/
-rw-r--r-- root/root       374 2022-08-05 15:22 install/doinst.sh
-rw-r--r-- root/root       842 2022-08-05 15:22 install/slack-desc
drwxr-xr-x root/root         0 2022-08-05 15:22 usr/
drwxr-xr-x root/root         0 2022-08-05 15:22 usr/bin/
-rwxr-xr-x root/root     50600 2022-08-05 15:22 usr/bin/toast
drwxr-xr-x root/root         0 2022-08-05 15:22 usr/doc/
drwxr-xr-x root/root         0 2022-08-05 15:22 usr/doc/gsm-1.0.22/
-rw-r--r-- root/root      1450 2022-07-31 18:16 usr/doc/gsm-1.0.22/COPYRIGHT
-rw-r--r-- root/root      5375 2022-08-04 20:48 usr/doc/gsm-1.0.22/ChangeLog
-rw-r--r-- root/root      3137 2022-07-31 18:16 usr/doc/gsm-1.0.22/INSTALL
-rw-r--r-- root/root       439 2022-07-31 18:16 usr/doc/gsm-1.0.22/MACHINES
-rw-r--r-- root/root      1277 2022-07-31 18:16 usr/doc/gsm-1.0.22/MANIFEST
-rw-r--r-- root/root      1730 2022-07-31 18:16 usr/doc/gsm-1.0.22/README
-rw-r--r-- root/root      4238 2022-08-05 15:22 usr/doc/gsm-1.0.22/gsm.SlackBuild
drwxr-xr-x root/root         0 2022-08-05 15:22 usr/include/
drwxr-xr-x root/root         0 2022-08-05 15:22 usr/include/gsm/
-r--r--r-- root/root      1765 2022-08-05 15:22 usr/include/gsm/gsm.h
drwxr-xr-x root/root         0 2022-08-05 15:22 usr/lib64/
-rwxr-xr-x root/root     61128 2022-08-05 15:22 usr/lib64/libgsm.so.1.0.13
drwxr-xr-x root/root         0 2022-08-05 15:22 usr/man/
drwxr-xr-x root/root         0 2022-08-05 15:22 usr/man/man1/
-rw-r--r-- root/root      1887 2022-08-05 15:22 usr/man/man1/toast.1.gz
drwxr-xr-x root/root         0 2022-08-05 15:22 usr/man/man3/
-rw-r--r-- root/root      1281 2022-08-05 15:22 usr/man/man3/gsm.3.gz
-rw-r--r-- root/root       735 2022-08-05 15:22 usr/man/man3/gsm_explode.3.gz
-rw-r--r-- root/root      2348 2022-08-05 15:22 usr/man/man3/gsm_option.3.gz
-rw-r--r-- root/root       901 2022-08-05 15:22 usr/man/man3/gsm_print.3.gz


