++========================================
||
||   Package:  ./thc-ipv6/thc-ipv6-3.8-x86_64-1cf.txz
||
++========================================
drwxr-xr-x root/root         0 2020-11-30 18:19 ./
drwxr-xr-x root/root         0 2020-11-30 18:19 install/
-rw-r--r-- root/root       744 2020-11-30 18:19 install/slack-desc
drwxr-xr-x root/root         0 2020-11-30 18:19 usr/
drwxr-xr-x root/root         0 2020-11-30 18:19 usr/bin/
-rwxr-xr-x root/root       472 2020-11-30 18:19 usr/bin/6to4test.sh
-rwxr-xr-x root/root     14496 2020-11-30 18:19 usr/bin/address6
-rwxr-xr-x root/root       878 2020-11-30 18:19 usr/bin/alive2map.sh
-rwxr-xr-x root/root     82368 2020-11-30 18:19 usr/bin/alive6
-rwxr-xr-x root/root      1404 2020-11-30 18:19 usr/bin/axfr-reverse.sh
-rwxr-xr-x root/root       759 2020-11-30 18:19 usr/bin/axfr.sh
-rwxr-xr-x root/root     14568 2020-11-30 18:19 usr/bin/connect6
-rwxr-xr-x root/root     22888 2020-11-30 18:19 usr/bin/connsplit6
-rwxr-xr-x root/root      3207 2020-11-30 18:19 usr/bin/connsplit6.sh
-rwxr-xr-x root/root     39464 2020-11-30 18:19 usr/bin/covert_send6
-rwxr-xr-x root/root     18768 2020-11-30 18:19 usr/bin/covert_send6d
-rwxr-xr-x root/root       716 2020-11-30 18:19 usr/bin/create_network_map.sh
-rwxr-xr-x root/root     43496 2020-11-30 18:19 usr/bin/denial6
-rwxr-xr-x root/root     18760 2020-11-30 18:19 usr/bin/detect-new-ip6
-rwxr-xr-x root/root     39400 2020-11-30 18:19 usr/bin/detect_sniffer6
-rwxr-xr-x root/root    335680 2020-11-30 18:19 usr/bin/dnsdict6
-rwxr-xr-x root/root     22832 2020-11-30 18:19 usr/bin/dnsrevenum6
-rwxr-xr-x root/root      1574 2020-11-30 18:19 usr/bin/dnsrevenum6.sh
-rwxr-xr-x root/root     18648 2020-11-30 18:19 usr/bin/dnssecwalk
-rwxr-xr-x root/root       962 2020-11-30 18:19 usr/bin/dnssecwalk.sh
-rwxr-xr-x root/root     43560 2020-11-30 18:19 usr/bin/dos-new-ip6
-rwxr-xr-x root/root       535 2020-11-30 18:19 usr/bin/dos_mld6.sh
-rwxr-xr-x root/root     43528 2020-11-30 18:19 usr/bin/dump_dhcp6
-rwxr-xr-x root/root     39400 2020-11-30 18:19 usr/bin/dump_router6
-rwxr-xr-x root/root     43496 2020-11-30 18:19 usr/bin/exploit6
-rwxr-xr-x root/root       854 2020-11-30 18:19 usr/bin/extract_hosts6.sh
-rwxr-xr-x root/root       840 2020-11-30 18:19 usr/bin/extract_networks6.sh
-rwxr-xr-x root/root     43496 2020-11-30 18:19 usr/bin/fake_advertise6
-rwxr-xr-x root/root     18792 2020-11-30 18:19 usr/bin/fake_dhcps6
-rwxr-xr-x root/root     39432 2020-11-30 18:19 usr/bin/fake_dns6d
-rwxr-xr-x root/root     14504 2020-11-30 18:19 usr/bin/fake_dnsupdate6
-rwxr-xr-x root/root     39400 2020-11-30 18:19 usr/bin/fake_mipv6
-rwxr-xr-x root/root     43496 2020-11-30 18:19 usr/bin/fake_mld26
-rwxr-xr-x root/root     39400 2020-11-30 18:19 usr/bin/fake_mld6
-rwxr-xr-x root/root     39400 2020-11-30 18:19 usr/bin/fake_mldrouter6
-rwxr-xr-x root/root     43528 2020-11-30 18:19 usr/bin/fake_pim6
-rwxr-xr-x root/root     59952 2020-11-30 18:19 usr/bin/fake_router26
-rwxr-xr-x root/root     43504 2020-11-30 18:19 usr/bin/fake_router6
-rwxr-xr-x root/root     43496 2020-11-30 18:19 usr/bin/fake_solicitate6
-rwxr-xr-x root/root     76304 2020-11-30 18:19 usr/bin/firewall6
-rwxr-xr-x root/root     39432 2020-11-30 18:19 usr/bin/flood_advertise6
-rwxr-xr-x root/root     39400 2020-11-30 18:19 usr/bin/flood_dhcpc6
-rwxr-xr-x root/root     39432 2020-11-30 18:19 usr/bin/flood_mld26
-rwxr-xr-x root/root     39432 2020-11-30 18:19 usr/bin/flood_mld6
-rwxr-xr-x root/root     39432 2020-11-30 18:19 usr/bin/flood_mldrouter6
-rwxr-xr-x root/root     43560 2020-11-30 18:19 usr/bin/flood_redir6
-rwxr-xr-x root/root     43560 2020-11-30 18:19 usr/bin/flood_router26
-rwxr-xr-x root/root     39464 2020-11-30 18:19 usr/bin/flood_router6
-rwxr-xr-x root/root     39432 2020-11-30 18:19 usr/bin/flood_rs6
-rwxr-xr-x root/root     39464 2020-11-30 18:19 usr/bin/flood_solicitate6
-rwxr-xr-x root/root     43560 2020-11-30 18:19 usr/bin/flood_unreach6
-rwxr-xr-x root/root     43496 2020-11-30 18:19 usr/bin/four2six
-rwxr-xr-x root/root     72232 2020-11-30 18:19 usr/bin/fragmentation6
-rwxr-xr-x root/root     55984 2020-11-30 18:19 usr/bin/fragrouter6
-rwxr-xr-x root/root      2450 2020-11-30 18:19 usr/bin/fragrouter6.sh
-rwxr-xr-x root/root     56296 2020-11-30 18:19 usr/bin/fuzz_dhcpc6
-rwxr-xr-x root/root     52008 2020-11-30 18:19 usr/bin/fuzz_dhcps6
-rwxr-xr-x root/root     56672 2020-11-30 18:19 usr/bin/fuzz_ip6
-rwxr-xr-x root/root       912 2020-11-30 18:19 usr/bin/grep6.pl
-rwxr-xr-x root/root     84496 2020-11-30 18:19 usr/bin/implementation6
-rwxr-xr-x root/root     18656 2020-11-30 18:19 usr/bin/implementation6d
-rwxr-xr-x root/root     43496 2020-11-30 18:19 usr/bin/inject_alive6
-rwxr-xr-x root/root     39400 2020-11-30 18:19 usr/bin/inverse_lookup6
-rwxr-xr-x root/root     43504 2020-11-30 18:19 usr/bin/kill_router6
-rwxr-xr-x root/root      1202 2020-11-30 18:19 usr/bin/local_discovery6.sh
-rwxr-xr-x root/root     39432 2020-11-30 18:19 usr/bin/ndpexhaust26
-rwxr-xr-x root/root     39464 2020-11-30 18:19 usr/bin/ndpexhaust6
-rwxr-xr-x root/root     39440 2020-11-30 18:19 usr/bin/node_query6
-rwxr-xr-x root/root     47728 2020-11-30 18:19 usr/bin/parasite6
-rwxr-xr-x root/root     31152 2020-11-30 18:19 usr/bin/passive_discovery6
-rwxr-xr-x root/root     39400 2020-11-30 18:19 usr/bin/randicmp6
-rwxr-xr-x root/root     39432 2020-11-30 18:19 usr/bin/redir6
-rwxr-xr-x root/root     39416 2020-11-30 18:19 usr/bin/redirsniff6
-rwxr-xr-x root/root     39400 2020-11-30 18:19 usr/bin/rsmurf6
-rwxr-xr-x root/root     39496 2020-11-30 18:19 usr/bin/sendpees6
-rwxr-xr-x root/root     39528 2020-11-30 18:19 usr/bin/sendpeesmp6
-rwxr-xr-x root/root       920 2020-11-30 18:19 usr/bin/six2four.sh
-rwxr-xr-x root/root     39400 2020-11-30 18:19 usr/bin/smurf6
-rwxr-xr-x root/root      3574 2020-11-30 18:19 usr/bin/thc-ipv6-setup.sh
-rwxr-xr-x root/root     55880 2020-11-30 18:19 usr/bin/thcping6
-rwxr-xr-x root/root     39432 2020-11-30 18:19 usr/bin/thcsyn6
-rwxr-xr-x root/root     39432 2020-11-30 18:19 usr/bin/toobig6
-rwxr-xr-x root/root     39408 2020-11-30 18:19 usr/bin/toobigsniff6
-rwxr-xr-x root/root     47640 2020-11-30 18:19 usr/bin/trace6
-rwxr-xr-x root/root       863 2020-11-30 18:19 usr/bin/trace62list.sh
drwxr-xr-x root/root         0 2020-11-30 18:19 usr/doc/
drwxr-xr-x root/root         0 2020-11-30 18:19 usr/doc/thc-ipv6-3.8/
-rw-r--r-- root/root     27518 2020-11-30 17:20 usr/doc/thc-ipv6-3.8/CHANGES
-rw-r--r-- root/root      4681 2020-11-30 17:20 usr/doc/thc-ipv6-3.8/HOWTO-INJECT
-rw-r--r-- root/root       512 2020-11-30 17:20 usr/doc/thc-ipv6-3.8/INSTALL
-rw-r--r-- root/root     34520 2020-11-30 17:20 usr/doc/thc-ipv6-3.8/LICENSE
-rw-r--r-- root/root      8540 2020-11-30 17:20 usr/doc/thc-ipv6-3.8/LICENSE.OPENSSL
-rw-r--r-- root/root     13579 2020-11-30 17:20 usr/doc/thc-ipv6-3.8/README
-rw-r--r-- root/root      3479 2020-11-30 18:19 usr/doc/thc-ipv6-3.8/thc-ipv6.SlackBuild
drwxr-xr-x root/root         0 2020-11-30 18:19 usr/man/
drwxr-xr-x root/root         0 2020-11-30 18:19 usr/man/man8/
-rw-r--r-- root/root       407 2020-11-30 18:19 usr/man/man8/address6.8.gz
-rw-r--r-- root/root       750 2020-11-30 18:19 usr/man/man8/alive6.8.gz
-rw-r--r-- root/root       522 2020-11-30 18:19 usr/man/man8/connect6.8.gz
-rw-r--r-- root/root       490 2020-11-30 18:19 usr/man/man8/connsplit6.8.gz
-rw-r--r-- root/root       503 2020-11-30 18:19 usr/man/man8/covert_send6.8.gz
-rw-r--r-- root/root       343 2020-11-30 18:19 usr/man/man8/covert_send6d.8.gz
-rw-r--r-- root/root       532 2020-11-30 18:19 usr/man/man8/denial6.8.gz
-rw-r--r-- root/root       375 2020-11-30 18:19 usr/man/man8/detect-new-ip6.8.gz
-rw-r--r-- root/root       401 2020-11-30 18:19 usr/man/man8/detect_sniffer6.8.gz
-rw-r--r-- root/root       664 2020-11-30 18:19 usr/man/man8/dnsdict6.8.gz
-rw-r--r-- root/root       433 2020-11-30 18:19 usr/man/man8/dnsrevenum6.8.gz
-rw-r--r-- root/root       433 2020-11-30 18:19 usr/man/man8/dnssecwalk.8.gz
-rw-r--r-- root/root       410 2020-11-30 18:19 usr/man/man8/dos-new-ip6.8.gz
-rw-r--r-- root/root       425 2020-11-30 18:19 usr/man/man8/dump_dhcp6.8.gz
-rw-r--r-- root/root       302 2020-11-30 18:19 usr/man/man8/dump_router6.8.gz
-rw-r--r-- root/root       399 2020-11-30 18:19 usr/man/man8/exploit6.8.gz
-rw-r--r-- root/root       701 2020-11-30 18:19 usr/man/man8/fake_advertise6.8.gz
-rw-r--r-- root/root       349 2020-11-30 18:19 usr/man/man8/fake_dhcps6.8.gz
-rw-r--r-- root/root       425 2020-11-30 18:19 usr/man/man8/fake_dns6d.8.gz
-rw-r--r-- root/root       328 2020-11-30 18:19 usr/man/man8/fake_dnsupdate6.8.gz
-rw-r--r-- root/root       361 2020-11-30 18:19 usr/man/man8/fake_mipv6.8.gz
-rw-r--r-- root/root       556 2020-11-30 18:19 usr/man/man8/fake_mld26.8.gz
-rw-r--r-- root/root       449 2020-11-30 18:19 usr/man/man8/fake_mld6.8.gz
-rw-r--r-- root/root       401 2020-11-30 18:19 usr/man/man8/fake_mldrouter6.8.gz
-rw-r--r-- root/root       662 2020-11-30 18:19 usr/man/man8/fake_pim6.8.gz
-rw-r--r-- root/root      1193 2020-11-30 18:19 usr/man/man8/fake_router26.8.gz
-rw-r--r-- root/root       452 2020-11-30 18:19 usr/man/man8/fake_router6.8.gz
-rw-r--r-- root/root       358 2020-11-30 18:19 usr/man/man8/fake_solicitate6.8.gz
-rw-r--r-- root/root       411 2020-11-30 18:19 usr/man/man8/firewall6.8.gz
-rw-r--r-- root/root       382 2020-11-30 18:19 usr/man/man8/flood_advertise6.8.gz
-rw-r--r-- root/root       569 2020-11-30 18:19 usr/man/man8/flood_dhcpc6.8.gz
-rw-r--r-- root/root       312 2020-11-30 18:19 usr/man/man8/flood_mld26.8.gz
-rw-r--r-- root/root       300 2020-11-30 18:19 usr/man/man8/flood_mld6.8.gz
-rw-r--r-- root/root       317 2020-11-30 18:19 usr/man/man8/flood_mldrouter6.8.gz
-rw-r--r-- root/root       394 2020-11-30 18:19 usr/man/man8/flood_redir6.8.gz
-rw-r--r-- root/root       702 2020-11-30 18:19 usr/man/man8/flood_router26.8.gz
-rw-r--r-- root/root       358 2020-11-30 18:19 usr/man/man8/flood_router6.8.gz
-rw-r--r-- root/root       359 2020-11-30 18:19 usr/man/man8/flood_rs6.8.gz
-rw-r--r-- root/root       448 2020-11-30 18:19 usr/man/man8/flood_solicitate6.8.gz
-rw-r--r-- root/root       439 2020-11-30 18:19 usr/man/man8/flood_unreach6.8.gz
-rw-r--r-- root/root       533 2020-11-30 18:19 usr/man/man8/four2six.8.gz
-rw-r--r-- root/root       429 2020-11-30 18:19 usr/man/man8/fragmentation6.8.gz
-rw-r--r-- root/root       914 2020-11-30 18:19 usr/man/man8/fragrouter6.8.gz
-rw-r--r-- root/root       906 2020-11-30 18:19 usr/man/man8/fuzz_dhcpc6.8.gz
-rw-r--r-- root/root       757 2020-11-30 18:19 usr/man/man8/fuzz_dhcps6.8.gz
-rw-r--r-- root/root       990 2020-11-30 18:19 usr/man/man8/fuzz_ip6.8.gz
-rw-r--r-- root/root       444 2020-11-30 18:19 usr/man/man8/implementation6.8.gz
-rw-r--r-- root/root       325 2020-11-30 18:19 usr/man/man8/implementation6d.8.gz
-rw-r--r-- root/root       439 2020-11-30 18:19 usr/man/man8/inject_alive6.8.gz
-rw-r--r-- root/root       355 2020-11-30 18:19 usr/man/man8/inverse_lookup6.8.gz
-rw-r--r-- root/root       454 2020-11-30 18:19 usr/man/man8/kill_router6.8.gz
-rw-r--r-- root/root       579 2020-11-30 18:19 usr/man/man8/ndpexhaust26.8.gz
-rw-r--r-- root/root       347 2020-11-30 18:19 usr/man/man8/ndpexhaust6.8.gz
-rw-r--r-- root/root       310 2020-11-30 18:19 usr/man/man8/node_query6.8.gz
-rw-r--r-- root/root       513 2020-11-30 18:19 usr/man/man8/parasite6.8.gz
-rw-r--r-- root/root       671 2020-11-30 18:19 usr/man/man8/passive_discovery6.8.gz
-rw-r--r-- root/root       338 2020-11-30 18:19 usr/man/man8/randicmp6.8.gz
-rw-r--r-- root/root       437 2020-11-30 18:19 usr/man/man8/redir6.8.gz
-rw-r--r-- root/root       473 2020-11-30 18:19 usr/man/man8/redirsniff6.8.gz
-rw-r--r-- root/root       374 2020-11-30 18:19 usr/man/man8/rsmurf6.8.gz
-rw-r--r-- root/root       336 2020-11-30 18:19 usr/man/man8/sendpees6.8.gz
-rw-r--r-- root/root       411 2020-11-30 18:19 usr/man/man8/sendpeesmp6.8.gz
-rw-r--r-- root/root       363 2020-11-30 18:19 usr/man/man8/smurf6.8.gz
-rw-r--r-- root/root      4602 2020-11-30 18:19 usr/man/man8/thc-ipv6.8.gz
-rw-r--r-- root/root       650 2020-11-30 18:19 usr/man/man8/thcping6.8.gz
-rw-r--r-- root/root       607 2020-11-30 18:19 usr/man/man8/thcsyn6.8.gz
-rw-r--r-- root/root       384 2020-11-30 18:19 usr/man/man8/toobig6.8.gz
-rw-r--r-- root/root       459 2020-11-30 18:19 usr/man/man8/toobigsniff6.8.gz
-rw-r--r-- root/root       683 2020-11-30 18:19 usr/man/man8/trace6.8.gz


