++========================================
||
||   Package:  ./vimtips/vimtips-0.2.6-x86_64-1cf.txz
||
++========================================
drwxr-xr-x root/root         0 2020-04-27 14:34 ./
drwxr-xr-x root/root         0 2020-04-27 14:34 install/
-rw-r--r-- root/root       824 2020-04-27 14:34 install/slack-desc
drwxr-xr-x root/root         0 2020-04-27 14:34 usr/
drwxr-xr-x root/root         0 2020-04-27 14:34 usr/bin/
-rwxr-xr-x root/root       382 2020-04-27 14:34 usr/bin/vimtips
-rwxr-xr-x root/root       396 2020-04-27 14:34 usr/bin/vimtips-daemon
-rwxr-xr-x root/root       382 2020-04-27 14:34 usr/bin/vimtips-gui
drwxr-xr-x root/root         0 2020-04-27 14:34 usr/doc/
drwxr-xr-x root/root         0 2020-04-27 14:34 usr/doc/vimtips-0.2.6/
-rw-r--r-- root/root      1053 2020-04-25 12:29 usr/doc/vimtips-0.2.6/LICENSE
-rw-r--r-- root/root      3313 2020-04-25 12:29 usr/doc/vimtips-0.2.6/README.md
-rw-r--r-- root/root      3164 2020-04-27 14:34 usr/doc/vimtips-0.2.6/vimtips.SlackBuild
drwxr-xr-x root/root         0 2020-04-27 14:34 usr/lib64/
drwxr-xr-x root/root         0 2020-04-27 14:34 usr/lib64/python3.8/
drwxr-xr-x root/root         0 2020-04-27 14:34 usr/lib64/python3.8/site-packages/
drwxr-xr-x root/root         0 2020-04-27 14:34 usr/lib64/python3.8/site-packages/vimtips/
drwxr-xr-x root/root         0 2020-04-27 14:34 usr/lib64/python3.8/site-packages/vimtips-0.2.6-py3.8.egg-info/
-rw-r--r-- root/root      4966 2020-04-27 14:34 usr/lib64/python3.8/site-packages/vimtips-0.2.6-py3.8.egg-info/PKG-INFO
-rw-r--r-- root/root      1138 2020-04-27 14:34 usr/lib64/python3.8/site-packages/vimtips-0.2.6-py3.8.egg-info/SOURCES.txt
-rw-r--r-- root/root         1 2020-04-27 14:34 usr/lib64/python3.8/site-packages/vimtips-0.2.6-py3.8.egg-info/dependency_links.txt
-rw-r--r-- root/root       137 2020-04-27 14:34 usr/lib64/python3.8/site-packages/vimtips-0.2.6-py3.8.egg-info/entry_points.txt
-rw-r--r-- root/root        30 2020-04-27 14:34 usr/lib64/python3.8/site-packages/vimtips-0.2.6-py3.8.egg-info/requires.txt
-rw-r--r-- root/root         8 2020-04-27 14:34 usr/lib64/python3.8/site-packages/vimtips-0.2.6-py3.8.egg-info/top_level.txt
-rw-r--r-- root/root        66 2020-04-25 12:29 usr/lib64/python3.8/site-packages/vimtips/__init__.py
-rw-r--r-- root/root       111 2020-04-25 12:29 usr/lib64/python3.8/site-packages/vimtips/__main__.py
drwxr-xr-x root/root         0 2020-04-27 14:34 usr/lib64/python3.8/site-packages/vimtips/__pycache__/
-rw-r--r-- root/root       216 2020-04-27 14:34 usr/lib64/python3.8/site-packages/vimtips/__pycache__/__init__.cpython-38.pyc
-rw-r--r-- root/root       325 2020-04-27 14:34 usr/lib64/python3.8/site-packages/vimtips/__pycache__/__main__.cpython-38.pyc
-rw-r--r-- root/root       231 2020-04-27 14:34 usr/lib64/python3.8/site-packages/vimtips/__pycache__/_version.cpython-38.pyc
-rw-r--r-- root/root       721 2020-04-27 14:34 usr/lib64/python3.8/site-packages/vimtips/__pycache__/cli.cpython-38.pyc
-rw-r--r-- root/root      1870 2020-04-27 14:34 usr/lib64/python3.8/site-packages/vimtips/__pycache__/config.cpython-38.pyc
-rw-r--r-- root/root      4202 2020-04-27 14:34 usr/lib64/python3.8/site-packages/vimtips/__pycache__/gui.cpython-38.pyc
-rw-r--r-- root/root      6394 2020-04-27 14:34 usr/lib64/python3.8/site-packages/vimtips/__pycache__/tips.cpython-38.pyc
-rw-r--r-- root/root       724 2020-04-27 14:34 usr/lib64/python3.8/site-packages/vimtips/__pycache__/unblank_daemon.cpython-38.pyc
-rw-r--r-- root/root        80 2020-04-25 12:29 usr/lib64/python3.8/site-packages/vimtips/_version.py
-rw-r--r-- root/root       462 2020-04-25 12:29 usr/lib64/python3.8/site-packages/vimtips/cli.py
-rw-r--r-- root/root      1501 2020-04-25 12:29 usr/lib64/python3.8/site-packages/vimtips/config.py
-rw-r--r-- root/root      3937 2020-04-25 12:29 usr/lib64/python3.8/site-packages/vimtips/gui.py
drwxr-xr-x root/root         0 2020-04-27 14:34 usr/lib64/python3.8/site-packages/vimtips/sources/
-rw-r--r-- root/root       848 2020-04-25 12:29 usr/lib64/python3.8/site-packages/vimtips/sources/__init__.py
drwxr-xr-x root/root         0 2020-04-27 14:34 usr/lib64/python3.8/site-packages/vimtips/sources/__pycache__/
-rw-r--r-- root/root      1010 2020-04-27 14:34 usr/lib64/python3.8/site-packages/vimtips/sources/__pycache__/__init__.cpython-38.pyc
-rw-r--r-- root/root      1781 2020-04-27 14:34 usr/lib64/python3.8/site-packages/vimtips/sources/__pycache__/twitter.cpython-38.pyc
-rw-r--r-- root/root      1514 2020-04-25 12:29 usr/lib64/python3.8/site-packages/vimtips/sources/twitter.py
-rw-r--r-- root/root      5104 2020-04-25 12:29 usr/lib64/python3.8/site-packages/vimtips/tips.py
drwxr-xr-x root/root         0 2020-04-27 14:34 usr/lib64/python3.8/site-packages/vimtips/unblank_check/
-rw-r--r-- root/root       322 2020-04-25 12:29 usr/lib64/python3.8/site-packages/vimtips/unblank_check/Makefile
-rw-r--r-- root/root      1923 2020-04-25 12:29 usr/lib64/python3.8/site-packages/vimtips/unblank_check/__init__.py
drwxr-xr-x root/root         0 2020-04-27 14:34 usr/lib64/python3.8/site-packages/vimtips/unblank_check/__pycache__/
-rw-r--r-- root/root      2248 2020-04-27 14:34 usr/lib64/python3.8/site-packages/vimtips/unblank_check/__pycache__/__init__.cpython-38.pyc
drwxr-xr-x root/root         0 2020-04-27 14:34 usr/lib64/python3.8/site-packages/vimtips/unblank_check/gnome-screensaver/
-rw-r--r-- root/root       284 2020-04-25 12:29 usr/lib64/python3.8/site-packages/vimtips/unblank_check/gnome-screensaver/__init__.py
drwxr-xr-x root/root         0 2020-04-27 14:34 usr/lib64/python3.8/site-packages/vimtips/unblank_check/gnome-screensaver/__pycache__/
-rw-r--r-- root/root       851 2020-04-27 14:34 usr/lib64/python3.8/site-packages/vimtips/unblank_check/gnome-screensaver/__pycache__/__init__.cpython-38.pyc
-rwxr-xr-x root/root       293 2020-04-25 12:29 usr/lib64/python3.8/site-packages/vimtips/unblank_check/gnome-screensaver/unblank_check.sh
drwxr-xr-x root/root         0 2020-04-27 14:34 usr/lib64/python3.8/site-packages/vimtips/unblank_check/macos_display_state/
-rw-r--r-- root/root       411 2020-04-25 12:29 usr/lib64/python3.8/site-packages/vimtips/unblank_check/macos_display_state/Makefile
-rw-r--r-- root/root       219 2020-04-25 12:29 usr/lib64/python3.8/site-packages/vimtips/unblank_check/macos_display_state/__init__.py
drwxr-xr-x root/root         0 2020-04-27 14:34 usr/lib64/python3.8/site-packages/vimtips/unblank_check/macos_display_state/__pycache__/
-rw-r--r-- root/root       636 2020-04-27 14:34 usr/lib64/python3.8/site-packages/vimtips/unblank_check/macos_display_state/__pycache__/__init__.cpython-38.pyc
-rw-r--r-- root/root      2187 2020-04-25 12:29 usr/lib64/python3.8/site-packages/vimtips/unblank_check/macos_display_state/unblank_check.c
drwxr-xr-x root/root         0 2020-04-27 14:34 usr/lib64/python3.8/site-packages/vimtips/unblank_check/x11/
-rw-r--r-- root/root       354 2020-04-25 12:29 usr/lib64/python3.8/site-packages/vimtips/unblank_check/x11/Makefile
-rw-r--r-- root/root       218 2020-04-25 12:29 usr/lib64/python3.8/site-packages/vimtips/unblank_check/x11/__init__.py
drwxr-xr-x root/root         0 2020-04-27 14:34 usr/lib64/python3.8/site-packages/vimtips/unblank_check/x11/__pycache__/
-rw-r--r-- root/root       619 2020-04-27 14:34 usr/lib64/python3.8/site-packages/vimtips/unblank_check/x11/__pycache__/__init__.cpython-38.pyc
-rwxr-xr-x root/root     14376 2020-04-27 14:34 usr/lib64/python3.8/site-packages/vimtips/unblank_check/x11/unblank_check
-rw-r--r-- root/root      1418 2020-04-25 12:29 usr/lib64/python3.8/site-packages/vimtips/unblank_check/x11/unblank_check.c
-rw-r--r-- root/root      2744 2020-04-27 14:34 usr/lib64/python3.8/site-packages/vimtips/unblank_check/x11/unblank_check.o
drwxr-xr-x root/root         0 2020-04-27 14:34 usr/lib64/python3.8/site-packages/vimtips/unblank_check/xfce4-screensaver/
-rw-r--r-- root/root       284 2020-04-25 12:29 usr/lib64/python3.8/site-packages/vimtips/unblank_check/xfce4-screensaver/__init__.py
drwxr-xr-x root/root         0 2020-04-27 14:34 usr/lib64/python3.8/site-packages/vimtips/unblank_check/xfce4-screensaver/__pycache__/
-rw-r--r-- root/root       851 2020-04-27 14:34 usr/lib64/python3.8/site-packages/vimtips/unblank_check/xfce4-screensaver/__pycache__/__init__.cpython-38.pyc
-rwxr-xr-x root/root       292 2020-04-25 12:29 usr/lib64/python3.8/site-packages/vimtips/unblank_check/xfce4-screensaver/unblank_check.sh
drwxr-xr-x root/root         0 2020-04-27 14:34 usr/lib64/python3.8/site-packages/vimtips/unblank_check/xscreensaver/
-rw-r--r-- root/root       279 2020-04-25 12:29 usr/lib64/python3.8/site-packages/vimtips/unblank_check/xscreensaver/__init__.py
drwxr-xr-x root/root         0 2020-04-27 14:34 usr/lib64/python3.8/site-packages/vimtips/unblank_check/xscreensaver/__pycache__/
-rw-r--r-- root/root       841 2020-04-27 14:34 usr/lib64/python3.8/site-packages/vimtips/unblank_check/xscreensaver/__pycache__/__init__.cpython-38.pyc
-rwxr-xr-x root/root       101 2020-04-25 12:29 usr/lib64/python3.8/site-packages/vimtips/unblank_check/xscreensaver/unblank_check.sh
-rw-r--r-- root/root       640 2020-04-25 12:29 usr/lib64/python3.8/site-packages/vimtips/unblank_daemon.py
-rw-r--r-- root/root     14665 2020-04-25 12:29 usr/lib64/python3.8/site-packages/vimtips/vimlogo.svg


