++========================================
||
||   Package:  ./flatpak/flatpak-1.14.1-x86_64-1cf.txz
||
++========================================
drwxr-xr-x root/root         0 2022-11-24 14:42 ./
drwxr-xr-x root/root         0 2022-11-24 14:42 etc/
drwxr-xr-x root/root         0 2022-11-24 14:42 etc/dbus-1/
drwxr-xr-x root/root         0 2022-11-24 14:42 etc/dbus-1/system.d/
-rw-r--r-- root/root       971 2022-11-24 14:42 etc/dbus-1/system.d/org.freedesktop.Flatpak.SystemHelper.conf
drwxr-xr-x root/root         0 2022-11-24 14:42 etc/profile.d/
-rw-r--r-- root/root       831 2022-11-24 14:42 etc/profile.d/flatpak.sh
drwxr-xr-x root/root         0 2022-11-24 14:42 install/
-rw-r--r-- root/root       260 2022-11-24 14:42 install/doinst.sh
-rw-r--r-- root/root       756 2022-11-24 14:42 install/slack-desc
-rw-r--r-- root/root        66 2022-11-24 14:42 install/slack-required
drwxr-xr-x root/root         0 2022-11-24 14:42 usr/
drwxr-xr-x root/root         0 2022-11-24 14:42 usr/bin/
-rwxr-xr-x root/root   1552144 2022-11-24 14:42 usr/bin/flatpak
-rwxr-xr-x root/root      7848 2022-11-24 14:42 usr/bin/flatpak-bisect
-rwxr-xr-x root/root      3437 2022-11-24 14:42 usr/bin/flatpak-coredumpctl
drwxr-xr-x root/root         0 2022-11-24 14:42 usr/doc/
drwxr-xr-x root/root         0 2022-11-24 14:42 usr/doc/flatpak-1.14.1/
-rw-r--r-- root/root     26530 2022-11-17 19:07 usr/doc/flatpak-1.14.1/COPYING
-rw-r--r-- root/root    133896 2022-11-18 14:33 usr/doc/flatpak-1.14.1/NEWS
-rw-r--r-- root/root      1780 2022-11-17 19:07 usr/doc/flatpak-1.14.1/README.md
-rw-r--r-- root/root       969 2022-11-24 14:42 usr/doc/flatpak-1.14.1/docbook.css
-rw-r--r-- root/root    411552 2022-11-24 14:42 usr/doc/flatpak-1.14.1/flatpak-docs.html
-rw-r--r-- root/root      4400 2022-11-24 14:42 usr/doc/flatpak-1.14.1/flatpak.SlackBuild
drwxr-xr-x root/root         0 2022-11-24 14:42 usr/include/
drwxr-xr-x root/root         0 2022-11-24 14:42 usr/include/flatpak/
-rw-r--r-- root/root      2570 2022-11-24 14:42 usr/include/flatpak/flatpak-bundle-ref.h
-rw-r--r-- root/root      2761 2022-11-24 14:42 usr/include/flatpak/flatpak-enum-types.h
-rw-r--r-- root/root      4939 2022-11-24 14:42 usr/include/flatpak/flatpak-error.h
-rw-r--r-- root/root     37407 2022-11-24 14:42 usr/include/flatpak/flatpak-installation.h
-rw-r--r-- root/root      3683 2022-11-24 14:42 usr/include/flatpak/flatpak-installed-ref.h
-rw-r--r-- root/root      2603 2022-11-24 14:42 usr/include/flatpak/flatpak-instance.h
-rw-r--r-- root/root      2102 2022-11-24 14:42 usr/include/flatpak/flatpak-portal-error.h
-rw-r--r-- root/root      2570 2022-11-24 14:42 usr/include/flatpak/flatpak-ref.h
-rw-r--r-- root/root      2087 2022-11-24 14:42 usr/include/flatpak/flatpak-related-ref.h
-rw-r--r-- root/root      2230 2022-11-24 14:42 usr/include/flatpak/flatpak-remote-ref.h
-rw-r--r-- root/root      6662 2022-11-24 14:42 usr/include/flatpak/flatpak-remote.h
-rw-r--r-- root/root     17843 2022-11-24 14:42 usr/include/flatpak/flatpak-transaction.h
-rw-r--r-- root/root      2045 2022-11-24 14:42 usr/include/flatpak/flatpak-version-macros.h
-rw-r--r-- root/root      1339 2022-11-24 14:42 usr/include/flatpak/flatpak.h
drwxr-xr-x root/root         0 2022-11-24 14:42 usr/lib/
drwxr-xr-x root/root         0 2022-11-24 14:42 usr/lib/systemd/
drwxr-xr-x root/root         0 2022-11-24 14:42 usr/lib/systemd/system/
drwxr-xr-x root/root         0 2022-11-24 14:42 usr/lib/systemd/system-environment-generators/
-rwxr-xr-x root/root        88 2022-11-24 14:42 usr/lib/systemd/system-environment-generators/60-flatpak-system-only
-rw-r--r-- root/root       263 2022-11-24 14:42 usr/lib/systemd/system/flatpak-system-helper.service
drwxr-xr-x root/root         0 2022-11-24 14:42 usr/lib/systemd/user/
drwxr-xr-x root/root         0 2022-11-24 14:42 usr/lib/systemd/user-environment-generators/
-rwxr-xr-x root/root        68 2022-11-24 14:42 usr/lib/systemd/user-environment-generators/60-flatpak
-rw-r--r-- root/root       153 2022-11-24 14:42 usr/lib/systemd/user/flatpak-oci-authenticator.service
-rw-r--r-- root/root       164 2022-11-24 14:42 usr/lib/systemd/user/flatpak-portal.service
-rw-r--r-- root/root       173 2022-11-24 14:42 usr/lib/systemd/user/flatpak-session-helper.service
drwxr-xr-x root/root         0 2022-11-24 14:42 usr/lib/sysusers.d/
-rw-r--r-- root/root        38 2022-11-24 14:42 usr/lib/sysusers.d/flatpak.conf
drwxr-xr-x root/root         0 2022-11-24 14:42 usr/lib64/
drwxr-xr-x root/root         0 2022-11-24 14:42 usr/lib64/girepository-1.0/
-rw-r--r-- root/root     37336 2022-11-24 14:42 usr/lib64/girepository-1.0/Flatpak-1.0.typelib
-rwxr-xr-x root/root   1174816 2022-11-24 14:42 usr/lib64/libflatpak.so.0.11401.0
drwxr-xr-x root/root         0 2022-11-24 14:42 usr/lib64/pkgconfig/
-rw-r--r-- root/root       468 2022-11-24 14:42 usr/lib64/pkgconfig/flatpak.pc
drwxr-xr-x root/root         0 2022-11-24 14:42 usr/libexec/
-rwxr-xr-x root/root     70032 2022-11-24 14:42 usr/libexec/flatpak-dbus-proxy
-rwxr-xr-x root/root   1120792 2022-11-24 14:42 usr/libexec/flatpak-oci-authenticator
-rwxr-xr-x root/root   1229272 2022-11-24 14:42 usr/libexec/flatpak-portal
-rwxr-xr-x root/root    210568 2022-11-24 14:42 usr/libexec/flatpak-session-helper
-rwxr-xr-x root/root   1147720 2022-11-24 14:42 usr/libexec/flatpak-system-helper
-rwxr-xr-x root/root     24208 2022-11-24 14:42 usr/libexec/flatpak-validate-icon
-rwxr-xr-x root/root     40048 2022-11-24 14:42 usr/libexec/revokefs-fuse
drwxr-xr-x root/root         0 2022-11-24 14:42 usr/man/
drwxr-xr-x root/root         0 2022-11-24 14:42 usr/man/man1/
-rw-r--r-- root/root      1433 2022-11-24 14:42 usr/man/man1/flatpak-build-bundle.1.gz
-rw-r--r-- root/root      2338 2022-11-24 14:42 usr/man/man1/flatpak-build-commit-from.1.gz
-rw-r--r-- root/root      2630 2022-11-24 14:42 usr/man/man1/flatpak-build-export.1.gz
-rw-r--r-- root/root      3774 2022-11-24 14:42 usr/man/man1/flatpak-build-finish.1.gz
-rw-r--r-- root/root      1167 2022-11-24 14:42 usr/man/man1/flatpak-build-import-bundle.1.gz
-rw-r--r-- root/root      1734 2022-11-24 14:42 usr/man/man1/flatpak-build-init.1.gz
-rw-r--r-- root/root      1163 2022-11-24 14:42 usr/man/man1/flatpak-build-sign.1.gz
-rw-r--r-- root/root      2025 2022-11-24 14:42 usr/man/man1/flatpak-build-update-repo.1.gz
-rw-r--r-- root/root      2923 2022-11-24 14:42 usr/man/man1/flatpak-build.1.gz
-rw-r--r-- root/root      1357 2022-11-24 14:42 usr/man/man1/flatpak-config.1.gz
-rw-r--r-- root/root      2291 2022-11-24 14:42 usr/man/man1/flatpak-create-usb.1.gz
-rw-r--r-- root/root      1441 2022-11-24 14:42 usr/man/man1/flatpak-document-export.1.gz
-rw-r--r-- root/root      1012 2022-11-24 14:42 usr/man/man1/flatpak-document-info.1.gz
-rw-r--r-- root/root       889 2022-11-24 14:42 usr/man/man1/flatpak-document-unexport.1.gz
-rw-r--r-- root/root       814 2022-11-24 14:42 usr/man/man1/flatpak-documents.1.gz
-rw-r--r-- root/root      1068 2022-11-24 14:42 usr/man/man1/flatpak-enter.1.gz
-rw-r--r-- root/root      1753 2022-11-24 14:42 usr/man/man1/flatpak-history.1.gz
-rw-r--r-- root/root      1338 2022-11-24 14:42 usr/man/man1/flatpak-info.1.gz
-rw-r--r-- root/root      2914 2022-11-24 14:42 usr/man/man1/flatpak-install.1.gz
-rw-r--r-- root/root       824 2022-11-24 14:42 usr/man/man1/flatpak-kill.1.gz
-rw-r--r-- root/root      1657 2022-11-24 14:42 usr/man/man1/flatpak-list.1.gz
-rw-r--r-- root/root      1177 2022-11-24 14:42 usr/man/man1/flatpak-make-current.1.gz
-rw-r--r-- root/root      1226 2022-11-24 14:42 usr/man/man1/flatpak-mask.1.gz
-rw-r--r-- root/root      2933 2022-11-24 14:42 usr/man/man1/flatpak-override.1.gz
-rw-r--r-- root/root       937 2022-11-24 14:42 usr/man/man1/flatpak-permission-remove.1.gz
-rw-r--r-- root/root       896 2022-11-24 14:42 usr/man/man1/flatpak-permission-reset.1.gz
-rw-r--r-- root/root      1071 2022-11-24 14:42 usr/man/man1/flatpak-permission-set.1.gz
-rw-r--r-- root/root       952 2022-11-24 14:42 usr/man/man1/flatpak-permission-show.1.gz
-rw-r--r-- root/root       946 2022-11-24 14:42 usr/man/man1/flatpak-permissions.1.gz
-rw-r--r-- root/root      1288 2022-11-24 14:42 usr/man/man1/flatpak-pin.1.gz
-rw-r--r-- root/root      1258 2022-11-24 14:42 usr/man/man1/flatpak-ps.1.gz
-rw-r--r-- root/root      2371 2022-11-24 14:42 usr/man/man1/flatpak-remote-add.1.gz
-rw-r--r-- root/root      1088 2022-11-24 14:42 usr/man/man1/flatpak-remote-delete.1.gz
-rw-r--r-- root/root      1769 2022-11-24 14:42 usr/man/man1/flatpak-remote-info.1.gz
-rw-r--r-- root/root      1972 2022-11-24 14:42 usr/man/man1/flatpak-remote-ls.1.gz
-rw-r--r-- root/root      2021 2022-11-24 14:42 usr/man/man1/flatpak-remote-modify.1.gz
-rw-r--r-- root/root      1442 2022-11-24 14:42 usr/man/man1/flatpak-remotes.1.gz
-rw-r--r-- root/root      1368 2022-11-24 14:42 usr/man/man1/flatpak-repair.1.gz
-rw-r--r-- root/root       906 2022-11-24 14:42 usr/man/man1/flatpak-repo.1.gz
-rw-r--r-- root/root      5243 2022-11-24 14:42 usr/man/man1/flatpak-run.1.gz
-rw-r--r-- root/root      1223 2022-11-24 14:42 usr/man/man1/flatpak-search.1.gz
-rw-r--r-- root/root      1480 2022-11-24 14:42 usr/man/man1/flatpak-spawn.1.gz
-rw-r--r-- root/root      2042 2022-11-24 14:42 usr/man/man1/flatpak-uninstall.1.gz
-rw-r--r-- root/root      2416 2022-11-24 14:42 usr/man/man1/flatpak-update.1.gz
-rw-r--r-- root/root      3413 2022-11-24 14:42 usr/man/man1/flatpak.1.gz
drwxr-xr-x root/root         0 2022-11-24 14:42 usr/man/man5/
-rw-r--r-- root/root      2505 2022-11-24 14:42 usr/man/man5/flatpak-flatpakref.5.gz
-rw-r--r-- root/root      2509 2022-11-24 14:42 usr/man/man5/flatpak-flatpakrepo.5.gz
-rw-r--r-- root/root      1120 2022-11-24 14:42 usr/man/man5/flatpak-installation.5.gz
-rw-r--r-- root/root      7682 2022-11-24 14:42 usr/man/man5/flatpak-metadata.5.gz
-rw-r--r-- root/root      2009 2022-11-24 14:42 usr/man/man5/flatpak-remote.5.gz
drwxr-xr-x root/root         0 2022-11-24 14:42 usr/share/
drwxr-xr-x root/root         0 2022-11-24 14:42 usr/share/bash-completion/
drwxr-xr-x root/root         0 2022-11-24 14:42 usr/share/bash-completion/completions/
-rw-r--r-- root/root      1353 2022-11-24 14:42 usr/share/bash-completion/completions/flatpak
drwxr-xr-x root/root         0 2022-11-24 14:42 usr/share/dbus-1/
drwxr-xr-x root/root         0 2022-11-24 14:42 usr/share/dbus-1/interfaces/
-rw-r--r-- root/root     13027 2022-11-24 14:42 usr/share/dbus-1/interfaces/org.freedesktop.Flatpak.Authenticator.xml
-rw-r--r-- root/root     12812 2022-11-24 14:42 usr/share/dbus-1/interfaces/org.freedesktop.Flatpak.xml
-rw-r--r-- root/root     22707 2022-11-24 14:42 usr/share/dbus-1/interfaces/org.freedesktop.portal.Flatpak.xml
drwxr-xr-x root/root         0 2022-11-24 14:42 usr/share/dbus-1/services/
-rw-r--r-- root/root       144 2022-11-24 14:42 usr/share/dbus-1/services/org.flatpak.Authenticator.Oci.service
-rw-r--r-- root/root       132 2022-11-24 14:42 usr/share/dbus-1/services/org.freedesktop.Flatpak.service
-rw-r--r-- root/root       123 2022-11-24 14:42 usr/share/dbus-1/services/org.freedesktop.portal.Flatpak.service
drwxr-xr-x root/root         0 2022-11-24 14:42 usr/share/dbus-1/system-services/
-rw-r--r-- root/root       153 2022-11-24 14:42 usr/share/dbus-1/system-services/org.freedesktop.Flatpak.SystemHelper.service
drwxr-xr-x root/root         0 2022-11-24 14:42 usr/share/fish/
drwxr-xr-x root/root         0 2022-11-24 14:42 usr/share/fish/vendor_completions.d/
-rw-r--r-- root/root      1614 2022-11-24 14:42 usr/share/fish/vendor_completions.d/flatpak.fish
drwxr-xr-x root/root         0 2022-11-24 14:42 usr/share/fish/vendor_conf.d/
-rw-r--r-- root/root       546 2022-11-24 14:42 usr/share/fish/vendor_conf.d/flatpak.fish
drwxr-xr-x root/root         0 2022-11-24 14:42 usr/share/flatpak/
drwxr-xr-x root/root         0 2022-11-24 14:42 usr/share/flatpak/triggers/
-rwxr-xr-x root/root       180 2022-11-24 14:42 usr/share/flatpak/triggers/desktop-database.trigger
-rwxr-xr-x root/root       465 2022-11-24 14:42 usr/share/flatpak/triggers/gtk-icon-cache.trigger
-rwxr-xr-x root/root       164 2022-11-24 14:42 usr/share/flatpak/triggers/mime-database.trigger
drwxr-xr-x root/root         0 2022-11-24 14:42 usr/share/gir-1.0/
-rw-r--r-- root/root    438155 2022-11-24 14:42 usr/share/gir-1.0/Flatpak-1.0.gir
drwxr-xr-x root/root         0 2022-11-24 14:42 usr/share/gtk-doc/
drwxr-xr-x root/root         0 2022-11-24 14:42 usr/share/gtk-doc/html/
drwxr-xr-x root/root         0 2022-11-24 14:42 usr/share/gtk-doc/html/flatpak/
-rw-r--r-- root/root     20181 2022-11-24 14:42 usr/share/gtk-doc/html/flatpak/FlatpakBundleRef.html
-rw-r--r-- root/root    275020 2022-11-24 14:42 usr/share/gtk-doc/html/flatpak/FlatpakInstallation.html
-rw-r--r-- root/root     50287 2022-11-24 14:42 usr/share/gtk-doc/html/flatpak/FlatpakInstalledRef.html
-rw-r--r-- root/root     24991 2022-11-24 14:42 usr/share/gtk-doc/html/flatpak/FlatpakInstance.html
-rw-r--r-- root/root     25551 2022-11-24 14:42 usr/share/gtk-doc/html/flatpak/FlatpakRef.html
-rw-r--r-- root/root     19117 2022-11-24 14:42 usr/share/gtk-doc/html/flatpak/FlatpakRelatedRef.html
-rw-r--r-- root/root     81765 2022-11-24 14:42 usr/share/gtk-doc/html/flatpak/FlatpakRemote.html
-rw-r--r-- root/root     20667 2022-11-24 14:42 usr/share/gtk-doc/html/flatpak/FlatpakRemoteRef.html
-rw-r--r-- root/root    135229 2022-11-24 14:42 usr/share/gtk-doc/html/flatpak/FlatpakTransaction.html
-rw-r--r-- root/root     27054 2022-11-24 14:42 usr/share/gtk-doc/html/flatpak/FlatpakTransactionOperation.html
-rw-r--r-- root/root     18468 2022-11-24 14:42 usr/share/gtk-doc/html/flatpak/FlatpakTransactionProgress.html
-rw-r--r-- root/root      4764 2022-11-24 14:42 usr/share/gtk-doc/html/flatpak/annotation-glossary.html
-rw-r--r-- root/root      3765 2022-11-24 14:42 usr/share/gtk-doc/html/flatpak/ch01.html
-rw-r--r-- root/root      3555 2022-11-24 14:42 usr/share/gtk-doc/html/flatpak/ch02.html
-rw-r--r-- root/root     14406 2022-11-24 14:42 usr/share/gtk-doc/html/flatpak/flatpak-Error-codes.html
-rw-r--r-- root/root      5928 2022-11-24 14:42 usr/share/gtk-doc/html/flatpak/flatpak-Version-information.html
-rw-r--r-- root/root     63038 2022-11-24 14:42 usr/share/gtk-doc/html/flatpak/flatpak.devhelp2
-rw-r--r-- root/root     83976 2022-11-24 14:42 usr/share/gtk-doc/html/flatpak/full-api-index.html
-rw-r--r-- root/root     11207 2022-11-24 14:42 usr/share/gtk-doc/html/flatpak/gdbus-org.freedesktop.Flatpak.Authenticator.html
-rw-r--r-- root/root     10767 2022-11-24 14:42 usr/share/gtk-doc/html/flatpak/gdbus-org.freedesktop.Flatpak.AuthenticatorRequest.html
-rw-r--r-- root/root     11658 2022-11-24 14:42 usr/share/gtk-doc/html/flatpak/gdbus-org.freedesktop.Flatpak.Development.html
-rw-r--r-- root/root      5426 2022-11-24 14:42 usr/share/gtk-doc/html/flatpak/gdbus-org.freedesktop.Flatpak.SessionHelper.html
-rw-r--r-- root/root     25571 2022-11-24 14:42 usr/share/gtk-doc/html/flatpak/gdbus-org.freedesktop.Flatpak.SystemHelper.html
-rw-r--r-- root/root     17087 2022-11-24 14:42 usr/share/gtk-doc/html/flatpak/gdbus-org.freedesktop.impl.portal.PermissionStore.html
-rw-r--r-- root/root     23442 2022-11-24 14:42 usr/share/gtk-doc/html/flatpak/gdbus-org.freedesktop.portal.Documents.html
-rw-r--r-- root/root      9423 2022-11-24 14:42 usr/share/gtk-doc/html/flatpak/gdbus-org.freedesktop.portal.Flatpak.UpdateMonitor.html
-rw-r--r-- root/root     23091 2022-11-24 14:42 usr/share/gtk-doc/html/flatpak/gdbus-org.freedesktop.portal.Flatpak.html
-rw-r--r-- root/root       256 2022-11-24 14:42 usr/share/gtk-doc/html/flatpak/home.png
-rw-r--r-- root/root      5412 2022-11-24 14:42 usr/share/gtk-doc/html/flatpak/index.html
-rw-r--r-- root/root       395 2022-11-24 14:42 usr/share/gtk-doc/html/flatpak/left-insensitive.png
-rw-r--r-- root/root       262 2022-11-24 14:42 usr/share/gtk-doc/html/flatpak/left.png
-rw-r--r-- root/root      3537 2022-11-24 14:42 usr/share/gtk-doc/html/flatpak/object-tree.html
-rw-r--r-- root/root       373 2022-11-24 14:42 usr/share/gtk-doc/html/flatpak/right-insensitive.png
-rw-r--r-- root/root       261 2022-11-24 14:42 usr/share/gtk-doc/html/flatpak/right.png
-rw-r--r-- root/root     12017 2022-11-24 14:42 usr/share/gtk-doc/html/flatpak/style.css
-rw-r--r-- root/root       374 2022-11-24 14:42 usr/share/gtk-doc/html/flatpak/up-insensitive.png
-rw-r--r-- root/root       260 2022-11-24 14:42 usr/share/gtk-doc/html/flatpak/up.png
drwxr-xr-x root/root         0 2022-11-24 14:42 usr/share/locale/
drwxr-xr-x root/root         0 2022-11-24 14:42 usr/share/locale/cs/
drwxr-xr-x root/root         0 2022-11-24 14:42 usr/share/locale/cs/LC_MESSAGES/
-rw-r--r-- root/root    100014 2022-11-24 14:42 usr/share/locale/cs/LC_MESSAGES/flatpak.mo
drwxr-xr-x root/root         0 2022-11-24 14:42 usr/share/locale/da/
drwxr-xr-x root/root         0 2022-11-24 14:42 usr/share/locale/da/LC_MESSAGES/
-rw-r--r-- root/root    101035 2022-11-24 14:42 usr/share/locale/da/LC_MESSAGES/flatpak.mo
drwxr-xr-x root/root         0 2022-11-24 14:42 usr/share/locale/de/
drwxr-xr-x root/root         0 2022-11-24 14:42 usr/share/locale/de/LC_MESSAGES/
-rw-r--r-- root/root     72168 2022-11-24 14:42 usr/share/locale/de/LC_MESSAGES/flatpak.mo
drwxr-xr-x root/root         0 2022-11-24 14:42 usr/share/locale/en_GB/
drwxr-xr-x root/root         0 2022-11-24 14:42 usr/share/locale/en_GB/LC_MESSAGES/
-rw-r--r-- root/root     79288 2022-11-24 14:42 usr/share/locale/en_GB/LC_MESSAGES/flatpak.mo
drwxr-xr-x root/root         0 2022-11-24 14:42 usr/share/locale/es/
drwxr-xr-x root/root         0 2022-11-24 14:42 usr/share/locale/es/LC_MESSAGES/
-rw-r--r-- root/root     82298 2022-11-24 14:42 usr/share/locale/es/LC_MESSAGES/flatpak.mo
drwxr-xr-x root/root         0 2022-11-24 14:42 usr/share/locale/fr/
drwxr-xr-x root/root         0 2022-11-24 14:42 usr/share/locale/fr/LC_MESSAGES/
-rw-r--r-- root/root      2735 2022-11-24 14:42 usr/share/locale/fr/LC_MESSAGES/flatpak.mo
drwxr-xr-x root/root         0 2022-11-24 14:42 usr/share/locale/gl/
drwxr-xr-x root/root         0 2022-11-24 14:42 usr/share/locale/gl/LC_MESSAGES/
-rw-r--r-- root/root     42023 2022-11-24 14:42 usr/share/locale/gl/LC_MESSAGES/flatpak.mo
drwxr-xr-x root/root         0 2022-11-24 14:42 usr/share/locale/hi/
drwxr-xr-x root/root         0 2022-11-24 14:42 usr/share/locale/hi/LC_MESSAGES/
-rw-r--r-- root/root    152964 2022-11-24 14:42 usr/share/locale/hi/LC_MESSAGES/flatpak.mo
drwxr-xr-x root/root         0 2022-11-24 14:42 usr/share/locale/hr/
drwxr-xr-x root/root         0 2022-11-24 14:42 usr/share/locale/hr/LC_MESSAGES/
-rw-r--r-- root/root    105323 2022-11-24 14:42 usr/share/locale/hr/LC_MESSAGES/flatpak.mo
drwxr-xr-x root/root         0 2022-11-24 14:42 usr/share/locale/hu/
drwxr-xr-x root/root         0 2022-11-24 14:42 usr/share/locale/hu/LC_MESSAGES/
-rw-r--r-- root/root     47294 2022-11-24 14:42 usr/share/locale/hu/LC_MESSAGES/flatpak.mo
drwxr-xr-x root/root         0 2022-11-24 14:42 usr/share/locale/id/
drwxr-xr-x root/root         0 2022-11-24 14:42 usr/share/locale/id/LC_MESSAGES/
-rw-r--r-- root/root    109618 2022-11-24 14:42 usr/share/locale/id/LC_MESSAGES/flatpak.mo
drwxr-xr-x root/root         0 2022-11-24 14:42 usr/share/locale/oc/
drwxr-xr-x root/root         0 2022-11-24 14:42 usr/share/locale/oc/LC_MESSAGES/
-rw-r--r-- root/root      7529 2022-11-24 14:42 usr/share/locale/oc/LC_MESSAGES/flatpak.mo
drwxr-xr-x root/root         0 2022-11-24 14:42 usr/share/locale/pl/
drwxr-xr-x root/root         0 2022-11-24 14:42 usr/share/locale/pl/LC_MESSAGES/
-rw-r--r-- root/root    119074 2022-11-24 14:42 usr/share/locale/pl/LC_MESSAGES/flatpak.mo
drwxr-xr-x root/root         0 2022-11-24 14:42 usr/share/locale/pt/
drwxr-xr-x root/root         0 2022-11-24 14:42 usr/share/locale/pt/LC_MESSAGES/
-rw-r--r-- root/root    107149 2022-11-24 14:42 usr/share/locale/pt/LC_MESSAGES/flatpak.mo
drwxr-xr-x root/root         0 2022-11-24 14:42 usr/share/locale/pt_BR/
drwxr-xr-x root/root         0 2022-11-24 14:42 usr/share/locale/pt_BR/LC_MESSAGES/
-rw-r--r-- root/root    113399 2022-11-24 14:42 usr/share/locale/pt_BR/LC_MESSAGES/flatpak.mo
drwxr-xr-x root/root         0 2022-11-24 14:42 usr/share/locale/ro/
drwxr-xr-x root/root         0 2022-11-24 14:42 usr/share/locale/ro/LC_MESSAGES/
-rw-r--r-- root/root    100838 2022-11-24 14:42 usr/share/locale/ro/LC_MESSAGES/flatpak.mo
drwxr-xr-x root/root         0 2022-11-24 14:42 usr/share/locale/ru/
drwxr-xr-x root/root         0 2022-11-24 14:42 usr/share/locale/ru/LC_MESSAGES/
-rw-r--r-- root/root    145549 2022-11-24 14:42 usr/share/locale/ru/LC_MESSAGES/flatpak.mo
drwxr-xr-x root/root         0 2022-11-24 14:42 usr/share/locale/sk/
drwxr-xr-x root/root         0 2022-11-24 14:42 usr/share/locale/sk/LC_MESSAGES/
-rw-r--r-- root/root     10870 2022-11-24 14:42 usr/share/locale/sk/LC_MESSAGES/flatpak.mo
drwxr-xr-x root/root         0 2022-11-24 14:42 usr/share/locale/sv/
drwxr-xr-x root/root         0 2022-11-24 14:42 usr/share/locale/sv/LC_MESSAGES/
-rw-r--r-- root/root    111968 2022-11-24 14:42 usr/share/locale/sv/LC_MESSAGES/flatpak.mo
drwxr-xr-x root/root         0 2022-11-24 14:42 usr/share/locale/tr/
drwxr-xr-x root/root         0 2022-11-24 14:42 usr/share/locale/tr/LC_MESSAGES/
-rw-r--r-- root/root    106371 2022-11-24 14:42 usr/share/locale/tr/LC_MESSAGES/flatpak.mo
drwxr-xr-x root/root         0 2022-11-24 14:42 usr/share/locale/uk/
drwxr-xr-x root/root         0 2022-11-24 14:42 usr/share/locale/uk/LC_MESSAGES/
-rw-r--r-- root/root    153759 2022-11-24 14:42 usr/share/locale/uk/LC_MESSAGES/flatpak.mo
drwxr-xr-x root/root         0 2022-11-24 14:42 usr/share/locale/zh_CN/
drwxr-xr-x root/root         0 2022-11-24 14:42 usr/share/locale/zh_CN/LC_MESSAGES/
-rw-r--r-- root/root     97979 2022-11-24 14:42 usr/share/locale/zh_CN/LC_MESSAGES/flatpak.mo
drwxr-xr-x root/root         0 2022-11-24 14:42 usr/share/locale/zh_TW/
drwxr-xr-x root/root         0 2022-11-24 14:42 usr/share/locale/zh_TW/LC_MESSAGES/
-rw-r--r-- root/root     86977 2022-11-24 14:42 usr/share/locale/zh_TW/LC_MESSAGES/flatpak.mo
drwxr-xr-x root/root         0 2022-11-24 14:42 usr/share/polkit-1/
drwxr-xr-x root/root         0 2022-11-24 14:42 usr/share/polkit-1/actions/
-rw-r--r-- root/root     61826 2022-11-24 14:42 usr/share/polkit-1/actions/org.freedesktop.Flatpak.policy
drwxr-xr-x root/root         0 2022-11-24 14:42 usr/share/polkit-1/rules.d/
-rw-r--r-- root/root       769 2022-11-24 14:42 usr/share/polkit-1/rules.d/org.freedesktop.Flatpak.rules
drwxr-xr-x root/root         0 2022-11-24 14:42 usr/share/zsh/
drwxr-xr-x root/root         0 2022-11-24 14:42 usr/share/zsh/site-functions/
-rw-r--r-- root/root       643 2022-11-24 14:42 usr/share/zsh/site-functions/_flatpak


