++========================================
||
||   Package:  ./pugixml/pugixml-1.11.4-x86_64-1cf.txz
||
++========================================
drwxr-xr-x root/root         0 2020-12-23 13:54 ./
drwxr-xr-x root/root         0 2020-12-23 13:54 install/
-rw-r--r-- root/root       199 2020-12-23 13:54 install/doinst.sh
-rw-r--r-- root/root      1019 2020-12-23 13:54 install/slack-desc
drwxr-xr-x root/root         0 2020-12-23 13:54 usr/
drwxr-xr-x root/root         0 2020-12-23 13:54 usr/doc/
drwxr-xr-x root/root         0 2020-12-23 13:54 usr/doc/pugixml-1.11.4/
drwxr-xr-x root/root         0 2020-12-23 13:53 usr/doc/pugixml-1.11.4/images/
-rw-r--r-- root/root     24570 2020-12-22 17:41 usr/doc/pugixml-1.11.4/images/dom_tree.png
-rw-r--r-- root/root     25698 2020-12-22 17:41 usr/doc/pugixml-1.11.4/images/vs2005_link1.png
-rw-r--r-- root/root     18063 2020-12-22 17:41 usr/doc/pugixml-1.11.4/images/vs2005_link2.png
-rw-r--r-- root/root     27693 2020-12-22 17:41 usr/doc/pugixml-1.11.4/images/vs2005_pch1.png
-rw-r--r-- root/root     14895 2020-12-22 17:41 usr/doc/pugixml-1.11.4/images/vs2005_pch2.png
-rw-r--r-- root/root     15931 2020-12-22 17:41 usr/doc/pugixml-1.11.4/images/vs2005_pch3.png
-rw-r--r-- root/root     15117 2020-12-22 17:41 usr/doc/pugixml-1.11.4/images/vs2005_pch4.png
-rw-r--r-- root/root     19609 2020-12-22 17:41 usr/doc/pugixml-1.11.4/images/vs2010_link1.png
-rw-r--r-- root/root     17206 2020-12-22 17:41 usr/doc/pugixml-1.11.4/images/vs2010_link2.png
-rw-r--r-- root/root    576929 2020-12-22 17:41 usr/doc/pugixml-1.11.4/manual.html
-rw-r--r-- root/root      3396 2020-12-23 13:54 usr/doc/pugixml-1.11.4/pugixml.SlackBuild
-rw-r--r-- root/root    107717 2020-12-22 17:41 usr/doc/pugixml-1.11.4/quickstart.html
-rw-r--r-- root/root      2094 2020-12-22 17:41 usr/doc/pugixml-1.11.4/readme.txt
drwxr-xr-x root/root         0 2020-12-23 13:53 usr/doc/pugixml-1.11.4/samples/
-rw-r--r-- root/root       181 2020-12-22 17:41 usr/doc/pugixml-1.11.4/samples/character.xml
-rw-r--r-- root/root       425 2020-12-22 17:41 usr/doc/pugixml-1.11.4/samples/custom_memory_management.cpp
-rw-r--r-- root/root      1739 2020-12-22 17:41 usr/doc/pugixml-1.11.4/samples/include.cpp
-rw-r--r-- root/root      1053 2020-12-22 17:41 usr/doc/pugixml-1.11.4/samples/load_error_handling.cpp
-rw-r--r-- root/root       331 2020-12-22 17:41 usr/doc/pugixml-1.11.4/samples/load_file.cpp
-rw-r--r-- root/root      2589 2020-12-22 17:41 usr/doc/pugixml-1.11.4/samples/load_memory.cpp
-rw-r--r-- root/root      1419 2020-12-22 17:41 usr/doc/pugixml-1.11.4/samples/load_options.cpp
-rw-r--r-- root/root      3049 2020-12-22 17:41 usr/doc/pugixml-1.11.4/samples/load_stream.cpp
-rw-r--r-- root/root       742 2020-12-22 17:41 usr/doc/pugixml-1.11.4/samples/modify_add.cpp
-rw-r--r-- root/root      1382 2020-12-22 17:41 usr/doc/pugixml-1.11.4/samples/modify_base.cpp
-rw-r--r-- root/root       678 2020-12-22 17:41 usr/doc/pugixml-1.11.4/samples/modify_remove.cpp
-rw-r--r-- root/root      2689 2020-12-22 17:41 usr/doc/pugixml-1.11.4/samples/save_custom_writer.cpp
-rw-r--r-- root/root       661 2020-12-22 17:41 usr/doc/pugixml-1.11.4/samples/save_declaration.cpp
-rw-r--r-- root/root       333 2020-12-22 17:41 usr/doc/pugixml-1.11.4/samples/save_file.cpp
-rw-r--r-- root/root      1321 2020-12-22 17:41 usr/doc/pugixml-1.11.4/samples/save_options.cpp
-rw-r--r-- root/root       324 2020-12-22 17:41 usr/doc/pugixml-1.11.4/samples/save_stream.cpp
-rw-r--r-- root/root       766 2020-12-22 17:41 usr/doc/pugixml-1.11.4/samples/save_subtree.cpp
-rw-r--r-- root/root      1113 2020-12-22 17:41 usr/doc/pugixml-1.11.4/samples/text.cpp
-rw-r--r-- root/root       209 2020-12-22 17:41 usr/doc/pugixml-1.11.4/samples/transitions.xml
-rw-r--r-- root/root      1518 2020-12-22 17:41 usr/doc/pugixml-1.11.4/samples/traverse_base.cpp
-rw-r--r-- root/root       605 2020-12-22 17:41 usr/doc/pugixml-1.11.4/samples/traverse_iter.cpp
-rw-r--r-- root/root      1318 2020-12-22 17:41 usr/doc/pugixml-1.11.4/samples/traverse_predicate.cpp
-rw-r--r-- root/root       657 2020-12-22 17:41 usr/doc/pugixml-1.11.4/samples/traverse_rangefor.cpp
-rw-r--r-- root/root       740 2020-12-22 17:41 usr/doc/pugixml-1.11.4/samples/traverse_walker.cpp
-rw-r--r-- root/root       246 2020-12-22 17:41 usr/doc/pugixml-1.11.4/samples/tree.xml
-rw-r--r-- root/root      2092 2020-12-22 17:41 usr/doc/pugixml-1.11.4/samples/weekly-shift_jis.xml
-rw-r--r-- root/root      3186 2020-12-22 17:41 usr/doc/pugixml-1.11.4/samples/weekly-utf-16.xml
-rw-r--r-- root/root      2621 2020-12-22 17:41 usr/doc/pugixml-1.11.4/samples/weekly-utf-8.xml
-rw-r--r-- root/root       722 2020-12-22 17:41 usr/doc/pugixml-1.11.4/samples/xgconsole.xml
-rw-r--r-- root/root       898 2020-12-22 17:41 usr/doc/pugixml-1.11.4/samples/xpath_error.cpp
-rw-r--r-- root/root      1213 2020-12-22 17:41 usr/doc/pugixml-1.11.4/samples/xpath_query.cpp
-rw-r--r-- root/root       773 2020-12-22 17:41 usr/doc/pugixml-1.11.4/samples/xpath_select.cpp
-rw-r--r-- root/root      1094 2020-12-22 17:41 usr/doc/pugixml-1.11.4/samples/xpath_variables.cpp
drwxr-xr-x root/root         0 2020-12-23 13:54 usr/include/
-rw-r--r-- root/root      2896 2020-12-22 17:41 usr/include/pugiconfig.hpp
-rw-r--r-- root/root     53437 2020-12-22 17:41 usr/include/pugixml.hpp
drwxr-xr-x root/root         0 2020-12-23 13:54 usr/lib64/
drwxr-xr-x root/root         0 2020-12-23 13:54 usr/lib64/cmake/
drwxr-xr-x root/root         0 2020-12-23 13:54 usr/lib64/cmake/pugixml/
-rw-r--r-- root/root      2739 2020-12-23 13:53 usr/lib64/cmake/pugixml/pugixml-config-version.cmake
-rw-r--r-- root/root       983 2020-12-23 13:53 usr/lib64/cmake/pugixml/pugixml-config.cmake
-rw-r--r-- root/root       848 2020-12-23 13:53 usr/lib64/cmake/pugixml/pugixml-targets-release.cmake
-rw-r--r-- root/root      4026 2020-12-23 13:53 usr/lib64/cmake/pugixml/pugixml-targets.cmake
-rwxr-xr-x root/root    241120 2020-12-23 13:54 usr/lib64/libpugixml.so.1.11
drwxr-xr-x root/root         0 2020-12-23 13:54 usr/lib64/pkgconfig/
-rw-r--r-- root/root       265 2020-12-23 13:53 usr/lib64/pkgconfig/pugixml.pc


