++========================================
||
||   Package:  ./python-redis/python-redis-4.3.4-x86_64-2cf.txz
||
++========================================
drwxr-xr-x root/root         0 2022-07-31 10:53 ./
drwxr-xr-x root/root         0 2022-07-31 10:53 install/
-rw-r--r-- root/root       735 2022-07-31 10:53 install/slack-desc
-rw-r--r-- root/root         6 2022-07-31 10:53 install/slack-required
drwxr-xr-x root/root         0 2022-07-31 10:53 usr/
drwxr-xr-x root/root         0 2022-07-31 10:53 usr/doc/
drwxr-xr-x root/root         0 2022-07-31 10:53 usr/doc/python-redis-4.3.4/
-rw-r--r-- root/root      1074 2022-06-27 15:11 usr/doc/python-redis-4.3.4/LICENSE
-rw-r--r-- root/root     51927 2022-06-27 15:11 usr/doc/python-redis-4.3.4/README.md
-rw-r--r-- root/root      3517 2022-07-31 10:53 usr/doc/python-redis-4.3.4/python-redis.SlackBuild
drwxr-xr-x root/root         0 2022-07-31 10:53 usr/lib64/
drwxr-xr-x root/root         0 2022-07-31 10:53 usr/lib64/python3.9/
drwxr-xr-x root/root         0 2022-07-31 10:53 usr/lib64/python3.9/site-packages/
drwxr-xr-x root/root         0 2022-07-31 10:53 usr/lib64/python3.9/site-packages/redis/
drwxr-xr-x root/root         0 2022-07-31 10:53 usr/lib64/python3.9/site-packages/redis-4.3.4-py3.9.egg-info/
-rw-r--r-- root/root     53393 2022-07-31 10:53 usr/lib64/python3.9/site-packages/redis-4.3.4-py3.9.egg-info/PKG-INFO
-rw-r--r-- root/root      3464 2022-07-31 10:53 usr/lib64/python3.9/site-packages/redis-4.3.4-py3.9.egg-info/SOURCES.txt
-rw-r--r-- root/root         1 2022-07-31 10:53 usr/lib64/python3.9/site-packages/redis-4.3.4-py3.9.egg-info/dependency_links.txt
-rw-r--r-- root/root       214 2022-07-31 10:53 usr/lib64/python3.9/site-packages/redis-4.3.4-py3.9.egg-info/requires.txt
-rw-r--r-- root/root         6 2022-07-31 10:53 usr/lib64/python3.9/site-packages/redis-4.3.4-py3.9.egg-info/top_level.txt
-rw-r--r-- root/root      1746 2022-06-27 15:11 usr/lib64/python3.9/site-packages/redis/__init__.py
drwxr-xr-x root/root         0 2022-07-31 10:53 usr/lib64/python3.9/site-packages/redis/__pycache__/
-rw-r--r-- root/root      1601 2022-07-31 10:53 usr/lib64/python3.9/site-packages/redis/__pycache__/__init__.cpython-39.pyc
-rw-r--r-- root/root      4042 2022-07-31 10:53 usr/lib64/python3.9/site-packages/redis/__pycache__/backoff.cpython-39.pyc
-rw-r--r-- root/root     63600 2022-07-31 10:53 usr/lib64/python3.9/site-packages/redis/__pycache__/client.cpython-39.pyc
-rw-r--r-- root/root     57644 2022-07-31 10:53 usr/lib64/python3.9/site-packages/redis/__pycache__/cluster.cpython-39.pyc
-rw-r--r-- root/root       300 2022-07-31 10:53 usr/lib64/python3.9/site-packages/redis/__pycache__/compat.cpython-39.pyc
-rw-r--r-- root/root     39111 2022-07-31 10:53 usr/lib64/python3.9/site-packages/redis/__pycache__/connection.cpython-39.pyc
-rw-r--r-- root/root       733 2022-07-31 10:53 usr/lib64/python3.9/site-packages/redis/__pycache__/crc.cpython-39.pyc
-rw-r--r-- root/root      7310 2022-07-31 10:53 usr/lib64/python3.9/site-packages/redis/__pycache__/exceptions.cpython-39.pyc
-rw-r--r-- root/root     10092 2022-07-31 10:53 usr/lib64/python3.9/site-packages/redis/__pycache__/lock.cpython-39.pyc
-rw-r--r-- root/root      9640 2022-07-31 10:53 usr/lib64/python3.9/site-packages/redis/__pycache__/ocsp.cpython-39.pyc
-rw-r--r-- root/root      1997 2022-07-31 10:53 usr/lib64/python3.9/site-packages/redis/__pycache__/retry.cpython-39.pyc
-rw-r--r-- root/root     11620 2022-07-31 10:53 usr/lib64/python3.9/site-packages/redis/__pycache__/sentinel.cpython-39.pyc
-rw-r--r-- root/root      1858 2022-07-31 10:53 usr/lib64/python3.9/site-packages/redis/__pycache__/typing.cpython-39.pyc
-rw-r--r-- root/root      2169 2022-07-31 10:53 usr/lib64/python3.9/site-packages/redis/__pycache__/utils.cpython-39.pyc
drwxr-xr-x root/root         0 2022-07-31 10:53 usr/lib64/python3.9/site-packages/redis/asyncio/
-rw-r--r-- root/root      1448 2022-06-27 15:11 usr/lib64/python3.9/site-packages/redis/asyncio/__init__.py
drwxr-xr-x root/root         0 2022-07-31 10:53 usr/lib64/python3.9/site-packages/redis/asyncio/__pycache__/
-rw-r--r-- root/root      1261 2022-07-31 10:53 usr/lib64/python3.9/site-packages/redis/asyncio/__pycache__/__init__.cpython-39.pyc
-rw-r--r-- root/root     42533 2022-07-31 10:53 usr/lib64/python3.9/site-packages/redis/asyncio/__pycache__/client.cpython-39.pyc
-rw-r--r-- root/root     38391 2022-07-31 10:53 usr/lib64/python3.9/site-packages/redis/asyncio/__pycache__/cluster.cpython-39.pyc
-rw-r--r-- root/root     44881 2022-07-31 10:53 usr/lib64/python3.9/site-packages/redis/asyncio/__pycache__/connection.cpython-39.pyc
-rw-r--r-- root/root     10284 2022-07-31 10:53 usr/lib64/python3.9/site-packages/redis/asyncio/__pycache__/lock.cpython-39.pyc
-rw-r--r-- root/root      3007 2022-07-31 10:53 usr/lib64/python3.9/site-packages/redis/asyncio/__pycache__/parser.cpython-39.pyc
-rw-r--r-- root/root      2409 2022-07-31 10:53 usr/lib64/python3.9/site-packages/redis/asyncio/__pycache__/retry.cpython-39.pyc
-rw-r--r-- root/root     12133 2022-07-31 10:53 usr/lib64/python3.9/site-packages/redis/asyncio/__pycache__/sentinel.cpython-39.pyc
-rw-r--r-- root/root      1270 2022-07-31 10:53 usr/lib64/python3.9/site-packages/redis/asyncio/__pycache__/utils.cpython-39.pyc
-rw-r--r-- root/root     52773 2022-06-27 15:11 usr/lib64/python3.9/site-packages/redis/asyncio/client.py
-rw-r--r-- root/root     54783 2022-06-27 15:11 usr/lib64/python3.9/site-packages/redis/asyncio/cluster.py
-rw-r--r-- root/root     66378 2022-06-27 15:11 usr/lib64/python3.9/site-packages/redis/asyncio/connection.py
-rw-r--r-- root/root     11789 2022-06-27 15:11 usr/lib64/python3.9/site-packages/redis/asyncio/lock.py
-rw-r--r-- root/root      3554 2022-06-27 15:11 usr/lib64/python3.9/site-packages/redis/asyncio/parser.py
-rw-r--r-- root/root      2219 2022-06-27 15:11 usr/lib64/python3.9/site-packages/redis/asyncio/retry.py
-rw-r--r-- root/root     13383 2022-06-27 15:11 usr/lib64/python3.9/site-packages/redis/asyncio/sentinel.py
-rw-r--r-- root/root       704 2022-06-27 15:11 usr/lib64/python3.9/site-packages/redis/asyncio/utils.py
-rw-r--r-- root/root      2671 2022-06-27 15:11 usr/lib64/python3.9/site-packages/redis/backoff.py
-rw-r--r-- root/root     76403 2022-06-27 15:11 usr/lib64/python3.9/site-packages/redis/client.py
-rw-r--r-- root/root     85514 2022-06-27 15:11 usr/lib64/python3.9/site-packages/redis/cluster.py
drwxr-xr-x root/root         0 2022-07-31 10:53 usr/lib64/python3.9/site-packages/redis/commands/
-rw-r--r-- root/root       633 2022-06-27 15:11 usr/lib64/python3.9/site-packages/redis/commands/__init__.py
drwxr-xr-x root/root         0 2022-07-31 10:53 usr/lib64/python3.9/site-packages/redis/commands/__pycache__/
-rw-r--r-- root/root       670 2022-07-31 10:53 usr/lib64/python3.9/site-packages/redis/commands/__pycache__/__init__.cpython-39.pyc
-rw-r--r-- root/root     27127 2022-07-31 10:53 usr/lib64/python3.9/site-packages/redis/commands/__pycache__/cluster.cpython-39.pyc
-rw-r--r-- root/root    192626 2022-07-31 10:53 usr/lib64/python3.9/site-packages/redis/commands/__pycache__/core.cpython-39.pyc
-rw-r--r-- root/root      4264 2022-07-31 10:53 usr/lib64/python3.9/site-packages/redis/commands/__pycache__/helpers.cpython-39.pyc
-rw-r--r-- root/root      5102 2022-07-31 10:53 usr/lib64/python3.9/site-packages/redis/commands/__pycache__/parser.cpython-39.pyc
-rw-r--r-- root/root      2938 2022-07-31 10:53 usr/lib64/python3.9/site-packages/redis/commands/__pycache__/redismodules.cpython-39.pyc
-rw-r--r-- root/root      5283 2022-07-31 10:53 usr/lib64/python3.9/site-packages/redis/commands/__pycache__/sentinel.cpython-39.pyc
drwxr-xr-x root/root         0 2022-07-31 10:53 usr/lib64/python3.9/site-packages/redis/commands/bf/
-rw-r--r-- root/root      6398 2022-06-27 15:11 usr/lib64/python3.9/site-packages/redis/commands/bf/__init__.py
drwxr-xr-x root/root         0 2022-07-31 10:53 usr/lib64/python3.9/site-packages/redis/commands/bf/__pycache__/
-rw-r--r-- root/root      5675 2022-07-31 10:53 usr/lib64/python3.9/site-packages/redis/commands/bf/__pycache__/__init__.cpython-39.pyc
-rw-r--r-- root/root     19439 2022-07-31 10:53 usr/lib64/python3.9/site-packages/redis/commands/bf/__pycache__/commands.cpython-39.pyc
-rw-r--r-- root/root      2993 2022-07-31 10:53 usr/lib64/python3.9/site-packages/redis/commands/bf/__pycache__/info.cpython-39.pyc
-rw-r--r-- root/root     18380 2022-06-27 15:11 usr/lib64/python3.9/site-packages/redis/commands/bf/commands.py
-rw-r--r-- root/root      2555 2022-06-27 15:11 usr/lib64/python3.9/site-packages/redis/commands/bf/info.py
-rw-r--r-- root/root     29709 2022-06-27 15:11 usr/lib64/python3.9/site-packages/redis/commands/cluster.py
-rw-r--r-- root/root    212936 2022-06-27 15:11 usr/lib64/python3.9/site-packages/redis/commands/core.py
drwxr-xr-x root/root         0 2022-07-31 10:53 usr/lib64/python3.9/site-packages/redis/commands/graph/
-rw-r--r-- root/root      4500 2022-06-27 15:11 usr/lib64/python3.9/site-packages/redis/commands/graph/__init__.py
drwxr-xr-x root/root         0 2022-07-31 10:53 usr/lib64/python3.9/site-packages/redis/commands/graph/__pycache__/
-rw-r--r-- root/root      4975 2022-07-31 10:53 usr/lib64/python3.9/site-packages/redis/commands/graph/__pycache__/__init__.cpython-39.pyc
-rw-r--r-- root/root      6926 2022-07-31 10:53 usr/lib64/python3.9/site-packages/redis/commands/graph/__pycache__/commands.cpython-39.pyc
-rw-r--r-- root/root      2042 2022-07-31 10:53 usr/lib64/python3.9/site-packages/redis/commands/graph/__pycache__/edge.cpython-39.pyc
-rw-r--r-- root/root       490 2022-07-31 10:53 usr/lib64/python3.9/site-packages/redis/commands/graph/__pycache__/exceptions.cpython-39.pyc
-rw-r--r-- root/root      6256 2022-07-31 10:53 usr/lib64/python3.9/site-packages/redis/commands/graph/__pycache__/execution_plan.cpython-39.pyc
-rw-r--r-- root/root      2315 2022-07-31 10:53 usr/lib64/python3.9/site-packages/redis/commands/graph/__pycache__/node.cpython-39.pyc
-rw-r--r-- root/root      2833 2022-07-31 10:53 usr/lib64/python3.9/site-packages/redis/commands/graph/__pycache__/path.cpython-39.pyc
-rw-r--r-- root/root      8975 2022-07-31 10:53 usr/lib64/python3.9/site-packages/redis/commands/graph/__pycache__/query_result.cpython-39.pyc
-rw-r--r-- root/root      7121 2022-06-27 15:11 usr/lib64/python3.9/site-packages/redis/commands/graph/commands.py
-rw-r--r-- root/root      2372 2022-06-27 15:11 usr/lib64/python3.9/site-packages/redis/commands/graph/edge.py
-rw-r--r-- root/root       107 2022-06-27 15:11 usr/lib64/python3.9/site-packages/redis/commands/graph/exceptions.py
-rw-r--r-- root/root      6742 2022-06-27 15:11 usr/lib64/python3.9/site-packages/redis/commands/graph/execution_plan.py
-rw-r--r-- root/root      2315 2022-06-27 15:11 usr/lib64/python3.9/site-packages/redis/commands/graph/node.py
-rw-r--r-- root/root      1990 2022-06-27 15:11 usr/lib64/python3.9/site-packages/redis/commands/graph/path.py
-rw-r--r-- root/root     11229 2022-06-27 15:11 usr/lib64/python3.9/site-packages/redis/commands/graph/query_result.py
-rw-r--r-- root/root      4160 2022-06-27 15:11 usr/lib64/python3.9/site-packages/redis/commands/helpers.py
drwxr-xr-x root/root         0 2022-07-31 10:53 usr/lib64/python3.9/site-packages/redis/commands/json/
-rw-r--r-- root/root      4331 2022-06-27 15:11 usr/lib64/python3.9/site-packages/redis/commands/json/__init__.py
drwxr-xr-x root/root         0 2022-07-31 10:53 usr/lib64/python3.9/site-packages/redis/commands/json/__pycache__/
-rw-r--r-- root/root      3823 2022-07-31 10:53 usr/lib64/python3.9/site-packages/redis/commands/json/__pycache__/__init__.cpython-39.pyc
-rw-r--r-- root/root       303 2022-07-31 10:53 usr/lib64/python3.9/site-packages/redis/commands/json/__pycache__/_util.cpython-39.pyc
-rw-r--r-- root/root     13243 2022-07-31 10:53 usr/lib64/python3.9/site-packages/redis/commands/json/__pycache__/commands.cpython-39.pyc
-rw-r--r-- root/root      1821 2022-07-31 10:53 usr/lib64/python3.9/site-packages/redis/commands/json/__pycache__/decoders.cpython-39.pyc
-rw-r--r-- root/root       870 2022-07-31 10:53 usr/lib64/python3.9/site-packages/redis/commands/json/__pycache__/path.cpython-39.pyc
-rw-r--r-- root/root       116 2022-06-27 15:11 usr/lib64/python3.9/site-packages/redis/commands/json/_util.py
-rw-r--r-- root/root     14041 2022-06-27 15:11 usr/lib64/python3.9/site-packages/redis/commands/json/commands.py
-rw-r--r-- root/root      1411 2022-06-27 15:11 usr/lib64/python3.9/site-packages/redis/commands/json/decoders.py
-rw-r--r-- root/root       393 2022-06-27 15:11 usr/lib64/python3.9/site-packages/redis/commands/json/path.py
-rw-r--r-- root/root      6519 2022-06-27 15:11 usr/lib64/python3.9/site-packages/redis/commands/parser.py
-rw-r--r-- root/root      2215 2022-06-27 15:11 usr/lib64/python3.9/site-packages/redis/commands/redismodules.py
drwxr-xr-x root/root         0 2022-07-31 10:53 usr/lib64/python3.9/site-packages/redis/commands/search/
-rw-r--r-- root/root      5223 2022-06-27 15:11 usr/lib64/python3.9/site-packages/redis/commands/search/__init__.py
drwxr-xr-x root/root         0 2022-07-31 10:53 usr/lib64/python3.9/site-packages/redis/commands/search/__pycache__/
-rw-r--r-- root/root      4603 2022-07-31 10:53 usr/lib64/python3.9/site-packages/redis/commands/search/__pycache__/__init__.cpython-39.pyc
-rw-r--r-- root/root       347 2022-07-31 10:53 usr/lib64/python3.9/site-packages/redis/commands/search/__pycache__/_util.cpython-39.pyc
-rw-r--r-- root/root     10913 2022-07-31 10:53 usr/lib64/python3.9/site-packages/redis/commands/search/__pycache__/aggregation.cpython-39.pyc
-rw-r--r-- root/root     28428 2022-07-31 10:53 usr/lib64/python3.9/site-packages/redis/commands/search/__pycache__/commands.cpython-39.pyc
-rw-r--r-- root/root       746 2022-07-31 10:53 usr/lib64/python3.9/site-packages/redis/commands/search/__pycache__/document.cpython-39.pyc
-rw-r--r-- root/root      4854 2022-07-31 10:53 usr/lib64/python3.9/site-packages/redis/commands/search/__pycache__/field.cpython-39.pyc
-rw-r--r-- root/root      2712 2022-07-31 10:53 usr/lib64/python3.9/site-packages/redis/commands/search/__pycache__/indexDefinition.cpython-39.pyc
-rw-r--r-- root/root     10699 2022-07-31 10:53 usr/lib64/python3.9/site-packages/redis/commands/search/__pycache__/query.cpython-39.pyc
-rw-r--r-- root/root     10907 2022-07-31 10:53 usr/lib64/python3.9/site-packages/redis/commands/search/__pycache__/querystring.cpython-39.pyc
-rw-r--r-- root/root      5851 2022-07-31 10:53 usr/lib64/python3.9/site-packages/redis/commands/search/__pycache__/reducers.cpython-39.pyc
-rw-r--r-- root/root      1644 2022-07-31 10:53 usr/lib64/python3.9/site-packages/redis/commands/search/__pycache__/result.cpython-39.pyc
-rw-r--r-- root/root      1824 2022-07-31 10:53 usr/lib64/python3.9/site-packages/redis/commands/search/__pycache__/suggestion.cpython-39.pyc
-rw-r--r-- root/root       193 2022-06-27 15:11 usr/lib64/python3.9/site-packages/redis/commands/search/_util.py
-rw-r--r-- root/root      9914 2022-06-27 15:11 usr/lib64/python3.9/site-packages/redis/commands/search/aggregation.py
-rw-r--r-- root/root     35288 2022-06-27 15:11 usr/lib64/python3.9/site-packages/redis/commands/search/commands.py
-rw-r--r-- root/root       322 2022-06-27 15:11 usr/lib64/python3.9/site-packages/redis/commands/search/document.py
-rw-r--r-- root/root      4261 2022-06-27 15:11 usr/lib64/python3.9/site-packages/redis/commands/search/field.py
-rw-r--r-- root/root      2489 2022-06-27 15:11 usr/lib64/python3.9/site-packages/redis/commands/search/indexDefinition.py
-rw-r--r-- root/root     10275 2022-06-27 15:11 usr/lib64/python3.9/site-packages/redis/commands/search/query.py
-rw-r--r-- root/root      7503 2022-06-27 15:11 usr/lib64/python3.9/site-packages/redis/commands/search/querystring.py
-rw-r--r-- root/root      3918 2022-06-27 15:11 usr/lib64/python3.9/site-packages/redis/commands/search/reducers.py
-rw-r--r-- root/root      2103 2022-06-27 15:11 usr/lib64/python3.9/site-packages/redis/commands/search/result.py
-rw-r--r-- root/root      1503 2022-06-27 15:11 usr/lib64/python3.9/site-packages/redis/commands/search/suggestion.py
-rw-r--r-- root/root      4110 2022-06-27 15:11 usr/lib64/python3.9/site-packages/redis/commands/sentinel.py
drwxr-xr-x root/root         0 2022-07-31 10:53 usr/lib64/python3.9/site-packages/redis/commands/timeseries/
-rw-r--r-- root/root      3164 2022-06-27 15:11 usr/lib64/python3.9/site-packages/redis/commands/timeseries/__init__.py
drwxr-xr-x root/root         0 2022-07-31 10:53 usr/lib64/python3.9/site-packages/redis/commands/timeseries/__pycache__/
-rw-r--r-- root/root      2938 2022-07-31 10:53 usr/lib64/python3.9/site-packages/redis/commands/timeseries/__pycache__/__init__.cpython-39.pyc
-rw-r--r-- root/root     24896 2022-07-31 10:53 usr/lib64/python3.9/site-packages/redis/commands/timeseries/__pycache__/commands.cpython-39.pyc
-rw-r--r-- root/root      2788 2022-07-31 10:53 usr/lib64/python3.9/site-packages/redis/commands/timeseries/__pycache__/info.cpython-39.pyc
-rw-r--r-- root/root      1956 2022-07-31 10:53 usr/lib64/python3.9/site-packages/redis/commands/timeseries/__pycache__/utils.cpython-39.pyc
-rw-r--r-- root/root     28278 2022-06-27 15:11 usr/lib64/python3.9/site-packages/redis/commands/timeseries/commands.py
-rw-r--r-- root/root      2966 2022-06-27 15:11 usr/lib64/python3.9/site-packages/redis/commands/timeseries/info.py
-rw-r--r-- root/root      1309 2022-06-27 15:11 usr/lib64/python3.9/site-packages/redis/commands/timeseries/utils.py
-rw-r--r-- root/root       242 2022-06-27 15:11 usr/lib64/python3.9/site-packages/redis/compat.py
-rw-r--r-- root/root     61361 2022-06-27 15:11 usr/lib64/python3.9/site-packages/redis/connection.py
-rw-r--r-- root/root       729 2022-06-27 15:11 usr/lib64/python3.9/site-packages/redis/crc.py
-rw-r--r-- root/root      4645 2022-06-27 15:11 usr/lib64/python3.9/site-packages/redis/exceptions.py
-rw-r--r-- root/root     11567 2022-06-27 15:11 usr/lib64/python3.9/site-packages/redis/lock.py
-rw-r--r-- root/root     11451 2022-06-27 15:11 usr/lib64/python3.9/site-packages/redis/ocsp.py
-rw-r--r-- root/root      1817 2022-06-27 15:11 usr/lib64/python3.9/site-packages/redis/retry.py
-rw-r--r-- root/root     12626 2022-06-27 15:11 usr/lib64/python3.9/site-packages/redis/sentinel.py
-rw-r--r-- root/root      2121 2022-06-27 15:11 usr/lib64/python3.9/site-packages/redis/typing.py
-rw-r--r-- root/root      1654 2022-06-27 15:11 usr/lib64/python3.9/site-packages/redis/utils.py


