++========================================
||
||   Package:  ./zeromq/zeromq-4.3.4-x86_64-1cf.txz
||
++========================================
drwxr-xr-x root/root         0 2021-01-18 09:05 ./
drwxr-xr-x root/root         0 2021-01-18 09:05 install/
-rw-r--r-- root/root       180 2021-01-18 09:05 install/doinst.sh
-rw-r--r-- root/root       988 2021-01-18 09:05 install/slack-desc
drwxr-xr-x root/root         0 2021-01-18 09:05 usr/
drwxr-xr-x root/root         0 2021-01-18 09:05 usr/bin/
-rwxr-xr-x root/root     14352 2021-01-18 09:05 usr/bin/curve_keygen
drwxr-xr-x root/root         0 2021-01-18 09:05 usr/doc/
drwxr-xr-x root/root         0 2021-01-18 09:05 usr/doc/zeromq-4.3.4/
-rw-r--r-- root/root      2355 2020-09-06 12:47 usr/doc/zeromq-4.3.4/AUTHORS
-rw-r--r-- root/root     35149 2015-07-30 02:00 usr/doc/zeromq-4.3.4/COPYING
-rw-r--r-- root/root      8504 2017-05-16 23:07 usr/doc/zeromq-4.3.4/COPYING.LESSER
-rw-r--r-- root/root     12342 2021-01-03 22:46 usr/doc/zeromq-4.3.4/INSTALL
-rw-r--r-- root/root     80177 2021-01-17 13:10 usr/doc/zeromq-4.3.4/NEWS
drwxr-xr-x root/root         0 2021-01-18 09:04 usr/doc/zeromq-4.3.4/doc/
-rw-r--r-- root/root     21437 2021-01-18 09:04 usr/doc/zeromq-4.3.4/doc/Makefile
-rw-r--r-- root/root      1998 2021-01-03 22:46 usr/doc/zeromq-4.3.4/doc/Makefile.am
-rw-r--r-- root/root     21992 2021-01-17 14:18 usr/doc/zeromq-4.3.4/doc/Makefile.in
-rw-r--r-- root/root      1281 2015-07-30 02:00 usr/doc/zeromq-4.3.4/doc/asciidoc.conf
-rw-r--r-- root/root      9929 2021-01-17 14:19 usr/doc/zeromq-4.3.4/doc/zmq.7
-rw-r--r-- root/root     30773 2021-01-17 14:20 usr/doc/zeromq-4.3.4/doc/zmq.html
-rw-r--r-- root/root      8214 2021-01-03 22:46 usr/doc/zeromq-4.3.4/doc/zmq.txt
-rw-r--r-- root/root      2812 2021-01-17 14:19 usr/doc/zeromq-4.3.4/doc/zmq_atomic_counter_dec.3
-rw-r--r-- root/root     19217 2021-01-17 14:20 usr/doc/zeromq-4.3.4/doc/zmq_atomic_counter_dec.html
-rw-r--r-- root/root      1561 2020-08-30 23:42 usr/doc/zeromq-4.3.4/doc/zmq_atomic_counter_dec.txt
-rw-r--r-- root/root      2906 2021-01-17 14:19 usr/doc/zeromq-4.3.4/doc/zmq_atomic_counter_destroy.3
-rw-r--r-- root/root     19307 2021-01-17 14:20 usr/doc/zeromq-4.3.4/doc/zmq_atomic_counter_destroy.html
-rw-r--r-- root/root      1655 2020-08-30 23:42 usr/doc/zeromq-4.3.4/doc/zmq_atomic_counter_destroy.txt
-rw-r--r-- root/root      2768 2021-01-17 14:19 usr/doc/zeromq-4.3.4/doc/zmq_atomic_counter_inc.3
-rw-r--r-- root/root     19172 2021-01-17 14:20 usr/doc/zeromq-4.3.4/doc/zmq_atomic_counter_inc.html
-rw-r--r-- root/root      1517 2020-08-30 23:42 usr/doc/zeromq-4.3.4/doc/zmq_atomic_counter_inc.txt
-rw-r--r-- root/root      2908 2021-01-17 14:19 usr/doc/zeromq-4.3.4/doc/zmq_atomic_counter_new.3
-rw-r--r-- root/root     19307 2021-01-17 14:20 usr/doc/zeromq-4.3.4/doc/zmq_atomic_counter_new.html
-rw-r--r-- root/root      1651 2020-08-30 23:42 usr/doc/zeromq-4.3.4/doc/zmq_atomic_counter_new.txt
-rw-r--r-- root/root      2830 2021-01-17 14:19 usr/doc/zeromq-4.3.4/doc/zmq_atomic_counter_set.3
-rw-r--r-- root/root     19231 2021-01-17 14:20 usr/doc/zeromq-4.3.4/doc/zmq_atomic_counter_set.html
-rw-r--r-- root/root      1576 2020-08-30 23:42 usr/doc/zeromq-4.3.4/doc/zmq_atomic_counter_set.txt
-rw-r--r-- root/root      2915 2021-01-17 14:19 usr/doc/zeromq-4.3.4/doc/zmq_atomic_counter_value.3
-rw-r--r-- root/root     19327 2021-01-17 14:20 usr/doc/zeromq-4.3.4/doc/zmq_atomic_counter_value.html
-rw-r--r-- root/root      1654 2020-09-06 12:47 usr/doc/zeromq-4.3.4/doc/zmq_atomic_counter_value.txt
-rw-r--r-- root/root      5356 2021-01-17 14:19 usr/doc/zeromq-4.3.4/doc/zmq_bind.3
-rw-r--r-- root/root     23004 2021-01-17 14:19 usr/doc/zeromq-4.3.4/doc/zmq_bind.html
-rw-r--r-- root/root      3409 2021-01-03 22:46 usr/doc/zeromq-4.3.4/doc/zmq_bind.txt
-rw-r--r-- root/root      3252 2021-01-17 14:19 usr/doc/zeromq-4.3.4/doc/zmq_close.3
-rw-r--r-- root/root     19738 2021-01-17 14:19 usr/doc/zeromq-4.3.4/doc/zmq_close.html
-rw-r--r-- root/root      1708 2020-09-06 12:47 usr/doc/zeromq-4.3.4/doc/zmq_close.txt
-rw-r--r-- root/root      5893 2021-01-17 14:19 usr/doc/zeromq-4.3.4/doc/zmq_connect.3
-rw-r--r-- root/root     23319 2021-01-17 14:19 usr/doc/zeromq-4.3.4/doc/zmq_connect.html
-rw-r--r-- root/root      3868 2021-01-03 22:46 usr/doc/zeromq-4.3.4/doc/zmq_connect.txt
-rw-r--r-- root/root      4441 2021-01-17 14:19 usr/doc/zeromq-4.3.4/doc/zmq_connect_peer.3
-rw-r--r-- root/root     21814 2021-01-17 14:19 usr/doc/zeromq-4.3.4/doc/zmq_connect_peer.html
-rw-r--r-- root/root      2836 2021-01-03 22:46 usr/doc/zeromq-4.3.4/doc/zmq_connect_peer.txt
-rw-r--r-- root/root      4542 2021-01-17 14:19 usr/doc/zeromq-4.3.4/doc/zmq_ctx_get.3
-rw-r--r-- root/root     22321 2021-01-17 14:19 usr/doc/zeromq-4.3.4/doc/zmq_ctx_get.html
-rw-r--r-- root/root      3454 2021-01-03 22:46 usr/doc/zeromq-4.3.4/doc/zmq_ctx_get.txt
-rw-r--r-- root/root      2481 2021-01-17 14:19 usr/doc/zeromq-4.3.4/doc/zmq_ctx_new.3
-rw-r--r-- root/root     18983 2021-01-17 14:19 usr/doc/zeromq-4.3.4/doc/zmq_ctx_new.html
-rw-r--r-- root/root      1208 2021-01-03 22:46 usr/doc/zeromq-4.3.4/doc/zmq_ctx_new.txt
-rw-r--r-- root/root      8396 2021-01-17 14:19 usr/doc/zeromq-4.3.4/doc/zmq_ctx_set.3
-rw-r--r-- root/root     27733 2021-01-17 14:19 usr/doc/zeromq-4.3.4/doc/zmq_ctx_set.html
-rw-r--r-- root/root      6931 2021-01-03 22:46 usr/doc/zeromq-4.3.4/doc/zmq_ctx_set.txt
-rw-r--r-- root/root      2659 2021-01-17 14:19 usr/doc/zeromq-4.3.4/doc/zmq_ctx_shutdown.3
-rw-r--r-- root/root     19127 2021-01-17 14:19 usr/doc/zeromq-4.3.4/doc/zmq_ctx_shutdown.html
-rw-r--r-- root/root      1383 2021-01-03 22:46 usr/doc/zeromq-4.3.4/doc/zmq_ctx_shutdown.txt
-rw-r--r-- root/root      3439 2021-01-17 14:19 usr/doc/zeromq-4.3.4/doc/zmq_ctx_term.3
-rw-r--r-- root/root     19934 2021-01-17 14:19 usr/doc/zeromq-4.3.4/doc/zmq_ctx_term.html
-rw-r--r-- root/root      1833 2020-08-30 23:42 usr/doc/zeromq-4.3.4/doc/zmq_ctx_term.txt
-rw-r--r-- root/root      4241 2017-06-18 12:26 usr/doc/zeromq-4.3.4/doc/zmq_curve.7
-rw-r--r-- root/root     20949 2021-01-17 14:20 usr/doc/zeromq-4.3.4/doc/zmq_curve.html
-rw-r--r-- root/root      2893 2017-05-16 23:07 usr/doc/zeromq-4.3.4/doc/zmq_curve.txt
-rw-r--r-- root/root      2485 2021-01-17 14:19 usr/doc/zeromq-4.3.4/doc/zmq_curve_keypair.3
-rw-r--r-- root/root     18975 2021-01-17 14:20 usr/doc/zeromq-4.3.4/doc/zmq_curve_keypair.html
-rw-r--r-- root/root      1210 2020-08-30 23:42 usr/doc/zeromq-4.3.4/doc/zmq_curve_keypair.txt
-rw-r--r-- root/root      2717 2021-01-17 14:19 usr/doc/zeromq-4.3.4/doc/zmq_curve_public.3
-rw-r--r-- root/root     19242 2021-01-17 14:20 usr/doc/zeromq-4.3.4/doc/zmq_curve_public.html
-rw-r--r-- root/root      1442 2020-08-30 23:42 usr/doc/zeromq-4.3.4/doc/zmq_curve_public.txt
-rw-r--r-- root/root      3801 2021-01-17 14:19 usr/doc/zeromq-4.3.4/doc/zmq_disconnect.3
-rw-r--r-- root/root     20573 2021-01-17 14:19 usr/doc/zeromq-4.3.4/doc/zmq_disconnect.html
-rw-r--r-- root/root      2264 2020-09-06 12:47 usr/doc/zeromq-4.3.4/doc/zmq_disconnect.txt
-rw-r--r-- root/root      2528 2017-06-18 12:26 usr/doc/zeromq-4.3.4/doc/zmq_errno.3
-rw-r--r-- root/root     18795 2021-01-17 14:19 usr/doc/zeromq-4.3.4/doc/zmq_errno.html
-rw-r--r-- root/root      1156 2017-05-16 23:07 usr/doc/zeromq-4.3.4/doc/zmq_errno.txt
-rw-r--r-- root/root     45374 2021-01-17 14:19 usr/doc/zeromq-4.3.4/doc/zmq_getsockopt.3
-rw-r--r-- root/root     94623 2021-01-17 14:19 usr/doc/zeromq-4.3.4/doc/zmq_getsockopt.html
-rw-r--r-- root/root     38368 2021-01-16 15:15 usr/doc/zeromq-4.3.4/doc/zmq_getsockopt.txt
-rw-r--r-- root/root      3887 2021-01-17 14:19 usr/doc/zeromq-4.3.4/doc/zmq_gssapi.7
-rw-r--r-- root/root     20502 2021-01-17 14:20 usr/doc/zeromq-4.3.4/doc/zmq_gssapi.html
-rw-r--r-- root/root      2598 2020-09-06 12:47 usr/doc/zeromq-4.3.4/doc/zmq_gssapi.txt
-rw-r--r-- root/root      2985 2021-01-17 14:19 usr/doc/zeromq-4.3.4/doc/zmq_has.3
-rw-r--r-- root/root     18631 2021-01-17 14:20 usr/doc/zeromq-4.3.4/doc/zmq_has.html
-rw-r--r-- root/root      1198 2020-09-06 12:47 usr/doc/zeromq-4.3.4/doc/zmq_has.txt
-rw-r--r-- root/root      4180 2021-01-17 14:19 usr/doc/zeromq-4.3.4/doc/zmq_inproc.7
-rw-r--r-- root/root     20829 2021-01-17 14:20 usr/doc/zeromq-4.3.4/doc/zmq_inproc.html
-rw-r--r-- root/root      2657 2020-08-30 23:42 usr/doc/zeromq-4.3.4/doc/zmq_inproc.txt
-rw-r--r-- root/root      5703 2021-01-17 14:19 usr/doc/zeromq-4.3.4/doc/zmq_ipc.7
-rw-r--r-- root/root     22641 2021-01-17 14:20 usr/doc/zeromq-4.3.4/doc/zmq_ipc.html
-rw-r--r-- root/root      3675 2020-08-30 23:42 usr/doc/zeromq-4.3.4/doc/zmq_ipc.txt
-rw-r--r-- root/root      2815 2021-01-17 14:19 usr/doc/zeromq-4.3.4/doc/zmq_msg_close.3
-rw-r--r-- root/root     19316 2021-01-17 14:19 usr/doc/zeromq-4.3.4/doc/zmq_msg_close.html
-rw-r--r-- root/root      1429 2021-01-03 22:46 usr/doc/zeromq-4.3.4/doc/zmq_msg_close.txt
-rw-r--r-- root/root      3356 2021-01-17 14:19 usr/doc/zeromq-4.3.4/doc/zmq_msg_copy.3
-rw-r--r-- root/root     20003 2021-01-17 14:19 usr/doc/zeromq-4.3.4/doc/zmq_msg_copy.html
-rw-r--r-- root/root      1752 2021-01-03 22:46 usr/doc/zeromq-4.3.4/doc/zmq_msg_copy.txt
-rw-r--r-- root/root      2281 2021-01-17 14:19 usr/doc/zeromq-4.3.4/doc/zmq_msg_data.3
-rw-r--r-- root/root     18673 2021-01-17 14:19 usr/doc/zeromq-4.3.4/doc/zmq_msg_data.html
-rw-r--r-- root/root       929 2021-01-03 22:46 usr/doc/zeromq-4.3.4/doc/zmq_msg_data.txt
-rw-r--r-- root/root      3345 2021-01-17 14:19 usr/doc/zeromq-4.3.4/doc/zmq_msg_get.3
-rw-r--r-- root/root     20073 2021-01-17 14:19 usr/doc/zeromq-4.3.4/doc/zmq_msg_get.html
-rw-r--r-- root/root      1948 2020-08-30 23:42 usr/doc/zeromq-4.3.4/doc/zmq_msg_get.txt
-rw-r--r-- root/root      3855 2021-01-17 14:19 usr/doc/zeromq-4.3.4/doc/zmq_msg_gets.3
-rw-r--r-- root/root     20571 2021-01-17 14:19 usr/doc/zeromq-4.3.4/doc/zmq_msg_gets.html
-rw-r--r-- root/root      2394 2020-09-06 12:47 usr/doc/zeromq-4.3.4/doc/zmq_msg_gets.txt
-rw-r--r-- root/root      2899 2021-01-17 14:19 usr/doc/zeromq-4.3.4/doc/zmq_msg_init.3
-rw-r--r-- root/root     19469 2021-01-17 14:19 usr/doc/zeromq-4.3.4/doc/zmq_msg_init.html
-rw-r--r-- root/root      1343 2021-01-03 22:46 usr/doc/zeromq-4.3.4/doc/zmq_msg_init.txt
-rw-r--r-- root/root      3083 2021-01-17 14:19 usr/doc/zeromq-4.3.4/doc/zmq_msg_init_buffer.3
-rw-r--r-- root/root     19596 2021-01-17 14:19 usr/doc/zeromq-4.3.4/doc/zmq_msg_init_buffer.html
-rw-r--r-- root/root      1518 2021-01-03 22:46 usr/doc/zeromq-4.3.4/doc/zmq_msg_init_buffer.txt
-rw-r--r-- root/root      4211 2021-01-17 14:19 usr/doc/zeromq-4.3.4/doc/zmq_msg_init_data.3
-rw-r--r-- root/root     20929 2021-01-17 14:19 usr/doc/zeromq-4.3.4/doc/zmq_msg_init_data.html
-rw-r--r-- root/root      2248 2021-01-03 22:46 usr/doc/zeromq-4.3.4/doc/zmq_msg_init_data.txt
-rw-r--r-- root/root      3079 2021-01-17 14:19 usr/doc/zeromq-4.3.4/doc/zmq_msg_init_size.3
-rw-r--r-- root/root     19598 2021-01-17 14:19 usr/doc/zeromq-4.3.4/doc/zmq_msg_init_size.html
-rw-r--r-- root/root      1532 2021-01-03 22:46 usr/doc/zeromq-4.3.4/doc/zmq_msg_init_size.txt
-rw-r--r-- root/root      2771 2017-06-18 12:26 usr/doc/zeromq-4.3.4/doc/zmq_msg_more.3
-rw-r--r-- root/root     19112 2021-01-17 14:19 usr/doc/zeromq-4.3.4/doc/zmq_msg_more.html
-rw-r--r-- root/root      1486 2017-05-16 23:07 usr/doc/zeromq-4.3.4/doc/zmq_msg_more.txt
-rw-r--r-- root/root      2673 2021-01-17 14:19 usr/doc/zeromq-4.3.4/doc/zmq_msg_move.3
-rw-r--r-- root/root     19138 2021-01-17 14:19 usr/doc/zeromq-4.3.4/doc/zmq_msg_move.html
-rw-r--r-- root/root      1262 2021-01-03 22:46 usr/doc/zeromq-4.3.4/doc/zmq_msg_move.txt
-rw-r--r-- root/root      5644 2021-01-17 14:19 usr/doc/zeromq-4.3.4/doc/zmq_msg_recv.3
-rw-r--r-- root/root     22987 2021-01-17 14:19 usr/doc/zeromq-4.3.4/doc/zmq_msg_recv.html
-rw-r--r-- root/root      4056 2021-01-03 22:46 usr/doc/zeromq-4.3.4/doc/zmq_msg_recv.txt
-rw-r--r-- root/root      2690 2021-01-17 14:19 usr/doc/zeromq-4.3.4/doc/zmq_msg_routing_id.3
-rw-r--r-- root/root     18938 2021-01-17 14:19 usr/doc/zeromq-4.3.4/doc/zmq_msg_routing_id.html
-rw-r--r-- root/root      1389 2020-08-30 23:42 usr/doc/zeromq-4.3.4/doc/zmq_msg_routing_id.txt
-rw-r--r-- root/root      6348 2021-01-17 14:19 usr/doc/zeromq-4.3.4/doc/zmq_msg_send.3
-rw-r--r-- root/root     23764 2021-01-17 14:19 usr/doc/zeromq-4.3.4/doc/zmq_msg_send.html
-rw-r--r-- root/root      4511 2021-01-03 22:46 usr/doc/zeromq-4.3.4/doc/zmq_msg_send.txt
-rw-r--r-- root/root      2230 2017-06-18 12:26 usr/doc/zeromq-4.3.4/doc/zmq_msg_set.3
-rw-r--r-- root/root     18542 2021-01-17 14:19 usr/doc/zeromq-4.3.4/doc/zmq_msg_set.html
-rw-r--r-- root/root       934 2017-05-16 23:07 usr/doc/zeromq-4.3.4/doc/zmq_msg_set.txt
-rw-r--r-- root/root      2333 2021-01-17 14:19 usr/doc/zeromq-4.3.4/doc/zmq_msg_set_routing_id.3
-rw-r--r-- root/root     18625 2021-01-17 14:19 usr/doc/zeromq-4.3.4/doc/zmq_msg_set_routing_id.html
-rw-r--r-- root/root      1052 2020-08-30 23:42 usr/doc/zeromq-4.3.4/doc/zmq_msg_set_routing_id.txt
-rw-r--r-- root/root      2293 2021-01-17 14:19 usr/doc/zeromq-4.3.4/doc/zmq_msg_size.3
-rw-r--r-- root/root     18685 2021-01-17 14:19 usr/doc/zeromq-4.3.4/doc/zmq_msg_size.html
-rw-r--r-- root/root       941 2021-01-03 22:46 usr/doc/zeromq-4.3.4/doc/zmq_msg_size.txt
-rw-r--r-- root/root      1714 2017-06-18 12:26 usr/doc/zeromq-4.3.4/doc/zmq_null.7
-rw-r--r-- root/root     17609 2021-01-17 14:20 usr/doc/zeromq-4.3.4/doc/zmq_null.html
-rw-r--r-- root/root       494 2017-05-16 23:07 usr/doc/zeromq-4.3.4/doc/zmq_null.txt
-rw-r--r-- root/root      9061 2021-01-17 14:19 usr/doc/zeromq-4.3.4/doc/zmq_pgm.7
-rw-r--r-- root/root     25988 2021-01-17 14:20 usr/doc/zeromq-4.3.4/doc/zmq_pgm.html
-rw-r--r-- root/root      6446 2020-09-06 12:47 usr/doc/zeromq-4.3.4/doc/zmq_pgm.txt
-rw-r--r-- root/root      2136 2017-06-18 12:26 usr/doc/zeromq-4.3.4/doc/zmq_plain.7
-rw-r--r-- root/root     18169 2021-01-17 14:20 usr/doc/zeromq-4.3.4/doc/zmq_plain.html
-rw-r--r-- root/root       914 2017-05-16 23:07 usr/doc/zeromq-4.3.4/doc/zmq_plain.txt
-rw-r--r-- root/root      6929 2021-01-17 14:19 usr/doc/zeromq-4.3.4/doc/zmq_poll.3
-rw-r--r-- root/root     24405 2021-01-17 14:19 usr/doc/zeromq-4.3.4/doc/zmq_poll.html
-rw-r--r-- root/root      5029 2021-01-03 22:46 usr/doc/zeromq-4.3.4/doc/zmq_poll.txt
-rw-r--r-- root/root     15299 2021-01-17 14:19 usr/doc/zeromq-4.3.4/doc/zmq_poller.3
-rw-r--r-- root/root     34185 2021-01-17 14:20 usr/doc/zeromq-4.3.4/doc/zmq_poller.html
-rw-r--r-- root/root     12473 2021-01-03 22:46 usr/doc/zeromq-4.3.4/doc/zmq_poller.txt
-rw-r--r-- root/root      4535 2021-01-17 14:19 usr/doc/zeromq-4.3.4/doc/zmq_proxy.3
-rw-r--r-- root/root     21387 2021-01-17 14:19 usr/doc/zeromq-4.3.4/doc/zmq_proxy.html
-rw-r--r-- root/root      3148 2021-01-03 22:46 usr/doc/zeromq-4.3.4/doc/zmq_proxy.txt
-rw-r--r-- root/root      5499 2021-01-17 14:19 usr/doc/zeromq-4.3.4/doc/zmq_proxy_steerable.3
-rw-r--r-- root/root     22214 2021-01-17 14:19 usr/doc/zeromq-4.3.4/doc/zmq_proxy_steerable.html
-rw-r--r-- root/root      4069 2021-01-03 22:46 usr/doc/zeromq-4.3.4/doc/zmq_proxy_steerable.txt
-rw-r--r-- root/root      4613 2021-01-17 14:19 usr/doc/zeromq-4.3.4/doc/zmq_recv.3
-rw-r--r-- root/root     21682 2021-01-17 14:19 usr/doc/zeromq-4.3.4/doc/zmq_recv.html
-rw-r--r-- root/root      3080 2021-01-03 22:46 usr/doc/zeromq-4.3.4/doc/zmq_recv.txt
-rw-r--r-- root/root      5591 2021-01-17 14:19 usr/doc/zeromq-4.3.4/doc/zmq_recvmsg.3
-rw-r--r-- root/root     22863 2021-01-17 14:19 usr/doc/zeromq-4.3.4/doc/zmq_recvmsg.html
-rw-r--r-- root/root      3889 2021-01-03 22:46 usr/doc/zeromq-4.3.4/doc/zmq_recvmsg.txt
-rw-r--r-- root/root      4959 2021-01-17 14:19 usr/doc/zeromq-4.3.4/doc/zmq_send.3
-rw-r--r-- root/root     22105 2021-01-17 14:19 usr/doc/zeromq-4.3.4/doc/zmq_send.html
-rw-r--r-- root/root      3261 2021-01-03 22:46 usr/doc/zeromq-4.3.4/doc/zmq_send.txt
-rw-r--r-- root/root      5055 2021-01-17 14:19 usr/doc/zeromq-4.3.4/doc/zmq_send_const.3
-rw-r--r-- root/root     22142 2021-01-17 14:19 usr/doc/zeromq-4.3.4/doc/zmq_send_const.html
-rw-r--r-- root/root      3371 2021-01-03 22:46 usr/doc/zeromq-4.3.4/doc/zmq_send_const.txt
-rw-r--r-- root/root      5870 2021-01-17 14:19 usr/doc/zeromq-4.3.4/doc/zmq_sendmsg.3
-rw-r--r-- root/root     23170 2021-01-17 14:19 usr/doc/zeromq-4.3.4/doc/zmq_sendmsg.html
-rw-r--r-- root/root      3948 2021-01-03 22:46 usr/doc/zeromq-4.3.4/doc/zmq_sendmsg.txt
-rw-r--r-- root/root     72861 2021-01-17 14:19 usr/doc/zeromq-4.3.4/doc/zmq_setsockopt.3
-rw-r--r-- root/root    136317 2021-01-17 14:19 usr/doc/zeromq-4.3.4/doc/zmq_setsockopt.html
-rw-r--r-- root/root     61815 2021-01-16 16:41 usr/doc/zeromq-4.3.4/doc/zmq_setsockopt.txt
-rw-r--r-- root/root     38856 2021-01-17 14:19 usr/doc/zeromq-4.3.4/doc/zmq_socket.3
-rw-r--r-- root/root     67027 2021-01-17 14:19 usr/doc/zeromq-4.3.4/doc/zmq_socket.html
-rw-r--r-- root/root     29360 2021-01-03 22:46 usr/doc/zeromq-4.3.4/doc/zmq_socket.txt
-rw-r--r-- root/root     11311 2021-01-17 14:19 usr/doc/zeromq-4.3.4/doc/zmq_socket_monitor.3
-rw-r--r-- root/root     29602 2021-01-17 14:19 usr/doc/zeromq-4.3.4/doc/zmq_socket_monitor.html
-rw-r--r-- root/root      9979 2020-09-06 12:47 usr/doc/zeromq-4.3.4/doc/zmq_socket_monitor.txt
-rw-r--r-- root/root     16208 2021-01-17 14:19 usr/doc/zeromq-4.3.4/doc/zmq_socket_monitor_versioned.3
-rw-r--r-- root/root     33745 2021-01-17 14:19 usr/doc/zeromq-4.3.4/doc/zmq_socket_monitor_versioned.html
-rw-r--r-- root/root     14374 2020-09-06 12:47 usr/doc/zeromq-4.3.4/doc/zmq_socket_monitor_versioned.txt
-rw-r--r-- root/root      2389 2017-06-18 12:26 usr/doc/zeromq-4.3.4/doc/zmq_strerror.3
-rw-r--r-- root/root     18722 2021-01-17 14:19 usr/doc/zeromq-4.3.4/doc/zmq_strerror.html
-rw-r--r-- root/root      1099 2017-05-16 23:07 usr/doc/zeromq-4.3.4/doc/zmq_strerror.txt
-rw-r--r-- root/root      6870 2021-01-17 14:19 usr/doc/zeromq-4.3.4/doc/zmq_tcp.7
-rw-r--r-- root/root     23730 2021-01-17 14:20 usr/doc/zeromq-4.3.4/doc/zmq_tcp.html
-rw-r--r-- root/root      4882 2020-09-06 12:47 usr/doc/zeromq-4.3.4/doc/zmq_tcp.txt
-rw-r--r-- root/root      6817 2021-01-17 14:19 usr/doc/zeromq-4.3.4/doc/zmq_timers.3
-rw-r--r-- root/root     24075 2021-01-17 14:20 usr/doc/zeromq-4.3.4/doc/zmq_timers.html
-rw-r--r-- root/root      4936 2020-09-06 12:47 usr/doc/zeromq-4.3.4/doc/zmq_timers.txt
-rw-r--r-- root/root      3575 2021-01-17 14:19 usr/doc/zeromq-4.3.4/doc/zmq_tipc.7
-rw-r--r-- root/root     20150 2021-01-17 14:20 usr/doc/zeromq-4.3.4/doc/zmq_tipc.html
-rw-r--r-- root/root      2096 2020-08-30 23:42 usr/doc/zeromq-4.3.4/doc/zmq_tipc.txt
-rw-r--r-- root/root      5074 2021-01-17 14:19 usr/doc/zeromq-4.3.4/doc/zmq_udp.7
-rw-r--r-- root/root     21556 2021-01-17 14:20 usr/doc/zeromq-4.3.4/doc/zmq_udp.html
-rw-r--r-- root/root      3442 2020-09-06 12:47 usr/doc/zeromq-4.3.4/doc/zmq_udp.txt
-rw-r--r-- root/root      4343 2021-01-17 14:19 usr/doc/zeromq-4.3.4/doc/zmq_unbind.3
-rw-r--r-- root/root     21449 2021-01-17 14:19 usr/doc/zeromq-4.3.4/doc/zmq_unbind.html
-rw-r--r-- root/root      2924 2021-01-03 22:46 usr/doc/zeromq-4.3.4/doc/zmq_unbind.txt
-rw-r--r-- root/root      2399 2017-06-18 12:26 usr/doc/zeromq-4.3.4/doc/zmq_version.3
-rw-r--r-- root/root     18751 2021-01-17 14:19 usr/doc/zeromq-4.3.4/doc/zmq_version.html
-rw-r--r-- root/root      1073 2017-05-16 23:07 usr/doc/zeromq-4.3.4/doc/zmq_version.txt
-rw-r--r-- root/root      4621 2021-01-17 14:19 usr/doc/zeromq-4.3.4/doc/zmq_vmci.7
-rw-r--r-- root/root     21359 2021-01-17 14:20 usr/doc/zeromq-4.3.4/doc/zmq_vmci.html
-rw-r--r-- root/root      2832 2020-08-30 23:42 usr/doc/zeromq-4.3.4/doc/zmq_vmci.txt
-rw-r--r-- root/root      2343 2021-01-17 14:19 usr/doc/zeromq-4.3.4/doc/zmq_z85_decode.3
-rw-r--r-- root/root     18698 2021-01-17 14:20 usr/doc/zeromq-4.3.4/doc/zmq_z85_decode.html
-rw-r--r-- root/root      1058 2020-08-30 23:42 usr/doc/zeromq-4.3.4/doc/zmq_z85_decode.txt
-rw-r--r-- root/root      2583 2021-01-17 14:19 usr/doc/zeromq-4.3.4/doc/zmq_z85_encode.3
-rw-r--r-- root/root     18945 2021-01-17 14:20 usr/doc/zeromq-4.3.4/doc/zmq_z85_encode.html
-rw-r--r-- root/root      1297 2020-08-30 23:42 usr/doc/zeromq-4.3.4/doc/zmq_z85_encode.txt
-rw-r--r-- root/root      4000 2021-01-18 09:05 usr/doc/zeromq-4.3.4/zeromq.SlackBuild
drwxr-xr-x root/root         0 2021-01-18 09:05 usr/include/
-rw-r--r-- root/root     30485 2021-01-18 09:05 usr/include/zmq.h
-rw-r--r-- root/root     58317 2021-01-18 09:05 usr/include/zmq.hpp
-rw-r--r-- root/root     18001 2021-01-18 09:05 usr/include/zmq_addon.hpp
-rw-r--r-- root/root      2401 2021-01-18 09:05 usr/include/zmq_utils.h
drwxr-xr-x root/root         0 2021-01-18 09:05 usr/lib64/
-rwxr-xr-x root/root    687752 2021-01-18 09:05 usr/lib64/libzmq.so.5.2.4
drwxr-xr-x root/root         0 2021-01-18 09:05 usr/lib64/pkgconfig/
-rw-r--r-- root/root       271 2021-01-18 09:05 usr/lib64/pkgconfig/libzmq.pc
drwxr-xr-x root/root         0 2021-01-18 09:05 usr/man/
drwxr-xr-x root/root         0 2021-01-18 09:05 usr/man/man3/
-rw-r--r-- root/root      1010 2021-01-18 09:05 usr/man/man3/zmq_atomic_counter_dec.3.gz
-rw-r--r-- root/root      1053 2021-01-18 09:05 usr/man/man3/zmq_atomic_counter_destroy.3.gz
-rw-r--r-- root/root       991 2021-01-18 09:05 usr/man/man3/zmq_atomic_counter_inc.3.gz
-rw-r--r-- root/root      1064 2021-01-18 09:05 usr/man/man3/zmq_atomic_counter_new.3.gz
-rw-r--r-- root/root      1023 2021-01-18 09:05 usr/man/man3/zmq_atomic_counter_set.3.gz
-rw-r--r-- root/root      1016 2021-01-18 09:05 usr/man/man3/zmq_atomic_counter_value.3.gz
-rw-r--r-- root/root      2038 2021-01-18 09:05 usr/man/man3/zmq_bind.3.gz
-rw-r--r-- root/root      1375 2021-01-18 09:05 usr/man/man3/zmq_close.3.gz
-rw-r--r-- root/root      2262 2021-01-18 09:05 usr/man/man3/zmq_connect.3.gz
-rw-r--r-- root/root      1717 2021-01-18 09:05 usr/man/man3/zmq_connect_peer.3.gz
-rw-r--r-- root/root      1741 2021-01-18 09:05 usr/man/man3/zmq_ctx_get.3.gz
-rw-r--r-- root/root      1057 2021-01-18 09:05 usr/man/man3/zmq_ctx_new.3.gz
-rw-r--r-- root/root      2671 2021-01-18 09:05 usr/man/man3/zmq_ctx_set.3.gz
-rw-r--r-- root/root      1134 2021-01-18 09:05 usr/man/man3/zmq_ctx_shutdown.3.gz
-rw-r--r-- root/root      1424 2021-01-18 09:05 usr/man/man3/zmq_ctx_term.3.gz
-rw-r--r-- root/root      1113 2021-01-18 09:05 usr/man/man3/zmq_curve_keypair.3.gz
-rw-r--r-- root/root      1143 2021-01-18 09:05 usr/man/man3/zmq_curve_public.3.gz
-rw-r--r-- root/root      1614 2021-01-18 09:05 usr/man/man3/zmq_disconnect.3.gz
-rw-r--r-- root/root      1052 2021-01-18 09:05 usr/man/man3/zmq_errno.3.gz
-rw-r--r-- root/root      8826 2021-01-18 09:05 usr/man/man3/zmq_getsockopt.3.gz
-rw-r--r-- root/root      1078 2021-01-18 09:05 usr/man/man3/zmq_has.3.gz
-rw-r--r-- root/root      1217 2021-01-18 09:05 usr/man/man3/zmq_msg_close.3.gz
-rw-r--r-- root/root      1382 2021-01-18 09:05 usr/man/man3/zmq_msg_copy.3.gz
-rw-r--r-- root/root       984 2021-01-18 09:05 usr/man/man3/zmq_msg_data.3.gz
-rw-r--r-- root/root      1428 2021-01-18 09:05 usr/man/man3/zmq_msg_get.3.gz
-rw-r--r-- root/root      1646 2021-01-18 09:05 usr/man/man3/zmq_msg_gets.3.gz
-rw-r--r-- root/root      1185 2021-01-18 09:05 usr/man/man3/zmq_msg_init.3.gz
-rw-r--r-- root/root      1255 2021-01-18 09:05 usr/man/man3/zmq_msg_init_buffer.3.gz
-rw-r--r-- root/root      1587 2021-01-18 09:05 usr/man/man3/zmq_msg_init_data.3.gz
-rw-r--r-- root/root      1264 2021-01-18 09:05 usr/man/man3/zmq_msg_init_size.3.gz
-rw-r--r-- root/root      1169 2021-01-18 09:05 usr/man/man3/zmq_msg_more.3.gz
-rw-r--r-- root/root      1151 2021-01-18 09:05 usr/man/man3/zmq_msg_move.3.gz
-rw-r--r-- root/root      2138 2021-01-18 09:05 usr/man/man3/zmq_msg_recv.3.gz
-rw-r--r-- root/root      1143 2021-01-18 09:05 usr/man/man3/zmq_msg_routing_id.3.gz
-rw-r--r-- root/root      2498 2021-01-18 09:05 usr/man/man3/zmq_msg_send.3.gz
-rw-r--r-- root/root       948 2021-01-18 09:05 usr/man/man3/zmq_msg_set.3.gz
-rw-r--r-- root/root      1017 2021-01-18 09:05 usr/man/man3/zmq_msg_set_routing_id.3.gz
-rw-r--r-- root/root       992 2021-01-18 09:05 usr/man/man3/zmq_msg_size.3.gz
-rw-r--r-- root/root      2567 2021-01-18 09:05 usr/man/man3/zmq_poll.3.gz
-rw-r--r-- root/root      4401 2021-01-18 09:05 usr/man/man3/zmq_poller.3.gz
-rw-r--r-- root/root      1834 2021-01-18 09:05 usr/man/man3/zmq_proxy.3.gz
-rw-r--r-- root/root      2024 2021-01-18 09:05 usr/man/man3/zmq_proxy_steerable.3.gz
-rw-r--r-- root/root      1838 2021-01-18 09:05 usr/man/man3/zmq_recv.3.gz
-rw-r--r-- root/root      2153 2021-01-18 09:05 usr/man/man3/zmq_recvmsg.3.gz
-rw-r--r-- root/root      2051 2021-01-18 09:05 usr/man/man3/zmq_send.3.gz
-rw-r--r-- root/root      2078 2021-01-18 09:05 usr/man/man3/zmq_send_const.3.gz
-rw-r--r-- root/root      2327 2021-01-18 09:05 usr/man/man3/zmq_sendmsg.3.gz
-rw-r--r-- root/root     14117 2021-01-18 09:05 usr/man/man3/zmq_setsockopt.3.gz
-rw-r--r-- root/root      7798 2021-01-18 09:05 usr/man/man3/zmq_socket.3.gz
-rw-r--r-- root/root      3507 2021-01-18 09:05 usr/man/man3/zmq_socket_monitor.3.gz
-rw-r--r-- root/root      4786 2021-01-18 09:05 usr/man/man3/zmq_socket_monitor_versioned.3.gz
-rw-r--r-- root/root      1046 2021-01-18 09:05 usr/man/man3/zmq_strerror.3.gz
-rw-r--r-- root/root      2251 2021-01-18 09:05 usr/man/man3/zmq_timers.3.gz
-rw-r--r-- root/root      1708 2021-01-18 09:05 usr/man/man3/zmq_unbind.3.gz
-rw-r--r-- root/root      1047 2021-01-18 09:05 usr/man/man3/zmq_version.3.gz
-rw-r--r-- root/root      1051 2021-01-18 09:05 usr/man/man3/zmq_z85_decode.3.gz
-rw-r--r-- root/root      1150 2021-01-18 09:05 usr/man/man3/zmq_z85_encode.3.gz
drwxr-xr-x root/root         0 2021-01-18 09:05 usr/man/man7/
-rw-r--r-- root/root      3699 2021-01-18 09:05 usr/man/man7/zmq.7.gz
-rw-r--r-- root/root      1905 2021-01-18 09:05 usr/man/man7/zmq_curve.7.gz
-rw-r--r-- root/root      1525 2021-01-18 09:05 usr/man/man7/zmq_gssapi.7.gz
-rw-r--r-- root/root      1568 2021-01-18 09:05 usr/man/man7/zmq_inproc.7.gz
-rw-r--r-- root/root      1987 2021-01-18 09:05 usr/man/man7/zmq_ipc.7.gz
-rw-r--r-- root/root       737 2021-01-18 09:05 usr/man/man7/zmq_null.7.gz
-rw-r--r-- root/root      3032 2021-01-18 09:05 usr/man/man7/zmq_pgm.7.gz
-rw-r--r-- root/root       940 2021-01-18 09:05 usr/man/man7/zmq_plain.7.gz
-rw-r--r-- root/root      2365 2021-01-18 09:05 usr/man/man7/zmq_tcp.7.gz
-rw-r--r-- root/root      1412 2021-01-18 09:05 usr/man/man7/zmq_tipc.7.gz
-rw-r--r-- root/root      1743 2021-01-18 09:05 usr/man/man7/zmq_udp.7.gz
-rw-r--r-- root/root      1721 2021-01-18 09:05 usr/man/man7/zmq_vmci.7.gz


