++========================================
||
||   Package:  ./neochat/neochat-1.2.0-x86_64-4cf.txz
||
++========================================
drwxr-xr-x root/root         0 2021-09-28 18:00 ./
drwxr-xr-x root/root         0 2021-09-28 18:00 install/
-rw-r--r-- root/root       394 2021-09-28 18:00 install/doinst.sh
-rw-r--r-- root/root       693 2021-09-28 18:00 install/slack-desc
drwxr-xr-x root/root         0 2021-09-28 18:00 usr/
drwxr-xr-x root/root         0 2021-09-28 18:00 usr/bin/
-rwxr-xr-x root/root   2376416 2021-09-28 18:00 usr/bin/neochat
drwxr-xr-x root/root         0 2021-09-28 18:00 usr/doc/
drwxr-xr-x root/root         0 2021-09-28 18:00 usr/doc/neochat-1.2.0/
-rw-r--r-- root/root      1288 2021-05-31 20:27 usr/doc/neochat-1.2.0/BSD-2-Clause.txt
-rw-r--r-- root/root      6916 2021-05-31 20:27 usr/doc/neochat-1.2.0/CC0-1.0.txt
-rw-r--r-- root/root     17623 2021-05-31 20:27 usr/doc/neochat-1.2.0/GPL-2.0-only.txt
-rw-r--r-- root/root     17622 2021-05-31 20:27 usr/doc/neochat-1.2.0/GPL-2.0-or-later.txt
-rw-r--r-- root/root     34470 2021-05-31 20:27 usr/doc/neochat-1.2.0/GPL-3.0-only.txt
-rw-r--r-- root/root     34470 2021-05-31 20:27 usr/doc/neochat-1.2.0/GPL-3.0-or-later.txt
-rw-r--r-- root/root     25906 2021-05-31 20:27 usr/doc/neochat-1.2.0/LGPL-2.1-or-later.txt
-rw-r--r-- root/root      7431 2021-05-31 20:27 usr/doc/neochat-1.2.0/LGPL-3.0-only.txt
-rw-r--r-- root/root       665 2021-05-31 20:27 usr/doc/neochat-1.2.0/LicenseRef-KDE-Accepted-LGPL.txt
-rw-r--r-- root/root      2770 2021-05-31 20:27 usr/doc/neochat-1.2.0/README.md
-rw-r--r-- root/root      4075 2021-09-28 18:00 usr/doc/neochat-1.2.0/neochat.SlackBuild
drwxr-xr-x root/root         0 2021-09-28 18:00 usr/share/
drwxr-xr-x root/root         0 2021-09-28 18:00 usr/share/applications/
-rw-r--r-- root/root      2429 2021-05-31 20:27 usr/share/applications/org.kde.neochat.desktop
drwxr-xr-x root/root         0 2021-09-28 18:00 usr/share/icons/
drwxr-xr-x root/root         0 2021-09-28 18:00 usr/share/icons/hicolor/
drwxr-xr-x root/root         0 2021-09-28 18:00 usr/share/icons/hicolor/16x16/
drwxr-xr-x root/root         0 2021-09-28 18:00 usr/share/icons/hicolor/16x16/apps/
-rw-r--r-- root/root      1007 2021-05-31 20:27 usr/share/icons/hicolor/16x16/apps/org.kde.neochat.svg
drwxr-xr-x root/root         0 2021-09-28 18:00 usr/share/icons/hicolor/16x16@2/
drwxr-xr-x root/root         0 2021-09-28 18:00 usr/share/icons/hicolor/16x16@2/apps/
-rw-r--r-- root/root      1007 2021-05-31 20:27 usr/share/icons/hicolor/16x16@2/apps/org.kde.neochat.svg
drwxr-xr-x root/root         0 2021-09-28 18:00 usr/share/icons/hicolor/16x16@3/
drwxr-xr-x root/root         0 2021-09-28 18:00 usr/share/icons/hicolor/16x16@3/apps/
-rw-r--r-- root/root      1007 2021-05-31 20:27 usr/share/icons/hicolor/16x16@3/apps/org.kde.neochat.svg
drwxr-xr-x root/root         0 2021-09-28 18:00 usr/share/icons/hicolor/scalable/
drwxr-xr-x root/root         0 2021-09-28 18:00 usr/share/icons/hicolor/scalable/apps/
-rw-r--r-- root/root      3192 2021-05-31 20:27 usr/share/icons/hicolor/scalable/apps/org.kde.neochat.svg
drwxr-xr-x root/root         0 2021-09-28 18:00 usr/share/icons/hicolor/symbolic/
drwxr-xr-x root/root         0 2021-09-28 18:00 usr/share/icons/hicolor/symbolic/apps/
-rw-r--r-- root/root      1007 2021-05-31 20:27 usr/share/icons/hicolor/symbolic/apps/org.kde.neochat-symbolic.svg
drwxr-xr-x root/root         0 2021-09-28 18:00 usr/share/knotifications5/
-rw-r--r-- root/root      3671 2021-05-31 20:27 usr/share/knotifications5/neochat.notifyrc
drwxr-xr-x root/root         0 2021-09-28 18:00 usr/share/locale/
drwxr-xr-x root/root         0 2021-09-28 18:00 usr/share/locale/az/
drwxr-xr-x root/root         0 2021-09-28 18:00 usr/share/locale/az/LC_MESSAGES/
-rw-r--r-- root/root     18845 2021-09-28 18:00 usr/share/locale/az/LC_MESSAGES/neochat.mo
drwxr-xr-x root/root         0 2021-09-28 18:00 usr/share/locale/ca/
drwxr-xr-x root/root         0 2021-09-28 18:00 usr/share/locale/ca/LC_MESSAGES/
-rw-r--r-- root/root     18667 2021-09-28 18:00 usr/share/locale/ca/LC_MESSAGES/neochat.mo
drwxr-xr-x root/root         0 2021-09-28 18:00 usr/share/locale/ca@valencia/
drwxr-xr-x root/root         0 2021-09-28 18:00 usr/share/locale/ca@valencia/LC_MESSAGES/
-rw-r--r-- root/root     18663 2021-09-28 18:00 usr/share/locale/ca@valencia/LC_MESSAGES/neochat.mo
drwxr-xr-x root/root         0 2021-09-28 18:00 usr/share/locale/cs/
drwxr-xr-x root/root         0 2021-09-28 18:00 usr/share/locale/cs/LC_MESSAGES/
-rw-r--r-- root/root      5761 2021-09-28 18:00 usr/share/locale/cs/LC_MESSAGES/neochat.mo
drwxr-xr-x root/root         0 2021-09-28 18:00 usr/share/locale/da/
drwxr-xr-x root/root         0 2021-09-28 18:00 usr/share/locale/da/LC_MESSAGES/
-rw-r--r-- root/root      3744 2021-09-28 18:00 usr/share/locale/da/LC_MESSAGES/neochat.mo
drwxr-xr-x root/root         0 2021-09-28 18:00 usr/share/locale/de/
drwxr-xr-x root/root         0 2021-09-28 18:00 usr/share/locale/de/LC_MESSAGES/
-rw-r--r-- root/root     15500 2021-09-28 18:00 usr/share/locale/de/LC_MESSAGES/neochat.mo
drwxr-xr-x root/root         0 2021-09-28 18:00 usr/share/locale/en_GB/
drwxr-xr-x root/root         0 2021-09-28 18:00 usr/share/locale/en_GB/LC_MESSAGES/
-rw-r--r-- root/root     14233 2021-09-28 18:00 usr/share/locale/en_GB/LC_MESSAGES/neochat.mo
drwxr-xr-x root/root         0 2021-09-28 18:00 usr/share/locale/es/
drwxr-xr-x root/root         0 2021-09-28 18:00 usr/share/locale/es/LC_MESSAGES/
-rw-r--r-- root/root     18689 2021-09-28 18:00 usr/share/locale/es/LC_MESSAGES/neochat.mo
drwxr-xr-x root/root         0 2021-09-28 18:00 usr/share/locale/eu/
drwxr-xr-x root/root         0 2021-09-28 18:00 usr/share/locale/eu/LC_MESSAGES/
-rw-r--r-- root/root     15172 2021-09-28 18:00 usr/share/locale/eu/LC_MESSAGES/neochat.mo
drwxr-xr-x root/root         0 2021-09-28 18:00 usr/share/locale/fi/
drwxr-xr-x root/root         0 2021-09-28 18:00 usr/share/locale/fi/LC_MESSAGES/
-rw-r--r-- root/root     17774 2021-09-28 18:00 usr/share/locale/fi/LC_MESSAGES/neochat.mo
drwxr-xr-x root/root         0 2021-09-28 18:00 usr/share/locale/fr/
drwxr-xr-x root/root         0 2021-09-28 18:00 usr/share/locale/fr/LC_MESSAGES/
-rw-r--r-- root/root     18725 2021-09-28 18:00 usr/share/locale/fr/LC_MESSAGES/neochat.mo
drwxr-xr-x root/root         0 2021-09-28 18:00 usr/share/locale/hu/
drwxr-xr-x root/root         0 2021-09-28 18:00 usr/share/locale/hu/LC_MESSAGES/
-rw-r--r-- root/root     11890 2021-09-28 18:00 usr/share/locale/hu/LC_MESSAGES/neochat.mo
drwxr-xr-x root/root         0 2021-09-28 18:00 usr/share/locale/ia/
drwxr-xr-x root/root         0 2021-09-28 18:00 usr/share/locale/ia/LC_MESSAGES/
-rw-r--r-- root/root     18130 2021-09-28 18:00 usr/share/locale/ia/LC_MESSAGES/neochat.mo
drwxr-xr-x root/root         0 2021-09-28 18:00 usr/share/locale/it/
drwxr-xr-x root/root         0 2021-09-28 18:00 usr/share/locale/it/LC_MESSAGES/
-rw-r--r-- root/root     18564 2021-09-28 18:00 usr/share/locale/it/LC_MESSAGES/neochat.mo
drwxr-xr-x root/root         0 2021-09-28 18:00 usr/share/locale/ko/
drwxr-xr-x root/root         0 2021-09-28 18:00 usr/share/locale/ko/LC_MESSAGES/
-rw-r--r-- root/root     18784 2021-09-28 18:00 usr/share/locale/ko/LC_MESSAGES/neochat.mo
drwxr-xr-x root/root         0 2021-09-28 18:00 usr/share/locale/nl/
drwxr-xr-x root/root         0 2021-09-28 18:00 usr/share/locale/nl/LC_MESSAGES/
-rw-r--r-- root/root     18411 2021-09-28 18:00 usr/share/locale/nl/LC_MESSAGES/neochat.mo
drwxr-xr-x root/root         0 2021-09-28 18:00 usr/share/locale/nn/
drwxr-xr-x root/root         0 2021-09-28 18:00 usr/share/locale/nn/LC_MESSAGES/
-rw-r--r-- root/root     15646 2021-09-28 18:00 usr/share/locale/nn/LC_MESSAGES/neochat.mo
drwxr-xr-x root/root         0 2021-09-28 18:00 usr/share/locale/pa/
drwxr-xr-x root/root         0 2021-09-28 18:00 usr/share/locale/pa/LC_MESSAGES/
-rw-r--r-- root/root     16555 2021-09-28 18:00 usr/share/locale/pa/LC_MESSAGES/neochat.mo
drwxr-xr-x root/root         0 2021-09-28 18:00 usr/share/locale/pl/
drwxr-xr-x root/root         0 2021-09-28 18:00 usr/share/locale/pl/LC_MESSAGES/
-rw-r--r-- root/root     18609 2021-09-28 18:00 usr/share/locale/pl/LC_MESSAGES/neochat.mo
drwxr-xr-x root/root         0 2021-09-28 18:00 usr/share/locale/pt/
drwxr-xr-x root/root         0 2021-09-28 18:00 usr/share/locale/pt/LC_MESSAGES/
-rw-r--r-- root/root     11183 2021-09-28 18:00 usr/share/locale/pt/LC_MESSAGES/neochat.mo
drwxr-xr-x root/root         0 2021-09-28 18:00 usr/share/locale/pt_BR/
drwxr-xr-x root/root         0 2021-09-28 18:00 usr/share/locale/pt_BR/LC_MESSAGES/
-rw-r--r-- root/root     15058 2021-09-28 18:00 usr/share/locale/pt_BR/LC_MESSAGES/neochat.mo
drwxr-xr-x root/root         0 2021-09-28 18:00 usr/share/locale/sk/
drwxr-xr-x root/root         0 2021-09-28 18:00 usr/share/locale/sk/LC_MESSAGES/
-rw-r--r-- root/root     11448 2021-09-28 18:00 usr/share/locale/sk/LC_MESSAGES/neochat.mo
drwxr-xr-x root/root         0 2021-09-28 18:00 usr/share/locale/sl/
drwxr-xr-x root/root         0 2021-09-28 18:00 usr/share/locale/sl/LC_MESSAGES/
-rw-r--r-- root/root     17988 2021-09-28 18:00 usr/share/locale/sl/LC_MESSAGES/neochat.mo
drwxr-xr-x root/root         0 2021-09-28 18:00 usr/share/locale/sv/
drwxr-xr-x root/root         0 2021-09-28 18:00 usr/share/locale/sv/LC_MESSAGES/
-rw-r--r-- root/root     17955 2021-09-28 18:00 usr/share/locale/sv/LC_MESSAGES/neochat.mo
drwxr-xr-x root/root         0 2021-09-28 18:00 usr/share/locale/ta/
drwxr-xr-x root/root         0 2021-09-28 18:00 usr/share/locale/ta/LC_MESSAGES/
-rw-r--r-- root/root     28663 2021-09-28 18:00 usr/share/locale/ta/LC_MESSAGES/neochat.mo
drwxr-xr-x root/root         0 2021-09-28 18:00 usr/share/locale/uk/
drwxr-xr-x root/root         0 2021-09-28 18:00 usr/share/locale/uk/LC_MESSAGES/
-rw-r--r-- root/root     24158 2021-09-28 18:00 usr/share/locale/uk/LC_MESSAGES/neochat.mo
drwxr-xr-x root/root         0 2021-09-28 18:00 usr/share/locale/zh_CN/
drwxr-xr-x root/root         0 2021-09-28 18:00 usr/share/locale/zh_CN/LC_MESSAGES/
-rw-r--r-- root/root     11247 2021-09-28 18:00 usr/share/locale/zh_CN/LC_MESSAGES/neochat.mo
drwxr-xr-x root/root         0 2021-09-28 18:00 usr/share/metainfo/
-rw-r--r-- root/root     13886 2021-05-31 20:27 usr/share/metainfo/org.kde.neochat.appdata.xml


