++========================================
||
||   Package:  ./mu/mu-1.4.15-x86_64-1cf.txz
||
++========================================
drwxr-xr-x root/root         0 2021-01-24 10:45 ./
drwxr-xr-x root/root         0 2021-01-24 10:45 install/
-rw-r--r-- root/root       210 2021-01-24 10:45 install/doinst.sh
-rw-r--r-- root/root       833 2021-01-24 10:45 install/slack-desc
drwxr-xr-x root/root         0 2021-01-24 10:45 usr/
drwxr-xr-x root/root         0 2021-01-24 10:45 usr/bin/
-rwxr-xr-x root/root    545368 2021-01-24 10:45 usr/bin/mu
-rwxr-xr-x root/root    425592 2021-01-24 10:45 usr/bin/mug
drwxr-xr-x root/root         0 2021-01-24 10:45 usr/doc/
drwxr-xr-x root/root         0 2021-01-24 10:45 usr/doc/mu-1.4.15/
-rw-r--r-- root/root        43 2018-07-21 08:43 usr/doc/mu-1.4.15/AUTHORS
-rw-r--r-- root/root     35147 2018-07-21 08:42 usr/doc/mu-1.4.15/COPYING
-rw-r--r-- root/root        13 2018-07-21 08:44 usr/doc/mu-1.4.15/ChangeLog
-rw-r--r-- root/root      5015 2021-01-23 16:40 usr/doc/mu-1.4.15/HACKING
-rw-r--r-- root/root        14 2018-07-21 08:42 usr/doc/mu-1.4.15/NEWS
-rw-r--r-- root/root     36500 2021-01-24 10:45 usr/doc/mu-1.4.15/NEWS.org
-rw-r--r-- root/root      1337 2021-01-23 16:40 usr/doc/mu-1.4.15/README
-rw-r--r-- root/root      6184 2020-05-10 10:57 usr/doc/mu-1.4.15/TODO
-rw-r--r-- root/root      4143 2021-01-24 10:45 usr/doc/mu-1.4.15/mu.SlackBuild
-rw-r--r-- root/root       800 2021-01-24 10:45 usr/doc/mu-1.4.15/mu4e-about.org
drwxr-xr-x root/root         0 2021-01-24 10:45 usr/info/
-rw-r--r-- root/root     18217 2021-01-24 10:45 usr/info/mu-guile.info.gz
-rw-r--r-- root/root     68744 2021-01-24 10:45 usr/info/mu4e.info.gz
drwxr-xr-x root/root         0 2021-01-24 10:45 usr/lib64/
-rwxr-xr-x root/root    554600 2021-01-24 10:45 usr/lib64/libguile-mu.so.0.0.0
drwxr-xr-x root/root         0 2021-01-24 10:45 usr/man/
drwxr-xr-x root/root         0 2021-01-24 10:45 usr/man/man1/
-rw-r--r-- root/root       590 2021-01-24 10:45 usr/man/man1/mu-add.1.gz
-rw-r--r-- root/root      1913 2021-01-24 10:45 usr/man/man1/mu-cfind.1.gz
-rw-r--r-- root/root      4029 2021-01-24 10:45 usr/man/man1/mu-easy.1.gz
-rw-r--r-- root/root      1292 2021-01-24 10:45 usr/man/man1/mu-extract.1.gz
-rw-r--r-- root/root      4970 2021-01-24 10:45 usr/man/man1/mu-find.1.gz
-rw-r--r-- root/root       351 2021-01-24 10:45 usr/man/man1/mu-help.1.gz
-rw-r--r-- root/root      2861 2021-01-24 10:45 usr/man/man1/mu-index.1.gz
-rw-r--r-- root/root       651 2021-01-24 10:45 usr/man/man1/mu-info.1.gz
-rw-r--r-- root/root      1092 2021-01-24 10:45 usr/man/man1/mu-init.1.gz
-rw-r--r-- root/root       570 2021-01-24 10:45 usr/man/man1/mu-mkdir.1.gz
-rw-r--r-- root/root       609 2021-01-24 10:45 usr/man/man1/mu-remove.1.gz
-rw-r--r-- root/root      1053 2021-01-24 10:45 usr/man/man1/mu-script.1.gz
-rw-r--r-- root/root       888 2021-01-24 10:45 usr/man/man1/mu-server.1.gz
-rw-r--r-- root/root       958 2021-01-24 10:45 usr/man/man1/mu-verify.1.gz
-rw-r--r-- root/root       766 2021-01-24 10:45 usr/man/man1/mu-view.1.gz
-rw-r--r-- root/root      2303 2021-01-24 10:45 usr/man/man1/mu.1.gz
drwxr-xr-x root/root         0 2021-01-24 10:45 usr/man/man5/
-rw-r--r-- root/root       633 2021-01-24 10:45 usr/man/man5/mu-bookmarks.5.gz
drwxr-xr-x root/root         0 2021-01-24 10:45 usr/man/man7/
-rw-r--r-- root/root      4119 2021-01-24 10:45 usr/man/man7/mu-query.7.gz
drwxr-xr-x root/root         0 2021-01-24 10:45 usr/share/
drwxr-xr-x root/root         0 2021-01-24 10:45 usr/share/emacs/
drwxr-xr-x root/root         0 2021-01-24 10:45 usr/share/emacs/site-lisp/
drwxr-xr-x root/root         0 2021-01-24 10:45 usr/share/emacs/site-lisp/mu4e/
-rw-r--r-- root/root     14325 2021-01-24 10:45 usr/share/emacs/site-lisp/mu4e/mu4e-actions.el
-rw-r--r-- root/root     17614 2021-01-24 10:45 usr/share/emacs/site-lisp/mu4e/mu4e-actions.elc
-rw-r--r-- root/root     38493 2021-01-24 10:45 usr/share/emacs/site-lisp/mu4e/mu4e-compose.el
-rw-r--r-- root/root     31068 2021-01-24 10:45 usr/share/emacs/site-lisp/mu4e/mu4e-compose.elc
-rw-r--r-- root/root      7189 2021-01-24 10:45 usr/share/emacs/site-lisp/mu4e/mu4e-context.el
-rw-r--r-- root/root     12576 2021-01-24 10:45 usr/share/emacs/site-lisp/mu4e/mu4e-context.elc
-rw-r--r-- root/root      8481 2021-01-24 10:45 usr/share/emacs/site-lisp/mu4e/mu4e-contrib.el
-rw-r--r-- root/root      7450 2021-01-24 10:45 usr/share/emacs/site-lisp/mu4e/mu4e-contrib.elc
-rw-r--r-- root/root     24348 2021-01-24 10:45 usr/share/emacs/site-lisp/mu4e/mu4e-draft.el
-rw-r--r-- root/root     21234 2021-01-24 10:45 usr/share/emacs/site-lisp/mu4e/mu4e-draft.elc
-rw-r--r-- root/root     78517 2021-01-24 10:45 usr/share/emacs/site-lisp/mu4e/mu4e-headers.el
-rw-r--r-- root/root     73349 2021-01-24 10:45 usr/share/emacs/site-lisp/mu4e/mu4e-headers.elc
-rw-r--r-- root/root      8288 2021-01-24 10:45 usr/share/emacs/site-lisp/mu4e/mu4e-icalendar.el
-rw-r--r-- root/root      6132 2021-01-24 10:45 usr/share/emacs/site-lisp/mu4e/mu4e-icalendar.elc
-rw-r--r-- root/root      5653 2021-01-24 10:45 usr/share/emacs/site-lisp/mu4e/mu4e-lists.el
-rw-r--r-- root/root      3404 2021-01-24 10:45 usr/share/emacs/site-lisp/mu4e/mu4e-lists.elc
-rw-r--r-- root/root     12764 2021-01-24 10:45 usr/share/emacs/site-lisp/mu4e/mu4e-main.el
-rw-r--r-- root/root     11293 2021-01-24 10:45 usr/share/emacs/site-lisp/mu4e/mu4e-main.elc
-rw-r--r-- root/root     19098 2021-01-24 10:45 usr/share/emacs/site-lisp/mu4e/mu4e-mark.el
-rw-r--r-- root/root     22854 2021-01-24 10:45 usr/share/emacs/site-lisp/mu4e/mu4e-mark.elc
-rw-r--r-- root/root     14018 2021-01-24 10:45 usr/share/emacs/site-lisp/mu4e/mu4e-message.el
-rw-r--r-- root/root     18376 2021-01-24 10:45 usr/share/emacs/site-lisp/mu4e/mu4e-message.elc
-rw-r--r-- root/root       289 2021-01-24 10:45 usr/share/emacs/site-lisp/mu4e/mu4e-meta.el
-rw-r--r-- root/root       710 2021-01-24 10:45 usr/share/emacs/site-lisp/mu4e/mu4e-meta.elc
-rw-r--r-- root/root      5749 2021-01-24 10:45 usr/share/emacs/site-lisp/mu4e/mu4e-org.el
-rw-r--r-- root/root      5024 2021-01-24 10:45 usr/share/emacs/site-lisp/mu4e/mu4e-org.elc
-rw-r--r-- root/root     19162 2021-01-24 10:45 usr/share/emacs/site-lisp/mu4e/mu4e-proc.el
-rw-r--r-- root/root     15961 2021-01-24 10:45 usr/share/emacs/site-lisp/mu4e/mu4e-proc.elc
-rw-r--r-- root/root      4790 2021-01-24 10:45 usr/share/emacs/site-lisp/mu4e/mu4e-speedbar.el
-rw-r--r-- root/root      4346 2021-01-24 10:45 usr/share/emacs/site-lisp/mu4e/mu4e-speedbar.elc
-rw-r--r-- root/root     48432 2021-01-24 10:45 usr/share/emacs/site-lisp/mu4e/mu4e-utils.el
-rw-r--r-- root/root     45247 2021-01-24 10:45 usr/share/emacs/site-lisp/mu4e/mu4e-utils.elc
-rw-r--r-- root/root     36894 2021-01-24 10:45 usr/share/emacs/site-lisp/mu4e/mu4e-vars.el
-rw-r--r-- root/root     35502 2021-01-24 10:45 usr/share/emacs/site-lisp/mu4e/mu4e-vars.elc
-rw-r--r-- root/root     77204 2021-01-24 10:45 usr/share/emacs/site-lisp/mu4e/mu4e-view.el
-rw-r--r-- root/root    101230 2021-01-24 10:45 usr/share/emacs/site-lisp/mu4e/mu4e-view.elc
-rw-r--r-- root/root      2207 2021-01-24 10:45 usr/share/emacs/site-lisp/mu4e/mu4e.el
-rw-r--r-- root/root      1284 2021-01-24 10:45 usr/share/emacs/site-lisp/mu4e/mu4e.elc
-rw-r--r-- root/root      9405 2021-01-24 10:45 usr/share/emacs/site-lisp/mu4e/org-mu4e.el
-rw-r--r-- root/root      5421 2021-01-24 10:45 usr/share/emacs/site-lisp/mu4e/org-mu4e.elc
drwxr-xr-x root/root         0 2021-01-24 10:45 usr/share/guile/
drwxr-xr-x root/root         0 2021-01-24 10:45 usr/share/guile/site/
drwxr-xr-x root/root         0 2021-01-24 10:45 usr/share/guile/site/2.2/
drwxr-xr-x root/root         0 2021-01-24 10:45 usr/share/guile/site/2.2/mu/
-rw-r--r-- root/root      2854 2021-01-24 10:45 usr/share/guile/site/2.2/mu/plot.scm
-rw-r--r-- root/root      2090 2021-01-24 10:45 usr/share/guile/site/2.2/mu/script.scm
-rw-r--r-- root/root      5893 2021-01-24 10:45 usr/share/guile/site/2.2/mu/stats.scm
drwxr-xr-x root/root         0 2021-01-24 10:45 usr/share/guile/site/3.0/
-rw-r--r-- root/root     10583 2021-01-24 10:45 usr/share/guile/site/3.0/mu.scm
drwxr-xr-x root/root         0 2021-01-24 10:45 usr/share/mu/
drwxr-xr-x root/root         0 2021-01-24 10:45 usr/share/mu/scripts/
-rwxr-xr-x root/root      3753 2021-01-24 10:45 usr/share/mu/scripts/find-dups.scm
-rwxr-xr-x root/root      1301 2021-01-24 10:45 usr/share/mu/scripts/msgs-count.scm
-rwxr-xr-x root/root      1760 2021-01-24 10:45 usr/share/mu/scripts/msgs-per-day.scm
-rwxr-xr-x root/root      1732 2021-01-24 10:45 usr/share/mu/scripts/msgs-per-hour.scm
-rwxr-xr-x root/root      1761 2021-01-24 10:45 usr/share/mu/scripts/msgs-per-month.scm
-rwxr-xr-x root/root      1856 2021-01-24 10:45 usr/share/mu/scripts/msgs-per-year-month.scm
-rwxr-xr-x root/root      1744 2021-01-24 10:45 usr/share/mu/scripts/msgs-per-year.scm
drwxr-xr-x root/root         0 2021-01-24 10:45 usr/share/pixmaps/
-rw-r--r-- root/root     16970 2021-01-24 10:45 usr/share/pixmaps/mug.svg


