++========================================
||
||   Package:  ./libspiro/libspiro-20220722-x86_64-1cf.txz
||
++========================================
drwxr-xr-x root/root         0 2022-07-25 10:29 ./
drwxr-xr-x root/root         0 2022-07-25 10:29 install/
-rw-r--r-- root/root       192 2022-07-25 10:29 install/doinst.sh
-rw-r--r-- root/root       741 2022-07-25 10:29 install/slack-desc
drwxr-xr-x root/root         0 2022-07-25 10:29 usr/
drwxr-xr-x root/root         0 2022-07-25 10:29 usr/doc/
drwxr-xr-x root/root         0 2022-07-25 10:29 usr/doc/libspiro-20220722/
-rw-r--r-- root/root       369 2022-02-22 08:57 usr/doc/libspiro-20220722/AUTHORS
-rw-r--r-- root/root     35147 2020-05-03 20:53 usr/doc/libspiro-20220722/COPYING
-rw-r--r-- root/root      5679 2022-07-20 05:35 usr/doc/libspiro-20220722/ChangeLog
-rw-r--r-- root/root     15578 2020-05-03 20:53 usr/doc/libspiro-20220722/INSTALL
-rw-r--r-- root/root         0 2020-05-03 20:53 usr/doc/libspiro-20220722/NEWS
-rw-r--r-- root/root      3171 2022-02-22 06:51 usr/doc/libspiro-20220722/README
-rw-r--r-- root/root       471 2020-05-03 20:53 usr/doc/libspiro-20220722/README-GeorgeWilliams
-rw-r--r-- root/root      3360 2020-05-03 20:53 usr/doc/libspiro-20220722/README-RaphLevien
-rw-r--r-- root/root     16314 2022-07-20 04:50 usr/doc/libspiro-20220722/README.md
-rw-r--r-- root/root      4058 2022-07-25 10:29 usr/doc/libspiro-20220722/libspiro.SlackBuild
drwxr-xr-x root/root         0 2022-07-25 10:29 usr/include/
-rw-r--r-- root/root      1736 2022-07-25 10:29 usr/include/bezctx.h
-rw-r--r-- root/root      1484 2022-07-25 10:29 usr/include/spiro.h
-rw-r--r-- root/root      3964 2022-07-25 10:29 usr/include/spiroentrypoints.h
drwxr-xr-x root/root         0 2022-07-25 10:29 usr/lib64/
-rwxr-xr-x root/root     26624 2022-07-25 10:29 usr/lib64/libspiro.so.1.0.2
drwxr-xr-x root/root         0 2022-07-25 10:29 usr/lib64/pkgconfig/
-rw-r--r-- root/root       420 2022-07-25 10:29 usr/lib64/pkgconfig/libspiro.pc
drwxr-xr-x root/root         0 2022-07-25 10:29 usr/man/
drwxr-xr-x root/root         0 2022-07-25 10:29 usr/man/man3/
-rw-r--r-- root/root      1172 2022-07-25 10:29 usr/man/man3/libspiro.3.gz


