++========================================
||
||   Package:  ./appstream-glib/appstream-glib-0.7.18-x86_64-1cf.txz
||
++========================================
drwxr-xr-x root/root         0 2020-12-21 10:30 ./
drwxr-xr-x root/root         0 2020-12-21 10:30 install/
-rw-r--r-- root/root       243 2020-12-21 10:30 install/doinst.sh
-rw-r--r-- root/root       845 2020-12-21 10:30 install/slack-desc
drwxr-xr-x root/root         0 2020-12-21 10:30 usr/
drwxr-xr-x root/root         0 2020-12-21 10:30 usr/bin/
-rwxr-xr-x root/root     81368 2020-12-21 10:30 usr/bin/appstream-builder
-rwxr-xr-x root/root     23264 2020-12-21 10:30 usr/bin/appstream-compose
-rwxr-xr-x root/root     98368 2020-12-21 10:30 usr/bin/appstream-util
drwxr-xr-x root/root         0 2020-12-21 10:30 usr/doc/
drwxr-xr-x root/root         0 2020-12-21 10:30 usr/doc/appstream-glib-0.7.18/
-rw-r--r-- root/root        80 2020-09-07 12:13 usr/doc/appstream-glib-0.7.18/AUTHORS
-rw-r--r-- root/root      2046 2020-09-07 12:13 usr/doc/appstream-glib-0.7.18/COMMITMENT
-rw-r--r-- root/root     26530 2020-09-07 12:13 usr/doc/appstream-glib-0.7.18/COPYING
-rw-r--r-- root/root        37 2020-09-07 12:13 usr/doc/appstream-glib-0.7.18/MAINTAINERS
-rw-r--r-- root/root     66654 2020-09-07 12:13 usr/doc/appstream-glib-0.7.18/NEWS
-rw-r--r-- root/root      8691 2020-09-07 12:13 usr/doc/appstream-glib-0.7.18/README.md
-rw-r--r-- root/root       939 2020-09-07 12:13 usr/doc/appstream-glib-0.7.18/RELEASE
-rw-r--r-- root/root      4510 2020-12-21 10:30 usr/doc/appstream-glib-0.7.18/appstream-glib.SlackBuild
drwxr-xr-x root/root         0 2020-12-21 10:30 usr/include/
drwxr-xr-x root/root         0 2020-12-21 10:30 usr/include/libappstream-glib/
-rw-r--r-- root/root       834 2020-09-07 12:13 usr/include/libappstream-glib/appstream-glib.h
-rw-r--r-- root/root      1641 2020-09-07 12:13 usr/include/libappstream-glib/as-agreement-section.h
-rw-r--r-- root/root      2143 2020-09-07 12:13 usr/include/libappstream-glib/as-agreement.h
-rw-r--r-- root/root      1305 2020-09-07 12:13 usr/include/libappstream-glib/as-app-builder.h
-rw-r--r-- root/root     29978 2020-09-07 12:13 usr/include/libappstream-glib/as-app.h
-rw-r--r-- root/root      2444 2020-09-07 12:13 usr/include/libappstream-glib/as-bundle.h
-rw-r--r-- root/root      2318 2020-09-07 12:13 usr/include/libappstream-glib/as-checksum.h
-rw-r--r-- root/root      4527 2020-09-07 12:13 usr/include/libappstream-glib/as-content-rating.h
-rw-r--r-- root/root      5370 2020-09-07 12:13 usr/include/libappstream-glib/as-enums.h
-rw-r--r-- root/root      2000 2020-09-07 12:13 usr/include/libappstream-glib/as-format.h
-rw-r--r-- root/root      3705 2020-09-07 12:13 usr/include/libappstream-glib/as-icon.h
-rw-r--r-- root/root      5834 2020-09-07 12:13 usr/include/libappstream-glib/as-image.h
-rw-r--r-- root/root      1635 2020-09-07 12:13 usr/include/libappstream-glib/as-inf.h
-rw-r--r-- root/root      2033 2020-09-07 12:13 usr/include/libappstream-glib/as-launchable.h
-rw-r--r-- root/root      2089 2020-09-07 12:13 usr/include/libappstream-glib/as-markup.h
-rw-r--r-- root/root      1648 2020-09-07 12:13 usr/include/libappstream-glib/as-monitor.h
-rw-r--r-- root/root      6524 2020-09-07 12:13 usr/include/libappstream-glib/as-node.h
-rw-r--r-- root/root      2967 2020-09-07 12:13 usr/include/libappstream-glib/as-problem.h
-rw-r--r-- root/root      1339 2020-09-07 12:13 usr/include/libappstream-glib/as-profile.h
-rw-r--r-- root/root      2473 2020-09-07 12:13 usr/include/libappstream-glib/as-provide.h
-rw-r--r-- root/root      4337 2020-09-07 12:13 usr/include/libappstream-glib/as-release.h
-rw-r--r-- root/root      3551 2020-09-07 12:13 usr/include/libappstream-glib/as-require.h
-rw-r--r-- root/root      3147 2020-09-07 12:13 usr/include/libappstream-glib/as-review.h
-rw-r--r-- root/root      2673 2020-09-07 12:13 usr/include/libappstream-glib/as-screenshot.h
-rw-r--r-- root/root      9623 2020-09-07 12:13 usr/include/libappstream-glib/as-store.h
-rw-r--r-- root/root      1681 2020-09-07 12:13 usr/include/libappstream-glib/as-suggest.h
-rw-r--r-- root/root      6028 2020-09-07 12:13 usr/include/libappstream-glib/as-tag.h
-rw-r--r-- root/root      1864 2020-09-07 12:13 usr/include/libappstream-glib/as-translation.h
-rw-r--r-- root/root      5945 2020-09-07 12:13 usr/include/libappstream-glib/as-utils.h
-rw-r--r-- root/root      1162 2020-12-21 10:29 usr/include/libappstream-glib/as-version.h
drwxr-xr-x root/root         0 2020-12-21 10:30 usr/lib64/
drwxr-xr-x root/root         0 2020-12-21 10:30 usr/lib64/asb-plugins-5/
-rwxr-xr-x root/root     18528 2020-12-21 10:30 usr/lib64/asb-plugins-5/libasb_plugin_appdata.so
-rwxr-xr-x root/root     14216 2020-12-21 10:30 usr/lib64/asb-plugins-5/libasb_plugin_desktop.so
-rwxr-xr-x root/root     40768 2020-12-21 10:30 usr/lib64/asb-plugins-5/libasb_plugin_font.so
-rwxr-xr-x root/root     14160 2020-12-21 10:30 usr/lib64/asb-plugins-5/libasb_plugin_gettext.so
-rwxr-xr-x root/root     14176 2020-12-21 10:30 usr/lib64/asb-plugins-5/libasb_plugin_hardcoded.so
-rwxr-xr-x root/root     14504 2020-12-21 10:30 usr/lib64/asb-plugins-5/libasb_plugin_icon.so
-rwxr-xr-x root/root     18680 2020-12-21 10:30 usr/lib64/asb-plugins-5/libasb_plugin_shell_extension.so
drwxr-xr-x root/root         0 2020-12-21 10:30 usr/lib64/girepository-1.0/
-rw-r--r-- root/root     81472 2020-12-21 10:30 usr/lib64/girepository-1.0/AppStreamGlib-1.0.typelib
-rwxr-xr-x root/root    439568 2020-12-21 10:30 usr/lib64/libappstream-glib.so.8.0.10
drwxr-xr-x root/root         0 2020-12-21 10:30 usr/lib64/pkgconfig/
-rw-r--r-- root/root       349 2020-12-21 10:29 usr/lib64/pkgconfig/appstream-glib.pc
drwxr-xr-x root/root         0 2020-12-21 10:30 usr/man/
drwxr-xr-x root/root         0 2020-12-21 10:30 usr/man/man1/
-rw-r--r-- root/root       672 2020-12-21 10:29 usr/man/man1/appstream-builder.1.gz
-rw-r--r-- root/root       794 2020-12-21 10:29 usr/man/man1/appstream-compose.1.gz
-rw-r--r-- root/root       699 2020-12-21 10:29 usr/man/man1/appstream-util.1.gz
drwxr-xr-x root/root         0 2020-12-21 10:30 usr/share/
drwxr-xr-x root/root         0 2020-12-21 10:30 usr/share/aclocal/
-rw-r--r-- root/root      3184 2020-09-07 12:13 usr/share/aclocal/appdata-xml.m4
-rw-r--r-- root/root      3012 2020-09-07 12:13 usr/share/aclocal/appstream-xml.m4
drwxr-xr-x root/root         0 2020-12-21 10:30 usr/share/bash-completion/
drwxr-xr-x root/root         0 2020-12-21 10:30 usr/share/bash-completion/completions/
-rw-r--r-- root/root       859 2020-09-07 12:13 usr/share/bash-completion/completions/appstream-builder
-rw-r--r-- root/root      2768 2020-09-07 12:13 usr/share/bash-completion/completions/appstream-util
drwxr-xr-x root/root         0 2020-12-21 10:30 usr/share/gettext/
drwxr-xr-x root/root         0 2020-12-21 10:30 usr/share/gettext/its/
-rw-r--r-- root/root       737 2020-09-07 12:13 usr/share/gettext/its/appdata.its
-rw-r--r-- root/root       330 2020-09-07 12:13 usr/share/gettext/its/appdata.loc
drwxr-xr-x root/root         0 2020-12-21 10:30 usr/share/gir-1.0/
-rw-r--r-- root/root    860377 2020-12-21 10:30 usr/share/gir-1.0/AppStreamGlib-1.0.gir
drwxr-xr-x root/root         0 2020-12-21 10:30 usr/share/installed-tests/
drwxr-xr-x root/root         0 2020-12-21 10:30 usr/share/installed-tests/appstream-glib/
-rw-r--r-- root/root       105 2020-12-21 10:29 usr/share/installed-tests/appstream-glib/appdata-validate.test
-rw-r--r-- root/root        68 2020-12-21 10:29 usr/share/installed-tests/appstream-glib/destdir-check.test
drwxr-xr-x root/root         0 2020-12-21 10:30 usr/share/locale/
drwxr-xr-x root/root         0 2020-12-21 10:30 usr/share/locale/ca/
drwxr-xr-x root/root         0 2020-12-21 10:30 usr/share/locale/ca/LC_MESSAGES/
-rw-r--r-- root/root     19820 2020-12-21 10:30 usr/share/locale/ca/LC_MESSAGES/appstream-glib.mo
drwxr-xr-x root/root         0 2020-12-21 10:30 usr/share/locale/cs/
drwxr-xr-x root/root         0 2020-12-21 10:30 usr/share/locale/cs/LC_MESSAGES/
-rw-r--r-- root/root     19523 2020-12-21 10:30 usr/share/locale/cs/LC_MESSAGES/appstream-glib.mo
drwxr-xr-x root/root         0 2020-12-21 10:30 usr/share/locale/da/
drwxr-xr-x root/root         0 2020-12-21 10:30 usr/share/locale/da/LC_MESSAGES/
-rw-r--r-- root/root     18797 2020-12-21 10:30 usr/share/locale/da/LC_MESSAGES/appstream-glib.mo
drwxr-xr-x root/root         0 2020-12-21 10:30 usr/share/locale/de/
drwxr-xr-x root/root         0 2020-12-21 10:30 usr/share/locale/de/LC_MESSAGES/
-rw-r--r-- root/root     19710 2020-12-21 10:30 usr/share/locale/de/LC_MESSAGES/appstream-glib.mo
drwxr-xr-x root/root         0 2020-12-21 10:30 usr/share/locale/en_GB/
drwxr-xr-x root/root         0 2020-12-21 10:30 usr/share/locale/en_GB/LC_MESSAGES/
-rw-r--r-- root/root     17112 2020-12-21 10:30 usr/share/locale/en_GB/LC_MESSAGES/appstream-glib.mo
drwxr-xr-x root/root         0 2020-12-21 10:30 usr/share/locale/es/
drwxr-xr-x root/root         0 2020-12-21 10:30 usr/share/locale/es/LC_MESSAGES/
-rw-r--r-- root/root     19245 2020-12-21 10:30 usr/share/locale/es/LC_MESSAGES/appstream-glib.mo
drwxr-xr-x root/root         0 2020-12-21 10:30 usr/share/locale/fa/
drwxr-xr-x root/root         0 2020-12-21 10:30 usr/share/locale/fa/LC_MESSAGES/
-rw-r--r-- root/root     18072 2020-12-21 10:30 usr/share/locale/fa/LC_MESSAGES/appstream-glib.mo
drwxr-xr-x root/root         0 2020-12-21 10:30 usr/share/locale/fi/
drwxr-xr-x root/root         0 2020-12-21 10:30 usr/share/locale/fi/LC_MESSAGES/
-rw-r--r-- root/root     12776 2020-12-21 10:30 usr/share/locale/fi/LC_MESSAGES/appstream-glib.mo
drwxr-xr-x root/root         0 2020-12-21 10:30 usr/share/locale/fr/
drwxr-xr-x root/root         0 2020-12-21 10:30 usr/share/locale/fr/LC_MESSAGES/
-rw-r--r-- root/root     20285 2020-12-21 10:30 usr/share/locale/fr/LC_MESSAGES/appstream-glib.mo
drwxr-xr-x root/root         0 2020-12-21 10:30 usr/share/locale/fur/
drwxr-xr-x root/root         0 2020-12-21 10:30 usr/share/locale/fur/LC_MESSAGES/
-rw-r--r-- root/root     18963 2020-12-21 10:30 usr/share/locale/fur/LC_MESSAGES/appstream-glib.mo
drwxr-xr-x root/root         0 2020-12-21 10:30 usr/share/locale/gl/
drwxr-xr-x root/root         0 2020-12-21 10:30 usr/share/locale/gl/LC_MESSAGES/
-rw-r--r-- root/root     19553 2020-12-21 10:30 usr/share/locale/gl/LC_MESSAGES/appstream-glib.mo
drwxr-xr-x root/root         0 2020-12-21 10:30 usr/share/locale/hr/
drwxr-xr-x root/root         0 2020-12-21 10:30 usr/share/locale/hr/LC_MESSAGES/
-rw-r--r-- root/root     19547 2020-12-21 10:30 usr/share/locale/hr/LC_MESSAGES/appstream-glib.mo
drwxr-xr-x root/root         0 2020-12-21 10:30 usr/share/locale/hu/
drwxr-xr-x root/root         0 2020-12-21 10:30 usr/share/locale/hu/LC_MESSAGES/
-rw-r--r-- root/root     20389 2020-12-21 10:30 usr/share/locale/hu/LC_MESSAGES/appstream-glib.mo
drwxr-xr-x root/root         0 2020-12-21 10:30 usr/share/locale/id/
drwxr-xr-x root/root         0 2020-12-21 10:30 usr/share/locale/id/LC_MESSAGES/
-rw-r--r-- root/root     18805 2020-12-21 10:30 usr/share/locale/id/LC_MESSAGES/appstream-glib.mo
drwxr-xr-x root/root         0 2020-12-21 10:30 usr/share/locale/it/
drwxr-xr-x root/root         0 2020-12-21 10:30 usr/share/locale/it/LC_MESSAGES/
-rw-r--r-- root/root     19473 2020-12-21 10:30 usr/share/locale/it/LC_MESSAGES/appstream-glib.mo
drwxr-xr-x root/root         0 2020-12-21 10:30 usr/share/locale/ko/
drwxr-xr-x root/root         0 2020-12-21 10:30 usr/share/locale/ko/LC_MESSAGES/
-rw-r--r-- root/root     17474 2020-12-21 10:30 usr/share/locale/ko/LC_MESSAGES/appstream-glib.mo
drwxr-xr-x root/root         0 2020-12-21 10:30 usr/share/locale/lt/
drwxr-xr-x root/root         0 2020-12-21 10:30 usr/share/locale/lt/LC_MESSAGES/
-rw-r--r-- root/root     19472 2020-12-21 10:30 usr/share/locale/lt/LC_MESSAGES/appstream-glib.mo
drwxr-xr-x root/root         0 2020-12-21 10:30 usr/share/locale/oc/
drwxr-xr-x root/root         0 2020-12-21 10:30 usr/share/locale/oc/LC_MESSAGES/
-rw-r--r-- root/root     14975 2020-12-21 10:30 usr/share/locale/oc/LC_MESSAGES/appstream-glib.mo
drwxr-xr-x root/root         0 2020-12-21 10:30 usr/share/locale/pl/
drwxr-xr-x root/root         0 2020-12-21 10:30 usr/share/locale/pl/LC_MESSAGES/
-rw-r--r-- root/root     19888 2020-12-21 10:30 usr/share/locale/pl/LC_MESSAGES/appstream-glib.mo
drwxr-xr-x root/root         0 2020-12-21 10:30 usr/share/locale/pt/
drwxr-xr-x root/root         0 2020-12-21 10:30 usr/share/locale/pt/LC_MESSAGES/
-rw-r--r-- root/root      9582 2020-12-21 10:30 usr/share/locale/pt/LC_MESSAGES/appstream-glib.mo
drwxr-xr-x root/root         0 2020-12-21 10:30 usr/share/locale/pt_BR/
drwxr-xr-x root/root         0 2020-12-21 10:30 usr/share/locale/pt_BR/LC_MESSAGES/
-rw-r--r-- root/root     19677 2020-12-21 10:30 usr/share/locale/pt_BR/LC_MESSAGES/appstream-glib.mo
drwxr-xr-x root/root         0 2020-12-21 10:30 usr/share/locale/ru/
drwxr-xr-x root/root         0 2020-12-21 10:30 usr/share/locale/ru/LC_MESSAGES/
-rw-r--r-- root/root     24077 2020-12-21 10:30 usr/share/locale/ru/LC_MESSAGES/appstream-glib.mo
drwxr-xr-x root/root         0 2020-12-21 10:30 usr/share/locale/sk/
drwxr-xr-x root/root         0 2020-12-21 10:30 usr/share/locale/sk/LC_MESSAGES/
-rw-r--r-- root/root     16920 2020-12-21 10:30 usr/share/locale/sk/LC_MESSAGES/appstream-glib.mo
drwxr-xr-x root/root         0 2020-12-21 10:30 usr/share/locale/sl/
drwxr-xr-x root/root         0 2020-12-21 10:30 usr/share/locale/sl/LC_MESSAGES/
-rw-r--r-- root/root     14320 2020-12-21 10:30 usr/share/locale/sl/LC_MESSAGES/appstream-glib.mo
drwxr-xr-x root/root         0 2020-12-21 10:30 usr/share/locale/sr/
drwxr-xr-x root/root         0 2020-12-21 10:30 usr/share/locale/sr/LC_MESSAGES/
-rw-r--r-- root/root     23433 2020-12-21 10:30 usr/share/locale/sr/LC_MESSAGES/appstream-glib.mo
drwxr-xr-x root/root         0 2020-12-21 10:30 usr/share/locale/sr@latin/
drwxr-xr-x root/root         0 2020-12-21 10:30 usr/share/locale/sr@latin/LC_MESSAGES/
-rw-r--r-- root/root     14658 2020-12-21 10:30 usr/share/locale/sr@latin/LC_MESSAGES/appstream-glib.mo
drwxr-xr-x root/root         0 2020-12-21 10:30 usr/share/locale/sv/
drwxr-xr-x root/root         0 2020-12-21 10:30 usr/share/locale/sv/LC_MESSAGES/
-rw-r--r-- root/root     18966 2020-12-21 10:30 usr/share/locale/sv/LC_MESSAGES/appstream-glib.mo
drwxr-xr-x root/root         0 2020-12-21 10:30 usr/share/locale/tr/
drwxr-xr-x root/root         0 2020-12-21 10:30 usr/share/locale/tr/LC_MESSAGES/
-rw-r--r-- root/root     19389 2020-12-21 10:30 usr/share/locale/tr/LC_MESSAGES/appstream-glib.mo
drwxr-xr-x root/root         0 2020-12-21 10:30 usr/share/locale/uk/
drwxr-xr-x root/root         0 2020-12-21 10:30 usr/share/locale/uk/LC_MESSAGES/
-rw-r--r-- root/root     25678 2020-12-21 10:30 usr/share/locale/uk/LC_MESSAGES/appstream-glib.mo
drwxr-xr-x root/root         0 2020-12-21 10:30 usr/share/locale/zh_CN/
drwxr-xr-x root/root         0 2020-12-21 10:30 usr/share/locale/zh_CN/LC_MESSAGES/
-rw-r--r-- root/root     16711 2020-12-21 10:30 usr/share/locale/zh_CN/LC_MESSAGES/appstream-glib.mo
drwxr-xr-x root/root         0 2020-12-21 10:30 usr/share/locale/zh_TW/
drwxr-xr-x root/root         0 2020-12-21 10:30 usr/share/locale/zh_TW/LC_MESSAGES/
-rw-r--r-- root/root     17471 2020-12-21 10:30 usr/share/locale/zh_TW/LC_MESSAGES/appstream-glib.mo


