++========================================
||
||   Package:  ./scanmem/scanmem-0.17-x86_64-1cf.txz
||
++========================================
drwxr-xr-x root/root         0 2021-01-04 14:50 ./
drwxr-xr-x root/root         0 2021-01-04 14:50 install/
-rw-r--r-- root/root       533 2021-01-04 14:50 install/doinst.sh
-rw-r--r-- root/root       852 2021-01-04 14:50 install/slack-desc
drwxr-xr-x root/root         0 2021-01-04 14:50 usr/
drwxr-xr-x root/root         0 2021-01-04 14:50 usr/bin/
-rwxr-xr-x root/root       184 2021-01-04 14:50 usr/bin/gameconqueror
-rwxr-xr-x root/root     14504 2021-01-04 14:50 usr/bin/scanmem
drwxr-xr-x root/root         0 2021-01-04 14:50 usr/doc/
drwxr-xr-x root/root         0 2021-01-04 14:50 usr/doc/scanmem-0.17/
-rw-r--r-- root/root     35147 2017-10-13 23:53 usr/doc/scanmem-0.17/COPYING
-rw-r--r-- root/root        58 2017-10-13 23:53 usr/doc/scanmem-0.17/NEWS
-rw-r--r-- root/root      2515 2017-10-13 23:53 usr/doc/scanmem-0.17/README
-rw-r--r-- root/root       585 2017-10-13 23:53 usr/doc/scanmem-0.17/TODO
-rw-r--r-- root/root     35147 2017-10-13 23:53 usr/doc/scanmem-0.17/gpl-3.0.txt
-rw-r--r-- root/root      3739 2021-01-04 14:50 usr/doc/scanmem-0.17/scanmem.SlackBuild
drwxr-xr-x root/root         0 2021-01-04 14:50 usr/include/
drwxr-xr-x root/root         0 2021-01-04 14:50 usr/include/scanmem/
-rw-r--r-- root/root      1273 2021-01-04 14:50 usr/include/scanmem/commands.h
-rw-r--r-- root/root      1492 2021-01-04 14:50 usr/include/scanmem/list.h
-rw-r--r-- root/root      2519 2021-01-04 14:50 usr/include/scanmem/maps.h
-rw-r--r-- root/root      3195 2021-01-04 14:50 usr/include/scanmem/scanmem.h
-rw-r--r-- root/root      2846 2021-01-04 14:50 usr/include/scanmem/scanroutines.h
-rw-r--r-- root/root      1696 2021-01-04 14:50 usr/include/scanmem/sets.h
-rw-r--r-- root/root      1994 2021-01-04 14:50 usr/include/scanmem/show_message.h
-rw-r--r-- root/root     10442 2021-01-04 14:50 usr/include/scanmem/targetmem.h
-rw-r--r-- root/root      7578 2021-01-04 14:50 usr/include/scanmem/value.h
drwxr-xr-x root/root         0 2021-01-04 14:50 usr/lib64/
-rwxr-xr-x root/root    105184 2021-01-04 14:50 usr/lib64/libscanmem.so.1.0.0
drwxr-xr-x root/root         0 2021-01-04 14:50 usr/man/
drwxr-xr-x root/root         0 2021-01-04 14:50 usr/man/man1/
-rw-r--r-- root/root       642 2021-01-04 14:50 usr/man/man1/gameconqueror.1.gz
-rw-r--r-- root/root      6187 2021-01-04 14:50 usr/man/man1/scanmem.1.gz
drwxr-xr-x root/root         0 2021-01-04 14:50 usr/share/
drwxr-xr-x root/root         0 2021-01-04 14:50 usr/share/appdata/
-rw-r--r-- root/root      4962 2021-01-04 14:50 usr/share/appdata/GameConqueror.appdata.xml
drwxr-xr-x root/root         0 2021-01-04 14:50 usr/share/applications/
-rw-r--r-- root/root       844 2021-01-04 14:50 usr/share/applications/GameConqueror.desktop
drwxr-xr-x root/root         0 2021-01-04 14:50 usr/share/gameconqueror/
-rwxr-xr-x root/root     51424 2021-01-04 14:50 usr/share/gameconqueror/GameConqueror.py
-rw-r--r-- root/root     40803 2021-01-04 14:50 usr/share/gameconqueror/GameConqueror.pyc
-rw-r--r-- root/root     40696 2021-01-04 14:50 usr/share/gameconqueror/GameConqueror.pyo
-rw-r--r-- root/root     60856 2021-01-04 14:50 usr/share/gameconqueror/GameConqueror.ui
-rw-r--r-- root/root     65949 2021-01-04 14:50 usr/share/gameconqueror/GameConqueror_128x128.png
-rw-r--r-- root/root      2743 2021-01-04 14:50 usr/share/gameconqueror/GameConqueror_48x48.png
-rw-r--r-- root/root      5355 2021-01-04 14:50 usr/share/gameconqueror/GameConqueror_72x72.png
-rw-r--r-- root/root      2824 2021-01-04 14:50 usr/share/gameconqueror/backend.py
-rw-r--r-- root/root      3709 2021-01-04 14:50 usr/share/gameconqueror/backend.pyc
-rw-r--r-- root/root      3709 2021-01-04 14:50 usr/share/gameconqueror/backend.pyo
-rw-r--r-- root/root       343 2021-01-04 14:50 usr/share/gameconqueror/consts.py
-rw-r--r-- root/root       457 2021-01-04 14:50 usr/share/gameconqueror/consts.pyc
-rw-r--r-- root/root       457 2021-01-04 14:50 usr/share/gameconqueror/consts.pyo
-rw-r--r-- root/root     23585 2021-01-04 14:50 usr/share/gameconqueror/hexview.py
-rw-r--r-- root/root     21423 2021-01-04 14:50 usr/share/gameconqueror/hexview.pyc
-rw-r--r-- root/root     21423 2021-01-04 14:50 usr/share/gameconqueror/hexview.pyo
-rw-r--r-- root/root      7329 2021-01-04 14:50 usr/share/gameconqueror/misc.py
-rw-r--r-- root/root      6647 2021-01-04 14:50 usr/share/gameconqueror/misc.pyc
-rw-r--r-- root/root      6647 2021-01-04 14:50 usr/share/gameconqueror/misc.pyo
drwxr-xr-x root/root         0 2021-01-04 14:50 usr/share/icons/
drwxr-xr-x root/root         0 2021-01-04 14:50 usr/share/icons/hicolor/
drwxr-xr-x root/root         0 2021-01-04 14:50 usr/share/icons/hicolor/128x128/
drwxr-xr-x root/root         0 2021-01-04 14:50 usr/share/icons/hicolor/128x128/apps/
-rw-r--r-- root/root     65949 2021-01-04 14:50 usr/share/icons/hicolor/128x128/apps/GameConqueror.png
drwxr-xr-x root/root         0 2021-01-04 14:50 usr/share/icons/hicolor/48x48/
drwxr-xr-x root/root         0 2021-01-04 14:50 usr/share/icons/hicolor/48x48/apps/
-rw-r--r-- root/root      2743 2021-01-04 14:50 usr/share/icons/hicolor/48x48/apps/GameConqueror.png
drwxr-xr-x root/root         0 2021-01-04 14:50 usr/share/icons/hicolor/72x72/
drwxr-xr-x root/root         0 2021-01-04 14:50 usr/share/icons/hicolor/72x72/apps/
-rw-r--r-- root/root      5355 2021-01-04 14:50 usr/share/icons/hicolor/72x72/apps/GameConqueror.png
drwxr-xr-x root/root         0 2021-01-04 14:50 usr/share/locale/
drwxr-xr-x root/root         0 2021-01-04 14:50 usr/share/locale/de/
drwxr-xr-x root/root         0 2021-01-04 14:50 usr/share/locale/de/LC_MESSAGES/
-rw-r--r-- root/root     10588 2021-01-04 14:50 usr/share/locale/de/LC_MESSAGES/GameConqueror.mo
drwxr-xr-x root/root         0 2021-01-04 14:50 usr/share/locale/es/
drwxr-xr-x root/root         0 2021-01-04 14:50 usr/share/locale/es/LC_MESSAGES/
-rw-r--r-- root/root     10719 2021-01-04 14:50 usr/share/locale/es/LC_MESSAGES/GameConqueror.mo
drwxr-xr-x root/root         0 2021-01-04 14:50 usr/share/locale/it/
drwxr-xr-x root/root         0 2021-01-04 14:50 usr/share/locale/it/LC_MESSAGES/
-rw-r--r-- root/root     10692 2021-01-04 14:50 usr/share/locale/it/LC_MESSAGES/GameConqueror.mo
drwxr-xr-x root/root         0 2021-01-04 14:50 usr/share/locale/ja/
drwxr-xr-x root/root         0 2021-01-04 14:50 usr/share/locale/ja/LC_MESSAGES/
-rw-r--r-- root/root      7198 2021-01-04 14:50 usr/share/locale/ja/LC_MESSAGES/GameConqueror.mo
drwxr-xr-x root/root         0 2021-01-04 14:50 usr/share/locale/ru/
drwxr-xr-x root/root         0 2021-01-04 14:50 usr/share/locale/ru/LC_MESSAGES/
-rw-r--r-- root/root      8260 2021-01-04 14:50 usr/share/locale/ru/LC_MESSAGES/GameConqueror.mo
drwxr-xr-x root/root         0 2021-01-04 14:50 usr/share/locale/sr_ME/
drwxr-xr-x root/root         0 2021-01-04 14:50 usr/share/locale/sr_ME/LC_MESSAGES/
-rw-r--r-- root/root     10558 2021-01-04 14:50 usr/share/locale/sr_ME/LC_MESSAGES/GameConqueror.mo
drwxr-xr-x root/root         0 2021-01-04 14:50 usr/share/polkit-1/
drwxr-xr-x root/root         0 2021-01-04 14:50 usr/share/polkit-1/actions/
-rw-r--r-- root/root      1778 2021-01-04 14:50 usr/share/polkit-1/actions/org.freedesktop.gameconqueror.policy


