++========================================
||
||   Package:  ./csscss/csscss-bac3e42-x86_64-4cf.txz
||
++========================================
drwxr-xr-x root/root         0 2021-06-14 10:36 ./
drwxr-xr-x root/root         0 2021-06-14 10:36 install/
-rw-r--r-- root/root       743 2021-06-14 10:36 install/slack-desc
drwxr-xr-x root/root         0 2021-06-14 10:36 usr/
drwxr-xr-x root/root         0 2021-06-14 10:36 usr/bin/
-rwxr-xr-x root/root        61 2021-06-14 10:36 usr/bin/csscss
drwxr-xr-x root/root         0 2021-06-14 10:36 usr/doc/
drwxr-xr-x root/root         0 2021-06-14 10:36 usr/doc/csscss-bac3e42/
-rw-r--r-- root/root      2349 2018-11-27 18:45 usr/doc/csscss-bac3e42/CHANGELOG.md
-rw-r--r-- root/root      1745 2018-11-27 18:45 usr/doc/csscss-bac3e42/CONTRIBUTING.md
-rw-r--r-- root/root       299 2018-11-27 18:45 usr/doc/csscss-bac3e42/CONTRIBUTORS.md
-rw-r--r-- root/root      1068 2018-11-27 18:45 usr/doc/csscss-bac3e42/LICENSE.txt
-rw-r--r-- root/root      3726 2018-11-27 18:45 usr/doc/csscss-bac3e42/README.md
-rw-r--r-- root/root      3322 2021-06-14 10:36 usr/doc/csscss-bac3e42/csscss.SlackBuild
drwxr-xr-x root/root         0 2021-06-14 10:36 usr/lib64/
drwxr-xr-x root/root         0 2021-06-14 10:36 usr/lib64/ruby/
drwxr-xr-x root/root         0 2021-06-14 10:36 usr/lib64/ruby/gems/
drwxr-xr-x root/root         0 2021-06-14 10:36 usr/lib64/ruby/gems/3.0.0/
drwxr-xr-x root/root         0 2021-06-14 10:36 usr/lib64/ruby/gems/3.0.0/build_info/
drwxr-xr-x root/root         0 2021-06-14 10:36 usr/lib64/ruby/gems/3.0.0/cache/
-rw-r--r-- root/root     15872 2021-06-14 10:36 usr/lib64/ruby/gems/3.0.0/cache/colorize-0.8.1.gem
-rw-r--r-- root/root      4608 2021-06-14 10:36 usr/lib64/ruby/gems/3.0.0/cache/csscss-1.3.3.gem
-rw-r--r-- root/root     79872 2021-06-14 10:36 usr/lib64/ruby/gems/3.0.0/cache/parslet-1.8.2.gem
drwxr-xr-x root/root         0 2021-06-14 10:36 usr/lib64/ruby/gems/3.0.0/doc/
drwxr-xr-x root/root         0 2021-06-14 10:36 usr/lib64/ruby/gems/3.0.0/doc/colorize-0.8.1/
drwxr-xr-x root/root         0 2021-06-14 10:36 usr/lib64/ruby/gems/3.0.0/doc/colorize-0.8.1/ri/
drwxr-xr-x root/root         0 2021-06-14 10:36 usr/lib64/ruby/gems/3.0.0/doc/colorize-0.8.1/ri/Colorize/
drwxr-xr-x root/root         0 2021-06-14 10:36 usr/lib64/ruby/gems/3.0.0/doc/colorize-0.8.1/ri/Colorize/ClassMethods/
-rw-r--r-- root/root       672 2021-06-14 10:36 usr/lib64/ruby/gems/3.0.0/doc/colorize-0.8.1/ri/Colorize/ClassMethods/cdesc-ClassMethods.ri
-rw-r--r-- root/root       329 2021-06-14 10:36 usr/lib64/ruby/gems/3.0.0/doc/colorize-0.8.1/ri/Colorize/ClassMethods/color_codes-i.ri
-rw-r--r-- root/root       356 2021-06-14 10:36 usr/lib64/ruby/gems/3.0.0/doc/colorize-0.8.1/ri/Colorize/ClassMethods/color_matrix-i.ri
-rw-r--r-- root/root       352 2021-06-14 10:36 usr/lib64/ruby/gems/3.0.0/doc/colorize-0.8.1/ri/Colorize/ClassMethods/color_methods-i.ri
-rw-r--r-- root/root       338 2021-06-14 10:36 usr/lib64/ruby/gems/3.0.0/doc/colorize-0.8.1/ri/Colorize/ClassMethods/color_samples-i.ri
-rw-r--r-- root/root       352 2021-06-14 10:36 usr/lib64/ruby/gems/3.0.0/doc/colorize-0.8.1/ri/Colorize/ClassMethods/colors-i.ri
-rw-r--r-- root/root       369 2021-06-14 10:36 usr/lib64/ruby/gems/3.0.0/doc/colorize-0.8.1/ri/Colorize/ClassMethods/disable_colorization%3d-i.ri
-rw-r--r-- root/root       374 2021-06-14 10:36 usr/lib64/ruby/gems/3.0.0/doc/colorize-0.8.1/ri/Colorize/ClassMethods/disable_colorization-i.ri
-rw-r--r-- root/root       326 2021-06-14 10:36 usr/lib64/ruby/gems/3.0.0/doc/colorize-0.8.1/ri/Colorize/ClassMethods/mode_codes-i.ri
-rw-r--r-- root/root       349 2021-06-14 10:36 usr/lib64/ruby/gems/3.0.0/doc/colorize-0.8.1/ri/Colorize/ClassMethods/modes-i.ri
-rw-r--r-- root/root       339 2021-06-14 10:36 usr/lib64/ruby/gems/3.0.0/doc/colorize-0.8.1/ri/Colorize/ClassMethods/modes_methods-i.ri
drwxr-xr-x root/root         0 2021-06-14 10:36 usr/lib64/ruby/gems/3.0.0/doc/colorize-0.8.1/ri/Colorize/InstanceMethods/
-rw-r--r-- root/root       370 2021-06-14 10:36 usr/lib64/ruby/gems/3.0.0/doc/colorize-0.8.1/ri/Colorize/InstanceMethods/background_color-i.ri
-rw-r--r-- root/root       759 2021-06-14 10:36 usr/lib64/ruby/gems/3.0.0/doc/colorize-0.8.1/ri/Colorize/InstanceMethods/cdesc-InstanceMethods.ri
-rw-r--r-- root/root       348 2021-06-14 10:36 usr/lib64/ruby/gems/3.0.0/doc/colorize-0.8.1/ri/Colorize/InstanceMethods/color-i.ri
-rw-r--r-- root/root       376 2021-06-14 10:36 usr/lib64/ruby/gems/3.0.0/doc/colorize-0.8.1/ri/Colorize/InstanceMethods/color_from_symbol-i.ri
-rw-r--r-- root/root      1108 2021-06-14 10:36 usr/lib64/ruby/gems/3.0.0/doc/colorize-0.8.1/ri/Colorize/InstanceMethods/colorize-i.ri
-rw-r--r-- root/root       354 2021-06-14 10:36 usr/lib64/ruby/gems/3.0.0/doc/colorize-0.8.1/ri/Colorize/InstanceMethods/colorized%3f-i.ri
-rw-r--r-- root/root       371 2021-06-14 10:36 usr/lib64/ruby/gems/3.0.0/doc/colorize-0.8.1/ri/Colorize/InstanceMethods/colors_from_hash-i.ri
-rw-r--r-- root/root       371 2021-06-14 10:36 usr/lib64/ruby/gems/3.0.0/doc/colorize-0.8.1/ri/Colorize/InstanceMethods/colors_from_params-i.ri
-rw-r--r-- root/root       354 2021-06-14 10:36 usr/lib64/ruby/gems/3.0.0/doc/colorize-0.8.1/ri/Colorize/InstanceMethods/defaults_colors-i.ri
-rw-r--r-- root/root       317 2021-06-14 10:36 usr/lib64/ruby/gems/3.0.0/doc/colorize-0.8.1/ri/Colorize/InstanceMethods/mode-i.ri
-rw-r--r-- root/root       361 2021-06-14 10:36 usr/lib64/ruby/gems/3.0.0/doc/colorize-0.8.1/ri/Colorize/InstanceMethods/require_windows_libs-i.ri
-rw-r--r-- root/root       356 2021-06-14 10:36 usr/lib64/ruby/gems/3.0.0/doc/colorize-0.8.1/ri/Colorize/InstanceMethods/scan_for_colors-i.ri
-rw-r--r-- root/root       292 2021-06-14 10:36 usr/lib64/ruby/gems/3.0.0/doc/colorize-0.8.1/ri/Colorize/InstanceMethods/split_colors-i.ri
-rw-r--r-- root/root       345 2021-06-14 10:36 usr/lib64/ruby/gems/3.0.0/doc/colorize-0.8.1/ri/Colorize/InstanceMethods/uncolorize-i.ri
-rw-r--r-- root/root       410 2021-06-14 10:36 usr/lib64/ruby/gems/3.0.0/doc/colorize-0.8.1/ri/Colorize/cdesc-Colorize.ri
drwxr-xr-x root/root         0 2021-06-14 10:36 usr/lib64/ruby/gems/3.0.0/doc/colorize-0.8.1/ri/ColorizedString/
-rw-r--r-- root/root       354 2021-06-14 10:36 usr/lib64/ruby/gems/3.0.0/doc/colorize-0.8.1/ri/ColorizedString/%5b%5d-c.ri
-rw-r--r-- root/root       578 2021-06-14 10:36 usr/lib64/ruby/gems/3.0.0/doc/colorize-0.8.1/ri/ColorizedString/cdesc-ColorizedString.ri
drwxr-xr-x root/root         0 2021-06-14 10:36 usr/lib64/ruby/gems/3.0.0/doc/colorize-0.8.1/ri/String/
-rw-r--r-- root/root       531 2021-06-14 10:36 usr/lib64/ruby/gems/3.0.0/doc/colorize-0.8.1/ri/String/cdesc-String.ri
-rw-r--r-- root/root       920 2021-06-14 10:36 usr/lib64/ruby/gems/3.0.0/doc/colorize-0.8.1/ri/cache.ri
drwxr-xr-x root/root         0 2021-06-14 10:36 usr/lib64/ruby/gems/3.0.0/doc/csscss-1.3.3/
drwxr-xr-x root/root         0 2021-06-14 10:36 usr/lib64/ruby/gems/3.0.0/doc/csscss-1.3.3/ri/
-rw-r--r-- root/root       220 2021-06-14 10:36 usr/lib64/ruby/gems/3.0.0/doc/csscss-1.3.3/ri/cache.ri
drwxr-xr-x root/root         0 2021-06-14 10:36 usr/lib64/ruby/gems/3.0.0/doc/parslet-1.8.2/
drwxr-xr-x root/root         0 2021-06-14 10:36 usr/lib64/ruby/gems/3.0.0/doc/parslet-1.8.2/ri/
drwxr-xr-x root/root         0 2021-06-14 10:36 usr/lib64/ruby/gems/3.0.0/doc/parslet-1.8.2/ri/Parslet/
drwxr-xr-x root/root         0 2021-06-14 10:36 usr/lib64/ruby/gems/3.0.0/doc/parslet-1.8.2/ri/Parslet/Accelerator/
drwxr-xr-x root/root         0 2021-06-14 10:36 usr/lib64/ruby/gems/3.0.0/doc/parslet-1.8.2/ri/Parslet/Accelerator/Application/
-rw-r--r-- root/root       279 2021-06-14 10:36 usr/lib64/ruby/gems/3.0.0/doc/parslet-1.8.2/ri/Parslet/Accelerator/Application/call-i.ri
-rw-r--r-- root/root       751 2021-06-14 10:36 usr/lib64/ruby/gems/3.0.0/doc/parslet-1.8.2/ri/Parslet/Accelerator/Application/cdesc-Application.ri
-rw-r--r-- root/root       289 2021-06-14 10:36 usr/lib64/ruby/gems/3.0.0/doc/parslet-1.8.2/ri/Parslet/Accelerator/Application/new-c.ri
-rw-r--r-- root/root       293 2021-06-14 10:36 usr/lib64/ruby/gems/3.0.0/doc/parslet-1.8.2/ri/Parslet/Accelerator/Application/transform-i.ri
-rw-r--r-- root/root       317 2021-06-14 10:36 usr/lib64/ruby/gems/3.0.0/doc/parslet-1.8.2/ri/Parslet/Accelerator/Application/visit_alternative-i.ri
-rw-r--r-- root/root       306 2021-06-14 10:36 usr/lib64/ruby/gems/3.0.0/doc/parslet-1.8.2/ri/Parslet/Accelerator/Application/visit_entity-i.ri
-rw-r--r-- root/root       315 2021-06-14 10:36 usr/lib64/ruby/gems/3.0.0/doc/parslet-1.8.2/ri/Parslet/Accelerator/Application/visit_lookahead-i.ri
-rw-r--r-- root/root       303 2021-06-14 10:36 usr/lib64/ruby/gems/3.0.0/doc/parslet-1.8.2/ri/Parslet/Accelerator/Application/visit_named-i.ri
-rw-r--r-- root/root       299 2021-06-14 10:36 usr/lib64/ruby/gems/3.0.0/doc/parslet-1.8.2/ri/Parslet/Accelerator/Application/visit_parser-i.ri
-rw-r--r-- root/root       293 2021-06-14 10:36 usr/lib64/ruby/gems/3.0.0/doc/parslet-1.8.2/ri/Parslet/Accelerator/Application/visit_re-i.ri
-rw-r--r-- root/root       322 2021-06-14 10:36 usr/lib64/ruby/gems/3.0.0/doc/parslet-1.8.2/ri/Parslet/Accelerator/Application/visit_repetition-i.ri
-rw-r--r-- root/root       307 2021-06-14 10:36 usr/lib64/ruby/gems/3.0.0/doc/parslet-1.8.2/ri/Parslet/Accelerator/Application/visit_sequence-i.ri
-rw-r--r-- root/root       292 2021-06-14 10:36 usr/lib64/ruby/gems/3.0.0/doc/parslet-1.8.2/ri/Parslet/Accelerator/Application/visit_str-i.ri
drwxr-xr-x root/root         0 2021-06-14 10:36 usr/lib64/ruby/gems/3.0.0/doc/parslet-1.8.2/ri/Parslet/Accelerator/Apply/
-rw-r--r-- root/root       760 2021-06-14 10:36 usr/lib64/ruby/gems/3.0.0/doc/parslet-1.8.2/ri/Parslet/Accelerator/Apply/cdesc-Apply.ri
-rw-r--r-- root/root       283 2021-06-14 10:36 usr/lib64/ruby/gems/3.0.0/doc/parslet-1.8.2/ri/Parslet/Accelerator/Apply/match-i.ri
-rw-r--r-- root/root       273 2021-06-14 10:36 usr/lib64/ruby/gems/3.0.0/doc/parslet-1.8.2/ri/Parslet/Accelerator/Apply/new-c.ri
-rw-r--r-- root/root       300 2021-06-14 10:36 usr/lib64/ruby/gems/3.0.0/doc/parslet-1.8.2/ri/Parslet/Accelerator/Apply/visit_alternative-i.ri
-rw-r--r-- root/root       289 2021-06-14 10:36 usr/lib64/ruby/gems/3.0.0/doc/parslet-1.8.2/ri/Parslet/Accelerator/Apply/visit_entity-i.ri
-rw-r--r-- root/root       298 2021-06-14 10:36 usr/lib64/ruby/gems/3.0.0/doc/parslet-1.8.2/ri/Parslet/Accelerator/Apply/visit_lookahead-i.ri
-rw-r--r-- root/root       286 2021-06-14 10:36 usr/lib64/ruby/gems/3.0.0/doc/parslet-1.8.2/ri/Parslet/Accelerator/Apply/visit_named-i.ri
-rw-r--r-- root/root       282 2021-06-14 10:36 usr/lib64/ruby/gems/3.0.0/doc/parslet-1.8.2/ri/Parslet/Accelerator/Apply/visit_parser-i.ri
-rw-r--r-- root/root       276 2021-06-14 10:36 usr/lib64/ruby/gems/3.0.0/doc/parslet-1.8.2/ri/Parslet/Accelerator/Apply/visit_re-i.ri
-rw-r--r-- root/root       305 2021-06-14 10:36 usr/lib64/ruby/gems/3.0.0/doc/parslet-1.8.2/ri/Parslet/Accelerator/Apply/visit_repetition-i.ri
-rw-r--r-- root/root       290 2021-06-14 10:36 usr/lib64/ruby/gems/3.0.0/doc/parslet-1.8.2/ri/Parslet/Accelerator/Apply/visit_sequence-i.ri
-rw-r--r-- root/root       275 2021-06-14 10:36 usr/lib64/ruby/gems/3.0.0/doc/parslet-1.8.2/ri/Parslet/Accelerator/Apply/visit_str-i.ri
drwxr-xr-x root/root         0 2021-06-14 10:36 usr/lib64/ruby/gems/3.0.0/doc/parslet-1.8.2/ri/Parslet/Accelerator/Engine/
-rw-r--r-- root/root       272 2021-06-14 10:36 usr/lib64/ruby/gems/3.0.0/doc/parslet-1.8.2/ri/Parslet/Accelerator/Engine/bind-i.ri
-rw-r--r-- root/root       282 2021-06-14 10:36 usr/lib64/ruby/gems/3.0.0/doc/parslet-1.8.2/ri/Parslet/Accelerator/Engine/bindings-i.ri
-rw-r--r-- root/root       271 2021-06-14 10:36 usr/lib64/ruby/gems/3.0.0/doc/parslet-1.8.2/ri/Parslet/Accelerator/Engine/bound%3f-i.ri
-rw-r--r-- root/root       647 2021-06-14 10:36 usr/lib64/ruby/gems/3.0.0/doc/parslet-1.8.2/ri/Parslet/Accelerator/Engine/cdesc-Engine.ri
-rw-r--r-- root/root       271 2021-06-14 10:36 usr/lib64/ruby/gems/3.0.0/doc/parslet-1.8.2/ri/Parslet/Accelerator/Engine/lookup-i.ri
-rw-r--r-- root/root       276 2021-06-14 10:36 usr/lib64/ruby/gems/3.0.0/doc/parslet-1.8.2/ri/Parslet/Accelerator/Engine/match-i.ri
-rw-r--r-- root/root       263 2021-06-14 10:36 usr/lib64/ruby/gems/3.0.0/doc/parslet-1.8.2/ri/Parslet/Accelerator/Engine/new-c.ri
-rw-r--r-- root/root       287 2021-06-14 10:36 usr/lib64/ruby/gems/3.0.0/doc/parslet-1.8.2/ri/Parslet/Accelerator/Engine/try_bind-i.ri
drwxr-xr-x root/root         0 2021-06-14 10:36 usr/lib64/ruby/gems/3.0.0/doc/parslet-1.8.2/ri/Parslet/Accelerator/Expression/
-rw-r--r-- root/root       329 2021-06-14 10:36 usr/lib64/ruby/gems/3.0.0/doc/parslet-1.8.2/ri/Parslet/Accelerator/Expression/%3e%3e-i.ri
-rw-r--r-- root/root       327 2021-06-14 10:36 usr/lib64/ruby/gems/3.0.0/doc/parslet-1.8.2/ri/Parslet/Accelerator/Expression/%7c-i.ri
-rw-r--r-- root/root       329 2021-06-14 10:36 usr/lib64/ruby/gems/3.0.0/doc/parslet-1.8.2/ri/Parslet/Accelerator/Expression/absent%3f-i.ri
-rw-r--r-- root/root       275 2021-06-14 10:36 usr/lib64/ruby/gems/3.0.0/doc/parslet-1.8.2/ri/Parslet/Accelerator/Expression/args-i.ri
-rw-r--r-- root/root       323 2021-06-14 10:36 usr/lib64/ruby/gems/3.0.0/doc/parslet-1.8.2/ri/Parslet/Accelerator/Expression/as-i.ri
-rw-r--r-- root/root      1408 2021-06-14 10:36 usr/lib64/ruby/gems/3.0.0/doc/parslet-1.8.2/ri/Parslet/Accelerator/Expression/cdesc-Expression.ri
-rw-r--r-- root/root       372 2021-06-14 10:36 usr/lib64/ruby/gems/3.0.0/doc/parslet-1.8.2/ri/Parslet/Accelerator/Expression/join_or_new-i.ri
-rw-r--r-- root/root       275 2021-06-14 10:36 usr/lib64/ruby/gems/3.0.0/doc/parslet-1.8.2/ri/Parslet/Accelerator/Expression/new-c.ri
-rw-r--r-- root/root       331 2021-06-14 10:36 usr/lib64/ruby/gems/3.0.0/doc/parslet-1.8.2/ri/Parslet/Accelerator/Expression/present%3f-i.ri
-rw-r--r-- root/root       341 2021-06-14 10:36 usr/lib64/ruby/gems/3.0.0/doc/parslet-1.8.2/ri/Parslet/Accelerator/Expression/repeat-i.ri
-rw-r--r-- root/root       275 2021-06-14 10:36 usr/lib64/ruby/gems/3.0.0/doc/parslet-1.8.2/ri/Parslet/Accelerator/Expression/type-i.ri
-rw-r--r-- root/root       438 2021-06-14 10:36 usr/lib64/ruby/gems/3.0.0/doc/parslet-1.8.2/ri/Parslet/Accelerator/any-i.ri
-rw-r--r-- root/root      1137 2021-06-14 10:36 usr/lib64/ruby/gems/3.0.0/doc/parslet-1.8.2/ri/Parslet/Accelerator/apply-i.ri
-rw-r--r-- root/root      1329 2021-06-14 10:36 usr/lib64/ruby/gems/3.0.0/doc/parslet-1.8.2/ri/Parslet/Accelerator/cdesc-Accelerator.ri
-rw-r--r-- root/root       821 2021-06-14 10:36 usr/lib64/ruby/gems/3.0.0/doc/parslet-1.8.2/ri/Parslet/Accelerator/match-i.ri
-rw-r--r-- root/root       460 2021-06-14 10:36 usr/lib64/ruby/gems/3.0.0/doc/parslet-1.8.2/ri/Parslet/Accelerator/re-i.ri
-rw-r--r-- root/root       630 2021-06-14 10:36 usr/lib64/ruby/gems/3.0.0/doc/parslet-1.8.2/ri/Parslet/Accelerator/rule-i.ri
-rw-r--r-- root/root       460 2021-06-14 10:36 usr/lib64/ruby/gems/3.0.0/doc/parslet-1.8.2/ri/Parslet/Accelerator/str-i.ri
drwxr-xr-x root/root         0 2021-06-14 10:36 usr/lib64/ruby/gems/3.0.0/doc/parslet-1.8.2/ri/Parslet/Atoms/
drwxr-xr-x root/root         0 2021-06-14 10:36 usr/lib64/ruby/gems/3.0.0/doc/parslet-1.8.2/ri/Parslet/Atoms/Alternative/
-rw-r--r-- root/root       307 2021-06-14 10:36 usr/lib64/ruby/gems/3.0.0/doc/parslet-1.8.2/ri/Parslet/Atoms/Alternative/%7c-i.ri
-rw-r--r-- root/root       399 2021-06-14 10:36 usr/lib64/ruby/gems/3.0.0/doc/parslet-1.8.2/ri/Parslet/Atoms/Alternative/accept-i.ri
-rw-r--r-- root/root       287 2021-06-14 10:36 usr/lib64/ruby/gems/3.0.0/doc/parslet-1.8.2/ri/Parslet/Atoms/Alternative/alternatives-i.ri
-rw-r--r-- root/root      1014 2021-06-14 10:36 usr/lib64/ruby/gems/3.0.0/doc/parslet-1.8.2/ri/Parslet/Atoms/Alternative/cdesc-Alternative.ri
-rw-r--r-- root/root       277 2021-06-14 10:36 usr/lib64/ruby/gems/3.0.0/doc/parslet-1.8.2/ri/Parslet/Atoms/Alternative/error_msg-i.ri
-rw-r--r-- root/root       575 2021-06-14 10:36 usr/lib64/ruby/gems/3.0.0/doc/parslet-1.8.2/ri/Parslet/Atoms/Alternative/new-c.ri
-rw-r--r-- root/root       283 2021-06-14 10:36 usr/lib64/ruby/gems/3.0.0/doc/parslet-1.8.2/ri/Parslet/Atoms/Alternative/to_s_inner-i.ri
-rw-r--r-- root/root       293 2021-06-14 10:36 usr/lib64/ruby/gems/3.0.0/doc/parslet-1.8.2/ri/Parslet/Atoms/Alternative/try-i.ri
drwxr-xr-x root/root         0 2021-06-14 10:36 usr/lib64/ruby/gems/3.0.0/doc/parslet-1.8.2/ri/Parslet/Atoms/Base/
-rw-r--r-- root/root       260 2021-06-14 10:36 usr/lib64/ruby/gems/3.0.0/doc/parslet-1.8.2/ri/Parslet/Atoms/Base/accept-i.ri
-rw-r--r-- root/root       729 2021-06-14 10:36 usr/lib64/ruby/gems/3.0.0/doc/parslet-1.8.2/ri/Parslet/Atoms/Base/apply-i.ri
-rw-r--r-- root/root       437 2021-06-14 10:36 usr/lib64/ruby/gems/3.0.0/doc/parslet-1.8.2/ri/Parslet/Atoms/Base/cached%3f-i.ri
-rw-r--r-- root/root      1222 2021-06-14 10:36 usr/lib64/ruby/gems/3.0.0/doc/parslet-1.8.2/ri/Parslet/Atoms/Base/cdesc-Base.ri
-rw-r--r-- root/root       252 2021-06-14 10:36 usr/lib64/ruby/gems/3.0.0/doc/parslet-1.8.2/ri/Parslet/Atoms/Base/inspect-i.ri
-rw-r--r-- root/root       327 2021-06-14 10:36 usr/lib64/ruby/gems/3.0.0/doc/parslet-1.8.2/ri/Parslet/Atoms/Base/label-i.ri
-rw-r--r-- root/root       974 2021-06-14 10:36 usr/lib64/ruby/gems/3.0.0/doc/parslet-1.8.2/ri/Parslet/Atoms/Base/parse-i.ri
-rw-r--r-- root/root       927 2021-06-14 10:36 usr/lib64/ruby/gems/3.0.0/doc/parslet-1.8.2/ri/Parslet/Atoms/Base/parse_with_debug-i.ri
-rw-r--r-- root/root       336 2021-06-14 10:36 usr/lib64/ruby/gems/3.0.0/doc/parslet-1.8.2/ri/Parslet/Atoms/Base/precedence-c.ri
-rw-r--r-- root/root       640 2021-06-14 10:36 usr/lib64/ruby/gems/3.0.0/doc/parslet-1.8.2/ri/Parslet/Atoms/Base/setup_and_apply-i.ri
-rw-r--r-- root/root       338 2021-06-14 10:36 usr/lib64/ruby/gems/3.0.0/doc/parslet-1.8.2/ri/Parslet/Atoms/Base/succ-i.ri
-rw-r--r-- root/root       262 2021-06-14 10:36 usr/lib64/ruby/gems/3.0.0/doc/parslet-1.8.2/ri/Parslet/Atoms/Base/to_s-i.ri
-rw-r--r-- root/root       393 2021-06-14 10:36 usr/lib64/ruby/gems/3.0.0/doc/parslet-1.8.2/ri/Parslet/Atoms/Base/try-i.ri
drwxr-xr-x root/root         0 2021-06-14 10:36 usr/lib64/ruby/gems/3.0.0/doc/parslet-1.8.2/ri/Parslet/Atoms/CanFlatten/
-rw-r--r-- root/root      1227 2021-06-14 10:36 usr/lib64/ruby/gems/3.0.0/doc/parslet-1.8.2/ri/Parslet/Atoms/CanFlatten/cdesc-CanFlatten.ri
-rw-r--r-- root/root       691 2021-06-14 10:36 usr/lib64/ruby/gems/3.0.0/doc/parslet-1.8.2/ri/Parslet/Atoms/CanFlatten/flatten-i.ri
-rw-r--r-- root/root       655 2021-06-14 10:36 usr/lib64/ruby/gems/3.0.0/doc/parslet-1.8.2/ri/Parslet/Atoms/CanFlatten/flatten_repetition-i.ri
-rw-r--r-- root/root       431 2021-06-14 10:36 usr/lib64/ruby/gems/3.0.0/doc/parslet-1.8.2/ri/Parslet/Atoms/CanFlatten/flatten_sequence-i.ri
-rw-r--r-- root/root       402 2021-06-14 10:36 usr/lib64/ruby/gems/3.0.0/doc/parslet-1.8.2/ri/Parslet/Atoms/CanFlatten/foldl-i.ri
-rw-r--r-- root/root       332 2021-06-14 10:36 usr/lib64/ruby/gems/3.0.0/doc/parslet-1.8.2/ri/Parslet/Atoms/CanFlatten/merge_fold-i.ri
-rw-r--r-- root/root       504 2021-06-14 10:36 usr/lib64/ruby/gems/3.0.0/doc/parslet-1.8.2/ri/Parslet/Atoms/CanFlatten/warn_about_duplicate_keys-i.ri
drwxr-xr-x root/root         0 2021-06-14 10:36 usr/lib64/ruby/gems/3.0.0/doc/parslet-1.8.2/ri/Parslet/Atoms/Capture/
-rw-r--r-- root/root       285 2021-06-14 10:36 usr/lib64/ruby/gems/3.0.0/doc/parslet-1.8.2/ri/Parslet/Atoms/Capture/apply-i.ri
-rw-r--r-- root/root      1148 2021-06-14 10:36 usr/lib64/ruby/gems/3.0.0/doc/parslet-1.8.2/ri/Parslet/Atoms/Capture/cdesc-Capture.ri
-rw-r--r-- root/root       259 2021-06-14 10:36 usr/lib64/ruby/gems/3.0.0/doc/parslet-1.8.2/ri/Parslet/Atoms/Capture/name-i.ri
-rw-r--r-- root/root       267 2021-06-14 10:36 usr/lib64/ruby/gems/3.0.0/doc/parslet-1.8.2/ri/Parslet/Atoms/Capture/new-c.ri
-rw-r--r-- root/root       265 2021-06-14 10:36 usr/lib64/ruby/gems/3.0.0/doc/parslet-1.8.2/ri/Parslet/Atoms/Capture/parslet-i.ri
-rw-r--r-- root/root       271 2021-06-14 10:36 usr/lib64/ruby/gems/3.0.0/doc/parslet-1.8.2/ri/Parslet/Atoms/Capture/to_s_inner-i.ri
drwxr-xr-x root/root         0 2021-06-14 10:36 usr/lib64/ruby/gems/3.0.0/doc/parslet-1.8.2/ri/Parslet/Atoms/Context/
-rw-r--r-- root/root       539 2021-06-14 10:36 usr/lib64/ruby/gems/3.0.0/doc/parslet-1.8.2/ri/Parslet/Atoms/Context/captures-i.ri
-rw-r--r-- root/root       979 2021-06-14 10:36 usr/lib64/ruby/gems/3.0.0/doc/parslet-1.8.2/ri/Parslet/Atoms/Context/cdesc-Context.ri
-rw-r--r-- root/root       339 2021-06-14 10:36 usr/lib64/ruby/gems/3.0.0/doc/parslet-1.8.2/ri/Parslet/Atoms/Context/err-i.ri
-rw-r--r-- root/root       365 2021-06-14 10:36 usr/lib64/ruby/gems/3.0.0/doc/parslet-1.8.2/ri/Parslet/Atoms/Context/err_at-i.ri
-rw-r--r-- root/root       493 2021-06-14 10:36 usr/lib64/ruby/gems/3.0.0/doc/parslet-1.8.2/ri/Parslet/Atoms/Context/lookup-i.ri
-rw-r--r-- root/root       461 2021-06-14 10:36 usr/lib64/ruby/gems/3.0.0/doc/parslet-1.8.2/ri/Parslet/Atoms/Context/new-c.ri
-rw-r--r-- root/root       386 2021-06-14 10:36 usr/lib64/ruby/gems/3.0.0/doc/parslet-1.8.2/ri/Parslet/Atoms/Context/scope-i.ri
-rw-r--r-- root/root       267 2021-06-14 10:36 usr/lib64/ruby/gems/3.0.0/doc/parslet-1.8.2/ri/Parslet/Atoms/Context/set-i.ri
-rw-r--r-- root/root       362 2021-06-14 10:36 usr/lib64/ruby/gems/3.0.0/doc/parslet-1.8.2/ri/Parslet/Atoms/Context/succ-i.ri
-rw-r--r-- root/root       753 2021-06-14 10:36 usr/lib64/ruby/gems/3.0.0/doc/parslet-1.8.2/ri/Parslet/Atoms/Context/try_with_cache-i.ri
drwxr-xr-x root/root         0 2021-06-14 10:36 usr/lib64/ruby/gems/3.0.0/doc/parslet-1.8.2/ri/Parslet/Atoms/DSL/
-rw-r--r-- root/root       452 2021-06-14 10:36 usr/lib64/ruby/gems/3.0.0/doc/parslet-1.8.2/ri/Parslet/Atoms/DSL/%3e%3e-i.ri
-rw-r--r-- root/root       631 2021-06-14 10:36 usr/lib64/ruby/gems/3.0.0/doc/parslet-1.8.2/ri/Parslet/Atoms/DSL/%7c-i.ri
-rw-r--r-- root/root       639 2021-06-14 10:36 usr/lib64/ruby/gems/3.0.0/doc/parslet-1.8.2/ri/Parslet/Atoms/DSL/absent%3f-i.ri
-rw-r--r-- root/root       385 2021-06-14 10:36 usr/lib64/ruby/gems/3.0.0/doc/parslet-1.8.2/ri/Parslet/Atoms/DSL/absnt%3f-i.ri
-rw-r--r-- root/root       555 2021-06-14 10:36 usr/lib64/ruby/gems/3.0.0/doc/parslet-1.8.2/ri/Parslet/Atoms/DSL/as-i.ri
-rw-r--r-- root/root       666 2021-06-14 10:36 usr/lib64/ruby/gems/3.0.0/doc/parslet-1.8.2/ri/Parslet/Atoms/DSL/capture-i.ri
-rw-r--r-- root/root      1066 2021-06-14 10:36 usr/lib64/ruby/gems/3.0.0/doc/parslet-1.8.2/ri/Parslet/Atoms/DSL/cdesc-DSL.ri
-rw-r--r-- root/root       564 2021-06-14 10:36 usr/lib64/ruby/gems/3.0.0/doc/parslet-1.8.2/ri/Parslet/Atoms/DSL/ignore-i.ri
-rw-r--r-- root/root       627 2021-06-14 10:36 usr/lib64/ruby/gems/3.0.0/doc/parslet-1.8.2/ri/Parslet/Atoms/DSL/maybe-i.ri
-rw-r--r-- root/root       645 2021-06-14 10:36 usr/lib64/ruby/gems/3.0.0/doc/parslet-1.8.2/ri/Parslet/Atoms/DSL/present%3f-i.ri
-rw-r--r-- root/root       387 2021-06-14 10:36 usr/lib64/ruby/gems/3.0.0/doc/parslet-1.8.2/ri/Parslet/Atoms/DSL/prsnt%3f-i.ri
-rw-r--r-- root/root       679 2021-06-14 10:36 usr/lib64/ruby/gems/3.0.0/doc/parslet-1.8.2/ri/Parslet/Atoms/DSL/repeat-i.ri
drwxr-xr-x root/root         0 2021-06-14 10:36 usr/lib64/ruby/gems/3.0.0/doc/parslet-1.8.2/ri/Parslet/Atoms/Dynamic/
-rw-r--r-- root/root       261 2021-06-14 10:36 usr/lib64/ruby/gems/3.0.0/doc/parslet-1.8.2/ri/Parslet/Atoms/Dynamic/block-i.ri
-rw-r--r-- root/root       261 2021-06-14 10:36 usr/lib64/ruby/gems/3.0.0/doc/parslet-1.8.2/ri/Parslet/Atoms/Dynamic/cached%3f-i.ri
-rw-r--r-- root/root       977 2021-06-14 10:36 usr/lib64/ruby/gems/3.0.0/doc/parslet-1.8.2/ri/Parslet/Atoms/Dynamic/cdesc-Dynamic.ri
-rw-r--r-- root/root       259 2021-06-14 10:36 usr/lib64/ruby/gems/3.0.0/doc/parslet-1.8.2/ri/Parslet/Atoms/Dynamic/new-c.ri
-rw-r--r-- root/root       271 2021-06-14 10:36 usr/lib64/ruby/gems/3.0.0/doc/parslet-1.8.2/ri/Parslet/Atoms/Dynamic/to_s_inner-i.ri
-rw-r--r-- root/root       281 2021-06-14 10:36 usr/lib64/ruby/gems/3.0.0/doc/parslet-1.8.2/ri/Parslet/Atoms/Dynamic/try-i.ri
drwxr-xr-x root/root         0 2021-06-14 10:36 usr/lib64/ruby/gems/3.0.0/doc/parslet-1.8.2/ri/Parslet/Atoms/Entity/
-rw-r--r-- root/root       384 2021-06-14 10:36 usr/lib64/ruby/gems/3.0.0/doc/parslet-1.8.2/ri/Parslet/Atoms/Entity/accept-i.ri
-rw-r--r-- root/root       258 2021-06-14 10:36 usr/lib64/ruby/gems/3.0.0/doc/parslet-1.8.2/ri/Parslet/Atoms/Entity/block-i.ri
-rw-r--r-- root/root      1327 2021-06-14 10:36 usr/lib64/ruby/gems/3.0.0/doc/parslet-1.8.2/ri/Parslet/Atoms/Entity/cdesc-Entity.ri
-rw-r--r-- root/root       256 2021-06-14 10:36 usr/lib64/ruby/gems/3.0.0/doc/parslet-1.8.2/ri/Parslet/Atoms/Entity/name-i.ri
-rw-r--r-- root/root       274 2021-06-14 10:36 usr/lib64/ruby/gems/3.0.0/doc/parslet-1.8.2/ri/Parslet/Atoms/Entity/new-c.ri
-rw-r--r-- root/root       258 2021-06-14 10:36 usr/lib64/ruby/gems/3.0.0/doc/parslet-1.8.2/ri/Parslet/Atoms/Entity/parslet-i.ri
-rw-r--r-- root/root       287 2021-06-14 10:36 usr/lib64/ruby/gems/3.0.0/doc/parslet-1.8.2/ri/Parslet/Atoms/Entity/raise_not_implemented-i.ri
-rw-r--r-- root/root       268 2021-06-14 10:36 usr/lib64/ruby/gems/3.0.0/doc/parslet-1.8.2/ri/Parslet/Atoms/Entity/to_s_inner-i.ri
-rw-r--r-- root/root       278 2021-06-14 10:36 usr/lib64/ruby/gems/3.0.0/doc/parslet-1.8.2/ri/Parslet/Atoms/Entity/try-i.ri
drwxr-xr-x root/root         0 2021-06-14 10:36 usr/lib64/ruby/gems/3.0.0/doc/parslet-1.8.2/ri/Parslet/Atoms/Ignored/
-rw-r--r-- root/root       285 2021-06-14 10:36 usr/lib64/ruby/gems/3.0.0/doc/parslet-1.8.2/ri/Parslet/Atoms/Ignored/apply-i.ri
-rw-r--r-- root/root       776 2021-06-14 10:36 usr/lib64/ruby/gems/3.0.0/doc/parslet-1.8.2/ri/Parslet/Atoms/Ignored/cdesc-Ignored.ri
-rw-r--r-- root/root       261 2021-06-14 10:36 usr/lib64/ruby/gems/3.0.0/doc/parslet-1.8.2/ri/Parslet/Atoms/Ignored/new-c.ri
-rw-r--r-- root/root       265 2021-06-14 10:36 usr/lib64/ruby/gems/3.0.0/doc/parslet-1.8.2/ri/Parslet/Atoms/Ignored/parslet-i.ri
-rw-r--r-- root/root       271 2021-06-14 10:36 usr/lib64/ruby/gems/3.0.0/doc/parslet-1.8.2/ri/Parslet/Atoms/Ignored/to_s_inner-i.ri
drwxr-xr-x root/root         0 2021-06-14 10:36 usr/lib64/ruby/gems/3.0.0/doc/parslet-1.8.2/ri/Parslet/Atoms/Infix/
-rw-r--r-- root/root       256 2021-06-14 10:36 usr/lib64/ruby/gems/3.0.0/doc/parslet-1.8.2/ri/Parslet/Atoms/Infix/abort-i.ri
-rw-r--r-- root/root       269 2021-06-14 10:36 usr/lib64/ruby/gems/3.0.0/doc/parslet-1.8.2/ri/Parslet/Atoms/Infix/catch_error-i.ri
-rw-r--r-- root/root       690 2021-06-14 10:36 usr/lib64/ruby/gems/3.0.0/doc/parslet-1.8.2/ri/Parslet/Atoms/Infix/cdesc-Infix.ri
-rw-r--r-- root/root       259 2021-06-14 10:36 usr/lib64/ruby/gems/3.0.0/doc/parslet-1.8.2/ri/Parslet/Atoms/Infix/element-i.ri
-rw-r--r-- root/root       299 2021-06-14 10:36 usr/lib64/ruby/gems/3.0.0/doc/parslet-1.8.2/ri/Parslet/Atoms/Infix/match_operation-i.ri
-rw-r--r-- root/root       277 2021-06-14 10:36 usr/lib64/ruby/gems/3.0.0/doc/parslet-1.8.2/ri/Parslet/Atoms/Infix/new-c.ri
-rw-r--r-- root/root       265 2021-06-14 10:36 usr/lib64/ruby/gems/3.0.0/doc/parslet-1.8.2/ri/Parslet/Atoms/Infix/operations-i.ri
-rw-r--r-- root/root       804 2021-06-14 10:36 usr/lib64/ruby/gems/3.0.0/doc/parslet-1.8.2/ri/Parslet/Atoms/Infix/precedence_climb-i.ri
-rw-r--r-- root/root       413 2021-06-14 10:36 usr/lib64/ruby/gems/3.0.0/doc/parslet-1.8.2/ri/Parslet/Atoms/Infix/produce_tree-i.ri
-rw-r--r-- root/root       259 2021-06-14 10:36 usr/lib64/ruby/gems/3.0.0/doc/parslet-1.8.2/ri/Parslet/Atoms/Infix/reducer-i.ri
-rw-r--r-- root/root       265 2021-06-14 10:36 usr/lib64/ruby/gems/3.0.0/doc/parslet-1.8.2/ri/Parslet/Atoms/Infix/to_s_inner-i.ri
-rw-r--r-- root/root       275 2021-06-14 10:36 usr/lib64/ruby/gems/3.0.0/doc/parslet-1.8.2/ri/Parslet/Atoms/Infix/try-i.ri
-rw-r--r-- root/root       257 2021-06-14 10:36 usr/lib64/ruby/gems/3.0.0/doc/parslet-1.8.2/ri/Parslet/Atoms/Infix/unwrap-i.ri
drwxr-xr-x root/root         0 2021-06-14 10:36 usr/lib64/ruby/gems/3.0.0/doc/parslet-1.8.2/ri/Parslet/Atoms/Lookahead/
-rw-r--r-- root/root       393 2021-06-14 10:36 usr/lib64/ruby/gems/3.0.0/doc/parslet-1.8.2/ri/Parslet/Atoms/Lookahead/accept-i.ri
-rw-r--r-- root/root       283 2021-06-14 10:36 usr/lib64/ruby/gems/3.0.0/doc/parslet-1.8.2/ri/Parslet/Atoms/Lookahead/bound_parslet-i.ri
-rw-r--r-- root/root       978 2021-06-14 10:36 usr/lib64/ruby/gems/3.0.0/doc/parslet-1.8.2/ri/Parslet/Atoms/Lookahead/cdesc-Lookahead.ri
-rw-r--r-- root/root       273 2021-06-14 10:36 usr/lib64/ruby/gems/3.0.0/doc/parslet-1.8.2/ri/Parslet/Atoms/Lookahead/error_msgs-i.ri
-rw-r--r-- root/root       288 2021-06-14 10:36 usr/lib64/ruby/gems/3.0.0/doc/parslet-1.8.2/ri/Parslet/Atoms/Lookahead/new-c.ri
-rw-r--r-- root/root       273 2021-06-14 10:36 usr/lib64/ruby/gems/3.0.0/doc/parslet-1.8.2/ri/Parslet/Atoms/Lookahead/positive-i.ri
-rw-r--r-- root/root       277 2021-06-14 10:36 usr/lib64/ruby/gems/3.0.0/doc/parslet-1.8.2/ri/Parslet/Atoms/Lookahead/to_s_inner-i.ri
-rw-r--r-- root/root       287 2021-06-14 10:36 usr/lib64/ruby/gems/3.0.0/doc/parslet-1.8.2/ri/Parslet/Atoms/Lookahead/try-i.ri
drwxr-xr-x root/root         0 2021-06-14 10:36 usr/lib64/ruby/gems/3.0.0/doc/parslet-1.8.2/ri/Parslet/Atoms/Named/
-rw-r--r-- root/root       381 2021-06-14 10:36 usr/lib64/ruby/gems/3.0.0/doc/parslet-1.8.2/ri/Parslet/Atoms/Named/accept-i.ri
-rw-r--r-- root/root       279 2021-06-14 10:36 usr/lib64/ruby/gems/3.0.0/doc/parslet-1.8.2/ri/Parslet/Atoms/Named/apply-i.ri
-rw-r--r-- root/root       970 2021-06-14 10:36 usr/lib64/ruby/gems/3.0.0/doc/parslet-1.8.2/ri/Parslet/Atoms/Named/cdesc-Named.ri
-rw-r--r-- root/root       253 2021-06-14 10:36 usr/lib64/ruby/gems/3.0.0/doc/parslet-1.8.2/ri/Parslet/Atoms/Named/name-i.ri
-rw-r--r-- root/root       261 2021-06-14 10:36 usr/lib64/ruby/gems/3.0.0/doc/parslet-1.8.2/ri/Parslet/Atoms/Named/new-c.ri
-rw-r--r-- root/root       259 2021-06-14 10:36 usr/lib64/ruby/gems/3.0.0/doc/parslet-1.8.2/ri/Parslet/Atoms/Named/parslet-i.ri
-rw-r--r-- root/root       285 2021-06-14 10:36 usr/lib64/ruby/gems/3.0.0/doc/parslet-1.8.2/ri/Parslet/Atoms/Named/produce_return_value-i.ri
-rw-r--r-- root/root       265 2021-06-14 10:36 usr/lib64/ruby/gems/3.0.0/doc/parslet-1.8.2/ri/Parslet/Atoms/Named/to_s_inner-i.ri
drwxr-xr-x root/root         0 2021-06-14 10:36 usr/lib64/ruby/gems/3.0.0/doc/parslet-1.8.2/ri/Parslet/Atoms/Precedence/
-rw-r--r-- root/root      1132 2021-06-14 10:36 usr/lib64/ruby/gems/3.0.0/doc/parslet-1.8.2/ri/Parslet/Atoms/Precedence/cdesc-Precedence.ri
drwxr-xr-x root/root         0 2021-06-14 10:36 usr/lib64/ruby/gems/3.0.0/doc/parslet-1.8.2/ri/Parslet/Atoms/Re/
-rw-r--r-- root/root       365 2021-06-14 10:36 usr/lib64/ruby/gems/3.0.0/doc/parslet-1.8.2/ri/Parslet/Atoms/Re/accept-i.ri
-rw-r--r-- root/root      1085 2021-06-14 10:36 usr/lib64/ruby/gems/3.0.0/doc/parslet-1.8.2/ri/Parslet/Atoms/Re/cdesc-Re.ri
-rw-r--r-- root/root       252 2021-06-14 10:36 usr/lib64/ruby/gems/3.0.0/doc/parslet-1.8.2/ri/Parslet/Atoms/Re/error_msgs-i.ri
-rw-r--r-- root/root       246 2021-06-14 10:36 usr/lib64/ruby/gems/3.0.0/doc/parslet-1.8.2/ri/Parslet/Atoms/Re/match-i.ri
-rw-r--r-- root/root       244 2021-06-14 10:36 usr/lib64/ruby/gems/3.0.0/doc/parslet-1.8.2/ri/Parslet/Atoms/Re/new-c.ri
-rw-r--r-- root/root       240 2021-06-14 10:36 usr/lib64/ruby/gems/3.0.0/doc/parslet-1.8.2/ri/Parslet/Atoms/Re/re-i.ri
-rw-r--r-- root/root       256 2021-06-14 10:36 usr/lib64/ruby/gems/3.0.0/doc/parslet-1.8.2/ri/Parslet/Atoms/Re/to_s_inner-i.ri
-rw-r--r-- root/root       266 2021-06-14 10:36 usr/lib64/ruby/gems/3.0.0/doc/parslet-1.8.2/ri/Parslet/Atoms/Re/try-i.ri
drwxr-xr-x root/root         0 2021-06-14 10:36 usr/lib64/ruby/gems/3.0.0/doc/parslet-1.8.2/ri/Parslet/Atoms/Repetition/
-rw-r--r-- root/root       396 2021-06-14 10:36 usr/lib64/ruby/gems/3.0.0/doc/parslet-1.8.2/ri/Parslet/Atoms/Repetition/accept-i.ri
-rw-r--r-- root/root      1041 2021-06-14 10:36 usr/lib64/ruby/gems/3.0.0/doc/parslet-1.8.2/ri/Parslet/Atoms/Repetition/cdesc-Repetition.ri
-rw-r--r-- root/root       276 2021-06-14 10:36 usr/lib64/ruby/gems/3.0.0/doc/parslet-1.8.2/ri/Parslet/Atoms/Repetition/error_msgs-i.ri
-rw-r--r-- root/root       266 2021-06-14 10:36 usr/lib64/ruby/gems/3.0.0/doc/parslet-1.8.2/ri/Parslet/Atoms/Repetition/max-i.ri
-rw-r--r-- root/root       266 2021-06-14 10:36 usr/lib64/ruby/gems/3.0.0/doc/parslet-1.8.2/ri/Parslet/Atoms/Repetition/min-i.ri
-rw-r--r-- root/root       297 2021-06-14 10:36 usr/lib64/ruby/gems/3.0.0/doc/parslet-1.8.2/ri/Parslet/Atoms/Repetition/new-c.ri
-rw-r--r-- root/root       274 2021-06-14 10:36 usr/lib64/ruby/gems/3.0.0/doc/parslet-1.8.2/ri/Parslet/Atoms/Repetition/parslet-i.ri
-rw-r--r-- root/root       280 2021-06-14 10:36 usr/lib64/ruby/gems/3.0.0/doc/parslet-1.8.2/ri/Parslet/Atoms/Repetition/to_s_inner-i.ri
-rw-r--r-- root/root       290 2021-06-14 10:36 usr/lib64/ruby/gems/3.0.0/doc/parslet-1.8.2/ri/Parslet/Atoms/Repetition/try-i.ri
drwxr-xr-x root/root         0 2021-06-14 10:36 usr/lib64/ruby/gems/3.0.0/doc/parslet-1.8.2/ri/Parslet/Atoms/Scope/
-rw-r--r-- root/root       279 2021-06-14 10:36 usr/lib64/ruby/gems/3.0.0/doc/parslet-1.8.2/ri/Parslet/Atoms/Scope/apply-i.ri
-rw-r--r-- root/root       255 2021-06-14 10:36 usr/lib64/ruby/gems/3.0.0/doc/parslet-1.8.2/ri/Parslet/Atoms/Scope/block-i.ri
-rw-r--r-- root/root       255 2021-06-14 10:36 usr/lib64/ruby/gems/3.0.0/doc/parslet-1.8.2/ri/Parslet/Atoms/Scope/cached%3f-i.ri
-rw-r--r-- root/root       653 2021-06-14 10:36 usr/lib64/ruby/gems/3.0.0/doc/parslet-1.8.2/ri/Parslet/Atoms/Scope/cdesc-Scope.ri
-rw-r--r-- root/root       253 2021-06-14 10:36 usr/lib64/ruby/gems/3.0.0/doc/parslet-1.8.2/ri/Parslet/Atoms/Scope/new-c.ri
-rw-r--r-- root/root       265 2021-06-14 10:36 usr/lib64/ruby/gems/3.0.0/doc/parslet-1.8.2/ri/Parslet/Atoms/Scope/to_s_inner-i.ri
drwxr-xr-x root/root         0 2021-06-14 10:36 usr/lib64/ruby/gems/3.0.0/doc/parslet-1.8.2/ri/Parslet/Atoms/Sequence/
-rw-r--r-- root/root       261 2021-06-14 10:36 usr/lib64/ruby/gems/3.0.0/doc/parslet-1.8.2/ri/Parslet/Atoms/Sequence/%3e%3e-i.ri
-rw-r--r-- root/root       390 2021-06-14 10:36 usr/lib64/ruby/gems/3.0.0/doc/parslet-1.8.2/ri/Parslet/Atoms/Sequence/accept-i.ri
-rw-r--r-- root/root       930 2021-06-14 10:36 usr/lib64/ruby/gems/3.0.0/doc/parslet-1.8.2/ri/Parslet/Atoms/Sequence/cdesc-Sequence.ri
-rw-r--r-- root/root       270 2021-06-14 10:36 usr/lib64/ruby/gems/3.0.0/doc/parslet-1.8.2/ri/Parslet/Atoms/Sequence/error_msgs-i.ri
-rw-r--r-- root/root       266 2021-06-14 10:36 usr/lib64/ruby/gems/3.0.0/doc/parslet-1.8.2/ri/Parslet/Atoms/Sequence/new-c.ri
-rw-r--r-- root/root       270 2021-06-14 10:36 usr/lib64/ruby/gems/3.0.0/doc/parslet-1.8.2/ri/Parslet/Atoms/Sequence/parslets-i.ri
-rw-r--r-- root/root       274 2021-06-14 10:36 usr/lib64/ruby/gems/3.0.0/doc/parslet-1.8.2/ri/Parslet/Atoms/Sequence/to_s_inner-i.ri
-rw-r--r-- root/root       284 2021-06-14 10:36 usr/lib64/ruby/gems/3.0.0/doc/parslet-1.8.2/ri/Parslet/Atoms/Sequence/try-i.ri
drwxr-xr-x root/root         0 2021-06-14 10:36 usr/lib64/ruby/gems/3.0.0/doc/parslet-1.8.2/ri/Parslet/Atoms/Str/
-rw-r--r-- root/root       368 2021-06-14 10:36 usr/lib64/ruby/gems/3.0.0/doc/parslet-1.8.2/ri/Parslet/Atoms/Str/accept-i.ri
-rw-r--r-- root/root       838 2021-06-14 10:36 usr/lib64/ruby/gems/3.0.0/doc/parslet-1.8.2/ri/Parslet/Atoms/Str/cdesc-Str.ri
-rw-r--r-- root/root       255 2021-06-14 10:36 usr/lib64/ruby/gems/3.0.0/doc/parslet-1.8.2/ri/Parslet/Atoms/Str/error_msgs-i.ri
-rw-r--r-- root/root       245 2021-06-14 10:36 usr/lib64/ruby/gems/3.0.0/doc/parslet-1.8.2/ri/Parslet/Atoms/Str/new-c.ri
-rw-r--r-- root/root       245 2021-06-14 10:36 usr/lib64/ruby/gems/3.0.0/doc/parslet-1.8.2/ri/Parslet/Atoms/Str/str-i.ri
-rw-r--r-- root/root       259 2021-06-14 10:36 usr/lib64/ruby/gems/3.0.0/doc/parslet-1.8.2/ri/Parslet/Atoms/Str/to_s_inner-i.ri
-rw-r--r-- root/root       269 2021-06-14 10:36 usr/lib64/ruby/gems/3.0.0/doc/parslet-1.8.2/ri/Parslet/Atoms/Str/try-i.ri
-rw-r--r-- root/root      1215 2021-06-14 10:36 usr/lib64/ruby/gems/3.0.0/doc/parslet-1.8.2/ri/Parslet/Atoms/cdesc-Atoms.ri
drwxr-xr-x root/root         0 2021-06-14 10:36 usr/lib64/ruby/gems/3.0.0/doc/parslet-1.8.2/ri/Parslet/Cause/
-rw-r--r-- root/root       269 2021-06-14 10:36 usr/lib64/ruby/gems/3.0.0/doc/parslet-1.8.2/ri/Parslet/Cause/append_prefix-i.ri
-rw-r--r-- root/root       374 2021-06-14 10:36 usr/lib64/ruby/gems/3.0.0/doc/parslet-1.8.2/ri/Parslet/Cause/ascii_tree-i.ri
-rw-r--r-- root/root       862 2021-06-14 10:36 usr/lib64/ruby/gems/3.0.0/doc/parslet-1.8.2/ri/Parslet/Cause/cdesc-Cause.ri
-rw-r--r-- root/root       521 2021-06-14 10:36 usr/lib64/ruby/gems/3.0.0/doc/parslet-1.8.2/ri/Parslet/Cause/children-i.ri
-rw-r--r-- root/root       926 2021-06-14 10:36 usr/lib64/ruby/gems/3.0.0/doc/parslet-1.8.2/ri/Parslet/Cause/format-c.ri
-rw-r--r-- root/root       457 2021-06-14 10:36 usr/lib64/ruby/gems/3.0.0/doc/parslet-1.8.2/ri/Parslet/Cause/message-i.ri
-rw-r--r-- root/root       265 2021-06-14 10:36 usr/lib64/ruby/gems/3.0.0/doc/parslet-1.8.2/ri/Parslet/Cause/new-c.ri
-rw-r--r-- root/root       404 2021-06-14 10:36 usr/lib64/ruby/gems/3.0.0/doc/parslet-1.8.2/ri/Parslet/Cause/pos-i.ri
-rw-r--r-- root/root       430 2021-06-14 10:36 usr/lib64/ruby/gems/3.0.0/doc/parslet-1.8.2/ri/Parslet/Cause/raise-i.ri
-rw-r--r-- root/root       289 2021-06-14 10:36 usr/lib64/ruby/gems/3.0.0/doc/parslet-1.8.2/ri/Parslet/Cause/recursive_ascii_tree-i.ri
-rw-r--r-- root/root       418 2021-06-14 10:36 usr/lib64/ruby/gems/3.0.0/doc/parslet-1.8.2/ri/Parslet/Cause/set_label-i.ri
-rw-r--r-- root/root       436 2021-06-14 10:36 usr/lib64/ruby/gems/3.0.0/doc/parslet-1.8.2/ri/Parslet/Cause/source-i.ri
-rw-r--r-- root/root       236 2021-06-14 10:36 usr/lib64/ruby/gems/3.0.0/doc/parslet-1.8.2/ri/Parslet/Cause/to_s-i.ri
drwxr-xr-x root/root         0 2021-06-14 10:36 usr/lib64/ruby/gems/3.0.0/doc/parslet-1.8.2/ri/Parslet/ClassMethods/
-rw-r--r-- root/root       421 2021-06-14 10:36 usr/lib64/ruby/gems/3.0.0/doc/parslet-1.8.2/ri/Parslet/ClassMethods/cdesc-ClassMethods.ri
-rw-r--r-- root/root       777 2021-06-14 10:36 usr/lib64/ruby/gems/3.0.0/doc/parslet-1.8.2/ri/Parslet/ClassMethods/rule-i.ri
drwxr-xr-x root/root         0 2021-06-14 10:36 usr/lib64/ruby/gems/3.0.0/doc/parslet-1.8.2/ri/Parslet/Context/
-rw-r--r-- root/root       855 2021-06-14 10:36 usr/lib64/ruby/gems/3.0.0/doc/parslet-1.8.2/ri/Parslet/Context/cdesc-Context.ri
-rw-r--r-- root/root       249 2021-06-14 10:36 usr/lib64/ruby/gems/3.0.0/doc/parslet-1.8.2/ri/Parslet/Context/new-c.ri
drwxr-xr-x root/root         0 2021-06-14 10:36 usr/lib64/ruby/gems/3.0.0/doc/parslet-1.8.2/ri/Parslet/DelayedMatchConstructor/
-rw-r--r-- root/root       265 2021-06-14 10:36 usr/lib64/ruby/gems/3.0.0/doc/parslet-1.8.2/ri/Parslet/DelayedMatchConstructor/%5b%5d-i.ri
-rw-r--r-- root/root       610 2021-06-14 10:36 usr/lib64/ruby/gems/3.0.0/doc/parslet-1.8.2/ri/Parslet/DelayedMatchConstructor/cdesc-DelayedMatchConstructor.ri
drwxr-xr-x root/root         0 2021-06-14 10:36 usr/lib64/ruby/gems/3.0.0/doc/parslet-1.8.2/ri/Parslet/ErrorReporter/
drwxr-xr-x root/root         0 2021-06-14 10:36 usr/lib64/ruby/gems/3.0.0/doc/parslet-1.8.2/ri/Parslet/ErrorReporter/Contextual/
-rw-r--r-- root/root      2690 2021-06-14 10:36 usr/lib64/ruby/gems/3.0.0/doc/parslet-1.8.2/ri/Parslet/ErrorReporter/Contextual/cdesc-Contextual.ri
-rw-r--r-- root/root      1021 2021-06-14 10:36 usr/lib64/ruby/gems/3.0.0/doc/parslet-1.8.2/ri/Parslet/ErrorReporter/Contextual/err-i.ri
-rw-r--r-- root/root       280 2021-06-14 10:36 usr/lib64/ruby/gems/3.0.0/doc/parslet-1.8.2/ri/Parslet/ErrorReporter/Contextual/new-c.ri
-rw-r--r-- root/root       376 2021-06-14 10:36 usr/lib64/ruby/gems/3.0.0/doc/parslet-1.8.2/ri/Parslet/ErrorReporter/Contextual/reset-i.ri
-rw-r--r-- root/root       697 2021-06-14 10:36 usr/lib64/ruby/gems/3.0.0/doc/parslet-1.8.2/ri/Parslet/ErrorReporter/Contextual/succ-i.ri
-rw-r--r-- root/root       665 2021-06-14 10:36 usr/lib64/ruby/gems/3.0.0/doc/parslet-1.8.2/ri/Parslet/ErrorReporter/Contextual/update_label-i.ri
drwxr-xr-x root/root         0 2021-06-14 10:36 usr/lib64/ruby/gems/3.0.0/doc/parslet-1.8.2/ri/Parslet/ErrorReporter/Deepest/
-rw-r--r-- root/root      1291 2021-06-14 10:36 usr/lib64/ruby/gems/3.0.0/doc/parslet-1.8.2/ri/Parslet/ErrorReporter/Deepest/cdesc-Deepest.ri
-rw-r--r-- root/root       601 2021-06-14 10:36 usr/lib64/ruby/gems/3.0.0/doc/parslet-1.8.2/ri/Parslet/ErrorReporter/Deepest/deepest-i.ri
-rw-r--r-- root/root       302 2021-06-14 10:36 usr/lib64/ruby/gems/3.0.0/doc/parslet-1.8.2/ri/Parslet/ErrorReporter/Deepest/deepest_cause-i.ri
-rw-r--r-- root/root       405 2021-06-14 10:36 usr/lib64/ruby/gems/3.0.0/doc/parslet-1.8.2/ri/Parslet/ErrorReporter/Deepest/deepest_child-i.ri
-rw-r--r-- root/root       944 2021-06-14 10:36 usr/lib64/ruby/gems/3.0.0/doc/parslet-1.8.2/ri/Parslet/ErrorReporter/Deepest/err-i.ri
-rw-r--r-- root/root      1014 2021-06-14 10:36 usr/lib64/ruby/gems/3.0.0/doc/parslet-1.8.2/ri/Parslet/ErrorReporter/Deepest/err_at-i.ri
-rw-r--r-- root/root       271 2021-06-14 10:36 usr/lib64/ruby/gems/3.0.0/doc/parslet-1.8.2/ri/Parslet/ErrorReporter/Deepest/new-c.ri
-rw-r--r-- root/root       414 2021-06-14 10:36 usr/lib64/ruby/gems/3.0.0/doc/parslet-1.8.2/ri/Parslet/ErrorReporter/Deepest/succ-i.ri
drwxr-xr-x root/root         0 2021-06-14 10:36 usr/lib64/ruby/gems/3.0.0/doc/parslet-1.8.2/ri/Parslet/ErrorReporter/Tree/
-rw-r--r-- root/root      1748 2021-06-14 10:36 usr/lib64/ruby/gems/3.0.0/doc/parslet-1.8.2/ri/Parslet/ErrorReporter/Tree/cdesc-Tree.ri
-rw-r--r-- root/root       935 2021-06-14 10:36 usr/lib64/ruby/gems/3.0.0/doc/parslet-1.8.2/ri/Parslet/ErrorReporter/Tree/err-i.ri
-rw-r--r-- root/root      1005 2021-06-14 10:36 usr/lib64/ruby/gems/3.0.0/doc/parslet-1.8.2/ri/Parslet/ErrorReporter/Tree/err_at-i.ri
-rw-r--r-- root/root       405 2021-06-14 10:36 usr/lib64/ruby/gems/3.0.0/doc/parslet-1.8.2/ri/Parslet/ErrorReporter/Tree/succ-i.ri
-rw-r--r-- root/root       655 2021-06-14 10:36 usr/lib64/ruby/gems/3.0.0/doc/parslet-1.8.2/ri/Parslet/ErrorReporter/cdesc-ErrorReporter.ri
drwxr-xr-x root/root         0 2021-06-14 10:36 usr/lib64/ruby/gems/3.0.0/doc/parslet-1.8.2/ri/Parslet/Expression/
drwxr-xr-x root/root         0 2021-06-14 10:36 usr/lib64/ruby/gems/3.0.0/doc/parslet-1.8.2/ri/Parslet/Expression/Treetop/
drwxr-xr-x root/root         0 2021-06-14 10:36 usr/lib64/ruby/gems/3.0.0/doc/parslet-1.8.2/ri/Parslet/Expression/Treetop/Parser/
-rw-r--r-- root/root       510 2021-06-14 10:36 usr/lib64/ruby/gems/3.0.0/doc/parslet-1.8.2/ri/Parslet/Expression/Treetop/Parser/cdesc-Parser.ri
-rw-r--r-- root/root       279 2021-06-14 10:36 usr/lib64/ruby/gems/3.0.0/doc/parslet-1.8.2/ri/Parslet/Expression/Treetop/Parser/spaced-i.ri
drwxr-xr-x root/root         0 2021-06-14 10:36 usr/lib64/ruby/gems/3.0.0/doc/parslet-1.8.2/ri/Parslet/Expression/Treetop/Transform/
-rw-r--r-- root/root       464 2021-06-14 10:36 usr/lib64/ruby/gems/3.0.0/doc/parslet-1.8.2/ri/Parslet/Expression/Treetop/Transform/cdesc-Transform.ri
-rw-r--r-- root/root       403 2021-06-14 10:36 usr/lib64/ruby/gems/3.0.0/doc/parslet-1.8.2/ri/Parslet/Expression/Treetop/cdesc-Treetop.ri
-rw-r--r-- root/root       983 2021-06-14 10:36 usr/lib64/ruby/gems/3.0.0/doc/parslet-1.8.2/ri/Parslet/Expression/cdesc-Expression.ri
-rw-r--r-- root/root       502 2021-06-14 10:36 usr/lib64/ruby/gems/3.0.0/doc/parslet-1.8.2/ri/Parslet/Expression/new-c.ri
-rw-r--r-- root/root       337 2021-06-14 10:36 usr/lib64/ruby/gems/3.0.0/doc/parslet-1.8.2/ri/Parslet/Expression/parse-i.ri
-rw-r--r-- root/root       338 2021-06-14 10:36 usr/lib64/ruby/gems/3.0.0/doc/parslet-1.8.2/ri/Parslet/Expression/to_parslet-i.ri
-rw-r--r-- root/root       355 2021-06-14 10:36 usr/lib64/ruby/gems/3.0.0/doc/parslet-1.8.2/ri/Parslet/Expression/transform-i.ri
drwxr-xr-x root/root         0 2021-06-14 10:36 usr/lib64/ruby/gems/3.0.0/doc/parslet-1.8.2/ri/Parslet/Graphable/
-rw-r--r-- root/root       434 2021-06-14 10:36 usr/lib64/ruby/gems/3.0.0/doc/parslet-1.8.2/ri/Parslet/Graphable/cdesc-Graphable.ri
-rw-r--r-- root/root       254 2021-06-14 10:36 usr/lib64/ruby/gems/3.0.0/doc/parslet-1.8.2/ri/Parslet/Graphable/graph-i.ri
drwxr-xr-x root/root         0 2021-06-14 10:36 usr/lib64/ruby/gems/3.0.0/doc/parslet-1.8.2/ri/Parslet/GraphvizVisitor/
-rw-r--r-- root/root       766 2021-06-14 10:36 usr/lib64/ruby/gems/3.0.0/doc/parslet-1.8.2/ri/Parslet/GraphvizVisitor/cdesc-GraphvizVisitor.ri
-rw-r--r-- root/root       274 2021-06-14 10:36 usr/lib64/ruby/gems/3.0.0/doc/parslet-1.8.2/ri/Parslet/GraphvizVisitor/downwards-i.ri
-rw-r--r-- root/root       266 2021-06-14 10:36 usr/lib64/ruby/gems/3.0.0/doc/parslet-1.8.2/ri/Parslet/GraphvizVisitor/escape-i.ri
-rw-r--r-- root/root       259 2021-06-14 10:36 usr/lib64/ruby/gems/3.0.0/doc/parslet-1.8.2/ri/Parslet/GraphvizVisitor/new-c.ri
-rw-r--r-- root/root       272 2021-06-14 10:36 usr/lib64/ruby/gems/3.0.0/doc/parslet-1.8.2/ri/Parslet/GraphvizVisitor/node-i.ri
-rw-r--r-- root/root       260 2021-06-14 10:36 usr/lib64/ruby/gems/3.0.0/doc/parslet-1.8.2/ri/Parslet/GraphvizVisitor/parent-i.ri
-rw-r--r-- root/root       278 2021-06-14 10:36 usr/lib64/ruby/gems/3.0.0/doc/parslet-1.8.2/ri/Parslet/GraphvizVisitor/recurse-i.ri
-rw-r--r-- root/root       297 2021-06-14 10:36 usr/lib64/ruby/gems/3.0.0/doc/parslet-1.8.2/ri/Parslet/GraphvizVisitor/visit_alternative-i.ri
-rw-r--r-- root/root       286 2021-06-14 10:36 usr/lib64/ruby/gems/3.0.0/doc/parslet-1.8.2/ri/Parslet/GraphvizVisitor/visit_entity-i.ri
-rw-r--r-- root/root       295 2021-06-14 10:36 usr/lib64/ruby/gems/3.0.0/doc/parslet-1.8.2/ri/Parslet/GraphvizVisitor/visit_lookahead-i.ri
-rw-r--r-- root/root       283 2021-06-14 10:36 usr/lib64/ruby/gems/3.0.0/doc/parslet-1.8.2/ri/Parslet/GraphvizVisitor/visit_named-i.ri
-rw-r--r-- root/root       279 2021-06-14 10:36 usr/lib64/ruby/gems/3.0.0/doc/parslet-1.8.2/ri/Parslet/GraphvizVisitor/visit_parser-i.ri
-rw-r--r-- root/root       273 2021-06-14 10:36 usr/lib64/ruby/gems/3.0.0/doc/parslet-1.8.2/ri/Parslet/GraphvizVisitor/visit_re-i.ri
-rw-r--r-- root/root       302 2021-06-14 10:36 usr/lib64/ruby/gems/3.0.0/doc/parslet-1.8.2/ri/Parslet/GraphvizVisitor/visit_repetition-i.ri
-rw-r--r-- root/root       287 2021-06-14 10:36 usr/lib64/ruby/gems/3.0.0/doc/parslet-1.8.2/ri/Parslet/GraphvizVisitor/visit_sequence-i.ri
-rw-r--r-- root/root       272 2021-06-14 10:36 usr/lib64/ruby/gems/3.0.0/doc/parslet-1.8.2/ri/Parslet/GraphvizVisitor/visit_str-i.ri
drwxr-xr-x root/root         0 2021-06-14 10:36 usr/lib64/ruby/gems/3.0.0/doc/parslet-1.8.2/ri/Parslet/ParseFailed/
-rw-r--r-- root/root      1339 2021-06-14 10:36 usr/lib64/ruby/gems/3.0.0/doc/parslet-1.8.2/ri/Parslet/ParseFailed/cdesc-ParseFailed.ri
-rw-r--r-- root/root       273 2021-06-14 10:36 usr/lib64/ruby/gems/3.0.0/doc/parslet-1.8.2/ri/Parslet/ParseFailed/new-c.ri
-rw-r--r-- root/root       395 2021-06-14 10:36 usr/lib64/ruby/gems/3.0.0/doc/parslet-1.8.2/ri/Parslet/ParseFailed/parse_failure_cause-i.ri
drwxr-xr-x root/root         0 2021-06-14 10:36 usr/lib64/ruby/gems/3.0.0/doc/parslet-1.8.2/ri/Parslet/Parser/
drwxr-xr-x root/root         0 2021-06-14 10:36 usr/lib64/ruby/gems/3.0.0/doc/parslet-1.8.2/ri/Parslet/Parser/PrettyPrinter/
-rw-r--r-- root/root       676 2021-06-14 10:36 usr/lib64/ruby/gems/3.0.0/doc/parslet-1.8.2/ri/Parslet/Parser/PrettyPrinter/cdesc-PrettyPrinter.ri
-rw-r--r-- root/root       446 2021-06-14 10:36 usr/lib64/ruby/gems/3.0.0/doc/parslet-1.8.2/ri/Parslet/Parser/PrettyPrinter/deferred-i.ri
-rw-r--r-- root/root       522 2021-06-14 10:36 usr/lib64/ruby/gems/3.0.0/doc/parslet-1.8.2/ri/Parslet/Parser/PrettyPrinter/mangle_name-i.ri
-rw-r--r-- root/root       273 2021-06-14 10:36 usr/lib64/ruby/gems/3.0.0/doc/parslet-1.8.2/ri/Parslet/Parser/PrettyPrinter/new-c.ri
-rw-r--r-- root/root       499 2021-06-14 10:36 usr/lib64/ruby/gems/3.0.0/doc/parslet-1.8.2/ri/Parslet/Parser/PrettyPrinter/pretty_print-i.ri
-rw-r--r-- root/root       345 2021-06-14 10:36 usr/lib64/ruby/gems/3.0.0/doc/parslet-1.8.2/ri/Parslet/Parser/PrettyPrinter/rule-i.ri
-rw-r--r-- root/root       272 2021-06-14 10:36 usr/lib64/ruby/gems/3.0.0/doc/parslet-1.8.2/ri/Parslet/Parser/PrettyPrinter/visitor-i.ri
drwxr-xr-x root/root         0 2021-06-14 10:36 usr/lib64/ruby/gems/3.0.0/doc/parslet-1.8.2/ri/Parslet/Parser/Visitors/
drwxr-xr-x root/root         0 2021-06-14 10:36 usr/lib64/ruby/gems/3.0.0/doc/parslet-1.8.2/ri/Parslet/Parser/Visitors/Citrus/
-rw-r--r-- root/root       710 2021-06-14 10:36 usr/lib64/ruby/gems/3.0.0/doc/parslet-1.8.2/ri/Parslet/Parser/Visitors/Citrus/cdesc-Citrus.ri
-rw-r--r-- root/root       278 2021-06-14 10:36 usr/lib64/ruby/gems/3.0.0/doc/parslet-1.8.2/ri/Parslet/Parser/Visitors/Citrus/context-i.ri
-rw-r--r-- root/root       263 2021-06-14 10:36 usr/lib64/ruby/gems/3.0.0/doc/parslet-1.8.2/ri/Parslet/Parser/Visitors/Citrus/new-c.ri
-rw-r--r-- root/root       276 2021-06-14 10:36 usr/lib64/ruby/gems/3.0.0/doc/parslet-1.8.2/ri/Parslet/Parser/Visitors/Citrus/output-i.ri
-rw-r--r-- root/root       295 2021-06-14 10:36 usr/lib64/ruby/gems/3.0.0/doc/parslet-1.8.2/ri/Parslet/Parser/Visitors/Citrus/visit_alternative-i.ri
-rw-r--r-- root/root       284 2021-06-14 10:36 usr/lib64/ruby/gems/3.0.0/doc/parslet-1.8.2/ri/Parslet/Parser/Visitors/Citrus/visit_entity-i.ri
-rw-r--r-- root/root       302 2021-06-14 10:36 usr/lib64/ruby/gems/3.0.0/doc/parslet-1.8.2/ri/Parslet/Parser/Visitors/Citrus/visit_lookahead-i.ri
-rw-r--r-- root/root       284 2021-06-14 10:36 usr/lib64/ruby/gems/3.0.0/doc/parslet-1.8.2/ri/Parslet/Parser/Visitors/Citrus/visit_named-i.ri
-rw-r--r-- root/root       270 2021-06-14 10:36 usr/lib64/ruby/gems/3.0.0/doc/parslet-1.8.2/ri/Parslet/Parser/Visitors/Citrus/visit_re-i.ri
-rw-r--r-- root/root       303 2021-06-14 10:36 usr/lib64/ruby/gems/3.0.0/doc/parslet-1.8.2/ri/Parslet/Parser/Visitors/Citrus/visit_repetition-i.ri
-rw-r--r-- root/root       285 2021-06-14 10:36 usr/lib64/ruby/gems/3.0.0/doc/parslet-1.8.2/ri/Parslet/Parser/Visitors/Citrus/visit_sequence-i.ri
-rw-r--r-- root/root       270 2021-06-14 10:36 usr/lib64/ruby/gems/3.0.0/doc/parslet-1.8.2/ri/Parslet/Parser/Visitors/Citrus/visit_str-i.ri
drwxr-xr-x root/root         0 2021-06-14 10:36 usr/lib64/ruby/gems/3.0.0/doc/parslet-1.8.2/ri/Parslet/Parser/Visitors/Treetop/
-rw-r--r-- root/root       539 2021-06-14 10:36 usr/lib64/ruby/gems/3.0.0/doc/parslet-1.8.2/ri/Parslet/Parser/Visitors/Treetop/cdesc-Treetop.ri
-rw-r--r-- root/root       297 2021-06-14 10:36 usr/lib64/ruby/gems/3.0.0/doc/parslet-1.8.2/ri/Parslet/Parser/Visitors/Treetop/visit_alternative-i.ri
-rw-r--r-- root/root       305 2021-06-14 10:36 usr/lib64/ruby/gems/3.0.0/doc/parslet-1.8.2/ri/Parslet/Parser/Visitors/Treetop/visit_repetition-i.ri
-rw-r--r-- root/root       401 2021-06-14 10:36 usr/lib64/ruby/gems/3.0.0/doc/parslet-1.8.2/ri/Parslet/Parser/Visitors/cdesc-Visitors.ri
-rw-r--r-- root/root       335 2021-06-14 10:36 usr/lib64/ruby/gems/3.0.0/doc/parslet-1.8.2/ri/Parslet/Parser/accept-i.ri
-rw-r--r-- root/root      1884 2021-06-14 10:36 usr/lib64/ruby/gems/3.0.0/doc/parslet-1.8.2/ri/Parslet/Parser/cdesc-Parser.ri
-rw-r--r-- root/root       962 2021-06-14 10:36 usr/lib64/ruby/gems/3.0.0/doc/parslet-1.8.2/ri/Parslet/Parser/root-c.ri
-rw-r--r-- root/root       674 2021-06-14 10:36 usr/lib64/ruby/gems/3.0.0/doc/parslet-1.8.2/ri/Parslet/Parser/to_citrus-i.ri
-rw-r--r-- root/root       255 2021-06-14 10:36 usr/lib64/ruby/gems/3.0.0/doc/parslet-1.8.2/ri/Parslet/Parser/to_s_inner-i.ri
-rw-r--r-- root/root       679 2021-06-14 10:36 usr/lib64/ruby/gems/3.0.0/doc/parslet-1.8.2/ri/Parslet/Parser/to_treetop-i.ri
-rw-r--r-- root/root       265 2021-06-14 10:36 usr/lib64/ruby/gems/3.0.0/doc/parslet-1.8.2/ri/Parslet/Parser/try-i.ri
drwxr-xr-x root/root         0 2021-06-14 10:36 usr/lib64/ruby/gems/3.0.0/doc/parslet-1.8.2/ri/Parslet/Pattern/
drwxr-xr-x root/root         0 2021-06-14 10:36 usr/lib64/ruby/gems/3.0.0/doc/parslet-1.8.2/ri/Parslet/Pattern/SequenceBind/
-rw-r--r-- root/root       286 2021-06-14 10:36 usr/lib64/ruby/gems/3.0.0/doc/parslet-1.8.2/ri/Parslet/Pattern/SequenceBind/can_bind%3f-i.ri
-rw-r--r-- root/root       595 2021-06-14 10:36 usr/lib64/ruby/gems/3.0.0/doc/parslet-1.8.2/ri/Parslet/Pattern/SequenceBind/cdesc-SequenceBind.ri
drwxr-xr-x root/root         0 2021-06-14 10:36 usr/lib64/ruby/gems/3.0.0/doc/parslet-1.8.2/ri/Parslet/Pattern/SimpleBind/
-rw-r--r-- root/root       282 2021-06-14 10:36 usr/lib64/ruby/gems/3.0.0/doc/parslet-1.8.2/ri/Parslet/Pattern/SimpleBind/can_bind%3f-i.ri
-rw-r--r-- root/root       638 2021-06-14 10:36 usr/lib64/ruby/gems/3.0.0/doc/parslet-1.8.2/ri/Parslet/Pattern/SimpleBind/cdesc-SimpleBind.ri
drwxr-xr-x root/root         0 2021-06-14 10:36 usr/lib64/ruby/gems/3.0.0/doc/parslet-1.8.2/ri/Parslet/Pattern/SubtreeBind/
-rw-r--r-- root/root       288 2021-06-14 10:36 usr/lib64/ruby/gems/3.0.0/doc/parslet-1.8.2/ri/Parslet/Pattern/SubtreeBind/bind_type_name-i.ri
-rw-r--r-- root/root       284 2021-06-14 10:36 usr/lib64/ruby/gems/3.0.0/doc/parslet-1.8.2/ri/Parslet/Pattern/SubtreeBind/can_bind%3f-i.ri
-rw-r--r-- root/root       861 2021-06-14 10:36 usr/lib64/ruby/gems/3.0.0/doc/parslet-1.8.2/ri/Parslet/Pattern/SubtreeBind/cdesc-SubtreeBind.ri
-rw-r--r-- root/root       273 2021-06-14 10:36 usr/lib64/ruby/gems/3.0.0/doc/parslet-1.8.2/ri/Parslet/Pattern/SubtreeBind/inspect-i.ri
-rw-r--r-- root/root       285 2021-06-14 10:36 usr/lib64/ruby/gems/3.0.0/doc/parslet-1.8.2/ri/Parslet/Pattern/SubtreeBind/variable_name-i.ri
-rw-r--r-- root/root      1386 2021-06-14 10:36 usr/lib64/ruby/gems/3.0.0/doc/parslet-1.8.2/ri/Parslet/Pattern/cdesc-Pattern.ri
-rw-r--r-- root/root       584 2021-06-14 10:36 usr/lib64/ruby/gems/3.0.0/doc/parslet-1.8.2/ri/Parslet/Pattern/element_match-i.ri
-rw-r--r-- root/root       355 2021-06-14 10:36 usr/lib64/ruby/gems/3.0.0/doc/parslet-1.8.2/ri/Parslet/Pattern/element_match_ary_single-i.ri
-rw-r--r-- root/root       345 2021-06-14 10:36 usr/lib64/ruby/gems/3.0.0/doc/parslet-1.8.2/ri/Parslet/Pattern/element_match_binding-i.ri
-rw-r--r-- root/root       339 2021-06-14 10:36 usr/lib64/ruby/gems/3.0.0/doc/parslet-1.8.2/ri/Parslet/Pattern/element_match_hash-i.ri
-rw-r--r-- root/root       968 2021-06-14 10:36 usr/lib64/ruby/gems/3.0.0/doc/parslet-1.8.2/ri/Parslet/Pattern/match-i.ri
-rw-r--r-- root/root       248 2021-06-14 10:36 usr/lib64/ruby/gems/3.0.0/doc/parslet-1.8.2/ri/Parslet/Pattern/new-c.ri
drwxr-xr-x root/root         0 2021-06-14 10:36 usr/lib64/ruby/gems/3.0.0/doc/parslet-1.8.2/ri/Parslet/Position/
-rw-r--r-- root/root       244 2021-06-14 10:36 usr/lib64/ruby/gems/3.0.0/doc/parslet-1.8.2/ri/Parslet/Position/%3c%3d%3e-i.ri
-rw-r--r-- root/root       248 2021-06-14 10:36 usr/lib64/ruby/gems/3.0.0/doc/parslet-1.8.2/ri/Parslet/Position/bytepos-i.ri
-rw-r--r-- root/root       613 2021-06-14 10:36 usr/lib64/ruby/gems/3.0.0/doc/parslet-1.8.2/ri/Parslet/Position/cdesc-Position.ri
-rw-r--r-- root/root       251 2021-06-14 10:36 usr/lib64/ruby/gems/3.0.0/doc/parslet-1.8.2/ri/Parslet/Position/charpos-i.ri
-rw-r--r-- root/root       259 2021-06-14 10:36 usr/lib64/ruby/gems/3.0.0/doc/parslet-1.8.2/ri/Parslet/Position/new-c.ri
drwxr-xr-x root/root         0 2021-06-14 10:36 usr/lib64/ruby/gems/3.0.0/doc/parslet-1.8.2/ri/Parslet/Scope/
-rw-r--r-- root/root       237 2021-06-14 10:36 usr/lib64/ruby/gems/3.0.0/doc/parslet-1.8.2/ri/Parslet/Scope/%5b%5d%3d-i.ri
-rw-r--r-- root/root       233 2021-06-14 10:36 usr/lib64/ruby/gems/3.0.0/doc/parslet-1.8.2/ri/Parslet/Scope/%5b%5d-i.ri
drwxr-xr-x root/root         0 2021-06-14 10:36 usr/lib64/ruby/gems/3.0.0/doc/parslet-1.8.2/ri/Parslet/Scope/Binding/
-rw-r--r-- root/root       248 2021-06-14 10:36 usr/lib64/ruby/gems/3.0.0/doc/parslet-1.8.2/ri/Parslet/Scope/Binding/%5b%5d%3d-i.ri
-rw-r--r-- root/root       244 2021-06-14 10:36 usr/lib64/ruby/gems/3.0.0/doc/parslet-1.8.2/ri/Parslet/Scope/Binding/%5b%5d-i.ri
-rw-r--r-- root/root       501 2021-06-14 10:36 usr/lib64/ruby/gems/3.0.0/doc/parslet-1.8.2/ri/Parslet/Scope/Binding/cdesc-Binding.ri
-rw-r--r-- root/root       256 2021-06-14 10:36 usr/lib64/ruby/gems/3.0.0/doc/parslet-1.8.2/ri/Parslet/Scope/Binding/new-c.ri
-rw-r--r-- root/root       255 2021-06-14 10:36 usr/lib64/ruby/gems/3.0.0/doc/parslet-1.8.2/ri/Parslet/Scope/Binding/parent-i.ri
drwxr-xr-x root/root         0 2021-06-14 10:36 usr/lib64/ruby/gems/3.0.0/doc/parslet-1.8.2/ri/Parslet/Scope/NotFound/
-rw-r--r-- root/root       516 2021-06-14 10:36 usr/lib64/ruby/gems/3.0.0/doc/parslet-1.8.2/ri/Parslet/Scope/NotFound/cdesc-NotFound.ri
-rw-r--r-- root/root       469 2021-06-14 10:36 usr/lib64/ruby/gems/3.0.0/doc/parslet-1.8.2/ri/Parslet/Scope/cdesc-Scope.ri
-rw-r--r-- root/root       235 2021-06-14 10:36 usr/lib64/ruby/gems/3.0.0/doc/parslet-1.8.2/ri/Parslet/Scope/new-c.ri
-rw-r--r-- root/root       234 2021-06-14 10:36 usr/lib64/ruby/gems/3.0.0/doc/parslet-1.8.2/ri/Parslet/Scope/pop-i.ri
-rw-r--r-- root/root       236 2021-06-14 10:36 usr/lib64/ruby/gems/3.0.0/doc/parslet-1.8.2/ri/Parslet/Scope/push-i.ri
drwxr-xr-x root/root         0 2021-06-14 10:36 usr/lib64/ruby/gems/3.0.0/doc/parslet-1.8.2/ri/Parslet/Slice/
-rw-r--r-- root/root       452 2021-06-14 10:36 usr/lib64/ruby/gems/3.0.0/doc/parslet-1.8.2/ri/Parslet/Slice/%2b-i.ri
-rw-r--r-- root/root       318 2021-06-14 10:36 usr/lib64/ruby/gems/3.0.0/doc/parslet-1.8.2/ri/Parslet/Slice/%3d%3d-i.ri
-rw-r--r-- root/root      1810 2021-06-14 10:36 usr/lib64/ruby/gems/3.0.0/doc/parslet-1.8.2/ri/Parslet/Slice/cdesc-Slice.ri
-rw-r--r-- root/root       329 2021-06-14 10:36 usr/lib64/ruby/gems/3.0.0/doc/parslet-1.8.2/ri/Parslet/Slice/inspect-i.ri
-rw-r--r-- root/root       274 2021-06-14 10:36 usr/lib64/ruby/gems/3.0.0/doc/parslet-1.8.2/ri/Parslet/Slice/length-i.ri
-rw-r--r-- root/root       359 2021-06-14 10:36 usr/lib64/ruby/gems/3.0.0/doc/parslet-1.8.2/ri/Parslet/Slice/line_and_column-i.ri
-rw-r--r-- root/root       245 2021-06-14 10:36 usr/lib64/ruby/gems/3.0.0/doc/parslet-1.8.2/ri/Parslet/Slice/line_cache-i.ri
-rw-r--r-- root/root       308 2021-06-14 10:36 usr/lib64/ruby/gems/3.0.0/doc/parslet-1.8.2/ri/Parslet/Slice/match-i.ri
-rw-r--r-- root/root       457 2021-06-14 10:36 usr/lib64/ruby/gems/3.0.0/doc/parslet-1.8.2/ri/Parslet/Slice/new-c.ri
-rw-r--r-- root/root       240 2021-06-14 10:36 usr/lib64/ruby/gems/3.0.0/doc/parslet-1.8.2/ri/Parslet/Slice/offset-i.ri
-rw-r--r-- root/root       241 2021-06-14 10:36 usr/lib64/ruby/gems/3.0.0/doc/parslet-1.8.2/ri/Parslet/Slice/position-i.ri
-rw-r--r-- root/root       342 2021-06-14 10:36 usr/lib64/ruby/gems/3.0.0/doc/parslet-1.8.2/ri/Parslet/Slice/size-i.ri
-rw-r--r-- root/root       231 2021-06-14 10:36 usr/lib64/ruby/gems/3.0.0/doc/parslet-1.8.2/ri/Parslet/Slice/str-i.ri
-rw-r--r-- root/root       236 2021-06-14 10:36 usr/lib64/ruby/gems/3.0.0/doc/parslet-1.8.2/ri/Parslet/Slice/to_f-i.ri
-rw-r--r-- root/root       236 2021-06-14 10:36 usr/lib64/ruby/gems/3.0.0/doc/parslet-1.8.2/ri/Parslet/Slice/to_i-i.ri
-rw-r--r-- root/root       240 2021-06-14 10:36 usr/lib64/ruby/gems/3.0.0/doc/parslet-1.8.2/ri/Parslet/Slice/to_int-i.ri
-rw-r--r-- root/root       272 2021-06-14 10:36 usr/lib64/ruby/gems/3.0.0/doc/parslet-1.8.2/ri/Parslet/Slice/to_s-i.ri
-rw-r--r-- root/root       244 2021-06-14 10:36 usr/lib64/ruby/gems/3.0.0/doc/parslet-1.8.2/ri/Parslet/Slice/to_slice-i.ri
-rw-r--r-- root/root       380 2021-06-14 10:36 usr/lib64/ruby/gems/3.0.0/doc/parslet-1.8.2/ri/Parslet/Slice/to_str-i.ri
-rw-r--r-- root/root       240 2021-06-14 10:36 usr/lib64/ruby/gems/3.0.0/doc/parslet-1.8.2/ri/Parslet/Slice/to_sym-i.ri
drwxr-xr-x root/root         0 2021-06-14 10:36 usr/lib64/ruby/gems/3.0.0/doc/parslet-1.8.2/ri/Parslet/Source/
drwxr-xr-x root/root         0 2021-06-14 10:36 usr/lib64/ruby/gems/3.0.0/doc/parslet-1.8.2/ri/Parslet/Source/LineCache/
-rw-r--r-- root/root       642 2021-06-14 10:36 usr/lib64/ruby/gems/3.0.0/doc/parslet-1.8.2/ri/Parslet/Source/LineCache/cdesc-LineCache.ri
-rw-r--r-- root/root       460 2021-06-14 10:36 usr/lib64/ruby/gems/3.0.0/doc/parslet-1.8.2/ri/Parslet/Source/LineCache/line_and_column-i.ri
-rw-r--r-- root/root       263 2021-06-14 10:36 usr/lib64/ruby/gems/3.0.0/doc/parslet-1.8.2/ri/Parslet/Source/LineCache/new-c.ri
-rw-r--r-- root/root       312 2021-06-14 10:36 usr/lib64/ruby/gems/3.0.0/doc/parslet-1.8.2/ri/Parslet/Source/LineCache/scan_for_line_endings-i.ri
drwxr-xr-x root/root         0 2021-06-14 10:36 usr/lib64/ruby/gems/3.0.0/doc/parslet-1.8.2/ri/Parslet/Source/RangeSearch/
-rw-r--r-- root/root       809 2021-06-14 10:36 usr/lib64/ruby/gems/3.0.0/doc/parslet-1.8.2/ri/Parslet/Source/RangeSearch/cdesc-RangeSearch.ri
-rw-r--r-- root/root       288 2021-06-14 10:36 usr/lib64/ruby/gems/3.0.0/doc/parslet-1.8.2/ri/Parslet/Source/RangeSearch/find_mid-i.ri
-rw-r--r-- root/root       416 2021-06-14 10:36 usr/lib64/ruby/gems/3.0.0/doc/parslet-1.8.2/ri/Parslet/Source/RangeSearch/lbound-i.ri
-rw-r--r-- root/root       335 2021-06-14 10:36 usr/lib64/ruby/gems/3.0.0/doc/parslet-1.8.2/ri/Parslet/Source/bytepos%3d-i.ri
-rw-r--r-- root/root       245 2021-06-14 10:36 usr/lib64/ruby/gems/3.0.0/doc/parslet-1.8.2/ri/Parslet/Source/bytepos-i.ri
-rw-r--r-- root/root       717 2021-06-14 10:36 usr/lib64/ruby/gems/3.0.0/doc/parslet-1.8.2/ri/Parslet/Source/cdesc-Source.ri
-rw-r--r-- root/root       332 2021-06-14 10:36 usr/lib64/ruby/gems/3.0.0/doc/parslet-1.8.2/ri/Parslet/Source/chars_left-i.ri
-rw-r--r-- root/root       590 2021-06-14 10:36 usr/lib64/ruby/gems/3.0.0/doc/parslet-1.8.2/ri/Parslet/Source/chars_until-i.ri
-rw-r--r-- root/root       368 2021-06-14 10:36 usr/lib64/ruby/gems/3.0.0/doc/parslet-1.8.2/ri/Parslet/Source/consume-i.ri
-rw-r--r-- root/root       480 2021-06-14 10:36 usr/lib64/ruby/gems/3.0.0/doc/parslet-1.8.2/ri/Parslet/Source/line_and_column-i.ri
-rw-r--r-- root/root       287 2021-06-14 10:36 usr/lib64/ruby/gems/3.0.0/doc/parslet-1.8.2/ri/Parslet/Source/match-i.ri
-rw-r--r-- root/root       535 2021-06-14 10:36 usr/lib64/ruby/gems/3.0.0/doc/parslet-1.8.2/ri/Parslet/Source/matches%3f-i.ri
-rw-r--r-- root/root       241 2021-06-14 10:36 usr/lib64/ruby/gems/3.0.0/doc/parslet-1.8.2/ri/Parslet/Source/new-c.ri
-rw-r--r-- root/root       436 2021-06-14 10:36 usr/lib64/ruby/gems/3.0.0/doc/parslet-1.8.2/ri/Parslet/Source/pos-i.ri
drwxr-xr-x root/root         0 2021-06-14 10:36 usr/lib64/ruby/gems/3.0.0/doc/parslet-1.8.2/ri/Parslet/Transform/
-rw-r--r-- root/root      1229 2021-06-14 10:36 usr/lib64/ruby/gems/3.0.0/doc/parslet-1.8.2/ri/Parslet/Transform/apply-i.ri
-rw-r--r-- root/root      1013 2021-06-14 10:36 usr/lib64/ruby/gems/3.0.0/doc/parslet-1.8.2/ri/Parslet/Transform/call_on_match-i.ri
-rw-r--r-- root/root      5077 2021-06-14 10:36 usr/lib64/ruby/gems/3.0.0/doc/parslet-1.8.2/ri/Parslet/Transform/cdesc-Transform.ri
-rw-r--r-- root/root       267 2021-06-14 10:36 usr/lib64/ruby/gems/3.0.0/doc/parslet-1.8.2/ri/Parslet/Transform/inherited-c.ri
-rw-r--r-- root/root       277 2021-06-14 10:36 usr/lib64/ruby/gems/3.0.0/doc/parslet-1.8.2/ri/Parslet/Transform/new-c.ri
-rw-r--r-- root/root       324 2021-06-14 10:36 usr/lib64/ruby/gems/3.0.0/doc/parslet-1.8.2/ri/Parslet/Transform/recurse_array-i.ri
-rw-r--r-- root/root       322 2021-06-14 10:36 usr/lib64/ruby/gems/3.0.0/doc/parslet-1.8.2/ri/Parslet/Transform/recurse_hash-i.ri
-rw-r--r-- root/root       346 2021-06-14 10:36 usr/lib64/ruby/gems/3.0.0/doc/parslet-1.8.2/ri/Parslet/Transform/rule-c.ri
-rw-r--r-- root/root       610 2021-06-14 10:36 usr/lib64/ruby/gems/3.0.0/doc/parslet-1.8.2/ri/Parslet/Transform/rule-i.ri
-rw-r--r-- root/root       322 2021-06-14 10:36 usr/lib64/ruby/gems/3.0.0/doc/parslet-1.8.2/ri/Parslet/Transform/rules-c.ri
-rw-r--r-- root/root       410 2021-06-14 10:36 usr/lib64/ruby/gems/3.0.0/doc/parslet-1.8.2/ri/Parslet/Transform/rules-i.ri
-rw-r--r-- root/root       328 2021-06-14 10:36 usr/lib64/ruby/gems/3.0.0/doc/parslet-1.8.2/ri/Parslet/Transform/transform_elt-i.ri
-rw-r--r-- root/root       529 2021-06-14 10:36 usr/lib64/ruby/gems/3.0.0/doc/parslet-1.8.2/ri/Parslet/any-c.ri
-rw-r--r-- root/root       529 2021-06-14 10:36 usr/lib64/ruby/gems/3.0.0/doc/parslet-1.8.2/ri/Parslet/any-i.ri
-rw-r--r-- root/root      4461 2021-06-14 10:36 usr/lib64/ruby/gems/3.0.0/doc/parslet-1.8.2/ri/Parslet/cdesc-Parslet.ri
-rw-r--r-- root/root       822 2021-06-14 10:36 usr/lib64/ruby/gems/3.0.0/doc/parslet-1.8.2/ri/Parslet/dynamic-c.ri
-rw-r--r-- root/root       822 2021-06-14 10:36 usr/lib64/ruby/gems/3.0.0/doc/parslet-1.8.2/ri/Parslet/dynamic-i.ri
-rw-r--r-- root/root       642 2021-06-14 10:36 usr/lib64/ruby/gems/3.0.0/doc/parslet-1.8.2/ri/Parslet/exp-c.ri
-rw-r--r-- root/root       642 2021-06-14 10:36 usr/lib64/ruby/gems/3.0.0/doc/parslet-1.8.2/ri/Parslet/exp-i.ri
-rw-r--r-- root/root       361 2021-06-14 10:36 usr/lib64/ruby/gems/3.0.0/doc/parslet-1.8.2/ri/Parslet/included-c.ri
-rw-r--r-- root/root      2210 2021-06-14 10:36 usr/lib64/ruby/gems/3.0.0/doc/parslet-1.8.2/ri/Parslet/infix_expression-c.ri
-rw-r--r-- root/root      2210 2021-06-14 10:36 usr/lib64/ruby/gems/3.0.0/doc/parslet-1.8.2/ri/Parslet/infix_expression-i.ri
-rw-r--r-- root/root       960 2021-06-14 10:36 usr/lib64/ruby/gems/3.0.0/doc/parslet-1.8.2/ri/Parslet/match-c.ri
-rw-r--r-- root/root       960 2021-06-14 10:36 usr/lib64/ruby/gems/3.0.0/doc/parslet-1.8.2/ri/Parslet/match-i.ri
-rw-r--r-- root/root       782 2021-06-14 10:36 usr/lib64/ruby/gems/3.0.0/doc/parslet-1.8.2/ri/Parslet/scope-c.ri
-rw-r--r-- root/root       782 2021-06-14 10:36 usr/lib64/ruby/gems/3.0.0/doc/parslet-1.8.2/ri/Parslet/scope-i.ri
-rw-r--r-- root/root       829 2021-06-14 10:36 usr/lib64/ruby/gems/3.0.0/doc/parslet-1.8.2/ri/Parslet/sequence-c.ri
-rw-r--r-- root/root       829 2021-06-14 10:36 usr/lib64/ruby/gems/3.0.0/doc/parslet-1.8.2/ri/Parslet/sequence-i.ri
-rw-r--r-- root/root       620 2021-06-14 10:36 usr/lib64/ruby/gems/3.0.0/doc/parslet-1.8.2/ri/Parslet/simple-c.ri
-rw-r--r-- root/root       620 2021-06-14 10:36 usr/lib64/ruby/gems/3.0.0/doc/parslet-1.8.2/ri/Parslet/simple-i.ri
-rw-r--r-- root/root       532 2021-06-14 10:36 usr/lib64/ruby/gems/3.0.0/doc/parslet-1.8.2/ri/Parslet/str-c.ri
-rw-r--r-- root/root       532 2021-06-14 10:36 usr/lib64/ruby/gems/3.0.0/doc/parslet-1.8.2/ri/Parslet/str-i.ri
-rw-r--r-- root/root       483 2021-06-14 10:36 usr/lib64/ruby/gems/3.0.0/doc/parslet-1.8.2/ri/Parslet/subtree-c.ri
-rw-r--r-- root/root       483 2021-06-14 10:36 usr/lib64/ruby/gems/3.0.0/doc/parslet-1.8.2/ri/Parslet/subtree-i.ri
-rw-r--r-- root/root     10307 2021-06-14 10:36 usr/lib64/ruby/gems/3.0.0/doc/parslet-1.8.2/ri/cache.ri
-rw-r--r-- root/root      2717 2021-06-14 10:36 usr/lib64/ruby/gems/3.0.0/doc/parslet-1.8.2/ri/page-README.ri
drwxr-xr-x root/root         0 2021-06-14 10:36 usr/lib64/ruby/gems/3.0.0/extensions/
drwxr-xr-x root/root         0 2021-06-14 10:36 usr/lib64/ruby/gems/3.0.0/gems/
drwxr-xr-x root/root         0 2021-06-14 10:36 usr/lib64/ruby/gems/3.0.0/gems/colorize-0.8.1/
-rw-r--r-- root/root      1218 2021-06-14 10:36 usr/lib64/ruby/gems/3.0.0/gems/colorize-0.8.1/CHANGELOG
-rw-r--r-- root/root     18026 2021-06-14 10:36 usr/lib64/ruby/gems/3.0.0/gems/colorize-0.8.1/LICENSE
-rw-r--r-- root/root      4602 2021-06-14 10:36 usr/lib64/ruby/gems/3.0.0/gems/colorize-0.8.1/README.md
-rw-r--r-- root/root       257 2021-06-14 10:36 usr/lib64/ruby/gems/3.0.0/gems/colorize-0.8.1/Rakefile
-rw-r--r-- root/root       995 2021-06-14 10:36 usr/lib64/ruby/gems/3.0.0/gems/colorize-0.8.1/colorize.gemspec
drwxr-xr-x root/root         0 2021-06-14 10:36 usr/lib64/ruby/gems/3.0.0/gems/colorize-0.8.1/lib/
drwxr-xr-x root/root         0 2021-06-14 10:36 usr/lib64/ruby/gems/3.0.0/gems/colorize-0.8.1/lib/colorize/
-rw-r--r-- root/root       301 2021-06-14 10:36 usr/lib64/ruby/gems/3.0.0/gems/colorize-0.8.1/lib/colorize.rb
-rw-r--r-- root/root      2718 2021-06-14 10:36 usr/lib64/ruby/gems/3.0.0/gems/colorize-0.8.1/lib/colorize/class_methods.rb
-rw-r--r-- root/root      3558 2021-06-14 10:36 usr/lib64/ruby/gems/3.0.0/gems/colorize-0.8.1/lib/colorize/instance_methods.rb
-rw-r--r-- root/root       465 2021-06-14 10:36 usr/lib64/ruby/gems/3.0.0/gems/colorize-0.8.1/lib/colorized_string.rb
drwxr-xr-x root/root         0 2021-06-14 10:36 usr/lib64/ruby/gems/3.0.0/gems/colorize-0.8.1/test/
-rw-r--r-- root/root      5357 2021-06-14 10:36 usr/lib64/ruby/gems/3.0.0/gems/colorize-0.8.1/test/test_colorize.rb
drwxr-xr-x root/root         0 2021-06-14 10:36 usr/lib64/ruby/gems/3.0.0/gems/csscss-1.3.3/
-rw-r--r-- root/root      2349 2021-06-14 10:36 usr/lib64/ruby/gems/3.0.0/gems/csscss-1.3.3/CHANGELOG.md
-rw-r--r-- root/root      1745 2021-06-14 10:36 usr/lib64/ruby/gems/3.0.0/gems/csscss-1.3.3/CONTRIBUTING.md
-rw-r--r-- root/root       299 2021-06-14 10:36 usr/lib64/ruby/gems/3.0.0/gems/csscss-1.3.3/CONTRIBUTORS.md
-rw-r--r-- root/root      3726 2021-06-14 10:36 usr/lib64/ruby/gems/3.0.0/gems/csscss-1.3.3/README.md
-rw-r--r-- root/root       186 2021-06-14 10:36 usr/lib64/ruby/gems/3.0.0/gems/csscss-1.3.3/Rakefile
-rw-r--r-- root/root       956 2021-06-14 10:36 usr/lib64/ruby/gems/3.0.0/gems/csscss-1.3.3/csscss.gemspec
drwxr-xr-x root/root         0 2021-06-14 10:36 usr/lib64/ruby/gems/3.0.0/gems/csscss-1.3.3/lib/
drwxr-xr-x root/root         0 2021-06-14 10:36 usr/lib64/ruby/gems/3.0.0/gems/csscss-1.3.3/lib/csscss/
-rw-r--r-- root/root       814 2021-06-14 10:36 usr/lib64/ruby/gems/3.0.0/gems/csscss-1.3.3/lib/csscss.rb
-rw-r--r-- root/root      6236 2021-06-14 10:36 usr/lib64/ruby/gems/3.0.0/gems/csscss-1.3.3/lib/csscss/cli.rb
-rw-r--r-- root/root       399 2021-06-14 10:36 usr/lib64/ruby/gems/3.0.0/gems/csscss-1.3.3/lib/csscss/json_reporter.rb
drwxr-xr-x root/root         0 2021-06-14 10:36 usr/lib64/ruby/gems/3.0.0/gems/csscss-1.3.3/lib/csscss/parser/
-rw-r--r-- root/root      2234 2021-06-14 10:36 usr/lib64/ruby/gems/3.0.0/gems/csscss-1.3.3/lib/csscss/parser/background.rb
-rw-r--r-- root/root       254 2021-06-14 10:36 usr/lib64/ruby/gems/3.0.0/gems/csscss-1.3.3/lib/csscss/parser/base.rb
-rw-r--r-- root/root      1041 2021-06-14 10:36 usr/lib64/ruby/gems/3.0.0/gems/csscss-1.3.3/lib/csscss/parser/border.rb
-rw-r--r-- root/root       979 2021-06-14 10:36 usr/lib64/ruby/gems/3.0.0/gems/csscss-1.3.3/lib/csscss/parser/border_color.rb
-rw-r--r-- root/root      2757 2021-06-14 10:36 usr/lib64/ruby/gems/3.0.0/gems/csscss-1.3.3/lib/csscss/parser/border_side.rb
-rw-r--r-- root/root      1008 2021-06-14 10:36 usr/lib64/ruby/gems/3.0.0/gems/csscss-1.3.3/lib/csscss/parser/border_style.rb
-rw-r--r-- root/root       895 2021-06-14 10:36 usr/lib64/ruby/gems/3.0.0/gems/csscss-1.3.3/lib/csscss/parser/border_width.rb
-rw-r--r-- root/root      1500 2021-06-14 10:36 usr/lib64/ruby/gems/3.0.0/gems/csscss-1.3.3/lib/csscss/parser/color.rb
-rw-r--r-- root/root      2427 2021-06-14 10:36 usr/lib64/ruby/gems/3.0.0/gems/csscss-1.3.3/lib/csscss/parser/common.rb
-rw-r--r-- root/root      3425 2021-06-14 10:36 usr/lib64/ruby/gems/3.0.0/gems/csscss-1.3.3/lib/csscss/parser/css.rb
-rw-r--r-- root/root      3038 2021-06-14 10:36 usr/lib64/ruby/gems/3.0.0/gems/csscss-1.3.3/lib/csscss/parser/font.rb
-rw-r--r-- root/root      1472 2021-06-14 10:36 usr/lib64/ruby/gems/3.0.0/gems/csscss-1.3.3/lib/csscss/parser/list_style.rb
-rw-r--r-- root/root       707 2021-06-14 10:36 usr/lib64/ruby/gems/3.0.0/gems/csscss-1.3.3/lib/csscss/parser/margin.rb
-rw-r--r-- root/root      1535 2021-06-14 10:36 usr/lib64/ruby/gems/3.0.0/gems/csscss-1.3.3/lib/csscss/parser/multi_side_transformer.rb
-rw-r--r-- root/root      1345 2021-06-14 10:36 usr/lib64/ruby/gems/3.0.0/gems/csscss-1.3.3/lib/csscss/parser/outline.rb
-rw-r--r-- root/root       705 2021-06-14 10:36 usr/lib64/ruby/gems/3.0.0/gems/csscss-1.3.3/lib/csscss/parser/padding.rb
-rw-r--r-- root/root      5030 2021-06-14 10:36 usr/lib64/ruby/gems/3.0.0/gems/csscss-1.3.3/lib/csscss/redundancy_analyzer.rb
-rw-r--r-- root/root       969 2021-06-14 10:36 usr/lib64/ruby/gems/3.0.0/gems/csscss-1.3.3/lib/csscss/reporter.rb
-rw-r--r-- root/root       667 2021-06-14 10:36 usr/lib64/ruby/gems/3.0.0/gems/csscss-1.3.3/lib/csscss/sass_include_extensions.rb
-rw-r--r-- root/root      1818 2021-06-14 10:36 usr/lib64/ruby/gems/3.0.0/gems/csscss-1.3.3/lib/csscss/types.rb
-rw-r--r-- root/root        38 2021-06-14 10:36 usr/lib64/ruby/gems/3.0.0/gems/csscss-1.3.3/lib/csscss/version.rb
drwxr-xr-x root/root         0 2021-06-14 10:36 usr/lib64/ruby/gems/3.0.0/gems/csscss-1.3.3/test/
drwxr-xr-x root/root         0 2021-06-14 10:36 usr/lib64/ruby/gems/3.0.0/gems/csscss-1.3.3/test/csscss/
-rw-r--r-- root/root       929 2021-06-14 10:36 usr/lib64/ruby/gems/3.0.0/gems/csscss-1.3.3/test/csscss/json_reporter_test.rb
drwxr-xr-x root/root         0 2021-06-14 10:36 usr/lib64/ruby/gems/3.0.0/gems/csscss-1.3.3/test/csscss/parser/
-rw-r--r-- root/root      1955 2021-06-14 10:36 usr/lib64/ruby/gems/3.0.0/gems/csscss-1.3.3/test/csscss/parser/background_test.rb
-rw-r--r-- root/root       797 2021-06-14 10:36 usr/lib64/ruby/gems/3.0.0/gems/csscss-1.3.3/test/csscss/parser/border_color_test.rb
-rw-r--r-- root/root      1080 2021-06-14 10:36 usr/lib64/ruby/gems/3.0.0/gems/csscss-1.3.3/test/csscss/parser/border_side_test.rb
-rw-r--r-- root/root       776 2021-06-14 10:36 usr/lib64/ruby/gems/3.0.0/gems/csscss-1.3.3/test/csscss/parser/border_style_test.rb
-rw-r--r-- root/root       874 2021-06-14 10:36 usr/lib64/ruby/gems/3.0.0/gems/csscss-1.3.3/test/csscss/parser/border_test.rb
-rw-r--r-- root/root       773 2021-06-14 10:36 usr/lib64/ruby/gems/3.0.0/gems/csscss-1.3.3/test/csscss/parser/border_width_test.rb
-rw-r--r-- root/root      1483 2021-06-14 10:36 usr/lib64/ruby/gems/3.0.0/gems/csscss-1.3.3/test/csscss/parser/color_test.rb
-rw-r--r-- root/root      5685 2021-06-14 10:36 usr/lib64/ruby/gems/3.0.0/gems/csscss-1.3.3/test/csscss/parser/common_test.rb
-rw-r--r-- root/root      9207 2021-06-14 10:36 usr/lib64/ruby/gems/3.0.0/gems/csscss-1.3.3/test/csscss/parser/css_test.rb
-rw-r--r-- root/root      1257 2021-06-14 10:36 usr/lib64/ruby/gems/3.0.0/gems/csscss-1.3.3/test/csscss/parser/font_test.rb
-rw-r--r-- root/root       753 2021-06-14 10:36 usr/lib64/ruby/gems/3.0.0/gems/csscss-1.3.3/test/csscss/parser/list_style_test.rb
-rw-r--r-- root/root      1325 2021-06-14 10:36 usr/lib64/ruby/gems/3.0.0/gems/csscss-1.3.3/test/csscss/parser/margin_test.rb
-rw-r--r-- root/root       547 2021-06-14 10:36 usr/lib64/ruby/gems/3.0.0/gems/csscss-1.3.3/test/csscss/parser/outline_test.rb
-rw-r--r-- root/root      1342 2021-06-14 10:36 usr/lib64/ruby/gems/3.0.0/gems/csscss-1.3.3/test/csscss/parser/padding_test.rb
-rw-r--r-- root/root      9114 2021-06-14 10:36 usr/lib64/ruby/gems/3.0.0/gems/csscss-1.3.3/test/csscss/redundancy_analyzer_test.rb
-rw-r--r-- root/root      1067 2021-06-14 10:36 usr/lib64/ruby/gems/3.0.0/gems/csscss-1.3.3/test/csscss/reporter_test.rb
-rw-r--r-- root/root      1357 2021-06-14 10:36 usr/lib64/ruby/gems/3.0.0/gems/csscss-1.3.3/test/csscss/sass_include_extensions_test.rb
-rw-r--r-- root/root      2434 2021-06-14 10:36 usr/lib64/ruby/gems/3.0.0/gems/csscss-1.3.3/test/csscss/types_test.rb
-rw-r--r-- root/root       175 2021-06-14 10:36 usr/lib64/ruby/gems/3.0.0/gems/csscss-1.3.3/test/just_parse.rb
-rw-r--r-- root/root      1429 2021-06-14 10:36 usr/lib64/ruby/gems/3.0.0/gems/csscss-1.3.3/test/test_helper.rb
drwxr-xr-x root/root         0 2021-06-14 10:36 usr/lib64/ruby/gems/3.0.0/gems/parslet-1.8.2/
-rw-r--r-- root/root      9762 2021-06-14 10:36 usr/lib64/ruby/gems/3.0.0/gems/parslet-1.8.2/HISTORY.txt
-rw-r--r-- root/root      1082 2021-06-14 10:36 usr/lib64/ruby/gems/3.0.0/gems/parslet-1.8.2/LICENSE
-rw-r--r-- root/root      1923 2021-06-14 10:36 usr/lib64/ruby/gems/3.0.0/gems/parslet-1.8.2/README
-rw-r--r-- root/root       649 2021-06-14 10:36 usr/lib64/ruby/gems/3.0.0/gems/parslet-1.8.2/Rakefile
drwxr-xr-x root/root         0 2021-06-14 10:36 usr/lib64/ruby/gems/3.0.0/gems/parslet-1.8.2/example/
-rw-r--r-- root/root      5379 2021-06-14 10:36 usr/lib64/ruby/gems/3.0.0/gems/parslet-1.8.2/example/big.erb
-rw-r--r-- root/root      1918 2021-06-14 10:36 usr/lib64/ruby/gems/3.0.0/gems/parslet-1.8.2/example/boolean_algebra.rb
-rw-r--r-- root/root      3493 2021-06-14 10:36 usr/lib64/ruby/gems/3.0.0/gems/parslet-1.8.2/example/calc.rb
-rw-r--r-- root/root      1428 2021-06-14 10:36 usr/lib64/ruby/gems/3.0.0/gems/parslet-1.8.2/example/capture.rb
-rw-r--r-- root/root       938 2021-06-14 10:36 usr/lib64/ruby/gems/3.0.0/gems/parslet-1.8.2/example/comments.rb
-rw-r--r-- root/root      2304 2021-06-14 10:36 usr/lib64/ruby/gems/3.0.0/gems/parslet-1.8.2/example/deepest_errors.rb
-rw-r--r-- root/root       341 2021-06-14 10:36 usr/lib64/ruby/gems/3.0.0/gems/parslet-1.8.2/example/documentation.rb
-rw-r--r-- root/root      1441 2021-06-14 10:36 usr/lib64/ruby/gems/3.0.0/gems/parslet-1.8.2/example/email_parser.rb
-rw-r--r-- root/root       292 2021-06-14 10:36 usr/lib64/ruby/gems/3.0.0/gems/parslet-1.8.2/example/empty.rb
-rw-r--r-- root/root      1446 2021-06-14 10:36 usr/lib64/ruby/gems/3.0.0/gems/parslet-1.8.2/example/erb.rb
-rw-r--r-- root/root      3172 2021-06-14 10:36 usr/lib64/ruby/gems/3.0.0/gems/parslet-1.8.2/example/ip_address.rb
-rw-r--r-- root/root      2695 2021-06-14 10:36 usr/lib64/ruby/gems/3.0.0/gems/parslet-1.8.2/example/json.rb
-rw-r--r-- root/root       942 2021-06-14 10:36 usr/lib64/ruby/gems/3.0.0/gems/parslet-1.8.2/example/local.rb
-rw-r--r-- root/root      1107 2021-06-14 10:36 usr/lib64/ruby/gems/3.0.0/gems/parslet-1.8.2/example/mathn.rb
-rw-r--r-- root/root      2181 2021-06-14 10:36 usr/lib64/ruby/gems/3.0.0/gems/parslet-1.8.2/example/minilisp.rb
-rw-r--r-- root/root      1137 2021-06-14 10:36 usr/lib64/ruby/gems/3.0.0/gems/parslet-1.8.2/example/modularity.rb
-rw-r--r-- root/root      2272 2021-06-14 10:36 usr/lib64/ruby/gems/3.0.0/gems/parslet-1.8.2/example/nested_errors.rb
-rw-r--r-- root/root      1358 2021-06-14 10:36 usr/lib64/ruby/gems/3.0.0/gems/parslet-1.8.2/example/optimized_erb.rb
drwxr-xr-x root/root         0 2021-06-14 10:36 usr/lib64/ruby/gems/3.0.0/gems/parslet-1.8.2/example/output/
-rw-r--r-- root/root       126 2021-06-14 10:36 usr/lib64/ruby/gems/3.0.0/gems/parslet-1.8.2/example/output/boolean_algebra.out
-rw-r--r-- root/root        29 2021-06-14 10:36 usr/lib64/ruby/gems/3.0.0/gems/parslet-1.8.2/example/output/calc.out
-rw-r--r-- root/root       106 2021-06-14 10:36 usr/lib64/ruby/gems/3.0.0/gems/parslet-1.8.2/example/output/capture.out
-rw-r--r-- root/root       284 2021-06-14 10:36 usr/lib64/ruby/gems/3.0.0/gems/parslet-1.8.2/example/output/comments.out
-rw-r--r-- root/root      3929 2021-06-14 10:36 usr/lib64/ruby/gems/3.0.0/gems/parslet-1.8.2/example/output/deepest_errors.out
-rw-r--r-- root/root       329 2021-06-14 10:36 usr/lib64/ruby/gems/3.0.0/gems/parslet-1.8.2/example/output/documentation.err
-rw-r--r-- root/root         9 2021-06-14 10:36 usr/lib64/ruby/gems/3.0.0/gems/parslet-1.8.2/example/output/documentation.out
-rw-r--r-- root/root       115 2021-06-14 10:36 usr/lib64/ruby/gems/3.0.0/gems/parslet-1.8.2/example/output/email_parser.out
-rw-r--r-- root/root       131 2021-06-14 10:36 usr/lib64/ruby/gems/3.0.0/gems/parslet-1.8.2/example/output/empty.err
-rw-r--r-- root/root       351 2021-06-14 10:36 usr/lib64/ruby/gems/3.0.0/gems/parslet-1.8.2/example/output/erb.out
-rw-r--r-- root/root         7 2021-06-14 10:36 usr/lib64/ruby/gems/3.0.0/gems/parslet-1.8.2/example/output/ignore.out
-rw-r--r-- root/root        53 2021-06-14 10:36 usr/lib64/ruby/gems/3.0.0/gems/parslet-1.8.2/example/output/ignore_whitespace.out
-rw-r--r-- root/root       590 2021-06-14 10:36 usr/lib64/ruby/gems/3.0.0/gems/parslet-1.8.2/example/output/ip_address.out
-rw-r--r-- root/root       535 2021-06-14 10:36 usr/lib64/ruby/gems/3.0.0/gems/parslet-1.8.2/example/output/json.out
-rw-r--r-- root/root       160 2021-06-14 10:36 usr/lib64/ruby/gems/3.0.0/gems/parslet-1.8.2/example/output/local.out
-rw-r--r-- root/root       109 2021-06-14 10:36 usr/lib64/ruby/gems/3.0.0/gems/parslet-1.8.2/example/output/mathn.out
-rw-r--r-- root/root       109 2021-06-14 10:36 usr/lib64/ruby/gems/3.0.0/gems/parslet-1.8.2/example/output/minilisp.out
-rw-r--r-- root/root         0 2021-06-14 10:36 usr/lib64/ruby/gems/3.0.0/gems/parslet-1.8.2/example/output/modularity.out
-rw-r--r-- root/root      3919 2021-06-14 10:36 usr/lib64/ruby/gems/3.0.0/gems/parslet-1.8.2/example/output/nested_errors.out
-rw-r--r-- root/root      5523 2021-06-14 10:36 usr/lib64/ruby/gems/3.0.0/gems/parslet-1.8.2/example/output/optimized_erb.out
-rw-r--r-- root/root       432 2021-06-14 10:36 usr/lib64/ruby/gems/3.0.0/gems/parslet-1.8.2/example/output/parens.out
-rw-r--r-- root/root        69 2021-06-14 10:36 usr/lib64/ruby/gems/3.0.0/gems/parslet-1.8.2/example/output/prec_calc.out
-rw-r--r-- root/root        68 2021-06-14 10:36 usr/lib64/ruby/gems/3.0.0/gems/parslet-1.8.2/example/output/readme.out
-rw-r--r-- root/root        13 2021-06-14 10:36 usr/lib64/ruby/gems/3.0.0/gems/parslet-1.8.2/example/output/scopes.out
-rw-r--r-- root/root       514 2021-06-14 10:36 usr/lib64/ruby/gems/3.0.0/gems/parslet-1.8.2/example/output/seasons.out
-rw-r--r-- root/root       892 2021-06-14 10:36 usr/lib64/ruby/gems/3.0.0/gems/parslet-1.8.2/example/output/sentence.out
-rw-r--r-- root/root        69 2021-06-14 10:36 usr/lib64/ruby/gems/3.0.0/gems/parslet-1.8.2/example/output/simple_xml.out
-rw-r--r-- root/root       132 2021-06-14 10:36 usr/lib64/ruby/gems/3.0.0/gems/parslet-1.8.2/example/output/string_parser.out
-rw-r--r-- root/root       945 2021-06-14 10:36 usr/lib64/ruby/gems/3.0.0/gems/parslet-1.8.2/example/parens.rb
-rw-r--r-- root/root      1854 2021-06-14 10:36 usr/lib64/ruby/gems/3.0.0/gems/parslet-1.8.2/example/prec_calc.rb
-rw-r--r-- root/root       919 2021-06-14 10:36 usr/lib64/ruby/gems/3.0.0/gems/parslet-1.8.2/example/readme.rb
-rw-r--r-- root/root       274 2021-06-14 10:36 usr/lib64/ruby/gems/3.0.0/gems/parslet-1.8.2/example/scopes.rb
-rw-r--r-- root/root       956 2021-06-14 10:36 usr/lib64/ruby/gems/3.0.0/gems/parslet-1.8.2/example/seasons.rb
-rw-r--r-- root/root      1533 2021-06-14 10:36 usr/lib64/ruby/gems/3.0.0/gems/parslet-1.8.2/example/sentence.rb
-rw-r--r-- root/root        42 2021-06-14 10:36 usr/lib64/ruby/gems/3.0.0/gems/parslet-1.8.2/example/simple.lit
-rw-r--r-- root/root      1255 2021-06-14 10:36 usr/lib64/ruby/gems/3.0.0/gems/parslet-1.8.2/example/simple_xml.rb
-rw-r--r-- root/root      1409 2021-06-14 10:36 usr/lib64/ruby/gems/3.0.0/gems/parslet-1.8.2/example/string_parser.rb
-rw-r--r-- root/root       136 2021-06-14 10:36 usr/lib64/ruby/gems/3.0.0/gems/parslet-1.8.2/example/test.lit
drwxr-xr-x root/root         0 2021-06-14 10:36 usr/lib64/ruby/gems/3.0.0/gems/parslet-1.8.2/lib/
drwxr-xr-x root/root         0 2021-06-14 10:36 usr/lib64/ruby/gems/3.0.0/gems/parslet-1.8.2/lib/parslet/
-rw-r--r-- root/root     10396 2021-06-14 10:36 usr/lib64/ruby/gems/3.0.0/gems/parslet-1.8.2/lib/parslet.rb
drwxr-xr-x root/root         0 2021-06-14 10:36 usr/lib64/ruby/gems/3.0.0/gems/parslet-1.8.2/lib/parslet/accelerator/
-rw-r--r-- root/root      4513 2021-06-14 10:36 usr/lib64/ruby/gems/3.0.0/gems/parslet-1.8.2/lib/parslet/accelerator.rb
-rw-r--r-- root/root      1738 2021-06-14 10:36 usr/lib64/ruby/gems/3.0.0/gems/parslet-1.8.2/lib/parslet/accelerator/application.rb
-rw-r--r-- root/root      2539 2021-06-14 10:36 usr/lib64/ruby/gems/3.0.0/gems/parslet-1.8.2/lib/parslet/accelerator/engine.rb
drwxr-xr-x root/root         0 2021-06-14 10:36 usr/lib64/ruby/gems/3.0.0/gems/parslet-1.8.2/lib/parslet/atoms/
-rw-r--r-- root/root      1059 2021-06-14 10:36 usr/lib64/ruby/gems/3.0.0/gems/parslet-1.8.2/lib/parslet/atoms.rb
-rw-r--r-- root/root      1349 2021-06-14 10:36 usr/lib64/ruby/gems/3.0.0/gems/parslet-1.8.2/lib/parslet/atoms/alternative.rb
-rw-r--r-- root/root      5056 2021-06-14 10:36 usr/lib64/ruby/gems/3.0.0/gems/parslet-1.8.2/lib/parslet/atoms/base.rb
-rw-r--r-- root/root      4627 2021-06-14 10:36 usr/lib64/ruby/gems/3.0.0/gems/parslet-1.8.2/lib/parslet/atoms/can_flatten.rb
-rw-r--r-- root/root       960 2021-06-14 10:36 usr/lib64/ruby/gems/3.0.0/gems/parslet-1.8.2/lib/parslet/atoms/capture.rb
-rw-r--r-- root/root      3056 2021-06-14 10:36 usr/lib64/ruby/gems/3.0.0/gems/parslet-1.8.2/lib/parslet/atoms/context.rb
-rw-r--r-- root/root      3240 2021-06-14 10:36 usr/lib64/ruby/gems/3.0.0/gems/parslet-1.8.2/lib/parslet/atoms/dsl.rb
-rw-r--r-- root/root       708 2021-06-14 10:36 usr/lib64/ruby/gems/3.0.0/gems/parslet-1.8.2/lib/parslet/atoms/dynamic.rb
-rw-r--r-- root/root      1329 2021-06-14 10:36 usr/lib64/ruby/gems/3.0.0/gems/parslet-1.8.2/lib/parslet/atoms/entity.rb
-rw-r--r-- root/root       525 2021-06-14 10:36 usr/lib64/ruby/gems/3.0.0/gems/parslet-1.8.2/lib/parslet/atoms/ignored.rb
-rw-r--r-- root/root      3214 2021-06-14 10:36 usr/lib64/ruby/gems/3.0.0/gems/parslet-1.8.2/lib/parslet/atoms/infix.rb
-rw-r--r-- root/root      1421 2021-06-14 10:36 usr/lib64/ruby/gems/3.0.0/gems/parslet-1.8.2/lib/parslet/atoms/lookahead.rb
-rw-r--r-- root/root       703 2021-06-14 10:36 usr/lib64/ruby/gems/3.0.0/gems/parslet-1.8.2/lib/parslet/atoms/named.rb
-rw-r--r-- root/root      1026 2021-06-14 10:36 usr/lib64/ruby/gems/3.0.0/gems/parslet-1.8.2/lib/parslet/atoms/re.rb
-rw-r--r-- root/root      2332 2021-06-14 10:36 usr/lib64/ruby/gems/3.0.0/gems/parslet-1.8.2/lib/parslet/atoms/repetition.rb
-rw-r--r-- root/root       496 2021-06-14 10:36 usr/lib64/ruby/gems/3.0.0/gems/parslet-1.8.2/lib/parslet/atoms/scope.rb
-rw-r--r-- root/root      1062 2021-06-14 10:36 usr/lib64/ruby/gems/3.0.0/gems/parslet-1.8.2/lib/parslet/atoms/sequence.rb
-rw-r--r-- root/root       916 2021-06-14 10:36 usr/lib64/ruby/gems/3.0.0/gems/parslet-1.8.2/lib/parslet/atoms/str.rb
-rw-r--r-- root/root      1932 2021-06-14 10:36 usr/lib64/ruby/gems/3.0.0/gems/parslet-1.8.2/lib/parslet/atoms/visitor.rb
-rw-r--r-- root/root      3361 2021-06-14 10:36 usr/lib64/ruby/gems/3.0.0/gems/parslet-1.8.2/lib/parslet/cause.rb
-rw-r--r-- root/root       486 2021-06-14 10:36 usr/lib64/ruby/gems/3.0.0/gems/parslet-1.8.2/lib/parslet/context.rb
-rw-r--r-- root/root       702 2021-06-14 10:36 usr/lib64/ruby/gems/3.0.0/gems/parslet-1.8.2/lib/parslet/convenience.rb
drwxr-xr-x root/root         0 2021-06-14 10:36 usr/lib64/ruby/gems/3.0.0/gems/parslet-1.8.2/lib/parslet/error_reporter/
-rw-r--r-- root/root       199 2021-06-14 10:36 usr/lib64/ruby/gems/3.0.0/gems/parslet-1.8.2/lib/parslet/error_reporter.rb
-rw-r--r-- root/root      4091 2021-06-14 10:36 usr/lib64/ruby/gems/3.0.0/gems/parslet-1.8.2/lib/parslet/error_reporter/contextual.rb
-rw-r--r-- root/root      3746 2021-06-14 10:36 usr/lib64/ruby/gems/3.0.0/gems/parslet-1.8.2/lib/parslet/error_reporter/deepest.rb
-rw-r--r-- root/root      2840 2021-06-14 10:36 usr/lib64/ruby/gems/3.0.0/gems/parslet-1.8.2/lib/parslet/error_reporter/tree.rb
-rw-r--r-- root/root      4007 2021-06-14 10:36 usr/lib64/ruby/gems/3.0.0/gems/parslet-1.8.2/lib/parslet/export.rb
drwxr-xr-x root/root         0 2021-06-14 10:36 usr/lib64/ruby/gems/3.0.0/gems/parslet-1.8.2/lib/parslet/expression/
-rw-r--r-- root/root      1177 2021-06-14 10:36 usr/lib64/ruby/gems/3.0.0/gems/parslet-1.8.2/lib/parslet/expression.rb
-rw-r--r-- root/root      2541 2021-06-14 10:36 usr/lib64/ruby/gems/3.0.0/gems/parslet-1.8.2/lib/parslet/expression/treetop.rb
-rw-r--r-- root/root      1987 2021-06-14 10:36 usr/lib64/ruby/gems/3.0.0/gems/parslet-1.8.2/lib/parslet/graphviz.rb
-rw-r--r-- root/root      1892 2021-06-14 10:36 usr/lib64/ruby/gems/3.0.0/gems/parslet-1.8.2/lib/parslet/parser.rb
drwxr-xr-x root/root         0 2021-06-14 10:36 usr/lib64/ruby/gems/3.0.0/gems/parslet-1.8.2/lib/parslet/pattern/
-rw-r--r-- root/root      3572 2021-06-14 10:36 usr/lib64/ruby/gems/3.0.0/gems/parslet-1.8.2/lib/parslet/pattern.rb
-rw-r--r-- root/root      1258 2021-06-14 10:36 usr/lib64/ruby/gems/3.0.0/gems/parslet-1.8.2/lib/parslet/pattern/binding.rb
-rw-r--r-- root/root       327 2021-06-14 10:36 usr/lib64/ruby/gems/3.0.0/gems/parslet-1.8.2/lib/parslet/position.rb
drwxr-xr-x root/root         0 2021-06-14 10:36 usr/lib64/ruby/gems/3.0.0/gems/parslet-1.8.2/lib/parslet/rig/
-rw-r--r-- root/root      1652 2021-06-14 10:36 usr/lib64/ruby/gems/3.0.0/gems/parslet-1.8.2/lib/parslet/rig/rspec.rb
-rw-r--r-- root/root       678 2021-06-14 10:36 usr/lib64/ruby/gems/3.0.0/gems/parslet-1.8.2/lib/parslet/scope.rb
-rw-r--r-- root/root      2539 2021-06-14 10:36 usr/lib64/ruby/gems/3.0.0/gems/parslet-1.8.2/lib/parslet/slice.rb
drwxr-xr-x root/root         0 2021-06-14 10:36 usr/lib64/ruby/gems/3.0.0/gems/parslet-1.8.2/lib/parslet/source/
-rw-r--r-- root/root      2425 2021-06-14 10:36 usr/lib64/ruby/gems/3.0.0/gems/parslet-1.8.2/lib/parslet/source.rb
-rw-r--r-- root/root      2905 2021-06-14 10:36 usr/lib64/ruby/gems/3.0.0/gems/parslet-1.8.2/lib/parslet/source/line_cache.rb
-rw-r--r-- root/root      7917 2021-06-14 10:36 usr/lib64/ruby/gems/3.0.0/gems/parslet-1.8.2/lib/parslet/transform.rb
-rw-r--r-- root/root       536 2021-06-14 10:36 usr/lib64/ruby/gems/3.0.0/gems/parslet-1.8.2/parslet.gemspec
drwxr-xr-x root/root         0 2021-06-14 10:36 usr/lib64/ruby/gems/3.0.0/gems/parslet-1.8.2/spec/
drwxr-xr-x root/root         0 2021-06-14 10:36 usr/lib64/ruby/gems/3.0.0/gems/parslet-1.8.2/spec/acceptance/
-rw-r--r-- root/root       964 2021-06-14 10:36 usr/lib64/ruby/gems/3.0.0/gems/parslet-1.8.2/spec/acceptance/examples_spec.rb
-rw-r--r-- root/root      3351 2021-06-14 10:36 usr/lib64/ruby/gems/3.0.0/gems/parslet-1.8.2/spec/acceptance/infix_parser_spec.rb
-rw-r--r-- root/root      9730 2021-06-14 10:36 usr/lib64/ruby/gems/3.0.0/gems/parslet-1.8.2/spec/acceptance/regression_spec.rb
-rw-r--r-- root/root      1211 2021-06-14 10:36 usr/lib64/ruby/gems/3.0.0/gems/parslet-1.8.2/spec/acceptance/repetition_and_maybe_spec.rb
-rw-r--r-- root/root       613 2021-06-14 10:36 usr/lib64/ruby/gems/3.0.0/gems/parslet-1.8.2/spec/acceptance/unconsumed_input_spec.rb
drwxr-xr-x root/root         0 2021-06-14 10:36 usr/lib64/ruby/gems/3.0.0/gems/parslet-1.8.2/spec/parslet/
-rw-r--r-- root/root      1236 2021-06-14 10:36 usr/lib64/ruby/gems/3.0.0/gems/parslet-1.8.2/spec/parslet/atom_results_spec.rb
drwxr-xr-x root/root         0 2021-06-14 10:36 usr/lib64/ruby/gems/3.0.0/gems/parslet-1.8.2/spec/parslet/atoms/
-rw-r--r-- root/root       640 2021-06-14 10:36 usr/lib64/ruby/gems/3.0.0/gems/parslet-1.8.2/spec/parslet/atoms/alternative_spec.rb
-rw-r--r-- root/root      3930 2021-06-14 10:36 usr/lib64/ruby/gems/3.0.0/gems/parslet-1.8.2/spec/parslet/atoms/base_spec.rb
-rw-r--r-- root/root       519 2021-06-14 10:36 usr/lib64/ruby/gems/3.0.0/gems/parslet-1.8.2/spec/parslet/atoms/capture_spec.rb
-rw-r--r-- root/root        79 2021-06-14 10:36 usr/lib64/ruby/gems/3.0.0/gems/parslet-1.8.2/spec/parslet/atoms/combinations_spec.rb
-rw-r--r-- root/root       647 2021-06-14 10:36 usr/lib64/ruby/gems/3.0.0/gems/parslet-1.8.2/spec/parslet/atoms/dsl_spec.rb
-rw-r--r-- root/root      2080 2021-06-14 10:36 usr/lib64/ruby/gems/3.0.0/gems/parslet-1.8.2/spec/parslet/atoms/entity_spec.rb
-rw-r--r-- root/root       529 2021-06-14 10:36 usr/lib64/ruby/gems/3.0.0/gems/parslet-1.8.2/spec/parslet/atoms/ignored_spec.rb
-rw-r--r-- root/root        61 2021-06-14 10:36 usr/lib64/ruby/gems/3.0.0/gems/parslet-1.8.2/spec/parslet/atoms/infix_spec.rb
-rw-r--r-- root/root       760 2021-06-14 10:36 usr/lib64/ruby/gems/3.0.0/gems/parslet-1.8.2/spec/parslet/atoms/lookahead_spec.rb
-rw-r--r-- root/root        60 2021-06-14 10:36 usr/lib64/ruby/gems/3.0.0/gems/parslet-1.8.2/spec/parslet/atoms/named_spec.rb
-rw-r--r-- root/root       317 2021-06-14 10:36 usr/lib64/ruby/gems/3.0.0/gems/parslet-1.8.2/spec/parslet/atoms/re_spec.rb
-rw-r--r-- root/root       497 2021-06-14 10:36 usr/lib64/ruby/gems/3.0.0/gems/parslet-1.8.2/spec/parslet/atoms/repetition_spec.rb
-rw-r--r-- root/root       577 2021-06-14 10:36 usr/lib64/ruby/gems/3.0.0/gems/parslet-1.8.2/spec/parslet/atoms/scope_spec.rb
-rw-r--r-- root/root       650 2021-06-14 10:36 usr/lib64/ruby/gems/3.0.0/gems/parslet-1.8.2/spec/parslet/atoms/sequence_spec.rb
-rw-r--r-- root/root       295 2021-06-14 10:36 usr/lib64/ruby/gems/3.0.0/gems/parslet-1.8.2/spec/parslet/atoms/str_spec.rb
-rw-r--r-- root/root      2308 2021-06-14 10:36 usr/lib64/ruby/gems/3.0.0/gems/parslet-1.8.2/spec/parslet/atoms/visitor_spec.rb
-rw-r--r-- root/root     13111 2021-06-14 10:36 usr/lib64/ruby/gems/3.0.0/gems/parslet-1.8.2/spec/parslet/atoms_spec.rb
-rw-r--r-- root/root      1295 2021-06-14 10:36 usr/lib64/ruby/gems/3.0.0/gems/parslet-1.8.2/spec/parslet/convenience_spec.rb
drwxr-xr-x root/root         0 2021-06-14 10:36 usr/lib64/ruby/gems/3.0.0/gems/parslet-1.8.2/spec/parslet/error_reporter/
-rw-r--r-- root/root      3421 2021-06-14 10:36 usr/lib64/ruby/gems/3.0.0/gems/parslet-1.8.2/spec/parslet/error_reporter/contextual_spec.rb
-rw-r--r-- root/root      2109 2021-06-14 10:36 usr/lib64/ruby/gems/3.0.0/gems/parslet-1.8.2/spec/parslet/error_reporter/deepest_spec.rb
-rw-r--r-- root/root       104 2021-06-14 10:36 usr/lib64/ruby/gems/3.0.0/gems/parslet-1.8.2/spec/parslet/error_reporter/tree_spec.rb
-rw-r--r-- root/root      1726 2021-06-14 10:36 usr/lib64/ruby/gems/3.0.0/gems/parslet-1.8.2/spec/parslet/export_spec.rb
drwxr-xr-x root/root         0 2021-06-14 10:36 usr/lib64/ruby/gems/3.0.0/gems/parslet-1.8.2/spec/parslet/expression/
-rw-r--r-- root/root      1841 2021-06-14 10:36 usr/lib64/ruby/gems/3.0.0/gems/parslet-1.8.2/spec/parslet/expression/treetop_spec.rb
-rw-r--r-- root/root       551 2021-06-14 10:36 usr/lib64/ruby/gems/3.0.0/gems/parslet-1.8.2/spec/parslet/minilisp.citrus
-rw-r--r-- root/root       560 2021-06-14 10:36 usr/lib64/ruby/gems/3.0.0/gems/parslet-1.8.2/spec/parslet/minilisp.tt
-rw-r--r-- root/root       781 2021-06-14 10:36 usr/lib64/ruby/gems/3.0.0/gems/parslet-1.8.2/spec/parslet/parser_spec.rb
-rw-r--r-- root/root       883 2021-06-14 10:36 usr/lib64/ruby/gems/3.0.0/gems/parslet-1.8.2/spec/parslet/parslet_spec.rb
-rw-r--r-- root/root      8339 2021-06-14 10:36 usr/lib64/ruby/gems/3.0.0/gems/parslet-1.8.2/spec/parslet/pattern_spec.rb
-rw-r--r-- root/root       285 2021-06-14 10:36 usr/lib64/ruby/gems/3.0.0/gems/parslet-1.8.2/spec/parslet/position_spec.rb
drwxr-xr-x root/root         0 2021-06-14 10:36 usr/lib64/ruby/gems/3.0.0/gems/parslet-1.8.2/spec/parslet/rig/
-rw-r--r-- root/root      1891 2021-06-14 10:36 usr/lib64/ruby/gems/3.0.0/gems/parslet-1.8.2/spec/parslet/rig/rspec_spec.rb
-rw-r--r-- root/root      1009 2021-06-14 10:36 usr/lib64/ruby/gems/3.0.0/gems/parslet-1.8.2/spec/parslet/scope_spec.rb
-rw-r--r-- root/root      4219 2021-06-14 10:36 usr/lib64/ruby/gems/3.0.0/gems/parslet-1.8.2/spec/parslet/slice_spec.rb
drwxr-xr-x root/root         0 2021-06-14 10:36 usr/lib64/ruby/gems/3.0.0/gems/parslet-1.8.2/spec/parslet/source/
-rw-r--r-- root/root      2320 2021-06-14 10:36 usr/lib64/ruby/gems/3.0.0/gems/parslet-1.8.2/spec/parslet/source/line_cache_spec.rb
-rw-r--r-- root/root      4582 2021-06-14 10:36 usr/lib64/ruby/gems/3.0.0/gems/parslet-1.8.2/spec/parslet/source_spec.rb
drwxr-xr-x root/root         0 2021-06-14 10:36 usr/lib64/ruby/gems/3.0.0/gems/parslet-1.8.2/spec/parslet/transform/
-rw-r--r-- root/root      1277 2021-06-14 10:36 usr/lib64/ruby/gems/3.0.0/gems/parslet-1.8.2/spec/parslet/transform/context_spec.rb
-rw-r--r-- root/root      5380 2021-06-14 10:36 usr/lib64/ruby/gems/3.0.0/gems/parslet-1.8.2/spec/parslet/transform_spec.rb
-rw-r--r-- root/root       818 2021-06-14 10:36 usr/lib64/ruby/gems/3.0.0/gems/parslet-1.8.2/spec/spec_helper.rb
drwxr-xr-x root/root         0 2021-06-14 10:36 usr/lib64/ruby/gems/3.0.0/plugins/
drwxr-xr-x root/root         0 2021-06-14 10:36 usr/lib64/ruby/gems/3.0.0/specifications/
-rw-r--r-- root/root      1371 2021-06-14 10:36 usr/lib64/ruby/gems/3.0.0/specifications/colorize-0.8.1.gemspec
-rw-r--r-- root/root      1240 2021-06-14 10:36 usr/lib64/ruby/gems/3.0.0/specifications/csscss-1.3.3.gemspec
-rw-r--r-- root/root       816 2021-06-14 10:36 usr/lib64/ruby/gems/3.0.0/specifications/parslet-1.8.2.gemspec


