++========================================
||
||   Package:  ./aom/aom-3.5.0-x86_64-1cf.txz
||
++========================================
drwxr-xr-x root/root         0 2022-09-24 07:00 ./
drwxr-xr-x root/root         0 2022-09-24 07:00 install/
-rw-r--r-- root/root       176 2022-09-24 07:00 install/doinst.sh
-rw-r--r-- root/root       789 2022-09-24 07:00 install/slack-desc
drwxr-xr-x root/root         0 2022-09-24 07:00 usr/
drwxr-xr-x root/root         0 2022-09-24 07:00 usr/bin/
-rwxr-xr-x root/root    498768 2022-09-24 07:00 usr/bin/aomdec
-rwxr-xr-x root/root    528936 2022-09-24 07:00 usr/bin/aomenc
drwxr-xr-x root/root         0 2022-09-24 07:00 usr/doc/
drwxr-xr-x root/root         0 2022-09-24 07:00 usr/doc/aom-3.5.0/
-rw-r--r-- root/root     10938 2022-09-10 06:50 usr/doc/aom-3.5.0/AUTHORS
-rw-r--r-- root/root     21120 2022-09-10 06:50 usr/doc/aom-3.5.0/CHANGELOG
-rw-r--r-- root/root      1316 2022-09-10 06:50 usr/doc/aom-3.5.0/LICENSE
-rw-r--r-- root/root      5702 2022-09-10 06:50 usr/doc/aom-3.5.0/PATENTS
-rw-r--r-- root/root     23854 2022-09-10 06:50 usr/doc/aom-3.5.0/README.md
-rw-r--r-- root/root      4274 2022-09-24 07:00 usr/doc/aom-3.5.0/aom.SlackBuild
drwxr-xr-x root/root         0 2022-09-24 07:00 usr/include/
drwxr-xr-x root/root         0 2022-09-24 07:00 usr/include/aom/
-rw-r--r-- root/root      3873 2022-09-10 06:50 usr/include/aom/aom.h
-rw-r--r-- root/root     20277 2022-09-10 06:50 usr/include/aom/aom_codec.h
-rw-r--r-- root/root     10418 2022-09-10 06:50 usr/include/aom/aom_decoder.h
-rw-r--r-- root/root     40623 2022-09-10 06:50 usr/include/aom/aom_encoder.h
-rw-r--r-- root/root     17891 2022-09-10 06:50 usr/include/aom/aom_external_partition.h
-rw-r--r-- root/root      3326 2022-09-10 06:50 usr/include/aom/aom_frame_buffer.h
-rw-r--r-- root/root     19240 2022-09-10 06:50 usr/include/aom/aom_image.h
-rw-r--r-- root/root      2287 2022-09-10 06:50 usr/include/aom/aom_integer.h
-rw-r--r-- root/root     66500 2022-09-10 06:50 usr/include/aom/aomcx.h
-rw-r--r-- root/root     19299 2022-09-10 06:50 usr/include/aom/aomdx.h
drwxr-xr-x root/root         0 2022-09-24 07:00 usr/lib64/
-rw-r--r-- root/root   8063944 2022-09-24 07:00 usr/lib64/libaom.a
-rwxr-xr-x root/root   5636232 2022-09-24 07:00 usr/lib64/libaom.so.3.5.0
drwxr-xr-x root/root         0 2022-09-24 07:00 usr/lib64/pkgconfig/
-rw-r--r-- root/root       298 2022-09-24 07:00 usr/lib64/pkgconfig/aom.pc


