++========================================
||
||   Package:  ./httrack/httrack-3.49.2-x86_64-4cf.txz
||
++========================================
drwxr-xr-x root/root         0 2020-10-05 11:33 ./
drwxr-xr-x root/root         0 2020-10-05 11:33 install/
-rw-r--r-- root/root      3365 2020-10-05 11:33 install/doinst.sh
-rw-r--r-- root/root       680 2020-10-05 11:33 install/slack-desc
drwxr-xr-x root/root         0 2020-10-05 11:33 usr/
drwxr-xr-x root/root         0 2020-10-05 11:33 usr/bin/
-rwxr-xr-x root/root     84640 2020-10-05 11:33 usr/bin/htsserver
-rwxr-xr-x root/root     31056 2020-10-05 11:33 usr/bin/httrack
-rwxr-xr-x root/root    129800 2020-10-05 11:33 usr/bin/proxytrack
-rwxr-xr-x root/root      4691 2020-10-05 11:33 usr/bin/webhttrack
drwxr-xr-x root/root         0 2020-10-05 11:33 usr/doc/
drwxr-xr-x root/root         0 2020-10-05 11:33 usr/doc/httrack-3.49.2/
-rw-r--r-- root/root        33 2016-04-26 19:10 usr/doc/httrack-3.49.2/AUTHORS
-rw-r--r-- root/root     35147 2016-04-26 19:10 usr/doc/httrack-3.49.2/COPYING
-rw-r--r-- root/root         0 2016-04-26 19:10 usr/doc/httrack-3.49.2/ChangeLog
-rw-r--r-- root/root     15752 2017-05-20 10:45 usr/doc/httrack-3.49.2/INSTALL
-rw-r--r-- root/root       342 2016-04-26 19:10 usr/doc/httrack-3.49.2/INSTALL.Linux
-rw-r--r-- root/root         0 2016-04-26 19:10 usr/doc/httrack-3.49.2/NEWS
-rw-r--r-- root/root      1692 2017-04-01 21:38 usr/doc/httrack-3.49.2/README
-rw-r--r-- root/root     21071 2020-10-05 11:33 usr/doc/httrack-3.49.2/abuse.html
-rw-r--r-- root/root      5785 2020-10-05 11:33 usr/doc/httrack-3.49.2/addurl.html
-rw-r--r-- root/root     11071 2020-10-05 11:33 usr/doc/httrack-3.49.2/cache.html
-rw-r--r-- root/root      5583 2020-10-05 11:33 usr/doc/httrack-3.49.2/cmddoc.html
-rw-r--r-- root/root      9216 2020-10-05 11:33 usr/doc/httrack-3.49.2/contact.html
-rw-r--r-- root/root      5992 2020-10-05 11:33 usr/doc/httrack-3.49.2/dev.html
drwxr-xr-x root/root         0 2020-10-05 11:33 usr/doc/httrack-3.49.2/div/
-rw-r--r-- root/root      1506 2020-10-05 11:33 usr/doc/httrack-3.49.2/div/search.sh
-rw-r--r-- root/root     52813 2020-10-05 11:33 usr/doc/httrack-3.49.2/faq.html
-rw-r--r-- root/root    105485 2020-10-05 11:33 usr/doc/httrack-3.49.2/fcguide.html
-rw-r--r-- root/root     19497 2020-10-05 11:33 usr/doc/httrack-3.49.2/filters.html
-rw-r--r-- root/root      3570 2020-10-05 11:33 usr/doc/httrack-3.49.2/greetings.txt
-rw-r--r-- root/root     39512 2020-10-05 11:33 usr/doc/httrack-3.49.2/history.txt
-rw-r--r-- root/root       190 2020-10-05 11:33 usr/doc/httrack-3.49.2/httrack-doc.html
-rw-r--r-- root/root      3432 2020-10-05 11:33 usr/doc/httrack-3.49.2/httrack.SlackBuild
-rw-r--r-- root/root     52872 2020-10-05 11:33 usr/doc/httrack-3.49.2/httrack.man.html
drwxr-xr-x root/root         0 2020-10-05 11:33 usr/doc/httrack-3.49.2/images/
-rw-r--r-- root/root      4235 2020-10-05 11:33 usr/doc/httrack-3.49.2/images/bg_rings.gif
-rw-r--r-- root/root      1986 2020-10-05 11:33 usr/doc/httrack-3.49.2/images/header_title_4.gif
-rw-r--r-- root/root      6046 2020-10-05 11:33 usr/doc/httrack-3.49.2/images/screenshot_01.jpg
-rw-r--r-- root/root      8473 2020-10-05 11:33 usr/doc/httrack-3.49.2/images/screenshot_01b.jpg
drwxr-xr-x root/root         0 2020-10-05 11:33 usr/doc/httrack-3.49.2/img/
-rw-r--r-- root/root      9687 2020-10-05 11:33 usr/doc/httrack-3.49.2/img/addurl1.gif
-rw-r--r-- root/root      9834 2020-10-05 11:33 usr/doc/httrack-3.49.2/img/addurl2.gif
-rw-r--r-- root/root     10529 2020-10-05 11:33 usr/doc/httrack-3.49.2/img/addurl3.gif
-rw-r--r-- root/root      9683 2020-10-05 11:33 usr/doc/httrack-3.49.2/img/addurl4.gif
-rw-r--r-- root/root      9659 2020-10-05 11:33 usr/doc/httrack-3.49.2/img/addurl5.gif
-rw-r--r-- root/root      4721 2020-10-05 11:33 usr/doc/httrack-3.49.2/img/backblue.gif
-rw-r--r-- root/root        53 2020-10-05 11:33 usr/doc/httrack-3.49.2/img/fade.gif
-rw-r--r-- root/root      4085 2020-10-05 11:33 usr/doc/httrack-3.49.2/img/httrack.gif
-rw-r--r-- root/root      9925 2020-10-05 11:33 usr/doc/httrack-3.49.2/img/snap1_a.gif
-rw-r--r-- root/root     10567 2020-10-05 11:33 usr/doc/httrack-3.49.2/img/snap1_b.gif
-rw-r--r-- root/root     21952 2020-10-05 11:33 usr/doc/httrack-3.49.2/img/snap1_c.gif
-rw-r--r-- root/root     49389 2020-10-05 11:33 usr/doc/httrack-3.49.2/img/snap2_a.gif
-rw-r--r-- root/root     41328 2020-10-05 11:33 usr/doc/httrack-3.49.2/img/snap2_b.gif
-rw-r--r-- root/root      6114 2020-10-05 11:33 usr/doc/httrack-3.49.2/img/snap3_a.gif
-rw-r--r-- root/root     37989 2020-10-05 11:33 usr/doc/httrack-3.49.2/img/snap4_a.gif
-rw-r--r-- root/root     14993 2020-10-05 11:33 usr/doc/httrack-3.49.2/img/snap5_a.gif
-rw-r--r-- root/root      4846 2020-10-05 11:33 usr/doc/httrack-3.49.2/img/snap9.gif
-rw-r--r-- root/root      2559 2020-10-05 11:33 usr/doc/httrack-3.49.2/img/snap9_a.gif
-rw-r--r-- root/root      4425 2020-10-05 11:33 usr/doc/httrack-3.49.2/img/snap9_b.gif
-rw-r--r-- root/root      2555 2020-10-05 11:33 usr/doc/httrack-3.49.2/img/snap9_c.gif
-rw-r--r-- root/root      5688 2020-10-05 11:33 usr/doc/httrack-3.49.2/img/snap9_d.gif
-rw-r--r-- root/root      8975 2020-10-05 11:33 usr/doc/httrack-3.49.2/img/snap9_d2.gif
-rw-r--r-- root/root      7411 2020-10-05 11:33 usr/doc/httrack-3.49.2/img/snap9_d3.gif
-rw-r--r-- root/root      7344 2020-10-05 11:33 usr/doc/httrack-3.49.2/img/snap9_d4.gif
-rw-r--r-- root/root      9558 2020-10-05 11:33 usr/doc/httrack-3.49.2/img/snap9_d5.gif
-rw-r--r-- root/root      7970 2020-10-05 11:33 usr/doc/httrack-3.49.2/img/snap9_d6.gif
-rw-r--r-- root/root      8024 2020-10-05 11:33 usr/doc/httrack-3.49.2/img/snap9_d7.gif
-rw-r--r-- root/root      3525 2020-10-05 11:33 usr/doc/httrack-3.49.2/img/snap9_d8.gif
-rw-r--r-- root/root      3458 2020-10-05 11:33 usr/doc/httrack-3.49.2/img/snap9_e.gif
-rw-r--r-- root/root      3347 2020-10-05 11:33 usr/doc/httrack-3.49.2/img/snap9_f.gif
-rw-r--r-- root/root      2024 2020-10-05 11:33 usr/doc/httrack-3.49.2/img/snap9_g.gif
-rw-r--r-- root/root      8457 2020-10-05 11:33 usr/doc/httrack-3.49.2/img/snap9_g2.gif
-rw-r--r-- root/root     12992 2020-10-05 11:33 usr/doc/httrack-3.49.2/img/snap9_g3.gif
-rw-r--r-- root/root      2841 2020-10-05 11:33 usr/doc/httrack-3.49.2/img/snap9_h.gif
-rw-r--r-- root/root      2427 2020-10-05 11:33 usr/doc/httrack-3.49.2/img/snap9_i.gif
-rw-r--r-- root/root      3949 2020-10-05 11:33 usr/doc/httrack-3.49.2/img/snap9_j.gif
-rw-r--r-- root/root      4901 2020-10-05 11:33 usr/doc/httrack-3.49.2/img/snap9_k.gif
-rw-r--r-- root/root      5902 2020-10-05 11:33 usr/doc/httrack-3.49.2/index.html
-rw-r--r-- root/root      4825 2020-10-05 11:33 usr/doc/httrack-3.49.2/library.html
-rw-r--r-- root/root      1643 2020-10-05 11:33 usr/doc/httrack-3.49.2/license.txt
-rw-r--r-- root/root     14582 2020-10-05 11:33 usr/doc/httrack-3.49.2/options.html
-rw-r--r-- root/root      5518 2020-10-05 11:33 usr/doc/httrack-3.49.2/overview.html
-rw-r--r-- root/root     25024 2020-10-05 11:33 usr/doc/httrack-3.49.2/plug.html
-rw-r--r-- root/root     19033 2020-10-05 11:33 usr/doc/httrack-3.49.2/plug_330.html
-rw-r--r-- root/root      8223 2020-10-05 11:33 usr/doc/httrack-3.49.2/scripting.html
drwxr-xr-x root/root         0 2020-10-05 11:33 usr/doc/httrack-3.49.2/server/
-rw-r--r-- root/root      2373 2020-10-05 11:33 usr/doc/httrack-3.49.2/server/about.html
-rw-r--r-- root/root      4917 2020-10-05 11:33 usr/doc/httrack-3.49.2/server/addurl.html
-rw-r--r-- root/root      2026 2020-10-05 11:33 usr/doc/httrack-3.49.2/server/error.html
-rw-r--r-- root/root       674 2020-10-05 11:33 usr/doc/httrack-3.49.2/server/exit.html
-rw-r--r-- root/root      2630 2020-10-05 11:33 usr/doc/httrack-3.49.2/server/file.html
-rw-r--r-- root/root      4068 2020-10-05 11:33 usr/doc/httrack-3.49.2/server/finished.html
-rw-r--r-- root/root      3089 2020-10-05 11:33 usr/doc/httrack-3.49.2/server/help.html
drwxr-xr-x root/root         0 2020-10-05 11:33 usr/doc/httrack-3.49.2/server/images/
-rw-r--r-- root/root      4235 2020-10-05 11:33 usr/doc/httrack-3.49.2/server/images/bg_rings.gif
-rw-r--r-- root/root        53 2020-10-05 11:33 usr/doc/httrack-3.49.2/server/images/fade.gif
-rw-r--r-- root/root      1986 2020-10-05 11:33 usr/doc/httrack-3.49.2/server/images/header_title_4.gif
-rw-r--r-- root/root      3954 2020-10-05 11:33 usr/doc/httrack-3.49.2/server/index.html
-rw-r--r-- root/root      7880 2020-10-05 11:33 usr/doc/httrack-3.49.2/server/option1.html
-rw-r--r-- root/root      7328 2020-10-05 11:33 usr/doc/httrack-3.49.2/server/option10.html
-rw-r--r-- root/root      9874 2020-10-05 11:33 usr/doc/httrack-3.49.2/server/option11.html
-rw-r--r-- root/root      8744 2020-10-05 11:33 usr/doc/httrack-3.49.2/server/option2.html
-rw-r--r-- root/root      3778 2020-10-05 11:33 usr/doc/httrack-3.49.2/server/option2b.html
-rw-r--r-- root/root      8132 2020-10-05 11:33 usr/doc/httrack-3.49.2/server/option3.html
-rw-r--r-- root/root      8218 2020-10-05 11:33 usr/doc/httrack-3.49.2/server/option4.html
-rw-r--r-- root/root      8811 2020-10-05 11:33 usr/doc/httrack-3.49.2/server/option5.html
-rw-r--r-- root/root      7268 2020-10-05 11:33 usr/doc/httrack-3.49.2/server/option6.html
-rw-r--r-- root/root      7040 2020-10-05 11:33 usr/doc/httrack-3.49.2/server/option7.html
-rw-r--r-- root/root      8270 2020-10-05 11:33 usr/doc/httrack-3.49.2/server/option8.html
-rw-r--r-- root/root      7865 2020-10-05 11:33 usr/doc/httrack-3.49.2/server/option9.html
-rw-r--r-- root/root       904 2020-10-05 11:33 usr/doc/httrack-3.49.2/server/ping.js
-rw-r--r-- root/root      9771 2020-10-05 11:33 usr/doc/httrack-3.49.2/server/refresh.html
-rw-r--r-- root/root      8369 2020-10-05 11:33 usr/doc/httrack-3.49.2/server/step2.html
-rw-r--r-- root/root      6294 2020-10-05 11:33 usr/doc/httrack-3.49.2/server/step3.html
-rw-r--r-- root/root      9620 2020-10-05 11:33 usr/doc/httrack-3.49.2/server/step4.html
-rw-r--r-- root/root      2054 2020-10-05 11:33 usr/doc/httrack-3.49.2/server/style.css
-rw-r--r-- root/root      5429 2020-10-05 11:33 usr/doc/httrack-3.49.2/shelldoc.html
-rw-r--r-- root/root       320 2020-10-05 11:33 usr/doc/httrack-3.49.2/start.html
-rw-r--r-- root/root      5040 2020-10-05 11:33 usr/doc/httrack-3.49.2/step.html
-rw-r--r-- root/root      5701 2020-10-05 11:33 usr/doc/httrack-3.49.2/step1.html
-rw-r--r-- root/root      6881 2020-10-05 11:33 usr/doc/httrack-3.49.2/step2.html
-rw-r--r-- root/root      5976 2020-10-05 11:33 usr/doc/httrack-3.49.2/step3.html
-rw-r--r-- root/root      5082 2020-10-05 11:33 usr/doc/httrack-3.49.2/step4.html
-rw-r--r-- root/root      4949 2020-10-05 11:33 usr/doc/httrack-3.49.2/step5.html
-rw-r--r-- root/root      5774 2020-10-05 11:33 usr/doc/httrack-3.49.2/step9.html
-rw-r--r-- root/root      6009 2020-10-05 11:33 usr/doc/httrack-3.49.2/step9_opt1.html
-rw-r--r-- root/root      5989 2020-10-05 11:33 usr/doc/httrack-3.49.2/step9_opt10.html
-rw-r--r-- root/root      6787 2020-10-05 11:33 usr/doc/httrack-3.49.2/step9_opt11.html
-rw-r--r-- root/root      7922 2020-10-05 11:33 usr/doc/httrack-3.49.2/step9_opt2.html
-rw-r--r-- root/root      6090 2020-10-05 11:33 usr/doc/httrack-3.49.2/step9_opt3.html
-rw-r--r-- root/root      7074 2020-10-05 11:33 usr/doc/httrack-3.49.2/step9_opt4.html
-rw-r--r-- root/root      6758 2020-10-05 11:33 usr/doc/httrack-3.49.2/step9_opt5.html
-rw-r--r-- root/root      6524 2020-10-05 11:33 usr/doc/httrack-3.49.2/step9_opt6.html
-rw-r--r-- root/root      5801 2020-10-05 11:33 usr/doc/httrack-3.49.2/step9_opt7.html
-rw-r--r-- root/root      6191 2020-10-05 11:33 usr/doc/httrack-3.49.2/step9_opt8.html
-rw-r--r-- root/root      6590 2020-10-05 11:33 usr/doc/httrack-3.49.2/step9_opt9.html
drwxr-xr-x root/root         0 2020-10-05 11:33 usr/include/
drwxr-xr-x root/root         0 2020-10-05 11:33 usr/include/httrack/
-rw-r--r-- root/root      4097 2020-10-05 11:33 usr/include/httrack/config.h
-rw-r--r-- root/root      4722 2020-10-05 11:33 usr/include/httrack/htsarrays.h
-rw-r--r-- root/root      4751 2020-10-05 11:33 usr/include/httrack/htsbasenet.h
-rw-r--r-- root/root      3051 2020-10-05 11:33 usr/include/httrack/htsbauth.h
-rw-r--r-- root/root      4094 2020-10-05 11:33 usr/include/httrack/htsconfig.h
-rw-r--r-- root/root     10324 2020-10-05 11:33 usr/include/httrack/htsdefines.h
-rw-r--r-- root/root      9691 2020-10-05 11:33 usr/include/httrack/htsglobal.h
-rw-r--r-- root/root      4996 2020-10-05 11:33 usr/include/httrack/htsmodules.h
-rw-r--r-- root/root      8096 2020-10-05 11:33 usr/include/httrack/htsnet.h
-rw-r--r-- root/root     23460 2020-10-05 11:33 usr/include/httrack/htsopt.h
-rw-r--r-- root/root      7750 2020-10-05 11:33 usr/include/httrack/htssafe.h
-rw-r--r-- root/root      8412 2020-10-05 11:33 usr/include/httrack/htsstrings.h
-rw-r--r-- root/root      2056 2020-10-05 11:33 usr/include/httrack/htswrap.h
-rw-r--r-- root/root     14631 2020-10-05 11:33 usr/include/httrack/httrack-library.h
drwxr-xr-x root/root         0 2020-10-05 11:33 usr/lib64/
drwxr-xr-x root/root         0 2020-10-05 11:33 usr/lib64/httrack/
-rwxr-xr-x root/root      1043 2020-10-05 11:33 usr/lib64/httrack/libbaselinks.la
-rwxr-xr-x root/root     14288 2020-10-05 11:33 usr/lib64/httrack/libbaselinks.so.1.0.0
-rwxr-xr-x root/root      1067 2020-10-05 11:33 usr/lib64/httrack/libchangecontent.la
-rwxr-xr-x root/root     14160 2020-10-05 11:33 usr/lib64/httrack/libchangecontent.so.1.0.0
-rwxr-xr-x root/root      1067 2020-10-05 11:33 usr/lib64/httrack/libcontentfilter.la
-rwxr-xr-x root/root     14280 2020-10-05 11:33 usr/lib64/httrack/libcontentfilter.so.1.0.0
-rwxr-xr-x root/root      1067 2020-10-05 11:33 usr/lib64/httrack/libdisplayheader.la
-rwxr-xr-x root/root     14224 2020-10-05 11:33 usr/lib64/httrack/libdisplayheader.so.1.0.0
-rwxr-xr-x root/root      1037 2020-10-05 11:33 usr/lib64/httrack/libfilename.la
-rwxr-xr-x root/root     14144 2020-10-05 11:33 usr/lib64/httrack/libfilename.so.1.0.0
-rwxr-xr-x root/root      1043 2020-10-05 11:33 usr/lib64/httrack/libfilename2.la
-rwxr-xr-x root/root     14304 2020-10-05 11:33 usr/lib64/httrack/libfilename2.so.1.0.0
-rwxr-xr-x root/root      1073 2020-10-05 11:33 usr/lib64/httrack/libfilenameiisbug.la
-rwxr-xr-x root/root     14312 2020-10-05 11:33 usr/lib64/httrack/libfilenameiisbug.so.1.0.0
-rwxr-xr-x root/root      1043 2020-10-05 11:33 usr/lib64/httrack/liblistlinks.la
-rwxr-xr-x root/root     14264 2020-10-05 11:33 usr/lib64/httrack/liblistlinks.so.1.0.0
-rwxr-xr-x root/root      1007 2020-10-05 11:33 usr/lib64/httrack/liblog.la
-rwxr-xr-x root/root     14280 2020-10-05 11:33 usr/lib64/httrack/liblog.so.1.0.0
-rwxr-xr-x root/root      1025 2020-10-05 11:33 usr/lib64/httrack/libsimple.la
-rwxr-xr-x root/root     14232 2020-10-05 11:33 usr/lib64/httrack/libsimple.so.1.0.0
-rwxr-xr-x root/root     14360 2020-10-05 11:33 usr/lib64/libhtsjava.so.2.0.49
-rwxr-xr-x root/root    636952 2020-10-05 11:33 usr/lib64/libhttrack.so.2.0.49
drwxr-xr-x root/root         0 2020-10-05 11:33 usr/man/
drwxr-xr-x root/root         0 2020-10-05 11:33 usr/man/man1/
-rw-r--r-- root/root      1156 2020-10-05 11:33 usr/man/man1/htsserver.1.gz
-rw-r--r-- root/root      7407 2020-10-05 11:33 usr/man/man1/httrack.1.gz
-rw-r--r-- root/root      1116 2020-10-05 11:33 usr/man/man1/proxytrack.1.gz
-rw-r--r-- root/root      1159 2020-10-05 11:33 usr/man/man1/webhttrack.1.gz
drwxr-xr-x root/root         0 2020-10-05 11:33 usr/share/
drwxr-xr-x root/root         0 2020-10-05 11:33 usr/share/applications/
-rw-r--r-- root/root       219 2020-10-05 11:33 usr/share/applications/WebHTTrack-Websites.desktop
-rw-r--r-- root/root       318 2020-10-05 11:33 usr/share/applications/WebHTTrack.desktop
drwxr-xr-x root/root         0 2020-10-05 11:33 usr/share/httrack/
drwxr-xr-x root/root         0 2020-10-05 11:33 usr/share/httrack/lang/
-rw-r--r-- root/root     22820 2020-10-05 11:33 usr/share/httrack/lang.def
-rw-r--r-- root/root       177 2020-10-05 11:33 usr/share/httrack/lang.indexes
-rw-r--r-- root/root     36862 2020-10-05 11:33 usr/share/httrack/lang/Bulgarian.txt
-rw-r--r-- root/root     37554 2020-10-05 11:33 usr/share/httrack/lang/Castellano.txt
-rw-r--r-- root/root     34268 2020-10-05 11:33 usr/share/httrack/lang/Cesky.txt
-rw-r--r-- root/root     29327 2020-10-05 11:33 usr/share/httrack/lang/Chinese-BIG5.txt
-rw-r--r-- root/root     28797 2020-10-05 11:33 usr/share/httrack/lang/Chinese-Simplified.txt
-rw-r--r-- root/root     37875 2020-10-05 11:33 usr/share/httrack/lang/Croatian.txt
-rw-r--r-- root/root     35496 2020-10-05 11:33 usr/share/httrack/lang/Dansk.txt
-rw-r--r-- root/root     36439 2020-10-05 11:33 usr/share/httrack/lang/Deutsch.txt
-rw-r--r-- root/root     34394 2020-10-05 11:33 usr/share/httrack/lang/Eesti.txt
-rw-r--r-- root/root     35733 2020-10-05 11:33 usr/share/httrack/lang/English.txt
-rw-r--r-- root/root     35134 2020-10-05 11:33 usr/share/httrack/lang/Finnish.txt
-rw-r--r-- root/root     40421 2020-10-05 11:33 usr/share/httrack/lang/Francais.txt
-rw-r--r-- root/root     37842 2020-10-05 11:33 usr/share/httrack/lang/Greek.txt
-rw-r--r-- root/root     36664 2020-10-05 11:33 usr/share/httrack/lang/Italiano.txt
-rw-r--r-- root/root     34383 2020-10-05 11:33 usr/share/httrack/lang/Japanese.txt
-rw-r--r-- root/root     36643 2020-10-05 11:33 usr/share/httrack/lang/Macedonian.txt
-rw-r--r-- root/root     36454 2020-10-05 11:33 usr/share/httrack/lang/Magyar.txt
-rw-r--r-- root/root     35974 2020-10-05 11:33 usr/share/httrack/lang/Nederlands.txt
-rw-r--r-- root/root     34783 2020-10-05 11:33 usr/share/httrack/lang/Norsk.txt
-rw-r--r-- root/root     36449 2020-10-05 11:33 usr/share/httrack/lang/Polski.txt
-rw-r--r-- root/root     36935 2020-10-05 11:33 usr/share/httrack/lang/Portugues-Brasil.txt
-rw-r--r-- root/root     35516 2020-10-05 11:33 usr/share/httrack/lang/Portugues.txt
-rw-r--r-- root/root     37452 2020-10-05 11:33 usr/share/httrack/lang/Romanian.txt
-rw-r--r-- root/root     36107 2020-10-05 11:33 usr/share/httrack/lang/Russian.txt
-rw-r--r-- root/root     34711 2020-10-05 11:33 usr/share/httrack/lang/Slovak.txt
-rw-r--r-- root/root     34388 2020-10-05 11:33 usr/share/httrack/lang/Slovenian.txt
-rw-r--r-- root/root     34729 2020-10-05 11:33 usr/share/httrack/lang/Svenska.txt
-rw-r--r-- root/root     35827 2020-10-05 11:33 usr/share/httrack/lang/Turkish.txt
-rw-r--r-- root/root     35287 2020-10-05 11:33 usr/share/httrack/lang/Ukrainian.txt
-rw-r--r-- root/root     35937 2020-10-05 11:33 usr/share/httrack/lang/Uzbek.txt
drwxr-xr-x root/root         0 2020-10-05 11:33 usr/share/httrack/libtest/
-rw-r--r-- root/root      4248 2020-10-05 11:33 usr/share/httrack/libtest/callbacks-example-baselinks.c
-rw-r--r-- root/root      1984 2020-10-05 11:33 usr/share/httrack/libtest/callbacks-example-changecontent.c
-rw-r--r-- root/root      5166 2020-10-05 11:33 usr/share/httrack/libtest/callbacks-example-contentfilter.c
-rw-r--r-- root/root      2110 2020-10-05 11:33 usr/share/httrack/libtest/callbacks-example-displayheader.c
-rw-r--r-- root/root      2622 2020-10-05 11:33 usr/share/httrack/libtest/callbacks-example-filename.c
-rw-r--r-- root/root      4598 2020-10-05 11:33 usr/share/httrack/libtest/callbacks-example-filename2.c
-rw-r--r-- root/root      2659 2020-10-05 11:33 usr/share/httrack/libtest/callbacks-example-filenameiisbug.c
-rw-r--r-- root/root      4957 2020-10-05 11:33 usr/share/httrack/libtest/callbacks-example-listlinks.c
-rw-r--r-- root/root      4160 2020-10-05 11:33 usr/share/httrack/libtest/callbacks-example-log.c
-rw-r--r-- root/root      3525 2020-10-05 11:33 usr/share/httrack/libtest/callbacks-example-simple.c
-rw-r--r-- root/root      9902 2020-10-05 11:33 usr/share/httrack/libtest/example-main.c
-rw-r--r-- root/root      5410 2020-10-05 11:33 usr/share/httrack/libtest/example-main.h
-rw-r--r-- root/root      2170 2020-10-05 11:33 usr/share/httrack/libtest/readme.txt
drwxr-xr-x root/root         0 2020-10-05 11:33 usr/share/httrack/templates/
-rw-r--r-- root/root       115 2020-10-05 11:33 usr/share/httrack/templates/index-body.html
-rw-r--r-- root/root       609 2020-10-05 11:33 usr/share/httrack/templates/index-footer.html
-rw-r--r-- root/root      4231 2020-10-05 11:33 usr/share/httrack/templates/index-header.html
-rw-r--r-- root/root       124 2020-10-05 11:33 usr/share/httrack/templates/topindex-body.html
-rw-r--r-- root/root        33 2020-10-05 11:33 usr/share/httrack/templates/topindex-bodycat.html
-rw-r--r-- root/root       592 2020-10-05 11:33 usr/share/httrack/templates/topindex-footer.html
-rw-r--r-- root/root      4142 2020-10-05 11:33 usr/share/httrack/templates/topindex-header.html
drwxr-xr-x root/root         0 2020-10-05 11:33 usr/share/icons/
drwxr-xr-x root/root         0 2020-10-05 11:33 usr/share/icons/hicolor/
drwxr-xr-x root/root         0 2020-10-05 11:33 usr/share/icons/hicolor/16x16/
drwxr-xr-x root/root         0 2020-10-05 11:33 usr/share/icons/hicolor/16x16/apps/
-rw-r--r-- root/root       173 2020-10-05 11:33 usr/share/icons/hicolor/16x16/apps/httrack.png
drwxr-xr-x root/root         0 2020-10-05 11:33 usr/share/icons/hicolor/32x32/
drwxr-xr-x root/root         0 2020-10-05 11:33 usr/share/icons/hicolor/32x32/apps/
-rw-r--r-- root/root       230 2020-10-05 11:33 usr/share/icons/hicolor/32x32/apps/httrack.png
drwxr-xr-x root/root         0 2020-10-05 11:33 usr/share/icons/hicolor/48x48/
drwxr-xr-x root/root         0 2020-10-05 11:33 usr/share/icons/hicolor/48x48/apps/
-rw-r--r-- root/root      2524 2020-10-05 11:33 usr/share/icons/hicolor/48x48/apps/httrack.png
drwxr-xr-x root/root         0 2020-10-05 11:33 usr/share/pixmaps/
-rw-r--r-- root/root       492 2020-10-05 11:33 usr/share/pixmaps/httrack16x16.xpm
-rw-r--r-- root/root      1408 2020-10-05 11:33 usr/share/pixmaps/httrack32x32.xpm
-rw-r--r-- root/root      3311 2020-10-05 11:33 usr/share/pixmaps/httrack48x48.xpm


