++========================================
||
||   Package:  ./ladspa_sdk/ladspa_sdk-1.17-x86_64-1cf.txz
||
++========================================
drwxr-xr-x root/root         0 2021-09-10 14:37 ./
drwxr-xr-x root/root         0 2021-09-10 14:37 etc/
drwxr-xr-x root/root         0 2021-09-10 14:37 etc/profile.d/
-rwxr-xr-x root/root        48 2021-09-10 14:37 etc/profile.d/ladspa.csh.new
-rwxr-xr-x root/root        49 2021-09-10 14:37 etc/profile.d/ladspa.sh.new
drwxr-xr-x root/root         0 2021-09-10 14:37 install/
-rw-r--r-- root/root       422 2021-09-10 14:37 install/doinst.sh
-rw-r--r-- root/root       829 2021-09-10 14:37 install/slack-desc
drwxr-xr-x root/root         0 2021-09-10 14:37 usr/
drwxr-xr-x root/root         0 2021-09-10 14:37 usr/bin/
-rwxr-xr-x root/root     18664 2021-09-10 14:37 usr/bin/analyseplugin
-rwxr-xr-x root/root     18704 2021-09-10 14:37 usr/bin/applyplugin
-rwxr-xr-x root/root     14520 2021-09-10 14:37 usr/bin/listplugins
drwxr-xr-x root/root         0 2021-09-10 14:37 usr/doc/
drwxr-xr-x root/root         0 2021-09-10 14:37 usr/doc/ladspa_sdk-1.17/
-rw-r--r-- root/root     26534 2021-09-10 10:50 usr/doc/ladspa_sdk-1.17/COPYING
-rw-r--r-- root/root       400 2021-09-10 10:50 usr/doc/ladspa_sdk-1.17/README
-rw-r--r-- root/root      4056 2021-09-10 14:37 usr/doc/ladspa_sdk-1.17/ladspa_sdk.SlackBuild
drwxr-xr-x root/root         0 2021-09-10 14:37 usr/include/
-rw-r--r-- root/root     27593 2021-09-10 14:37 usr/include/ladspa.h
drwxr-xr-x root/root         0 2021-09-10 14:37 usr/lib64/
drwxr-xr-x root/root         0 2021-09-10 14:37 usr/lib64/ladspa/
-rwxr-xr-x root/root     14344 2021-09-10 14:37 usr/lib64/ladspa/amp.so
-rwxr-xr-x root/root     14352 2021-09-10 14:37 usr/lib64/ladspa/delay.so
-rwxr-xr-x root/root     14360 2021-09-10 14:37 usr/lib64/ladspa/filter.so
-rwxr-xr-x root/root     14352 2021-09-10 14:37 usr/lib64/ladspa/noise.so
-rwxr-xr-x root/root     14360 2021-09-10 14:37 usr/lib64/ladspa/sine.so


