++========================================
||
||   Package:  ./libck/libck-0.7.1-x86_64-1cf.txz
||
++========================================
drwxr-xr-x root/root         0 2021-08-17 14:38 ./
drwxr-xr-x root/root         0 2021-08-17 14:38 install/
-rw-r--r-- root/root       174 2021-08-17 14:38 install/doinst.sh
-rw-r--r-- root/root       810 2021-08-17 14:38 install/slack-desc
drwxr-xr-x root/root         0 2021-08-17 14:38 usr/
drwxr-xr-x root/root         0 2021-08-17 14:38 usr/doc/
drwxr-xr-x root/root         0 2021-08-17 14:38 usr/doc/libck-0.7.1/
-rw-r--r-- root/root        18 2021-06-02 01:07 usr/doc/libck-0.7.1/CNAME
-rw-r--r-- root/root      3349 2021-06-02 01:07 usr/doc/libck-0.7.1/CODE_OF_CONDUCT.md
-rw-r--r-- root/root      2607 2021-06-02 01:07 usr/doc/libck-0.7.1/LICENSE
-rw-r--r-- root/root      7619 2021-06-02 01:07 usr/doc/libck-0.7.1/README.md
-rw-r--r-- root/root      3901 2021-08-17 14:38 usr/doc/libck-0.7.1/libck.SlackBuild
drwxr-xr-x root/root         0 2021-08-17 14:38 usr/include/
-rw-r--r-- root/root      3133 2021-08-17 14:38 usr/include/ck_array.h
-rw-r--r-- root/root      1889 2021-08-17 14:38 usr/include/ck_backoff.h
-rw-r--r-- root/root      5441 2021-08-17 14:38 usr/include/ck_barrier.h
-rw-r--r-- root/root     12546 2021-08-17 14:38 usr/include/ck_bitmap.h
-rw-r--r-- root/root      6624 2021-08-17 14:38 usr/include/ck_brlock.h
-rw-r--r-- root/root      5425 2021-08-17 14:38 usr/include/ck_bytelock.h
-rw-r--r-- root/root      3799 2021-08-17 14:38 usr/include/ck_cc.h
-rw-r--r-- root/root      5775 2021-08-17 14:38 usr/include/ck_cohort.h
-rw-r--r-- root/root     30846 2021-08-17 14:38 usr/include/ck_ec.h
-rw-r--r-- root/root      8949 2021-08-17 14:38 usr/include/ck_elide.h
-rw-r--r-- root/root      8008 2021-08-17 14:38 usr/include/ck_epoch.h
-rw-r--r-- root/root     13185 2021-08-17 14:38 usr/include/ck_fifo.h
-rw-r--r-- root/root      3391 2021-08-17 14:38 usr/include/ck_hp.h
-rw-r--r-- root/root      6136 2021-08-17 14:38 usr/include/ck_hp_fifo.h
-rw-r--r-- root/root      3158 2021-08-17 14:38 usr/include/ck_hp_stack.h
-rw-r--r-- root/root      4748 2021-08-17 14:38 usr/include/ck_hs.h
-rw-r--r-- root/root      6669 2021-08-17 14:38 usr/include/ck_ht.h
-rw-r--r-- root/root      1809 2021-08-17 14:38 usr/include/ck_limits.h
-rw-r--r-- root/root      1606 2021-08-17 14:38 usr/include/ck_malloc.h
-rw-r--r-- root/root      2285 2021-08-17 14:38 usr/include/ck_md.h
-rw-r--r-- root/root      3773 2021-08-17 14:38 usr/include/ck_pflock.h
-rw-r--r-- root/root     32789 2021-08-17 14:38 usr/include/ck_pr.h
-rw-r--r-- root/root     16076 2021-08-17 14:38 usr/include/ck_queue.h
-rw-r--r-- root/root      4516 2021-08-17 14:38 usr/include/ck_rhs.h
-rw-r--r-- root/root     26158 2021-08-17 14:38 usr/include/ck_ring.h
-rw-r--r-- root/root     11435 2021-08-17 14:38 usr/include/ck_rwcohort.h
-rw-r--r-- root/root      6293 2021-08-17 14:38 usr/include/ck_rwlock.h
-rw-r--r-- root/root      3429 2021-08-17 14:38 usr/include/ck_sequence.h
-rw-r--r-- root/root      2523 2021-08-17 14:38 usr/include/ck_spinlock.h
-rw-r--r-- root/root      9249 2021-08-17 14:38 usr/include/ck_stack.h
-rw-r--r-- root/root      1457 2021-08-17 14:38 usr/include/ck_stdbool.h
-rw-r--r-- root/root      1457 2021-08-17 14:38 usr/include/ck_stddef.h
-rw-r--r-- root/root      1588 2021-08-17 14:38 usr/include/ck_stdint.h
-rw-r--r-- root/root      1456 2021-08-17 14:38 usr/include/ck_stdlib.h
-rw-r--r-- root/root      1456 2021-08-17 14:38 usr/include/ck_string.h
-rw-r--r-- root/root      5211 2021-08-17 14:38 usr/include/ck_swlock.h
-rw-r--r-- root/root      3994 2021-08-17 14:38 usr/include/ck_tflock.h
drwxr-xr-x root/root         0 2021-08-17 14:38 usr/include/gcc/
drwxr-xr-x root/root         0 2021-08-17 14:38 usr/include/gcc/aarch64/
-rw-r--r-- root/root      4371 2021-08-17 14:38 usr/include/gcc/aarch64/ck_f_pr.h
-rw-r--r-- root/root      6417 2021-08-17 14:38 usr/include/gcc/aarch64/ck_pr.h
-rw-r--r-- root/root     13842 2021-08-17 14:38 usr/include/gcc/aarch64/ck_pr_llsc.h
-rw-r--r-- root/root     11216 2021-08-17 14:38 usr/include/gcc/aarch64/ck_pr_lse.h
drwxr-xr-x root/root         0 2021-08-17 14:38 usr/include/gcc/arm/
-rw-r--r-- root/root      4315 2021-08-17 14:38 usr/include/gcc/arm/ck_f_pr.h
-rw-r--r-- root/root     15058 2021-08-17 14:38 usr/include/gcc/arm/ck_pr.h
-rw-r--r-- root/root      3826 2021-08-17 14:38 usr/include/gcc/ck_cc.h
-rw-r--r-- root/root      2636 2021-08-17 14:38 usr/include/gcc/ck_f_pr.h
-rw-r--r-- root/root      6919 2021-08-17 14:38 usr/include/gcc/ck_pr.h
drwxr-xr-x root/root         0 2021-08-17 14:38 usr/include/gcc/ppc/
-rw-r--r-- root/root      2023 2021-08-17 14:38 usr/include/gcc/ppc/ck_f_pr.h
-rw-r--r-- root/root      9029 2021-08-17 14:38 usr/include/gcc/ppc/ck_pr.h
drwxr-xr-x root/root         0 2021-08-17 14:38 usr/include/gcc/ppc64/
-rw-r--r-- root/root      2460 2021-08-17 14:38 usr/include/gcc/ppc64/ck_f_pr.h
-rw-r--r-- root/root     11452 2021-08-17 14:38 usr/include/gcc/ppc64/ck_pr.h
drwxr-xr-x root/root         0 2021-08-17 14:38 usr/include/gcc/s390x/
-rw-r--r-- root/root      2460 2021-08-17 14:38 usr/include/gcc/s390x/ck_f_pr.h
-rw-r--r-- root/root      9280 2021-08-17 14:38 usr/include/gcc/s390x/ck_pr.h
drwxr-xr-x root/root         0 2021-08-17 14:38 usr/include/gcc/sparcv9/
-rw-r--r-- root/root       651 2021-08-17 14:38 usr/include/gcc/sparcv9/ck_f_pr.h
-rw-r--r-- root/root      6725 2021-08-17 14:38 usr/include/gcc/sparcv9/ck_pr.h
drwxr-xr-x root/root         0 2021-08-17 14:38 usr/include/gcc/x86/
-rw-r--r-- root/root      3853 2021-08-17 14:38 usr/include/gcc/x86/ck_f_pr.h
-rw-r--r-- root/root     11229 2021-08-17 14:38 usr/include/gcc/x86/ck_pr.h
drwxr-xr-x root/root         0 2021-08-17 14:38 usr/include/gcc/x86_64/
-rw-r--r-- root/root      5187 2021-08-17 14:38 usr/include/gcc/x86_64/ck_f_pr.h
-rw-r--r-- root/root     16080 2021-08-17 14:38 usr/include/gcc/x86_64/ck_pr.h
-rw-r--r-- root/root      3238 2021-08-17 14:38 usr/include/gcc/x86_64/ck_pr_rtm.h
drwxr-xr-x root/root         0 2021-08-17 14:38 usr/include/spinlock/
-rw-r--r-- root/root      4725 2021-08-17 14:38 usr/include/spinlock/anderson.h
-rw-r--r-- root/root      3284 2021-08-17 14:38 usr/include/spinlock/cas.h
-rw-r--r-- root/root      3727 2021-08-17 14:38 usr/include/spinlock/clh.h
-rw-r--r-- root/root      3842 2021-08-17 14:38 usr/include/spinlock/dec.h
-rw-r--r-- root/root      3254 2021-08-17 14:38 usr/include/spinlock/fas.h
-rw-r--r-- root/root      4884 2021-08-17 14:38 usr/include/spinlock/hclh.h
-rw-r--r-- root/root      4157 2021-08-17 14:38 usr/include/spinlock/mcs.h
-rw-r--r-- root/root      8602 2021-08-17 14:38 usr/include/spinlock/ticket.h
drwxr-xr-x root/root         0 2021-08-17 14:38 usr/lib64/
-rwxr--r-- root/root     55976 2021-08-17 14:38 usr/lib64/libck.so.0.7.1
drwxr-xr-x root/root         0 2021-08-17 14:38 usr/lib64/pkgconfig/
-rw-r--r-- root/root       273 2021-08-17 14:38 usr/lib64/pkgconfig/ck.pc
drwxr-xr-x root/root         0 2021-08-17 14:38 usr/man/
drwxr-xr-x root/root         0 2021-08-17 14:38 usr/man/man3/
-rw-r--r-- root/root      1272 2021-08-17 14:38 usr/man/man3/CK_ARRAY_FOREACH.3.gz
-rw-r--r-- root/root      1313 2021-08-17 14:38 usr/man/man3/CK_COHORT_INIT.3.gz
-rw-r--r-- root/root      1186 2021-08-17 14:38 usr/man/man3/CK_COHORT_INSTANCE.3.gz
-rw-r--r-- root/root      1182 2021-08-17 14:38 usr/man/man3/CK_COHORT_LOCK.3.gz
-rw-r--r-- root/root      1348 2021-08-17 14:38 usr/man/man3/CK_COHORT_PROTOTYPE.3.gz
-rw-r--r-- root/root      1356 2021-08-17 14:38 usr/man/man3/CK_COHORT_TRYLOCK.3.gz
-rw-r--r-- root/root      1482 2021-08-17 14:38 usr/man/man3/CK_COHORT_TRYLOCK_PROTOTYPE.3.gz
-rw-r--r-- root/root      1163 2021-08-17 14:38 usr/man/man3/CK_COHORT_UNLOCK.3.gz
-rw-r--r-- root/root      1181 2021-08-17 14:38 usr/man/man3/CK_HS_HASH.3.gz
-rw-r--r-- root/root      1184 2021-08-17 14:38 usr/man/man3/CK_RHS_HASH.3.gz
-rw-r--r-- root/root      1296 2021-08-17 14:38 usr/man/man3/CK_RWCOHORT_INIT.3.gz
-rw-r--r-- root/root      1267 2021-08-17 14:38 usr/man/man3/CK_RWCOHORT_INSTANCE.3.gz
-rw-r--r-- root/root      1267 2021-08-17 14:38 usr/man/man3/CK_RWCOHORT_PROTOTYPE.3.gz
-rw-r--r-- root/root      1221 2021-08-17 14:38 usr/man/man3/CK_RWCOHORT_READ_LOCK.3.gz
-rw-r--r-- root/root      1207 2021-08-17 14:38 usr/man/man3/CK_RWCOHORT_READ_UNLOCK.3.gz
-rw-r--r-- root/root      1223 2021-08-17 14:38 usr/man/man3/CK_RWCOHORT_WRITE_LOCK.3.gz
-rw-r--r-- root/root      1206 2021-08-17 14:38 usr/man/man3/CK_RWCOHORT_WRITE_UNLOCK.3.gz
-rw-r--r-- root/root      1159 2021-08-17 14:38 usr/man/man3/ck_array_buffer.3.gz
-rw-r--r-- root/root      1206 2021-08-17 14:38 usr/man/man3/ck_array_commit.3.gz
-rw-r--r-- root/root      1162 2021-08-17 14:38 usr/man/man3/ck_array_deinit.3.gz
-rw-r--r-- root/root      1366 2021-08-17 14:38 usr/man/man3/ck_array_init.3.gz
-rw-r--r-- root/root      1173 2021-08-17 14:38 usr/man/man3/ck_array_initialized.3.gz
-rw-r--r-- root/root      1110 2021-08-17 14:38 usr/man/man3/ck_array_length.3.gz
-rw-r--r-- root/root      1282 2021-08-17 14:38 usr/man/man3/ck_array_put.3.gz
-rw-r--r-- root/root      1333 2021-08-17 14:38 usr/man/man3/ck_array_put_unique.3.gz
-rw-r--r-- root/root      1296 2021-08-17 14:38 usr/man/man3/ck_array_remove.3.gz
-rw-r--r-- root/root      1124 2021-08-17 14:38 usr/man/man3/ck_bitmap_base.3.gz
-rw-r--r-- root/root      1070 2021-08-17 14:38 usr/man/man3/ck_bitmap_bits.3.gz
-rw-r--r-- root/root      1093 2021-08-17 14:38 usr/man/man3/ck_bitmap_bts.3.gz
-rw-r--r-- root/root      1158 2021-08-17 14:38 usr/man/man3/ck_bitmap_buffer.3.gz
-rw-r--r-- root/root      1040 2021-08-17 14:38 usr/man/man3/ck_bitmap_clear.3.gz
-rw-r--r-- root/root      1288 2021-08-17 14:38 usr/man/man3/ck_bitmap_init.3.gz
-rw-r--r-- root/root      1163 2021-08-17 14:38 usr/man/man3/ck_bitmap_iterator_init.3.gz
-rw-r--r-- root/root      1260 2021-08-17 14:38 usr/man/man3/ck_bitmap_next.3.gz
-rw-r--r-- root/root      1065 2021-08-17 14:38 usr/man/man3/ck_bitmap_reset.3.gz
-rw-r--r-- root/root      1062 2021-08-17 14:38 usr/man/man3/ck_bitmap_set.3.gz
-rw-r--r-- root/root      1186 2021-08-17 14:38 usr/man/man3/ck_bitmap_size.3.gz
-rw-r--r-- root/root      1102 2021-08-17 14:38 usr/man/man3/ck_bitmap_test.3.gz
-rw-r--r-- root/root      1068 2021-08-17 14:38 usr/man/man3/ck_bitmap_union.3.gz
-rw-r--r-- root/root      1473 2021-08-17 14:38 usr/man/man3/ck_brlock.3.gz
-rw-r--r-- root/root      2379 2021-08-17 14:38 usr/man/man3/ck_cohort.3.gz
-rw-r--r-- root/root      2848 2021-08-17 14:38 usr/man/man3/ck_elide.3.gz
-rw-r--r-- root/root      1789 2021-08-17 14:38 usr/man/man3/ck_epoch_barrier.3.gz
-rw-r--r-- root/root      1311 2021-08-17 14:38 usr/man/man3/ck_epoch_begin.3.gz
-rw-r--r-- root/root      1759 2021-08-17 14:38 usr/man/man3/ck_epoch_call.3.gz
-rw-r--r-- root/root      1170 2021-08-17 14:38 usr/man/man3/ck_epoch_end.3.gz
-rw-r--r-- root/root      1141 2021-08-17 14:38 usr/man/man3/ck_epoch_init.3.gz
-rw-r--r-- root/root      1308 2021-08-17 14:38 usr/man/man3/ck_epoch_poll.3.gz
-rw-r--r-- root/root      1347 2021-08-17 14:38 usr/man/man3/ck_epoch_reclaim.3.gz
-rw-r--r-- root/root      1496 2021-08-17 14:38 usr/man/man3/ck_epoch_recycle.3.gz
-rw-r--r-- root/root      1318 2021-08-17 14:38 usr/man/man3/ck_epoch_register.3.gz
-rw-r--r-- root/root      1815 2021-08-17 14:38 usr/man/man3/ck_epoch_synchronize.3.gz
-rw-r--r-- root/root      1202 2021-08-17 14:38 usr/man/man3/ck_epoch_unregister.3.gz
-rw-r--r-- root/root      1415 2021-08-17 14:38 usr/man/man3/ck_hs_apply.3.gz
-rw-r--r-- root/root      1148 2021-08-17 14:38 usr/man/man3/ck_hs_count.3.gz
-rw-r--r-- root/root      1214 2021-08-17 14:38 usr/man/man3/ck_hs_destroy.3.gz
-rw-r--r-- root/root      1439 2021-08-17 14:38 usr/man/man3/ck_hs_fas.3.gz
-rw-r--r-- root/root      1517 2021-08-17 14:38 usr/man/man3/ck_hs_gc.3.gz
-rw-r--r-- root/root      1328 2021-08-17 14:38 usr/man/man3/ck_hs_get.3.gz
-rw-r--r-- root/root      1389 2021-08-17 14:38 usr/man/man3/ck_hs_grow.3.gz
-rw-r--r-- root/root      2274 2021-08-17 14:38 usr/man/man3/ck_hs_init.3.gz
-rw-r--r-- root/root      1240 2021-08-17 14:38 usr/man/man3/ck_hs_iterator_init.3.gz
-rw-r--r-- root/root      1453 2021-08-17 14:38 usr/man/man3/ck_hs_move.3.gz
-rw-r--r-- root/root      1318 2021-08-17 14:38 usr/man/man3/ck_hs_next.3.gz
-rw-r--r-- root/root      1438 2021-08-17 14:38 usr/man/man3/ck_hs_put.3.gz
-rw-r--r-- root/root      1482 2021-08-17 14:38 usr/man/man3/ck_hs_put_unique.3.gz
-rw-r--r-- root/root      1320 2021-08-17 14:38 usr/man/man3/ck_hs_rebuild.3.gz
-rw-r--r-- root/root      1358 2021-08-17 14:38 usr/man/man3/ck_hs_remove.3.gz
-rw-r--r-- root/root      1252 2021-08-17 14:38 usr/man/man3/ck_hs_reset.3.gz
-rw-r--r-- root/root      1310 2021-08-17 14:38 usr/man/man3/ck_hs_reset_size.3.gz
-rw-r--r-- root/root      1470 2021-08-17 14:38 usr/man/man3/ck_hs_set.3.gz
-rw-r--r-- root/root      1330 2021-08-17 14:38 usr/man/man3/ck_hs_stat.3.gz
-rw-r--r-- root/root      1223 2021-08-17 14:38 usr/man/man3/ck_ht_count.3.gz
-rw-r--r-- root/root      1268 2021-08-17 14:38 usr/man/man3/ck_ht_destroy.3.gz
-rw-r--r-- root/root      1277 2021-08-17 14:38 usr/man/man3/ck_ht_entry_empty.3.gz
-rw-r--r-- root/root      1278 2021-08-17 14:38 usr/man/man3/ck_ht_entry_key.3.gz
-rw-r--r-- root/root      1307 2021-08-17 14:38 usr/man/man3/ck_ht_entry_key_direct.3.gz
-rw-r--r-- root/root      1289 2021-08-17 14:38 usr/man/man3/ck_ht_entry_key_length.3.gz
-rw-r--r-- root/root      1391 2021-08-17 14:38 usr/man/man3/ck_ht_entry_key_set.3.gz
-rw-r--r-- root/root      1325 2021-08-17 14:38 usr/man/man3/ck_ht_entry_key_set_direct.3.gz
-rw-r--r-- root/root      1402 2021-08-17 14:38 usr/man/man3/ck_ht_entry_set.3.gz
-rw-r--r-- root/root      1355 2021-08-17 14:38 usr/man/man3/ck_ht_entry_set_direct.3.gz
-rw-r--r-- root/root      1285 2021-08-17 14:38 usr/man/man3/ck_ht_entry_value.3.gz
-rw-r--r-- root/root      1302 2021-08-17 14:38 usr/man/man3/ck_ht_entry_value_direct.3.gz
-rw-r--r-- root/root      1558 2021-08-17 14:38 usr/man/man3/ck_ht_gc.3.gz
-rw-r--r-- root/root      1680 2021-08-17 14:38 usr/man/man3/ck_ht_get_spmc.3.gz
-rw-r--r-- root/root      1504 2021-08-17 14:38 usr/man/man3/ck_ht_grow_spmc.3.gz
-rw-r--r-- root/root      1297 2021-08-17 14:38 usr/man/man3/ck_ht_hash.3.gz
-rw-r--r-- root/root      1289 2021-08-17 14:38 usr/man/man3/ck_ht_hash_direct.3.gz
-rw-r--r-- root/root      2389 2021-08-17 14:38 usr/man/man3/ck_ht_init.3.gz
-rw-r--r-- root/root      1275 2021-08-17 14:38 usr/man/man3/ck_ht_iterator_init.3.gz
-rw-r--r-- root/root      1344 2021-08-17 14:38 usr/man/man3/ck_ht_next.3.gz
-rw-r--r-- root/root      1618 2021-08-17 14:38 usr/man/man3/ck_ht_put_spmc.3.gz
-rw-r--r-- root/root      1386 2021-08-17 14:38 usr/man/man3/ck_ht_remove_spmc.3.gz
-rw-r--r-- root/root      1310 2021-08-17 14:38 usr/man/man3/ck_ht_reset_size_spmc.3.gz
-rw-r--r-- root/root      1238 2021-08-17 14:38 usr/man/man3/ck_ht_reset_spmc.3.gz
-rw-r--r-- root/root      1581 2021-08-17 14:38 usr/man/man3/ck_ht_set_spmc.3.gz
-rw-r--r-- root/root      1324 2021-08-17 14:38 usr/man/man3/ck_ht_stat.3.gz
-rw-r--r-- root/root      1233 2021-08-17 14:38 usr/man/man3/ck_pflock.3.gz
-rw-r--r-- root/root      1174 2021-08-17 14:38 usr/man/man3/ck_pr.3.gz
-rw-r--r-- root/root      1248 2021-08-17 14:38 usr/man/man3/ck_pr_add.3.gz
-rw-r--r-- root/root      1251 2021-08-17 14:38 usr/man/man3/ck_pr_and.3.gz
-rw-r--r-- root/root      1057 2021-08-17 14:38 usr/man/man3/ck_pr_barrier.3.gz
-rw-r--r-- root/root      1241 2021-08-17 14:38 usr/man/man3/ck_pr_btc.3.gz
-rw-r--r-- root/root      1234 2021-08-17 14:38 usr/man/man3/ck_pr_btr.3.gz
-rw-r--r-- root/root      1233 2021-08-17 14:38 usr/man/man3/ck_pr_bts.3.gz
-rw-r--r-- root/root      1604 2021-08-17 14:38 usr/man/man3/ck_pr_cas.3.gz
-rw-r--r-- root/root      1412 2021-08-17 14:38 usr/man/man3/ck_pr_dec.3.gz
-rw-r--r-- root/root      1313 2021-08-17 14:38 usr/man/man3/ck_pr_faa.3.gz
-rw-r--r-- root/root      1306 2021-08-17 14:38 usr/man/man3/ck_pr_fas.3.gz
-rw-r--r-- root/root      1181 2021-08-17 14:38 usr/man/man3/ck_pr_fence_acquire.3.gz
-rw-r--r-- root/root      1471 2021-08-17 14:38 usr/man/man3/ck_pr_fence_atomic.3.gz
-rw-r--r-- root/root      1458 2021-08-17 14:38 usr/man/man3/ck_pr_fence_atomic_load.3.gz
-rw-r--r-- root/root      1476 2021-08-17 14:38 usr/man/man3/ck_pr_fence_atomic_store.3.gz
-rw-r--r-- root/root      1574 2021-08-17 14:38 usr/man/man3/ck_pr_fence_load.3.gz
-rw-r--r-- root/root      1641 2021-08-17 14:38 usr/man/man3/ck_pr_fence_load_atomic.3.gz
-rw-r--r-- root/root      1210 2021-08-17 14:38 usr/man/man3/ck_pr_fence_load_depends.3.gz
-rw-r--r-- root/root      1614 2021-08-17 14:38 usr/man/man3/ck_pr_fence_load_store.3.gz
-rw-r--r-- root/root      1485 2021-08-17 14:38 usr/man/man3/ck_pr_fence_memory.3.gz
-rw-r--r-- root/root      1147 2021-08-17 14:38 usr/man/man3/ck_pr_fence_release.3.gz
-rw-r--r-- root/root      1464 2021-08-17 14:38 usr/man/man3/ck_pr_fence_store.3.gz
-rw-r--r-- root/root      1452 2021-08-17 14:38 usr/man/man3/ck_pr_fence_store_atomic.3.gz
-rw-r--r-- root/root      1451 2021-08-17 14:38 usr/man/man3/ck_pr_fence_store_load.3.gz
-rw-r--r-- root/root      1421 2021-08-17 14:38 usr/man/man3/ck_pr_inc.3.gz
-rw-r--r-- root/root      1318 2021-08-17 14:38 usr/man/man3/ck_pr_load.3.gz
-rw-r--r-- root/root      1324 2021-08-17 14:38 usr/man/man3/ck_pr_neg.3.gz
-rw-r--r-- root/root      1192 2021-08-17 14:38 usr/man/man3/ck_pr_not.3.gz
-rw-r--r-- root/root      1251 2021-08-17 14:38 usr/man/man3/ck_pr_or.3.gz
-rw-r--r-- root/root      1728 2021-08-17 14:38 usr/man/man3/ck_pr_rtm.3.gz
-rw-r--r-- root/root      1255 2021-08-17 14:38 usr/man/man3/ck_pr_stall.3.gz
-rw-r--r-- root/root      1310 2021-08-17 14:38 usr/man/man3/ck_pr_store.3.gz
-rw-r--r-- root/root      1254 2021-08-17 14:38 usr/man/man3/ck_pr_sub.3.gz
-rw-r--r-- root/root      1252 2021-08-17 14:38 usr/man/man3/ck_pr_xor.3.gz
-rw-r--r-- root/root      1514 2021-08-17 14:38 usr/man/man3/ck_queue.3.gz
-rw-r--r-- root/root      1418 2021-08-17 14:38 usr/man/man3/ck_rhs_apply.3.gz
-rw-r--r-- root/root      1152 2021-08-17 14:38 usr/man/man3/ck_rhs_count.3.gz
-rw-r--r-- root/root      1217 2021-08-17 14:38 usr/man/man3/ck_rhs_destroy.3.gz
-rw-r--r-- root/root      1442 2021-08-17 14:38 usr/man/man3/ck_rhs_fas.3.gz
-rw-r--r-- root/root      1227 2021-08-17 14:38 usr/man/man3/ck_rhs_gc.3.gz
-rw-r--r-- root/root      1331 2021-08-17 14:38 usr/man/man3/ck_rhs_get.3.gz
-rw-r--r-- root/root      1392 2021-08-17 14:38 usr/man/man3/ck_rhs_grow.3.gz
-rw-r--r-- root/root      2203 2021-08-17 14:38 usr/man/man3/ck_rhs_init.3.gz
-rw-r--r-- root/root      1243 2021-08-17 14:38 usr/man/man3/ck_rhs_iterator_init.3.gz
-rw-r--r-- root/root      1457 2021-08-17 14:38 usr/man/man3/ck_rhs_move.3.gz
-rw-r--r-- root/root      1323 2021-08-17 14:38 usr/man/man3/ck_rhs_next.3.gz
-rw-r--r-- root/root      1441 2021-08-17 14:38 usr/man/man3/ck_rhs_put.3.gz
-rw-r--r-- root/root      1485 2021-08-17 14:38 usr/man/man3/ck_rhs_put_unique.3.gz
-rw-r--r-- root/root      1323 2021-08-17 14:38 usr/man/man3/ck_rhs_rebuild.3.gz
-rw-r--r-- root/root      1362 2021-08-17 14:38 usr/man/man3/ck_rhs_remove.3.gz
-rw-r--r-- root/root      1254 2021-08-17 14:38 usr/man/man3/ck_rhs_reset.3.gz
-rw-r--r-- root/root      1313 2021-08-17 14:38 usr/man/man3/ck_rhs_reset_size.3.gz
-rw-r--r-- root/root      1474 2021-08-17 14:38 usr/man/man3/ck_rhs_set.3.gz
-rw-r--r-- root/root      1318 2021-08-17 14:38 usr/man/man3/ck_rhs_stat.3.gz
-rw-r--r-- root/root      1094 2021-08-17 14:38 usr/man/man3/ck_ring_capacity.3.gz
-rw-r--r-- root/root      1721 2021-08-17 14:38 usr/man/man3/ck_ring_dequeue_spmc.3.gz
-rw-r--r-- root/root      1758 2021-08-17 14:38 usr/man/man3/ck_ring_dequeue_spsc.3.gz
-rw-r--r-- root/root      1744 2021-08-17 14:38 usr/man/man3/ck_ring_enqueue_spmc.3.gz
-rw-r--r-- root/root      1888 2021-08-17 14:38 usr/man/man3/ck_ring_enqueue_spmc_size.3.gz
-rw-r--r-- root/root      1724 2021-08-17 14:38 usr/man/man3/ck_ring_enqueue_spsc.3.gz
-rw-r--r-- root/root      1875 2021-08-17 14:38 usr/man/man3/ck_ring_enqueue_spsc_size.3.gz
-rw-r--r-- root/root      1131 2021-08-17 14:38 usr/man/man3/ck_ring_init.3.gz
-rw-r--r-- root/root      1049 2021-08-17 14:38 usr/man/man3/ck_ring_size.3.gz
-rw-r--r-- root/root      1904 2021-08-17 14:38 usr/man/man3/ck_ring_trydequeue_spmc.3.gz
-rw-r--r-- root/root      2384 2021-08-17 14:38 usr/man/man3/ck_rwcohort.3.gz
-rw-r--r-- root/root      1537 2021-08-17 14:38 usr/man/man3/ck_rwlock.3.gz
-rw-r--r-- root/root      1995 2021-08-17 14:38 usr/man/man3/ck_sequence.3.gz
-rw-r--r-- root/root      2539 2021-08-17 14:38 usr/man/man3/ck_spinlock.3.gz
-rw-r--r-- root/root      1528 2021-08-17 14:38 usr/man/man3/ck_swlock.3.gz
-rw-r--r-- root/root      1245 2021-08-17 14:38 usr/man/man3/ck_tflock.3.gz


