++========================================
||
||   Package:  ./html-minifier/html-minifier-4.0.0-x86_64-3cf.txz
||
++========================================
drwxr-xr-x root/root         0 2022-08-11 12:03 ./
drwxr-xr-x root/root         0 2022-08-11 12:03 install/
-rw-r--r-- root/root       648 2022-08-11 12:03 install/doinst.sh
-rw-r--r-- root/root       786 2022-08-11 12:03 install/slack-desc
drwxr-xr-x root/root         0 2022-08-11 12:03 usr/
drwxr-xr-x root/root         0 2022-08-11 12:03 usr/bin/
drwxr-xr-x root/root         0 2022-08-11 12:03 usr/doc/
drwxr-xr-x root/root         0 2022-08-11 12:03 usr/doc/html-minifier-4.0.0/
-rw-r--r-- root/root      2791 2022-08-11 12:03 usr/doc/html-minifier-4.0.0/html-minifier.SlackBuild
drwxr-xr-x root/root         0 2022-08-11 12:03 usr/lib64/
drwxr-xr-x root/root         0 2022-08-11 12:03 usr/lib64/node_modules/
drwxr-xr-x root/root         0 2022-08-11 12:03 usr/lib64/node_modules/html-minifier/
-rw-r--r-- root/root      1071 2022-08-11 12:03 usr/lib64/node_modules/html-minifier/LICENSE
-rw-r--r-- root/root     12982 2022-08-11 12:03 usr/lib64/node_modules/html-minifier/README.md
-rwxr-xr-x root/root     11719 2022-08-11 12:03 usr/lib64/node_modules/html-minifier/cli.js
drwxr-xr-x root/root         0 2022-08-11 12:03 usr/lib64/node_modules/html-minifier/node_modules/
drwxr-xr-x root/root         0 2022-08-11 12:03 usr/lib64/node_modules/html-minifier/node_modules/.bin/
drwxr-xr-x root/root         0 2022-08-11 12:03 usr/lib64/node_modules/html-minifier/node_modules/camel-case/
-rw-r--r-- root/root      1103 2022-08-11 12:03 usr/lib64/node_modules/html-minifier/node_modules/camel-case/LICENSE
-rw-r--r-- root/root       114 2022-08-11 12:03 usr/lib64/node_modules/html-minifier/node_modules/camel-case/camel-case.d.ts
-rw-r--r-- root/root       573 2022-08-11 12:03 usr/lib64/node_modules/html-minifier/node_modules/camel-case/camel-case.js
-rw-r--r-- root/root      1204 2022-08-11 12:03 usr/lib64/node_modules/html-minifier/node_modules/camel-case/package.json
drwxr-xr-x root/root         0 2022-08-11 12:03 usr/lib64/node_modules/html-minifier/node_modules/clean-css/
-rw-r--r-- root/root     79621 2022-08-11 12:03 usr/lib64/node_modules/html-minifier/node_modules/clean-css/History.md
-rw-r--r-- root/root      1062 2022-08-11 12:03 usr/lib64/node_modules/html-minifier/node_modules/clean-css/LICENSE
-rw-r--r-- root/root     34845 2022-08-11 12:03 usr/lib64/node_modules/html-minifier/node_modules/clean-css/README.md
-rw-r--r-- root/root        41 2022-08-11 12:03 usr/lib64/node_modules/html-minifier/node_modules/clean-css/index.js
drwxr-xr-x root/root         0 2022-08-11 12:03 usr/lib64/node_modules/html-minifier/node_modules/clean-css/lib/
-rw-r--r-- root/root      5351 2022-08-11 12:03 usr/lib64/node_modules/html-minifier/node_modules/clean-css/lib/clean.js
drwxr-xr-x root/root         0 2022-08-11 12:03 usr/lib64/node_modules/html-minifier/node_modules/clean-css/lib/optimizer/
-rw-r--r-- root/root       133 2022-08-11 12:03 usr/lib64/node_modules/html-minifier/node_modules/clean-css/lib/optimizer/hack.js
drwxr-xr-x root/root         0 2022-08-11 12:03 usr/lib64/node_modules/html-minifier/node_modules/clean-css/lib/optimizer/level-0/
-rw-r--r-- root/root       132 2022-08-11 12:03 usr/lib64/node_modules/html-minifier/node_modules/clean-css/lib/optimizer/level-0/optimize.js
drwxr-xr-x root/root         0 2022-08-11 12:03 usr/lib64/node_modules/html-minifier/node_modules/clean-css/lib/optimizer/level-1/
-rw-r--r-- root/root     21074 2022-08-11 12:03 usr/lib64/node_modules/html-minifier/node_modules/clean-css/lib/optimizer/level-1/optimize.js
-rw-r--r-- root/root      4491 2022-08-11 12:03 usr/lib64/node_modules/html-minifier/node_modules/clean-css/lib/optimizer/level-1/shorten-hex.js
-rw-r--r-- root/root      1408 2022-08-11 12:03 usr/lib64/node_modules/html-minifier/node_modules/clean-css/lib/optimizer/level-1/shorten-hsl.js
-rw-r--r-- root/root       450 2022-08-11 12:03 usr/lib64/node_modules/html-minifier/node_modules/clean-css/lib/optimizer/level-1/shorten-rgb.js
-rw-r--r-- root/root       529 2022-08-11 12:03 usr/lib64/node_modules/html-minifier/node_modules/clean-css/lib/optimizer/level-1/sort-selectors.js
-rw-r--r-- root/root       177 2022-08-11 12:03 usr/lib64/node_modules/html-minifier/node_modules/clean-css/lib/optimizer/level-1/tidy-at-rule.js
-rw-r--r-- root/root       691 2022-08-11 12:03 usr/lib64/node_modules/html-minifier/node_modules/clean-css/lib/optimizer/level-1/tidy-block.js
-rw-r--r-- root/root      6972 2022-08-11 12:03 usr/lib64/node_modules/html-minifier/node_modules/clean-css/lib/optimizer/level-1/tidy-rules.js
drwxr-xr-x root/root         0 2022-08-11 12:03 usr/lib64/node_modules/html-minifier/node_modules/clean-css/lib/optimizer/level-2/
-rw-r--r-- root/root     21656 2022-08-11 12:03 usr/lib64/node_modules/html-minifier/node_modules/clean-css/lib/optimizer/level-2/break-up.js
-rw-r--r-- root/root     10471 2022-08-11 12:03 usr/lib64/node_modules/html-minifier/node_modules/clean-css/lib/optimizer/level-2/can-override.js
-rw-r--r-- root/root       772 2022-08-11 12:03 usr/lib64/node_modules/html-minifier/node_modules/clean-css/lib/optimizer/level-2/clone.js
-rw-r--r-- root/root     26111 2022-08-11 12:03 usr/lib64/node_modules/html-minifier/node_modules/clean-css/lib/optimizer/level-2/compactable.js
-rw-r--r-- root/root      1944 2022-08-11 12:03 usr/lib64/node_modules/html-minifier/node_modules/clean-css/lib/optimizer/level-2/extract-properties.js
-rw-r--r-- root/root       316 2022-08-11 12:03 usr/lib64/node_modules/html-minifier/node_modules/clean-css/lib/optimizer/level-2/invalid-property-error.js
-rw-r--r-- root/root      6938 2022-08-11 12:03 usr/lib64/node_modules/html-minifier/node_modules/clean-css/lib/optimizer/level-2/is-mergeable.js
-rw-r--r-- root/root      2193 2022-08-11 12:03 usr/lib64/node_modules/html-minifier/node_modules/clean-css/lib/optimizer/level-2/merge-adjacent.js
-rw-r--r-- root/root      3142 2022-08-11 12:03 usr/lib64/node_modules/html-minifier/node_modules/clean-css/lib/optimizer/level-2/merge-media-queries.js
-rw-r--r-- root/root      2924 2022-08-11 12:03 usr/lib64/node_modules/html-minifier/node_modules/clean-css/lib/optimizer/level-2/merge-non-adjacent-by-body.js
-rw-r--r-- root/root      2565 2022-08-11 12:03 usr/lib64/node_modules/html-minifier/node_modules/clean-css/lib/optimizer/level-2/merge-non-adjacent-by-selector.js
-rw-r--r-- root/root      3848 2022-08-11 12:03 usr/lib64/node_modules/html-minifier/node_modules/clean-css/lib/optimizer/level-2/optimize.js
drwxr-xr-x root/root         0 2022-08-11 12:03 usr/lib64/node_modules/html-minifier/node_modules/clean-css/lib/optimizer/level-2/properties/
-rw-r--r-- root/root       780 2022-08-11 12:03 usr/lib64/node_modules/html-minifier/node_modules/clean-css/lib/optimizer/level-2/properties/every-values-pair.js
-rw-r--r-- root/root       953 2022-08-11 12:03 usr/lib64/node_modules/html-minifier/node_modules/clean-css/lib/optimizer/level-2/properties/find-component-in.js
-rw-r--r-- root/root       204 2022-08-11 12:03 usr/lib64/node_modules/html-minifier/node_modules/clean-css/lib/optimizer/level-2/properties/has-inherit.js
-rw-r--r-- root/root       681 2022-08-11 12:03 usr/lib64/node_modules/html-minifier/node_modules/clean-css/lib/optimizer/level-2/properties/is-component-of.js
-rw-r--r-- root/root       256 2022-08-11 12:03 usr/lib64/node_modules/html-minifier/node_modules/clean-css/lib/optimizer/level-2/properties/is-mergeable-shorthand.js
-rw-r--r-- root/root     12499 2022-08-11 12:03 usr/lib64/node_modules/html-minifier/node_modules/clean-css/lib/optimizer/level-2/properties/merge-into-shorthands.js
-rw-r--r-- root/root      1487 2022-08-11 12:03 usr/lib64/node_modules/html-minifier/node_modules/clean-css/lib/optimizer/level-2/properties/optimize.js
-rw-r--r-- root/root     14593 2022-08-11 12:03 usr/lib64/node_modules/html-minifier/node_modules/clean-css/lib/optimizer/level-2/properties/override-properties.js
-rw-r--r-- root/root       346 2022-08-11 12:03 usr/lib64/node_modules/html-minifier/node_modules/clean-css/lib/optimizer/level-2/properties/overrides-non-component-shorthand.js
-rw-r--r-- root/root      1279 2022-08-11 12:03 usr/lib64/node_modules/html-minifier/node_modules/clean-css/lib/optimizer/level-2/properties/populate-components.js
-rw-r--r-- root/root       360 2022-08-11 12:03 usr/lib64/node_modules/html-minifier/node_modules/clean-css/lib/optimizer/level-2/properties/understandable.js
-rw-r--r-- root/root       449 2022-08-11 12:03 usr/lib64/node_modules/html-minifier/node_modules/clean-css/lib/optimizer/level-2/properties/vendor-prefixes.js
-rw-r--r-- root/root      5368 2022-08-11 12:03 usr/lib64/node_modules/html-minifier/node_modules/clean-css/lib/optimizer/level-2/reduce-non-adjacent.js
-rw-r--r-- root/root       619 2022-08-11 12:03 usr/lib64/node_modules/html-minifier/node_modules/clean-css/lib/optimizer/level-2/remove-duplicate-font-at-rules.js
-rw-r--r-- root/root       661 2022-08-11 12:03 usr/lib64/node_modules/html-minifier/node_modules/clean-css/lib/optimizer/level-2/remove-duplicate-media-queries.js
-rw-r--r-- root/root       978 2022-08-11 12:03 usr/lib64/node_modules/html-minifier/node_modules/clean-css/lib/optimizer/level-2/remove-duplicates.js
-rw-r--r-- root/root      6783 2022-08-11 12:03 usr/lib64/node_modules/html-minifier/node_modules/clean-css/lib/optimizer/level-2/remove-unused-at-rules.js
-rw-r--r-- root/root      3738 2022-08-11 12:03 usr/lib64/node_modules/html-minifier/node_modules/clean-css/lib/optimizer/level-2/reorderable.js
-rw-r--r-- root/root       319 2022-08-11 12:03 usr/lib64/node_modules/html-minifier/node_modules/clean-css/lib/optimizer/level-2/restore-with-components.js
-rw-r--r-- root/root      9829 2022-08-11 12:03 usr/lib64/node_modules/html-minifier/node_modules/clean-css/lib/optimizer/level-2/restore.js
-rw-r--r-- root/root     12589 2022-08-11 12:03 usr/lib64/node_modules/html-minifier/node_modules/clean-css/lib/optimizer/level-2/restructure.js
-rw-r--r-- root/root       596 2022-08-11 12:03 usr/lib64/node_modules/html-minifier/node_modules/clean-css/lib/optimizer/level-2/rules-overlap.js
-rw-r--r-- root/root       806 2022-08-11 12:03 usr/lib64/node_modules/html-minifier/node_modules/clean-css/lib/optimizer/level-2/specificities-overlap.js
-rw-r--r-- root/root      2482 2022-08-11 12:03 usr/lib64/node_modules/html-minifier/node_modules/clean-css/lib/optimizer/level-2/specificity.js
-rw-r--r-- root/root       397 2022-08-11 12:03 usr/lib64/node_modules/html-minifier/node_modules/clean-css/lib/optimizer/level-2/tidy-rule-duplicates.js
-rw-r--r-- root/root       244 2022-08-11 12:03 usr/lib64/node_modules/html-minifier/node_modules/clean-css/lib/optimizer/remove-unused.js
-rw-r--r-- root/root      1721 2022-08-11 12:03 usr/lib64/node_modules/html-minifier/node_modules/clean-css/lib/optimizer/restore-from-optimizing.js
-rw-r--r-- root/root     11113 2022-08-11 12:03 usr/lib64/node_modules/html-minifier/node_modules/clean-css/lib/optimizer/validator.js
-rw-r--r-- root/root      4990 2022-08-11 12:03 usr/lib64/node_modules/html-minifier/node_modules/clean-css/lib/optimizer/wrap-for-optimizing.js
drwxr-xr-x root/root         0 2022-08-11 12:03 usr/lib64/node_modules/html-minifier/node_modules/clean-css/lib/options/
-rw-r--r-- root/root      4615 2022-08-11 12:03 usr/lib64/node_modules/html-minifier/node_modules/clean-css/lib/options/compatibility.js
-rw-r--r-- root/root       172 2022-08-11 12:03 usr/lib64/node_modules/html-minifier/node_modules/clean-css/lib/options/fetch.js
-rw-r--r-- root/root      5135 2022-08-11 12:03 usr/lib64/node_modules/html-minifier/node_modules/clean-css/lib/options/format.js
-rw-r--r-- root/root       476 2022-08-11 12:03 usr/lib64/node_modules/html-minifier/node_modules/clean-css/lib/options/inline-request.js
-rw-r--r-- root/root       141 2022-08-11 12:03 usr/lib64/node_modules/html-minifier/node_modules/clean-css/lib/options/inline-timeout.js
-rw-r--r-- root/root       248 2022-08-11 12:03 usr/lib64/node_modules/html-minifier/node_modules/clean-css/lib/options/inline.js
-rw-r--r-- root/root      5563 2022-08-11 12:03 usr/lib64/node_modules/html-minifier/node_modules/clean-css/lib/options/optimization-level.js
-rw-r--r-- root/root       151 2022-08-11 12:03 usr/lib64/node_modules/html-minifier/node_modules/clean-css/lib/options/rebase-to.js
-rw-r--r-- root/root       129 2022-08-11 12:03 usr/lib64/node_modules/html-minifier/node_modules/clean-css/lib/options/rebase.js
-rw-r--r-- root/root      1965 2022-08-11 12:03 usr/lib64/node_modules/html-minifier/node_modules/clean-css/lib/options/rounding-precision.js
drwxr-xr-x root/root         0 2022-08-11 12:03 usr/lib64/node_modules/html-minifier/node_modules/clean-css/lib/reader/
-rw-r--r-- root/root      7930 2022-08-11 12:03 usr/lib64/node_modules/html-minifier/node_modules/clean-css/lib/reader/apply-source-maps.js
-rw-r--r-- root/root       854 2022-08-11 12:03 usr/lib64/node_modules/html-minifier/node_modules/clean-css/lib/reader/extract-import-url-and-media.js
-rw-r--r-- root/root      1383 2022-08-11 12:03 usr/lib64/node_modules/html-minifier/node_modules/clean-css/lib/reader/input-source-map-tracker.js
-rw-r--r-- root/root      2067 2022-08-11 12:03 usr/lib64/node_modules/html-minifier/node_modules/clean-css/lib/reader/is-allowed-resource.js
-rw-r--r-- root/root      3830 2022-08-11 12:03 usr/lib64/node_modules/html-minifier/node_modules/clean-css/lib/reader/load-original-sources.js
-rw-r--r-- root/root      1867 2022-08-11 12:03 usr/lib64/node_modules/html-minifier/node_modules/clean-css/lib/reader/load-remote-resource.js
-rw-r--r-- root/root       173 2022-08-11 12:03 usr/lib64/node_modules/html-minifier/node_modules/clean-css/lib/reader/match-data-uri.js
-rw-r--r-- root/root       198 2022-08-11 12:03 usr/lib64/node_modules/html-minifier/node_modules/clean-css/lib/reader/normalize-path.js
-rw-r--r-- root/root     13280 2022-08-11 12:03 usr/lib64/node_modules/html-minifier/node_modules/clean-css/lib/reader/read-sources.js
-rw-r--r-- root/root       446 2022-08-11 12:03 usr/lib64/node_modules/html-minifier/node_modules/clean-css/lib/reader/rebase-local-map.js
-rw-r--r-- root/root       330 2022-08-11 12:03 usr/lib64/node_modules/html-minifier/node_modules/clean-css/lib/reader/rebase-remote-map.js
-rw-r--r-- root/root      2588 2022-08-11 12:03 usr/lib64/node_modules/html-minifier/node_modules/clean-css/lib/reader/rebase.js
-rw-r--r-- root/root       132 2022-08-11 12:03 usr/lib64/node_modules/html-minifier/node_modules/clean-css/lib/reader/restore-import.js
-rw-r--r-- root/root      2701 2022-08-11 12:03 usr/lib64/node_modules/html-minifier/node_modules/clean-css/lib/reader/rewrite-url.js
drwxr-xr-x root/root         0 2022-08-11 12:03 usr/lib64/node_modules/html-minifier/node_modules/clean-css/lib/tokenizer/
-rw-r--r-- root/root       509 2022-08-11 12:03 usr/lib64/node_modules/html-minifier/node_modules/clean-css/lib/tokenizer/marker.js
-rw-r--r-- root/root       831 2022-08-11 12:03 usr/lib64/node_modules/html-minifier/node_modules/clean-css/lib/tokenizer/token.js
-rw-r--r-- root/root     25119 2022-08-11 12:03 usr/lib64/node_modules/html-minifier/node_modules/clean-css/lib/tokenizer/tokenize.js
drwxr-xr-x root/root         0 2022-08-11 12:03 usr/lib64/node_modules/html-minifier/node_modules/clean-css/lib/utils/
-rw-r--r-- root/root       241 2022-08-11 12:03 usr/lib64/node_modules/html-minifier/node_modules/clean-css/lib/utils/clone-array.js
-rw-r--r-- root/root       239 2022-08-11 12:03 usr/lib64/node_modules/html-minifier/node_modules/clean-css/lib/utils/format-position.js
-rw-r--r-- root/root       156 2022-08-11 12:03 usr/lib64/node_modules/html-minifier/node_modules/clean-css/lib/utils/has-protocol.js
-rw-r--r-- root/root       183 2022-08-11 12:03 usr/lib64/node_modules/html-minifier/node_modules/clean-css/lib/utils/is-data-uri-resource.js
-rw-r--r-- root/root       152 2022-08-11 12:03 usr/lib64/node_modules/html-minifier/node_modules/clean-css/lib/utils/is-http-resource.js
-rw-r--r-- root/root       157 2022-08-11 12:03 usr/lib64/node_modules/html-minifier/node_modules/clean-css/lib/utils/is-https-resource.js
-rw-r--r-- root/root       143 2022-08-11 12:03 usr/lib64/node_modules/html-minifier/node_modules/clean-css/lib/utils/is-import.js
-rw-r--r-- root/root       166 2022-08-11 12:03 usr/lib64/node_modules/html-minifier/node_modules/clean-css/lib/utils/is-remote-resource.js
-rw-r--r-- root/root       772 2022-08-11 12:03 usr/lib64/node_modules/html-minifier/node_modules/clean-css/lib/utils/natural-compare.js
-rw-r--r-- root/root       729 2022-08-11 12:03 usr/lib64/node_modules/html-minifier/node_modules/clean-css/lib/utils/override.js
-rw-r--r-- root/root      1113 2022-08-11 12:03 usr/lib64/node_modules/html-minifier/node_modules/clean-css/lib/utils/split.js
drwxr-xr-x root/root         0 2022-08-11 12:03 usr/lib64/node_modules/html-minifier/node_modules/clean-css/lib/writer/
-rw-r--r-- root/root      7437 2022-08-11 12:03 usr/lib64/node_modules/html-minifier/node_modules/clean-css/lib/writer/helpers.js
-rw-r--r-- root/root      1111 2022-08-11 12:03 usr/lib64/node_modules/html-minifier/node_modules/clean-css/lib/writer/one-time.js
-rw-r--r-- root/root      1303 2022-08-11 12:03 usr/lib64/node_modules/html-minifier/node_modules/clean-css/lib/writer/simple.js
-rw-r--r-- root/root      2937 2022-08-11 12:03 usr/lib64/node_modules/html-minifier/node_modules/clean-css/lib/writer/source-maps.js
-rw-r--r-- root/root      1147 2022-08-11 12:03 usr/lib64/node_modules/html-minifier/node_modules/clean-css/package.json
drwxr-xr-x root/root         0 2022-08-11 12:03 usr/lib64/node_modules/html-minifier/node_modules/commander/
-rw-r--r-- root/root     11340 2022-08-11 12:03 usr/lib64/node_modules/html-minifier/node_modules/commander/CHANGELOG.md
-rw-r--r-- root/root      1098 2022-08-11 12:03 usr/lib64/node_modules/html-minifier/node_modules/commander/LICENSE
-rw-r--r-- root/root     12783 2022-08-11 12:03 usr/lib64/node_modules/html-minifier/node_modules/commander/Readme.md
-rw-r--r-- root/root     27849 2022-08-11 12:03 usr/lib64/node_modules/html-minifier/node_modules/commander/index.js
-rw-r--r-- root/root       864 2022-08-11 12:03 usr/lib64/node_modules/html-minifier/node_modules/commander/package.json
drwxr-xr-x root/root         0 2022-08-11 12:03 usr/lib64/node_modules/html-minifier/node_modules/commander/typings/
-rw-r--r-- root/root      8508 2022-08-11 12:03 usr/lib64/node_modules/html-minifier/node_modules/commander/typings/index.d.ts
drwxr-xr-x root/root         0 2022-08-11 12:03 usr/lib64/node_modules/html-minifier/node_modules/he/
-rw-r--r-- root/root      1077 2022-08-11 12:03 usr/lib64/node_modules/html-minifier/node_modules/he/LICENSE-MIT.txt
-rw-r--r-- root/root     14210 2022-08-11 12:03 usr/lib64/node_modules/html-minifier/node_modules/he/README.md
drwxr-xr-x root/root         0 2022-08-11 12:03 usr/lib64/node_modules/html-minifier/node_modules/he/bin/
-rwxr-xr-x root/root      3626 2022-08-11 12:03 usr/lib64/node_modules/html-minifier/node_modules/he/bin/he
-rw-r--r-- root/root    100899 2022-08-11 12:03 usr/lib64/node_modules/html-minifier/node_modules/he/he.js
drwxr-xr-x root/root         0 2022-08-11 12:03 usr/lib64/node_modules/html-minifier/node_modules/he/man/
-rw-r--r-- root/root      3102 2022-08-11 12:03 usr/lib64/node_modules/html-minifier/node_modules/he/man/he.1
-rw-r--r-- root/root      1224 2022-08-11 12:03 usr/lib64/node_modules/html-minifier/node_modules/he/package.json
drwxr-xr-x root/root         0 2022-08-11 12:03 usr/lib64/node_modules/html-minifier/node_modules/lower-case/
-rw-r--r-- root/root      1103 2022-08-11 12:03 usr/lib64/node_modules/html-minifier/node_modules/lower-case/LICENSE
-rw-r--r-- root/root      1359 2022-08-11 12:03 usr/lib64/node_modules/html-minifier/node_modules/lower-case/README.md
-rw-r--r-- root/root        90 2022-08-11 12:03 usr/lib64/node_modules/html-minifier/node_modules/lower-case/lower-case.d.ts
-rw-r--r-- root/root      1065 2022-08-11 12:03 usr/lib64/node_modules/html-minifier/node_modules/lower-case/lower-case.js
-rw-r--r-- root/root      1160 2022-08-11 12:03 usr/lib64/node_modules/html-minifier/node_modules/lower-case/package.json
drwxr-xr-x root/root         0 2022-08-11 12:03 usr/lib64/node_modules/html-minifier/node_modules/no-case/
-rw-r--r-- root/root      1103 2022-08-11 12:03 usr/lib64/node_modules/html-minifier/node_modules/no-case/LICENSE
-rw-r--r-- root/root      1629 2022-08-11 12:03 usr/lib64/node_modules/html-minifier/node_modules/no-case/README.md
-rw-r--r-- root/root       106 2022-08-11 12:03 usr/lib64/node_modules/html-minifier/node_modules/no-case/no-case.d.ts
-rw-r--r-- root/root      1105 2022-08-11 12:03 usr/lib64/node_modules/html-minifier/node_modules/no-case/no-case.js
-rw-r--r-- root/root      1168 2022-08-11 12:03 usr/lib64/node_modules/html-minifier/node_modules/no-case/package.json
drwxr-xr-x root/root         0 2022-08-11 12:03 usr/lib64/node_modules/html-minifier/node_modules/no-case/vendor/
-rw-r--r-- root/root      8779 2022-08-11 12:03 usr/lib64/node_modules/html-minifier/node_modules/no-case/vendor/camel-case-regexp.js
-rw-r--r-- root/root     11876 2022-08-11 12:03 usr/lib64/node_modules/html-minifier/node_modules/no-case/vendor/camel-case-upper-regexp.js
-rw-r--r-- root/root      5073 2022-08-11 12:03 usr/lib64/node_modules/html-minifier/node_modules/no-case/vendor/non-word-regexp.js
drwxr-xr-x root/root         0 2022-08-11 12:03 usr/lib64/node_modules/html-minifier/node_modules/param-case/
-rw-r--r-- root/root      1103 2022-08-11 12:03 usr/lib64/node_modules/html-minifier/node_modules/param-case/LICENSE
-rw-r--r-- root/root      1366 2022-08-11 12:03 usr/lib64/node_modules/html-minifier/node_modules/param-case/README.md
-rw-r--r-- root/root      1039 2022-08-11 12:03 usr/lib64/node_modules/html-minifier/node_modules/param-case/package.json
-rw-r--r-- root/root        90 2022-08-11 12:03 usr/lib64/node_modules/html-minifier/node_modules/param-case/param-case.d.ts
-rw-r--r-- root/root       225 2022-08-11 12:03 usr/lib64/node_modules/html-minifier/node_modules/param-case/param-case.js
drwxr-xr-x root/root         0 2022-08-11 12:03 usr/lib64/node_modules/html-minifier/node_modules/relateurl/
-rw-r--r-- root/root      6505 2022-08-11 12:03 usr/lib64/node_modules/html-minifier/node_modules/relateurl/README.md
drwxr-xr-x root/root         0 2022-08-11 12:03 usr/lib64/node_modules/html-minifier/node_modules/relateurl/lib/
-rw-r--r-- root/root       167 2022-08-11 12:03 usr/lib64/node_modules/html-minifier/node_modules/relateurl/lib/constants.js
-rw-r--r-- root/root      3433 2022-08-11 12:03 usr/lib64/node_modules/html-minifier/node_modules/relateurl/lib/format.js
-rw-r--r-- root/root      1798 2022-08-11 12:03 usr/lib64/node_modules/html-minifier/node_modules/relateurl/lib/index.js
-rw-r--r-- root/root       845 2022-08-11 12:03 usr/lib64/node_modules/html-minifier/node_modules/relateurl/lib/options.js
drwxr-xr-x root/root         0 2022-08-11 12:03 usr/lib64/node_modules/html-minifier/node_modules/relateurl/lib/parse/
-rw-r--r-- root/root       366 2022-08-11 12:03 usr/lib64/node_modules/html-minifier/node_modules/relateurl/lib/parse/host.js
-rw-r--r-- root/root       759 2022-08-11 12:03 usr/lib64/node_modules/html-minifier/node_modules/relateurl/lib/parse/hrefInfo.js
-rw-r--r-- root/root      1100 2022-08-11 12:03 usr/lib64/node_modules/html-minifier/node_modules/relateurl/lib/parse/index.js
-rw-r--r-- root/root      1634 2022-08-11 12:03 usr/lib64/node_modules/html-minifier/node_modules/relateurl/lib/parse/path.js
-rw-r--r-- root/root       524 2022-08-11 12:03 usr/lib64/node_modules/html-minifier/node_modules/relateurl/lib/parse/port.js
-rw-r--r-- root/root       878 2022-08-11 12:03 usr/lib64/node_modules/html-minifier/node_modules/relateurl/lib/parse/query.js
-rw-r--r-- root/root      2364 2022-08-11 12:03 usr/lib64/node_modules/html-minifier/node_modules/relateurl/lib/parse/urlstring.js
drwxr-xr-x root/root         0 2022-08-11 12:03 usr/lib64/node_modules/html-minifier/node_modules/relateurl/lib/relate/
-rw-r--r-- root/root      2294 2022-08-11 12:03 usr/lib64/node_modules/html-minifier/node_modules/relateurl/lib/relate/absolutize.js
-rw-r--r-- root/root      3549 2022-08-11 12:03 usr/lib64/node_modules/html-minifier/node_modules/relateurl/lib/relate/findRelation.js
-rw-r--r-- root/root       287 2022-08-11 12:03 usr/lib64/node_modules/html-minifier/node_modules/relateurl/lib/relate/index.js
-rw-r--r-- root/root      1050 2022-08-11 12:03 usr/lib64/node_modules/html-minifier/node_modules/relateurl/lib/relate/relativize.js
drwxr-xr-x root/root         0 2022-08-11 12:03 usr/lib64/node_modules/html-minifier/node_modules/relateurl/lib/util/
-rw-r--r-- root/root       297 2022-08-11 12:03 usr/lib64/node_modules/html-minifier/node_modules/relateurl/lib/util/devlog.js
-rw-r--r-- root/root       826 2022-08-11 12:03 usr/lib64/node_modules/html-minifier/node_modules/relateurl/lib/util/object.js
-rw-r--r-- root/root       576 2022-08-11 12:03 usr/lib64/node_modules/html-minifier/node_modules/relateurl/lib/util/path.js
-rw-r--r-- root/root      1111 2022-08-11 12:03 usr/lib64/node_modules/html-minifier/node_modules/relateurl/license
-rw-r--r-- root/root      1048 2022-08-11 12:03 usr/lib64/node_modules/html-minifier/node_modules/relateurl/package.json
drwxr-xr-x root/root         0 2022-08-11 12:03 usr/lib64/node_modules/html-minifier/node_modules/source-map/
-rw-r--r-- root/root      7884 2022-08-11 12:03 usr/lib64/node_modules/html-minifier/node_modules/source-map/CHANGELOG.md
-rw-r--r-- root/root      1526 2022-08-11 12:03 usr/lib64/node_modules/html-minifier/node_modules/source-map/LICENSE
-rw-r--r-- root/root     24072 2022-08-11 12:03 usr/lib64/node_modules/html-minifier/node_modules/source-map/README.md
drwxr-xr-x root/root         0 2022-08-11 12:03 usr/lib64/node_modules/html-minifier/node_modules/source-map/dist/
-rw-r--r-- root/root    272874 2022-08-11 12:03 usr/lib64/node_modules/html-minifier/node_modules/source-map/dist/source-map.debug.js
-rw-r--r-- root/root    106973 2022-08-11 12:03 usr/lib64/node_modules/html-minifier/node_modules/source-map/dist/source-map.js
-rw-r--r-- root/root     27111 2022-08-11 12:03 usr/lib64/node_modules/html-minifier/node_modules/source-map/dist/source-map.min.js
-rw-r--r-- root/root    257409 2022-08-11 12:03 usr/lib64/node_modules/html-minifier/node_modules/source-map/dist/source-map.min.js.map
drwxr-xr-x root/root         0 2022-08-11 12:03 usr/lib64/node_modules/html-minifier/node_modules/source-map/lib/
-rw-r--r-- root/root      3197 2022-08-11 12:03 usr/lib64/node_modules/html-minifier/node_modules/source-map/lib/array-set.js
-rw-r--r-- root/root      4714 2022-08-11 12:03 usr/lib64/node_modules/html-minifier/node_modules/source-map/lib/base64-vlq.js
-rw-r--r-- root/root      1540 2022-08-11 12:03 usr/lib64/node_modules/html-minifier/node_modules/source-map/lib/base64.js
-rw-r--r-- root/root      4249 2022-08-11 12:03 usr/lib64/node_modules/html-minifier/node_modules/source-map/lib/binary-search.js
-rw-r--r-- root/root      2339 2022-08-11 12:03 usr/lib64/node_modules/html-minifier/node_modules/source-map/lib/mapping-list.js
-rw-r--r-- root/root      3616 2022-08-11 12:03 usr/lib64/node_modules/html-minifier/node_modules/source-map/lib/quick-sort.js
-rw-r--r-- root/root     40562 2022-08-11 12:03 usr/lib64/node_modules/html-minifier/node_modules/source-map/lib/source-map-consumer.js
-rw-r--r-- root/root     14356 2022-08-11 12:03 usr/lib64/node_modules/html-minifier/node_modules/source-map/lib/source-map-generator.js
-rw-r--r-- root/root     13808 2022-08-11 12:03 usr/lib64/node_modules/html-minifier/node_modules/source-map/lib/source-node.js
-rw-r--r-- root/root     12950 2022-08-11 12:03 usr/lib64/node_modules/html-minifier/node_modules/source-map/lib/util.js
-rw-r--r-- root/root      2579 2022-08-11 12:03 usr/lib64/node_modules/html-minifier/node_modules/source-map/package.json
-rw-r--r-- root/root      3060 2022-08-11 12:03 usr/lib64/node_modules/html-minifier/node_modules/source-map/source-map.d.ts
-rw-r--r-- root/root       405 2022-08-11 12:03 usr/lib64/node_modules/html-minifier/node_modules/source-map/source-map.js
drwxr-xr-x root/root         0 2022-08-11 12:03 usr/lib64/node_modules/html-minifier/node_modules/uglify-js/
-rw-r--r-- root/root      1348 2022-08-11 12:03 usr/lib64/node_modules/html-minifier/node_modules/uglify-js/LICENSE
-rw-r--r-- root/root     56628 2022-08-11 12:03 usr/lib64/node_modules/html-minifier/node_modules/uglify-js/README.md
drwxr-xr-x root/root         0 2022-08-11 12:03 usr/lib64/node_modules/html-minifier/node_modules/uglify-js/bin/
-rwxr-xr-x root/root     23602 2022-08-11 12:03 usr/lib64/node_modules/html-minifier/node_modules/uglify-js/bin/uglifyjs
drwxr-xr-x root/root         0 2022-08-11 12:03 usr/lib64/node_modules/html-minifier/node_modules/uglify-js/lib/
-rw-r--r-- root/root     84227 2022-08-11 12:03 usr/lib64/node_modules/html-minifier/node_modules/uglify-js/lib/ast.js
-rw-r--r-- root/root    625943 2022-08-11 12:03 usr/lib64/node_modules/html-minifier/node_modules/uglify-js/lib/compress.js
-rw-r--r-- root/root     11050 2022-08-11 12:03 usr/lib64/node_modules/html-minifier/node_modules/uglify-js/lib/minify.js
-rw-r--r-- root/root     45957 2022-08-11 12:03 usr/lib64/node_modules/html-minifier/node_modules/uglify-js/lib/mozilla-ast.js
-rw-r--r-- root/root     66192 2022-08-11 12:03 usr/lib64/node_modules/html-minifier/node_modules/uglify-js/lib/output.js
-rw-r--r-- root/root     84247 2022-08-11 12:03 usr/lib64/node_modules/html-minifier/node_modules/uglify-js/lib/parse.js
-rw-r--r-- root/root      9167 2022-08-11 12:03 usr/lib64/node_modules/html-minifier/node_modules/uglify-js/lib/propmangle.js
-rw-r--r-- root/root     31187 2022-08-11 12:03 usr/lib64/node_modules/html-minifier/node_modules/uglify-js/lib/scope.js
-rw-r--r-- root/root      7057 2022-08-11 12:03 usr/lib64/node_modules/html-minifier/node_modules/uglify-js/lib/sourcemap.js
-rw-r--r-- root/root      9628 2022-08-11 12:03 usr/lib64/node_modules/html-minifier/node_modules/uglify-js/lib/transform.js
-rw-r--r-- root/root      8732 2022-08-11 12:03 usr/lib64/node_modules/html-minifier/node_modules/uglify-js/lib/utils.js
-rw-r--r-- root/root      1068 2022-08-11 12:03 usr/lib64/node_modules/html-minifier/node_modules/uglify-js/package.json
drwxr-xr-x root/root         0 2022-08-11 12:03 usr/lib64/node_modules/html-minifier/node_modules/uglify-js/tools/
-rw-r--r-- root/root     13612 2022-08-11 12:03 usr/lib64/node_modules/html-minifier/node_modules/uglify-js/tools/domprops.html
-rw-r--r-- root/root    183545 2022-08-11 12:03 usr/lib64/node_modules/html-minifier/node_modules/uglify-js/tools/domprops.json
-rw-r--r-- root/root       270 2022-08-11 12:03 usr/lib64/node_modules/html-minifier/node_modules/uglify-js/tools/exports.js
-rw-r--r-- root/root      3640 2022-08-11 12:03 usr/lib64/node_modules/html-minifier/node_modules/uglify-js/tools/node.js
-rw-r--r-- root/root       758 2022-08-11 12:03 usr/lib64/node_modules/html-minifier/node_modules/uglify-js/tools/tty.js
drwxr-xr-x root/root         0 2022-08-11 12:03 usr/lib64/node_modules/html-minifier/node_modules/upper-case/
-rw-r--r-- root/root      1103 2022-08-11 12:03 usr/lib64/node_modules/html-minifier/node_modules/upper-case/LICENSE
-rw-r--r-- root/root      1359 2022-08-11 12:03 usr/lib64/node_modules/html-minifier/node_modules/upper-case/README.md
-rw-r--r-- root/root      1139 2022-08-11 12:03 usr/lib64/node_modules/html-minifier/node_modules/upper-case/package.json
-rw-r--r-- root/root        90 2022-08-11 12:03 usr/lib64/node_modules/html-minifier/node_modules/upper-case/upper-case.d.ts
-rw-r--r-- root/root       953 2022-08-11 12:03 usr/lib64/node_modules/html-minifier/node_modules/upper-case/upper-case.js
-rw-r--r-- root/root      1908 2022-08-11 12:03 usr/lib64/node_modules/html-minifier/package.json
-rw-r--r-- root/root      1065 2022-08-11 12:03 usr/lib64/node_modules/html-minifier/sample-cli-config-file.conf
drwxr-xr-x root/root         0 2022-08-11 12:03 usr/lib64/node_modules/html-minifier/src/
-rw-r--r-- root/root     45860 2022-08-11 12:03 usr/lib64/node_modules/html-minifier/src/htmlminifier.js
-rw-r--r-- root/root     19975 2022-08-11 12:03 usr/lib64/node_modules/html-minifier/src/htmlparser.js
-rw-r--r-- root/root      1813 2022-08-11 12:03 usr/lib64/node_modules/html-minifier/src/tokenchain.js
-rw-r--r-- root/root       423 2022-08-11 12:03 usr/lib64/node_modules/html-minifier/src/utils.js
drwxr-xr-x root/root         0 2022-08-11 12:03 usr/lib64/node_modules/root/
-rw-r--r-- root/root      1078 2022-08-11 12:03 usr/lib64/node_modules/root/LICENSE
-rw-r--r-- root/root      3908 2022-08-11 12:03 usr/lib64/node_modules/root/README.md
-rw-r--r-- root/root      2693 2022-08-11 12:03 usr/lib64/node_modules/root/defaults.js
-rw-r--r-- root/root      7303 2022-08-11 12:03 usr/lib64/node_modules/root/index.js
drwxr-xr-x root/root         0 2022-08-11 12:03 usr/lib64/node_modules/root/node_modules/
drwxr-xr-x root/root         0 2022-08-11 12:03 usr/lib64/node_modules/root/node_modules/.bin/
drwxr-xr-x root/root         0 2022-08-11 12:03 usr/lib64/node_modules/root/node_modules/inherits/
-rw-r--r-- root/root       749 2022-08-11 12:03 usr/lib64/node_modules/root/node_modules/inherits/LICENSE
-rw-r--r-- root/root      1625 2022-08-11 12:03 usr/lib64/node_modules/root/node_modules/inherits/README.md
-rw-r--r-- root/root       250 2022-08-11 12:03 usr/lib64/node_modules/root/node_modules/inherits/inherits.js
-rw-r--r-- root/root       753 2022-08-11 12:03 usr/lib64/node_modules/root/node_modules/inherits/inherits_browser.js
-rw-r--r-- root/root       581 2022-08-11 12:03 usr/lib64/node_modules/root/node_modules/inherits/package.json
drwxr-xr-x root/root         0 2022-08-11 12:03 usr/lib64/node_modules/root/node_modules/murl/
-rw-r--r-- root/root      1124 2022-08-11 12:03 usr/lib64/node_modules/root/node_modules/murl/README.md
-rw-r--r-- root/root      2316 2022-08-11 12:03 usr/lib64/node_modules/root/node_modules/murl/index.js
-rw-r--r-- root/root       364 2022-08-11 12:03 usr/lib64/node_modules/root/node_modules/murl/package.json
drwxr-xr-x root/root         0 2022-08-11 12:03 usr/lib64/node_modules/root/node_modules/murl/tests/
-rwxr-xr-x root/root       884 2022-08-11 12:03 usr/lib64/node_modules/root/node_modules/murl/tests/index.js
-rw-r--r-- root/root       252 2022-08-11 12:03 usr/lib64/node_modules/root/node_modules/murl/tests/test-match-negative.js
-rw-r--r-- root/root       849 2022-08-11 12:03 usr/lib64/node_modules/root/node_modules/murl/tests/test-match-positive.js
-rw-r--r-- root/root       448 2022-08-11 12:03 usr/lib64/node_modules/root/node_modules/murl/tests/test-match-strict.js
-rw-r--r-- root/root       432 2022-08-11 12:03 usr/lib64/node_modules/root/node_modules/murl/tests/test-match.js
-rw-r--r-- root/root       656 2022-08-11 12:03 usr/lib64/node_modules/root/node_modules/murl/tests/test-replace.js
drwxr-xr-x root/root         0 2022-08-11 12:03 usr/lib64/node_modules/root/node_modules/network-address/
-rw-r--r-- root/root       373 2022-08-11 12:03 usr/lib64/node_modules/root/node_modules/network-address/README.md
-rwxr-xr-x root/root        55 2022-08-11 12:03 usr/lib64/node_modules/root/node_modules/network-address/cli.js
-rw-r--r-- root/root       312 2022-08-11 12:03 usr/lib64/node_modules/root/node_modules/network-address/index.js
-rw-r--r-- root/root       363 2022-08-11 12:03 usr/lib64/node_modules/root/node_modules/network-address/package.json
drwxr-xr-x root/root         0 2022-08-11 12:03 usr/lib64/node_modules/root/node_modules/protein/
-rw-r--r-- root/root      4235 2022-08-11 12:03 usr/lib64/node_modules/root/node_modules/protein/README.md
-rw-r--r-- root/root       456 2022-08-11 12:03 usr/lib64/node_modules/root/node_modules/protein/example.js
-rw-r--r-- root/root      1762 2022-08-11 12:03 usr/lib64/node_modules/root/node_modules/protein/index.js
-rw-r--r-- root/root       323 2022-08-11 12:03 usr/lib64/node_modules/root/node_modules/protein/package.json
drwxr-xr-x root/root         0 2022-08-11 12:03 usr/lib64/node_modules/root/node_modules/protein/tests/
-rwxr-xr-x root/root       876 2022-08-11 12:03 usr/lib64/node_modules/root/node_modules/protein/tests/index.js
-rw-r--r-- root/root       261 2022-08-11 12:03 usr/lib64/node_modules/root/node_modules/protein/tests/test-connect-compatible.js
-rw-r--r-- root/root       654 2022-08-11 12:03 usr/lib64/node_modules/root/node_modules/protein/tests/test-double-mixin.js
-rw-r--r-- root/root       364 2022-08-11 12:03 usr/lib64/node_modules/root/node_modules/protein/tests/test-getters-and-setters.js
-rw-r--r-- root/root       408 2022-08-11 12:03 usr/lib64/node_modules/root/node_modules/protein/tests/test-no-leaks.js
-rw-r--r-- root/root       300 2022-08-11 12:03 usr/lib64/node_modules/root/node_modules/protein/tests/test-prototypical.js
-rw-r--r-- root/root       268 2022-08-11 12:03 usr/lib64/node_modules/root/node_modules/protein/tests/test-simple-request.js
-rw-r--r-- root/root       273 2022-08-11 12:03 usr/lib64/node_modules/root/node_modules/protein/tests/test-simple-response.js
-rw-r--r-- root/root       515 2022-08-11 12:03 usr/lib64/node_modules/root/package.json
drwxr-xr-x root/root         0 2022-08-11 12:03 usr/lib64/node_modules/root/tests/
-rwxr-xr-x root/root      1008 2022-08-11 12:03 usr/lib64/node_modules/root/tests/index.js
-rw-r--r-- root/root       964 2022-08-11 12:03 usr/lib64/node_modules/root/tests/test-body-parsers.js
-rw-r--r-- root/root       850 2022-08-11 12:03 usr/lib64/node_modules/root/tests/test-errors.js
-rw-r--r-- root/root       534 2022-08-11 12:03 usr/lib64/node_modules/root/tests/test-flow-control.js
-rw-r--r-- root/root       916 2022-08-11 12:03 usr/lib64/node_modules/root/tests/test-fork.js
-rw-r--r-- root/root       742 2022-08-11 12:03 usr/lib64/node_modules/root/tests/test-match.js
-rw-r--r-- root/root       581 2022-08-11 12:03 usr/lib64/node_modules/root/tests/test-matches.js
-rw-r--r-- root/root       386 2022-08-11 12:03 usr/lib64/node_modules/root/tests/test-multi-listen.js
-rw-r--r-- root/root       652 2022-08-11 12:03 usr/lib64/node_modules/root/tests/test-plugins.js
-rw-r--r-- root/root       367 2022-08-11 12:03 usr/lib64/node_modules/root/tests/test-random-port-cluster.js
-rw-r--r-- root/root       303 2022-08-11 12:03 usr/lib64/node_modules/root/tests/test-random-port.js
-rw-r--r-- root/root       652 2022-08-11 12:03 usr/lib64/node_modules/root/tests/test-rewrite.js
-rw-r--r-- root/root       457 2022-08-11 12:03 usr/lib64/node_modules/root/tests/test-route-app.js
-rw-r--r-- root/root       607 2022-08-11 12:03 usr/lib64/node_modules/root/tests/test-route.js
-rw-r--r-- root/root      1175 2022-08-11 12:03 usr/lib64/node_modules/root/tests/test-routes.js
-rw-r--r-- root/root       508 2022-08-11 12:03 usr/lib64/node_modules/root/tests/test-sub-app-route.js
-rw-r--r-- root/root       933 2022-08-11 12:03 usr/lib64/node_modules/root/tests/test-urls.js


