++========================================
||
||   Package:  ./kcolorpicker/kcolorpicker-0.2.0-x86_64-1cf.txz
||
++========================================
drwxr-xr-x root/root         0 2022-05-24 08:20 ./
drwxr-xr-x root/root         0 2022-05-24 08:20 install/
-rw-r--r-- root/root       230 2022-05-24 08:20 install/doinst.sh
-rw-r--r-- root/root       865 2022-05-24 08:20 install/slack-desc
drwxr-xr-x root/root         0 2022-05-24 08:20 usr/
drwxr-xr-x root/root         0 2022-05-24 08:20 usr/doc/
drwxr-xr-x root/root         0 2022-05-24 08:20 usr/doc/kcolorpicker-0.2.0/
-rw-r--r-- root/root      7652 2022-04-07 22:37 usr/doc/kcolorpicker-0.2.0/LICENSE
-rw-r--r-- root/root      1557 2022-04-07 22:37 usr/doc/kcolorpicker-0.2.0/README.md
-rw-r--r-- root/root      4023 2022-05-24 08:20 usr/doc/kcolorpicker-0.2.0/kcolorpicker.SlackBuild
drwxr-xr-x root/root         0 2022-05-24 08:20 usr/include/
drwxr-xr-x root/root         0 2022-05-24 08:20 usr/include/kColorPicker/
-rw-r--r-- root/root      1772 2022-04-07 22:37 usr/include/kColorPicker/KColorPicker.h
-rw-r--r-- root/root      1168 2022-04-07 22:37 usr/include/kColorPicker/KColorPickerExport.h
drwxr-xr-x root/root         0 2022-05-24 08:20 usr/lib64/
drwxr-xr-x root/root         0 2022-05-24 08:20 usr/lib64/cmake/
drwxr-xr-x root/root         0 2022-05-24 08:20 usr/lib64/cmake/kColorPicker/
-rw-r--r-- root/root       920 2022-05-24 08:20 usr/lib64/cmake/kColorPicker/kColorPicker-targets-release.cmake
-rw-r--r-- root/root      3862 2022-05-24 08:20 usr/lib64/cmake/kColorPicker/kColorPicker-targets.cmake
-rw-r--r-- root/root      1977 2022-05-24 08:20 usr/lib64/cmake/kColorPicker/kColorPickerConfig-version.cmake
-rw-r--r-- root/root      1458 2022-05-24 08:20 usr/lib64/cmake/kColorPicker/kColorPickerConfig.cmake
-rwxr-xr-x root/root     72944 2022-05-24 08:20 usr/lib64/libkColorPicker.so.0.2.0


