++========================================
||
||   Package:  ./sarg/sarg-2.4.0-x86_64-2cf.txz
||
++========================================
drwxr-xr-x root/root         0 2022-03-07 11:30 ./
drwxr-xr-x root/root         0 2022-03-07 11:30 etc/
drwxr-xr-x root/root         0 2022-03-07 11:30 etc/sarg/
-rw-r--r-- root/root      3006 2022-03-07 11:30 etc/sarg/css.tpl.new
-rw-r--r-- root/root         9 2022-03-07 11:30 etc/sarg/exclude_codes.new
-rw-r--r-- root/root     32766 2022-03-07 11:30 etc/sarg/sarg.conf.new
-rw-r--r-- root/root      1563 2022-03-07 11:30 etc/sarg/user_limit_block.new
drwxr-xr-x root/root         0 2022-03-07 11:30 install/
-rw-r--r-- root/root       477 2022-03-07 11:30 install/doinst.sh
-rw-r--r-- root/root       810 2022-03-07 11:30 install/slack-desc
drwxr-xr-x root/root         0 2022-03-07 11:30 usr/
drwxr-xr-x root/root         0 2022-03-07 11:30 usr/bin/
-rwxr-xr-x root/root    337168 2022-03-07 11:30 usr/bin/sarg
drwxr-xr-x root/root         0 2022-03-07 11:30 usr/doc/
drwxr-xr-x root/root         0 2022-03-07 11:30 usr/doc/sarg-2.4.0/
-rw-r--r-- root/root     95341 2014-06-25 07:12 usr/doc/sarg-2.4.0/ABOUT-NLS
-rw-r--r-- root/root       282 2013-02-09 15:16 usr/doc/sarg-2.4.0/BETA-TESTERS
-rw-r--r-- root/root      1931 2013-02-09 15:16 usr/doc/sarg-2.4.0/CONTRIBUTORS
-rw-r--r-- root/root     17982 2013-02-09 15:16 usr/doc/sarg-2.4.0/COPYING
-rw-r--r-- root/root     66272 2020-01-16 12:25 usr/doc/sarg-2.4.0/ChangeLog
-rw-r--r-- root/root        81 2013-02-09 15:16 usr/doc/sarg-2.4.0/DONATIONS
-rw-r--r-- root/root     17982 2013-02-09 15:16 usr/doc/sarg-2.4.0/LICENSE
-rw-r--r-- root/root        87 2013-02-09 15:16 usr/doc/sarg-2.4.0/PROGRAMMERS
-rw-r--r-- root/root      6085 2017-01-30 13:56 usr/doc/sarg-2.4.0/README
-rw-r--r-- root/root      6945 2014-06-25 07:12 usr/doc/sarg-2.4.0/README_cmake
-rw-r--r-- root/root       775 2013-02-09 15:16 usr/doc/sarg-2.4.0/conf.txt
-rw-r--r-- root/root       410 2013-02-09 15:16 usr/doc/sarg-2.4.0/css.txt
-rw-r--r-- root/root       434 2014-06-25 07:12 usr/doc/sarg-2.4.0/denied.txt
-rw-r--r-- root/root      2271 2013-02-09 15:16 usr/doc/sarg-2.4.0/exclude.txt
-rw-r--r-- root/root      2221 2013-02-09 15:16 usr/doc/sarg-2.4.0/getconf.txt
-rw-r--r-- root/root      2322 2013-02-09 15:16 usr/doc/sarg-2.4.0/grepday.txt
-rw-r--r-- root/root      1411 2013-02-09 15:16 usr/doc/sarg-2.4.0/index.txt
-rw-r--r-- root/root      2877 2013-02-09 15:16 usr/doc/sarg-2.4.0/log.txt
-rw-r--r-- root/root      1408 2013-02-09 15:16 usr/doc/sarg-2.4.0/longline.txt
-rw-r--r-- root/root       253 2013-02-09 15:16 usr/doc/sarg-2.4.0/repday.txt
-rw-r--r-- root/root      6929 2013-02-09 15:16 usr/doc/sarg-2.4.0/report.txt
-rw-r--r-- root/root      4190 2022-03-07 11:30 usr/doc/sarg-2.4.0/sarg.SlackBuild
-rw-r--r-- root/root       403 2013-02-09 15:16 usr/doc/sarg-2.4.0/totger.txt
-rw-r--r-- root/root     20446 2017-04-26 13:23 usr/doc/sarg-2.4.0/util.txt
drwxr-xr-x root/root         0 2022-03-07 11:30 usr/man/
drwxr-xr-x root/root         0 2022-03-07 11:30 usr/man/man1/
-rw-r--r-- root/root      3618 2022-03-07 11:30 usr/man/man1/sarg.1.gz
drwxr-xr-x root/root         0 2022-03-07 11:30 usr/share/
drwxr-xr-x root/root         0 2022-03-07 11:30 usr/share/locale/
drwxr-xr-x root/root         0 2022-03-07 11:30 usr/share/locale/bg/
drwxr-xr-x root/root         0 2022-03-07 11:30 usr/share/locale/bg/LC_MESSAGES/
-rw-r--r-- root/root       367 2022-03-07 11:30 usr/share/locale/bg/LC_MESSAGES/sarg.mo
drwxr-xr-x root/root         0 2022-03-07 11:30 usr/share/locale/ca/
drwxr-xr-x root/root         0 2022-03-07 11:30 usr/share/locale/ca/LC_MESSAGES/
-rw-r--r-- root/root       362 2022-03-07 11:30 usr/share/locale/ca/LC_MESSAGES/sarg.mo
drwxr-xr-x root/root         0 2022-03-07 11:30 usr/share/locale/cs/
drwxr-xr-x root/root         0 2022-03-07 11:30 usr/share/locale/cs/LC_MESSAGES/
-rw-r--r-- root/root       362 2022-03-07 11:30 usr/share/locale/cs/LC_MESSAGES/sarg.mo
drwxr-xr-x root/root         0 2022-03-07 11:30 usr/share/locale/da/
drwxr-xr-x root/root         0 2022-03-07 11:30 usr/share/locale/da/LC_MESSAGES/
-rw-r--r-- root/root     27605 2022-03-07 11:30 usr/share/locale/da/LC_MESSAGES/sarg.mo
drwxr-xr-x root/root         0 2022-03-07 11:30 usr/share/locale/de/
drwxr-xr-x root/root         0 2022-03-07 11:30 usr/share/locale/de/LC_MESSAGES/
-rw-r--r-- root/root     11355 2022-03-07 11:30 usr/share/locale/de/LC_MESSAGES/sarg.mo
drwxr-xr-x root/root         0 2022-03-07 11:30 usr/share/locale/el/
drwxr-xr-x root/root         0 2022-03-07 11:30 usr/share/locale/el/LC_MESSAGES/
-rw-r--r-- root/root       362 2022-03-07 11:30 usr/share/locale/el/LC_MESSAGES/sarg.mo
drwxr-xr-x root/root         0 2022-03-07 11:30 usr/share/locale/es/
drwxr-xr-x root/root         0 2022-03-07 11:30 usr/share/locale/es/LC_MESSAGES/
-rw-r--r-- root/root       362 2022-03-07 11:30 usr/share/locale/es/LC_MESSAGES/sarg.mo
drwxr-xr-x root/root         0 2022-03-07 11:30 usr/share/locale/fr/
drwxr-xr-x root/root         0 2022-03-07 11:30 usr/share/locale/fr/LC_MESSAGES/
-rw-r--r-- root/root     63693 2022-03-07 11:30 usr/share/locale/fr/LC_MESSAGES/sarg.mo
drwxr-xr-x root/root         0 2022-03-07 11:30 usr/share/locale/hu/
drwxr-xr-x root/root         0 2022-03-07 11:30 usr/share/locale/hu/LC_MESSAGES/
-rw-r--r-- root/root       362 2022-03-07 11:30 usr/share/locale/hu/LC_MESSAGES/sarg.mo
drwxr-xr-x root/root         0 2022-03-07 11:30 usr/share/locale/id/
drwxr-xr-x root/root         0 2022-03-07 11:30 usr/share/locale/id/LC_MESSAGES/
-rw-r--r-- root/root       362 2022-03-07 11:30 usr/share/locale/id/LC_MESSAGES/sarg.mo
drwxr-xr-x root/root         0 2022-03-07 11:30 usr/share/locale/it/
drwxr-xr-x root/root         0 2022-03-07 11:30 usr/share/locale/it/LC_MESSAGES/
-rw-r--r-- root/root       362 2022-03-07 11:30 usr/share/locale/it/LC_MESSAGES/sarg.mo
drwxr-xr-x root/root         0 2022-03-07 11:30 usr/share/locale/ja/
drwxr-xr-x root/root         0 2022-03-07 11:30 usr/share/locale/ja/LC_MESSAGES/
-rw-r--r-- root/root       362 2022-03-07 11:30 usr/share/locale/ja/LC_MESSAGES/sarg.mo
drwxr-xr-x root/root         0 2022-03-07 11:30 usr/share/locale/lv/
drwxr-xr-x root/root         0 2022-03-07 11:30 usr/share/locale/lv/LC_MESSAGES/
-rw-r--r-- root/root       481 2022-03-07 11:30 usr/share/locale/lv/LC_MESSAGES/sarg.mo
drwxr-xr-x root/root         0 2022-03-07 11:30 usr/share/locale/nl/
drwxr-xr-x root/root         0 2022-03-07 11:30 usr/share/locale/nl/LC_MESSAGES/
-rw-r--r-- root/root       428 2022-03-07 11:30 usr/share/locale/nl/LC_MESSAGES/sarg.mo
drwxr-xr-x root/root         0 2022-03-07 11:30 usr/share/locale/pl/
drwxr-xr-x root/root         0 2022-03-07 11:30 usr/share/locale/pl/LC_MESSAGES/
-rw-r--r-- root/root     12863 2022-03-07 11:30 usr/share/locale/pl/LC_MESSAGES/sarg.mo
drwxr-xr-x root/root         0 2022-03-07 11:30 usr/share/locale/pt/
drwxr-xr-x root/root         0 2022-03-07 11:30 usr/share/locale/pt/LC_MESSAGES/
-rw-r--r-- root/root       362 2022-03-07 11:30 usr/share/locale/pt/LC_MESSAGES/sarg.mo
drwxr-xr-x root/root         0 2022-03-07 11:30 usr/share/locale/pt_BR/
drwxr-xr-x root/root         0 2022-03-07 11:30 usr/share/locale/pt_BR/LC_MESSAGES/
-rw-r--r-- root/root     34406 2022-03-07 11:30 usr/share/locale/pt_BR/LC_MESSAGES/sarg.mo
drwxr-xr-x root/root         0 2022-03-07 11:30 usr/share/locale/ro/
drwxr-xr-x root/root         0 2022-03-07 11:30 usr/share/locale/ro/LC_MESSAGES/
-rw-r--r-- root/root       362 2022-03-07 11:30 usr/share/locale/ro/LC_MESSAGES/sarg.mo
drwxr-xr-x root/root         0 2022-03-07 11:30 usr/share/locale/ru/
drwxr-xr-x root/root         0 2022-03-07 11:30 usr/share/locale/ru/LC_MESSAGES/
-rw-r--r-- root/root     49824 2022-03-07 11:30 usr/share/locale/ru/LC_MESSAGES/sarg.mo
drwxr-xr-x root/root         0 2022-03-07 11:30 usr/share/locale/sk/
drwxr-xr-x root/root         0 2022-03-07 11:30 usr/share/locale/sk/LC_MESSAGES/
-rw-r--r-- root/root       362 2022-03-07 11:30 usr/share/locale/sk/LC_MESSAGES/sarg.mo
drwxr-xr-x root/root         0 2022-03-07 11:30 usr/share/locale/sr/
drwxr-xr-x root/root         0 2022-03-07 11:30 usr/share/locale/sr/LC_MESSAGES/
-rw-r--r-- root/root     50088 2022-03-07 11:30 usr/share/locale/sr/LC_MESSAGES/sarg.mo
drwxr-xr-x root/root         0 2022-03-07 11:30 usr/share/locale/tr/
drwxr-xr-x root/root         0 2022-03-07 11:30 usr/share/locale/tr/LC_MESSAGES/
-rw-r--r-- root/root       362 2022-03-07 11:30 usr/share/locale/tr/LC_MESSAGES/sarg.mo
drwxr-xr-x root/root         0 2022-03-07 11:30 usr/share/locale/uk/
drwxr-xr-x root/root         0 2022-03-07 11:30 usr/share/locale/uk/LC_MESSAGES/
-rw-r--r-- root/root       362 2022-03-07 11:30 usr/share/locale/uk/LC_MESSAGES/sarg.mo
drwxr-xr-x root/root         0 2022-03-07 11:30 usr/share/locale/zh_CN/
drwxr-xr-x root/root         0 2022-03-07 11:30 usr/share/locale/zh_CN/LC_MESSAGES/
-rw-r--r-- root/root     11617 2022-03-07 11:30 usr/share/locale/zh_CN/LC_MESSAGES/sarg.mo
drwxr-xr-x root/root         0 2022-03-07 11:30 usr/share/sarg/
drwxr-xr-x root/root         0 2022-03-07 11:30 usr/share/sarg/fonts/
-rw-r--r-- root/root    479440 2022-03-07 11:30 usr/share/sarg/fonts/DejaVuSans.ttf
-rw-r--r-- root/root    264071 2022-03-07 11:30 usr/share/sarg/fonts/FreeSans.ttf
-rw-r--r-- root/root       166 2022-03-07 11:30 usr/share/sarg/fonts/README
-rw-r--r-- root/root     18012 2022-03-07 11:30 usr/share/sarg/fonts/license
drwxr-xr-x root/root         0 2022-03-07 11:30 usr/share/sarg/images/
-rw-r--r-- root/root       199 2022-03-07 11:30 usr/share/sarg/images/datetime.png
-rw-r--r-- root/root        95 2022-03-07 11:30 usr/share/sarg/images/graph.png
-rw-r--r-- root/root       291 2022-03-07 11:30 usr/share/sarg/images/sarg-squidguard-block.png
-rw-r--r-- root/root      7153 2022-03-07 11:30 usr/share/sarg/images/sarg.png
drwxr-xr-x root/root         0 2022-03-07 11:30 usr/share/sarg/sarg-php/
-rw-r--r-- root/root     17982 2022-03-07 11:30 usr/share/sarg/sarg-php/COPYING
-rw-r--r-- root/root       195 2022-03-07 11:30 usr/share/sarg/sarg-php/INSTALL
-rw-r--r-- root/root       584 2022-03-07 11:30 usr/share/sarg/sarg-php/LANGUAGES
-rw-r--r-- root/root       378 2022-03-07 11:30 usr/share/sarg/sarg-php/config.php.inc
drwxr-xr-x root/root         0 2022-03-07 11:30 usr/share/sarg/sarg-php/locale/
drwxr-xr-x root/root         0 2022-03-07 11:30 usr/share/sarg/sarg-php/locale/en_EN/
drwxr-xr-x root/root         0 2022-03-07 11:30 usr/share/sarg/sarg-php/locale/en_EN/LC_MESSAGES/
-rw-r--r-- root/root       373 2022-03-07 11:30 usr/share/sarg/sarg-php/locale/en_EN/LC_MESSAGES/messages.mo
-rw-r--r-- root/root      1634 2022-03-07 11:30 usr/share/sarg/sarg-php/locale/en_EN/LC_MESSAGES/messages.po
drwxr-xr-x root/root         0 2022-03-07 11:30 usr/share/sarg/sarg-php/locale/es/
drwxr-xr-x root/root         0 2022-03-07 11:30 usr/share/sarg/sarg-php/locale/es/LC_MESSAGES/
-rw-r--r-- root/root       842 2022-03-07 11:30 usr/share/sarg/sarg-php/locale/es/LC_MESSAGES/messages.mo
-rw-r--r-- root/root      1716 2022-03-07 11:30 usr/share/sarg/sarg-php/locale/es/LC_MESSAGES/messages.po
drwxr-xr-x root/root         0 2022-03-07 11:30 usr/share/sarg/sarg-php/locale/fr/
drwxr-xr-x root/root         0 2022-03-07 11:30 usr/share/sarg/sarg-php/locale/fr/LC_MESSAGES/
-rw-r--r-- root/root       821 2022-03-07 11:30 usr/share/sarg/sarg-php/locale/fr/LC_MESSAGES/messages.mo
-rw-r--r-- root/root      1695 2022-03-07 11:30 usr/share/sarg/sarg-php/locale/fr/LC_MESSAGES/messages.po
drwxr-xr-x root/root         0 2022-03-07 11:30 usr/share/sarg/sarg-php/locale/pt_BR/
drwxr-xr-x root/root         0 2022-03-07 11:30 usr/share/sarg/sarg-php/locale/pt_BR/LC_MESSAGES/
-rw-r--r-- root/root       850 2022-03-07 11:30 usr/share/sarg/sarg-php/locale/pt_BR/LC_MESSAGES/messages.mo
-rw-r--r-- root/root      1929 2022-03-07 11:30 usr/share/sarg/sarg-php/locale/pt_BR/LC_MESSAGES/messages.po
drwxr-xr-x root/root         0 2022-03-07 11:30 usr/share/sarg/sarg-php/locale/ru/
drwxr-xr-x root/root         0 2022-03-07 11:30 usr/share/sarg/sarg-php/locale/ru/LC_MESSAGES/
-rw-r--r-- root/root       812 2022-03-07 11:30 usr/share/sarg/sarg-php/locale/ru/LC_MESSAGES/messages.mo
-rw-r--r-- root/root      2315 2022-03-07 11:30 usr/share/sarg/sarg-php/locale/ru/LC_MESSAGES/messages.po
-rw-r--r-- root/root      1709 2022-03-07 11:30 usr/share/sarg/sarg-php/sarg-block-it.php
-rw-r--r-- root/root        30 2022-03-07 11:30 usr/share/sarg/sarg-php/sarg-realtime.php
-rw-r--r-- root/root      3800 2022-03-07 11:30 usr/share/sarg/sarg-php/sarg-squidguard-block.php
-rw-r--r-- root/root      2822 2022-03-07 11:30 usr/share/sarg/sarg-php/sarg-squidguard-block2.php
-rw-r--r-- root/root      2087 2022-03-07 11:30 usr/share/sarg/sarg-php/style.php
-rw-r--r-- root/root      1630 2022-03-07 11:30 usr/share/sarg/sarg-php/translate.this
-rw-r--r-- root/root       199 2022-03-07 11:30 usr/share/sarg/sarg-php/update-mo.sh
-rw-r--r-- root/root       220 2022-03-07 11:30 usr/share/sarg/sarg-php/update-po.sh
-rw-r--r-- root/root       281 2022-03-07 11:30 usr/share/sarg/sarg-php/url_validator.php.inc
drwxr-xr-x root/root         0 2022-03-07 11:30 var/
drwxr-xr-x root/root         0 2022-03-07 11:30 var/log/
drwxr-xr-x root/root         0 2022-03-07 11:30 var/log/sarg/


