++========================================
||
||   Package:  ./acme_sh/acme_sh-3.0.4-noarch-1cf.txz
||
++========================================
drwxr-xr-x root/root         0 2022-05-06 13:30 ./
drwxr-xr-x root/root         0 2022-05-06 13:30 install/
-rw-r--r-- root/root       679 2022-05-06 13:30 install/slack-desc
drwxr-xr-x root/root         0 2022-05-06 13:30 usr/
drwxr-xr-x root/root         0 2022-05-06 13:30 usr/bin/
-rwxr-xr-x root/root    216090 2022-05-06 13:30 usr/bin/acme.sh
drwxr-xr-x root/root         0 2022-05-06 13:30 usr/doc/
drwxr-xr-x root/root         0 2022-05-06 13:30 usr/doc/acme_sh-3.0.4/
-rw-r--r-- root/root     35149 2022-05-06 12:06 usr/doc/acme_sh-3.0.4/LICENSE.md
-rw-r--r-- root/root     21164 2022-05-06 12:06 usr/doc/acme_sh-3.0.4/README.md
-rw-r--r-- root/root      2652 2022-05-06 13:30 usr/doc/acme_sh-3.0.4/acme_sh.SlackBuild
drwxr-xr-x root/root         0 2022-05-06 13:30 usr/share/
drwxr-xr-x root/root         0 2022-05-06 13:30 usr/share/acme.sh/
drwxr-xr-x root/root         0 2022-05-06 13:30 usr/share/acme.sh/deploy/
-rwxr-xr-x root/root       512 2022-05-06 13:30 usr/share/acme.sh/deploy/apache.sh
-rwxr-xr-x root/root      3520 2022-05-06 13:30 usr/share/acme.sh/deploy/cleverreach.sh
-rwxr-xr-x root/root      3138 2022-05-06 13:30 usr/share/acme.sh/deploy/consul.sh
-rwxr-xr-x root/root      1817 2022-05-06 13:30 usr/share/acme.sh/deploy/cpanel_uapi.sh
-rwxr-xr-x root/root      8657 2022-05-06 13:30 usr/share/acme.sh/deploy/docker.sh
-rwxr-xr-x root/root       484 2022-05-06 13:30 usr/share/acme.sh/deploy/dovecot.sh
-rwxr-xr-x root/root      3206 2022-05-06 13:30 usr/share/acme.sh/deploy/exim4.sh
-rwxr-xr-x root/root      4659 2022-05-06 13:30 usr/share/acme.sh/deploy/fritzbox.sh
-rwxr-xr-x root/root      4709 2022-05-06 13:30 usr/share/acme.sh/deploy/gcore_cdn.sh
-rwxr-xr-x root/root      2080 2022-05-06 13:30 usr/share/acme.sh/deploy/gitlab.sh
-rwxr-xr-x root/root     10064 2022-05-06 13:30 usr/share/acme.sh/deploy/haproxy.sh
-rwxr-xr-x root/root       669 2022-05-06 13:30 usr/share/acme.sh/deploy/keychain.sh
-rwxr-xr-x root/root      2886 2022-05-06 13:30 usr/share/acme.sh/deploy/kong.sh
-rwxr-xr-x root/root     10156 2022-05-06 13:30 usr/share/acme.sh/deploy/lighttpd.sh
-rwxr-xr-x root/root      2065 2022-05-06 13:30 usr/share/acme.sh/deploy/mailcow.sh
-rwxr-xr-x root/root       592 2022-05-06 13:30 usr/share/acme.sh/deploy/myapi.sh
-rwxr-xr-x root/root      1472 2022-05-06 13:30 usr/share/acme.sh/deploy/mydevil.sh
-rwxr-xr-x root/root       512 2022-05-06 13:30 usr/share/acme.sh/deploy/mysqld.sh
-rwxr-xr-x root/root       509 2022-05-06 13:30 usr/share/acme.sh/deploy/nginx.sh
-rwxr-xr-x root/root      6401 2022-05-06 13:30 usr/share/acme.sh/deploy/openmediavault.sh
-rwxr-xr-x root/root       518 2022-05-06 13:30 usr/share/acme.sh/deploy/opensshd.sh
-rwxr-xr-x root/root      8699 2022-05-06 13:30 usr/share/acme.sh/deploy/openstack.sh
-rwxr-xr-x root/root      5745 2022-05-06 13:30 usr/share/acme.sh/deploy/panos.sh
-rwxr-xr-x root/root      4447 2022-05-06 13:30 usr/share/acme.sh/deploy/peplink.sh
-rwxr-xr-x root/root       518 2022-05-06 13:30 usr/share/acme.sh/deploy/pureftpd.sh
-rwxr-xr-x root/root      2981 2022-05-06 13:30 usr/share/acme.sh/deploy/qiniu.sh
-rwxr-xr-x root/root      6012 2022-05-06 13:30 usr/share/acme.sh/deploy/routeros.sh
-rwxr-xr-x root/root     11548 2022-05-06 13:30 usr/share/acme.sh/deploy/ssh.sh
-rwxr-xr-x root/root      1370 2022-05-06 13:30 usr/share/acme.sh/deploy/strongswan.sh
-rwxr-xr-x root/root      7348 2022-05-06 13:30 usr/share/acme.sh/deploy/synology_dsm.sh
-rwxr-xr-x root/root      8282 2022-05-06 13:30 usr/share/acme.sh/deploy/truenas.sh
-rwxr-xr-x root/root      8796 2022-05-06 13:30 usr/share/acme.sh/deploy/unifi.sh
-rwxr-xr-x root/root      2321 2022-05-06 13:30 usr/share/acme.sh/deploy/vault.sh
-rwxr-xr-x root/root      1781 2022-05-06 13:30 usr/share/acme.sh/deploy/vault_cli.sh
-rwxr-xr-x root/root      3162 2022-05-06 13:30 usr/share/acme.sh/deploy/vsftpd.sh
drwxr-xr-x root/root         0 2022-05-06 13:30 usr/share/acme.sh/dnsapi/
-rwxr-xr-x root/root      8232 2022-05-06 13:30 usr/share/acme.sh/dnsapi/dns_1984hosting.sh
-rwxr-xr-x root/root      3540 2022-05-06 13:30 usr/share/acme.sh/dnsapi/dns_acmedns.sh
-rwxr-xr-x root/root      2844 2022-05-06 13:30 usr/share/acme.sh/dnsapi/dns_acmeproxy.sh
-rwxr-xr-x root/root      3105 2022-05-06 13:30 usr/share/acme.sh/dnsapi/dns_active24.sh
-rwxr-xr-x root/root      3464 2022-05-06 13:30 usr/share/acme.sh/dnsapi/dns_ad.sh
-rwxr-xr-x root/root      5135 2022-05-06 13:30 usr/share/acme.sh/dnsapi/dns_ali.sh
-rwxr-xr-x root/root      3212 2022-05-06 13:30 usr/share/acme.sh/dnsapi/dns_anx.sh
-rwxr-xr-x root/root      4023 2022-05-06 13:30 usr/share/acme.sh/dnsapi/dns_arvan.sh
-rwxr-xr-x root/root      4726 2022-05-06 13:30 usr/share/acme.sh/dnsapi/dns_aurora.sh
-rwxr-xr-x root/root      5991 2022-05-06 13:30 usr/share/acme.sh/dnsapi/dns_autodns.sh
-rwxr-xr-x root/root     11832 2022-05-06 13:30 usr/share/acme.sh/dnsapi/dns_aws.sh
-rwxr-xr-x root/root      5359 2022-05-06 13:30 usr/share/acme.sh/dnsapi/dns_azion.sh
-rwxr-xr-x root/root     14357 2022-05-06 13:30 usr/share/acme.sh/dnsapi/dns_azure.sh
-rwxr-xr-x root/root      6814 2022-05-06 13:30 usr/share/acme.sh/dnsapi/dns_cf.sh
-rwxr-xr-x root/root      6389 2022-05-06 13:30 usr/share/acme.sh/dnsapi/dns_clouddns.sh
-rwxr-xr-x root/root      5823 2022-05-06 13:30 usr/share/acme.sh/dnsapi/dns_cloudns.sh
-rwxr-xr-x root/root      3758 2022-05-06 13:30 usr/share/acme.sh/dnsapi/dns_cn.sh
-rwxr-xr-x root/root      8161 2022-05-06 13:30 usr/share/acme.sh/dnsapi/dns_conoha.sh
-rwxr-xr-x root/root      5772 2022-05-06 13:30 usr/share/acme.sh/dnsapi/dns_constellix.sh
-rwxr-xr-x root/root      5020 2022-05-06 13:30 usr/share/acme.sh/dnsapi/dns_cpanel.sh
-rwxr-xr-x root/root      4705 2022-05-06 13:30 usr/share/acme.sh/dnsapi/dns_curanet.sh
-rwxr-xr-x root/root      9945 2022-05-06 13:30 usr/share/acme.sh/dnsapi/dns_cyon.sh
-rwxr-xr-x root/root      5609 2022-05-06 13:30 usr/share/acme.sh/dnsapi/dns_da.sh
-rwxr-xr-x root/root      3797 2022-05-06 13:30 usr/share/acme.sh/dnsapi/dns_ddnss.sh
-rwxr-xr-x root/root      5064 2022-05-06 13:30 usr/share/acme.sh/dnsapi/dns_desec.sh
-rwxr-xr-x root/root      1885 2022-05-06 13:30 usr/share/acme.sh/dnsapi/dns_df.sh
-rwxr-xr-x root/root      8084 2022-05-06 13:30 usr/share/acme.sh/dnsapi/dns_dgon.sh
-rwxr-xr-x root/root      2449 2022-05-06 13:30 usr/share/acme.sh/dnsapi/dns_dnshome.sh
-rwxr-xr-x root/root      4825 2022-05-06 13:30 usr/share/acme.sh/dnsapi/dns_dnsimple.sh
-rwxr-xr-x root/root      3642 2022-05-06 13:30 usr/share/acme.sh/dnsapi/dns_do.sh
-rwxr-xr-x root/root      1754 2022-05-06 13:30 usr/share/acme.sh/dnsapi/dns_doapi.sh
-rwxr-xr-x root/root      4136 2022-05-06 13:30 usr/share/acme.sh/dnsapi/dns_domeneshop.sh
-rwxr-xr-x root/root      3815 2022-05-06 13:30 usr/share/acme.sh/dnsapi/dns_dp.sh
-rwxr-xr-x root/root      3840 2022-05-06 13:30 usr/share/acme.sh/dnsapi/dns_dpi.sh
-rwxr-xr-x root/root      2186 2022-05-06 13:30 usr/share/acme.sh/dnsapi/dns_dreamhost.sh
-rwxr-xr-x root/root      4066 2022-05-06 13:30 usr/share/acme.sh/dnsapi/dns_duckdns.sh
-rwxr-xr-x root/root      4730 2022-05-06 13:30 usr/share/acme.sh/dnsapi/dns_durabledns.sh
-rwxr-xr-x root/root      7990 2022-05-06 13:30 usr/share/acme.sh/dnsapi/dns_dyn.sh
-rwxr-xr-x root/root      5287 2022-05-06 13:30 usr/share/acme.sh/dnsapi/dns_dynu.sh
-rwxr-xr-x root/root      8956 2022-05-06 13:30 usr/share/acme.sh/dnsapi/dns_dynv6.sh
-rwxr-xr-x root/root      4426 2022-05-06 13:30 usr/share/acme.sh/dnsapi/dns_easydns.sh
-rwxr-xr-x root/root     15148 2022-05-06 13:30 usr/share/acme.sh/dnsapi/dns_edgedns.sh
-rwxr-xr-x root/root      9440 2022-05-06 13:30 usr/share/acme.sh/dnsapi/dns_euserv.sh
-rwxr-xr-x root/root      4286 2022-05-06 13:30 usr/share/acme.sh/dnsapi/dns_exoscale.sh
-rwxr-xr-x root/root      3186 2022-05-06 13:30 usr/share/acme.sh/dnsapi/dns_fornex.sh
-rwxr-xr-x root/root     12374 2022-05-06 13:30 usr/share/acme.sh/dnsapi/dns_freedns.sh
-rwxr-xr-x root/root      4681 2022-05-06 13:30 usr/share/acme.sh/dnsapi/dns_gandi_livedns.sh
-rwxr-xr-x root/root      4959 2022-05-06 13:30 usr/share/acme.sh/dnsapi/dns_gcloud.sh
-rwxr-xr-x root/root      4179 2022-05-06 13:30 usr/share/acme.sh/dnsapi/dns_gd.sh
-rwxr-xr-x root/root      8172 2022-05-06 13:30 usr/share/acme.sh/dnsapi/dns_geoscaling.sh
-rwxr-xr-x root/root      6563 2022-05-06 13:30 usr/share/acme.sh/dnsapi/dns_he.sh
-rwxr-xr-x root/root      6851 2022-05-06 13:30 usr/share/acme.sh/dnsapi/dns_hetzner.sh
-rwxr-xr-x root/root      3994 2022-05-06 13:30 usr/share/acme.sh/dnsapi/dns_hexonet.sh
-rwxr-xr-x root/root      8681 2022-05-06 13:30 usr/share/acme.sh/dnsapi/dns_hostingde.sh
-rwxr-xr-x root/root      8448 2022-05-06 13:30 usr/share/acme.sh/dnsapi/dns_huaweicloud.sh
-rwxr-xr-x root/root      3733 2022-05-06 13:30 usr/share/acme.sh/dnsapi/dns_infoblox.sh
-rwxr-xr-x root/root      6024 2022-05-06 13:30 usr/share/acme.sh/dnsapi/dns_infomaniak.sh
-rwxr-xr-x root/root      5280 2022-05-06 13:30 usr/share/acme.sh/dnsapi/dns_internetbs.sh
-rwxr-xr-x root/root      9615 2022-05-06 13:30 usr/share/acme.sh/dnsapi/dns_inwx.sh
-rwxr-xr-x root/root      3973 2022-05-06 13:30 usr/share/acme.sh/dnsapi/dns_ionos.sh
-rwxr-xr-x root/root      7218 2022-05-06 13:30 usr/share/acme.sh/dnsapi/dns_ispconfig.sh
-rwxr-xr-x root/root      8420 2022-05-06 13:30 usr/share/acme.sh/dnsapi/dns_jd.sh
-rwxr-xr-x root/root      3747 2022-05-06 13:30 usr/share/acme.sh/dnsapi/dns_joker.sh
-rwxr-xr-x root/root      4700 2022-05-06 13:30 usr/share/acme.sh/dnsapi/dns_kappernet.sh
-rwxr-xr-x root/root      5939 2022-05-06 13:30 usr/share/acme.sh/dnsapi/dns_kas.sh
-rwxr-xr-x root/root      3381 2022-05-06 13:30 usr/share/acme.sh/dnsapi/dns_kinghost.sh
-rwxr-xr-x root/root      1989 2022-05-06 13:30 usr/share/acme.sh/dnsapi/dns_knot.sh
-rwxr-xr-x root/root      3707 2022-05-06 13:30 usr/share/acme.sh/dnsapi/dns_leaseweb.sh
-rwxr-xr-x root/root      3621 2022-05-06 13:30 usr/share/acme.sh/dnsapi/dns_lexicon.sh
-rwxr-xr-x root/root      4703 2022-05-06 13:30 usr/share/acme.sh/dnsapi/dns_linode.sh
-rwxr-xr-x root/root      4894 2022-05-06 13:30 usr/share/acme.sh/dnsapi/dns_linode_v4.sh
-rwxr-xr-x root/root      7801 2022-05-06 13:30 usr/share/acme.sh/dnsapi/dns_loopia.sh
-rwxr-xr-x root/root      3984 2022-05-06 13:30 usr/share/acme.sh/dnsapi/dns_lua.sh
-rwxr-xr-x root/root      1989 2022-05-06 13:30 usr/share/acme.sh/dnsapi/dns_maradns.sh
-rwxr-xr-x root/root      3927 2022-05-06 13:30 usr/share/acme.sh/dnsapi/dns_me.sh
-rwxr-xr-x root/root      5854 2022-05-06 13:30 usr/share/acme.sh/dnsapi/dns_miab.sh
-rwxr-xr-x root/root      3927 2022-05-06 13:30 usr/share/acme.sh/dnsapi/dns_misaka.sh
-rwxr-xr-x root/root      1049 2022-05-06 13:30 usr/share/acme.sh/dnsapi/dns_myapi.sh
-rwxr-xr-x root/root      2726 2022-05-06 13:30 usr/share/acme.sh/dnsapi/dns_mydevil.sh
-rwxr-xr-x root/root      5321 2022-05-06 13:30 usr/share/acme.sh/dnsapi/dns_mydnsjp.sh
-rwxr-xr-x root/root      6714 2022-05-06 13:30 usr/share/acme.sh/dnsapi/dns_mythic_beasts.sh
-rwxr-xr-x root/root      9756 2022-05-06 13:30 usr/share/acme.sh/dnsapi/dns_namecheap.sh
-rwxr-xr-x root/root      4766 2022-05-06 13:30 usr/share/acme.sh/dnsapi/dns_namecom.sh
-rwxr-xr-x root/root      3765 2022-05-06 13:30 usr/share/acme.sh/dnsapi/dns_namesilo.sh
-rwxr-xr-x root/root      3114 2022-05-06 13:30 usr/share/acme.sh/dnsapi/dns_nederhost.sh
-rwxr-xr-x root/root      4531 2022-05-06 13:30 usr/share/acme.sh/dnsapi/dns_neodigit.sh
-rwxr-xr-x root/root      4687 2022-05-06 13:30 usr/share/acme.sh/dnsapi/dns_netcup.sh
-rwxr-xr-x root/root      4224 2022-05-06 13:30 usr/share/acme.sh/dnsapi/dns_netlify.sh
-rwxr-xr-x root/root      5627 2022-05-06 13:30 usr/share/acme.sh/dnsapi/dns_nic.sh
-rwxr-xr-x root/root      4635 2022-05-06 13:30 usr/share/acme.sh/dnsapi/dns_njalla.sh
-rwxr-xr-x root/root      2353 2022-05-06 13:30 usr/share/acme.sh/dnsapi/dns_nm.sh
-rwxr-xr-x root/root      1552 2022-05-06 13:30 usr/share/acme.sh/dnsapi/dns_nsd.sh
-rwxr-xr-x root/root      3954 2022-05-06 13:30 usr/share/acme.sh/dnsapi/dns_nsone.sh
-rwxr-xr-x root/root      3236 2022-05-06 13:30 usr/share/acme.sh/dnsapi/dns_nsupdate.sh
-rwxr-xr-x root/root      5725 2022-05-06 13:30 usr/share/acme.sh/dnsapi/dns_nw.sh
-rwxr-xr-x root/root     10141 2022-05-06 13:30 usr/share/acme.sh/dnsapi/dns_oci.sh
-rwxr-xr-x root/root      6019 2022-05-06 13:30 usr/share/acme.sh/dnsapi/dns_one.sh
-rwxr-xr-x root/root      5565 2022-05-06 13:30 usr/share/acme.sh/dnsapi/dns_online.sh
-rwxr-xr-x root/root      9390 2022-05-06 13:30 usr/share/acme.sh/dnsapi/dns_openprovider.sh
-rwxr-xr-x root/root     11613 2022-05-06 13:30 usr/share/acme.sh/dnsapi/dns_openstack.sh
-rwxr-xr-x root/root      7355 2022-05-06 13:30 usr/share/acme.sh/dnsapi/dns_opnsense.sh
-rwxr-xr-x root/root      7946 2022-05-06 13:30 usr/share/acme.sh/dnsapi/dns_ovh.sh
-rwxr-xr-x root/root      5552 2022-05-06 13:30 usr/share/acme.sh/dnsapi/dns_pdns.sh
-rwxr-xr-x root/root     17013 2022-05-06 13:30 usr/share/acme.sh/dnsapi/dns_pleskxml.sh
-rwxr-xr-x root/root      4212 2022-05-06 13:30 usr/share/acme.sh/dnsapi/dns_pointhq.sh
-rwxr-xr-x root/root      4558 2022-05-06 13:30 usr/share/acme.sh/dnsapi/dns_porkbun.sh
-rwxr-xr-x root/root      3942 2022-05-06 13:30 usr/share/acme.sh/dnsapi/dns_rackcorp.sh
-rwxr-xr-x root/root      6248 2022-05-06 13:30 usr/share/acme.sh/dnsapi/dns_rackspace.sh
-rwxr-xr-x root/root      6490 2022-05-06 13:30 usr/share/acme.sh/dnsapi/dns_rcode0.sh
-rwxr-xr-x root/root      3703 2022-05-06 13:30 usr/share/acme.sh/dnsapi/dns_regru.sh
-rwxr-xr-x root/root      4186 2022-05-06 13:30 usr/share/acme.sh/dnsapi/dns_scaleway.sh
-rwxr-xr-x root/root      5777 2022-05-06 13:30 usr/share/acme.sh/dnsapi/dns_schlundtech.sh
-rwxr-xr-x root/root      3712 2022-05-06 13:30 usr/share/acme.sh/dnsapi/dns_selectel.sh
-rwxr-xr-x root/root      5531 2022-05-06 13:30 usr/share/acme.sh/dnsapi/dns_servercow.sh
-rwxr-xr-x root/root      6101 2022-05-06 13:30 usr/share/acme.sh/dnsapi/dns_simply.sh
-rwxr-xr-x root/root      1603 2022-05-06 13:30 usr/share/acme.sh/dnsapi/dns_tele3.sh
-rwxr-xr-x root/root      4655 2022-05-06 13:30 usr/share/acme.sh/dnsapi/dns_transip.sh
-rwxr-xr-x root/root      4186 2022-05-06 13:30 usr/share/acme.sh/dnsapi/dns_udr.sh
-rwxr-xr-x root/root      4656 2022-05-06 13:30 usr/share/acme.sh/dnsapi/dns_ultra.sh
-rwxr-xr-x root/root      4452 2022-05-06 13:30 usr/share/acme.sh/dnsapi/dns_unoeuro.sh
-rwxr-xr-x root/root      3755 2022-05-06 13:30 usr/share/acme.sh/dnsapi/dns_variomedia.sh
-rwxr-xr-x root/root      4478 2022-05-06 13:30 usr/share/acme.sh/dnsapi/dns_veesp.sh
-rwxr-xr-x root/root      3733 2022-05-06 13:30 usr/share/acme.sh/dnsapi/dns_vscale.sh
-rwxr-xr-x root/root      3820 2022-05-06 13:30 usr/share/acme.sh/dnsapi/dns_vultr.sh
-rwxr-xr-x root/root      5448 2022-05-06 13:30 usr/share/acme.sh/dnsapi/dns_websupport.sh
-rwxr-xr-x root/root      6492 2022-05-06 13:30 usr/share/acme.sh/dnsapi/dns_world4you.sh
-rwxr-xr-x root/root      3548 2022-05-06 13:30 usr/share/acme.sh/dnsapi/dns_yandex.sh
-rwxr-xr-x root/root      3166 2022-05-06 13:30 usr/share/acme.sh/dnsapi/dns_zilore.sh
-rwxr-xr-x root/root      3861 2022-05-06 13:30 usr/share/acme.sh/dnsapi/dns_zone.sh
-rwxr-xr-x root/root      2130 2022-05-06 13:30 usr/share/acme.sh/dnsapi/dns_zonomi.sh
drwxr-xr-x root/root         0 2022-05-06 13:30 usr/share/acme.sh/notify/
-rwxr-xr-x root/root      1459 2022-05-06 13:30 usr/share/acme.sh/notify/bark.sh
-rwxr-xr-x root/root      2184 2022-05-06 13:30 usr/share/acme.sh/notify/cqhttp.sh
-rwxr-xr-x root/root      2318 2022-05-06 13:30 usr/share/acme.sh/notify/dingtalk.sh
-rwxr-xr-x root/root      1646 2022-05-06 13:30 usr/share/acme.sh/notify/discord.sh
-rwxr-xr-x root/root      1375 2022-05-06 13:30 usr/share/acme.sh/notify/feishu.sh
-rwxr-xr-x root/root      1647 2022-05-06 13:30 usr/share/acme.sh/notify/gotify.sh
-rwxr-xr-x root/root      3057 2022-05-06 13:30 usr/share/acme.sh/notify/ifttt.sh
-rwxr-xr-x root/root      3180 2022-05-06 13:30 usr/share/acme.sh/notify/mail.sh
-rwxr-xr-x root/root      4221 2022-05-06 13:30 usr/share/acme.sh/notify/mailgun.sh
-rwxr-xr-x root/root       290 2022-05-06 13:30 usr/share/acme.sh/notify/pop.sh
-rwxr-xr-x root/root      1980 2022-05-06 13:30 usr/share/acme.sh/notify/postmark.sh
-rwxr-xr-x root/root      1621 2022-05-06 13:30 usr/share/acme.sh/notify/pushbullet.sh
-rwxr-xr-x root/root      2400 2022-05-06 13:30 usr/share/acme.sh/notify/pushover.sh
-rwxr-xr-x root/root      2269 2022-05-06 13:30 usr/share/acme.sh/notify/sendgrid.sh
-rwxr-xr-x root/root      1549 2022-05-06 13:30 usr/share/acme.sh/notify/slack.sh
-rwxr-xr-x root/root     12647 2022-05-06 13:30 usr/share/acme.sh/notify/smtp.sh
-rwxr-xr-x root/root      2459 2022-05-06 13:30 usr/share/acme.sh/notify/teams.sh
-rwxr-xr-x root/root      1750 2022-05-06 13:30 usr/share/acme.sh/notify/telegram.sh
-rwxr-xr-x root/root      1584 2022-05-06 13:30 usr/share/acme.sh/notify/weixin_work.sh
-rwxr-xr-x root/root      1965 2022-05-06 13:30 usr/share/acme.sh/notify/xmpp.sh


