++========================================
||
||   Package:  ./bettercap/bettercap-2.28-x86_64-1cf.txz
||
++========================================
drwxr-xr-x root/root         0 2020-07-03 14:40 ./
drwxr-xr-x root/root         0 2020-07-03 14:40 install/
-rw-r--r-- root/root       777 2020-07-03 14:40 install/slack-desc
drwxr-xr-x root/root         0 2020-07-03 14:40 usr/
drwxr-xr-x root/root         0 2020-07-03 14:40 usr/bin/
-rwxr-xr-x root/root  33633064 2020-07-03 14:40 usr/bin/bettercap
drwxr-xr-x root/root         0 2020-07-03 14:40 usr/doc/
drwxr-xr-x root/root         0 2020-07-03 14:40 usr/doc/bettercap-2.28/
-rw-r--r-- root/root      1171 2020-07-03 14:30 usr/doc/bettercap-2.28/ISSUE_TEMPLATE.md
-rw-r--r-- root/root     35187 2020-07-03 14:30 usr/doc/bettercap-2.28/LICENSE.md
-rw-r--r-- root/root      4817 2020-07-03 14:30 usr/doc/bettercap-2.28/README.md
-rw-r--r-- root/root      3199 2020-07-03 14:40 usr/doc/bettercap-2.28/bettercap.SlackBuild
drwxr-xr-x root/root         0 2020-07-03 14:40 usr/share/
drwxr-xr-x root/root         0 2020-07-03 14:40 usr/share/bettercap/
drwxr-xr-x root/root         0 2020-07-03 14:40 usr/share/bettercap/caplets/
-rw-r--r-- root/root       307 2020-07-03 14:40 usr/share/bettercap/caplets/ap.cap
drwxr-xr-x root/root         0 2020-07-03 14:40 usr/share/bettercap/caplets/crypto-miner/
-rw-r--r-- root/root       666 2020-07-03 14:40 usr/share/bettercap/caplets/crypto-miner/crypto-miner.cap
-rw-r--r-- root/root      1842 2020-07-03 14:40 usr/share/bettercap/caplets/crypto-miner/crypto-miner.js
drwxr-xr-x root/root         0 2020-07-03 14:40 usr/share/bettercap/caplets/download-autopwn/
-rw-r--r-- root/root      7978 2020-07-03 14:40 usr/share/bettercap/caplets/download-autopwn/README.md
drwxr-xr-x root/root         0 2020-07-03 14:40 usr/share/bettercap/caplets/download-autopwn/android/
-rw-r--r-- root/root         1 2020-07-03 14:40 usr/share/bettercap/caplets/download-autopwn/android/payload.apk
-rw-r--r-- root/root         1 2020-07-03 14:40 usr/share/bettercap/caplets/download-autopwn/android/payload.jar
-rw-r--r-- root/root         1 2020-07-03 14:40 usr/share/bettercap/caplets/download-autopwn/android/payload.mkv
-rw-r--r-- root/root         1 2020-07-03 14:40 usr/share/bettercap/caplets/download-autopwn/android/payload.mp3
-rw-r--r-- root/root         1 2020-07-03 14:40 usr/share/bettercap/caplets/download-autopwn/android/payload.mp4
-rw-r--r-- root/root         1 2020-07-03 14:40 usr/share/bettercap/caplets/download-autopwn/android/payload.pdf
-rw-r--r-- root/root         1 2020-07-03 14:40 usr/share/bettercap/caplets/download-autopwn/android/payload.pfx
-rw-r--r-- root/root         1 2020-07-03 14:40 usr/share/bettercap/caplets/download-autopwn/android/payload.py
-rw-r--r-- root/root         1 2020-07-03 14:40 usr/share/bettercap/caplets/download-autopwn/android/payload.sh
-rw-r--r-- root/root         1 2020-07-03 14:40 usr/share/bettercap/caplets/download-autopwn/android/payload.tar
-rw-r--r-- root/root         1 2020-07-03 14:40 usr/share/bettercap/caplets/download-autopwn/android/payload.tar.gz
-rw-r--r-- root/root         1 2020-07-03 14:40 usr/share/bettercap/caplets/download-autopwn/android/payload.tgz
-rw-r--r-- root/root         1 2020-07-03 14:40 usr/share/bettercap/caplets/download-autopwn/android/payload.zip
-rw-r--r-- root/root      2567 2020-07-03 14:40 usr/share/bettercap/caplets/download-autopwn/download-autopwn.cap
-rw-r--r-- root/root      3742 2020-07-03 14:40 usr/share/bettercap/caplets/download-autopwn/download-autopwn.js
drwxr-xr-x root/root         0 2020-07-03 14:40 usr/share/bettercap/caplets/download-autopwn/ios/
-rw-r--r-- root/root         1 2020-07-03 14:40 usr/share/bettercap/caplets/download-autopwn/ios/payload.ios
-rw-r--r-- root/root         1 2020-07-03 14:40 usr/share/bettercap/caplets/download-autopwn/ios/payload.ipa
-rw-r--r-- root/root         1 2020-07-03 14:40 usr/share/bettercap/caplets/download-autopwn/ios/payload.ipb
-rw-r--r-- root/root         1 2020-07-03 14:40 usr/share/bettercap/caplets/download-autopwn/ios/payload.ipcc
-rw-r--r-- root/root         1 2020-07-03 14:40 usr/share/bettercap/caplets/download-autopwn/ios/payload.ipsw
-rw-r--r-- root/root         1 2020-07-03 14:40 usr/share/bettercap/caplets/download-autopwn/ios/payload.ipsx
-rw-r--r-- root/root         1 2020-07-03 14:40 usr/share/bettercap/caplets/download-autopwn/ios/payload.m4a
-rw-r--r-- root/root         1 2020-07-03 14:40 usr/share/bettercap/caplets/download-autopwn/ios/payload.mkv
-rw-r--r-- root/root         1 2020-07-03 14:40 usr/share/bettercap/caplets/download-autopwn/ios/payload.mobileconfig
-rw-r--r-- root/root         1 2020-07-03 14:40 usr/share/bettercap/caplets/download-autopwn/ios/payload.mp3
-rw-r--r-- root/root         1 2020-07-03 14:40 usr/share/bettercap/caplets/download-autopwn/ios/payload.mp4
-rw-r--r-- root/root         1 2020-07-03 14:40 usr/share/bettercap/caplets/download-autopwn/ios/payload.pdf
-rw-r--r-- root/root         1 2020-07-03 14:40 usr/share/bettercap/caplets/download-autopwn/ios/payload.zip
drwxr-xr-x root/root         0 2020-07-03 14:40 usr/share/bettercap/caplets/download-autopwn/linux/
-rw-r--r-- root/root         1 2020-07-03 14:40 usr/share/bettercap/caplets/download-autopwn/linux/payload.c
-rw-r--r-- root/root         1 2020-07-03 14:40 usr/share/bettercap/caplets/download-autopwn/linux/payload.cr
-rw-r--r-- root/root         1 2020-07-03 14:40 usr/share/bettercap/caplets/download-autopwn/linux/payload.deb
-rw-r--r-- root/root         1 2020-07-03 14:40 usr/share/bettercap/caplets/download-autopwn/linux/payload.go
-rw-r--r-- root/root         1 2020-07-03 14:40 usr/share/bettercap/caplets/download-autopwn/linux/payload.jar
-rw-r--r-- root/root         1 2020-07-03 14:40 usr/share/bettercap/caplets/download-autopwn/linux/payload.mp3
-rw-r--r-- root/root         1 2020-07-03 14:40 usr/share/bettercap/caplets/download-autopwn/linux/payload.mp4
-rw-r--r-- root/root         1 2020-07-03 14:40 usr/share/bettercap/caplets/download-autopwn/linux/payload.pdf
-rw-r--r-- root/root         1 2020-07-03 14:40 usr/share/bettercap/caplets/download-autopwn/linux/payload.pl
-rw-r--r-- root/root         1 2020-07-03 14:40 usr/share/bettercap/caplets/download-autopwn/linux/payload.py
-rw-r--r-- root/root         1 2020-07-03 14:40 usr/share/bettercap/caplets/download-autopwn/linux/payload.rb
-rw-r--r-- root/root         1 2020-07-03 14:40 usr/share/bettercap/caplets/download-autopwn/linux/payload.sh
-rw-r--r-- root/root         1 2020-07-03 14:40 usr/share/bettercap/caplets/download-autopwn/linux/payload.tar
-rw-r--r-- root/root         1 2020-07-03 14:40 usr/share/bettercap/caplets/download-autopwn/linux/payload.tar.gz
-rw-r--r-- root/root         1 2020-07-03 14:40 usr/share/bettercap/caplets/download-autopwn/linux/payload.tgz
-rw-r--r-- root/root         1 2020-07-03 14:40 usr/share/bettercap/caplets/download-autopwn/linux/payload.zip
drwxr-xr-x root/root         0 2020-07-03 14:40 usr/share/bettercap/caplets/download-autopwn/macos/
-rw-r--r-- root/root         1 2020-07-03 14:40 usr/share/bettercap/caplets/download-autopwn/macos/payload.7z
-rw-r--r-- root/root         1 2020-07-03 14:40 usr/share/bettercap/caplets/download-autopwn/macos/payload.ai
-rw-r--r-- root/root         1 2020-07-03 14:40 usr/share/bettercap/caplets/download-autopwn/macos/payload.ait
-rw-r--r-- root/root         1 2020-07-03 14:40 usr/share/bettercap/caplets/download-autopwn/macos/payload.app
-rw-r--r-- root/root         1 2020-07-03 14:40 usr/share/bettercap/caplets/download-autopwn/macos/payload.c
-rw-r--r-- root/root         1 2020-07-03 14:40 usr/share/bettercap/caplets/download-autopwn/macos/payload.dmg
-rw-r--r-- root/root         1 2020-07-03 14:40 usr/share/bettercap/caplets/download-autopwn/macos/payload.doc
-rw-r--r-- root/root         1 2020-07-03 14:40 usr/share/bettercap/caplets/download-autopwn/macos/payload.docx
-rw-r--r-- root/root         1 2020-07-03 14:40 usr/share/bettercap/caplets/download-autopwn/macos/payload.jar
-rw-r--r-- root/root         1 2020-07-03 14:40 usr/share/bettercap/caplets/download-autopwn/macos/payload.m4a
-rw-r--r-- root/root         1 2020-07-03 14:40 usr/share/bettercap/caplets/download-autopwn/macos/payload.mov
-rw-r--r-- root/root         1 2020-07-03 14:40 usr/share/bettercap/caplets/download-autopwn/macos/payload.mp3
-rw-r--r-- root/root         1 2020-07-03 14:40 usr/share/bettercap/caplets/download-autopwn/macos/payload.mp4
-rw-r--r-- root/root         1 2020-07-03 14:40 usr/share/bettercap/caplets/download-autopwn/macos/payload.pdf
-rw-r--r-- root/root         1 2020-07-03 14:40 usr/share/bettercap/caplets/download-autopwn/macos/payload.psd
-rw-r--r-- root/root         1 2020-07-03 14:40 usr/share/bettercap/caplets/download-autopwn/macos/payload.py
-rw-r--r-- root/root         1 2020-07-03 14:40 usr/share/bettercap/caplets/download-autopwn/macos/payload.rb
-rw-r--r-- root/root         1 2020-07-03 14:40 usr/share/bettercap/caplets/download-autopwn/macos/payload.sh
-rw-r--r-- root/root         1 2020-07-03 14:40 usr/share/bettercap/caplets/download-autopwn/macos/payload.tar
-rw-r--r-- root/root         1 2020-07-03 14:40 usr/share/bettercap/caplets/download-autopwn/macos/payload.tar.gz
-rw-r--r-- root/root         1 2020-07-03 14:40 usr/share/bettercap/caplets/download-autopwn/macos/payload.terminal
-rw-r--r-- root/root         1 2020-07-03 14:40 usr/share/bettercap/caplets/download-autopwn/macos/payload.tgz
-rw-r--r-- root/root         1 2020-07-03 14:40 usr/share/bettercap/caplets/download-autopwn/macos/payload.zip
drwxr-xr-x root/root         0 2020-07-03 14:40 usr/share/bettercap/caplets/download-autopwn/ps4/
-rw-r--r-- root/root         1 2020-07-03 14:40 usr/share/bettercap/caplets/download-autopwn/ps4/payload.aac
-rw-r--r-- root/root         1 2020-07-03 14:40 usr/share/bettercap/caplets/download-autopwn/ps4/payload.avi
-rw-r--r-- root/root         1 2020-07-03 14:40 usr/share/bettercap/caplets/download-autopwn/ps4/payload.disc
-rw-r--r-- root/root         1 2020-07-03 14:40 usr/share/bettercap/caplets/download-autopwn/ps4/payload.doc
-rw-r--r-- root/root         1 2020-07-03 14:40 usr/share/bettercap/caplets/download-autopwn/ps4/payload.docx
-rw-r--r-- root/root         1 2020-07-03 14:40 usr/share/bettercap/caplets/download-autopwn/ps4/payload.flac
-rw-r--r-- root/root         1 2020-07-03 14:40 usr/share/bettercap/caplets/download-autopwn/ps4/payload.m4a
-rw-r--r-- root/root         1 2020-07-03 14:40 usr/share/bettercap/caplets/download-autopwn/ps4/payload.mkv
-rw-r--r-- root/root         1 2020-07-03 14:40 usr/share/bettercap/caplets/download-autopwn/ps4/payload.mp3
-rw-r--r-- root/root         1 2020-07-03 14:40 usr/share/bettercap/caplets/download-autopwn/ps4/payload.mp4
-rw-r--r-- root/root         1 2020-07-03 14:40 usr/share/bettercap/caplets/download-autopwn/ps4/payload.pdf
-rw-r--r-- root/root         1 2020-07-03 14:40 usr/share/bettercap/caplets/download-autopwn/ps4/payload.pup
-rw-r--r-- root/root         1 2020-07-03 14:40 usr/share/bettercap/caplets/download-autopwn/ps4/payload.zip
drwxr-xr-x root/root         0 2020-07-03 14:40 usr/share/bettercap/caplets/download-autopwn/windows/
-rw-r--r-- root/root         1 2020-07-03 14:40 usr/share/bettercap/caplets/download-autopwn/windows/payload.7z
-rw-r--r-- root/root         1 2020-07-03 14:40 usr/share/bettercap/caplets/download-autopwn/windows/payload.ai
-rw-r--r-- root/root         1 2020-07-03 14:40 usr/share/bettercap/caplets/download-autopwn/windows/payload.ait
-rw-r--r-- root/root         1 2020-07-03 14:40 usr/share/bettercap/caplets/download-autopwn/windows/payload.avi
-rw-r--r-- root/root         1 2020-07-03 14:40 usr/share/bettercap/caplets/download-autopwn/windows/payload.bat
-rw-r--r-- root/root         1 2020-07-03 14:40 usr/share/bettercap/caplets/download-autopwn/windows/payload.dll
-rw-r--r-- root/root         1 2020-07-03 14:40 usr/share/bettercap/caplets/download-autopwn/windows/payload.doc
-rw-r--r-- root/root         1 2020-07-03 14:40 usr/share/bettercap/caplets/download-autopwn/windows/payload.docx
-rw-r--r-- root/root         1 2020-07-03 14:40 usr/share/bettercap/caplets/download-autopwn/windows/payload.exe
-rw-r--r-- root/root         1 2020-07-03 14:40 usr/share/bettercap/caplets/download-autopwn/windows/payload.flv
-rw-r--r-- root/root         1 2020-07-03 14:40 usr/share/bettercap/caplets/download-autopwn/windows/payload.jar
-rw-r--r-- root/root         1 2020-07-03 14:40 usr/share/bettercap/caplets/download-autopwn/windows/payload.mp3
-rw-r--r-- root/root         1 2020-07-03 14:40 usr/share/bettercap/caplets/download-autopwn/windows/payload.mp4
-rw-r--r-- root/root         1 2020-07-03 14:40 usr/share/bettercap/caplets/download-autopwn/windows/payload.msi
-rw-r--r-- root/root         1 2020-07-03 14:40 usr/share/bettercap/caplets/download-autopwn/windows/payload.pdf
-rw-r--r-- root/root         1 2020-07-03 14:40 usr/share/bettercap/caplets/download-autopwn/windows/payload.psd
-rw-r--r-- root/root         1 2020-07-03 14:40 usr/share/bettercap/caplets/download-autopwn/windows/payload.rar
-rw-r--r-- root/root         1 2020-07-03 14:40 usr/share/bettercap/caplets/download-autopwn/windows/payload.swf
-rw-r--r-- root/root         1 2020-07-03 14:40 usr/share/bettercap/caplets/download-autopwn/windows/payload.wav
-rw-r--r-- root/root         1 2020-07-03 14:40 usr/share/bettercap/caplets/download-autopwn/windows/payload.zip
drwxr-xr-x root/root         0 2020-07-03 14:40 usr/share/bettercap/caplets/download-autopwn/xbox/
-rw-r--r-- root/root         1 2020-07-03 14:40 usr/share/bettercap/caplets/download-autopwn/xbox/payload.doc
-rw-r--r-- root/root         1 2020-07-03 14:40 usr/share/bettercap/caplets/download-autopwn/xbox/payload.docx
-rw-r--r-- root/root         1 2020-07-03 14:40 usr/share/bettercap/caplets/download-autopwn/xbox/payload.exe
-rw-r--r-- root/root         1 2020-07-03 14:40 usr/share/bettercap/caplets/download-autopwn/xbox/payload.jar
-rw-r--r-- root/root         1 2020-07-03 14:40 usr/share/bettercap/caplets/download-autopwn/xbox/payload.msi
-rw-r--r-- root/root         1 2020-07-03 14:40 usr/share/bettercap/caplets/download-autopwn/xbox/payload.pdf
-rw-r--r-- root/root         1 2020-07-03 14:40 usr/share/bettercap/caplets/download-autopwn/xbox/payload.zip
drwxr-xr-x root/root         0 2020-07-03 14:40 usr/share/bettercap/caplets/enumerate/
drwxr-xr-x root/root         0 2020-07-03 14:40 usr/share/bettercap/caplets/enumerate/events/
-rw-r--r-- root/root       408 2020-07-03 14:40 usr/share/bettercap/caplets/enumerate/events/README.md
-rw-r--r-- root/root       279 2020-07-03 14:40 usr/share/bettercap/caplets/enumerate/events/module.cap
-rw-r--r-- root/root      1252 2020-07-03 14:40 usr/share/bettercap/caplets/enumerate/events/module.js
drwxr-xr-x root/root         0 2020-07-03 14:40 usr/share/bettercap/caplets/enumerate/hosts/
-rw-r--r-- root/root       229 2020-07-03 14:40 usr/share/bettercap/caplets/enumerate/hosts/README.md
-rw-r--r-- root/root       440 2020-07-03 14:40 usr/share/bettercap/caplets/enumerate/hosts/module.cap
-rw-r--r-- root/root      3119 2020-07-03 14:40 usr/share/bettercap/caplets/enumerate/hosts/module.js
drwxr-xr-x root/root         0 2020-07-03 14:40 usr/share/bettercap/caplets/fb-phish/
-rw-r--r-- root/root       140 2020-07-03 14:40 usr/share/bettercap/caplets/fb-phish/fb-phish.cap
-rw-r--r-- root/root       842 2020-07-03 14:40 usr/share/bettercap/caplets/fb-phish/fb-phish.js
drwxr-xr-x root/root         0 2020-07-03 14:40 usr/share/bettercap/caplets/gitspoof/
-rw-r--r-- root/root      2029 2020-07-03 14:40 usr/share/bettercap/caplets/gitspoof/README.md
-rwxr-xr-x root/root       931 2020-07-03 14:40 usr/share/bettercap/caplets/gitspoof/build_repo.sh
-rw-r--r-- root/root       216 2020-07-03 14:40 usr/share/bettercap/caplets/gitspoof/gitspoof.cap
-rw-r--r-- root/root      1002 2020-07-03 14:40 usr/share/bettercap/caplets/gitspoof/gitspoof.js
-rw-r--r-- root/root       412 2020-07-03 14:40 usr/share/bettercap/caplets/gitspoof/payload.txt
-rw-r--r-- root/root       109 2020-07-03 14:40 usr/share/bettercap/caplets/gps.cap
drwxr-xr-x root/root         0 2020-07-03 14:40 usr/share/bettercap/caplets/hstshijack/
-rw-r--r-- root/root      6125 2020-07-03 14:40 usr/share/bettercap/caplets/hstshijack/README.md
-rw-r--r-- root/root      1104 2020-07-03 14:40 usr/share/bettercap/caplets/hstshijack/hstshijack.cap
-rw-r--r-- root/root     40022 2020-07-03 14:40 usr/share/bettercap/caplets/hstshijack/hstshijack.js
drwxr-xr-x root/root         0 2020-07-03 14:40 usr/share/bettercap/caplets/hstshijack/payloads/
-rw-r--r-- root/root      4125 2020-07-03 14:40 usr/share/bettercap/caplets/hstshijack/payloads/firefox-bypass-password-warning.js
-rw-r--r-- root/root       644 2020-07-03 14:40 usr/share/bettercap/caplets/hstshijack/payloads/google.js
-rw-r--r-- root/root      3480 2020-07-03 14:40 usr/share/bettercap/caplets/hstshijack/payloads/keylogger.js
-rw-r--r-- root/root      1460 2020-07-03 14:40 usr/share/bettercap/caplets/hstshijack/payloads/sslstrip.js
-rw-r--r-- root/root         1 2020-07-03 14:40 usr/share/bettercap/caplets/hstshijack/ssl.log
drwxr-xr-x root/root         0 2020-07-03 14:40 usr/share/bettercap/caplets/http-req-dump/
-rw-r--r-- root/root       591 2020-07-03 14:40 usr/share/bettercap/caplets/http-req-dump/http-req-dump.cap
-rw-r--r-- root/root      6024 2020-07-03 14:40 usr/share/bettercap/caplets/http-req-dump/http-req-dump.js
-rw-r--r-- root/root       382 2020-07-03 14:40 usr/share/bettercap/caplets/http-ui.cap
-rw-r--r-- root/root       661 2020-07-03 14:40 usr/share/bettercap/caplets/https-ui.cap
drwxr-xr-x root/root         0 2020-07-03 14:40 usr/share/bettercap/caplets/jsinject/
-rw-r--r-- root/root      1082 2020-07-03 14:40 usr/share/bettercap/caplets/jsinject/README.md
-rw-r--r-- root/root       210 2020-07-03 14:40 usr/share/bettercap/caplets/jsinject/jsinject.cap
-rw-r--r-- root/root      1850 2020-07-03 14:40 usr/share/bettercap/caplets/jsinject/jsinject.js
drwxr-xr-x root/root         0 2020-07-03 14:40 usr/share/bettercap/caplets/jsinject/payloads/
-rw-r--r-- root/root      1116 2020-07-03 14:40 usr/share/bettercap/caplets/jsinject/payloads/form-phisher.js
-rw-r--r-- root/root       244 2020-07-03 14:40 usr/share/bettercap/caplets/local-sniffer.cap
drwxr-xr-x root/root         0 2020-07-03 14:40 usr/share/bettercap/caplets/login-manager-abuse/
-rw-r--r-- root/root       236 2020-07-03 14:40 usr/share/bettercap/caplets/login-manager-abuse/login-man-abuse.cap
-rw-r--r-- root/root      1904 2020-07-03 14:40 usr/share/bettercap/caplets/login-manager-abuse/login-man-abuse.js
-rw-r--r-- root/root      2125 2020-07-03 14:40 usr/share/bettercap/caplets/login-manager-abuse/login-man-abuser.js
-rw-r--r-- root/root        61 2020-07-03 14:40 usr/share/bettercap/caplets/mana.cap
-rw-r--r-- root/root       302 2020-07-03 14:40 usr/share/bettercap/caplets/massdeauth.cap
-rw-r--r-- root/root       551 2020-07-03 14:40 usr/share/bettercap/caplets/mitm6.cap
-rw-r--r-- root/root        42 2020-07-03 14:40 usr/share/bettercap/caplets/netmon.cap
-rw-r--r-- root/root       900 2020-07-03 14:40 usr/share/bettercap/caplets/pita.cap
drwxr-xr-x root/root         0 2020-07-03 14:40 usr/share/bettercap/caplets/proxy-script-test/
-rw-r--r-- root/root        57 2020-07-03 14:40 usr/share/bettercap/caplets/proxy-script-test/proxy-script-test.cap
-rw-r--r-- root/root      1814 2020-07-03 14:40 usr/share/bettercap/caplets/proxy-script-test/proxy-script-test.js
-rw-r--r-- root/root       330 2020-07-03 14:40 usr/share/bettercap/caplets/pwnagotchi-auto.cap
-rw-r--r-- root/root       446 2020-07-03 14:40 usr/share/bettercap/caplets/pwnagotchi-manual.cap
-rw-r--r-- root/root       501 2020-07-03 14:40 usr/share/bettercap/caplets/rogue-mysql-server.cap
drwxr-xr-x root/root         0 2020-07-03 14:40 usr/share/bettercap/caplets/rtfm/
-rw-r--r-- root/root       210 2020-07-03 14:40 usr/share/bettercap/caplets/rtfm/rtfm.cap
-rw-r--r-- root/root       860 2020-07-03 14:40 usr/share/bettercap/caplets/rtfm/rtfm.js
-rw-r--r-- root/root       131 2020-07-03 14:40 usr/share/bettercap/caplets/simple-passwords-sniffer.cap
drwxr-xr-x root/root         0 2020-07-03 14:40 usr/share/bettercap/caplets/tcp-req-dump/
-rw-r--r-- root/root       413 2020-07-03 14:40 usr/share/bettercap/caplets/tcp-req-dump/tcp-req-dump.cap
-rw-r--r-- root/root       363 2020-07-03 14:40 usr/share/bettercap/caplets/tcp-req-dump/tcp-req-dump.js
drwxr-xr-x root/root         0 2020-07-03 14:40 usr/share/bettercap/caplets/web-override/
-rw-r--r-- root/root       254 2020-07-03 14:40 usr/share/bettercap/caplets/web-override/web-override.cap
-rw-r--r-- root/root       512 2020-07-03 14:40 usr/share/bettercap/caplets/web-override/web-override.js
drwxr-xr-x root/root         0 2020-07-03 14:40 usr/share/bettercap/caplets/www/
-rw-r--r-- root/root        17 2020-07-03 14:40 usr/share/bettercap/caplets/www/.gitignore
-rw-r--r-- root/root       259 2020-07-03 14:40 usr/share/bettercap/caplets/www/Makefile
-rw-r--r-- root/root       535 2020-07-03 14:40 usr/share/bettercap/caplets/www/index.html
-rw-r--r-- root/root     80488 2020-07-03 14:40 usr/share/bettercap/caplets/www/rtfm_cat.jpg


