++========================================
||
||   Package:  ./subtitleeditor/subtitleeditor-4c215f4-x86_64-3cf.txz
||
++========================================
drwxr-xr-x root/root         0 2021-06-30 16:19 ./
drwxr-xr-x root/root         0 2021-06-30 16:19 install/
-rw-r--r-- root/root       574 2021-06-30 16:19 install/doinst.sh
-rw-r--r-- root/root       682 2021-06-30 16:19 install/slack-desc
drwxr-xr-x root/root         0 2021-06-30 16:19 usr/
drwxr-xr-x root/root         0 2021-06-30 16:19 usr/bin/
-rwxr-xr-x root/root    399592 2021-06-30 16:19 usr/bin/subtitleeditor
drwxr-xr-x root/root         0 2021-06-30 16:19 usr/doc/
drwxr-xr-x root/root         0 2021-06-30 16:19 usr/doc/subtitleeditor-4c215f4/
-rw-r--r-- root/root       195 2019-11-30 19:05 usr/doc/subtitleeditor-4c215f4/AUTHORS
-rw-r--r-- root/root     35147 2019-11-30 19:05 usr/doc/subtitleeditor-4c215f4/COPYING
-rw-r--r-- root/root    189337 2019-11-30 19:05 usr/doc/subtitleeditor-4c215f4/ChangeLog
-rw-r--r-- root/root     36254 2019-11-30 19:05 usr/doc/subtitleeditor-4c215f4/NEWS
-rw-r--r-- root/root      1828 2019-11-30 19:05 usr/doc/subtitleeditor-4c215f4/README
-rw-r--r-- root/root      1909 2019-11-30 19:05 usr/doc/subtitleeditor-4c215f4/README.md
-rw-r--r-- root/root      3943 2021-06-30 16:19 usr/doc/subtitleeditor-4c215f4/subtitleeditor.SlackBuild
drwxr-xr-x root/root         0 2021-06-30 16:19 usr/lib64/
-rwxr-xr-x root/root   1409408 2021-06-30 16:19 usr/lib64/libsubtitleeditor.so.0.0.0
drwxr-xr-x root/root         0 2021-06-30 16:19 usr/lib64/subtitleeditor/
drwxr-xr-x root/root         0 2021-06-30 16:19 usr/lib64/subtitleeditor/plugins/
drwxr-xr-x root/root         0 2021-06-30 16:19 usr/lib64/subtitleeditor/plugins/actions/
-rwxr-xr-x root/root      1277 2021-06-30 16:19 usr/lib64/subtitleeditor/plugins/actions/libabout.la
-rwxr-xr-x root/root     27184 2021-06-30 16:19 usr/lib64/subtitleeditor/plugins/actions/libabout.so
-rwxr-xr-x root/root      1307 2021-06-30 16:19 usr/lib64/subtitleeditor/plugins/actions/libadjusttime.la
-rwxr-xr-x root/root     35416 2021-06-30 16:19 usr/lib64/subtitleeditor/plugins/actions/libadjusttime.so
-rwxr-xr-x root/root      1343 2021-06-30 16:19 usr/lib64/subtitleeditor/plugins/actions/libapplytranslation.la
-rwxr-xr-x root/root     27152 2021-06-30 16:19 usr/lib64/subtitleeditor/plugins/actions/libapplytranslation.so
-rwxr-xr-x root/root      1289 2021-06-30 16:19 usr/lib64/subtitleeditor/plugins/actions/libbestfit.la
-rwxr-xr-x root/root     27344 2021-06-30 16:19 usr/lib64/subtitleeditor/plugins/actions/libbestfit.so
-rwxr-xr-x root/root      1337 2021-06-30 16:19 usr/lib64/subtitleeditor/plugins/actions/libchangeframerate.la
-rwxr-xr-x root/root    118088 2021-06-30 16:19 usr/lib64/subtitleeditor/plugins/actions/libchangeframerate.so
-rwxr-xr-x root/root      1301 2021-06-30 16:19 usr/lib64/subtitleeditor/plugins/actions/libclipboard.la
-rwxr-xr-x root/root     73016 2021-06-30 16:19 usr/lib64/subtitleeditor/plugins/actions/libclipboard.so
-rwxr-xr-x root/root      1343 2021-06-30 16:19 usr/lib64/subtitleeditor/plugins/actions/libcombinesubtitles.la
-rwxr-xr-x root/root     27304 2021-06-30 16:19 usr/lib64/subtitleeditor/plugins/actions/libcombinesubtitles.so
-rwxr-xr-x root/root      1289 2021-06-30 16:19 usr/lib64/subtitleeditor/plugins/actions/libcommand.la
-rwxr-xr-x root/root     27128 2021-06-30 16:19 usr/lib64/subtitleeditor/plugins/actions/libcommand.so
-rwxr-xr-x root/root      1403 2021-06-30 16:19 usr/lib64/subtitleeditor/plugins/actions/libconfigurekeyboardshortcuts.la
-rwxr-xr-x root/root     93584 2021-06-30 16:19 usr/lib64/subtitleeditor/plugins/actions/libconfigurekeyboardshortcuts.so
-rwxr-xr-x root/root      1307 2021-06-30 16:19 usr/lib64/subtitleeditor/plugins/actions/libdialoguize.la
-rwxr-xr-x root/root     76816 2021-06-30 16:19 usr/lib64/subtitleeditor/plugins/actions/libdialoguize.so
-rwxr-xr-x root/root      1355 2021-06-30 16:19 usr/lib64/subtitleeditor/plugins/actions/libdocumentmanagement.la
-rwxr-xr-x root/root    114352 2021-06-30 16:19 usr/lib64/subtitleeditor/plugins/actions/libdocumentmanagement.so
-rwxr-xr-x root/root      1361 2021-06-30 16:19 usr/lib64/subtitleeditor/plugins/actions/libdocumentsnavigation.la
-rwxr-xr-x root/root     39560 2021-06-30 16:19 usr/lib64/subtitleeditor/plugins/actions/libdocumentsnavigation.so
-rwxr-xr-x root/root      1349 2021-06-30 16:19 usr/lib64/subtitleeditor/plugins/actions/libduplicatesubtitle.la
-rwxr-xr-x root/root     27120 2021-06-30 16:19 usr/lib64/subtitleeditor/plugins/actions/libduplicatesubtitle.so
-rwxr-xr-x root/root      1295 2021-06-30 16:19 usr/lib64/subtitleeditor/plugins/actions/libeditcell.la
-rwxr-xr-x root/root     27112 2021-06-30 16:19 usr/lib64/subtitleeditor/plugins/actions/libeditcell.so
-rwxr-xr-x root/root      1325 2021-06-30 16:19 usr/lib64/subtitleeditor/plugins/actions/liberrorchecking.la
-rwxr-xr-x root/root    176312 2021-06-30 16:19 usr/lib64/subtitleeditor/plugins/actions/liberrorchecking.so
-rwxr-xr-x root/root      1319 2021-06-30 16:19 usr/lib64/subtitleeditor/plugins/actions/libextendlength.la
-rwxr-xr-x root/root     27200 2021-06-30 16:19 usr/lib64/subtitleeditor/plugins/actions/libextendlength.so
-rwxr-xr-x root/root      1361 2021-06-30 16:19 usr/lib64/subtitleeditor/plugins/actions/libexternalvideoplayer.la
-rwxr-xr-x root/root     81048 2021-06-30 16:19 usr/lib64/subtitleeditor/plugins/actions/libexternalvideoplayer.so
-rwxr-xr-x root/root      1331 2021-06-30 16:19 usr/lib64/subtitleeditor/plugins/actions/libfindandreplace.la
-rwxr-xr-x root/root    143280 2021-06-30 16:19 usr/lib64/subtitleeditor/plugins/actions/libfindandreplace.so
-rwxr-xr-x root/root      1331 2021-06-30 16:19 usr/lib64/subtitleeditor/plugins/actions/libinsertsubtitle.la
-rwxr-xr-x root/root     27296 2021-06-30 16:19 usr/lib64/subtitleeditor/plugins/actions/libinsertsubtitle.so
-rwxr-xr-x root/root      1403 2021-06-30 16:19 usr/lib64/subtitleeditor/plugins/actions/libinsertsubtitlefromkeyframe.la
-rwxr-xr-x root/root     31328 2021-06-30 16:19 usr/lib64/subtitleeditor/plugins/actions/libinsertsubtitlefromkeyframe.so
-rwxr-xr-x root/root      1301 2021-06-30 16:19 usr/lib64/subtitleeditor/plugins/actions/libitalicize.la
-rwxr-xr-x root/root     27176 2021-06-30 16:19 usr/lib64/subtitleeditor/plugins/actions/libitalicize.so
-rwxr-xr-x root/root      1319 2021-06-30 16:19 usr/lib64/subtitleeditor/plugins/actions/libjoindocument.la
-rwxr-xr-x root/root     27336 2021-06-30 16:19 usr/lib64/subtitleeditor/plugins/actions/libjoindocument.so
-rwxr-xr-x root/root      1622 2021-06-30 16:19 usr/lib64/subtitleeditor/plugins/actions/libkeyframesmanagement.la
-rwxr-xr-x root/root    159776 2021-06-30 16:19 usr/lib64/subtitleeditor/plugins/actions/libkeyframesmanagement.so
-rwxr-xr-x root/root      1343 2021-06-30 16:19 usr/lib64/subtitleeditor/plugins/actions/libminimizeduration.la
-rwxr-xr-x root/root     27232 2021-06-30 16:19 usr/lib64/subtitleeditor/plugins/actions/libminimizeduration.so
-rwxr-xr-x root/root      1403 2021-06-30 16:19 usr/lib64/subtitleeditor/plugins/actions/libmoveafterprecedingsubtitle.la
-rwxr-xr-x root/root     27232 2021-06-30 16:19 usr/lib64/subtitleeditor/plugins/actions/libmoveafterprecedingsubtitle.so
-rwxr-xr-x root/root      1325 2021-06-30 16:19 usr/lib64/subtitleeditor/plugins/actions/libmovesubtitles.la
-rwxr-xr-x root/root     68616 2021-06-30 16:19 usr/lib64/subtitleeditor/plugins/actions/libmovesubtitles.so
-rwxr-xr-x root/root      1301 2021-06-30 16:19 usr/lib64/subtitleeditor/plugins/actions/libplaintext.la
-rwxr-xr-x root/root     27304 2021-06-30 16:19 usr/lib64/subtitleeditor/plugins/actions/libplaintext.so
-rwxr-xr-x root/root      1313 2021-06-30 16:19 usr/lib64/subtitleeditor/plugins/actions/libpreferences.la
-rwxr-xr-x root/root    253304 2021-06-30 16:19 usr/lib64/subtitleeditor/plugins/actions/libpreferences.so
-rwxr-xr-x root/root      1331 2021-06-30 16:19 usr/lib64/subtitleeditor/plugins/actions/libremovesubtitle.la
-rwxr-xr-x root/root     27176 2021-06-30 16:19 usr/lib64/subtitleeditor/plugins/actions/libremovesubtitle.so
-rwxr-xr-x root/root      1397 2021-06-30 16:19 usr/lib64/subtitleeditor/plugins/actions/libreversetextandtranslation.la
-rwxr-xr-x root/root     27152 2021-06-30 16:19 usr/lib64/subtitleeditor/plugins/actions/libreversetextandtranslation.so
-rwxr-xr-x root/root      1331 2021-06-30 16:19 usr/lib64/subtitleeditor/plugins/actions/libscalesubtitles.la
-rwxr-xr-x root/root     76952 2021-06-30 16:19 usr/lib64/subtitleeditor/plugins/actions/libscalesubtitles.so
-rwxr-xr-x root/root      1301 2021-06-30 16:19 usr/lib64/subtitleeditor/plugins/actions/libselection.la
-rwxr-xr-x root/root     31304 2021-06-30 16:19 usr/lib64/subtitleeditor/plugins/actions/libselection.so
-rwxr-xr-x root/root      1325 2021-06-30 16:19 usr/lib64/subtitleeditor/plugins/actions/libsortsubtitles.la
-rwxr-xr-x root/root     23032 2021-06-30 16:19 usr/lib64/subtitleeditor/plugins/actions/libsortsubtitles.so
-rwxr-xr-x root/root      1325 2021-06-30 16:19 usr/lib64/subtitleeditor/plugins/actions/libspellchecking.la
-rwxr-xr-x root/root    126872 2021-06-30 16:19 usr/lib64/subtitleeditor/plugins/actions/libspellchecking.so
-rwxr-xr-x root/root      1325 2021-06-30 16:19 usr/lib64/subtitleeditor/plugins/actions/libsplitdocument.la
-rwxr-xr-x root/root     64440 2021-06-30 16:19 usr/lib64/subtitleeditor/plugins/actions/libsplitdocument.so
-rwxr-xr-x root/root      1325 2021-06-30 16:19 usr/lib64/subtitleeditor/plugins/actions/libsplitsubtitle.la
-rwxr-xr-x root/root     35616 2021-06-30 16:19 usr/lib64/subtitleeditor/plugins/actions/libsplitsubtitle.so
-rwxr-xr-x root/root      1331 2021-06-30 16:19 usr/lib64/subtitleeditor/plugins/actions/libstacksubtitles.la
-rwxr-xr-x root/root     27288 2021-06-30 16:19 usr/lib64/subtitleeditor/plugins/actions/libstacksubtitles.so
-rwxr-xr-x root/root      1313 2021-06-30 16:19 usr/lib64/subtitleeditor/plugins/actions/libstyleeditor.la
-rwxr-xr-x root/root    159368 2021-06-30 16:19 usr/lib64/subtitleeditor/plugins/actions/libstyleeditor.so
-rwxr-xr-x root/root      1289 2021-06-30 16:19 usr/lib64/subtitleeditor/plugins/actions/libstylize.la
-rwxr-xr-x root/root     31360 2021-06-30 16:19 usr/lib64/subtitleeditor/plugins/actions/libstylize.so
-rwxr-xr-x root/root      1295 2021-06-30 16:19 usr/lib64/subtitleeditor/plugins/actions/libtemplate.la
-rwxr-xr-x root/root     85320 2021-06-30 16:19 usr/lib64/subtitleeditor/plugins/actions/libtemplate.so
-rwxr-xr-x root/root      1331 2021-06-30 16:19 usr/lib64/subtitleeditor/plugins/actions/libtextcorrection.la
-rwxr-xr-x root/root    348824 2021-06-30 16:19 usr/lib64/subtitleeditor/plugins/actions/libtextcorrection.so
-rwxr-xr-x root/root      1355 2021-06-30 16:19 usr/lib64/subtitleeditor/plugins/actions/libtimemodemanagement.la
-rwxr-xr-x root/root     27112 2021-06-30 16:19 usr/lib64/subtitleeditor/plugins/actions/libtimemodemanagement.so
-rwxr-xr-x root/root      1343 2021-06-30 16:19 usr/lib64/subtitleeditor/plugins/actions/libtimingfromplayer.la
-rwxr-xr-x root/root     76848 2021-06-30 16:19 usr/lib64/subtitleeditor/plugins/actions/libtimingfromplayer.so
-rwxr-xr-x root/root      1307 2021-06-30 16:19 usr/lib64/subtitleeditor/plugins/actions/libtypewriter.la
-rwxr-xr-x root/root     43816 2021-06-30 16:19 usr/lib64/subtitleeditor/plugins/actions/libtypewriter.so
-rwxr-xr-x root/root      1373 2021-06-30 16:19 usr/lib64/subtitleeditor/plugins/actions/libvideoplayermanagement.la
-rwxr-xr-x root/root     81032 2021-06-30 16:19 usr/lib64/subtitleeditor/plugins/actions/libvideoplayermanagement.so
-rwxr-xr-x root/root      1313 2021-06-30 16:19 usr/lib64/subtitleeditor/plugins/actions/libviewmanager.la
-rwxr-xr-x root/root    118136 2021-06-30 16:19 usr/lib64/subtitleeditor/plugins/actions/libviewmanager.so
-rwxr-xr-x root/root      1616 2021-06-30 16:19 usr/lib64/subtitleeditor/plugins/actions/libwaveformmanagement.la
-rwxr-xr-x root/root    130936 2021-06-30 16:19 usr/lib64/subtitleeditor/plugins/actions/libwaveformmanagement.so
drwxr-xr-x root/root         0 2021-06-30 16:19 usr/lib64/subtitleeditor/plugins/subtitleformats/
-rwxr-xr-x root/root      1363 2021-06-30 16:19 usr/lib64/subtitleeditor/plugins/subtitleformats/libadobeencoredvdntsc.la
-rwxr-xr-x root/root     27256 2021-06-30 16:19 usr/lib64/subtitleeditor/plugins/subtitleformats/libadobeencoredvdntsc.so
-rwxr-xr-x root/root      1357 2021-06-30 16:19 usr/lib64/subtitleeditor/plugins/subtitleformats/libadobeencoredvdpal.la
-rwxr-xr-x root/root     27256 2021-06-30 16:19 usr/lib64/subtitleeditor/plugins/subtitleformats/libadobeencoredvdpal.so
-rwxr-xr-x root/root      1393 2021-06-30 16:19 usr/lib64/subtitleeditor/plugins/subtitleformats/libadvancedsubstationalpha.la
-rwxr-xr-x root/root    126464 2021-06-30 16:19 usr/lib64/subtitleeditor/plugins/subtitleformats/libadvancedsubstationalpha.so
-rwxr-xr-x root/root      1291 2021-06-30 16:19 usr/lib64/subtitleeditor/plugins/subtitleformats/libavidds.la
-rwxr-xr-x root/root     60088 2021-06-30 16:19 usr/lib64/subtitleeditor/plugins/subtitleformats/libavidds.so
-rwxr-xr-x root/root      1279 2021-06-30 16:19 usr/lib64/subtitleeditor/plugins/subtitleformats/libbitc.la
-rwxr-xr-x root/root     60064 2021-06-30 16:19 usr/lib64/subtitleeditor/plugins/subtitleformats/libbitc.so
-rwxr-xr-x root/root      1315 2021-06-30 16:19 usr/lib64/subtitleeditor/plugins/subtitleformats/libdcsubtitle.la
-rwxr-xr-x root/root     39824 2021-06-30 16:19 usr/lib64/subtitleeditor/plugins/subtitleformats/libdcsubtitle.so
-rwxr-xr-x root/root      1303 2021-06-30 16:19 usr/lib64/subtitleeditor/plugins/subtitleformats/libmicrodvd.la
-rwxr-xr-x root/root     27232 2021-06-30 16:19 usr/lib64/subtitleeditor/plugins/subtitleformats/libmicrodvd.so
-rwxr-xr-x root/root      1279 2021-06-30 16:19 usr/lib64/subtitleeditor/plugins/subtitleformats/libmpl2.la
-rwxr-xr-x root/root     23088 2021-06-30 16:19 usr/lib64/subtitleeditor/plugins/subtitleformats/libmpl2.so
-rwxr-xr-x root/root      1285 2021-06-30 16:19 usr/lib64/subtitleeditor/plugins/subtitleformats/libmpsub.la
-rwxr-xr-x root/root     27288 2021-06-30 16:19 usr/lib64/subtitleeditor/plugins/subtitleformats/libmpsub.so
-rwxr-xr-x root/root      1345 2021-06-30 16:19 usr/lib64/subtitleeditor/plugins/subtitleformats/libplaintextformat.la
-rwxr-xr-x root/root     18808 2021-06-30 16:19 usr/lib64/subtitleeditor/plugins/subtitleformats/libplaintextformat.so
-rwxr-xr-x root/root      1279 2021-06-30 16:19 usr/lib64/subtitleeditor/plugins/subtitleformats/libsami.la
-rwxr-xr-x root/root     27184 2021-06-30 16:19 usr/lib64/subtitleeditor/plugins/subtitleformats/libsami.so
-rwxr-xr-x root/root      1273 2021-06-30 16:19 usr/lib64/subtitleeditor/plugins/subtitleformats/libsbv.la
-rwxr-xr-x root/root     27208 2021-06-30 16:19 usr/lib64/subtitleeditor/plugins/subtitleformats/libsbv.so
-rwxr-xr-x root/root      1309 2021-06-30 16:19 usr/lib64/subtitleeditor/plugins/subtitleformats/libsprucestl.la
-rwxr-xr-x root/root     60072 2021-06-30 16:19 usr/lib64/subtitleeditor/plugins/subtitleformats/libsprucestl.so
-rwxr-xr-x root/root      1291 2021-06-30 16:19 usr/lib64/subtitleeditor/plugins/subtitleformats/libsubrip.la
-rwxr-xr-x root/root     27240 2021-06-30 16:19 usr/lib64/subtitleeditor/plugins/subtitleformats/libsubrip.so
-rwxr-xr-x root/root      1345 2021-06-30 16:19 usr/lib64/subtitleeditor/plugins/subtitleformats/libsubstationalpha.la
-rwxr-xr-x root/root    126496 2021-06-30 16:19 usr/lib64/subtitleeditor/plugins/subtitleformats/libsubstationalpha.so
-rwxr-xr-x root/root      1381 2021-06-30 16:19 usr/lib64/subtitleeditor/plugins/subtitleformats/libsubtitleeditorproject.la
-rwxr-xr-x root/root     56520 2021-06-30 16:19 usr/lib64/subtitleeditor/plugins/subtitleformats/libsubtitleeditorproject.so
-rwxr-xr-x root/root      1315 2021-06-30 16:19 usr/lib64/subtitleeditor/plugins/subtitleformats/libsubviewer2.la
-rwxr-xr-x root/root     27224 2021-06-30 16:19 usr/lib64/subtitleeditor/plugins/subtitleformats/libsubviewer2.so
-rwxr-xr-x root/root      1405 2021-06-30 16:19 usr/lib64/subtitleeditor/plugins/subtitleformats/libtimedtextauthoringformat1.la
-rwxr-xr-x root/root     31504 2021-06-30 16:19 usr/lib64/subtitleeditor/plugins/subtitleformats/libtimedtextauthoringformat1.so
drwxr-xr-x root/root         0 2021-06-30 16:19 usr/man/
drwxr-xr-x root/root         0 2021-06-30 16:19 usr/man/man1/
-rw-r--r-- root/root      1205 2021-06-30 16:19 usr/man/man1/subtitleeditor.1.gz
drwxr-xr-x root/root         0 2021-06-30 16:19 usr/share/
drwxr-xr-x root/root         0 2021-06-30 16:19 usr/share/applications/
-rw-r--r-- root/root      2433 2021-06-30 16:19 usr/share/applications/org.kitone.subtitleeditor.desktop
drwxr-xr-x root/root         0 2021-06-30 16:19 usr/share/icons/
drwxr-xr-x root/root         0 2021-06-30 16:19 usr/share/icons/hicolor/
drwxr-xr-x root/root         0 2021-06-30 16:19 usr/share/icons/hicolor/16x16/
drwxr-xr-x root/root         0 2021-06-30 16:19 usr/share/icons/hicolor/16x16/apps/
-rw-r--r-- root/root       869 2021-06-30 16:19 usr/share/icons/hicolor/16x16/apps/subtitleeditor.png
drwxr-xr-x root/root         0 2021-06-30 16:19 usr/share/icons/hicolor/22x22/
drwxr-xr-x root/root         0 2021-06-30 16:19 usr/share/icons/hicolor/22x22/apps/
-rw-r--r-- root/root      1298 2021-06-30 16:19 usr/share/icons/hicolor/22x22/apps/subtitleeditor.png
drwxr-xr-x root/root         0 2021-06-30 16:19 usr/share/icons/hicolor/24x24/
drwxr-xr-x root/root         0 2021-06-30 16:19 usr/share/icons/hicolor/24x24/apps/
-rw-r--r-- root/root      1468 2021-06-30 16:19 usr/share/icons/hicolor/24x24/apps/subtitleeditor.png
drwxr-xr-x root/root         0 2021-06-30 16:19 usr/share/icons/hicolor/32x32/
drwxr-xr-x root/root         0 2021-06-30 16:19 usr/share/icons/hicolor/32x32/apps/
-rw-r--r-- root/root      2130 2021-06-30 16:19 usr/share/icons/hicolor/32x32/apps/subtitleeditor.png
drwxr-xr-x root/root         0 2021-06-30 16:19 usr/share/icons/hicolor/scalable/
drwxr-xr-x root/root         0 2021-06-30 16:19 usr/share/icons/hicolor/scalable/apps/
-rw-r--r-- root/root     34771 2021-06-30 16:19 usr/share/icons/hicolor/scalable/apps/subtitleeditor.svg
drwxr-xr-x root/root         0 2021-06-30 16:19 usr/share/locale/
drwxr-xr-x root/root         0 2021-06-30 16:19 usr/share/locale/bg/
drwxr-xr-x root/root         0 2021-06-30 16:19 usr/share/locale/bg/LC_MESSAGES/
-rw-r--r-- root/root     75870 2021-06-30 16:19 usr/share/locale/bg/LC_MESSAGES/subtitleeditor.mo
drwxr-xr-x root/root         0 2021-06-30 16:19 usr/share/locale/ca/
drwxr-xr-x root/root         0 2021-06-30 16:19 usr/share/locale/ca/LC_MESSAGES/
-rw-r--r-- root/root      3766 2021-06-30 16:19 usr/share/locale/ca/LC_MESSAGES/subtitleeditor.mo
drwxr-xr-x root/root         0 2021-06-30 16:19 usr/share/locale/cs/
drwxr-xr-x root/root         0 2021-06-30 16:19 usr/share/locale/cs/LC_MESSAGES/
-rw-r--r-- root/root     69081 2021-06-30 16:19 usr/share/locale/cs/LC_MESSAGES/subtitleeditor.mo
drwxr-xr-x root/root         0 2021-06-30 16:19 usr/share/locale/da/
drwxr-xr-x root/root         0 2021-06-30 16:19 usr/share/locale/da/LC_MESSAGES/
-rw-r--r-- root/root      6243 2021-06-30 16:19 usr/share/locale/da/LC_MESSAGES/subtitleeditor.mo
drwxr-xr-x root/root         0 2021-06-30 16:19 usr/share/locale/de/
drwxr-xr-x root/root         0 2021-06-30 16:19 usr/share/locale/de/LC_MESSAGES/
-rw-r--r-- root/root     74625 2021-06-30 16:19 usr/share/locale/de/LC_MESSAGES/subtitleeditor.mo
drwxr-xr-x root/root         0 2021-06-30 16:19 usr/share/locale/el/
drwxr-xr-x root/root         0 2021-06-30 16:19 usr/share/locale/el/LC_MESSAGES/
-rw-r--r-- root/root     88904 2021-06-30 16:19 usr/share/locale/el/LC_MESSAGES/subtitleeditor.mo
drwxr-xr-x root/root         0 2021-06-30 16:19 usr/share/locale/en_GB/
drwxr-xr-x root/root         0 2021-06-30 16:19 usr/share/locale/en_GB/LC_MESSAGES/
-rw-r--r-- root/root     36981 2021-06-30 16:19 usr/share/locale/en_GB/LC_MESSAGES/subtitleeditor.mo
drwxr-xr-x root/root         0 2021-06-30 16:19 usr/share/locale/eo/
drwxr-xr-x root/root         0 2021-06-30 16:19 usr/share/locale/eo/LC_MESSAGES/
-rw-r--r-- root/root     64717 2021-06-30 16:19 usr/share/locale/eo/LC_MESSAGES/subtitleeditor.mo
drwxr-xr-x root/root         0 2021-06-30 16:19 usr/share/locale/es/
drwxr-xr-x root/root         0 2021-06-30 16:19 usr/share/locale/es/LC_MESSAGES/
-rw-r--r-- root/root     78689 2021-06-30 16:19 usr/share/locale/es/LC_MESSAGES/subtitleeditor.mo
drwxr-xr-x root/root         0 2021-06-30 16:19 usr/share/locale/fr/
drwxr-xr-x root/root         0 2021-06-30 16:19 usr/share/locale/fr/LC_MESSAGES/
-rw-r--r-- root/root     60527 2021-06-30 16:19 usr/share/locale/fr/LC_MESSAGES/subtitleeditor.mo
drwxr-xr-x root/root         0 2021-06-30 16:19 usr/share/locale/gl/
drwxr-xr-x root/root         0 2021-06-30 16:19 usr/share/locale/gl/LC_MESSAGES/
-rw-r--r-- root/root     66907 2021-06-30 16:19 usr/share/locale/gl/LC_MESSAGES/subtitleeditor.mo
drwxr-xr-x root/root         0 2021-06-30 16:19 usr/share/locale/hu/
drwxr-xr-x root/root         0 2021-06-30 16:19 usr/share/locale/hu/LC_MESSAGES/
-rw-r--r-- root/root     18480 2021-06-30 16:19 usr/share/locale/hu/LC_MESSAGES/subtitleeditor.mo
drwxr-xr-x root/root         0 2021-06-30 16:19 usr/share/locale/it/
drwxr-xr-x root/root         0 2021-06-30 16:19 usr/share/locale/it/LC_MESSAGES/
-rw-r--r-- root/root     19061 2021-06-30 16:19 usr/share/locale/it/LC_MESSAGES/subtitleeditor.mo
drwxr-xr-x root/root         0 2021-06-30 16:19 usr/share/locale/lt/
drwxr-xr-x root/root         0 2021-06-30 16:19 usr/share/locale/lt/LC_MESSAGES/
-rw-r--r-- root/root     69733 2021-06-30 16:19 usr/share/locale/lt/LC_MESSAGES/subtitleeditor.mo
drwxr-xr-x root/root         0 2021-06-30 16:19 usr/share/locale/nl/
drwxr-xr-x root/root         0 2021-06-30 16:19 usr/share/locale/nl/LC_MESSAGES/
-rw-r--r-- root/root      9505 2021-06-30 16:19 usr/share/locale/nl/LC_MESSAGES/subtitleeditor.mo
drwxr-xr-x root/root         0 2021-06-30 16:19 usr/share/locale/pl/
drwxr-xr-x root/root         0 2021-06-30 16:19 usr/share/locale/pl/LC_MESSAGES/
-rw-r--r-- root/root     63995 2021-06-30 16:19 usr/share/locale/pl/LC_MESSAGES/subtitleeditor.mo
drwxr-xr-x root/root         0 2021-06-30 16:19 usr/share/locale/pt/
drwxr-xr-x root/root         0 2021-06-30 16:19 usr/share/locale/pt/LC_MESSAGES/
-rw-r--r-- root/root     78357 2021-06-30 16:19 usr/share/locale/pt/LC_MESSAGES/subtitleeditor.mo
drwxr-xr-x root/root         0 2021-06-30 16:19 usr/share/locale/pt_BR/
drwxr-xr-x root/root         0 2021-06-30 16:19 usr/share/locale/pt_BR/LC_MESSAGES/
-rw-r--r-- root/root     78540 2021-06-30 16:19 usr/share/locale/pt_BR/LC_MESSAGES/subtitleeditor.mo
drwxr-xr-x root/root         0 2021-06-30 16:19 usr/share/locale/pt_PT/
drwxr-xr-x root/root         0 2021-06-30 16:19 usr/share/locale/pt_PT/LC_MESSAGES/
-rw-r--r-- root/root     78361 2021-06-30 16:19 usr/share/locale/pt_PT/LC_MESSAGES/subtitleeditor.mo
drwxr-xr-x root/root         0 2021-06-30 16:19 usr/share/locale/ru/
drwxr-xr-x root/root         0 2021-06-30 16:19 usr/share/locale/ru/LC_MESSAGES/
-rw-r--r-- root/root     78552 2021-06-30 16:19 usr/share/locale/ru/LC_MESSAGES/subtitleeditor.mo
drwxr-xr-x root/root         0 2021-06-30 16:19 usr/share/locale/sr/
drwxr-xr-x root/root         0 2021-06-30 16:19 usr/share/locale/sr/LC_MESSAGES/
-rw-r--r-- root/root      7861 2021-06-30 16:19 usr/share/locale/sr/LC_MESSAGES/subtitleeditor.mo
drwxr-xr-x root/root         0 2021-06-30 16:19 usr/share/locale/tr/
drwxr-xr-x root/root         0 2021-06-30 16:19 usr/share/locale/tr/LC_MESSAGES/
-rw-r--r-- root/root     49475 2021-06-30 16:19 usr/share/locale/tr/LC_MESSAGES/subtitleeditor.mo
drwxr-xr-x root/root         0 2021-06-30 16:19 usr/share/locale/zh_CN/
drwxr-xr-x root/root         0 2021-06-30 16:19 usr/share/locale/zh_CN/LC_MESSAGES/
-rw-r--r-- root/root     51328 2021-06-30 16:19 usr/share/locale/zh_CN/LC_MESSAGES/subtitleeditor.mo
drwxr-xr-x root/root         0 2021-06-30 16:19 usr/share/locale/zh_TW/
drwxr-xr-x root/root         0 2021-06-30 16:19 usr/share/locale/zh_TW/LC_MESSAGES/
-rw-r--r-- root/root     64857 2021-06-30 16:19 usr/share/locale/zh_TW/LC_MESSAGES/subtitleeditor.mo
drwxr-xr-x root/root         0 2021-06-30 16:19 usr/share/metainfo/
-rw-r--r-- root/root      1193 2021-06-30 16:19 usr/share/metainfo/org.kitone.subtitleeditor.appdata.xml
drwxr-xr-x root/root         0 2021-06-30 16:19 usr/share/pixmaps/
-rw-r--r-- root/root     34771 2021-06-30 16:19 usr/share/pixmaps/subtitleeditor.svg
drwxr-xr-x root/root         0 2021-06-30 16:19 usr/share/subtitleeditor/
-rw-r--r-- root/root      3706 2021-06-30 16:19 usr/share/subtitleeditor/menubar.xml
drwxr-xr-x root/root         0 2021-06-30 16:19 usr/share/subtitleeditor/plugins-description/
drwxr-xr-x root/root         0 2021-06-30 16:19 usr/share/subtitleeditor/plugins-description/actions/
-rw-r--r-- root/root      1455 2021-06-30 16:19 usr/share/subtitleeditor/plugins-description/actions/about.se-plugin
-rw-r--r-- root/root      1531 2021-06-30 16:19 usr/share/subtitleeditor/plugins-description/actions/adjusttime.se-plugin
-rw-r--r-- root/root      1912 2021-06-30 16:19 usr/share/subtitleeditor/plugins-description/actions/applytranslation.se-plugin
-rw-r--r-- root/root       813 2021-06-30 16:19 usr/share/subtitleeditor/plugins-description/actions/bestfit.se-plugin
-rw-r--r-- root/root      1665 2021-06-30 16:19 usr/share/subtitleeditor/plugins-description/actions/changeframerate.se-plugin
-rw-r--r-- root/root       904 2021-06-30 16:19 usr/share/subtitleeditor/plugins-description/actions/clipboard.se-plugin
-rw-r--r-- root/root      1688 2021-06-30 16:19 usr/share/subtitleeditor/plugins-description/actions/combinesubtitles.se-plugin
-rw-r--r-- root/root      1299 2021-06-30 16:19 usr/share/subtitleeditor/plugins-description/actions/command.se-plugin
-rw-r--r-- root/root      1652 2021-06-30 16:19 usr/share/subtitleeditor/plugins-description/actions/configurekeyboardshortcuts.se-plugin
-rw-r--r-- root/root      1631 2021-06-30 16:19 usr/share/subtitleeditor/plugins-description/actions/dialoguize.se-plugin
-rw-r--r-- root/root      2125 2021-06-30 16:19 usr/share/subtitleeditor/plugins-description/actions/documentmanagement.se-plugin
-rw-r--r-- root/root       738 2021-06-30 16:19 usr/share/subtitleeditor/plugins-description/actions/documentsnavigation.se-plugin
-rw-r--r-- root/root      1712 2021-06-30 16:19 usr/share/subtitleeditor/plugins-description/actions/duplicatesubtitle.se-plugin
-rw-r--r-- root/root      1928 2021-06-30 16:19 usr/share/subtitleeditor/plugins-description/actions/editcell.se-plugin
-rw-r--r-- root/root      1556 2021-06-30 16:19 usr/share/subtitleeditor/plugins-description/actions/errorchecking.se-plugin
-rw-r--r-- root/root      1744 2021-06-30 16:19 usr/share/subtitleeditor/plugins-description/actions/extendlength.se-plugin
-rw-r--r-- root/root      1818 2021-06-30 16:19 usr/share/subtitleeditor/plugins-description/actions/externalvideoplayer.se-plugin
-rw-r--r-- root/root      2374 2021-06-30 16:19 usr/share/subtitleeditor/plugins-description/actions/findandreplace.se-plugin
-rw-r--r-- root/root      1543 2021-06-30 16:19 usr/share/subtitleeditor/plugins-description/actions/insertsubtitle.se-plugin
-rw-r--r-- root/root       868 2021-06-30 16:19 usr/share/subtitleeditor/plugins-description/actions/insertsubtitlefromkeyframe.se-plugin
-rw-r--r-- root/root      1720 2021-06-30 16:19 usr/share/subtitleeditor/plugins-description/actions/italicize.se-plugin
-rw-r--r-- root/root      1670 2021-06-30 16:19 usr/share/subtitleeditor/plugins-description/actions/joindocument.se-plugin
-rw-r--r-- root/root      1225 2021-06-30 16:19 usr/share/subtitleeditor/plugins-description/actions/keyframesmanagement.se-plugin
-rw-r--r-- root/root       678 2021-06-30 16:19 usr/share/subtitleeditor/plugins-description/actions/minimizeduration.se-plugin
-rw-r--r-- root/root      2837 2021-06-30 16:19 usr/share/subtitleeditor/plugins-description/actions/moveafterprecedingsubtitle.se-plugin
-rw-r--r-- root/root      1523 2021-06-30 16:19 usr/share/subtitleeditor/plugins-description/actions/movesubtitles.se-plugin
-rw-r--r-- root/root      1723 2021-06-30 16:19 usr/share/subtitleeditor/plugins-description/actions/plaintext.se-plugin
-rw-r--r-- root/root      1818 2021-06-30 16:19 usr/share/subtitleeditor/plugins-description/actions/preferences.se-plugin
-rw-r--r-- root/root      1650 2021-06-30 16:19 usr/share/subtitleeditor/plugins-description/actions/removesubtitle.se-plugin
-rw-r--r-- root/root      2161 2021-06-30 16:19 usr/share/subtitleeditor/plugins-description/actions/reversetextandtranslation.se-plugin
-rw-r--r-- root/root      1546 2021-06-30 16:19 usr/share/subtitleeditor/plugins-description/actions/scalesubtitles.se-plugin
-rw-r--r-- root/root      1440 2021-06-30 16:19 usr/share/subtitleeditor/plugins-description/actions/selection.se-plugin
-rw-r--r-- root/root      1773 2021-06-30 16:19 usr/share/subtitleeditor/plugins-description/actions/sortsubtitles.se-plugin
-rw-r--r-- root/root      2074 2021-06-30 16:19 usr/share/subtitleeditor/plugins-description/actions/spellchecking.se-plugin
-rw-r--r-- root/root      1802 2021-06-30 16:19 usr/share/subtitleeditor/plugins-description/actions/splitdocument.se-plugin
-rw-r--r-- root/root      1635 2021-06-30 16:19 usr/share/subtitleeditor/plugins-description/actions/splitsubtitle.se-plugin
-rw-r--r-- root/root       970 2021-06-30 16:19 usr/share/subtitleeditor/plugins-description/actions/stacksubtitles.se-plugin
-rw-r--r-- root/root      1492 2021-06-30 16:19 usr/share/subtitleeditor/plugins-description/actions/styleeditor.se-plugin
-rw-r--r-- root/root       283 2021-06-30 16:19 usr/share/subtitleeditor/plugins-description/actions/stylize.se-plugin
-rw-r--r-- root/root       592 2021-06-30 16:19 usr/share/subtitleeditor/plugins-description/actions/template.se-plugin
-rw-r--r-- root/root      1039 2021-06-30 16:19 usr/share/subtitleeditor/plugins-description/actions/textcorrection.se-plugin
-rw-r--r-- root/root      1922 2021-06-30 16:19 usr/share/subtitleeditor/plugins-description/actions/timemodemanagement.se-plugin
-rw-r--r-- root/root      2206 2021-06-30 16:19 usr/share/subtitleeditor/plugins-description/actions/timingfromplayer.se-plugin
-rw-r--r-- root/root       961 2021-06-30 16:19 usr/share/subtitleeditor/plugins-description/actions/typewriter.se-plugin
-rw-r--r-- root/root      1764 2021-06-30 16:19 usr/share/subtitleeditor/plugins-description/actions/videoplayermanagement.se-plugin
-rw-r--r-- root/root      1771 2021-06-30 16:19 usr/share/subtitleeditor/plugins-description/actions/viewmanager.se-plugin
-rw-r--r-- root/root      1513 2021-06-30 16:19 usr/share/subtitleeditor/plugins-description/actions/waveformmanagement.se-plugin
drwxr-xr-x root/root         0 2021-06-30 16:19 usr/share/subtitleeditor/plugins-description/subtitleformats/
-rw-r--r-- root/root      1753 2021-06-30 16:19 usr/share/subtitleeditor/plugins-description/subtitleformats/adobeencoredvdntsc.se-plugin
-rw-r--r-- root/root      1673 2021-06-30 16:19 usr/share/subtitleeditor/plugins-description/subtitleformats/adobeencoredvdpal.se-plugin
-rw-r--r-- root/root      1928 2021-06-30 16:19 usr/share/subtitleeditor/plugins-description/subtitleformats/advancedsubstationalpha.se-plugin
-rw-r--r-- root/root       334 2021-06-30 16:19 usr/share/subtitleeditor/plugins-description/subtitleformats/avidds.se-plugin
-rw-r--r-- root/root      1709 2021-06-30 16:19 usr/share/subtitleeditor/plugins-description/subtitleformats/bitc.se-plugin
-rw-r--r-- root/root       476 2021-06-30 16:19 usr/share/subtitleeditor/plugins-description/subtitleformats/dcsubtitle.se-plugin
-rw-r--r-- root/root      1326 2021-06-30 16:19 usr/share/subtitleeditor/plugins-description/subtitleformats/microdvd.se-plugin
-rw-r--r-- root/root      1166 2021-06-30 16:19 usr/share/subtitleeditor/plugins-description/subtitleformats/mpl2.se-plugin
-rw-r--r-- root/root      1201 2021-06-30 16:19 usr/share/subtitleeditor/plugins-description/subtitleformats/mpsub.se-plugin
-rw-r--r-- root/root       623 2021-06-30 16:19 usr/share/subtitleeditor/plugins-description/subtitleformats/plaintextformat.se-plugin
-rw-r--r-- root/root       564 2021-06-30 16:19 usr/share/subtitleeditor/plugins-description/subtitleformats/sami.se-plugin
-rw-r--r-- root/root       762 2021-06-30 16:19 usr/share/subtitleeditor/plugins-description/subtitleformats/sbv.se-plugin
-rw-r--r-- root/root       865 2021-06-30 16:19 usr/share/subtitleeditor/plugins-description/subtitleformats/sprucestl.se-plugin
-rw-r--r-- root/root      1235 2021-06-30 16:19 usr/share/subtitleeditor/plugins-description/subtitleformats/subrip.se-plugin
-rw-r--r-- root/root      1615 2021-06-30 16:19 usr/share/subtitleeditor/plugins-description/subtitleformats/substationalpha.se-plugin
-rw-r--r-- root/root      1874 2021-06-30 16:19 usr/share/subtitleeditor/plugins-description/subtitleformats/subtitleeditorproject.se-plugin
-rw-r--r-- root/root      1376 2021-06-30 16:19 usr/share/subtitleeditor/plugins-description/subtitleformats/subviewer2.se-plugin
-rw-r--r-- root/root      1997 2021-06-30 16:19 usr/share/subtitleeditor/plugins-description/subtitleformats/timedtextauthoringformat1.se-plugin
drwxr-xr-x root/root         0 2021-06-30 16:19 usr/share/subtitleeditor/plugins-share/
drwxr-xr-x root/root         0 2021-06-30 16:19 usr/share/subtitleeditor/plugins-share/advancedsubstationalpha/
-rw-r--r-- root/root      5420 2021-06-30 16:19 usr/share/subtitleeditor/plugins-share/advancedsubstationalpha/dialog-advancedsubstationalpha-preferences.ui
drwxr-xr-x root/root         0 2021-06-30 16:19 usr/share/subtitleeditor/plugins-share/changeframerate/
-rw-r--r-- root/root     10290 2021-06-30 16:19 usr/share/subtitleeditor/plugins-share/changeframerate/dialog-change-framerate.ui
drwxr-xr-x root/root         0 2021-06-30 16:19 usr/share/subtitleeditor/plugins-share/configurekeyboardshortcuts/
-rw-r--r-- root/root      5481 2021-06-30 16:19 usr/share/subtitleeditor/plugins-share/configurekeyboardshortcuts/dialog-configure-keyboard-shortcuts.ui
drwxr-xr-x root/root         0 2021-06-30 16:19 usr/share/subtitleeditor/plugins-share/dialoguize/
-rw-r--r-- root/root      9341 2021-06-30 16:19 usr/share/subtitleeditor/plugins-share/dialoguize/dialog-dialoguize-preferences.ui
drwxr-xr-x root/root         0 2021-06-30 16:19 usr/share/subtitleeditor/plugins-share/errorchecking/
-rw-r--r-- root/root     18722 2021-06-30 16:19 usr/share/subtitleeditor/plugins-share/errorchecking/dialog-error-checking-preferences.ui
-rw-r--r-- root/root      3523 2021-06-30 16:19 usr/share/subtitleeditor/plugins-share/errorchecking/dialog-error-checking.ui
drwxr-xr-x root/root         0 2021-06-30 16:19 usr/share/subtitleeditor/plugins-share/externalvideoplayer/
-rw-r--r-- root/root     24927 2021-06-30 16:19 usr/share/subtitleeditor/plugins-share/externalvideoplayer/dialog-external-video-player-preferences.ui
drwxr-xr-x root/root         0 2021-06-30 16:19 usr/share/subtitleeditor/plugins-share/findandreplace/
-rw-r--r-- root/root     29001 2021-06-30 16:19 usr/share/subtitleeditor/plugins-share/findandreplace/dialog-find-and-replace.ui
drwxr-xr-x root/root         0 2021-06-30 16:19 usr/share/subtitleeditor/plugins-share/movesubtitles/
-rw-r--r-- root/root     11419 2021-06-30 16:19 usr/share/subtitleeditor/plugins-share/movesubtitles/dialog-move-subtitles.ui
drwxr-xr-x root/root         0 2021-06-30 16:19 usr/share/subtitleeditor/plugins-share/preferences/
-rw-r--r-- root/root    110260 2021-06-30 16:19 usr/share/subtitleeditor/plugins-share/preferences/dialog-preferences.ui
drwxr-xr-x root/root         0 2021-06-30 16:19 usr/share/subtitleeditor/plugins-share/scalesubtitles/
-rw-r--r-- root/root     27828 2021-06-30 16:19 usr/share/subtitleeditor/plugins-share/scalesubtitles/dialog-scale-subtitles.ui
drwxr-xr-x root/root         0 2021-06-30 16:19 usr/share/subtitleeditor/plugins-share/spellchecking/
-rw-r--r-- root/root     15413 2021-06-30 16:19 usr/share/subtitleeditor/plugins-share/spellchecking/dialog-spell-checking.ui
drwxr-xr-x root/root         0 2021-06-30 16:19 usr/share/subtitleeditor/plugins-share/splitdocument/
-rw-r--r-- root/root      4821 2021-06-30 16:19 usr/share/subtitleeditor/plugins-share/splitdocument/dialog-split-document.ui
drwxr-xr-x root/root         0 2021-06-30 16:19 usr/share/subtitleeditor/plugins-share/styleeditor/
-rw-r--r-- root/root     74495 2021-06-30 16:19 usr/share/subtitleeditor/plugins-share/styleeditor/dialog-style-editor.ui
drwxr-xr-x root/root         0 2021-06-30 16:19 usr/share/subtitleeditor/plugins-share/substationalpha/
-rw-r--r-- root/root      5412 2021-06-30 16:19 usr/share/subtitleeditor/plugins-share/substationalpha/dialog-substationalpha-preferences.ui
drwxr-xr-x root/root         0 2021-06-30 16:19 usr/share/subtitleeditor/plugins-share/template/
-rw-r--r-- root/root      7355 2021-06-30 16:19 usr/share/subtitleeditor/plugins-share/template/dialog-template-save-as.ui
drwxr-xr-x root/root         0 2021-06-30 16:19 usr/share/subtitleeditor/plugins-share/textcorrection/
-rw-r--r-- root/root       362 2021-06-30 16:19 usr/share/subtitleeditor/plugins-share/textcorrection/Latn-en-US.common-error.se-pattern
-rw-r--r-- root/root       320 2021-06-30 16:19 usr/share/subtitleeditor/plugins-share/textcorrection/Latn-en.capitalization.se-pattern
-rw-r--r-- root/root      2061 2021-06-30 16:19 usr/share/subtitleeditor/plugins-share/textcorrection/Latn-en.common-error.se-pattern
-rw-r--r-- root/root       367 2021-06-30 16:19 usr/share/subtitleeditor/plugins-share/textcorrection/Latn-en.hearing-impaired.se-pattern
-rw-r--r-- root/root       387 2021-06-30 16:19 usr/share/subtitleeditor/plugins-share/textcorrection/Latn-fi.common-error.se-pattern
-rw-r--r-- root/root      1002 2021-06-30 16:19 usr/share/subtitleeditor/plugins-share/textcorrection/Latn-fr.common-error.se-pattern
-rw-r--r-- root/root       512 2021-06-30 16:19 usr/share/subtitleeditor/plugins-share/textcorrection/Latn.capitalization.se-pattern
-rw-r--r-- root/root      3998 2021-06-30 16:19 usr/share/subtitleeditor/plugins-share/textcorrection/Latn.common-error.se-pattern
-rw-r--r-- root/root      1750 2021-06-30 16:19 usr/share/subtitleeditor/plugins-share/textcorrection/Latn.hearing-impaired.se-pattern
-rw-r--r-- root/root       875 2021-06-30 16:19 usr/share/subtitleeditor/plugins-share/textcorrection/Zyyy.common-error.se-pattern
-rw-r--r-- root/root      8856 2021-06-30 16:19 usr/share/subtitleeditor/plugins-share/textcorrection/assistant-text-correction.ui
drwxr-xr-x root/root         0 2021-06-30 16:19 usr/share/subtitleeditor/plugins-share/timingfromplayer/
-rw-r--r-- root/root      7945 2021-06-30 16:19 usr/share/subtitleeditor/plugins-share/timingfromplayer/dialog-timing-from-player-preferences.ui
drwxr-xr-x root/root         0 2021-06-30 16:19 usr/share/subtitleeditor/plugins-share/viewmanager/
-rw-r--r-- root/root     14170 2021-06-30 16:19 usr/share/subtitleeditor/plugins-share/viewmanager/dialog-view-manager.ui
drwxr-xr-x root/root         0 2021-06-30 16:19 usr/share/subtitleeditor/ui/
-rw-r--r-- root/root      9445 2021-06-30 16:19 usr/share/subtitleeditor/ui/dialog-character-codings.ui
-rw-r--r-- root/root      4952 2021-06-30 16:19 usr/share/subtitleeditor/ui/dialog-export-text.ui
-rw-r--r-- root/root      3904 2021-06-30 16:19 usr/share/subtitleeditor/ui/dialog-import-text.ui
-rw-r--r-- root/root      4212 2021-06-30 16:19 usr/share/subtitleeditor/ui/dialog-open-document.ui
-rw-r--r-- root/root      5196 2021-06-30 16:19 usr/share/subtitleeditor/ui/dialog-save-document.ui
-rw-r--r-- root/root     32969 2021-06-30 16:19 usr/share/subtitleeditor/ui/dialog-script-properties.ui
-rw-r--r-- root/root     14438 2021-06-30 16:19 usr/share/subtitleeditor/ui/subtitleeditor.ui


