++========================================
||
||   Package:  ./mysqltuner/mysqltuner-1.9.9-noarch-1cf.txz
||
++========================================
drwxr-xr-x root/root         0 2022-06-17 12:04 ./
drwxr-xr-x root/root         0 2022-06-17 12:04 install/
-rw-r--r-- root/root       956 2022-06-17 12:04 install/slack-desc
drwxr-xr-x root/root         0 2022-06-17 12:04 usr/
drwxr-xr-x root/root         0 2022-06-17 12:04 usr/bin/
-rwxr-xr-x root/root    243006 2022-06-17 12:04 usr/bin/mysqltuner
drwxr-xr-x root/root         0 2022-06-17 12:04 usr/doc/
drwxr-xr-x root/root         0 2022-06-17 12:04 usr/doc/mysqltuner-1.9.9/
-rw-r--r-- root/root      1422 2022-06-15 14:43 usr/doc/mysqltuner-1.9.9/CODE_OF_CONDUCT.md
-rw-r--r-- root/root      7950 2022-06-15 14:43 usr/doc/mysqltuner-1.9.9/CONTRIBUTING.md
-rw-r--r-- root/root     14219 2022-06-15 14:43 usr/doc/mysqltuner-1.9.9/INTERNALS.md
-rw-r--r-- root/root     35147 2022-06-15 14:43 usr/doc/mysqltuner-1.9.9/LICENSE
-rw-r--r-- root/root     11712 2022-06-15 14:43 usr/doc/mysqltuner-1.9.9/README.fr.md
-rw-r--r-- root/root     12231 2022-06-15 14:43 usr/doc/mysqltuner-1.9.9/README.it.md
-rw-r--r-- root/root     20438 2022-06-15 14:43 usr/doc/mysqltuner-1.9.9/README.md
-rw-r--r-- root/root     24735 2022-06-15 14:43 usr/doc/mysqltuner-1.9.9/README.ru.md
-rw-r--r-- root/root      6225 2022-06-15 14:43 usr/doc/mysqltuner-1.9.9/USAGE.md
-rw-r--r-- root/root      4656 2022-06-15 14:43 usr/doc/mysqltuner-1.9.9/mtlogo.png
-rw-r--r-- root/root      2795 2022-06-17 12:04 usr/doc/mysqltuner-1.9.9/mysqltuner.SlackBuild
-rw-r--r-- root/root     46520 2022-06-15 14:43 usr/doc/mysqltuner-1.9.9/mysqltuner.png
drwxr-xr-x root/root         0 2022-06-17 12:04 usr/man/
drwxr-xr-x root/root         0 2022-06-17 12:04 usr/man/man1/
-rw-r--r-- root/root      4307 2022-06-17 12:04 usr/man/man1/mysqltuner.1.gz
drwxr-xr-x root/root         0 2022-06-17 12:04 usr/share/
drwxr-xr-x root/root         0 2022-06-17 12:04 usr/share/mysqltuner/
-rw-r--r-- root/root      3988 2022-06-17 12:04 usr/share/mysqltuner/basic_passwords.txt
-rw-r--r-- root/root   1952896 2022-06-17 12:04 usr/share/mysqltuner/vulnerabilities.csv


