++========================================
||
||   Package:  ./uget/uget-2.2.3-x86_64-2cf.txz
||
++========================================
drwxr-xr-x root/root         0 2022-07-30 14:45 ./
drwxr-xr-x root/root         0 2022-07-30 14:45 install/
-rw-r--r-- root/root       329 2022-07-30 14:45 install/doinst.sh
-rw-r--r-- root/root       913 2022-07-30 14:45 install/slack-desc
-rw-r--r-- root/root         6 2022-07-30 14:45 install/slack-required
drwxr-xr-x root/root         0 2022-07-30 14:45 usr/
drwxr-xr-x root/root         0 2022-07-30 14:45 usr/bin/
-rwxr-xr-x root/root    405888 2022-07-30 14:45 usr/bin/uget-gtk
-rwxr-xr-x root/root    110352 2022-07-30 14:45 usr/bin/uget-gtk-1to2
drwxr-xr-x root/root         0 2022-07-30 14:45 usr/doc/
drwxr-xr-x root/root         0 2022-07-30 14:45 usr/doc/uget-2.2.3/
-rw-r--r-- root/root       378 2019-12-31 22:04 usr/doc/uget-2.2.3/AUTHORS
-rw-r--r-- root/root     26430 2019-12-31 22:04 usr/doc/uget-2.2.3/COPYING
-rw-r--r-- root/root         0 2016-12-14 08:55 usr/doc/uget-2.2.3/ChangeLog
-rw-r--r-- root/root     15752 2016-03-30 01:57 usr/doc/uget-2.2.3/INSTALL
-rw-r--r-- root/root       677 2019-12-31 22:04 usr/doc/uget-2.2.3/JSON-RPC_interface.txt
-rw-r--r-- root/root      3572 2019-12-31 22:04 usr/doc/uget-2.2.3/README
-rw-r--r-- root/root       463 2019-12-31 22:04 usr/doc/uget-2.2.3/To_build_uGet_in_MinGW.txt
-rw-r--r-- root/root       991 2019-12-31 22:04 usr/doc/uget-2.2.3/folders.txt
-rw-r--r-- root/root      3842 2022-07-30 14:45 usr/doc/uget-2.2.3/uget.SlackBuild
-rw-r--r-- root/root      2364 2019-12-31 22:04 usr/doc/uget-2.2.3/uget.txt
drwxr-xr-x root/root         0 2022-07-30 14:45 usr/share/
drwxr-xr-x root/root         0 2022-07-30 14:45 usr/share/applications/
-rw-r--r-- root/root       296 2022-07-30 14:45 usr/share/applications/uget-gtk.desktop
drwxr-xr-x root/root         0 2022-07-30 14:45 usr/share/icons/
drwxr-xr-x root/root         0 2022-07-30 14:45 usr/share/icons/hicolor/
drwxr-xr-x root/root         0 2022-07-30 14:45 usr/share/icons/hicolor/128x128/
drwxr-xr-x root/root         0 2022-07-30 14:45 usr/share/icons/hicolor/128x128/apps/
-rw-r--r-- root/root     10833 2022-07-30 14:45 usr/share/icons/hicolor/128x128/apps/uget-icon.png
drwxr-xr-x root/root         0 2022-07-30 14:45 usr/share/icons/hicolor/16x16/
drwxr-xr-x root/root         0 2022-07-30 14:45 usr/share/icons/hicolor/16x16/apps/
-rw-r--r-- root/root       652 2022-07-30 14:45 usr/share/icons/hicolor/16x16/apps/uget-icon.png
-rw-r--r-- root/root       394 2022-07-30 14:45 usr/share/icons/hicolor/16x16/apps/uget-tray-default.png
-rw-r--r-- root/root       549 2022-07-30 14:45 usr/share/icons/hicolor/16x16/apps/uget-tray-downloading.png
-rw-r--r-- root/root       564 2022-07-30 14:45 usr/share/icons/hicolor/16x16/apps/uget-tray-error.png
drwxr-xr-x root/root         0 2022-07-30 14:45 usr/share/icons/hicolor/22x22/
drwxr-xr-x root/root         0 2022-07-30 14:45 usr/share/icons/hicolor/22x22/apps/
-rw-r--r-- root/root      1065 2022-07-30 14:45 usr/share/icons/hicolor/22x22/apps/uget-icon.png
-rw-r--r-- root/root       570 2022-07-30 14:45 usr/share/icons/hicolor/22x22/apps/uget-tray-default.png
-rw-r--r-- root/root       675 2022-07-30 14:45 usr/share/icons/hicolor/22x22/apps/uget-tray-downloading.png
-rw-r--r-- root/root       762 2022-07-30 14:45 usr/share/icons/hicolor/22x22/apps/uget-tray-error.png
drwxr-xr-x root/root         0 2022-07-30 14:45 usr/share/icons/hicolor/24x24/
drwxr-xr-x root/root         0 2022-07-30 14:45 usr/share/icons/hicolor/24x24/apps/
-rw-r--r-- root/root      1210 2022-07-30 14:45 usr/share/icons/hicolor/24x24/apps/uget-icon.png
-rw-r--r-- root/root       492 2022-07-30 14:45 usr/share/icons/hicolor/24x24/apps/uget-tray-default.png
-rw-r--r-- root/root       651 2022-07-30 14:45 usr/share/icons/hicolor/24x24/apps/uget-tray-downloading.png
-rw-r--r-- root/root       776 2022-07-30 14:45 usr/share/icons/hicolor/24x24/apps/uget-tray-error.png
drwxr-xr-x root/root         0 2022-07-30 14:45 usr/share/icons/hicolor/32x32/
drwxr-xr-x root/root         0 2022-07-30 14:45 usr/share/icons/hicolor/32x32/apps/
-rw-r--r-- root/root      1937 2022-07-30 14:45 usr/share/icons/hicolor/32x32/apps/uget-icon.png
-rw-r--r-- root/root       650 2022-07-30 14:45 usr/share/icons/hicolor/32x32/apps/uget-tray-default.png
-rw-r--r-- root/root       858 2022-07-30 14:45 usr/share/icons/hicolor/32x32/apps/uget-tray-downloading.png
-rw-r--r-- root/root       939 2022-07-30 14:45 usr/share/icons/hicolor/32x32/apps/uget-tray-error.png
drwxr-xr-x root/root         0 2022-07-30 14:45 usr/share/icons/hicolor/48x48/
drwxr-xr-x root/root         0 2022-07-30 14:45 usr/share/icons/hicolor/48x48/apps/
-rw-r--r-- root/root      3258 2022-07-30 14:45 usr/share/icons/hicolor/48x48/apps/uget-icon.png
-rw-r--r-- root/root       942 2022-07-30 14:45 usr/share/icons/hicolor/48x48/apps/uget-tray-default.png
-rw-r--r-- root/root      1148 2022-07-30 14:45 usr/share/icons/hicolor/48x48/apps/uget-tray-downloading.png
-rw-r--r-- root/root      1370 2022-07-30 14:45 usr/share/icons/hicolor/48x48/apps/uget-tray-error.png
drwxr-xr-x root/root         0 2022-07-30 14:45 usr/share/icons/hicolor/64x64/
drwxr-xr-x root/root         0 2022-07-30 14:45 usr/share/icons/hicolor/64x64/apps/
-rw-r--r-- root/root      4441 2022-07-30 14:45 usr/share/icons/hicolor/64x64/apps/uget-icon.png
drwxr-xr-x root/root         0 2022-07-30 14:45 usr/share/icons/hicolor/96x96/
drwxr-xr-x root/root         0 2022-07-30 14:45 usr/share/icons/hicolor/96x96/apps/
-rw-r--r-- root/root      6273 2022-07-30 14:45 usr/share/icons/hicolor/96x96/apps/uget-icon.png
drwxr-xr-x root/root         0 2022-07-30 14:45 usr/share/icons/hicolor/scalable/
drwxr-xr-x root/root         0 2022-07-30 14:45 usr/share/icons/hicolor/scalable/apps/
-rw-r--r-- root/root     18359 2022-07-30 14:45 usr/share/icons/hicolor/scalable/apps/uget-icon.svg
drwxr-xr-x root/root         0 2022-07-30 14:45 usr/share/locale/
drwxr-xr-x root/root         0 2022-07-30 14:45 usr/share/locale/ar/
drwxr-xr-x root/root         0 2022-07-30 14:45 usr/share/locale/ar/LC_MESSAGES/
-rw-r--r-- root/root     27113 2022-07-30 14:45 usr/share/locale/ar/LC_MESSAGES/uget.mo
drwxr-xr-x root/root         0 2022-07-30 14:45 usr/share/locale/be/
drwxr-xr-x root/root         0 2022-07-30 14:45 usr/share/locale/be/LC_MESSAGES/
-rw-r--r-- root/root     24245 2022-07-30 14:45 usr/share/locale/be/LC_MESSAGES/uget.mo
drwxr-xr-x root/root         0 2022-07-30 14:45 usr/share/locale/bg/
drwxr-xr-x root/root         0 2022-07-30 14:45 usr/share/locale/bg/LC_MESSAGES/
-rw-r--r-- root/root     17535 2022-07-30 14:45 usr/share/locale/bg/LC_MESSAGES/uget.mo
drwxr-xr-x root/root         0 2022-07-30 14:45 usr/share/locale/bn_BD/
drwxr-xr-x root/root         0 2022-07-30 14:45 usr/share/locale/bn_BD/LC_MESSAGES/
-rw-r--r-- root/root     19444 2022-07-30 14:45 usr/share/locale/bn_BD/LC_MESSAGES/uget.mo
drwxr-xr-x root/root         0 2022-07-30 14:45 usr/share/locale/ca/
drwxr-xr-x root/root         0 2022-07-30 14:45 usr/share/locale/ca/LC_MESSAGES/
-rw-r--r-- root/root     22702 2022-07-30 14:45 usr/share/locale/ca/LC_MESSAGES/uget.mo
drwxr-xr-x root/root         0 2022-07-30 14:45 usr/share/locale/cs/
drwxr-xr-x root/root         0 2022-07-30 14:45 usr/share/locale/cs/LC_MESSAGES/
-rw-r--r-- root/root     24273 2022-07-30 14:45 usr/share/locale/cs/LC_MESSAGES/uget.mo
drwxr-xr-x root/root         0 2022-07-30 14:45 usr/share/locale/da/
drwxr-xr-x root/root         0 2022-07-30 14:45 usr/share/locale/da/LC_MESSAGES/
-rw-r--r-- root/root     23389 2022-07-30 14:45 usr/share/locale/da/LC_MESSAGES/uget.mo
drwxr-xr-x root/root         0 2022-07-30 14:45 usr/share/locale/de/
drwxr-xr-x root/root         0 2022-07-30 14:45 usr/share/locale/de/LC_MESSAGES/
-rw-r--r-- root/root     25122 2022-07-30 14:45 usr/share/locale/de/LC_MESSAGES/uget.mo
drwxr-xr-x root/root         0 2022-07-30 14:45 usr/share/locale/es/
drwxr-xr-x root/root         0 2022-07-30 14:45 usr/share/locale/es/LC_MESSAGES/
-rw-r--r-- root/root     24682 2022-07-30 14:45 usr/share/locale/es/LC_MESSAGES/uget.mo
drwxr-xr-x root/root         0 2022-07-30 14:45 usr/share/locale/fa/
drwxr-xr-x root/root         0 2022-07-30 14:45 usr/share/locale/fa/LC_MESSAGES/
-rw-r--r-- root/root     26881 2022-07-30 14:45 usr/share/locale/fa/LC_MESSAGES/uget.mo
drwxr-xr-x root/root         0 2022-07-30 14:45 usr/share/locale/fr/
drwxr-xr-x root/root         0 2022-07-30 14:45 usr/share/locale/fr/LC_MESSAGES/
-rw-r--r-- root/root     25411 2022-07-30 14:45 usr/share/locale/fr/LC_MESSAGES/uget.mo
drwxr-xr-x root/root         0 2022-07-30 14:45 usr/share/locale/he/
drwxr-xr-x root/root         0 2022-07-30 14:45 usr/share/locale/he/LC_MESSAGES/
-rw-r--r-- root/root      2242 2022-07-30 14:45 usr/share/locale/he/LC_MESSAGES/uget.mo
drwxr-xr-x root/root         0 2022-07-30 14:45 usr/share/locale/hr/
drwxr-xr-x root/root         0 2022-07-30 14:45 usr/share/locale/hr/LC_MESSAGES/
-rw-r--r-- root/root     15758 2022-07-30 14:45 usr/share/locale/hr/LC_MESSAGES/uget.mo
drwxr-xr-x root/root         0 2022-07-30 14:45 usr/share/locale/hu/
drwxr-xr-x root/root         0 2022-07-30 14:45 usr/share/locale/hu/LC_MESSAGES/
-rw-r--r-- root/root     23169 2022-07-30 14:45 usr/share/locale/hu/LC_MESSAGES/uget.mo
drwxr-xr-x root/root         0 2022-07-30 14:45 usr/share/locale/id/
drwxr-xr-x root/root         0 2022-07-30 14:45 usr/share/locale/id/LC_MESSAGES/
-rw-r--r-- root/root     22918 2022-07-30 14:45 usr/share/locale/id/LC_MESSAGES/uget.mo
drwxr-xr-x root/root         0 2022-07-30 14:45 usr/share/locale/it/
drwxr-xr-x root/root         0 2022-07-30 14:45 usr/share/locale/it/LC_MESSAGES/
-rw-r--r-- root/root     24044 2022-07-30 14:45 usr/share/locale/it/LC_MESSAGES/uget.mo
drwxr-xr-x root/root         0 2022-07-30 14:45 usr/share/locale/ja/
drwxr-xr-x root/root         0 2022-07-30 14:45 usr/share/locale/ja/LC_MESSAGES/
-rw-r--r-- root/root     27413 2022-07-30 14:45 usr/share/locale/ja/LC_MESSAGES/uget.mo
drwxr-xr-x root/root         0 2022-07-30 14:45 usr/share/locale/ka_GE/
drwxr-xr-x root/root         0 2022-07-30 14:45 usr/share/locale/ka_GE/LC_MESSAGES/
-rw-r--r-- root/root     21335 2022-07-30 14:45 usr/share/locale/ka_GE/LC_MESSAGES/uget.mo
drwxr-xr-x root/root         0 2022-07-30 14:45 usr/share/locale/kk/
drwxr-xr-x root/root         0 2022-07-30 14:45 usr/share/locale/kk/LC_MESSAGES/
-rw-r--r-- root/root     12118 2022-07-30 14:45 usr/share/locale/kk/LC_MESSAGES/uget.mo
drwxr-xr-x root/root         0 2022-07-30 14:45 usr/share/locale/ku/
drwxr-xr-x root/root         0 2022-07-30 14:45 usr/share/locale/ku/LC_MESSAGES/
-rw-r--r-- root/root     15707 2022-07-30 14:45 usr/share/locale/ku/LC_MESSAGES/uget.mo
drwxr-xr-x root/root         0 2022-07-30 14:45 usr/share/locale/lt/
drwxr-xr-x root/root         0 2022-07-30 14:45 usr/share/locale/lt/LC_MESSAGES/
-rw-r--r-- root/root     24764 2022-07-30 14:45 usr/share/locale/lt/LC_MESSAGES/uget.mo
drwxr-xr-x root/root         0 2022-07-30 14:45 usr/share/locale/or_IN/
drwxr-xr-x root/root         0 2022-07-30 14:45 usr/share/locale/or_IN/LC_MESSAGES/
-rw-r--r-- root/root     19136 2022-07-30 14:45 usr/share/locale/or_IN/LC_MESSAGES/uget.mo
drwxr-xr-x root/root         0 2022-07-30 14:45 usr/share/locale/pl/
drwxr-xr-x root/root         0 2022-07-30 14:45 usr/share/locale/pl/LC_MESSAGES/
-rw-r--r-- root/root     20992 2022-07-30 14:45 usr/share/locale/pl/LC_MESSAGES/uget.mo
drwxr-xr-x root/root         0 2022-07-30 14:45 usr/share/locale/pt_BR/
drwxr-xr-x root/root         0 2022-07-30 14:45 usr/share/locale/pt_BR/LC_MESSAGES/
-rw-r--r-- root/root     24611 2022-07-30 14:45 usr/share/locale/pt_BR/LC_MESSAGES/uget.mo
drwxr-xr-x root/root         0 2022-07-30 14:45 usr/share/locale/ro/
drwxr-xr-x root/root         0 2022-07-30 14:45 usr/share/locale/ro/LC_MESSAGES/
-rw-r--r-- root/root      2569 2022-07-30 14:45 usr/share/locale/ro/LC_MESSAGES/uget.mo
drwxr-xr-x root/root         0 2022-07-30 14:45 usr/share/locale/ru/
drwxr-xr-x root/root         0 2022-07-30 14:45 usr/share/locale/ru/LC_MESSAGES/
-rw-r--r-- root/root     28983 2022-07-30 14:45 usr/share/locale/ru/LC_MESSAGES/uget.mo
drwxr-xr-x root/root         0 2022-07-30 14:45 usr/share/locale/sk_SK/
drwxr-xr-x root/root         0 2022-07-30 14:45 usr/share/locale/sk_SK/LC_MESSAGES/
-rw-r--r-- root/root     22532 2022-07-30 14:45 usr/share/locale/sk_SK/LC_MESSAGES/uget.mo
drwxr-xr-x root/root         0 2022-07-30 14:45 usr/share/locale/sr/
drwxr-xr-x root/root         0 2022-07-30 14:45 usr/share/locale/sr/LC_MESSAGES/
-rw-r--r-- root/root     29461 2022-07-30 14:45 usr/share/locale/sr/LC_MESSAGES/uget.mo
drwxr-xr-x root/root         0 2022-07-30 14:45 usr/share/locale/sr@latin/
drwxr-xr-x root/root         0 2022-07-30 14:45 usr/share/locale/sr@latin/LC_MESSAGES/
-rw-r--r-- root/root     21760 2022-07-30 14:45 usr/share/locale/sr@latin/LC_MESSAGES/uget.mo
drwxr-xr-x root/root         0 2022-07-30 14:45 usr/share/locale/sv/
drwxr-xr-x root/root         0 2022-07-30 14:45 usr/share/locale/sv/LC_MESSAGES/
-rw-r--r-- root/root     23802 2022-07-30 14:45 usr/share/locale/sv/LC_MESSAGES/uget.mo
drwxr-xr-x root/root         0 2022-07-30 14:45 usr/share/locale/tr/
drwxr-xr-x root/root         0 2022-07-30 14:45 usr/share/locale/tr/LC_MESSAGES/
-rw-r--r-- root/root     23927 2022-07-30 14:45 usr/share/locale/tr/LC_MESSAGES/uget.mo
drwxr-xr-x root/root         0 2022-07-30 14:45 usr/share/locale/uk/
drwxr-xr-x root/root         0 2022-07-30 14:45 usr/share/locale/uk/LC_MESSAGES/
-rw-r--r-- root/root     28331 2022-07-30 14:45 usr/share/locale/uk/LC_MESSAGES/uget.mo
drwxr-xr-x root/root         0 2022-07-30 14:45 usr/share/locale/uz@Latn/
drwxr-xr-x root/root         0 2022-07-30 14:45 usr/share/locale/uz@Latn/LC_MESSAGES/
-rw-r--r-- root/root     17838 2022-07-30 14:45 usr/share/locale/uz@Latn/LC_MESSAGES/uget.mo
drwxr-xr-x root/root         0 2022-07-30 14:45 usr/share/locale/vi/
drwxr-xr-x root/root         0 2022-07-30 14:45 usr/share/locale/vi/LC_MESSAGES/
-rw-r--r-- root/root     19494 2022-07-30 14:45 usr/share/locale/vi/LC_MESSAGES/uget.mo
drwxr-xr-x root/root         0 2022-07-30 14:45 usr/share/locale/zh_CN/
drwxr-xr-x root/root         0 2022-07-30 14:45 usr/share/locale/zh_CN/LC_MESSAGES/
-rw-r--r-- root/root     22974 2022-07-30 14:45 usr/share/locale/zh_CN/LC_MESSAGES/uget.mo
drwxr-xr-x root/root         0 2022-07-30 14:45 usr/share/locale/zh_TW/
drwxr-xr-x root/root         0 2022-07-30 14:45 usr/share/locale/zh_TW/LC_MESSAGES/
-rw-r--r-- root/root     21486 2022-07-30 14:45 usr/share/locale/zh_TW/LC_MESSAGES/uget.mo
drwxr-xr-x root/root         0 2022-07-30 14:45 usr/share/pixmaps/
drwxr-xr-x root/root         0 2022-07-30 14:45 usr/share/pixmaps/uget/
-rw-r--r-- root/root      7430 2022-07-30 14:45 usr/share/pixmaps/uget/logo.png
drwxr-xr-x root/root         0 2022-07-30 14:45 usr/share/sounds/
drwxr-xr-x root/root         0 2022-07-30 14:45 usr/share/sounds/uget/
-rw-r--r-- root/root     11008 2022-07-30 14:45 usr/share/sounds/uget/notification.wav


