++========================================
||
||   Package:  ./cimg/cimg-3.1.4-noarch-1cf.txz
||
++========================================
drwxr-xr-x root/root         0 2022-06-22 12:54 ./
drwxr-xr-x root/root         0 2022-06-22 12:54 install/
-rw-r--r-- root/root        95 2022-06-22 12:54 install/doinst.sh
-rw-r--r-- root/root       961 2022-06-22 12:54 install/slack-desc
drwxr-xr-x root/root         0 2022-06-22 12:54 usr/
drwxr-xr-x root/root         0 2022-06-22 12:54 usr/doc/
drwxr-xr-x root/root         0 2022-06-22 12:54 usr/doc/cimg-3.1.4/
-rw-r--r-- root/root     21902 2022-06-22 07:54 usr/doc/cimg-3.1.4/Licence_CeCILL-C_V1-en.txt
-rw-r--r-- root/root     21130 2022-06-22 07:54 usr/doc/cimg-3.1.4/Licence_CeCILL_V2-en.txt
-rw-r--r-- root/root      6352 2022-06-22 07:54 usr/doc/cimg-3.1.4/README.txt
-rw-r--r-- root/root      2462 2022-06-22 12:54 usr/doc/cimg-3.1.4/cimg.SlackBuild
drwxr-xr-x root/root         0 2022-06-22 07:54 usr/doc/cimg-3.1.4/examples/
-rw-r--r-- root/root     80599 2022-06-22 07:54 usr/doc/cimg-3.1.4/examples/CImg_demo.cpp
-rw-r--r-- root/root     10354 2022-06-22 07:54 usr/doc/cimg-3.1.4/examples/CMakeLists.txt
-rw-r--r-- root/root     16242 2022-06-22 07:54 usr/doc/cimg-3.1.4/examples/Makefile
-rw-r--r-- root/root      9280 2022-06-22 07:54 usr/doc/cimg-3.1.4/examples/captcha.cpp
-rw-r--r-- root/root     13706 2022-06-22 07:54 usr/doc/cimg-3.1.4/examples/curve_editor2d.cpp
-rw-r--r-- root/root     25355 2022-06-22 07:54 usr/doc/cimg-3.1.4/examples/dtmri_view3d.cpp
-rw-r--r-- root/root     11169 2022-06-22 07:54 usr/doc/cimg-3.1.4/examples/edge_explorer2d.cpp
-rw-r--r-- root/root      3789 2022-06-22 07:54 usr/doc/cimg-3.1.4/examples/fade_images.cpp
-rw-r--r-- root/root      7777 2022-06-22 07:54 usr/doc/cimg-3.1.4/examples/gaussian_fit1d.cpp
-rw-r--r-- root/root     17284 2022-06-22 07:54 usr/doc/cimg-3.1.4/examples/generate_loop_macros.cpp
-rw-r--r-- root/root      6463 2022-06-22 07:54 usr/doc/cimg-3.1.4/examples/hough_transform2d.cpp
-rw-r--r-- root/root      6110 2022-06-22 07:54 usr/doc/cimg-3.1.4/examples/image2ascii.cpp
-rw-r--r-- root/root      9010 2022-06-22 07:54 usr/doc/cimg-3.1.4/examples/image_registration2d.cpp
-rw-r--r-- root/root      5998 2022-06-22 07:54 usr/doc/cimg-3.1.4/examples/image_surface3d.cpp
drwxr-xr-x root/root         0 2022-06-22 07:54 usr/doc/cimg-3.1.4/examples/img/
-rw-r--r-- root/root   2032736 2022-06-22 07:54 usr/doc/cimg-3.1.4/examples/img/CImg_demo.h
-rw-r--r-- root/root     90534 2022-06-22 07:54 usr/doc/cimg-3.1.4/examples/img/logo.bmp
-rw-r--r-- root/root    153966 2022-06-22 07:54 usr/doc/cimg-3.1.4/examples/img/milla.bmp
-rw-r--r-- root/root   5907885 2022-06-22 07:54 usr/doc/cimg-3.1.4/examples/img/odykill.h
-rw-r--r-- root/root    739676 2022-06-22 07:54 usr/doc/cimg-3.1.4/examples/img/parrot.ppm
-rw-r--r-- root/root    246569 2022-06-22 07:54 usr/doc/cimg-3.1.4/examples/img/parrot_mask.pgm
-rw-r--r-- root/root     32459 2022-06-22 07:54 usr/doc/cimg-3.1.4/examples/img/sh0r.pgm
-rw-r--r-- root/root     32459 2022-06-22 07:54 usr/doc/cimg-3.1.4/examples/img/sh1r.pgm
-rw-r--r-- root/root    163900 2022-06-22 07:54 usr/doc/cimg-3.1.4/examples/img/tetris.h
-rw-r--r-- root/root     11436 2022-06-22 07:54 usr/doc/cimg-3.1.4/examples/jawbreaker.cpp
-rw-r--r-- root/root      4970 2022-06-22 07:54 usr/doc/cimg-3.1.4/examples/mcf_levelsets2d.cpp
-rw-r--r-- root/root      7848 2022-06-22 07:54 usr/doc/cimg-3.1.4/examples/mcf_levelsets3d.cpp
-rw-r--r-- root/root      9916 2022-06-22 07:54 usr/doc/cimg-3.1.4/examples/odykill.cpp
-rw-r--r-- root/root      9916 2022-06-22 07:54 usr/doc/cimg-3.1.4/examples/pde_TschumperleDeriche2d.cpp
-rw-r--r-- root/root      4839 2022-06-22 07:54 usr/doc/cimg-3.1.4/examples/pde_heatflow2d.cpp
-rw-r--r-- root/root      3054 2022-06-22 07:54 usr/doc/cimg-3.1.4/examples/plotter1d.cpp
-rw-r--r-- root/root     16025 2022-06-22 07:54 usr/doc/cimg-3.1.4/examples/radon_transform2d.cpp
-rw-r--r-- root/root      6401 2022-06-22 07:54 usr/doc/cimg-3.1.4/examples/scene3d.cpp
-rw-r--r-- root/root      5114 2022-06-22 07:54 usr/doc/cimg-3.1.4/examples/spherical_function3d.cpp
-rw-r--r-- root/root      9928 2022-06-22 07:54 usr/doc/cimg-3.1.4/examples/tetris.cpp
-rw-r--r-- root/root      8334 2022-06-22 07:54 usr/doc/cimg-3.1.4/examples/tron.cpp
-rw-r--r-- root/root      6112 2022-06-22 07:54 usr/doc/cimg-3.1.4/examples/tutorial.cpp
-rw-r--r-- root/root      4953 2022-06-22 07:54 usr/doc/cimg-3.1.4/examples/use_RGBclass.cpp
-rw-r--r-- root/root      3142 2022-06-22 07:54 usr/doc/cimg-3.1.4/examples/use_chlpca.cpp
-rw-r--r-- root/root      5336 2022-06-22 07:54 usr/doc/cimg-3.1.4/examples/use_cimgIPL.cpp
-rw-r--r-- root/root      3112 2022-06-22 07:54 usr/doc/cimg-3.1.4/examples/use_cimgmatlab.cpp
-rw-r--r-- root/root      1242 2022-06-22 07:54 usr/doc/cimg-3.1.4/examples/use_cimgmatlab.m
-rw-r--r-- root/root      5525 2022-06-22 07:54 usr/doc/cimg-3.1.4/examples/use_draw_gradient.cpp
-rw-r--r-- root/root      4709 2022-06-22 07:54 usr/doc/cimg-3.1.4/examples/use_jpeg_buffer.cpp
-rw-r--r-- root/root      5524 2022-06-22 07:54 usr/doc/cimg-3.1.4/examples/use_nlmeans.cpp
-rw-r--r-- root/root      4875 2022-06-22 07:54 usr/doc/cimg-3.1.4/examples/use_skeleton.cpp
-rw-r--r-- root/root      2960 2022-06-22 07:54 usr/doc/cimg-3.1.4/examples/use_tiff_stream.cpp
-rw-r--r-- root/root      3825 2022-06-22 07:54 usr/doc/cimg-3.1.4/examples/use_tinymatwriter.cpp
-rw-r--r-- root/root      7368 2022-06-22 07:54 usr/doc/cimg-3.1.4/examples/wavelet_atrous.cpp
drwxr-xr-x root/root         0 2022-06-22 12:54 usr/include/
drwxr-xr-x root/root         0 2022-06-22 12:54 usr/include/CImg/
-rw-r--r-- root/root   3275150 2022-06-22 12:54 usr/include/CImg/CImg.h
drwxr-xr-x root/root         0 2022-06-22 12:54 usr/share/
drwxr-xr-x root/root         0 2022-06-22 12:54 usr/share/CImg/
drwxr-xr-x root/root         0 2022-06-22 12:54 usr/share/CImg/plugins/
-rw-r--r-- root/root      3268 2022-06-22 12:54 usr/share/CImg/plugins/add_fileformat.h
-rw-r--r-- root/root      8107 2022-06-22 12:54 usr/share/CImg/plugins/bayer.h
-rw-r--r-- root/root     13791 2022-06-22 12:54 usr/share/CImg/plugins/chlpca.h
-rw-r--r-- root/root     13908 2022-06-22 12:54 usr/share/CImg/plugins/cvMat.h
-rw-r--r-- root/root     12283 2022-06-22 12:54 usr/share/CImg/plugins/draw_gradient.h
-rw-r--r-- root/root     23172 2022-06-22 12:54 usr/share/CImg/plugins/inpaint.h
-rw-r--r-- root/root     14197 2022-06-22 12:54 usr/share/CImg/plugins/ipl.h
-rw-r--r-- root/root      5297 2022-06-22 12:54 usr/share/CImg/plugins/ipl_alt.h
-rw-r--r-- root/root     13047 2022-06-22 12:54 usr/share/CImg/plugins/jpeg_buffer.h
-rw-r--r-- root/root   1937207 2022-06-22 12:54 usr/share/CImg/plugins/loop_macros.h
-rw-r--r-- root/root     11041 2022-06-22 12:54 usr/share/CImg/plugins/matlab.h
-rw-r--r-- root/root     11715 2022-06-22 12:54 usr/share/CImg/plugins/nlmeans.h
-rw-r--r-- root/root     20507 2022-06-22 12:54 usr/share/CImg/plugins/skeleton.h
-rw-r--r-- root/root      6868 2022-06-22 12:54 usr/share/CImg/plugins/tiff_stream.h
-rw-r--r-- root/root      3792 2022-06-22 12:54 usr/share/CImg/plugins/tinymatwriter.h
-rw-r--r-- root/root     40757 2022-06-22 12:54 usr/share/CImg/plugins/vrml.h
-rw-r--r-- root/root      3854 2022-06-22 12:54 usr/share/CImg/plugins/vtk.h


