++========================================
||
||   Package:  ./libdbi/libdbi-0.9.0-x86_64-5cf.txz
||
++========================================
drwxr-xr-x root/root         0 2020-10-05 11:40 ./
drwxr-xr-x root/root         0 2020-10-05 11:40 install/
-rw-r--r-- root/root       180 2020-10-05 11:40 install/doinst.sh
-rw-r--r-- root/root       869 2020-10-05 11:40 install/slack-desc
drwxr-xr-x root/root         0 2020-10-05 11:40 usr/
drwxr-xr-x root/root         0 2020-10-05 11:40 usr/doc/
drwxr-xr-x root/root         0 2020-10-05 11:40 usr/doc/libdbi-0.9.0/
-rw-r--r-- root/root      1805 2010-03-21 15:10 usr/doc/libdbi-0.9.0/AUTHORS
-rw-r--r-- root/root     26532 2001-04-05 01:09 usr/doc/libdbi-0.9.0/COPYING
-rw-r--r-- root/root      5407 2013-03-12 01:10 usr/doc/libdbi-0.9.0/ChangeLog
-rw-r--r-- root/root      8068 2010-09-27 00:05 usr/doc/libdbi-0.9.0/INSTALL
-rw-r--r-- root/root      9001 2013-03-12 01:08 usr/doc/libdbi-0.9.0/NEWS
-rw-r--r-- root/root      5863 2013-02-03 23:38 usr/doc/libdbi-0.9.0/README
-rw-r--r-- root/root       950 2004-01-13 10:25 usr/doc/libdbi-0.9.0/TODO
drwxr-xr-x root/root         0 2020-10-05 11:40 usr/doc/libdbi-0.9.0/driver-guide/
-rw-r--r-- root/root    396279 2020-10-05 11:40 usr/doc/libdbi-0.9.0/driver-guide.pdf
-rw-r--r-- root/root      2635 2020-10-05 11:40 usr/doc/libdbi-0.9.0/driver-guide/contact.html
-rw-r--r-- root/root     21655 2020-10-05 11:40 usr/doc/libdbi-0.9.0/driver-guide/copying-fdl.html
-rw-r--r-- root/root      3756 2020-10-05 11:40 usr/doc/libdbi-0.9.0/driver-guide/databasedirectories.html
-rw-r--r-- root/root      3327 2020-10-05 11:40 usr/doc/libdbi-0.9.0/driver-guide/description.html
-rw-r--r-- root/root      4947 2020-10-05 11:40 usr/doc/libdbi-0.9.0/driver-guide/drivercaps.html
-rw-r--r-- root/root      4831 2020-10-05 11:40 usr/doc/libdbi-0.9.0/driver-guide/driverdata.html
-rw-r--r-- root/root      5050 2020-10-05 11:40 usr/doc/libdbi-0.9.0/driver-guide/driverfuncs-dbquery.html
-rw-r--r-- root/root      7602 2020-10-05 11:40 usr/doc/libdbi-0.9.0/driver-guide/driverfuncs-infrastructure.html
-rw-r--r-- root/root     18286 2020-10-05 11:40 usr/doc/libdbi-0.9.0/driver-guide/driverfuncs-publicdbquery.html
-rw-r--r-- root/root      6119 2020-10-05 11:40 usr/doc/libdbi-0.9.0/driver-guide/driverfuncs.html
-rw-r--r-- root/root      3079 2020-10-05 11:40 usr/doc/libdbi-0.9.0/driver-guide/driverinfrastructure.html
-rw-r--r-- root/root      2930 2020-10-05 11:40 usr/doc/libdbi-0.9.0/driver-guide/gnugpl.html
-rw-r--r-- root/root     16161 2020-10-05 11:40 usr/doc/libdbi-0.9.0/driver-guide/helperfuncs.html
-rw-r--r-- root/root      8697 2020-10-05 11:40 usr/doc/libdbi-0.9.0/driver-guide/index.html
-rw-r--r-- root/root      2282 2020-10-05 11:40 usr/doc/libdbi-0.9.0/driver-guide/intro.html
-rw-r--r-- root/root      2325 2020-10-05 11:40 usr/doc/libdbi-0.9.0/driver-guide/terminology.html
-rw-r--r-- root/root      3129 2020-10-05 11:40 usr/doc/libdbi-0.9.0/libdbi.SlackBuild
drwxr-xr-x root/root         0 2020-10-05 11:40 usr/doc/libdbi-0.9.0/programmers-guide/
-rw-r--r-- root/root   1059930 2020-10-05 11:40 usr/doc/libdbi-0.9.0/programmers-guide.pdf
-rw-r--r-- root/root      3817 2020-10-05 11:40 usr/doc/libdbi-0.9.0/programmers-guide/addtoproject.html
-rw-r--r-- root/root      3669 2020-10-05 11:40 usr/doc/libdbi-0.9.0/programmers-guide/buildinstall.html
-rw-r--r-- root/root      3309 2020-10-05 11:40 usr/doc/libdbi-0.9.0/programmers-guide/connerrors.html
-rw-r--r-- root/root      2861 2020-10-05 11:40 usr/doc/libdbi-0.9.0/programmers-guide/contact.html
-rw-r--r-- root/root     21696 2020-10-05 11:40 usr/doc/libdbi-0.9.0/programmers-guide/copying-fdl.html
-rw-r--r-- root/root      2538 2020-10-05 11:40 usr/doc/libdbi-0.9.0/programmers-guide/description.html
-rw-r--r-- root/root      4259 2020-10-05 11:40 usr/doc/libdbi-0.9.0/programmers-guide/errorhandling.html
-rw-r--r-- root/root      3632 2020-10-05 11:40 usr/doc/libdbi-0.9.0/programmers-guide/errornumbers.html
-rw-r--r-- root/root      2927 2020-10-05 11:40 usr/doc/libdbi-0.9.0/programmers-guide/gnugpl.html
-rw-r--r-- root/root     22194 2020-10-05 11:40 usr/doc/libdbi-0.9.0/programmers-guide/index.html
-rw-r--r-- root/root      2279 2020-10-05 11:40 usr/doc/libdbi-0.9.0/programmers-guide/intro.html
-rw-r--r-- root/root      2995 2020-10-05 11:40 usr/doc/libdbi-0.9.0/programmers-guide/libdbi-and-drivers-versions.html
-rw-r--r-- root/root      3527 2020-10-05 11:40 usr/doc/libdbi-0.9.0/programmers-guide/loadinglibdbi.html
-rw-r--r-- root/root      3772 2020-10-05 11:40 usr/doc/libdbi-0.9.0/programmers-guide/package-library-version.html
-rw-r--r-- root/root      4665 2020-10-05 11:40 usr/doc/libdbi-0.9.0/programmers-guide/quickstart-code.html
-rw-r--r-- root/root     16588 2020-10-05 11:40 usr/doc/libdbi-0.9.0/programmers-guide/quickstart-debriefing.html
-rw-r--r-- root/root      2475 2020-10-05 11:40 usr/doc/libdbi-0.9.0/programmers-guide/quickstart.html
-rw-r--r-- root/root     30476 2020-10-05 11:40 usr/doc/libdbi-0.9.0/programmers-guide/reference-conn.html
-rw-r--r-- root/root      8904 2020-10-05 11:40 usr/doc/libdbi-0.9.0/programmers-guide/reference-core.html
-rw-r--r-- root/root      6293 2020-10-05 11:40 usr/doc/libdbi-0.9.0/programmers-guide/reference-database.html
-rw-r--r-- root/root     19994 2020-10-05 11:40 usr/doc/libdbi-0.9.0/programmers-guide/reference-driver.html
-rw-r--r-- root/root     23456 2020-10-05 11:40 usr/doc/libdbi-0.9.0/programmers-guide/reference-field-idx.html
-rw-r--r-- root/root     18058 2020-10-05 11:40 usr/doc/libdbi-0.9.0/programmers-guide/reference-field-meta.html
-rw-r--r-- root/root     46071 2020-10-05 11:40 usr/doc/libdbi-0.9.0/programmers-guide/reference-field.html
-rw-r--r-- root/root     19144 2020-10-05 11:40 usr/doc/libdbi-0.9.0/programmers-guide/reference-query.html
-rw-r--r-- root/root     10701 2020-10-05 11:40 usr/doc/libdbi-0.9.0/programmers-guide/reference-results.html
-rw-r--r-- root/root     19175 2020-10-05 11:40 usr/doc/libdbi-0.9.0/programmers-guide/reference.html
-rw-r--r-- root/root      4115 2020-10-05 11:40 usr/doc/libdbi-0.9.0/programmers-guide/savepoints.html
-rw-r--r-- root/root      3080 2020-10-05 11:40 usr/doc/libdbi-0.9.0/programmers-guide/terminology.html
-rw-r--r-- root/root      2734 2020-10-05 11:40 usr/doc/libdbi-0.9.0/programmers-guide/threads.html
-rw-r--r-- root/root      2499 2020-10-05 11:40 usr/doc/libdbi-0.9.0/programmers-guide/transactions-savepoints.html
-rw-r--r-- root/root      4255 2020-10-05 11:40 usr/doc/libdbi-0.9.0/programmers-guide/transactions.html
-rw-r--r-- root/root      2624 2020-10-05 11:40 usr/doc/libdbi-0.9.0/programmers-guide/version-at-runtime.html
-rw-r--r-- root/root      3374 2020-10-05 11:40 usr/doc/libdbi-0.9.0/programmers-guide/versioning.html
drwxr-xr-x root/root         0 2020-10-05 11:40 usr/include/
drwxr-xr-x root/root         0 2020-10-05 11:40 usr/include/dbi/
-rw-r--r-- root/root      4487 2020-10-05 11:40 usr/include/dbi/dbd.h
-rw-r--r-- root/root      7544 2020-10-05 11:40 usr/include/dbi/dbi-dev.h
-rw-r--r-- root/root     18545 2020-10-05 11:40 usr/include/dbi/dbi.h
drwxr-xr-x root/root         0 2020-10-05 11:40 usr/lib64/
-rwxr-xr-x root/root     72584 2020-10-05 11:40 usr/lib64/libdbi.so.1.1.0
drwxr-xr-x root/root         0 2020-10-05 11:40 usr/lib64/pkgconfig/
-rw-r--r-- root/root       239 2020-10-05 11:40 usr/lib64/pkgconfig/dbi.pc


