++========================================
||
||   Package:  ./secretstorage/secretstorage-3.3.1-x86_64-1cf.txz
||
++========================================
drwxr-xr-x root/root         0 2021-02-11 16:48 ./
drwxr-xr-x root/root         0 2021-02-11 16:48 install/
-rw-r--r-- root/root       829 2021-02-11 16:48 install/slack-desc
drwxr-xr-x root/root         0 2021-02-11 16:48 usr/
drwxr-xr-x root/root         0 2021-02-11 16:48 usr/doc/
drwxr-xr-x root/root         0 2021-02-11 16:48 usr/doc/secretstorage-3.3.1/
-rw-r--r-- root/root      1504 2018-09-02 20:50 usr/doc/secretstorage-3.3.1/LICENSE
-rw-r--r-- root/root      6866 2021-02-09 12:46 usr/doc/secretstorage-3.3.1/changelog
-rw-r--r-- root/root      3230 2021-02-11 16:48 usr/doc/secretstorage-3.3.1/secretstorage.SlackBuild
drwxr-xr-x root/root         0 2021-02-11 16:48 usr/lib64/
drwxr-xr-x root/root         0 2021-02-11 16:48 usr/lib64/python3.9/
drwxr-xr-x root/root         0 2021-02-11 16:48 usr/lib64/python3.9/site-packages/
drwxr-xr-x root/root         0 2021-02-11 16:48 usr/lib64/python3.9/site-packages/SecretStorage-3.3.1-py3.9.egg-info/
-rw-r--r-- root/root      4583 2021-02-11 16:48 usr/lib64/python3.9/site-packages/SecretStorage-3.3.1-py3.9.egg-info/PKG-INFO
-rw-r--r-- root/root       784 2021-02-11 16:48 usr/lib64/python3.9/site-packages/SecretStorage-3.3.1-py3.9.egg-info/SOURCES.txt
-rw-r--r-- root/root         1 2021-02-11 16:48 usr/lib64/python3.9/site-packages/SecretStorage-3.3.1-py3.9.egg-info/dependency_links.txt
-rw-r--r-- root/root        31 2021-02-11 16:48 usr/lib64/python3.9/site-packages/SecretStorage-3.3.1-py3.9.egg-info/requires.txt
-rw-r--r-- root/root        14 2021-02-11 16:48 usr/lib64/python3.9/site-packages/SecretStorage-3.3.1-py3.9.egg-info/top_level.txt
drwxr-xr-x root/root         0 2021-02-11 16:48 usr/lib64/python3.9/site-packages/secretstorage/
-rw-r--r-- root/root      3180 2021-02-09 13:01 usr/lib64/python3.9/site-packages/secretstorage/__init__.py
drwxr-xr-x root/root         0 2021-02-11 16:48 usr/lib64/python3.9/site-packages/secretstorage/__pycache__/
-rw-r--r-- root/root      3069 2021-02-11 16:48 usr/lib64/python3.9/site-packages/secretstorage/__pycache__/__init__.cpython-39.pyc
-rw-r--r-- root/root      8349 2021-02-11 16:48 usr/lib64/python3.9/site-packages/secretstorage/__pycache__/collection.cpython-39.pyc
-rw-r--r-- root/root       785 2021-02-11 16:48 usr/lib64/python3.9/site-packages/secretstorage/__pycache__/defines.cpython-39.pyc
-rw-r--r-- root/root      2302 2021-02-11 16:48 usr/lib64/python3.9/site-packages/secretstorage/__pycache__/dhcrypto.cpython-39.pyc
-rw-r--r-- root/root      2039 2021-02-11 16:48 usr/lib64/python3.9/site-packages/secretstorage/__pycache__/exceptions.cpython-39.pyc
-rw-r--r-- root/root      6085 2021-02-11 16:48 usr/lib64/python3.9/site-packages/secretstorage/__pycache__/item.cpython-39.pyc
-rw-r--r-- root/root      6198 2021-02-11 16:48 usr/lib64/python3.9/site-packages/secretstorage/__pycache__/util.cpython-39.pyc
-rw-r--r-- root/root      8408 2020-11-12 17:59 usr/lib64/python3.9/site-packages/secretstorage/collection.py
-rw-r--r-- root/root       824 2018-09-02 20:50 usr/lib64/python3.9/site-packages/secretstorage/defines.py
-rw-r--r-- root/root      2417 2021-02-08 19:18 usr/lib64/python3.9/site-packages/secretstorage/dhcrypto.py
-rw-r--r-- root/root      1576 2018-09-02 20:50 usr/lib64/python3.9/site-packages/secretstorage/exceptions.py
-rw-r--r-- root/root      5241 2020-11-12 17:59 usr/lib64/python3.9/site-packages/secretstorage/item.py
-rw-r--r-- root/root         0 2021-02-08 19:27 usr/lib64/python3.9/site-packages/secretstorage/py.typed
-rw-r--r-- root/root      6002 2021-02-08 19:18 usr/lib64/python3.9/site-packages/secretstorage/util.py


