++========================================
||
||   Package:  ./sleuthkit/sleuthkit-4.11.1-x86_64-1cf.txz
||
++========================================
drwxr-xr-x root/root         0 2021-11-12 14:20 ./
drwxr-xr-x root/root         0 2021-11-12 14:20 install/
-rw-r--r-- root/root       184 2021-11-12 14:20 install/doinst.sh
-rw-r--r-- root/root       840 2021-11-12 14:20 install/slack-desc
drwxr-xr-x root/root         0 2021-11-12 14:20 usr/
drwxr-xr-x root/root         0 2021-11-12 14:20 usr/bin/
-rwxr-xr-x root/root     14576 2021-11-12 14:20 usr/bin/blkcalc
-rwxr-xr-x root/root     14576 2021-11-12 14:20 usr/bin/blkcat
-rwxr-xr-x root/root     14584 2021-11-12 14:20 usr/bin/blkls
-rwxr-xr-x root/root     14576 2021-11-12 14:20 usr/bin/blkstat
-rwxr-xr-x root/root     14616 2021-11-12 14:20 usr/bin/fcat
-rwxr-xr-x root/root     14576 2021-11-12 14:20 usr/bin/ffind
-rwxr-xr-x root/root    139592 2021-11-12 14:20 usr/bin/fiwalk
-rwxr-xr-x root/root     18752 2021-11-12 14:20 usr/bin/fls
-rwxr-xr-x root/root     14576 2021-11-12 14:20 usr/bin/fsstat
-rwxr-xr-x root/root     14584 2021-11-12 14:20 usr/bin/hfind
-rwxr-xr-x root/root     14592 2021-11-12 14:20 usr/bin/icat
-rwxr-xr-x root/root     18760 2021-11-12 14:20 usr/bin/ifind
-rwxr-xr-x root/root     14600 2021-11-12 14:20 usr/bin/ils
-rwxr-xr-x root/root     14512 2021-11-12 14:20 usr/bin/img_cat
-rwxr-xr-x root/root     14496 2021-11-12 14:20 usr/bin/img_stat
-rwxr-xr-x root/root     14616 2021-11-12 14:20 usr/bin/istat
-rwxr-xr-x root/root     14552 2021-11-12 14:20 usr/bin/jcat
-rwxr-xr-x root/root     14544 2021-11-12 14:20 usr/bin/jls
-rwxr-xr-x root/root     14456 2021-11-12 14:20 usr/bin/jpeg_extract
-rwxr-xr-x root/root     27268 2021-11-12 14:20 usr/bin/mactime
-rwxr-xr-x root/root     14568 2021-11-12 14:20 usr/bin/mmcat
-rwxr-xr-x root/root     14560 2021-11-12 14:20 usr/bin/mmls
-rwxr-xr-x root/root     14544 2021-11-12 14:20 usr/bin/mmstat
-rwxr-xr-x root/root     14552 2021-11-12 14:20 usr/bin/pstat
-rwxr-xr-x root/root     14488 2021-11-12 14:20 usr/bin/sigfind
-rwxr-xr-x root/root     50401 2021-11-12 14:20 usr/bin/sorter
-rwxr-xr-x root/root     14520 2021-11-12 14:20 usr/bin/srch_strings
-rwxr-xr-x root/root     23152 2021-11-12 14:20 usr/bin/tsk_comparedir
-rwxr-xr-x root/root     18848 2021-11-12 14:20 usr/bin/tsk_gettimes
-rwxr-xr-x root/root     14608 2021-11-12 14:20 usr/bin/tsk_imageinfo
-rwxr-xr-x root/root     14680 2021-11-12 14:20 usr/bin/tsk_loaddb
-rwxr-xr-x root/root     19008 2021-11-12 14:20 usr/bin/tsk_recover
-rwxr-xr-x root/root     14568 2021-11-12 14:20 usr/bin/usnjls
drwxr-xr-x root/root         0 2021-11-12 14:20 usr/doc/
drwxr-xr-x root/root         0 2021-11-12 14:20 usr/doc/sleuthkit-4.11.1/
-rw-r--r-- root/root     11358 2021-10-30 00:34 usr/doc/sleuthkit-4.11.1/Apache-LICENSE-2.0.txt
-rw-r--r-- root/root       385 2021-10-30 00:34 usr/doc/sleuthkit-4.11.1/ChangeLog.txt
-rw-r--r-- root/root     18112 2021-10-30 00:34 usr/doc/sleuthkit-4.11.1/GNUv2-COPYING
-rw-r--r-- root/root     35149 2021-10-30 00:34 usr/doc/sleuthkit-4.11.1/GNUv3-COPYING
-rw-r--r-- root/root     11954 2021-10-30 00:34 usr/doc/sleuthkit-4.11.1/IBM-LICENSE
-rw-r--r-- root/root      4330 2021-10-30 00:34 usr/doc/sleuthkit-4.11.1/INSTALL.txt
-rw-r--r-- root/root     90464 2021-10-30 00:34 usr/doc/sleuthkit-4.11.1/NEWS.txt
-rw-r--r-- root/root      9085 2021-10-30 00:34 usr/doc/sleuthkit-4.11.1/README.md
-rw-r--r-- root/root      1559 2021-10-30 00:34 usr/doc/sleuthkit-4.11.1/bsd.txt
-rw-r--r-- root/root     11613 2021-10-30 00:34 usr/doc/sleuthkit-4.11.1/cpl1.0.txt
-rw-r--r-- root/root      1139 2021-10-30 00:34 usr/doc/sleuthkit-4.11.1/mit.txt
-rw-r--r-- root/root      3410 2021-11-12 14:20 usr/doc/sleuthkit-4.11.1/sleuthkit.SlackBuild
drwxr-xr-x root/root         0 2021-11-12 14:20 usr/include/
drwxr-xr-x root/root         0 2021-11-12 14:20 usr/include/tsk/
drwxr-xr-x root/root         0 2021-11-12 14:20 usr/include/tsk/auto/
-rw-r--r-- root/root      3399 2021-11-12 14:20 usr/include/tsk/auto/guid.h
-rw-r--r-- root/root     11543 2021-11-12 14:20 usr/include/tsk/auto/tsk_auto.h
-rw-r--r-- root/root      1532 2021-11-12 14:20 usr/include/tsk/auto/tsk_is_image_supported.h
drwxr-xr-x root/root         0 2021-11-12 14:20 usr/include/tsk/base/
-rw-r--r-- root/root     17277 2021-11-12 14:20 usr/include/tsk/base/tsk_base.h
-rw-r--r-- root/root      5234 2021-11-12 14:20 usr/include/tsk/base/tsk_os.h
drwxr-xr-x root/root         0 2021-11-12 14:20 usr/include/tsk/fs/
-rw-r--r-- root/root      2076 2021-11-12 14:20 usr/include/tsk/fs/apfs_compat.hpp
-rw-r--r-- root/root      1810 2021-11-12 14:20 usr/include/tsk/fs/apfs_fs.h
-rw-r--r-- root/root      4744 2021-11-12 14:20 usr/include/tsk/fs/apfs_fs.hpp
-rw-r--r-- root/root      3446 2021-11-12 14:20 usr/include/tsk/fs/decmpfs.h
-rw-r--r-- root/root     28768 2021-11-12 14:20 usr/include/tsk/fs/tsk_apfs.h
-rw-r--r-- root/root     32668 2021-11-12 14:20 usr/include/tsk/fs/tsk_apfs.hpp
-rw-r--r-- root/root     17049 2021-11-12 14:20 usr/include/tsk/fs/tsk_exfatfs.h
-rw-r--r-- root/root     25480 2021-11-12 14:20 usr/include/tsk/fs/tsk_ext2fs.h
-rw-r--r-- root/root     12990 2021-11-12 14:20 usr/include/tsk/fs/tsk_fatfs.h
-rw-r--r-- root/root      6610 2021-11-12 14:20 usr/include/tsk/fs/tsk_fatxxfs.h
-rw-r--r-- root/root     15547 2021-11-12 14:20 usr/include/tsk/fs/tsk_ffs.h
-rw-r--r-- root/root    113645 2021-11-12 14:20 usr/include/tsk/fs/tsk_fs.h
-rw-r--r-- root/root     31651 2021-11-12 14:20 usr/include/tsk/fs/tsk_hfs.h
-rw-r--r-- root/root     23439 2021-11-12 14:20 usr/include/tsk/fs/tsk_iso9660.h
-rw-r--r-- root/root     27224 2021-11-12 14:20 usr/include/tsk/fs/tsk_ntfs.h
-rw-r--r-- root/root      6697 2021-11-12 14:20 usr/include/tsk/fs/tsk_yaffs.h
drwxr-xr-x root/root         0 2021-11-12 14:20 usr/include/tsk/hashdb/
-rw-r--r-- root/root     12830 2021-11-12 14:20 usr/include/tsk/hashdb/tsk_hashdb.h
drwxr-xr-x root/root         0 2021-11-12 14:20 usr/include/tsk/img/
-rw-r--r-- root/root       564 2021-11-12 14:20 usr/include/tsk/img/pool.hpp
-rw-r--r-- root/root     13067 2021-11-12 14:20 usr/include/tsk/img/tsk_img.h
-rw-r--r-- root/root       478 2021-11-12 14:20 usr/include/tsk/libtsk.h
drwxr-xr-x root/root         0 2021-11-12 14:20 usr/include/tsk/pool/
-rw-r--r-- root/root       823 2021-11-12 14:20 usr/include/tsk/pool/apfs_pool_compat.hpp
-rw-r--r-- root/root      2344 2021-11-12 14:20 usr/include/tsk/pool/pool_compat.hpp
-rw-r--r-- root/root       513 2021-11-12 14:20 usr/include/tsk/pool/tsk_apfs.h
-rw-r--r-- root/root      3762 2021-11-12 14:20 usr/include/tsk/pool/tsk_apfs.hpp
-rw-r--r-- root/root      3870 2021-11-12 14:20 usr/include/tsk/pool/tsk_pool.h
-rw-r--r-- root/root      2221 2021-11-12 14:20 usr/include/tsk/pool/tsk_pool.hpp
-rw-r--r-- root/root       330 2021-11-12 14:20 usr/include/tsk/tsk_incs.h
drwxr-xr-x root/root         0 2021-11-12 14:20 usr/include/tsk/util/
-rw-r--r-- root/root      1798 2021-11-12 14:20 usr/include/tsk/util/crypto.hpp
-rw-r--r-- root/root      1024 2021-11-12 14:20 usr/include/tsk/util/detect_encryption.h
-rw-r--r-- root/root     11813 2021-11-12 14:20 usr/include/tsk/util/lw_shared_ptr.hpp
-rw-r--r-- root/root      1193 2021-11-12 14:20 usr/include/tsk/util/span.hpp
drwxr-xr-x root/root         0 2021-11-12 14:20 usr/include/tsk/vs/
-rw-r--r-- root/root      1674 2021-11-12 14:20 usr/include/tsk/vs/tsk_bsd.h
-rw-r--r-- root/root      1101 2021-11-12 14:20 usr/include/tsk/vs/tsk_dos.h
-rw-r--r-- root/root      1977 2021-11-12 14:20 usr/include/tsk/vs/tsk_gpt.h
-rw-r--r-- root/root      1219 2021-11-12 14:20 usr/include/tsk/vs/tsk_mac.h
-rw-r--r-- root/root      2628 2021-11-12 14:20 usr/include/tsk/vs/tsk_sun.h
-rw-r--r-- root/root     17311 2021-11-12 14:20 usr/include/tsk/vs/tsk_vs.h
drwxr-xr-x root/root         0 2021-11-12 14:20 usr/lib64/
-rwxr-xr-x root/root   1034704 2021-11-12 14:20 usr/lib64/libtsk.so.19.1.7
drwxr-xr-x root/root         0 2021-11-12 14:20 usr/lib64/pkgconfig/
-rw-r--r-- root/root       321 2021-11-12 14:20 usr/lib64/pkgconfig/tsk.pc
drwxr-xr-x root/root         0 2021-11-12 14:20 usr/man/
drwxr-xr-x root/root         0 2021-11-12 14:20 usr/man/man1/
-rw-r--r-- root/root      1116 2021-11-12 14:20 usr/man/man1/blkcalc.1.gz
-rw-r--r-- root/root      1204 2021-11-12 14:20 usr/man/man1/blkcat.1.gz
-rw-r--r-- root/root      1088 2021-11-12 14:20 usr/man/man1/blkls.1.gz
-rw-r--r-- root/root       823 2021-11-12 14:20 usr/man/man1/blkstat.1.gz
-rw-r--r-- root/root       957 2021-11-12 14:20 usr/man/man1/fcat.1.gz
-rw-r--r-- root/root       948 2021-11-12 14:20 usr/man/man1/ffind.1.gz
-rw-r--r-- root/root      1725 2021-11-12 14:20 usr/man/man1/fls.1.gz
-rw-r--r-- root/root       959 2021-11-12 14:20 usr/man/man1/fsstat.1.gz
-rw-r--r-- root/root      1955 2021-11-12 14:20 usr/man/man1/hfind.1.gz
-rw-r--r-- root/root      1084 2021-11-12 14:20 usr/man/man1/icat.1.gz
-rw-r--r-- root/root      1190 2021-11-12 14:20 usr/man/man1/ifind.1.gz
-rw-r--r-- root/root      1772 2021-11-12 14:20 usr/man/man1/ils.1.gz
-rw-r--r-- root/root       785 2021-11-12 14:20 usr/man/man1/img_cat.1.gz
-rw-r--r-- root/root       720 2021-11-12 14:20 usr/man/man1/img_stat.1.gz
-rw-r--r-- root/root      1052 2021-11-12 14:20 usr/man/man1/istat.1.gz
-rw-r--r-- root/root       862 2021-11-12 14:20 usr/man/man1/jcat.1.gz
-rw-r--r-- root/root       716 2021-11-12 14:20 usr/man/man1/jls.1.gz
-rw-r--r-- root/root      1263 2021-11-12 14:20 usr/man/man1/mactime.1.gz
-rw-r--r-- root/root       837 2021-11-12 14:20 usr/man/man1/mmcat.1.gz
-rw-r--r-- root/root      1477 2021-11-12 14:20 usr/man/man1/mmls.1.gz
-rw-r--r-- root/root       806 2021-11-12 14:20 usr/man/man1/mmstat.1.gz
-rw-r--r-- root/root       668 2021-11-12 14:20 usr/man/man1/sigfind.1.gz
-rw-r--r-- root/root      4533 2021-11-12 14:20 usr/man/man1/sorter.1.gz
-rw-r--r-- root/root       883 2021-11-12 14:20 usr/man/man1/tsk_comparedir.1.gz
-rw-r--r-- root/root      1059 2021-11-12 14:20 usr/man/man1/tsk_gettimes.1.gz
-rw-r--r-- root/root       984 2021-11-12 14:20 usr/man/man1/tsk_loaddb.1.gz
-rw-r--r-- root/root       937 2021-11-12 14:20 usr/man/man1/tsk_recover.1.gz
-rw-r--r-- root/root       785 2021-11-12 14:20 usr/man/man1/usnjls.1.gz
drwxr-xr-x root/root         0 2021-11-12 14:20 usr/share/
drwxr-xr-x root/root         0 2021-11-12 14:20 usr/share/tsk/
drwxr-xr-x root/root         0 2021-11-12 14:20 usr/share/tsk/sorter/
-rw-r--r-- root/root      4015 2021-11-12 14:20 usr/share/tsk/sorter/default.sort
-rw-r--r-- root/root      1405 2021-11-12 14:20 usr/share/tsk/sorter/freebsd.sort
-rw-r--r-- root/root       685 2021-11-12 14:20 usr/share/tsk/sorter/images.sort
-rw-r--r-- root/root      1354 2021-11-12 14:20 usr/share/tsk/sorter/linux.sort
-rw-r--r-- root/root      1405 2021-11-12 14:20 usr/share/tsk/sorter/openbsd.sort
-rw-r--r-- root/root      1301 2021-11-12 14:20 usr/share/tsk/sorter/solaris.sort
-rw-r--r-- root/root      2662 2021-11-12 14:20 usr/share/tsk/sorter/windows.sort


