++========================================
||
||   Package:  ./pycryptodomex/pycryptodomex-3.15.0-x86_64-1cf.txz
||
++========================================
drwxr-xr-x root/root         0 2022-06-23 11:26 ./
drwxr-xr-x root/root         0 2022-06-23 11:26 install/
-rw-r--r-- root/root       799 2022-06-23 11:26 install/slack-desc
drwxr-xr-x root/root         0 2022-06-23 11:26 usr/
drwxr-xr-x root/root         0 2022-06-23 11:26 usr/doc/
drwxr-xr-x root/root         0 2022-06-23 11:26 usr/doc/pycryptodomex-3.15.0/
-rw-r--r-- root/root       750 2022-06-22 23:00 usr/doc/pycryptodomex-3.15.0/AUTHORS.rst
-rw-r--r-- root/root     29749 2022-06-22 23:00 usr/doc/pycryptodomex-3.15.0/Changelog.rst
-rw-r--r-- root/root       944 2022-06-22 23:00 usr/doc/pycryptodomex-3.15.0/FuturePlans.rst
-rw-r--r-- root/root      7738 2022-06-22 23:00 usr/doc/pycryptodomex-3.15.0/INSTALL.rst
-rw-r--r-- root/root      2926 2022-06-22 23:00 usr/doc/pycryptodomex-3.15.0/LICENSE.rst
-rw-r--r-- root/root      3183 2022-06-22 23:00 usr/doc/pycryptodomex-3.15.0/README.rst
-rw-r--r-- root/root      3474 2022-06-23 11:26 usr/doc/pycryptodomex-3.15.0/pycryptodomex.SlackBuild
drwxr-xr-x root/root         0 2022-06-23 11:26 usr/lib64/
drwxr-xr-x root/root         0 2022-06-23 11:26 usr/lib64/python3.9/
drwxr-xr-x root/root         0 2022-06-23 11:26 usr/lib64/python3.9/site-packages/
drwxr-xr-x root/root         0 2022-06-23 11:26 usr/lib64/python3.9/site-packages/Cryptodome/
drwxr-xr-x root/root         0 2022-06-23 11:26 usr/lib64/python3.9/site-packages/Cryptodome/Cipher/
-rw-r--r-- root/root      9553 2022-06-22 23:00 usr/lib64/python3.9/site-packages/Cryptodome/Cipher/AES.py
-rw-r--r-- root/root      1387 2022-06-22 23:00 usr/lib64/python3.9/site-packages/Cryptodome/Cipher/AES.pyi
-rw-r--r-- root/root      7026 2022-06-22 23:00 usr/lib64/python3.9/site-packages/Cryptodome/Cipher/ARC2.py
-rw-r--r-- root/root       982 2022-06-22 23:00 usr/lib64/python3.9/site-packages/Cryptodome/Cipher/ARC2.pyi
-rw-r--r-- root/root      5168 2022-06-22 23:00 usr/lib64/python3.9/site-packages/Cryptodome/Cipher/ARC4.py
-rw-r--r-- root/root       431 2022-06-22 23:00 usr/lib64/python3.9/site-packages/Cryptodome/Cipher/ARC4.pyi
-rw-r--r-- root/root      5976 2022-06-22 23:00 usr/lib64/python3.9/site-packages/Cryptodome/Cipher/Blowfish.py
-rw-r--r-- root/root      1018 2022-06-22 23:00 usr/lib64/python3.9/site-packages/Cryptodome/Cipher/Blowfish.pyi
-rw-r--r-- root/root      6087 2022-06-22 23:00 usr/lib64/python3.9/site-packages/Cryptodome/Cipher/CAST.py
-rw-r--r-- root/root       983 2022-06-22 23:00 usr/lib64/python3.9/site-packages/Cryptodome/Cipher/CAST.pyi
-rw-r--r-- root/root     10780 2022-06-22 23:00 usr/lib64/python3.9/site-packages/Cryptodome/Cipher/ChaCha20.py
-rw-r--r-- root/root       762 2022-06-22 23:00 usr/lib64/python3.9/site-packages/Cryptodome/Cipher/ChaCha20.pyi
-rw-r--r-- root/root     11561 2022-06-22 23:00 usr/lib64/python3.9/site-packages/Cryptodome/Cipher/ChaCha20_Poly1305.py
-rw-r--r-- root/root      1068 2022-06-22 23:00 usr/lib64/python3.9/site-packages/Cryptodome/Cipher/ChaCha20_Poly1305.pyi
-rw-r--r-- root/root      5963 2022-06-22 23:00 usr/lib64/python3.9/site-packages/Cryptodome/Cipher/DES.py
-rw-r--r-- root/root       963 2022-06-22 23:00 usr/lib64/python3.9/site-packages/Cryptodome/Cipher/DES.pyi
-rw-r--r-- root/root      6941 2022-06-22 23:00 usr/lib64/python3.9/site-packages/Cryptodome/Cipher/DES3.py
-rw-r--r-- root/root      1033 2022-06-22 23:00 usr/lib64/python3.9/site-packages/Cryptodome/Cipher/DES3.pyi
-rw-r--r-- root/root      8883 2022-06-22 23:00 usr/lib64/python3.9/site-packages/Cryptodome/Cipher/PKCS1_OAEP.py
-rw-r--r-- root/root      1183 2022-06-22 23:00 usr/lib64/python3.9/site-packages/Cryptodome/Cipher/PKCS1_OAEP.pyi
-rw-r--r-- root/root      8173 2022-06-22 23:00 usr/lib64/python3.9/site-packages/Cryptodome/Cipher/PKCS1_v1_5.py
-rw-r--r-- root/root       690 2022-06-22 23:00 usr/lib64/python3.9/site-packages/Cryptodome/Cipher/PKCS1_v1_5.pyi
-rw-r--r-- root/root      6369 2022-06-22 23:00 usr/lib64/python3.9/site-packages/Cryptodome/Cipher/Salsa20.py
-rw-r--r-- root/root       744 2022-06-22 23:00 usr/lib64/python3.9/site-packages/Cryptodome/Cipher/Salsa20.pyi
-rwxr-xr-x root/root     14248 2022-06-23 11:26 usr/lib64/python3.9/site-packages/Cryptodome/Cipher/_ARC4.abi3.so
-rw-r--r-- root/root      5217 2022-06-22 23:00 usr/lib64/python3.9/site-packages/Cryptodome/Cipher/_EKSBlowfish.py
-rw-r--r-- root/root       270 2022-06-22 23:00 usr/lib64/python3.9/site-packages/Cryptodome/Cipher/_EKSBlowfish.pyi
-rwxr-xr-x root/root     14248 2022-06-23 11:26 usr/lib64/python3.9/site-packages/Cryptodome/Cipher/_Salsa20.abi3.so
-rw-r--r-- root/root      2888 2022-06-22 23:00 usr/lib64/python3.9/site-packages/Cryptodome/Cipher/__init__.py
-rw-r--r-- root/root         0 2022-06-22 23:00 usr/lib64/python3.9/site-packages/Cryptodome/Cipher/__init__.pyi
drwxr-xr-x root/root         0 2022-06-23 11:26 usr/lib64/python3.9/site-packages/Cryptodome/Cipher/__pycache__/
-rw-r--r-- root/root      8174 2022-06-23 11:26 usr/lib64/python3.9/site-packages/Cryptodome/Cipher/__pycache__/AES.cpython-39.pyc
-rw-r--r-- root/root      5843 2022-06-23 11:26 usr/lib64/python3.9/site-packages/Cryptodome/Cipher/__pycache__/ARC2.cpython-39.pyc
-rw-r--r-- root/root      3748 2022-06-23 11:26 usr/lib64/python3.9/site-packages/Cryptodome/Cipher/__pycache__/ARC4.cpython-39.pyc
-rw-r--r-- root/root      4978 2022-06-23 11:26 usr/lib64/python3.9/site-packages/Cryptodome/Cipher/__pycache__/Blowfish.cpython-39.pyc
-rw-r--r-- root/root      5091 2022-06-23 11:26 usr/lib64/python3.9/site-packages/Cryptodome/Cipher/__pycache__/CAST.cpython-39.pyc
-rw-r--r-- root/root      7433 2022-06-23 11:26 usr/lib64/python3.9/site-packages/Cryptodome/Cipher/__pycache__/ChaCha20.cpython-39.pyc
-rw-r--r-- root/root      9916 2022-06-23 11:26 usr/lib64/python3.9/site-packages/Cryptodome/Cipher/__pycache__/ChaCha20_Poly1305.cpython-39.pyc
-rw-r--r-- root/root      4980 2022-06-23 11:26 usr/lib64/python3.9/site-packages/Cryptodome/Cipher/__pycache__/DES.cpython-39.pyc
-rw-r--r-- root/root      6191 2022-06-23 11:26 usr/lib64/python3.9/site-packages/Cryptodome/Cipher/__pycache__/DES3.cpython-39.pyc
-rw-r--r-- root/root      7148 2022-06-23 11:26 usr/lib64/python3.9/site-packages/Cryptodome/Cipher/__pycache__/PKCS1_OAEP.cpython-39.pyc
-rw-r--r-- root/root      6641 2022-06-23 11:26 usr/lib64/python3.9/site-packages/Cryptodome/Cipher/__pycache__/PKCS1_v1_5.cpython-39.pyc
-rw-r--r-- root/root      4615 2022-06-23 11:26 usr/lib64/python3.9/site-packages/Cryptodome/Cipher/__pycache__/Salsa20.cpython-39.pyc
-rw-r--r-- root/root      3472 2022-06-23 11:26 usr/lib64/python3.9/site-packages/Cryptodome/Cipher/__pycache__/_EKSBlowfish.cpython-39.pyc
-rw-r--r-- root/root      1722 2022-06-23 11:26 usr/lib64/python3.9/site-packages/Cryptodome/Cipher/__pycache__/__init__.cpython-39.pyc
-rw-r--r-- root/root      7485 2022-06-23 11:26 usr/lib64/python3.9/site-packages/Cryptodome/Cipher/__pycache__/_mode_cbc.cpython-39.pyc
-rw-r--r-- root/root     18045 2022-06-23 11:26 usr/lib64/python3.9/site-packages/Cryptodome/Cipher/__pycache__/_mode_ccm.cpython-39.pyc
-rw-r--r-- root/root      7851 2022-06-23 11:26 usr/lib64/python3.9/site-packages/Cryptodome/Cipher/__pycache__/_mode_cfb.cpython-39.pyc
-rw-r--r-- root/root     11077 2022-06-23 11:26 usr/lib64/python3.9/site-packages/Cryptodome/Cipher/__pycache__/_mode_ctr.cpython-39.pyc
-rw-r--r-- root/root     12331 2022-06-23 11:26 usr/lib64/python3.9/site-packages/Cryptodome/Cipher/__pycache__/_mode_eax.cpython-39.pyc
-rw-r--r-- root/root      5870 2022-06-23 11:26 usr/lib64/python3.9/site-packages/Cryptodome/Cipher/__pycache__/_mode_ecb.cpython-39.pyc
-rw-r--r-- root/root     17117 2022-06-23 11:26 usr/lib64/python3.9/site-packages/Cryptodome/Cipher/__pycache__/_mode_gcm.cpython-39.pyc
-rw-r--r-- root/root     14710 2022-06-23 11:26 usr/lib64/python3.9/site-packages/Cryptodome/Cipher/__pycache__/_mode_ocb.cpython-39.pyc
-rw-r--r-- root/root      7420 2022-06-23 11:26 usr/lib64/python3.9/site-packages/Cryptodome/Cipher/__pycache__/_mode_ofb.cpython-39.pyc
-rw-r--r-- root/root      4817 2022-06-23 11:26 usr/lib64/python3.9/site-packages/Cryptodome/Cipher/__pycache__/_mode_openpgp.cpython-39.pyc
-rw-r--r-- root/root     11906 2022-06-23 11:26 usr/lib64/python3.9/site-packages/Cryptodome/Cipher/__pycache__/_mode_siv.cpython-39.pyc
-rwxr-xr-x root/root     14264 2022-06-23 11:26 usr/lib64/python3.9/site-packages/Cryptodome/Cipher/_chacha20.abi3.so
-rw-r--r-- root/root     10971 2022-06-22 23:00 usr/lib64/python3.9/site-packages/Cryptodome/Cipher/_mode_cbc.py
-rw-r--r-- root/root       691 2022-06-22 23:00 usr/lib64/python3.9/site-packages/Cryptodome/Cipher/_mode_cbc.pyi
-rw-r--r-- root/root     24476 2022-06-22 23:00 usr/lib64/python3.9/site-packages/Cryptodome/Cipher/_mode_ccm.py
-rw-r--r-- root/root      1600 2022-06-22 23:00 usr/lib64/python3.9/site-packages/Cryptodome/Cipher/_mode_ccm.pyi
-rw-r--r-- root/root     10821 2022-06-22 23:00 usr/lib64/python3.9/site-packages/Cryptodome/Cipher/_mode_cfb.py
-rw-r--r-- root/root       731 2022-06-22 23:00 usr/lib64/python3.9/site-packages/Cryptodome/Cipher/_mode_cfb.pyi
-rw-r--r-- root/root     15870 2022-06-22 23:00 usr/lib64/python3.9/site-packages/Cryptodome/Cipher/_mode_ctr.py
-rw-r--r-- root/root       804 2022-06-22 23:00 usr/lib64/python3.9/site-packages/Cryptodome/Cipher/_mode_ctr.pyi
-rw-r--r-- root/root     14543 2022-06-22 23:00 usr/lib64/python3.9/site-packages/Cryptodome/Cipher/_mode_eax.py
-rw-r--r-- root/root      1545 2022-06-22 23:00 usr/lib64/python3.9/site-packages/Cryptodome/Cipher/_mode_eax.pyi
-rw-r--r-- root/root      8321 2022-06-22 23:00 usr/lib64/python3.9/site-packages/Cryptodome/Cipher/_mode_ecb.py
-rw-r--r-- root/root       596 2022-06-22 23:00 usr/lib64/python3.9/site-packages/Cryptodome/Cipher/_mode_ecb.pyi
-rw-r--r-- root/root     21402 2022-06-22 23:00 usr/lib64/python3.9/site-packages/Cryptodome/Cipher/_mode_gcm.py
-rw-r--r-- root/root      1541 2022-06-22 23:00 usr/lib64/python3.9/site-packages/Cryptodome/Cipher/_mode_gcm.pyi
-rw-r--r-- root/root     19838 2022-06-22 23:00 usr/lib64/python3.9/site-packages/Cryptodome/Cipher/_mode_ocb.py
-rw-r--r-- root/root      1231 2022-06-22 23:00 usr/lib64/python3.9/site-packages/Cryptodome/Cipher/_mode_ocb.pyi
-rw-r--r-- root/root     10301 2022-06-22 23:00 usr/lib64/python3.9/site-packages/Cryptodome/Cipher/_mode_ofb.py
-rw-r--r-- root/root       695 2022-06-22 23:00 usr/lib64/python3.9/site-packages/Cryptodome/Cipher/_mode_ofb.pyi
-rw-r--r-- root/root      7061 2022-06-22 23:00 usr/lib64/python3.9/site-packages/Cryptodome/Cipher/_mode_openpgp.py
-rw-r--r-- root/root       556 2022-06-22 23:00 usr/lib64/python3.9/site-packages/Cryptodome/Cipher/_mode_openpgp.pyi
-rw-r--r-- root/root     14094 2022-06-22 23:00 usr/lib64/python3.9/site-packages/Cryptodome/Cipher/_mode_siv.py
-rw-r--r-- root/root      1261 2022-06-22 23:00 usr/lib64/python3.9/site-packages/Cryptodome/Cipher/_mode_siv.pyi
-rwxr-xr-x root/root     14264 2022-06-23 11:26 usr/lib64/python3.9/site-packages/Cryptodome/Cipher/_pkcs1_decode.abi3.so
-rwxr-xr-x root/root     30632 2022-06-23 11:26 usr/lib64/python3.9/site-packages/Cryptodome/Cipher/_raw_aes.abi3.so
-rwxr-xr-x root/root     14264 2022-06-23 11:26 usr/lib64/python3.9/site-packages/Cryptodome/Cipher/_raw_aesni.abi3.so
-rwxr-xr-x root/root     14256 2022-06-23 11:26 usr/lib64/python3.9/site-packages/Cryptodome/Cipher/_raw_arc2.abi3.so
-rwxr-xr-x root/root     18344 2022-06-23 11:26 usr/lib64/python3.9/site-packages/Cryptodome/Cipher/_raw_blowfish.abi3.so
-rwxr-xr-x root/root     22448 2022-06-23 11:26 usr/lib64/python3.9/site-packages/Cryptodome/Cipher/_raw_cast.abi3.so
-rwxr-xr-x root/root     14184 2022-06-23 11:26 usr/lib64/python3.9/site-packages/Cryptodome/Cipher/_raw_cbc.abi3.so
-rwxr-xr-x root/root     14272 2022-06-23 11:26 usr/lib64/python3.9/site-packages/Cryptodome/Cipher/_raw_cfb.abi3.so
-rwxr-xr-x root/root     14280 2022-06-23 11:26 usr/lib64/python3.9/site-packages/Cryptodome/Cipher/_raw_ctr.abi3.so
-rwxr-xr-x root/root     47016 2022-06-23 11:26 usr/lib64/python3.9/site-packages/Cryptodome/Cipher/_raw_des.abi3.so
-rwxr-xr-x root/root     47016 2022-06-23 11:26 usr/lib64/python3.9/site-packages/Cryptodome/Cipher/_raw_des3.abi3.so
-rwxr-xr-x root/root     14160 2022-06-23 11:26 usr/lib64/python3.9/site-packages/Cryptodome/Cipher/_raw_ecb.abi3.so
-rwxr-xr-x root/root     18344 2022-06-23 11:26 usr/lib64/python3.9/site-packages/Cryptodome/Cipher/_raw_eksblowfish.abi3.so
-rwxr-xr-x root/root     14264 2022-06-23 11:26 usr/lib64/python3.9/site-packages/Cryptodome/Cipher/_raw_ocb.abi3.so
-rwxr-xr-x root/root     14192 2022-06-23 11:26 usr/lib64/python3.9/site-packages/Cryptodome/Cipher/_raw_ofb.abi3.so
drwxr-xr-x root/root         0 2022-06-23 11:26 usr/lib64/python3.9/site-packages/Cryptodome/Hash/
-rw-r--r-- root/root      9440 2022-06-22 23:00 usr/lib64/python3.9/site-packages/Cryptodome/Hash/BLAKE2b.py
-rw-r--r-- root/root       906 2022-06-22 23:00 usr/lib64/python3.9/site-packages/Cryptodome/Hash/BLAKE2b.pyi
-rw-r--r-- root/root      9446 2022-06-22 23:00 usr/lib64/python3.9/site-packages/Cryptodome/Hash/BLAKE2s.py
-rw-r--r-- root/root       739 2022-06-22 23:00 usr/lib64/python3.9/site-packages/Cryptodome/Hash/BLAKE2s.pyi
-rw-r--r-- root/root     10379 2022-06-22 23:00 usr/lib64/python3.9/site-packages/Cryptodome/Hash/CMAC.py
-rw-r--r-- root/root       822 2022-06-22 23:00 usr/lib64/python3.9/site-packages/Cryptodome/Hash/CMAC.pyi
-rw-r--r-- root/root      7048 2022-06-22 23:00 usr/lib64/python3.9/site-packages/Cryptodome/Hash/HMAC.py
-rw-r--r-- root/root       624 2022-06-22 23:00 usr/lib64/python3.9/site-packages/Cryptodome/Hash/HMAC.pyi
-rw-r--r-- root/root      5957 2022-06-22 23:00 usr/lib64/python3.9/site-packages/Cryptodome/Hash/KMAC128.py
-rw-r--r-- root/root       903 2022-06-22 23:00 usr/lib64/python3.9/site-packages/Cryptodome/Hash/KMAC128.pyi
-rw-r--r-- root/root      2910 2022-06-22 23:00 usr/lib64/python3.9/site-packages/Cryptodome/Hash/KMAC256.py
-rw-r--r-- root/root       226 2022-06-22 23:00 usr/lib64/python3.9/site-packages/Cryptodome/Hash/KMAC256.pyi
-rw-r--r-- root/root      9041 2022-06-22 23:00 usr/lib64/python3.9/site-packages/Cryptodome/Hash/KangarooTwelve.py
-rw-r--r-- root/root       572 2022-06-22 23:00 usr/lib64/python3.9/site-packages/Cryptodome/Hash/KangarooTwelve.pyi
-rw-r--r-- root/root      6123 2022-06-22 23:00 usr/lib64/python3.9/site-packages/Cryptodome/Hash/MD2.py
-rw-r--r-- root/root       492 2022-06-22 23:00 usr/lib64/python3.9/site-packages/Cryptodome/Hash/MD2.pyi
-rw-r--r-- root/root      6598 2022-06-22 23:00 usr/lib64/python3.9/site-packages/Cryptodome/Hash/MD4.py
-rw-r--r-- root/root       532 2022-06-22 23:00 usr/lib64/python3.9/site-packages/Cryptodome/Hash/MD4.pyi
-rw-r--r-- root/root      6630 2022-06-22 23:00 usr/lib64/python3.9/site-packages/Cryptodome/Hash/MD5.py
-rw-r--r-- root/root       492 2022-06-22 23:00 usr/lib64/python3.9/site-packages/Cryptodome/Hash/MD5.pyi
-rw-r--r-- root/root      8106 2022-06-22 23:00 usr/lib64/python3.9/site-packages/Cryptodome/Hash/Poly1305.py
-rw-r--r-- root/root       665 2022-06-22 23:00 usr/lib64/python3.9/site-packages/Cryptodome/Hash/Poly1305.pyi
-rw-r--r-- root/root      1211 2022-06-22 23:00 usr/lib64/python3.9/site-packages/Cryptodome/Hash/RIPEMD.py
-rw-r--r-- root/root        98 2022-06-22 23:00 usr/lib64/python3.9/site-packages/Cryptodome/Hash/RIPEMD.pyi
-rw-r--r-- root/root      6410 2022-06-22 23:00 usr/lib64/python3.9/site-packages/Cryptodome/Hash/RIPEMD160.py
-rw-r--r-- root/root       516 2022-06-22 23:00 usr/lib64/python3.9/site-packages/Cryptodome/Hash/RIPEMD160.pyi
-rw-r--r-- root/root      1156 2022-06-22 23:00 usr/lib64/python3.9/site-packages/Cryptodome/Hash/SHA.py
-rw-r--r-- root/root       169 2022-06-22 23:00 usr/lib64/python3.9/site-packages/Cryptodome/Hash/SHA.pyi
-rw-r--r-- root/root      6702 2022-06-22 23:00 usr/lib64/python3.9/site-packages/Cryptodome/Hash/SHA1.py
-rw-r--r-- root/root       536 2022-06-22 23:00 usr/lib64/python3.9/site-packages/Cryptodome/Hash/SHA1.pyi
-rw-r--r-- root/root      6913 2022-06-22 23:00 usr/lib64/python3.9/site-packages/Cryptodome/Hash/SHA224.py
-rw-r--r-- root/root       544 2022-06-22 23:00 usr/lib64/python3.9/site-packages/Cryptodome/Hash/SHA224.pyi
-rw-r--r-- root/root      6909 2022-06-22 23:00 usr/lib64/python3.9/site-packages/Cryptodome/Hash/SHA256.py
-rw-r--r-- root/root       612 2022-06-22 23:00 usr/lib64/python3.9/site-packages/Cryptodome/Hash/SHA256.pyi
-rw-r--r-- root/root      6911 2022-06-22 23:00 usr/lib64/python3.9/site-packages/Cryptodome/Hash/SHA384.py
-rw-r--r-- root/root       544 2022-06-22 23:00 usr/lib64/python3.9/site-packages/Cryptodome/Hash/SHA384.pyi
-rw-r--r-- root/root      6191 2022-06-22 23:00 usr/lib64/python3.9/site-packages/Cryptodome/Hash/SHA3_224.py
-rw-r--r-- root/root       605 2022-06-22 23:00 usr/lib64/python3.9/site-packages/Cryptodome/Hash/SHA3_224.pyi
-rw-r--r-- root/root      6191 2022-06-22 23:00 usr/lib64/python3.9/site-packages/Cryptodome/Hash/SHA3_256.py
-rw-r--r-- root/root       605 2022-06-22 23:00 usr/lib64/python3.9/site-packages/Cryptodome/Hash/SHA3_256.pyi
-rw-r--r-- root/root      6286 2022-06-22 23:00 usr/lib64/python3.9/site-packages/Cryptodome/Hash/SHA3_384.py
-rw-r--r-- root/root       605 2022-06-22 23:00 usr/lib64/python3.9/site-packages/Cryptodome/Hash/SHA3_384.pyi
-rw-r--r-- root/root      6143 2022-06-22 23:00 usr/lib64/python3.9/site-packages/Cryptodome/Hash/SHA3_512.py
-rw-r--r-- root/root       605 2022-06-22 23:00 usr/lib64/python3.9/site-packages/Cryptodome/Hash/SHA3_512.pyi
-rw-r--r-- root/root      7732 2022-06-22 23:00 usr/lib64/python3.9/site-packages/Cryptodome/Hash/SHA512.py
-rw-r--r-- root/root       622 2022-06-22 23:00 usr/lib64/python3.9/site-packages/Cryptodome/Hash/SHA512.pyi
-rw-r--r-- root/root      4773 2022-06-22 23:00 usr/lib64/python3.9/site-packages/Cryptodome/Hash/SHAKE128.py
-rw-r--r-- root/root       437 2022-06-22 23:00 usr/lib64/python3.9/site-packages/Cryptodome/Hash/SHAKE128.pyi
-rw-r--r-- root/root      4774 2022-06-22 23:00 usr/lib64/python3.9/site-packages/Cryptodome/Hash/SHAKE256.py
-rw-r--r-- root/root       437 2022-06-22 23:00 usr/lib64/python3.9/site-packages/Cryptodome/Hash/SHAKE256.pyi
-rw-r--r-- root/root      4724 2022-06-22 23:00 usr/lib64/python3.9/site-packages/Cryptodome/Hash/TupleHash128.py
-rw-r--r-- root/root       652 2022-06-22 23:00 usr/lib64/python3.9/site-packages/Cryptodome/Hash/TupleHash128.pyi
-rw-r--r-- root/root      2910 2022-06-22 23:00 usr/lib64/python3.9/site-packages/Cryptodome/Hash/TupleHash256.py
-rw-r--r-- root/root       144 2022-06-22 23:00 usr/lib64/python3.9/site-packages/Cryptodome/Hash/TupleHash256.pyi
-rwxr-xr-x root/root     14256 2022-06-23 11:26 usr/lib64/python3.9/site-packages/Cryptodome/Hash/_BLAKE2b.abi3.so
-rwxr-xr-x root/root     14256 2022-06-23 11:26 usr/lib64/python3.9/site-packages/Cryptodome/Hash/_BLAKE2s.abi3.so
-rwxr-xr-x root/root     14272 2022-06-23 11:26 usr/lib64/python3.9/site-packages/Cryptodome/Hash/_MD2.abi3.so
-rwxr-xr-x root/root     14272 2022-06-23 11:26 usr/lib64/python3.9/site-packages/Cryptodome/Hash/_MD4.abi3.so
-rwxr-xr-x root/root     14272 2022-06-23 11:26 usr/lib64/python3.9/site-packages/Cryptodome/Hash/_MD5.abi3.so
-rwxr-xr-x root/root     14256 2022-06-23 11:26 usr/lib64/python3.9/site-packages/Cryptodome/Hash/_RIPEMD160.abi3.so
-rwxr-xr-x root/root     18368 2022-06-23 11:26 usr/lib64/python3.9/site-packages/Cryptodome/Hash/_SHA1.abi3.so
-rwxr-xr-x root/root     22472 2022-06-23 11:26 usr/lib64/python3.9/site-packages/Cryptodome/Hash/_SHA224.abi3.so
-rwxr-xr-x root/root     22472 2022-06-23 11:26 usr/lib64/python3.9/site-packages/Cryptodome/Hash/_SHA256.abi3.so
-rwxr-xr-x root/root     26568 2022-06-23 11:26 usr/lib64/python3.9/site-packages/Cryptodome/Hash/_SHA384.abi3.so
-rwxr-xr-x root/root     26568 2022-06-23 11:26 usr/lib64/python3.9/site-packages/Cryptodome/Hash/_SHA512.abi3.so
-rw-r--r-- root/root      1239 2022-06-22 23:00 usr/lib64/python3.9/site-packages/Cryptodome/Hash/__init__.py
-rw-r--r-- root/root         0 2022-06-22 23:00 usr/lib64/python3.9/site-packages/Cryptodome/Hash/__init__.pyi
drwxr-xr-x root/root         0 2022-06-23 11:26 usr/lib64/python3.9/site-packages/Cryptodome/Hash/__pycache__/
-rw-r--r-- root/root      7257 2022-06-23 11:26 usr/lib64/python3.9/site-packages/Cryptodome/Hash/__pycache__/BLAKE2b.cpython-39.pyc
-rw-r--r-- root/root      7263 2022-06-23 11:26 usr/lib64/python3.9/site-packages/Cryptodome/Hash/__pycache__/BLAKE2s.cpython-39.pyc
-rw-r--r-- root/root      7566 2022-06-23 11:26 usr/lib64/python3.9/site-packages/Cryptodome/Hash/__pycache__/CMAC.cpython-39.pyc
-rw-r--r-- root/root      5416 2022-06-23 11:26 usr/lib64/python3.9/site-packages/Cryptodome/Hash/__pycache__/HMAC.cpython-39.pyc
-rw-r--r-- root/root      4919 2022-06-23 11:26 usr/lib64/python3.9/site-packages/Cryptodome/Hash/__pycache__/KMAC128.cpython-39.pyc
-rw-r--r-- root/root      1518 2022-06-23 11:26 usr/lib64/python3.9/site-packages/Cryptodome/Hash/__pycache__/KMAC256.cpython-39.pyc
-rw-r--r-- root/root      5386 2022-06-23 11:26 usr/lib64/python3.9/site-packages/Cryptodome/Hash/__pycache__/KangarooTwelve.cpython-39.pyc
-rw-r--r-- root/root      4487 2022-06-23 11:26 usr/lib64/python3.9/site-packages/Cryptodome/Hash/__pycache__/MD2.cpython-39.pyc
-rw-r--r-- root/root      4977 2022-06-23 11:26 usr/lib64/python3.9/site-packages/Cryptodome/Hash/__pycache__/MD4.cpython-39.pyc
-rw-r--r-- root/root      5401 2022-06-23 11:26 usr/lib64/python3.9/site-packages/Cryptodome/Hash/__pycache__/MD5.cpython-39.pyc
-rw-r--r-- root/root      6816 2022-06-23 11:26 usr/lib64/python3.9/site-packages/Cryptodome/Hash/__pycache__/Poly1305.cpython-39.pyc
-rw-r--r-- root/root       312 2022-06-23 11:26 usr/lib64/python3.9/site-packages/Cryptodome/Hash/__pycache__/RIPEMD.cpython-39.pyc
-rw-r--r-- root/root      4727 2022-06-23 11:26 usr/lib64/python3.9/site-packages/Cryptodome/Hash/__pycache__/RIPEMD160.cpython-39.pyc
-rw-r--r-- root/root       257 2022-06-23 11:26 usr/lib64/python3.9/site-packages/Cryptodome/Hash/__pycache__/SHA.cpython-39.pyc
-rw-r--r-- root/root      5424 2022-06-23 11:26 usr/lib64/python3.9/site-packages/Cryptodome/Hash/__pycache__/SHA1.cpython-39.pyc
-rw-r--r-- root/root      5601 2022-06-23 11:26 usr/lib64/python3.9/site-packages/Cryptodome/Hash/__pycache__/SHA224.cpython-39.pyc
-rw-r--r-- root/root      5597 2022-06-23 11:26 usr/lib64/python3.9/site-packages/Cryptodome/Hash/__pycache__/SHA256.cpython-39.pyc
-rw-r--r-- root/root      5597 2022-06-23 11:26 usr/lib64/python3.9/site-packages/Cryptodome/Hash/__pycache__/SHA384.cpython-39.pyc
-rw-r--r-- root/root      4701 2022-06-23 11:26 usr/lib64/python3.9/site-packages/Cryptodome/Hash/__pycache__/SHA3_224.cpython-39.pyc
-rw-r--r-- root/root      4701 2022-06-23 11:26 usr/lib64/python3.9/site-packages/Cryptodome/Hash/__pycache__/SHA3_256.cpython-39.pyc
-rw-r--r-- root/root      4843 2022-06-23 11:26 usr/lib64/python3.9/site-packages/Cryptodome/Hash/__pycache__/SHA3_384.cpython-39.pyc
-rw-r--r-- root/root      4702 2022-06-23 11:26 usr/lib64/python3.9/site-packages/Cryptodome/Hash/__pycache__/SHA3_512.cpython-39.pyc
-rw-r--r-- root/root      6242 2022-06-23 11:26 usr/lib64/python3.9/site-packages/Cryptodome/Hash/__pycache__/SHA512.cpython-39.pyc
-rw-r--r-- root/root      3105 2022-06-23 11:26 usr/lib64/python3.9/site-packages/Cryptodome/Hash/__pycache__/SHAKE128.cpython-39.pyc
-rw-r--r-- root/root      3105 2022-06-23 11:26 usr/lib64/python3.9/site-packages/Cryptodome/Hash/__pycache__/SHAKE256.cpython-39.pyc
-rw-r--r-- root/root      3431 2022-06-23 11:26 usr/lib64/python3.9/site-packages/Cryptodome/Hash/__pycache__/TupleHash128.cpython-39.pyc
-rw-r--r-- root/root      1287 2022-06-23 11:26 usr/lib64/python3.9/site-packages/Cryptodome/Hash/__pycache__/TupleHash256.cpython-39.pyc
-rw-r--r-- root/root       339 2022-06-23 11:26 usr/lib64/python3.9/site-packages/Cryptodome/Hash/__pycache__/__init__.cpython-39.pyc
-rw-r--r-- root/root      4337 2022-06-23 11:26 usr/lib64/python3.9/site-packages/Cryptodome/Hash/__pycache__/cSHAKE128.cpython-39.pyc
-rw-r--r-- root/root       919 2022-06-23 11:26 usr/lib64/python3.9/site-packages/Cryptodome/Hash/__pycache__/cSHAKE256.cpython-39.pyc
-rw-r--r-- root/root      5509 2022-06-23 11:26 usr/lib64/python3.9/site-packages/Cryptodome/Hash/__pycache__/keccak.cpython-39.pyc
-rwxr-xr-x root/root     14248 2022-06-23 11:26 usr/lib64/python3.9/site-packages/Cryptodome/Hash/_ghash_clmul.abi3.so
-rwxr-xr-x root/root     14176 2022-06-23 11:26 usr/lib64/python3.9/site-packages/Cryptodome/Hash/_ghash_portable.abi3.so
-rwxr-xr-x root/root     14280 2022-06-23 11:26 usr/lib64/python3.9/site-packages/Cryptodome/Hash/_keccak.abi3.so
-rwxr-xr-x root/root     14264 2022-06-23 11:26 usr/lib64/python3.9/site-packages/Cryptodome/Hash/_poly1305.abi3.so
-rw-r--r-- root/root      6333 2022-06-22 23:00 usr/lib64/python3.9/site-packages/Cryptodome/Hash/cSHAKE128.py
-rw-r--r-- root/root       499 2022-06-22 23:00 usr/lib64/python3.9/site-packages/Cryptodome/Hash/cSHAKE128.pyi
-rw-r--r-- root/root      2210 2022-06-22 23:00 usr/lib64/python3.9/site-packages/Cryptodome/Hash/cSHAKE256.py
-rw-r--r-- root/root       235 2022-06-22 23:00 usr/lib64/python3.9/site-packages/Cryptodome/Hash/cSHAKE256.pyi
-rw-r--r-- root/root      7555 2022-06-22 23:00 usr/lib64/python3.9/site-packages/Cryptodome/Hash/keccak.py
-rw-r--r-- root/root       741 2022-06-22 23:00 usr/lib64/python3.9/site-packages/Cryptodome/Hash/keccak.pyi
drwxr-xr-x root/root         0 2022-06-23 11:26 usr/lib64/python3.9/site-packages/Cryptodome/IO/
-rw-r--r-- root/root      6972 2022-06-22 23:00 usr/lib64/python3.9/site-packages/Cryptodome/IO/PEM.py
-rw-r--r-- root/root       303 2022-06-22 23:00 usr/lib64/python3.9/site-packages/Cryptodome/IO/PEM.pyi
-rw-r--r-- root/root      9086 2022-06-22 23:00 usr/lib64/python3.9/site-packages/Cryptodome/IO/PKCS8.py
-rw-r--r-- root/root       484 2022-06-22 23:00 usr/lib64/python3.9/site-packages/Cryptodome/IO/PKCS8.pyi
-rw-r--r-- root/root     16352 2022-06-22 23:00 usr/lib64/python3.9/site-packages/Cryptodome/IO/_PBES.py
-rw-r--r-- root/root       489 2022-06-22 23:00 usr/lib64/python3.9/site-packages/Cryptodome/IO/_PBES.pyi
-rw-r--r-- root/root      1540 2022-06-22 23:00 usr/lib64/python3.9/site-packages/Cryptodome/IO/__init__.py
drwxr-xr-x root/root         0 2022-06-23 11:26 usr/lib64/python3.9/site-packages/Cryptodome/IO/__pycache__/
-rw-r--r-- root/root      4567 2022-06-23 11:26 usr/lib64/python3.9/site-packages/Cryptodome/IO/__pycache__/PEM.cpython-39.pyc
-rw-r--r-- root/root      5484 2022-06-23 11:26 usr/lib64/python3.9/site-packages/Cryptodome/IO/__pycache__/PKCS8.cpython-39.pyc
-rw-r--r-- root/root      9514 2022-06-23 11:26 usr/lib64/python3.9/site-packages/Cryptodome/IO/__pycache__/_PBES.cpython-39.pyc
-rw-r--r-- root/root       177 2022-06-23 11:26 usr/lib64/python3.9/site-packages/Cryptodome/IO/__pycache__/__init__.cpython-39.pyc
drwxr-xr-x root/root         0 2022-06-23 11:26 usr/lib64/python3.9/site-packages/Cryptodome/Math/
-rw-r--r-- root/root      2042 2022-06-22 23:00 usr/lib64/python3.9/site-packages/Cryptodome/Math/Numbers.py
-rw-r--r-- root/root        88 2022-06-22 23:00 usr/lib64/python3.9/site-packages/Cryptodome/Math/Numbers.pyi
-rw-r--r-- root/root     11387 2022-06-22 23:00 usr/lib64/python3.9/site-packages/Cryptodome/Math/Primality.py
-rw-r--r-- root/root       823 2022-06-22 23:00 usr/lib64/python3.9/site-packages/Cryptodome/Math/Primality.pyi
-rw-r--r-- root/root     10516 2022-06-22 23:00 usr/lib64/python3.9/site-packages/Cryptodome/Math/_IntegerBase.py
-rw-r--r-- root/root      3470 2022-06-22 23:00 usr/lib64/python3.9/site-packages/Cryptodome/Math/_IntegerBase.pyi
-rw-r--r-- root/root      4266 2022-06-22 23:00 usr/lib64/python3.9/site-packages/Cryptodome/Math/_IntegerCustom.py
-rw-r--r-- root/root       135 2022-06-22 23:00 usr/lib64/python3.9/site-packages/Cryptodome/Math/_IntegerCustom.pyi
-rw-r--r-- root/root     26755 2022-06-22 23:00 usr/lib64/python3.9/site-packages/Cryptodome/Math/_IntegerGMP.py
-rw-r--r-- root/root        78 2022-06-22 23:00 usr/lib64/python3.9/site-packages/Cryptodome/Math/_IntegerGMP.pyi
-rw-r--r-- root/root     11595 2022-06-22 23:00 usr/lib64/python3.9/site-packages/Cryptodome/Math/_IntegerNative.py
-rw-r--r-- root/root        81 2022-06-22 23:00 usr/lib64/python3.9/site-packages/Cryptodome/Math/_IntegerNative.pyi
-rw-r--r-- root/root         0 2022-06-22 23:00 usr/lib64/python3.9/site-packages/Cryptodome/Math/__init__.py
drwxr-xr-x root/root         0 2022-06-23 11:26 usr/lib64/python3.9/site-packages/Cryptodome/Math/__pycache__/
-rw-r--r-- root/root       559 2022-06-23 11:26 usr/lib64/python3.9/site-packages/Cryptodome/Math/__pycache__/Numbers.cpython-39.pyc
-rw-r--r-- root/root      7404 2022-06-23 11:26 usr/lib64/python3.9/site-packages/Cryptodome/Math/__pycache__/Primality.cpython-39.pyc
-rw-r--r-- root/root     10849 2022-06-23 11:26 usr/lib64/python3.9/site-packages/Cryptodome/Math/__pycache__/_IntegerBase.cpython-39.pyc
-rw-r--r-- root/root      2155 2022-06-23 11:26 usr/lib64/python3.9/site-packages/Cryptodome/Math/__pycache__/_IntegerCustom.cpython-39.pyc
-rw-r--r-- root/root     20500 2022-06-23 11:26 usr/lib64/python3.9/site-packages/Cryptodome/Math/__pycache__/_IntegerGMP.cpython-39.pyc
-rw-r--r-- root/root     10821 2022-06-23 11:26 usr/lib64/python3.9/site-packages/Cryptodome/Math/__pycache__/_IntegerNative.cpython-39.pyc
-rw-r--r-- root/root       153 2022-06-23 11:26 usr/lib64/python3.9/site-packages/Cryptodome/Math/__pycache__/__init__.cpython-39.pyc
-rwxr-xr-x root/root     30824 2022-06-23 11:26 usr/lib64/python3.9/site-packages/Cryptodome/Math/_modexp.abi3.so
drwxr-xr-x root/root         0 2022-06-23 11:26 usr/lib64/python3.9/site-packages/Cryptodome/Protocol/
-rw-r--r-- root/root     19897 2022-06-22 23:00 usr/lib64/python3.9/site-packages/Cryptodome/Protocol/KDF.py
-rw-r--r-- root/root      1383 2022-06-22 23:00 usr/lib64/python3.9/site-packages/Cryptodome/Protocol/KDF.pyi
-rw-r--r-- root/root      8794 2022-06-22 23:00 usr/lib64/python3.9/site-packages/Cryptodome/Protocol/SecretSharing.py
-rw-r--r-- root/root       798 2022-06-22 23:00 usr/lib64/python3.9/site-packages/Cryptodome/Protocol/SecretSharing.pyi
-rw-r--r-- root/root      1548 2022-06-22 23:00 usr/lib64/python3.9/site-packages/Cryptodome/Protocol/__init__.py
-rw-r--r-- root/root        43 2022-06-22 23:00 usr/lib64/python3.9/site-packages/Cryptodome/Protocol/__init__.pyi
drwxr-xr-x root/root         0 2022-06-23 11:26 usr/lib64/python3.9/site-packages/Cryptodome/Protocol/__pycache__/
-rw-r--r-- root/root     18096 2022-06-23 11:26 usr/lib64/python3.9/site-packages/Cryptodome/Protocol/__pycache__/KDF.cpython-39.pyc
-rw-r--r-- root/root      6720 2022-06-23 11:26 usr/lib64/python3.9/site-packages/Cryptodome/Protocol/__pycache__/SecretSharing.cpython-39.pyc
-rw-r--r-- root/root       191 2022-06-23 11:26 usr/lib64/python3.9/site-packages/Cryptodome/Protocol/__pycache__/__init__.cpython-39.pyc
-rwxr-xr-x root/root     14264 2022-06-23 11:26 usr/lib64/python3.9/site-packages/Cryptodome/Protocol/_scrypt.abi3.so
drwxr-xr-x root/root         0 2022-06-23 11:26 usr/lib64/python3.9/site-packages/Cryptodome/PublicKey/
-rw-r--r-- root/root     22434 2022-06-22 23:00 usr/lib64/python3.9/site-packages/Cryptodome/PublicKey/DSA.py
-rw-r--r-- root/root      1381 2022-06-22 23:00 usr/lib64/python3.9/site-packages/Cryptodome/PublicKey/DSA.pyi
-rw-r--r-- root/root     64692 2022-06-22 23:00 usr/lib64/python3.9/site-packages/Cryptodome/PublicKey/ECC.py
-rw-r--r-- root/root      2567 2022-06-22 23:00 usr/lib64/python3.9/site-packages/Cryptodome/PublicKey/ECC.pyi
-rw-r--r-- root/root      8631 2022-06-22 23:00 usr/lib64/python3.9/site-packages/Cryptodome/PublicKey/ElGamal.py
-rw-r--r-- root/root       674 2022-06-22 23:00 usr/lib64/python3.9/site-packages/Cryptodome/PublicKey/ElGamal.pyi
-rw-r--r-- root/root     29118 2022-06-22 23:00 usr/lib64/python3.9/site-packages/Cryptodome/PublicKey/RSA.py
-rw-r--r-- root/root      1865 2022-06-22 23:00 usr/lib64/python3.9/site-packages/Cryptodome/PublicKey/RSA.pyi
-rw-r--r-- root/root      3146 2022-06-22 23:00 usr/lib64/python3.9/site-packages/Cryptodome/PublicKey/__init__.py
-rw-r--r-- root/root         0 2022-06-22 23:00 usr/lib64/python3.9/site-packages/Cryptodome/PublicKey/__init__.pyi
drwxr-xr-x root/root         0 2022-06-23 11:26 usr/lib64/python3.9/site-packages/Cryptodome/PublicKey/__pycache__/
-rw-r--r-- root/root     19224 2022-06-23 11:26 usr/lib64/python3.9/site-packages/Cryptodome/PublicKey/__pycache__/DSA.cpython-39.pyc
-rw-r--r-- root/root     45129 2022-06-23 11:26 usr/lib64/python3.9/site-packages/Cryptodome/PublicKey/__pycache__/ECC.cpython-39.pyc
-rw-r--r-- root/root      7241 2022-06-23 11:26 usr/lib64/python3.9/site-packages/Cryptodome/PublicKey/__pycache__/ElGamal.cpython-39.pyc
-rw-r--r-- root/root     22386 2022-06-23 11:26 usr/lib64/python3.9/site-packages/Cryptodome/PublicKey/__pycache__/RSA.cpython-39.pyc
-rw-r--r-- root/root      1701 2022-06-23 11:26 usr/lib64/python3.9/site-packages/Cryptodome/PublicKey/__pycache__/__init__.cpython-39.pyc
-rw-r--r-- root/root      3029 2022-06-23 11:26 usr/lib64/python3.9/site-packages/Cryptodome/PublicKey/__pycache__/_openssh.cpython-39.pyc
-rwxr-xr-x root/root    694456 2022-06-23 11:26 usr/lib64/python3.9/site-packages/Cryptodome/PublicKey/_ec_ws.abi3.so
-rwxr-xr-x root/root     26544 2022-06-23 11:26 usr/lib64/python3.9/site-packages/Cryptodome/PublicKey/_ed25519.abi3.so
-rwxr-xr-x root/root     43128 2022-06-23 11:26 usr/lib64/python3.9/site-packages/Cryptodome/PublicKey/_ed448.abi3.so
-rw-r--r-- root/root      5146 2022-06-22 23:00 usr/lib64/python3.9/site-packages/Cryptodome/PublicKey/_openssh.py
-rw-r--r-- root/root       324 2022-06-22 23:00 usr/lib64/python3.9/site-packages/Cryptodome/PublicKey/_openssh.pyi
-rwxr-xr-x root/root     18336 2022-06-23 11:26 usr/lib64/python3.9/site-packages/Cryptodome/PublicKey/_x25519.abi3.so
drwxr-xr-x root/root         0 2022-06-23 11:26 usr/lib64/python3.9/site-packages/Cryptodome/Random/
-rw-r--r-- root/root      1813 2022-06-22 23:00 usr/lib64/python3.9/site-packages/Cryptodome/Random/__init__.py
-rw-r--r-- root/root       367 2022-06-22 23:00 usr/lib64/python3.9/site-packages/Cryptodome/Random/__init__.pyi
drwxr-xr-x root/root         0 2022-06-23 11:26 usr/lib64/python3.9/site-packages/Cryptodome/Random/__pycache__/
-rw-r--r-- root/root      1259 2022-06-23 11:26 usr/lib64/python3.9/site-packages/Cryptodome/Random/__pycache__/__init__.cpython-39.pyc
-rw-r--r-- root/root      3366 2022-06-23 11:26 usr/lib64/python3.9/site-packages/Cryptodome/Random/__pycache__/random.cpython-39.pyc
-rw-r--r-- root/root      5246 2022-06-22 23:00 usr/lib64/python3.9/site-packages/Cryptodome/Random/random.py
-rw-r--r-- root/root       807 2022-06-22 23:00 usr/lib64/python3.9/site-packages/Cryptodome/Random/random.pyi
drwxr-xr-x root/root         0 2022-06-23 11:26 usr/lib64/python3.9/site-packages/Cryptodome/SelfTest/
drwxr-xr-x root/root         0 2022-06-23 11:26 usr/lib64/python3.9/site-packages/Cryptodome/SelfTest/Cipher/
-rw-r--r-- root/root      3708 2022-06-22 23:00 usr/lib64/python3.9/site-packages/Cryptodome/SelfTest/Cipher/__init__.py
drwxr-xr-x root/root         0 2022-06-23 11:26 usr/lib64/python3.9/site-packages/Cryptodome/SelfTest/Cipher/__pycache__/
-rw-r--r-- root/root      1814 2022-06-23 11:26 usr/lib64/python3.9/site-packages/Cryptodome/SelfTest/Cipher/__pycache__/__init__.cpython-39.pyc
-rw-r--r-- root/root     11663 2022-06-23 11:26 usr/lib64/python3.9/site-packages/Cryptodome/SelfTest/Cipher/__pycache__/common.cpython-39.pyc
-rw-r--r-- root/root     50281 2022-06-23 11:26 usr/lib64/python3.9/site-packages/Cryptodome/SelfTest/Cipher/__pycache__/test_AES.cpython-39.pyc
-rw-r--r-- root/root      3972 2022-06-23 11:26 usr/lib64/python3.9/site-packages/Cryptodome/SelfTest/Cipher/__pycache__/test_ARC2.cpython-39.pyc
-rw-r--r-- root/root     20244 2022-06-23 11:26 usr/lib64/python3.9/site-packages/Cryptodome/SelfTest/Cipher/__pycache__/test_ARC4.cpython-39.pyc
-rw-r--r-- root/root      4772 2022-06-23 11:26 usr/lib64/python3.9/site-packages/Cryptodome/SelfTest/Cipher/__pycache__/test_Blowfish.cpython-39.pyc
-rw-r--r-- root/root      2161 2022-06-23 11:26 usr/lib64/python3.9/site-packages/Cryptodome/SelfTest/Cipher/__pycache__/test_CAST.cpython-39.pyc
-rw-r--r-- root/root     14774 2022-06-23 11:26 usr/lib64/python3.9/site-packages/Cryptodome/SelfTest/Cipher/__pycache__/test_CBC.cpython-39.pyc
-rw-r--r-- root/root     25688 2022-06-23 11:26 usr/lib64/python3.9/site-packages/Cryptodome/SelfTest/Cipher/__pycache__/test_CCM.cpython-39.pyc
-rw-r--r-- root/root     10478 2022-06-23 11:26 usr/lib64/python3.9/site-packages/Cryptodome/SelfTest/Cipher/__pycache__/test_CFB.cpython-39.pyc
-rw-r--r-- root/root     14832 2022-06-23 11:26 usr/lib64/python3.9/site-packages/Cryptodome/SelfTest/Cipher/__pycache__/test_CTR.cpython-39.pyc
-rw-r--r-- root/root     15549 2022-06-23 11:26 usr/lib64/python3.9/site-packages/Cryptodome/SelfTest/Cipher/__pycache__/test_ChaCha20.cpython-39.pyc
-rw-r--r-- root/root     22259 2022-06-23 11:26 usr/lib64/python3.9/site-packages/Cryptodome/SelfTest/Cipher/__pycache__/test_ChaCha20_Poly1305.cpython-39.pyc
-rw-r--r-- root/root     12218 2022-06-23 11:26 usr/lib64/python3.9/site-packages/Cryptodome/SelfTest/Cipher/__pycache__/test_DES.cpython-39.pyc
-rw-r--r-- root/root      4288 2022-06-23 11:26 usr/lib64/python3.9/site-packages/Cryptodome/SelfTest/Cipher/__pycache__/test_DES3.cpython-39.pyc
-rw-r--r-- root/root     21596 2022-06-23 11:26 usr/lib64/python3.9/site-packages/Cryptodome/SelfTest/Cipher/__pycache__/test_EAX.cpython-39.pyc
-rw-r--r-- root/root     25960 2022-06-23 11:26 usr/lib64/python3.9/site-packages/Cryptodome/SelfTest/Cipher/__pycache__/test_GCM.cpython-39.pyc
-rw-r--r-- root/root     18270 2022-06-23 11:26 usr/lib64/python3.9/site-packages/Cryptodome/SelfTest/Cipher/__pycache__/test_OCB.cpython-39.pyc
-rw-r--r-- root/root      6336 2022-06-23 11:26 usr/lib64/python3.9/site-packages/Cryptodome/SelfTest/Cipher/__pycache__/test_OFB.cpython-39.pyc
-rw-r--r-- root/root      5932 2022-06-23 11:26 usr/lib64/python3.9/site-packages/Cryptodome/SelfTest/Cipher/__pycache__/test_OpenPGP.cpython-39.pyc
-rw-r--r-- root/root     16171 2022-06-23 11:26 usr/lib64/python3.9/site-packages/Cryptodome/SelfTest/Cipher/__pycache__/test_SIV.cpython-39.pyc
-rw-r--r-- root/root     16776 2022-06-23 11:26 usr/lib64/python3.9/site-packages/Cryptodome/SelfTest/Cipher/__pycache__/test_Salsa20.cpython-39.pyc
-rw-r--r-- root/root      9975 2022-06-23 11:26 usr/lib64/python3.9/site-packages/Cryptodome/SelfTest/Cipher/__pycache__/test_pkcs1_15.cpython-39.pyc
-rw-r--r-- root/root     19330 2022-06-23 11:26 usr/lib64/python3.9/site-packages/Cryptodome/SelfTest/Cipher/__pycache__/test_pkcs1_oaep.cpython-39.pyc
-rw-r--r-- root/root     17336 2022-06-22 23:00 usr/lib64/python3.9/site-packages/Cryptodome/SelfTest/Cipher/common.py
-rw-r--r-- root/root     71751 2022-06-22 23:00 usr/lib64/python3.9/site-packages/Cryptodome/SelfTest/Cipher/test_AES.py
-rw-r--r-- root/root      6474 2022-06-22 23:00 usr/lib64/python3.9/site-packages/Cryptodome/SelfTest/Cipher/test_ARC2.py
-rw-r--r-- root/root     24746 2022-06-22 23:00 usr/lib64/python3.9/site-packages/Cryptodome/SelfTest/Cipher/test_ARC4.py
-rw-r--r-- root/root      7242 2022-06-22 23:00 usr/lib64/python3.9/site-packages/Cryptodome/SelfTest/Cipher/test_Blowfish.py
-rw-r--r-- root/root      3291 2022-06-22 23:00 usr/lib64/python3.9/site-packages/Cryptodome/SelfTest/Cipher/test_CAST.py
-rw-r--r-- root/root     20222 2022-06-22 23:00 usr/lib64/python3.9/site-packages/Cryptodome/SelfTest/Cipher/test_CBC.py
-rw-r--r-- root/root     37332 2022-06-22 23:00 usr/lib64/python3.9/site-packages/Cryptodome/SelfTest/Cipher/test_CCM.py
-rw-r--r-- root/root     16085 2022-06-22 23:00 usr/lib64/python3.9/site-packages/Cryptodome/SelfTest/Cipher/test_CFB.py
-rw-r--r-- root/root     21334 2022-06-22 23:00 usr/lib64/python3.9/site-packages/Cryptodome/SelfTest/Cipher/test_CTR.py
-rw-r--r-- root/root     20340 2022-06-22 23:00 usr/lib64/python3.9/site-packages/Cryptodome/SelfTest/Cipher/test_ChaCha20.py
-rw-r--r-- root/root     30531 2022-06-22 23:00 usr/lib64/python3.9/site-packages/Cryptodome/SelfTest/Cipher/test_ChaCha20_Poly1305.py
-rw-r--r-- root/root     15951 2022-06-22 23:00 usr/lib64/python3.9/site-packages/Cryptodome/SelfTest/Cipher/test_DES.py
-rw-r--r-- root/root      6585 2022-06-22 23:00 usr/lib64/python3.9/site-packages/Cryptodome/SelfTest/Cipher/test_DES3.py
-rw-r--r-- root/root     28851 2022-06-22 23:00 usr/lib64/python3.9/site-packages/Cryptodome/SelfTest/Cipher/test_EAX.py
-rw-r--r-- root/root     37308 2022-06-22 23:00 usr/lib64/python3.9/site-packages/Cryptodome/SelfTest/Cipher/test_GCM.py
-rw-r--r-- root/root     28081 2022-06-22 23:00 usr/lib64/python3.9/site-packages/Cryptodome/SelfTest/Cipher/test_OCB.py
-rw-r--r-- root/root      9395 2022-06-22 23:00 usr/lib64/python3.9/site-packages/Cryptodome/SelfTest/Cipher/test_OFB.py
-rw-r--r-- root/root      8497 2022-06-22 23:00 usr/lib64/python3.9/site-packages/Cryptodome/SelfTest/Cipher/test_OpenPGP.py
-rw-r--r-- root/root     19967 2022-06-22 23:00 usr/lib64/python3.9/site-packages/Cryptodome/SelfTest/Cipher/test_SIV.py
-rw-r--r-- root/root     16607 2022-06-22 23:00 usr/lib64/python3.9/site-packages/Cryptodome/SelfTest/Cipher/test_Salsa20.py
-rw-r--r-- root/root     10972 2022-06-22 23:00 usr/lib64/python3.9/site-packages/Cryptodome/SelfTest/Cipher/test_pkcs1_15.py
-rw-r--r-- root/root     22322 2022-06-22 23:00 usr/lib64/python3.9/site-packages/Cryptodome/SelfTest/Cipher/test_pkcs1_oaep.py
drwxr-xr-x root/root         0 2022-06-23 11:26 usr/lib64/python3.9/site-packages/Cryptodome/SelfTest/Hash/
-rw-r--r-- root/root      3805 2022-06-22 23:00 usr/lib64/python3.9/site-packages/Cryptodome/SelfTest/Hash/__init__.py
drwxr-xr-x root/root         0 2022-06-23 11:26 usr/lib64/python3.9/site-packages/Cryptodome/SelfTest/Hash/__pycache__/
-rw-r--r-- root/root      1887 2022-06-23 11:26 usr/lib64/python3.9/site-packages/Cryptodome/SelfTest/Hash/__pycache__/__init__.cpython-39.pyc
-rw-r--r-- root/root      7227 2022-06-23 11:26 usr/lib64/python3.9/site-packages/Cryptodome/SelfTest/Hash/__pycache__/common.cpython-39.pyc
-rw-r--r-- root/root     12731 2022-06-23 11:26 usr/lib64/python3.9/site-packages/Cryptodome/SelfTest/Hash/__pycache__/test_BLAKE2.cpython-39.pyc
-rw-r--r-- root/root      9037 2022-06-23 11:26 usr/lib64/python3.9/site-packages/Cryptodome/SelfTest/Hash/__pycache__/test_CMAC.cpython-39.pyc
-rw-r--r-- root/root     14090 2022-06-23 11:26 usr/lib64/python3.9/site-packages/Cryptodome/SelfTest/Hash/__pycache__/test_HMAC.cpython-39.pyc
-rw-r--r-- root/root      9229 2022-06-23 11:26 usr/lib64/python3.9/site-packages/Cryptodome/SelfTest/Hash/__pycache__/test_KMAC.cpython-39.pyc
-rw-r--r-- root/root      9986 2022-06-23 11:26 usr/lib64/python3.9/site-packages/Cryptodome/SelfTest/Hash/__pycache__/test_KangarooTwelve.cpython-39.pyc
-rw-r--r-- root/root      1305 2022-06-23 11:26 usr/lib64/python3.9/site-packages/Cryptodome/SelfTest/Hash/__pycache__/test_MD2.cpython-39.pyc
-rw-r--r-- root/root      1331 2022-06-23 11:26 usr/lib64/python3.9/site-packages/Cryptodome/SelfTest/Hash/__pycache__/test_MD4.cpython-39.pyc
-rw-r--r-- root/root      2227 2022-06-23 11:26 usr/lib64/python3.9/site-packages/Cryptodome/SelfTest/Hash/__pycache__/test_MD5.cpython-39.pyc
-rw-r--r-- root/root     14481 2022-06-23 11:26 usr/lib64/python3.9/site-packages/Cryptodome/SelfTest/Hash/__pycache__/test_Poly1305.cpython-39.pyc
-rw-r--r-- root/root      1541 2022-06-23 11:26 usr/lib64/python3.9/site-packages/Cryptodome/SelfTest/Hash/__pycache__/test_RIPEMD160.cpython-39.pyc
-rw-r--r-- root/root      2168 2022-06-23 11:26 usr/lib64/python3.9/site-packages/Cryptodome/SelfTest/Hash/__pycache__/test_SHA1.cpython-39.pyc
-rw-r--r-- root/root      1361 2022-06-23 11:26 usr/lib64/python3.9/site-packages/Cryptodome/SelfTest/Hash/__pycache__/test_SHA224.cpython-39.pyc
-rw-r--r-- root/root      2223 2022-06-23 11:26 usr/lib64/python3.9/site-packages/Cryptodome/SelfTest/Hash/__pycache__/test_SHA256.cpython-39.pyc
-rw-r--r-- root/root      1492 2022-06-23 11:26 usr/lib64/python3.9/site-packages/Cryptodome/SelfTest/Hash/__pycache__/test_SHA384.cpython-39.pyc
-rw-r--r-- root/root      2007 2022-06-23 11:26 usr/lib64/python3.9/site-packages/Cryptodome/SelfTest/Hash/__pycache__/test_SHA3_224.cpython-39.pyc
-rw-r--r-- root/root      2007 2022-06-23 11:26 usr/lib64/python3.9/site-packages/Cryptodome/SelfTest/Hash/__pycache__/test_SHA3_256.cpython-39.pyc
-rw-r--r-- root/root      2007 2022-06-23 11:26 usr/lib64/python3.9/site-packages/Cryptodome/SelfTest/Hash/__pycache__/test_SHA3_384.cpython-39.pyc
-rw-r--r-- root/root      2008 2022-06-23 11:26 usr/lib64/python3.9/site-packages/Cryptodome/SelfTest/Hash/__pycache__/test_SHA3_512.cpython-39.pyc
-rw-r--r-- root/root      3561 2022-06-23 11:26 usr/lib64/python3.9/site-packages/Cryptodome/SelfTest/Hash/__pycache__/test_SHA512.cpython-39.pyc
-rw-r--r-- root/root      4072 2022-06-23 11:26 usr/lib64/python3.9/site-packages/Cryptodome/SelfTest/Hash/__pycache__/test_SHAKE.cpython-39.pyc
-rw-r--r-- root/root      7145 2022-06-23 11:26 usr/lib64/python3.9/site-packages/Cryptodome/SelfTest/Hash/__pycache__/test_TupleHash.cpython-39.pyc
-rw-r--r-- root/root      5794 2022-06-23 11:26 usr/lib64/python3.9/site-packages/Cryptodome/SelfTest/Hash/__pycache__/test_cSHAKE.cpython-39.pyc
-rw-r--r-- root/root      6421 2022-06-23 11:26 usr/lib64/python3.9/site-packages/Cryptodome/SelfTest/Hash/__pycache__/test_keccak.cpython-39.pyc
-rw-r--r-- root/root      9906 2022-06-22 23:00 usr/lib64/python3.9/site-packages/Cryptodome/SelfTest/Hash/common.py
-rw-r--r-- root/root     16330 2022-06-22 23:00 usr/lib64/python3.9/site-packages/Cryptodome/SelfTest/Hash/test_BLAKE2.py
-rw-r--r-- root/root     13392 2022-06-22 23:00 usr/lib64/python3.9/site-packages/Cryptodome/SelfTest/Hash/test_CMAC.py
-rw-r--r-- root/root     19953 2022-06-22 23:00 usr/lib64/python3.9/site-packages/Cryptodome/SelfTest/Hash/test_HMAC.py
-rw-r--r-- root/root     11720 2022-06-22 23:00 usr/lib64/python3.9/site-packages/Cryptodome/SelfTest/Hash/test_KMAC.py
-rw-r--r-- root/root     10471 2022-06-22 23:00 usr/lib64/python3.9/site-packages/Cryptodome/SelfTest/Hash/test_KangarooTwelve.py
-rw-r--r-- root/root      2336 2022-06-22 23:00 usr/lib64/python3.9/site-packages/Cryptodome/SelfTest/Hash/test_MD2.py
-rw-r--r-- root/root      2359 2022-06-22 23:00 usr/lib64/python3.9/site-packages/Cryptodome/SelfTest/Hash/test_MD4.py
-rw-r--r-- root/root      3300 2022-06-22 23:00 usr/lib64/python3.9/site-packages/Cryptodome/SelfTest/Hash/test_MD5.py
-rw-r--r-- root/root     18329 2022-06-22 23:00 usr/lib64/python3.9/site-packages/Cryptodome/SelfTest/Hash/test_Poly1305.py
-rw-r--r-- root/root      2675 2022-06-22 23:00 usr/lib64/python3.9/site-packages/Cryptodome/SelfTest/Hash/test_RIPEMD160.py
-rw-r--r-- root/root      2938 2022-06-22 23:00 usr/lib64/python3.9/site-packages/Cryptodome/SelfTest/Hash/test_SHA1.py
-rw-r--r-- root/root      2541 2022-06-22 23:00 usr/lib64/python3.9/site-packages/Cryptodome/SelfTest/Hash/test_SHA224.py
-rw-r--r-- root/root      3637 2022-06-22 23:00 usr/lib64/python3.9/site-packages/Cryptodome/SelfTest/Hash/test_SHA256.py
-rw-r--r-- root/root      2722 2022-06-22 23:00 usr/lib64/python3.9/site-packages/Cryptodome/SelfTest/Hash/test_SHA384.py
-rw-r--r-- root/root      2850 2022-06-22 23:00 usr/lib64/python3.9/site-packages/Cryptodome/SelfTest/Hash/test_SHA3_224.py
-rw-r--r-- root/root      2851 2022-06-22 23:00 usr/lib64/python3.9/site-packages/Cryptodome/SelfTest/Hash/test_SHA3_256.py
-rw-r--r-- root/root      2850 2022-06-22 23:00 usr/lib64/python3.9/site-packages/Cryptodome/SelfTest/Hash/test_SHA3_384.py
-rw-r--r-- root/root      2851 2022-06-22 23:00 usr/lib64/python3.9/site-packages/Cryptodome/SelfTest/Hash/test_SHA3_512.py
-rw-r--r-- root/root      5210 2022-06-22 23:00 usr/lib64/python3.9/site-packages/Cryptodome/SelfTest/Hash/test_SHA512.py
-rw-r--r-- root/root      4735 2022-06-22 23:00 usr/lib64/python3.9/site-packages/Cryptodome/SelfTest/Hash/test_SHAKE.py
-rw-r--r-- root/root      8147 2022-06-22 23:00 usr/lib64/python3.9/site-packages/Cryptodome/SelfTest/Hash/test_TupleHash.py
-rw-r--r-- root/root      6820 2022-06-22 23:00 usr/lib64/python3.9/site-packages/Cryptodome/SelfTest/Hash/test_cSHAKE.py
-rw-r--r-- root/root      8909 2022-06-22 23:00 usr/lib64/python3.9/site-packages/Cryptodome/SelfTest/Hash/test_keccak.py
drwxr-xr-x root/root         0 2022-06-23 11:26 usr/lib64/python3.9/site-packages/Cryptodome/SelfTest/IO/
-rw-r--r-- root/root      2002 2022-06-22 23:00 usr/lib64/python3.9/site-packages/Cryptodome/SelfTest/IO/__init__.py
drwxr-xr-x root/root         0 2022-06-23 11:26 usr/lib64/python3.9/site-packages/Cryptodome/SelfTest/IO/__pycache__/
-rw-r--r-- root/root       684 2022-06-23 11:26 usr/lib64/python3.9/site-packages/Cryptodome/SelfTest/IO/__pycache__/__init__.cpython-39.pyc
-rw-r--r-- root/root      2310 2022-06-23 11:26 usr/lib64/python3.9/site-packages/Cryptodome/SelfTest/IO/__pycache__/test_PBES.cpython-39.pyc
-rw-r--r-- root/root     14345 2022-06-23 11:26 usr/lib64/python3.9/site-packages/Cryptodome/SelfTest/IO/__pycache__/test_PKCS8.cpython-39.pyc
-rw-r--r-- root/root      3469 2022-06-22 23:00 usr/lib64/python3.9/site-packages/Cryptodome/SelfTest/IO/test_PBES.py
-rw-r--r-- root/root     17621 2022-06-22 23:00 usr/lib64/python3.9/site-packages/Cryptodome/SelfTest/IO/test_PKCS8.py
drwxr-xr-x root/root         0 2022-06-23 11:26 usr/lib64/python3.9/site-packages/Cryptodome/SelfTest/Math/
-rw-r--r-- root/root      2113 2022-06-22 23:00 usr/lib64/python3.9/site-packages/Cryptodome/SelfTest/Math/__init__.py
drwxr-xr-x root/root         0 2022-06-23 11:26 usr/lib64/python3.9/site-packages/Cryptodome/SelfTest/Math/__pycache__/
-rw-r--r-- root/root       757 2022-06-23 11:26 usr/lib64/python3.9/site-packages/Cryptodome/SelfTest/Math/__pycache__/__init__.cpython-39.pyc
-rw-r--r-- root/root     27845 2022-06-23 11:26 usr/lib64/python3.9/site-packages/Cryptodome/SelfTest/Math/__pycache__/test_Numbers.cpython-39.pyc
-rw-r--r-- root/root      3626 2022-06-23 11:26 usr/lib64/python3.9/site-packages/Cryptodome/SelfTest/Math/__pycache__/test_Primality.cpython-39.pyc
-rw-r--r-- root/root      6147 2022-06-23 11:26 usr/lib64/python3.9/site-packages/Cryptodome/SelfTest/Math/__pycache__/test_modexp.cpython-39.pyc
-rw-r--r-- root/root     30802 2022-06-22 23:00 usr/lib64/python3.9/site-packages/Cryptodome/SelfTest/Math/test_Numbers.py
-rw-r--r-- root/root      4901 2022-06-22 23:00 usr/lib64/python3.9/site-packages/Cryptodome/SelfTest/Math/test_Primality.py
-rw-r--r-- root/root      8135 2022-06-22 23:00 usr/lib64/python3.9/site-packages/Cryptodome/SelfTest/Math/test_modexp.py
drwxr-xr-x root/root         0 2022-06-23 11:26 usr/lib64/python3.9/site-packages/Cryptodome/SelfTest/Protocol/
-rw-r--r-- root/root      1763 2022-06-22 23:00 usr/lib64/python3.9/site-packages/Cryptodome/SelfTest/Protocol/__init__.py
drwxr-xr-x root/root         0 2022-06-23 11:26 usr/lib64/python3.9/site-packages/Cryptodome/SelfTest/Protocol/__pycache__/
-rw-r--r-- root/root       803 2022-06-23 11:26 usr/lib64/python3.9/site-packages/Cryptodome/SelfTest/Protocol/__pycache__/__init__.cpython-39.pyc
-rw-r--r-- root/root     26286 2022-06-23 11:26 usr/lib64/python3.9/site-packages/Cryptodome/SelfTest/Protocol/__pycache__/test_KDF.cpython-39.pyc
-rw-r--r-- root/root      7488 2022-06-23 11:26 usr/lib64/python3.9/site-packages/Cryptodome/SelfTest/Protocol/__pycache__/test_SecretSharing.cpython-39.pyc
-rw-r--r-- root/root      1581 2022-06-23 11:26 usr/lib64/python3.9/site-packages/Cryptodome/SelfTest/Protocol/__pycache__/test_rfc1751.cpython-39.pyc
-rw-r--r-- root/root     34041 2022-06-22 23:00 usr/lib64/python3.9/site-packages/Cryptodome/SelfTest/Protocol/test_KDF.py
-rw-r--r-- root/root      9701 2022-06-22 23:00 usr/lib64/python3.9/site-packages/Cryptodome/SelfTest/Protocol/test_SecretSharing.py
-rw-r--r-- root/root      2220 2022-06-22 23:00 usr/lib64/python3.9/site-packages/Cryptodome/SelfTest/Protocol/test_rfc1751.py
drwxr-xr-x root/root         0 2022-06-23 11:26 usr/lib64/python3.9/site-packages/Cryptodome/SelfTest/PublicKey/
-rw-r--r-- root/root      2122 2022-06-22 23:00 usr/lib64/python3.9/site-packages/Cryptodome/SelfTest/PublicKey/__init__.py
drwxr-xr-x root/root         0 2022-06-23 11:26 usr/lib64/python3.9/site-packages/Cryptodome/SelfTest/PublicKey/__pycache__/
-rw-r--r-- root/root      1022 2022-06-23 11:26 usr/lib64/python3.9/site-packages/Cryptodome/SelfTest/PublicKey/__pycache__/__init__.cpython-39.pyc
-rw-r--r-- root/root      8796 2022-06-23 11:26 usr/lib64/python3.9/site-packages/Cryptodome/SelfTest/PublicKey/__pycache__/test_DSA.cpython-39.pyc
-rw-r--r-- root/root      9516 2022-06-23 11:26 usr/lib64/python3.9/site-packages/Cryptodome/SelfTest/PublicKey/__pycache__/test_ECC_25519.cpython-39.pyc
-rw-r--r-- root/root     10193 2022-06-23 11:26 usr/lib64/python3.9/site-packages/Cryptodome/SelfTest/PublicKey/__pycache__/test_ECC_448.cpython-39.pyc
-rw-r--r-- root/root     39210 2022-06-23 11:26 usr/lib64/python3.9/site-packages/Cryptodome/SelfTest/PublicKey/__pycache__/test_ECC_NIST.cpython-39.pyc
-rw-r--r-- root/root      7370 2022-06-23 11:26 usr/lib64/python3.9/site-packages/Cryptodome/SelfTest/PublicKey/__pycache__/test_ElGamal.cpython-39.pyc
-rw-r--r-- root/root     10011 2022-06-23 11:26 usr/lib64/python3.9/site-packages/Cryptodome/SelfTest/PublicKey/__pycache__/test_RSA.cpython-39.pyc
-rw-r--r-- root/root     22948 2022-06-23 11:26 usr/lib64/python3.9/site-packages/Cryptodome/SelfTest/PublicKey/__pycache__/test_import_DSA.cpython-39.pyc
-rw-r--r-- root/root     66189 2022-06-23 11:26 usr/lib64/python3.9/site-packages/Cryptodome/SelfTest/PublicKey/__pycache__/test_import_ECC.cpython-39.pyc
-rw-r--r-- root/root     23230 2022-06-23 11:26 usr/lib64/python3.9/site-packages/Cryptodome/SelfTest/PublicKey/__pycache__/test_import_RSA.cpython-39.pyc
-rw-r--r-- root/root      9636 2022-06-22 23:00 usr/lib64/python3.9/site-packages/Cryptodome/SelfTest/PublicKey/test_DSA.py
-rw-r--r-- root/root     13464 2022-06-22 23:00 usr/lib64/python3.9/site-packages/Cryptodome/SelfTest/PublicKey/test_ECC_25519.py
-rw-r--r-- root/root     14693 2022-06-22 23:00 usr/lib64/python3.9/site-packages/Cryptodome/SelfTest/PublicKey/test_ECC_448.py
-rw-r--r-- root/root     49992 2022-06-22 23:00 usr/lib64/python3.9/site-packages/Cryptodome/SelfTest/PublicKey/test_ECC_NIST.py
-rw-r--r-- root/root      8672 2022-06-22 23:00 usr/lib64/python3.9/site-packages/Cryptodome/SelfTest/PublicKey/test_ElGamal.py
-rw-r--r-- root/root     12297 2022-06-22 23:00 usr/lib64/python3.9/site-packages/Cryptodome/SelfTest/PublicKey/test_RSA.py
-rw-r--r-- root/root     25521 2022-06-22 23:00 usr/lib64/python3.9/site-packages/Cryptodome/SelfTest/PublicKey/test_import_DSA.py
-rw-r--r-- root/root    102846 2022-06-22 23:00 usr/lib64/python3.9/site-packages/Cryptodome/SelfTest/PublicKey/test_import_ECC.py
-rw-r--r-- root/root     25115 2022-06-22 23:00 usr/lib64/python3.9/site-packages/Cryptodome/SelfTest/PublicKey/test_import_RSA.py
drwxr-xr-x root/root         0 2022-06-23 11:26 usr/lib64/python3.9/site-packages/Cryptodome/SelfTest/Random/
-rw-r--r-- root/root      1546 2022-06-22 23:00 usr/lib64/python3.9/site-packages/Cryptodome/SelfTest/Random/__init__.py
drwxr-xr-x root/root         0 2022-06-23 11:26 usr/lib64/python3.9/site-packages/Cryptodome/SelfTest/Random/__pycache__/
-rw-r--r-- root/root       687 2022-06-23 11:26 usr/lib64/python3.9/site-packages/Cryptodome/SelfTest/Random/__pycache__/__init__.cpython-39.pyc
-rw-r--r-- root/root      3224 2022-06-23 11:26 usr/lib64/python3.9/site-packages/Cryptodome/SelfTest/Random/__pycache__/test_random.cpython-39.pyc
-rw-r--r-- root/root      7014 2022-06-22 23:00 usr/lib64/python3.9/site-packages/Cryptodome/SelfTest/Random/test_random.py
drwxr-xr-x root/root         0 2022-06-23 11:26 usr/lib64/python3.9/site-packages/Cryptodome/SelfTest/Signature/
-rw-r--r-- root/root      1558 2022-06-22 23:00 usr/lib64/python3.9/site-packages/Cryptodome/SelfTest/Signature/__init__.py
drwxr-xr-x root/root         0 2022-06-23 11:26 usr/lib64/python3.9/site-packages/Cryptodome/SelfTest/Signature/__pycache__/
-rw-r--r-- root/root       755 2022-06-23 11:26 usr/lib64/python3.9/site-packages/Cryptodome/SelfTest/Signature/__pycache__/__init__.cpython-39.pyc
-rw-r--r-- root/root     44588 2022-06-23 11:26 usr/lib64/python3.9/site-packages/Cryptodome/SelfTest/Signature/__pycache__/test_dss.cpython-39.pyc
-rw-r--r-- root/root     18640 2022-06-23 11:26 usr/lib64/python3.9/site-packages/Cryptodome/SelfTest/Signature/__pycache__/test_eddsa.cpython-39.pyc
-rw-r--r-- root/root     12369 2022-06-23 11:26 usr/lib64/python3.9/site-packages/Cryptodome/SelfTest/Signature/__pycache__/test_pkcs1_15.cpython-39.pyc
-rw-r--r-- root/root     14922 2022-06-23 11:26 usr/lib64/python3.9/site-packages/Cryptodome/SelfTest/Signature/__pycache__/test_pss.cpython-39.pyc
-rw-r--r-- root/root     57130 2022-06-22 23:00 usr/lib64/python3.9/site-packages/Cryptodome/SelfTest/Signature/test_dss.py
-rw-r--r-- root/root     24154 2022-06-22 23:00 usr/lib64/python3.9/site-packages/Cryptodome/SelfTest/Signature/test_eddsa.py
-rw-r--r-- root/root     13601 2022-06-22 23:00 usr/lib64/python3.9/site-packages/Cryptodome/SelfTest/Signature/test_pkcs1_15.py
-rw-r--r-- root/root     15867 2022-06-22 23:00 usr/lib64/python3.9/site-packages/Cryptodome/SelfTest/Signature/test_pss.py
drwxr-xr-x root/root         0 2022-06-23 11:26 usr/lib64/python3.9/site-packages/Cryptodome/SelfTest/Util/
-rw-r--r-- root/root      2021 2022-06-22 23:00 usr/lib64/python3.9/site-packages/Cryptodome/SelfTest/Util/__init__.py
drwxr-xr-x root/root         0 2022-06-23 11:26 usr/lib64/python3.9/site-packages/Cryptodome/SelfTest/Util/__pycache__/
-rw-r--r-- root/root       964 2022-06-23 11:26 usr/lib64/python3.9/site-packages/Cryptodome/SelfTest/Util/__pycache__/__init__.cpython-39.pyc
-rw-r--r-- root/root      2100 2022-06-23 11:26 usr/lib64/python3.9/site-packages/Cryptodome/SelfTest/Util/__pycache__/test_Counter.cpython-39.pyc
-rw-r--r-- root/root      4995 2022-06-23 11:26 usr/lib64/python3.9/site-packages/Cryptodome/SelfTest/Util/__pycache__/test_Padding.cpython-39.pyc
-rw-r--r-- root/root     21509 2022-06-23 11:26 usr/lib64/python3.9/site-packages/Cryptodome/SelfTest/Util/__pycache__/test_asn1.cpython-39.pyc
-rw-r--r-- root/root      5370 2022-06-23 11:26 usr/lib64/python3.9/site-packages/Cryptodome/SelfTest/Util/__pycache__/test_number.cpython-39.pyc
-rw-r--r-- root/root      1597 2022-06-23 11:26 usr/lib64/python3.9/site-packages/Cryptodome/SelfTest/Util/__pycache__/test_rfc1751.cpython-39.pyc
-rw-r--r-- root/root      7676 2022-06-23 11:26 usr/lib64/python3.9/site-packages/Cryptodome/SelfTest/Util/__pycache__/test_strxor.cpython-39.pyc
-rw-r--r-- root/root      2292 2022-06-22 23:00 usr/lib64/python3.9/site-packages/Cryptodome/SelfTest/Util/test_Counter.py
-rw-r--r-- root/root      5826 2022-06-22 23:00 usr/lib64/python3.9/site-packages/Cryptodome/SelfTest/Util/test_Padding.py
-rw-r--r-- root/root     29347 2022-06-22 23:00 usr/lib64/python3.9/site-packages/Cryptodome/SelfTest/Util/test_asn1.py
-rw-r--r-- root/root      8546 2022-06-22 23:00 usr/lib64/python3.9/site-packages/Cryptodome/SelfTest/Util/test_number.py
-rw-r--r-- root/root      1121 2022-06-22 23:00 usr/lib64/python3.9/site-packages/Cryptodome/SelfTest/Util/test_rfc1751.py
-rw-r--r-- root/root     10223 2022-06-22 23:00 usr/lib64/python3.9/site-packages/Cryptodome/SelfTest/Util/test_strxor.py
-rw-r--r-- root/root      3688 2022-06-22 23:00 usr/lib64/python3.9/site-packages/Cryptodome/SelfTest/__init__.py
-rw-r--r-- root/root      1506 2022-06-22 23:00 usr/lib64/python3.9/site-packages/Cryptodome/SelfTest/__main__.py
drwxr-xr-x root/root         0 2022-06-23 11:26 usr/lib64/python3.9/site-packages/Cryptodome/SelfTest/__pycache__/
-rw-r--r-- root/root      2489 2022-06-23 11:26 usr/lib64/python3.9/site-packages/Cryptodome/SelfTest/__pycache__/__init__.cpython-39.pyc
-rw-r--r-- root/root       555 2022-06-23 11:26 usr/lib64/python3.9/site-packages/Cryptodome/SelfTest/__pycache__/__main__.cpython-39.pyc
-rw-r--r-- root/root      3961 2022-06-23 11:26 usr/lib64/python3.9/site-packages/Cryptodome/SelfTest/__pycache__/loader.cpython-39.pyc
-rw-r--r-- root/root      1170 2022-06-23 11:26 usr/lib64/python3.9/site-packages/Cryptodome/SelfTest/__pycache__/st_common.cpython-39.pyc
-rw-r--r-- root/root      6743 2022-06-22 23:00 usr/lib64/python3.9/site-packages/Cryptodome/SelfTest/loader.py
-rw-r--r-- root/root      1949 2022-06-22 23:00 usr/lib64/python3.9/site-packages/Cryptodome/SelfTest/st_common.py
drwxr-xr-x root/root         0 2022-06-23 11:26 usr/lib64/python3.9/site-packages/Cryptodome/Signature/
-rw-r--r-- root/root     15352 2022-06-22 23:00 usr/lib64/python3.9/site-packages/Cryptodome/Signature/DSS.py
-rw-r--r-- root/root      1102 2022-06-22 23:00 usr/lib64/python3.9/site-packages/Cryptodome/Signature/DSS.pyi
-rw-r--r-- root/root      2103 2022-06-22 23:00 usr/lib64/python3.9/site-packages/Cryptodome/Signature/PKCS1_PSS.py
-rw-r--r-- root/root       280 2022-06-22 23:00 usr/lib64/python3.9/site-packages/Cryptodome/Signature/PKCS1_PSS.pyi
-rw-r--r-- root/root      1993 2022-06-22 23:00 usr/lib64/python3.9/site-packages/Cryptodome/Signature/PKCS1_v1_5.py
-rw-r--r-- root/root       157 2022-06-22 23:00 usr/lib64/python3.9/site-packages/Cryptodome/Signature/PKCS1_v1_5.pyi
-rw-r--r-- root/root      1695 2022-06-22 23:00 usr/lib64/python3.9/site-packages/Cryptodome/Signature/__init__.py
drwxr-xr-x root/root         0 2022-06-23 11:26 usr/lib64/python3.9/site-packages/Cryptodome/Signature/__pycache__/
-rw-r--r-- root/root     12066 2022-06-23 11:26 usr/lib64/python3.9/site-packages/Cryptodome/Signature/__pycache__/DSS.cpython-39.pyc
-rw-r--r-- root/root       803 2022-06-23 11:26 usr/lib64/python3.9/site-packages/Cryptodome/Signature/__pycache__/PKCS1_PSS.cpython-39.pyc
-rw-r--r-- root/root       728 2022-06-23 11:26 usr/lib64/python3.9/site-packages/Cryptodome/Signature/__pycache__/PKCS1_v1_5.cpython-39.pyc
-rw-r--r-- root/root       342 2022-06-23 11:26 usr/lib64/python3.9/site-packages/Cryptodome/Signature/__pycache__/__init__.cpython-39.pyc
-rw-r--r-- root/root      8724 2022-06-23 11:26 usr/lib64/python3.9/site-packages/Cryptodome/Signature/__pycache__/eddsa.cpython-39.pyc
-rw-r--r-- root/root      5554 2022-06-23 11:26 usr/lib64/python3.9/site-packages/Cryptodome/Signature/__pycache__/pkcs1_15.cpython-39.pyc
-rw-r--r-- root/root     10767 2022-06-23 11:26 usr/lib64/python3.9/site-packages/Cryptodome/Signature/__pycache__/pss.cpython-39.pyc
-rw-r--r-- root/root     12366 2022-06-22 23:00 usr/lib64/python3.9/site-packages/Cryptodome/Signature/eddsa.py
-rw-r--r-- root/root       732 2022-06-22 23:00 usr/lib64/python3.9/site-packages/Cryptodome/Signature/eddsa.pyi
-rw-r--r-- root/root      8750 2022-06-22 23:00 usr/lib64/python3.9/site-packages/Cryptodome/Signature/pkcs1_15.py
-rw-r--r-- root/root       568 2022-06-22 23:00 usr/lib64/python3.9/site-packages/Cryptodome/Signature/pkcs1_15.pyi
-rw-r--r-- root/root     13494 2022-06-22 23:00 usr/lib64/python3.9/site-packages/Cryptodome/Signature/pss.py
-rw-r--r-- root/root      1044 2022-06-22 23:00 usr/lib64/python3.9/site-packages/Cryptodome/Signature/pss.pyi
drwxr-xr-x root/root         0 2022-06-23 11:26 usr/lib64/python3.9/site-packages/Cryptodome/Util/
-rw-r--r-- root/root      3110 2022-06-22 23:00 usr/lib64/python3.9/site-packages/Cryptodome/Util/Counter.py
-rw-r--r-- root/root       290 2022-06-22 23:00 usr/lib64/python3.9/site-packages/Cryptodome/Util/Counter.pyi
-rw-r--r-- root/root      4317 2022-06-22 23:00 usr/lib64/python3.9/site-packages/Cryptodome/Util/Padding.py
-rw-r--r-- root/root       238 2022-06-22 23:00 usr/lib64/python3.9/site-packages/Cryptodome/Util/Padding.pyi
-rw-r--r-- root/root     21204 2022-06-22 23:00 usr/lib64/python3.9/site-packages/Cryptodome/Util/RFC1751.py
-rw-r--r-- root/root       159 2022-06-22 23:00 usr/lib64/python3.9/site-packages/Cryptodome/Util/RFC1751.pyi
-rw-r--r-- root/root      1951 2022-06-22 23:00 usr/lib64/python3.9/site-packages/Cryptodome/Util/__init__.py
drwxr-xr-x root/root         0 2022-06-23 11:26 usr/lib64/python3.9/site-packages/Cryptodome/Util/__pycache__/
-rw-r--r-- root/root      1957 2022-06-23 11:26 usr/lib64/python3.9/site-packages/Cryptodome/Util/__pycache__/Counter.cpython-39.pyc
-rw-r--r-- root/root      2323 2022-06-23 11:26 usr/lib64/python3.9/site-packages/Cryptodome/Util/__pycache__/Padding.cpython-39.pyc
-rw-r--r-- root/root     15068 2022-06-23 11:26 usr/lib64/python3.9/site-packages/Cryptodome/Util/__pycache__/RFC1751.cpython-39.pyc
-rw-r--r-- root/root      1121 2022-06-23 11:26 usr/lib64/python3.9/site-packages/Cryptodome/Util/__pycache__/__init__.cpython-39.pyc
-rw-r--r-- root/root       702 2022-06-23 11:26 usr/lib64/python3.9/site-packages/Cryptodome/Util/__pycache__/_cpu_features.cpython-39.pyc
-rw-r--r-- root/root       855 2022-06-23 11:26 usr/lib64/python3.9/site-packages/Cryptodome/Util/__pycache__/_file_system.cpython-39.pyc
-rw-r--r-- root/root      8703 2022-06-23 11:26 usr/lib64/python3.9/site-packages/Cryptodome/Util/__pycache__/_raw_api.cpython-39.pyc
-rw-r--r-- root/root     27351 2022-06-23 11:26 usr/lib64/python3.9/site-packages/Cryptodome/Util/__pycache__/asn1.cpython-39.pyc
-rw-r--r-- root/root     60644 2022-06-23 11:26 usr/lib64/python3.9/site-packages/Cryptodome/Util/__pycache__/number.cpython-39.pyc
-rw-r--r-- root/root      5133 2022-06-23 11:26 usr/lib64/python3.9/site-packages/Cryptodome/Util/__pycache__/py3compat.cpython-39.pyc
-rw-r--r-- root/root      3257 2022-06-23 11:26 usr/lib64/python3.9/site-packages/Cryptodome/Util/__pycache__/strxor.cpython-39.pyc
-rw-r--r-- root/root      1997 2022-06-22 23:00 usr/lib64/python3.9/site-packages/Cryptodome/Util/_cpu_features.py
-rw-r--r-- root/root        59 2022-06-22 23:00 usr/lib64/python3.9/site-packages/Cryptodome/Util/_cpu_features.pyi
-rwxr-xr-x root/root     14160 2022-06-23 11:26 usr/lib64/python3.9/site-packages/Cryptodome/Util/_cpuid_c.abi3.so
-rw-r--r-- root/root      2183 2022-06-22 23:00 usr/lib64/python3.9/site-packages/Cryptodome/Util/_file_system.py
-rw-r--r-- root/root       100 2022-06-22 23:00 usr/lib64/python3.9/site-packages/Cryptodome/Util/_file_system.pyi
-rw-r--r-- root/root     10238 2022-06-22 23:00 usr/lib64/python3.9/site-packages/Cryptodome/Util/_raw_api.py
-rw-r--r-- root/root       906 2022-06-22 23:00 usr/lib64/python3.9/site-packages/Cryptodome/Util/_raw_api.pyi
-rwxr-xr-x root/root     14160 2022-06-23 11:26 usr/lib64/python3.9/site-packages/Cryptodome/Util/_strxor.abi3.so
-rw-r--r-- root/root     31689 2022-06-22 23:00 usr/lib64/python3.9/site-packages/Cryptodome/Util/asn1.py
-rw-r--r-- root/root      3579 2022-06-22 23:00 usr/lib64/python3.9/site-packages/Cryptodome/Util/asn1.pyi
-rw-r--r-- root/root     95733 2022-06-22 23:00 usr/lib64/python3.9/site-packages/Cryptodome/Util/number.py
-rw-r--r-- root/root       975 2022-06-22 23:00 usr/lib64/python3.9/site-packages/Cryptodome/Util/number.pyi
-rw-r--r-- root/root      5530 2022-06-22 23:00 usr/lib64/python3.9/site-packages/Cryptodome/Util/py3compat.py
-rw-r--r-- root/root       837 2022-06-22 23:00 usr/lib64/python3.9/site-packages/Cryptodome/Util/py3compat.pyi
-rw-r--r-- root/root      5449 2022-06-22 23:00 usr/lib64/python3.9/site-packages/Cryptodome/Util/strxor.py
-rw-r--r-- root/root       243 2022-06-22 23:00 usr/lib64/python3.9/site-packages/Cryptodome/Util/strxor.pyi
-rw-r--r-- root/root       185 2022-06-22 23:00 usr/lib64/python3.9/site-packages/Cryptodome/__init__.py
-rw-r--r-- root/root        99 2022-06-22 23:00 usr/lib64/python3.9/site-packages/Cryptodome/__init__.pyi
drwxr-xr-x root/root         0 2022-06-23 11:26 usr/lib64/python3.9/site-packages/Cryptodome/__pycache__/
-rw-r--r-- root/root       417 2022-06-23 11:26 usr/lib64/python3.9/site-packages/Cryptodome/__pycache__/__init__.cpython-39.pyc
-rw-r--r-- root/root         0 2022-06-22 23:00 usr/lib64/python3.9/site-packages/Cryptodome/py.typed
drwxr-xr-x root/root         0 2022-06-23 11:26 usr/lib64/python3.9/site-packages/pycryptodomex-3.15.0-py3.9.egg-info/
-rw-r--r-- root/root      3235 2022-06-23 11:26 usr/lib64/python3.9/site-packages/pycryptodomex-3.15.0-py3.9.egg-info/PKG-INFO
-rw-r--r-- root/root     18226 2022-06-23 11:26 usr/lib64/python3.9/site-packages/pycryptodomex-3.15.0-py3.9.egg-info/SOURCES.txt
-rw-r--r-- root/root         1 2022-06-23 11:26 usr/lib64/python3.9/site-packages/pycryptodomex-3.15.0-py3.9.egg-info/dependency_links.txt
-rw-r--r-- root/root         1 2022-06-22 23:00 usr/lib64/python3.9/site-packages/pycryptodomex-3.15.0-py3.9.egg-info/not-zip-safe
-rw-r--r-- root/root        11 2022-06-23 11:26 usr/lib64/python3.9/site-packages/pycryptodomex-3.15.0-py3.9.egg-info/top_level.txt


