++========================================
||
||   Package:  ./psycopg2/psycopg2-2.9.3-x86_64-2cf.txz
||
++========================================
drwxr-xr-x root/root         0 2022-07-31 10:50 ./
drwxr-xr-x root/root         0 2022-07-31 10:50 install/
-rw-r--r-- root/root       824 2022-07-31 10:50 install/slack-desc
-rw-r--r-- root/root        11 2022-07-31 10:50 install/slack-required
drwxr-xr-x root/root         0 2022-07-31 10:50 usr/
drwxr-xr-x root/root         0 2022-07-31 10:50 usr/doc/
drwxr-xr-x root/root         0 2022-07-31 10:50 usr/doc/psycopg2-2.9.3/
-rw-r--r-- root/root       475 2021-12-29 13:51 usr/doc/psycopg2-2.9.3/AUTHORS
-rw-r--r-- root/root       155 2021-12-29 13:51 usr/doc/psycopg2-2.9.3/INSTALL
-rw-r--r-- root/root      2238 2021-12-29 13:51 usr/doc/psycopg2-2.9.3/LICENSE
-rw-r--r-- root/root       398 2021-12-29 13:51 usr/doc/psycopg2-2.9.3/MANIFEST.in
-rw-r--r-- root/root     54262 2021-12-29 13:51 usr/doc/psycopg2-2.9.3/NEWS
-rw-r--r-- root/root      2815 2021-12-29 13:51 usr/doc/psycopg2-2.9.3/README.rst
drwxr-xr-x root/root         0 2021-12-29 13:51 usr/doc/psycopg2-2.9.3/doc/
-rw-r--r-- root/root      7637 2021-12-29 13:51 usr/doc/psycopg2-2.9.3/doc/COPYING.LESSER
-rw-r--r-- root/root      1071 2021-12-29 13:51 usr/doc/psycopg2-2.9.3/doc/Makefile
-rw-r--r-- root/root       628 2021-12-29 13:51 usr/doc/psycopg2-2.9.3/doc/README.rst
-rw-r--r-- root/root      4178 2021-12-29 13:51 usr/doc/psycopg2-2.9.3/doc/SUCCESS
-rw-r--r-- root/root     39154 2021-12-29 13:51 usr/doc/psycopg2-2.9.3/doc/pep-0249.txt
-rw-r--r-- root/root       271 2021-12-29 13:51 usr/doc/psycopg2-2.9.3/doc/requirements.txt
drwxr-xr-x root/root         0 2021-12-29 13:51 usr/doc/psycopg2-2.9.3/doc/src/
-rw-r--r-- root/root      3388 2021-12-29 13:51 usr/doc/psycopg2-2.9.3/doc/src/Makefile
drwxr-xr-x root/root         0 2021-12-29 13:51 usr/doc/psycopg2-2.9.3/doc/src/_static/
-rw-r--r-- root/root      1784 2021-12-29 13:51 usr/doc/psycopg2-2.9.3/doc/src/_static/psycopg.css
-rw-r--r-- root/root     22425 2021-12-29 13:51 usr/doc/psycopg2-2.9.3/doc/src/advanced.rst
-rw-r--r-- root/root      8766 2021-12-29 13:51 usr/doc/psycopg2-2.9.3/doc/src/conf.py
-rw-r--r-- root/root     34747 2021-12-29 13:51 usr/doc/psycopg2-2.9.3/doc/src/connection.rst
-rw-r--r-- root/root     24228 2021-12-29 13:51 usr/doc/psycopg2-2.9.3/doc/src/cursor.rst
-rw-r--r-- root/root      2514 2021-12-29 13:51 usr/doc/psycopg2-2.9.3/doc/src/errorcodes.rst
-rw-r--r-- root/root      3033 2021-12-29 13:51 usr/doc/psycopg2-2.9.3/doc/src/errors.rst
-rw-r--r-- root/root     33077 2021-12-29 13:51 usr/doc/psycopg2-2.9.3/doc/src/extensions.rst
-rw-r--r-- root/root     36663 2021-12-29 13:51 usr/doc/psycopg2-2.9.3/doc/src/extras.rst
-rw-r--r-- root/root     14989 2021-12-29 13:51 usr/doc/psycopg2-2.9.3/doc/src/faq.rst
-rw-r--r-- root/root      1894 2021-12-29 13:51 usr/doc/psycopg2-2.9.3/doc/src/index.rst
-rw-r--r-- root/root     11316 2021-12-29 13:51 usr/doc/psycopg2-2.9.3/doc/src/install.rst
-rw-r--r-- root/root        76 2021-12-29 13:51 usr/doc/psycopg2-2.9.3/doc/src/license.rst
-rw-r--r-- root/root     13348 2021-12-29 13:51 usr/doc/psycopg2-2.9.3/doc/src/module.rst
-rw-r--r-- root/root       108 2021-12-29 13:51 usr/doc/psycopg2-2.9.3/doc/src/news.rst
-rw-r--r-- root/root      1866 2021-12-29 13:51 usr/doc/psycopg2-2.9.3/doc/src/pool.rst
-rw-r--r-- root/root      4697 2021-12-29 13:51 usr/doc/psycopg2-2.9.3/doc/src/sql.rst
drwxr-xr-x root/root         0 2021-12-29 13:51 usr/doc/psycopg2-2.9.3/doc/src/tools/
drwxr-xr-x root/root         0 2021-12-29 13:51 usr/doc/psycopg2-2.9.3/doc/src/tools/lib/
-rwxr-xr-x root/root      1338 2021-12-29 13:51 usr/doc/psycopg2-2.9.3/doc/src/tools/lib/dbapi_extension.py
-rw-r--r-- root/root       500 2021-12-29 13:51 usr/doc/psycopg2-2.9.3/doc/src/tools/lib/sql_role.py
-rw-r--r-- root/root      1828 2021-12-29 13:51 usr/doc/psycopg2-2.9.3/doc/src/tools/lib/ticket_role.py
-rw-r--r-- root/root      1520 2021-12-29 13:51 usr/doc/psycopg2-2.9.3/doc/src/tools/make_sqlstate_docs.py
-rw-r--r-- root/root       646 2021-12-29 13:51 usr/doc/psycopg2-2.9.3/doc/src/tz.rst
-rw-r--r-- root/root     42328 2021-12-29 13:51 usr/doc/psycopg2-2.9.3/doc/src/usage.rst
-rw-r--r-- root/root      3512 2022-07-31 10:50 usr/doc/psycopg2-2.9.3/psycopg2.SlackBuild
drwxr-xr-x root/root         0 2022-07-31 10:50 usr/lib64/
drwxr-xr-x root/root         0 2022-07-31 10:50 usr/lib64/python3.9/
drwxr-xr-x root/root         0 2022-07-31 10:50 usr/lib64/python3.9/site-packages/
drwxr-xr-x root/root         0 2022-07-31 10:50 usr/lib64/python3.9/site-packages/psycopg2/
drwxr-xr-x root/root         0 2022-07-31 10:50 usr/lib64/python3.9/site-packages/psycopg2-2.9.3-py3.9.egg-info/
-rw-r--r-- root/root      4386 2022-07-31 10:50 usr/lib64/python3.9/site-packages/psycopg2-2.9.3-py3.9.egg-info/PKG-INFO
-rw-r--r-- root/root      3963 2022-07-31 10:50 usr/lib64/python3.9/site-packages/psycopg2-2.9.3-py3.9.egg-info/SOURCES.txt
-rw-r--r-- root/root         1 2022-07-31 10:50 usr/lib64/python3.9/site-packages/psycopg2-2.9.3-py3.9.egg-info/dependency_links.txt
-rw-r--r-- root/root         9 2022-07-31 10:50 usr/lib64/python3.9/site-packages/psycopg2-2.9.3-py3.9.egg-info/top_level.txt
-rw-r--r-- root/root      4768 2021-12-29 13:51 usr/lib64/python3.9/site-packages/psycopg2/__init__.py
drwxr-xr-x root/root         0 2022-07-31 10:50 usr/lib64/python3.9/site-packages/psycopg2/__pycache__/
-rw-r--r-- root/root      3279 2022-07-31 10:50 usr/lib64/python3.9/site-packages/psycopg2/__pycache__/__init__.cpython-39.pyc
-rw-r--r-- root/root      1990 2022-07-31 10:50 usr/lib64/python3.9/site-packages/psycopg2/__pycache__/_ipaddress.cpython-39.pyc
-rw-r--r-- root/root      6161 2022-07-31 10:50 usr/lib64/python3.9/site-packages/psycopg2/__pycache__/_json.cpython-39.pyc
-rw-r--r-- root/root     14317 2022-07-31 10:50 usr/lib64/python3.9/site-packages/psycopg2/__pycache__/_range.cpython-39.pyc
-rw-r--r-- root/root     12780 2022-07-31 10:50 usr/lib64/python3.9/site-packages/psycopg2/__pycache__/errorcodes.cpython-39.pyc
-rw-r--r-- root/root       476 2022-07-31 10:50 usr/lib64/python3.9/site-packages/psycopg2/__pycache__/errors.cpython-39.pyc
-rw-r--r-- root/root      6186 2022-07-31 10:50 usr/lib64/python3.9/site-packages/psycopg2/__pycache__/extensions.cpython-39.pyc
-rw-r--r-- root/root     42378 2022-07-31 10:50 usr/lib64/python3.9/site-packages/psycopg2/__pycache__/extras.cpython-39.pyc
-rw-r--r-- root/root      4866 2022-07-31 10:50 usr/lib64/python3.9/site-packages/psycopg2/__pycache__/pool.cpython-39.pyc
-rw-r--r-- root/root     15016 2022-07-31 10:50 usr/lib64/python3.9/site-packages/psycopg2/__pycache__/sql.cpython-39.pyc
-rw-r--r-- root/root      4495 2022-07-31 10:50 usr/lib64/python3.9/site-packages/psycopg2/__pycache__/tz.cpython-39.pyc
-rw-r--r-- root/root      2922 2021-12-29 13:51 usr/lib64/python3.9/site-packages/psycopg2/_ipaddress.py
-rw-r--r-- root/root      7153 2021-12-29 13:51 usr/lib64/python3.9/site-packages/psycopg2/_json.py
-rwxr-xr-x root/root    303704 2022-07-31 10:50 usr/lib64/python3.9/site-packages/psycopg2/_psycopg.cpython-39-x86_64-linux-gnu.so
-rw-r--r-- root/root     17608 2021-12-29 13:51 usr/lib64/python3.9/site-packages/psycopg2/_range.py
-rw-r--r-- root/root     14308 2021-12-29 13:51 usr/lib64/python3.9/site-packages/psycopg2/errorcodes.py
-rw-r--r-- root/root      1425 2021-12-29 13:51 usr/lib64/python3.9/site-packages/psycopg2/errors.py
-rw-r--r-- root/root      6797 2021-12-29 13:51 usr/lib64/python3.9/site-packages/psycopg2/extensions.py
-rw-r--r-- root/root     42863 2021-12-29 13:51 usr/lib64/python3.9/site-packages/psycopg2/extras.py
-rw-r--r-- root/root      6316 2021-12-29 13:51 usr/lib64/python3.9/site-packages/psycopg2/pool.py
-rw-r--r-- root/root     14779 2021-12-29 13:51 usr/lib64/python3.9/site-packages/psycopg2/sql.py
-rw-r--r-- root/root      4870 2021-12-29 13:51 usr/lib64/python3.9/site-packages/psycopg2/tz.py


