++========================================
||
||   Package:  ./diskscan/diskscan-0.20-x86_64-3cf.txz
||
++========================================
drwxr-xr-x root/root         0 2020-10-05 11:06 ./
drwxr-xr-x root/root         0 2020-10-05 11:06 install/
-rw-r--r-- root/root       948 2020-10-05 11:06 install/slack-desc
drwxr-xr-x root/root         0 2020-10-05 11:06 usr/
drwxr-xr-x root/root         0 2020-10-05 11:06 usr/bin/
-rwxr-xr-x root/root     84912 2020-10-05 11:06 usr/bin/diskscan
drwxr-xr-x root/root         0 2020-10-05 11:06 usr/doc/
drwxr-xr-x root/root         0 2020-10-05 11:06 usr/doc/diskscan-0.20/
-rw-r--r-- root/root     35147 2017-08-25 21:24 usr/doc/diskscan-0.20/COPYING
-rw-r--r-- root/root       500 2017-08-25 21:24 usr/doc/diskscan-0.20/DEVELOP.md
-rw-r--r-- root/root      2173 2017-08-25 21:24 usr/doc/diskscan-0.20/README.md
-rw-r--r-- root/root      3449 2020-10-05 11:06 usr/doc/diskscan-0.20/diskscan.SlackBuild
drwxr-xr-x root/root         0 2020-10-05 11:06 usr/man/
drwxr-xr-x root/root         0 2020-10-05 11:06 usr/man/man1/
-rw-r--r-- root/root      1372 2020-10-05 11:06 usr/man/man1/diskscan.1.gz


