++========================================
||
||   Package:  ./wpebackend-fdo/wpebackend-fdo-1.14.0-x86_64-1cf.txz
||
++========================================
drwxr-xr-x root/root         0 2022-09-24 12:45 ./
drwxr-xr-x root/root         0 2022-09-24 12:45 install/
-rw-r--r-- root/root       266 2022-09-24 12:45 install/doinst.sh
-rw-r--r-- root/root       768 2022-09-24 12:45 install/slack-desc
-rw-r--r-- root/root         7 2022-09-24 12:45 install/slack-required
drwxr-xr-x root/root         0 2022-09-24 12:45 usr/
drwxr-xr-x root/root         0 2022-09-24 12:45 usr/doc/
drwxr-xr-x root/root         0 2022-09-24 12:45 usr/doc/wpebackend-fdo-1.14.0/
-rw-r--r-- root/root      1303 2022-09-20 08:44 usr/doc/wpebackend-fdo-1.14.0/COPYING
-rw-r--r-- root/root      3125 2022-09-20 08:44 usr/doc/wpebackend-fdo-1.14.0/NEWS
-rw-r--r-- root/root      4250 2022-09-24 12:45 usr/doc/wpebackend-fdo-1.14.0/wpebackend-fdo.SlackBuild
drwxr-xr-x root/root         0 2022-09-24 12:45 usr/include/
drwxr-xr-x root/root         0 2022-09-24 12:45 usr/include/wpe-fdo-1.0/
drwxr-xr-x root/root         0 2022-09-24 12:45 usr/include/wpe-fdo-1.0/wpe/
-rw-r--r-- root/root      2056 2022-09-20 08:44 usr/include/wpe-fdo-1.0/wpe/exported-buffer-shm.h
-rw-r--r-- root/root      2003 2022-09-20 08:44 usr/include/wpe-fdo-1.0/wpe/exported-image-egl.h
drwxr-xr-x root/root         0 2022-09-24 12:45 usr/include/wpe-fdo-1.0/wpe/extensions/
-rw-r--r-- root/root      3592 2022-09-20 08:44 usr/include/wpe-fdo-1.0/wpe/extensions/audio.h
-rw-r--r-- root/root      4168 2022-09-20 08:44 usr/include/wpe-fdo-1.0/wpe/extensions/video-plane-display-dmabuf.h
-rw-r--r-- root/root      1798 2022-09-20 08:44 usr/include/wpe-fdo-1.0/wpe/fdo-egl.h
-rw-r--r-- root/root      1731 2022-09-20 08:44 usr/include/wpe-fdo-1.0/wpe/fdo.h
-rw-r--r-- root/root      1754 2022-09-20 08:44 usr/include/wpe-fdo-1.0/wpe/initialize-egl.h
drwxr-xr-x root/root         0 2022-09-24 12:45 usr/include/wpe-fdo-1.0/wpe/unstable/
-rw-r--r-- root/root      2180 2022-09-20 08:44 usr/include/wpe-fdo-1.0/wpe/unstable/dmabuf-pool-entry.h
-rw-r--r-- root/root      1687 2022-09-20 08:44 usr/include/wpe-fdo-1.0/wpe/unstable/fdo-dmabuf.h
-rw-r--r-- root/root      1762 2022-09-20 08:44 usr/include/wpe-fdo-1.0/wpe/unstable/fdo-eglstream.h
-rw-r--r-- root/root      1709 2022-09-20 08:44 usr/include/wpe-fdo-1.0/wpe/unstable/fdo-shm.h
-rw-r--r-- root/root      1641 2022-09-20 08:44 usr/include/wpe-fdo-1.0/wpe/unstable/initialize-dmabuf.h
-rw-r--r-- root/root      1781 2022-09-20 08:44 usr/include/wpe-fdo-1.0/wpe/unstable/initialize-eglstream.h
-rw-r--r-- root/root      1712 2022-09-20 08:44 usr/include/wpe-fdo-1.0/wpe/unstable/initialize-shm.h
-rw-r--r-- root/root      2639 2022-09-20 08:44 usr/include/wpe-fdo-1.0/wpe/unstable/view-backend-dmabuf-pool-fdo.h
-rw-r--r-- root/root      2304 2022-09-20 08:44 usr/include/wpe-fdo-1.0/wpe/unstable/view-backend-exportable-eglstream.h
-rw-r--r-- root/root      3076 2022-09-20 08:44 usr/include/wpe-fdo-1.0/wpe/version.h
-rw-r--r-- root/root      2836 2022-09-20 08:44 usr/include/wpe-fdo-1.0/wpe/view-backend-exportable-egl.h
-rw-r--r-- root/root      3238 2022-09-20 08:44 usr/include/wpe-fdo-1.0/wpe/view-backend-exportable.h
-rw-r--r-- root/root      1556 2022-09-20 08:44 usr/include/wpe-fdo-1.0/wpe/wpebackend-fdo-version.h
drwxr-xr-x root/root         0 2022-09-24 12:45 usr/lib64/
-rwxr-xr-x root/root     85320 2022-09-24 12:45 usr/lib64/libWPEBackend-fdo-1.0.so.1.9.2
drwxr-xr-x root/root         0 2022-09-24 12:45 usr/lib64/pkgconfig/
-rw-r--r-- root/root       248 2022-09-24 12:45 usr/lib64/pkgconfig/wpebackend-fdo-1.0.pc


