++========================================
||
||   Package:  ./notmuch/notmuch-0.36-x86_64-1cf.txz
||
++========================================
drwxr-xr-x root/root         0 2022-04-26 14:21 ./
drwxr-xr-x root/root         0 2022-04-26 14:21 install/
-rw-r--r-- root/root       335 2022-04-26 14:21 install/doinst.sh
-rw-r--r-- root/root       869 2022-04-26 14:21 install/slack-desc
drwxr-xr-x root/root         0 2022-04-26 14:21 usr/
drwxr-xr-x root/root         0 2022-04-26 14:21 usr/bin/
-rwxr-xr-x root/root    165448 2022-04-26 14:21 usr/bin/notmuch
-rwxr-xr-x root/root      4266 2022-04-26 14:21 usr/bin/notmuch-emacs-mua
-rwxr-xr-x root/root      8318 2022-04-26 14:21 usr/bin/notmuch-mutt
drwxr-xr-x root/root         0 2022-04-26 14:21 usr/doc/
drwxr-xr-x root/root         0 2022-04-26 14:21 usr/doc/notmuch-0.36/
-rw-r--r-- root/root      2953 2022-04-25 13:48 usr/doc/notmuch-0.36/AUTHORS
-rw-r--r-- root/root       652 2022-04-25 13:48 usr/doc/notmuch-0.36/COPYING
-rw-r--r-- root/root     35072 2022-04-25 13:48 usr/doc/notmuch-0.36/COPYING-GPL-3
-rw-r--r-- root/root      3033 2022-04-25 13:48 usr/doc/notmuch-0.36/INSTALL
-rw-r--r-- root/root    163989 2022-04-25 13:48 usr/doc/notmuch-0.36/NEWS
-rw-r--r-- root/root      2953 2022-04-25 13:48 usr/doc/notmuch-0.36/README
-rw-r--r-- root/root       450 2022-04-25 13:48 usr/doc/notmuch-0.36/README.rst
-rw-r--r-- root/root      4232 2022-04-26 14:21 usr/doc/notmuch-0.36/notmuch.SlackBuild
-rw-r--r-- root/root      4051 2022-04-26 14:21 usr/doc/notmuch-0.36/notmuch_vim.txt
drwxr-xr-x root/root         0 2022-04-26 14:21 usr/include/
-rw-r--r-- root/root     90754 2022-04-26 14:21 usr/include/notmuch.h
drwxr-xr-x root/root         0 2022-04-26 14:21 usr/lib64/
-rw-r--r-- root/root    253696 2022-04-26 14:21 usr/lib64/libnotmuch.so.5.6.0
drwxr-xr-x root/root         0 2022-04-26 14:21 usr/lib64/python3.9/
drwxr-xr-x root/root         0 2022-04-26 14:21 usr/lib64/python3.9/site-packages/
drwxr-xr-x root/root         0 2022-04-26 14:21 usr/lib64/python3.9/site-packages/notmuch/
-rw-r--r-- root/root      1527 2022-04-26 14:21 usr/lib64/python3.9/site-packages/notmuch-0.36-py3.9.egg-info
-rw-r--r-- root/root      2963 2022-04-25 13:48 usr/lib64/python3.9/site-packages/notmuch/__init__.py
drwxr-xr-x root/root         0 2022-04-26 14:21 usr/lib64/python3.9/site-packages/notmuch/__pycache__/
-rw-r--r-- root/root      2616 2022-04-26 14:21 usr/lib64/python3.9/site-packages/notmuch/__pycache__/__init__.cpython-39.pyc
-rw-r--r-- root/root      2406 2022-04-26 14:21 usr/lib64/python3.9/site-packages/notmuch/__pycache__/compat.cpython-39.pyc
-rw-r--r-- root/root     26872 2022-04-26 14:21 usr/lib64/python3.9/site-packages/notmuch/__pycache__/database.cpython-39.pyc
-rw-r--r-- root/root      6935 2022-04-26 14:21 usr/lib64/python3.9/site-packages/notmuch/__pycache__/directory.cpython-39.pyc
-rw-r--r-- root/root      6699 2022-04-26 14:21 usr/lib64/python3.9/site-packages/notmuch/__pycache__/errors.cpython-39.pyc
-rw-r--r-- root/root      4377 2022-04-26 14:21 usr/lib64/python3.9/site-packages/notmuch/__pycache__/filenames.cpython-39.pyc
-rw-r--r-- root/root      3665 2022-04-26 14:21 usr/lib64/python3.9/site-packages/notmuch/__pycache__/globals.cpython-39.pyc
-rw-r--r-- root/root     24067 2022-04-26 14:21 usr/lib64/python3.9/site-packages/notmuch/__pycache__/message.cpython-39.pyc
-rw-r--r-- root/root      7125 2022-04-26 14:21 usr/lib64/python3.9/site-packages/notmuch/__pycache__/messages.cpython-39.pyc
-rw-r--r-- root/root      7646 2022-04-26 14:21 usr/lib64/python3.9/site-packages/notmuch/__pycache__/query.cpython-39.pyc
-rw-r--r-- root/root      4903 2022-04-26 14:21 usr/lib64/python3.9/site-packages/notmuch/__pycache__/tag.cpython-39.pyc
-rw-r--r-- root/root      8941 2022-04-26 14:21 usr/lib64/python3.9/site-packages/notmuch/__pycache__/thread.cpython-39.pyc
-rw-r--r-- root/root      5464 2022-04-26 14:21 usr/lib64/python3.9/site-packages/notmuch/__pycache__/threads.cpython-39.pyc
-rw-r--r-- root/root       184 2022-04-26 14:21 usr/lib64/python3.9/site-packages/notmuch/__pycache__/version.cpython-39.pyc
-rw-r--r-- root/root      2338 2022-04-25 13:48 usr/lib64/python3.9/site-packages/notmuch/compat.py
-rw-r--r-- root/root     31261 2022-04-25 13:48 usr/lib64/python3.9/site-packages/notmuch/database.py
-rw-r--r-- root/root      6870 2022-04-25 13:48 usr/lib64/python3.9/site-packages/notmuch/directory.py
-rw-r--r-- root/root      6480 2022-04-25 13:48 usr/lib64/python3.9/site-packages/notmuch/errors.py
-rw-r--r-- root/root      4287 2022-04-25 13:48 usr/lib64/python3.9/site-packages/notmuch/filenames.py
-rw-r--r-- root/root      2679 2022-04-25 13:48 usr/lib64/python3.9/site-packages/notmuch/globals.py
-rw-r--r-- root/root     27039 2022-04-25 13:48 usr/lib64/python3.9/site-packages/notmuch/message.py
-rw-r--r-- root/root      7024 2022-04-25 13:48 usr/lib64/python3.9/site-packages/notmuch/messages.py
-rw-r--r-- root/root      8201 2022-04-25 13:48 usr/lib64/python3.9/site-packages/notmuch/query.py
-rw-r--r-- root/root      4736 2022-04-25 13:48 usr/lib64/python3.9/site-packages/notmuch/tag.py
-rw-r--r-- root/root      9915 2022-04-25 13:48 usr/lib64/python3.9/site-packages/notmuch/thread.py
-rw-r--r-- root/root      5424 2022-04-25 13:48 usr/lib64/python3.9/site-packages/notmuch/threads.py
-rw-r--r-- root/root        94 2022-04-25 13:48 usr/lib64/python3.9/site-packages/notmuch/version.py
drwxr-xr-x root/root         0 2022-04-26 14:21 usr/lib64/ruby/
drwxr-xr-x root/root         0 2022-04-26 14:21 usr/lib64/ruby/vendor_ruby/
drwxr-xr-x root/root         0 2022-04-26 14:21 usr/lib64/ruby/vendor_ruby/3.1.0/
drwxr-xr-x root/root         0 2022-04-26 14:21 usr/lib64/ruby/vendor_ruby/3.1.0/x86_64-linux/
-rwxr-xr-x root/root     63464 2022-04-26 14:21 usr/lib64/ruby/vendor_ruby/3.1.0/x86_64-linux/notmuch.so
drwxr-xr-x root/root         0 2022-04-26 14:21 usr/man/
drwxr-xr-x root/root         0 2022-04-26 14:21 usr/man/man1/
-rw-r--r-- root/root      3263 2022-04-26 14:21 usr/man/man1/notmuch-mutt.1.gz
drwxr-xr-x root/root         0 2022-04-26 14:21 usr/man/man3/
-rw-r--r-- root/root     21738 2022-04-26 14:21 usr/man/man3/notmuch.3.gz
drwxr-xr-x root/root         0 2022-04-26 14:21 usr/share/
drwxr-xr-x root/root         0 2022-04-26 14:21 usr/share/applications/
-rw-r--r-- root/root        64 2022-04-26 14:21 usr/share/applications/mimeinfo.cache
-rw-r--r-- root/root       312 2022-04-26 14:21 usr/share/applications/notmuch-emacs-mua.desktop
drwxr-xr-x root/root         0 2022-04-26 14:21 usr/share/bash-completion/
drwxr-xr-x root/root         0 2022-04-26 14:21 usr/share/bash-completion/completions/
-rw-r--r-- root/root     14658 2022-04-26 14:21 usr/share/bash-completion/completions/notmuch
drwxr-xr-x root/root         0 2022-04-26 14:21 usr/share/emacs/
drwxr-xr-x root/root         0 2022-04-26 14:21 usr/share/emacs/site-lisp/
-rw-r--r-- root/root      4922 2022-04-26 14:21 usr/share/emacs/site-lisp/coolj.el
-rw-r--r-- root/root      3208 2022-04-26 14:21 usr/share/emacs/site-lisp/coolj.elc
-rw-r--r-- root/root     16187 2022-04-26 14:21 usr/share/emacs/site-lisp/notmuch-address.el
-rw-r--r-- root/root     13327 2022-04-26 14:21 usr/share/emacs/site-lisp/notmuch-address.elc
-rw-r--r-- root/root      3886 2022-04-26 14:21 usr/share/emacs/site-lisp/notmuch-company.el
-rw-r--r-- root/root      1815 2022-04-26 14:21 usr/share/emacs/site-lisp/notmuch-company.elc
-rw-r--r-- root/root      2223 2022-04-26 14:21 usr/share/emacs/site-lisp/notmuch-compat.el
-rw-r--r-- root/root       922 2022-04-26 14:21 usr/share/emacs/site-lisp/notmuch-compat.elc
-rw-r--r-- root/root      9965 2022-04-26 14:21 usr/share/emacs/site-lisp/notmuch-crypto.el
-rw-r--r-- root/root      7655 2022-04-26 14:21 usr/share/emacs/site-lisp/notmuch-crypto.elc
-rw-r--r-- root/root     10751 2022-04-26 14:21 usr/share/emacs/site-lisp/notmuch-draft.el
-rw-r--r-- root/root      7974 2022-04-26 14:21 usr/share/emacs/site-lisp/notmuch-draft.elc
-rw-r--r-- root/root     38473 2022-04-26 14:21 usr/share/emacs/site-lisp/notmuch-hello.el
-rw-r--r-- root/root     33424 2022-04-26 14:21 usr/share/emacs/site-lisp/notmuch-hello.elc
-rw-r--r-- root/root      7535 2022-04-26 14:21 usr/share/emacs/site-lisp/notmuch-jump.el
-rw-r--r-- root/root      5241 2022-04-26 14:21 usr/share/emacs/site-lisp/notmuch-jump.elc
-rw-r--r-- root/root     38187 2022-04-26 14:21 usr/share/emacs/site-lisp/notmuch-lib.el
-rw-r--r-- root/root     31841 2022-04-26 14:21 usr/share/emacs/site-lisp/notmuch-lib.elc
-rw-r--r-- root/root      1115 2022-04-26 14:21 usr/share/emacs/site-lisp/notmuch-logo.svg
-rw-r--r-- root/root     13279 2022-04-26 14:21 usr/share/emacs/site-lisp/notmuch-maildir-fcc.el
-rw-r--r-- root/root     11629 2022-04-26 14:21 usr/share/emacs/site-lisp/notmuch-maildir-fcc.elc
-rw-r--r-- root/root      2766 2022-04-26 14:21 usr/share/emacs/site-lisp/notmuch-message.el
-rw-r--r-- root/root      2142 2022-04-26 14:21 usr/share/emacs/site-lisp/notmuch-message.elc
-rw-r--r-- root/root     24379 2022-04-26 14:21 usr/share/emacs/site-lisp/notmuch-mua.el
-rw-r--r-- root/root     19340 2022-04-26 14:21 usr/share/emacs/site-lisp/notmuch-mua.elc
-rw-r--r-- root/root      7112 2022-04-26 14:21 usr/share/emacs/site-lisp/notmuch-parser.el
-rw-r--r-- root/root      4692 2022-04-26 14:21 usr/share/emacs/site-lisp/notmuch-parser.elc
-rw-r--r-- root/root      3328 2022-04-26 14:21 usr/share/emacs/site-lisp/notmuch-print.el
-rw-r--r-- root/root      2682 2022-04-26 14:21 usr/share/emacs/site-lisp/notmuch-print.elc
-rw-r--r-- root/root      2772 2022-04-26 14:21 usr/share/emacs/site-lisp/notmuch-query.el
-rw-r--r-- root/root      2014 2022-04-26 14:21 usr/share/emacs/site-lisp/notmuch-query.elc
-rw-r--r-- root/root     98826 2022-04-26 14:21 usr/share/emacs/site-lisp/notmuch-show.el
-rw-r--r-- root/root     82311 2022-04-26 14:21 usr/share/emacs/site-lisp/notmuch-show.elc
-rw-r--r-- root/root     22309 2022-04-26 14:21 usr/share/emacs/site-lisp/notmuch-tag.el
-rw-r--r-- root/root     20103 2022-04-26 14:21 usr/share/emacs/site-lisp/notmuch-tag.elc
-rw-r--r-- root/root     46139 2022-04-26 14:21 usr/share/emacs/site-lisp/notmuch-tree.el
-rw-r--r-- root/root     45381 2022-04-26 14:21 usr/share/emacs/site-lisp/notmuch-tree.elc
-rw-r--r-- root/root       953 2022-04-26 14:21 usr/share/emacs/site-lisp/notmuch-version.el
-rw-r--r-- root/root       192 2022-04-26 14:21 usr/share/emacs/site-lisp/notmuch-version.elc
-rw-r--r-- root/root     15547 2022-04-26 14:21 usr/share/emacs/site-lisp/notmuch-wash.el
-rw-r--r-- root/root     11685 2022-04-26 14:21 usr/share/emacs/site-lisp/notmuch-wash.elc
-rw-r--r-- root/root     45699 2022-04-26 14:21 usr/share/emacs/site-lisp/notmuch.el
-rw-r--r-- root/root     38426 2022-04-26 14:21 usr/share/emacs/site-lisp/notmuch.elc
drwxr-xr-x root/root         0 2022-04-26 14:21 usr/share/vim/
drwxr-xr-x root/root         0 2022-04-26 14:21 usr/share/vim/vimfiles/
drwxr-xr-x root/root         0 2022-04-26 14:21 usr/share/vim/vimfiles/doc/
-rw-r--r-- root/root      4051 2022-04-26 14:21 usr/share/vim/vimfiles/doc/notmuch.txt
drwxr-xr-x root/root         0 2022-04-26 14:21 usr/share/vim/vimfiles/plugin/
-rw-r--r-- root/root     20581 2022-04-26 14:21 usr/share/vim/vimfiles/plugin/notmuch.vim
drwxr-xr-x root/root         0 2022-04-26 14:21 usr/share/vim/vimfiles/syntax/
-rw-r--r-- root/root       295 2022-04-26 14:21 usr/share/vim/vimfiles/syntax/notmuch-compose.vim
-rw-r--r-- root/root       383 2022-04-26 14:21 usr/share/vim/vimfiles/syntax/notmuch-folders.vim
-rw-r--r-- root/root       769 2022-04-26 14:21 usr/share/vim/vimfiles/syntax/notmuch-git-diff.vim
-rw-r--r-- root/root       601 2022-04-26 14:21 usr/share/vim/vimfiles/syntax/notmuch-search.vim
-rw-r--r-- root/root       994 2022-04-26 14:21 usr/share/vim/vimfiles/syntax/notmuch-show.vim
drwxr-xr-x root/root         0 2022-04-26 14:21 usr/share/zsh/
drwxr-xr-x root/root         0 2022-04-26 14:21 usr/share/zsh/site-functions/
-rw-r--r-- root/root       239 2022-04-26 14:21 usr/share/zsh/site-functions/_email-notmuch
-rw-r--r-- root/root     10230 2022-04-26 14:21 usr/share/zsh/site-functions/_notmuch


