++========================================
||
||   Package:  ./tbb/tbb-2021.2.0-x86_64-1cf.txz
||
++========================================
drwxr-xr-x root/root         0 2021-04-02 12:51 ./
drwxr-xr-x root/root         0 2021-04-02 12:51 install/
-rw-r--r-- root/root       634 2021-04-02 12:51 install/doinst.sh
-rw-r--r-- root/root       765 2021-04-02 12:51 install/slack-desc
drwxr-xr-x root/root         0 2021-04-02 12:51 usr/
drwxr-xr-x root/root         0 2021-04-02 12:51 usr/doc/
drwxr-xr-x root/root         0 2021-04-02 12:51 usr/doc/tbb-2021.2.0/
-rw-r--r-- root/root      2330 2021-01-27 21:03 usr/doc/tbb-2021.2.0/README.md
-rw-r--r-- root/root      3785 2021-04-02 12:51 usr/doc/tbb-2021.2.0/tbb.SlackBuild
drwxr-xr-x root/root         0 2021-04-02 12:51 usr/include/
drwxr-xr-x root/root         0 2021-04-02 12:51 usr/include/oneapi/
drwxr-xr-x root/root         0 2021-04-02 12:51 usr/include/oneapi/tbb/
-rw-r--r-- root/root      2654 2021-01-27 21:03 usr/include/oneapi/tbb.h
-rw-r--r-- root/root      6075 2021-01-27 21:03 usr/include/oneapi/tbb/blocked_range.h
-rw-r--r-- root/root      3233 2021-01-27 21:03 usr/include/oneapi/tbb/blocked_range2d.h
-rw-r--r-- root/root      4300 2021-01-27 21:03 usr/include/oneapi/tbb/blocked_range3d.h
-rw-r--r-- root/root      5380 2021-01-27 21:03 usr/include/oneapi/tbb/blocked_rangeNd.h
-rw-r--r-- root/root      6872 2021-01-27 21:03 usr/include/oneapi/tbb/cache_aligned_allocator.h
-rw-r--r-- root/root      1969 2021-01-27 21:03 usr/include/oneapi/tbb/combinable.h
-rw-r--r-- root/root     65776 2021-01-27 21:03 usr/include/oneapi/tbb/concurrent_hash_map.h
-rw-r--r-- root/root     13535 2021-01-27 21:03 usr/include/oneapi/tbb/concurrent_lru_cache.h
-rw-r--r-- root/root     13416 2021-01-27 21:03 usr/include/oneapi/tbb/concurrent_map.h
-rw-r--r-- root/root     19531 2021-01-27 21:03 usr/include/oneapi/tbb/concurrent_priority_queue.h
-rw-r--r-- root/root     24069 2021-01-27 21:03 usr/include/oneapi/tbb/concurrent_queue.h
-rw-r--r-- root/root     10241 2021-01-27 21:03 usr/include/oneapi/tbb/concurrent_set.h
-rw-r--r-- root/root     18697 2021-01-27 21:03 usr/include/oneapi/tbb/concurrent_unordered_map.h
-rw-r--r-- root/root     14850 2021-01-27 21:03 usr/include/oneapi/tbb/concurrent_unordered_set.h
-rw-r--r-- root/root     46199 2021-01-27 21:03 usr/include/oneapi/tbb/concurrent_vector.h
drwxr-xr-x root/root         0 2021-04-02 12:51 usr/include/oneapi/tbb/detail/
-rw-r--r-- root/root      7562 2021-01-27 21:03 usr/include/oneapi/tbb/detail/_aggregator.h
-rw-r--r-- root/root      1399 2021-01-27 21:03 usr/include/oneapi/tbb/detail/_aligned_space.h
-rw-r--r-- root/root      3807 2021-01-27 21:03 usr/include/oneapi/tbb/detail/_allocator_traits.h
-rw-r--r-- root/root      2063 2021-01-27 21:03 usr/include/oneapi/tbb/detail/_assert.h
-rw-r--r-- root/root     26380 2021-01-27 21:03 usr/include/oneapi/tbb/detail/_concurrent_queue_base.h
-rw-r--r-- root/root     45748 2021-01-27 21:03 usr/include/oneapi/tbb/detail/_concurrent_skip_list.h
-rw-r--r-- root/root     64400 2021-01-27 21:03 usr/include/oneapi/tbb/detail/_concurrent_unordered_base.h
-rw-r--r-- root/root     18477 2021-01-27 21:03 usr/include/oneapi/tbb/detail/_config.h
-rw-r--r-- root/root      2627 2021-01-27 21:03 usr/include/oneapi/tbb/detail/_containers_helpers.h
-rw-r--r-- root/root      2470 2021-01-27 21:03 usr/include/oneapi/tbb/detail/_exception.h
-rw-r--r-- root/root     12716 2021-01-27 21:03 usr/include/oneapi/tbb/detail/_flow_graph_body_impl.h
-rw-r--r-- root/root     13262 2021-01-27 21:03 usr/include/oneapi/tbb/detail/_flow_graph_cache_impl.h
-rw-r--r-- root/root     15620 2021-01-27 21:03 usr/include/oneapi/tbb/detail/_flow_graph_impl.h
-rw-r--r-- root/root     16529 2021-01-27 21:03 usr/include/oneapi/tbb/detail/_flow_graph_indexer_impl.h
-rw-r--r-- root/root     10359 2021-01-27 21:03 usr/include/oneapi/tbb/detail/_flow_graph_item_buffer_impl.h
-rw-r--r-- root/root     82886 2021-01-27 21:03 usr/include/oneapi/tbb/detail/_flow_graph_join_impl.h
-rw-r--r-- root/root     27545 2021-01-27 21:03 usr/include/oneapi/tbb/detail/_flow_graph_node_impl.h
-rw-r--r-- root/root     10177 2021-01-27 21:03 usr/include/oneapi/tbb/detail/_flow_graph_node_set_impl.h
-rw-r--r-- root/root      9532 2021-01-27 21:03 usr/include/oneapi/tbb/detail/_flow_graph_nodes_deduction.h
-rw-r--r-- root/root     10318 2021-01-27 21:03 usr/include/oneapi/tbb/detail/_flow_graph_tagged_buffer_impl.h
-rw-r--r-- root/root     15974 2021-01-27 21:03 usr/include/oneapi/tbb/detail/_flow_graph_trace_impl.h
-rw-r--r-- root/root     15638 2021-01-27 21:03 usr/include/oneapi/tbb/detail/_flow_graph_types_impl.h
-rw-r--r-- root/root      3695 2021-01-27 21:03 usr/include/oneapi/tbb/detail/_hash_compare.h
-rw-r--r-- root/root     12620 2021-01-27 21:03 usr/include/oneapi/tbb/detail/_machine.h
-rw-r--r-- root/root       815 2021-01-27 21:03 usr/include/oneapi/tbb/detail/_namespace_injection.h
-rw-r--r-- root/root      5173 2021-01-27 21:03 usr/include/oneapi/tbb/detail/_node_handle.h
-rw-r--r-- root/root     15848 2021-01-27 21:03 usr/include/oneapi/tbb/detail/_pipeline_filters.h
-rw-r--r-- root/root      1529 2021-01-27 21:03 usr/include/oneapi/tbb/detail/_pipeline_filters_deduction.h
-rw-r--r-- root/root      2494 2021-01-27 21:03 usr/include/oneapi/tbb/detail/_range_common.h
-rw-r--r-- root/root      4784 2021-01-27 21:03 usr/include/oneapi/tbb/detail/_rtm_mutex.h
-rw-r--r-- root/root      6900 2021-01-27 21:03 usr/include/oneapi/tbb/detail/_rtm_rw_mutex.h
-rw-r--r-- root/root     24750 2021-01-27 21:03 usr/include/oneapi/tbb/detail/_segment_table.h
-rw-r--r-- root/root      3542 2021-01-27 21:03 usr/include/oneapi/tbb/detail/_small_object_pool.h
-rw-r--r-- root/root      3872 2021-01-27 21:03 usr/include/oneapi/tbb/detail/_string_resource.h
-rw-r--r-- root/root      7150 2021-01-27 21:03 usr/include/oneapi/tbb/detail/_task.h
-rw-r--r-- root/root     13107 2021-01-27 21:03 usr/include/oneapi/tbb/detail/_template_helpers.h
-rw-r--r-- root/root     11975 2021-01-27 21:03 usr/include/oneapi/tbb/detail/_utils.h
-rw-r--r-- root/root     42403 2021-01-27 21:03 usr/include/oneapi/tbb/enumerable_thread_specific.h
-rw-r--r-- root/root    121633 2021-01-27 21:03 usr/include/oneapi/tbb/flow_graph.h
-rw-r--r-- root/root      1446 2021-01-27 21:03 usr/include/oneapi/tbb/flow_graph_abstractions.h
-rw-r--r-- root/root      5998 2021-01-27 21:03 usr/include/oneapi/tbb/global_control.h
-rw-r--r-- root/root      4022 2021-01-27 21:03 usr/include/oneapi/tbb/info.h
-rw-r--r-- root/root      9973 2021-01-27 21:03 usr/include/oneapi/tbb/memory_pool.h
-rw-r--r-- root/root      2115 2021-01-27 21:03 usr/include/oneapi/tbb/null_mutex.h
-rw-r--r-- root/root      2431 2021-01-27 21:03 usr/include/oneapi/tbb/null_rw_mutex.h
-rw-r--r-- root/root     19836 2021-01-27 21:03 usr/include/oneapi/tbb/parallel_for.h
-rw-r--r-- root/root     25055 2021-01-27 21:03 usr/include/oneapi/tbb/parallel_for_each.h
-rw-r--r-- root/root      7783 2021-01-27 21:03 usr/include/oneapi/tbb/parallel_invoke.h
-rw-r--r-- root/root      5744 2021-01-27 21:03 usr/include/oneapi/tbb/parallel_pipeline.h
-rw-r--r-- root/root     32357 2021-01-27 21:03 usr/include/oneapi/tbb/parallel_reduce.h
-rw-r--r-- root/root     20915 2021-01-27 21:03 usr/include/oneapi/tbb/parallel_scan.h
-rw-r--r-- root/root      9587 2021-01-27 21:03 usr/include/oneapi/tbb/parallel_sort.h
-rw-r--r-- root/root     28306 2021-01-27 21:03 usr/include/oneapi/tbb/partitioner.h
-rw-r--r-- root/root      9948 2021-01-27 21:03 usr/include/oneapi/tbb/profiling.h
-rw-r--r-- root/root      6802 2021-01-27 21:03 usr/include/oneapi/tbb/queuing_mutex.h
-rw-r--r-- root/root      6373 2021-01-27 21:03 usr/include/oneapi/tbb/queuing_rw_mutex.h
-rw-r--r-- root/root     11190 2021-01-27 21:03 usr/include/oneapi/tbb/scalable_allocator.h
-rw-r--r-- root/root      4795 2021-01-27 21:03 usr/include/oneapi/tbb/spin_mutex.h
-rw-r--r-- root/root     10378 2021-01-27 21:03 usr/include/oneapi/tbb/spin_rw_mutex.h
-rw-r--r-- root/root      1090 2021-01-27 21:03 usr/include/oneapi/tbb/task.h
-rw-r--r-- root/root     16234 2021-01-27 21:03 usr/include/oneapi/tbb/task_arena.h
-rw-r--r-- root/root     19188 2021-01-27 21:03 usr/include/oneapi/tbb/task_group.h
-rw-r--r-- root/root      4574 2021-01-27 21:03 usr/include/oneapi/tbb/task_scheduler_observer.h
-rw-r--r-- root/root      3749 2021-01-27 21:03 usr/include/oneapi/tbb/tbb_allocator.h
-rw-r--r-- root/root      1907 2021-01-27 21:03 usr/include/oneapi/tbb/tbbmalloc_proxy.h
-rw-r--r-- root/root      3201 2021-01-27 21:03 usr/include/oneapi/tbb/tick_count.h
-rw-r--r-- root/root      3985 2021-01-27 21:03 usr/include/oneapi/tbb/version.h
drwxr-xr-x root/root         0 2021-04-02 12:51 usr/include/tbb/
-rw-r--r-- root/root       655 2021-01-27 21:03 usr/include/tbb/blocked_range.h
-rw-r--r-- root/root       657 2021-01-27 21:03 usr/include/tbb/blocked_range2d.h
-rw-r--r-- root/root       657 2021-01-27 21:03 usr/include/tbb/blocked_range3d.h
-rw-r--r-- root/root       657 2021-01-27 21:03 usr/include/tbb/blocked_rangeNd.h
-rw-r--r-- root/root       665 2021-01-27 21:03 usr/include/tbb/cache_aligned_allocator.h
-rw-r--r-- root/root       652 2021-01-27 21:03 usr/include/tbb/combinable.h
-rw-r--r-- root/root       661 2021-01-27 21:03 usr/include/tbb/concurrent_hash_map.h
-rw-r--r-- root/root       662 2021-01-27 21:03 usr/include/tbb/concurrent_lru_cache.h
-rw-r--r-- root/root       656 2021-01-27 21:03 usr/include/tbb/concurrent_map.h
-rw-r--r-- root/root       667 2021-01-27 21:03 usr/include/tbb/concurrent_priority_queue.h
-rw-r--r-- root/root       658 2021-01-27 21:03 usr/include/tbb/concurrent_queue.h
-rw-r--r-- root/root       656 2021-01-27 21:03 usr/include/tbb/concurrent_set.h
-rw-r--r-- root/root       666 2021-01-27 21:03 usr/include/tbb/concurrent_unordered_map.h
-rw-r--r-- root/root       666 2021-01-27 21:03 usr/include/tbb/concurrent_unordered_set.h
-rw-r--r-- root/root       659 2021-01-27 21:03 usr/include/tbb/concurrent_vector.h
-rw-r--r-- root/root       668 2021-01-27 21:03 usr/include/tbb/enumerable_thread_specific.h
-rw-r--r-- root/root       652 2021-01-27 21:03 usr/include/tbb/flow_graph.h
-rw-r--r-- root/root       665 2021-01-27 21:03 usr/include/tbb/flow_graph_abstractions.h
-rw-r--r-- root/root       656 2021-01-27 21:03 usr/include/tbb/global_control.h
-rw-r--r-- root/root       646 2021-01-27 21:03 usr/include/tbb/info.h
-rw-r--r-- root/root       653 2021-01-27 21:03 usr/include/tbb/memory_pool.h
-rw-r--r-- root/root       652 2021-01-27 21:03 usr/include/tbb/null_mutex.h
-rw-r--r-- root/root       655 2021-01-27 21:03 usr/include/tbb/null_rw_mutex.h
-rw-r--r-- root/root       654 2021-01-27 21:03 usr/include/tbb/parallel_for.h
-rw-r--r-- root/root       659 2021-01-27 21:03 usr/include/tbb/parallel_for_each.h
-rw-r--r-- root/root       657 2021-01-27 21:03 usr/include/tbb/parallel_invoke.h
-rw-r--r-- root/root       659 2021-01-27 21:03 usr/include/tbb/parallel_pipeline.h
-rw-r--r-- root/root       657 2021-01-27 21:03 usr/include/tbb/parallel_reduce.h
-rw-r--r-- root/root       655 2021-01-27 21:03 usr/include/tbb/parallel_scan.h
-rw-r--r-- root/root       655 2021-01-27 21:03 usr/include/tbb/parallel_sort.h
-rw-r--r-- root/root       653 2021-01-27 21:03 usr/include/tbb/partitioner.h
-rw-r--r-- root/root       651 2021-01-27 21:03 usr/include/tbb/profiling.h
-rw-r--r-- root/root       655 2021-01-27 21:03 usr/include/tbb/queuing_mutex.h
-rw-r--r-- root/root       658 2021-01-27 21:03 usr/include/tbb/queuing_rw_mutex.h
-rw-r--r-- root/root       660 2021-01-27 21:03 usr/include/tbb/scalable_allocator.h
-rw-r--r-- root/root       652 2021-01-27 21:03 usr/include/tbb/spin_mutex.h
-rw-r--r-- root/root       655 2021-01-27 21:03 usr/include/tbb/spin_rw_mutex.h
-rw-r--r-- root/root       646 2021-01-27 21:03 usr/include/tbb/task.h
-rw-r--r-- root/root       652 2021-01-27 21:03 usr/include/tbb/task_arena.h
-rw-r--r-- root/root       652 2021-01-27 21:03 usr/include/tbb/task_group.h
-rw-r--r-- root/root       665 2021-01-27 21:03 usr/include/tbb/task_scheduler_observer.h
-rw-r--r-- root/root       641 2021-01-27 21:03 usr/include/tbb/tbb.h
-rw-r--r-- root/root       655 2021-01-27 21:03 usr/include/tbb/tbb_allocator.h
-rw-r--r-- root/root       657 2021-01-27 21:03 usr/include/tbb/tbbmalloc_proxy.h
-rw-r--r-- root/root       652 2021-01-27 21:03 usr/include/tbb/tick_count.h
-rw-r--r-- root/root       649 2021-01-27 21:03 usr/include/tbb/version.h
drwxr-xr-x root/root         0 2021-04-02 12:51 usr/lib64/
drwxr-xr-x root/root         0 2021-04-02 12:51 usr/lib64/cmake/
drwxr-xr-x root/root         0 2021-04-02 12:51 usr/lib64/cmake/TBB/
-rw-r--r-- root/root        52 2021-04-02 12:50 usr/lib64/cmake/TBB/TBBConfig.cmake
-rw-r--r-- root/root      1980 2021-04-02 12:50 usr/lib64/cmake/TBB/TBBConfigVersion.cmake
-rw-r--r-- root/root      1849 2021-04-02 12:50 usr/lib64/cmake/TBB/TBBTargets-release.cmake
-rw-r--r-- root/root      4240 2021-04-02 12:50 usr/lib64/cmake/TBB/TBBTargets.cmake
-rwxr-xr-x root/root    240696 2021-04-02 12:51 usr/lib64/libtbb.so.12.2
-rwxr-xr-x root/root    132712 2021-04-02 12:51 usr/lib64/libtbbmalloc.so.2.2
-rwxr-xr-x root/root     18632 2021-04-02 12:51 usr/lib64/libtbbmalloc_proxy.so.2.2
drwxr-xr-x root/root         0 2021-04-02 12:51 usr/share/
drwxr-xr-x root/root         0 2021-04-02 12:51 usr/share/doc/
drwxr-xr-x root/root         0 2021-04-02 12:51 usr/share/doc/TBB/
-rw-r--r-- root/root      2330 2021-01-27 21:03 usr/share/doc/TBB/README.md


