++========================================
||
||   Package:  ./psutil/psutil-5.9.1-x86_64-1cf.txz
||
++========================================
drwxr-xr-x root/root         0 2022-05-21 10:32 ./
drwxr-xr-x root/root         0 2022-05-21 10:32 install/
-rw-r--r-- root/root      1009 2022-05-21 10:32 install/slack-desc
drwxr-xr-x root/root         0 2022-05-21 10:32 usr/
drwxr-xr-x root/root         0 2022-05-21 10:32 usr/doc/
drwxr-xr-x root/root         0 2022-05-21 10:32 usr/doc/psutil-5.9.1/
-rw-r--r-- root/root     11759 2022-04-16 14:48 usr/doc/psutil-5.9.1/CREDITS
-rw-r--r-- root/root    272261 2022-05-20 22:01 usr/doc/psutil-5.9.1/HISTORY.rst
-rw-r--r-- root/root      2650 2022-01-15 16:57 usr/doc/psutil-5.9.1/INSTALL.rst
-rw-r--r-- root/root      1549 2021-11-22 19:18 usr/doc/psutil-5.9.1/LICENSE
-rw-r--r-- root/root     20788 2022-04-15 14:09 usr/doc/psutil-5.9.1/README.rst
-rw-r--r-- root/root      3390 2022-05-21 10:32 usr/doc/psutil-5.9.1/psutil.SlackBuild
drwxr-xr-x root/root         0 2022-05-21 10:32 usr/lib64/
drwxr-xr-x root/root         0 2022-05-21 10:32 usr/lib64/python3.9/
drwxr-xr-x root/root         0 2022-05-21 10:32 usr/lib64/python3.9/site-packages/
drwxr-xr-x root/root         0 2022-05-21 10:32 usr/lib64/python3.9/site-packages/psutil/
drwxr-xr-x root/root         0 2022-05-21 10:32 usr/lib64/python3.9/site-packages/psutil-5.9.1-py3.9.egg-info/
-rw-r--r-- root/root     21001 2022-05-21 10:32 usr/lib64/python3.9/site-packages/psutil-5.9.1-py3.9.egg-info/PKG-INFO
-rw-r--r-- root/root      4428 2022-05-21 10:32 usr/lib64/python3.9/site-packages/psutil-5.9.1-py3.9.egg-info/SOURCES.txt
-rw-r--r-- root/root         1 2022-05-21 10:32 usr/lib64/python3.9/site-packages/psutil-5.9.1-py3.9.egg-info/dependency_links.txt
-rw-r--r-- root/root         1 2022-05-20 22:07 usr/lib64/python3.9/site-packages/psutil-5.9.1-py3.9.egg-info/not-zip-safe
-rw-r--r-- root/root       137 2022-05-21 10:32 usr/lib64/python3.9/site-packages/psutil-5.9.1-py3.9.egg-info/requires.txt
-rw-r--r-- root/root         7 2022-05-21 10:32 usr/lib64/python3.9/site-packages/psutil-5.9.1-py3.9.egg-info/top_level.txt
-rw-r--r-- root/root     87349 2022-05-16 14:04 usr/lib64/python3.9/site-packages/psutil/__init__.py
drwxr-xr-x root/root         0 2022-05-21 10:32 usr/lib64/python3.9/site-packages/psutil/__pycache__/
-rw-r--r-- root/root     64049 2022-05-21 10:32 usr/lib64/python3.9/site-packages/psutil/__pycache__/__init__.cpython-39.pyc
-rw-r--r-- root/root     22079 2022-05-21 10:32 usr/lib64/python3.9/site-packages/psutil/__pycache__/_common.cpython-39.pyc
-rw-r--r-- root/root     11898 2022-05-21 10:32 usr/lib64/python3.9/site-packages/psutil/__pycache__/_compat.cpython-39.pyc
-rw-r--r-- root/root     15176 2022-05-21 10:32 usr/lib64/python3.9/site-packages/psutil/__pycache__/_psaix.cpython-39.pyc
-rw-r--r-- root/root     21014 2022-05-21 10:32 usr/lib64/python3.9/site-packages/psutil/__pycache__/_psbsd.cpython-39.pyc
-rw-r--r-- root/root     53048 2022-05-21 10:32 usr/lib64/python3.9/site-packages/psutil/__pycache__/_pslinux.cpython-39.pyc
-rw-r--r-- root/root     13641 2022-05-21 10:32 usr/lib64/python3.9/site-packages/psutil/__pycache__/_psosx.cpython-39.pyc
-rw-r--r-- root/root      4497 2022-05-21 10:32 usr/lib64/python3.9/site-packages/psutil/__pycache__/_psposix.cpython-39.pyc
-rw-r--r-- root/root     18314 2022-05-21 10:32 usr/lib64/python3.9/site-packages/psutil/__pycache__/_pssunos.cpython-39.pyc
-rw-r--r-- root/root     29063 2022-05-21 10:32 usr/lib64/python3.9/site-packages/psutil/__pycache__/_pswindows.cpython-39.pyc
-rw-r--r-- root/root     28196 2022-05-16 14:04 usr/lib64/python3.9/site-packages/psutil/_common.py
-rw-r--r-- root/root     15043 2022-05-16 14:04 usr/lib64/python3.9/site-packages/psutil/_compat.py
-rw-r--r-- root/root     18552 2022-05-16 14:04 usr/lib64/python3.9/site-packages/psutil/_psaix.py
-rw-r--r-- root/root     31162 2022-05-16 14:04 usr/lib64/python3.9/site-packages/psutil/_psbsd.py
-rw-r--r-- root/root     86181 2022-05-19 10:41 usr/lib64/python3.9/site-packages/psutil/_pslinux.py
-rw-r--r-- root/root     16142 2022-05-16 14:04 usr/lib64/python3.9/site-packages/psutil/_psosx.py
-rw-r--r-- root/root      8046 2022-05-16 14:04 usr/lib64/python3.9/site-packages/psutil/_psposix.py
-rw-r--r-- root/root     25489 2022-05-16 14:04 usr/lib64/python3.9/site-packages/psutil/_pssunos.py
-rwxr-xr-x root/root     23728 2022-05-21 10:32 usr/lib64/python3.9/site-packages/psutil/_psutil_linux.cpython-39-x86_64-linux-gnu.so
-rwxr-xr-x root/root     18992 2022-05-21 10:32 usr/lib64/python3.9/site-packages/psutil/_psutil_posix.cpython-39-x86_64-linux-gnu.so
-rw-r--r-- root/root     37119 2022-05-16 14:04 usr/lib64/python3.9/site-packages/psutil/_pswindows.py
drwxr-xr-x root/root         0 2022-05-21 10:32 usr/lib64/python3.9/site-packages/psutil/tests/
-rw-r--r-- root/root     57896 2022-05-16 14:04 usr/lib64/python3.9/site-packages/psutil/tests/__init__.py
-rw-r--r-- root/root       293 2022-03-28 14:43 usr/lib64/python3.9/site-packages/psutil/tests/__main__.py
drwxr-xr-x root/root         0 2022-05-21 10:32 usr/lib64/python3.9/site-packages/psutil/tests/__pycache__/
-rw-r--r-- root/root     48626 2022-05-21 10:32 usr/lib64/python3.9/site-packages/psutil/tests/__pycache__/__init__.cpython-39.pyc
-rw-r--r-- root/root       272 2022-05-21 10:32 usr/lib64/python3.9/site-packages/psutil/tests/__pycache__/__main__.cpython-39.pyc
-rw-r--r-- root/root       298 2022-05-21 10:32 usr/lib64/python3.9/site-packages/psutil/tests/__pycache__/foo.cpython-39.pyc
-rw-r--r-- root/root     11110 2022-05-21 10:32 usr/lib64/python3.9/site-packages/psutil/tests/__pycache__/runner.cpython-39.pyc
-rw-r--r-- root/root      3340 2022-05-21 10:32 usr/lib64/python3.9/site-packages/psutil/tests/__pycache__/test_aix.cpython-39.pyc
-rw-r--r-- root/root     20004 2022-05-21 10:32 usr/lib64/python3.9/site-packages/psutil/tests/__pycache__/test_bsd.cpython-39.pyc
-rw-r--r-- root/root     15868 2022-05-21 10:32 usr/lib64/python3.9/site-packages/psutil/tests/__pycache__/test_connections.cpython-39.pyc
-rw-r--r-- root/root     26141 2022-05-21 10:32 usr/lib64/python3.9/site-packages/psutil/tests/__pycache__/test_contracts.cpython-39.pyc
-rw-r--r-- root/root     75080 2022-05-21 10:32 usr/lib64/python3.9/site-packages/psutil/tests/__pycache__/test_linux.cpython-39.pyc
-rw-r--r-- root/root     23487 2022-05-21 10:32 usr/lib64/python3.9/site-packages/psutil/tests/__pycache__/test_memleaks.cpython-39.pyc
-rw-r--r-- root/root     26890 2022-05-21 10:32 usr/lib64/python3.9/site-packages/psutil/tests/__pycache__/test_misc.cpython-39.pyc
-rw-r--r-- root/root      7261 2022-05-21 10:32 usr/lib64/python3.9/site-packages/psutil/tests/__pycache__/test_osx.cpython-39.pyc
-rw-r--r-- root/root     12912 2022-05-21 10:32 usr/lib64/python3.9/site-packages/psutil/tests/__pycache__/test_posix.cpython-39.pyc
-rw-r--r-- root/root     49258 2022-05-21 10:32 usr/lib64/python3.9/site-packages/psutil/tests/__pycache__/test_process.cpython-39.pyc
-rw-r--r-- root/root      1509 2022-05-21 10:32 usr/lib64/python3.9/site-packages/psutil/tests/__pycache__/test_sunos.cpython-39.pyc
-rw-r--r-- root/root     27846 2022-05-21 10:32 usr/lib64/python3.9/site-packages/psutil/tests/__pycache__/test_system.cpython-39.pyc
-rw-r--r-- root/root     16968 2022-05-21 10:32 usr/lib64/python3.9/site-packages/psutil/tests/__pycache__/test_testutils.cpython-39.pyc
-rw-r--r-- root/root     11292 2022-05-21 10:32 usr/lib64/python3.9/site-packages/psutil/tests/__pycache__/test_unicode.cpython-39.pyc
-rw-r--r-- root/root     28826 2022-05-21 10:32 usr/lib64/python3.9/site-packages/psutil/tests/__pycache__/test_windows.cpython-39.pyc
-rw-r--r-- root/root       143 2022-04-09 02:40 usr/lib64/python3.9/site-packages/psutil/tests/foo.py
-rw-r--r-- root/root     11204 2022-05-16 14:04 usr/lib64/python3.9/site-packages/psutil/tests/runner.py
-rw-r--r-- root/root      4508 2022-05-16 10:33 usr/lib64/python3.9/site-packages/psutil/tests/test_aix.py
-rw-r--r-- root/root     20689 2022-05-16 14:04 usr/lib64/python3.9/site-packages/psutil/tests/test_bsd.py
-rw-r--r-- root/root     21362 2022-05-16 14:04 usr/lib64/python3.9/site-packages/psutil/tests/test_connections.py
-rw-r--r-- root/root     27067 2022-05-16 10:33 usr/lib64/python3.9/site-packages/psutil/tests/test_contracts.py
-rw-r--r-- root/root     92914 2022-05-20 22:00 usr/lib64/python3.9/site-packages/psutil/tests/test_linux.py
-rw-r--r-- root/root     14862 2022-05-16 14:04 usr/lib64/python3.9/site-packages/psutil/tests/test_memleaks.py
-rw-r--r-- root/root     31464 2022-05-16 14:04 usr/lib64/python3.9/site-packages/psutil/tests/test_misc.py
-rw-r--r-- root/root      7565 2022-05-15 23:43 usr/lib64/python3.9/site-packages/psutil/tests/test_osx.py
-rw-r--r-- root/root     15138 2022-05-16 14:04 usr/lib64/python3.9/site-packages/psutil/tests/test_posix.py
-rw-r--r-- root/root     61655 2022-05-16 14:04 usr/lib64/python3.9/site-packages/psutil/tests/test_process.py
-rw-r--r-- root/root      1333 2022-05-15 23:43 usr/lib64/python3.9/site-packages/psutil/tests/test_sunos.py
-rw-r--r-- root/root     35556 2022-05-16 14:04 usr/lib64/python3.9/site-packages/psutil/tests/test_system.py
-rw-r--r-- root/root     14427 2022-05-16 14:04 usr/lib64/python3.9/site-packages/psutil/tests/test_testutils.py
-rw-r--r-- root/root     12441 2022-05-16 14:04 usr/lib64/python3.9/site-packages/psutil/tests/test_unicode.py
-rw-r--r-- root/root     32815 2022-05-16 14:04 usr/lib64/python3.9/site-packages/psutil/tests/test_windows.py


