++========================================
||
||   Package:  ./gengetopt/gengetopt-2.23-x86_64-1cf.txz
||
++========================================
drwxr-xr-x root/root         0 2020-11-21 12:37 ./
drwxr-xr-x root/root         0 2020-11-21 12:37 install/
-rw-r--r-- root/root       809 2020-11-21 12:37 install/slack-desc
drwxr-xr-x root/root         0 2020-11-21 12:37 usr/
drwxr-xr-x root/root         0 2020-11-21 12:37 usr/bin/
-rwxr-xr-x root/root    439104 2020-11-21 12:37 usr/bin/gengetopt
drwxr-xr-x root/root         0 2020-11-21 12:37 usr/doc/
drwxr-xr-x root/root         0 2020-11-21 12:37 usr/doc/gengetopt-2.23/
-rw-r--r-- root/root       514 2019-06-03 20:14 usr/doc/gengetopt-2.23/AUTHORS
-rw-r--r-- root/root     35146 2019-05-01 15:23 usr/doc/gengetopt-2.23/COPYING
-rw-r--r-- root/root     51415 2019-06-03 20:14 usr/doc/gengetopt-2.23/ChangeLog
-rw-r--r-- root/root      7802 2019-05-03 12:24 usr/doc/gengetopt-2.23/INSTALL
-rw-r--r-- root/root       775 2019-05-01 15:23 usr/doc/gengetopt-2.23/LICENSE
-rw-r--r-- root/root     13523 2019-06-03 20:14 usr/doc/gengetopt-2.23/NEWS
-rw-r--r-- root/root      2308 2019-06-03 20:14 usr/doc/gengetopt-2.23/README
-rw-r--r-- root/root      1629 2019-06-03 20:14 usr/doc/gengetopt-2.23/THANKS
-rw-r--r-- root/root      2653 2019-05-01 15:23 usr/doc/gengetopt-2.23/TODO
drwxr-xr-x root/root         0 2020-11-21 12:37 usr/doc/gengetopt-2.23/examples/
-rw-r--r-- root/root       641 2020-11-21 12:37 usr/doc/gengetopt-2.23/examples/README.example
-rw-r--r-- root/root     30992 2020-11-21 12:37 usr/doc/gengetopt-2.23/examples/cmdline1.c
-rw-r--r-- root/root     10839 2020-11-21 12:37 usr/doc/gengetopt-2.23/examples/cmdline1.h
-rw-r--r-- root/root     27008 2020-11-21 12:37 usr/doc/gengetopt-2.23/examples/cmdline2.c
-rw-r--r-- root/root     10032 2020-11-21 12:37 usr/doc/gengetopt-2.23/examples/cmdline2.h
-rw-r--r-- root/root      1858 2020-11-21 12:37 usr/doc/gengetopt-2.23/examples/main1.cc
-rw-r--r-- root/root       763 2020-11-21 12:37 usr/doc/gengetopt-2.23/examples/main2.c
-rw-r--r-- root/root      1805 2020-11-21 12:37 usr/doc/gengetopt-2.23/examples/sample1.ggo
-rw-r--r-- root/root      1166 2020-11-21 12:37 usr/doc/gengetopt-2.23/examples/sample2.ggo
-rw-r--r-- root/root      1323 2020-11-21 12:37 usr/doc/gengetopt-2.23/examples/test_manual_help.c
-rw-r--r-- root/root     17620 2020-11-21 12:37 usr/doc/gengetopt-2.23/examples/test_manual_help_cmd.c
-rw-r--r-- root/root       533 2020-11-21 12:37 usr/doc/gengetopt-2.23/examples/test_manual_help_cmd.ggo
-rw-r--r-- root/root      7820 2020-11-21 12:37 usr/doc/gengetopt-2.23/examples/test_manual_help_cmd.h
-rw-r--r-- root/root      3753 2020-11-21 12:37 usr/doc/gengetopt-2.23/gengetopt.SlackBuild
-rw-r--r-- root/root    188509 2020-11-21 12:37 usr/doc/gengetopt-2.23/gengetopt.html
-rw-r--r-- root/root      6538 2020-11-21 12:37 usr/doc/gengetopt-2.23/index.html
drwxr-xr-x root/root         0 2020-11-21 12:37 usr/info/
-rw-r--r-- root/root     33732 2020-11-21 12:37 usr/info/gengetopt.info.gz
-rw-r--r-- root/root      1940 2020-11-21 12:37 usr/info/index.info.gz
drwxr-xr-x root/root         0 2020-11-21 12:37 usr/man/
drwxr-xr-x root/root         0 2020-11-21 12:37 usr/man/man1/
-rw-r--r-- root/root      2327 2020-11-21 12:37 usr/man/man1/gengetopt.1.gz
drwxr-xr-x root/root         0 2020-11-21 12:37 usr/share/
drwxr-xr-x root/root         0 2020-11-21 12:37 usr/share/gengetopt/
-rw-r--r-- root/root     30155 2020-11-21 12:37 usr/share/gengetopt/getopt.c
-rw-r--r-- root/root      4520 2020-11-21 12:37 usr/share/gengetopt/getopt1.c
-rw-r--r-- root/root      6447 2020-11-21 12:37 usr/share/gengetopt/gnugetopt.h


