++========================================
||
||   Package:  ./libbsd/libbsd-0.11.3-x86_64-1cf.txz
||
++========================================
drwxr-xr-x root/root         0 2021-02-11 16:36 ./
drwxr-xr-x root/root         0 2021-02-11 16:36 install/
-rw-r--r-- root/root       182 2021-02-11 16:36 install/doinst.sh
-rw-r--r-- root/root       861 2021-02-11 16:36 install/slack-desc
drwxr-xr-x root/root         0 2021-02-11 16:36 usr/
drwxr-xr-x root/root         0 2021-02-11 16:36 usr/doc/
drwxr-xr-x root/root         0 2021-02-11 16:36 usr/doc/libbsd-0.11.3/
-rw-r--r-- root/root    237477 2021-02-11 16:36 usr/doc/libbsd-0.11.3/ChangeLog
-rw-r--r-- root/root       956 2021-02-11 16:36 usr/doc/libbsd-0.11.3/README
-rw-r--r-- root/root       659 2021-02-11 16:36 usr/doc/libbsd-0.11.3/TODO
-rw-r--r-- root/root      3619 2021-02-11 16:36 usr/doc/libbsd-0.11.3/libbsd.SlackBuild
drwxr-xr-x root/root         0 2021-02-11 16:36 usr/include/
drwxr-xr-x root/root         0 2021-02-11 16:36 usr/include/bsd/
-rw-r--r-- root/root      1596 2021-02-11 16:36 usr/include/bsd/bitstring.h
-rw-r--r-- root/root      1880 2021-02-11 16:36 usr/include/bsd/bsd.h
-rw-r--r-- root/root      2790 2021-02-11 16:36 usr/include/bsd/err.h
-rw-r--r-- root/root      1707 2021-02-11 16:36 usr/include/bsd/getopt.h
-rw-r--r-- root/root      1865 2021-02-11 16:36 usr/include/bsd/grp.h
-rw-r--r-- root/root      1992 2021-02-11 16:36 usr/include/bsd/inttypes.h
-rw-r--r-- root/root      3304 2021-02-11 16:36 usr/include/bsd/libutil.h
-rw-r--r-- root/root      1528 2021-02-11 16:36 usr/include/bsd/md5.h
drwxr-xr-x root/root         0 2021-02-11 16:36 usr/include/bsd/netinet/
-rw-r--r-- root/root      8086 2021-02-11 16:36 usr/include/bsd/netinet/ip_icmp.h
-rw-r--r-- root/root      3519 2021-02-11 16:36 usr/include/bsd/nlist.h
-rw-r--r-- root/root      1870 2021-02-11 16:36 usr/include/bsd/pwd.h
-rw-r--r-- root/root      1809 2021-02-11 16:36 usr/include/bsd/readpassphrase.h
-rw-r--r-- root/root      3122 2021-02-11 16:36 usr/include/bsd/stdio.h
-rw-r--r-- root/root      3214 2021-02-11 16:36 usr/include/bsd/stdlib.h
-rw-r--r-- root/root      2120 2021-02-11 16:36 usr/include/bsd/string.h
-rw-r--r-- root/root      2105 2021-02-11 16:36 usr/include/bsd/stringlist.h
drwxr-xr-x root/root         0 2021-02-11 16:36 usr/include/bsd/sys/
-rw-r--r-- root/root      5001 2021-02-11 16:36 usr/include/bsd/sys/bitstring.h
-rw-r--r-- root/root      6948 2021-02-11 16:36 usr/include/bsd/sys/cdefs.h
-rw-r--r-- root/root      3900 2021-02-11 16:36 usr/include/bsd/sys/endian.h
-rw-r--r-- root/root      1844 2021-02-11 16:36 usr/include/bsd/sys/param.h
-rw-r--r-- root/root      1642 2021-02-11 16:36 usr/include/bsd/sys/poll.h
-rw-r--r-- root/root     29515 2021-02-11 16:36 usr/include/bsd/sys/queue.h
-rw-r--r-- root/root      4424 2021-02-11 16:36 usr/include/bsd/sys/time.h
-rw-r--r-- root/root     25853 2021-02-11 16:36 usr/include/bsd/sys/tree.h
-rw-r--r-- root/root      2437 2021-02-11 16:36 usr/include/bsd/timeconv.h
-rw-r--r-- root/root      2491 2021-02-11 16:36 usr/include/bsd/unistd.h
-rw-r--r-- root/root      5928 2021-02-11 16:36 usr/include/bsd/vis.h
-rw-r--r-- root/root      2107 2021-02-11 16:36 usr/include/bsd/wchar.h
drwxr-xr-x root/root         0 2021-02-11 16:36 usr/lib64/
-rw-r--r-- root/root      1404 2021-02-11 16:36 usr/lib64/libbsd-ctor.a
-rwxr-xr-x root/root     89264 2021-02-11 16:36 usr/lib64/libbsd.so.0.11.3
drwxr-xr-x root/root         0 2021-02-11 16:36 usr/lib64/pkgconfig/
-rw-r--r-- root/root       319 2021-02-11 16:36 usr/lib64/pkgconfig/libbsd-ctor.pc
-rw-r--r-- root/root       282 2021-02-11 16:36 usr/lib64/pkgconfig/libbsd-overlay.pc
-rw-r--r-- root/root       269 2021-02-11 16:36 usr/lib64/pkgconfig/libbsd.pc
drwxr-xr-x root/root         0 2021-02-11 16:36 usr/man/
drwxr-xr-x root/root         0 2021-02-11 16:36 usr/man/man3/
-rw-r--r-- root/root        62 2021-02-11 16:36 usr/man/man3/LIST_CLASS_ENTRY.3bsd.gz
-rw-r--r-- root/root        61 2021-02-11 16:36 usr/man/man3/LIST_CLASS_HEAD.3bsd.gz
-rw-r--r-- root/root        56 2021-02-11 16:36 usr/man/man3/LIST_EMPTY.3bsd.gz
-rw-r--r-- root/root        56 2021-02-11 16:36 usr/man/man3/LIST_ENTRY.3bsd.gz
-rw-r--r-- root/root        56 2021-02-11 16:36 usr/man/man3/LIST_FIRST.3bsd.gz
-rw-r--r-- root/root        58 2021-02-11 16:36 usr/man/man3/LIST_FOREACH.3bsd.gz
-rw-r--r-- root/root        63 2021-02-11 16:36 usr/man/man3/LIST_FOREACH_FROM.3bsd.gz
-rw-r--r-- root/root        68 2021-02-11 16:36 usr/man/man3/LIST_FOREACH_FROM_SAFE.3bsd.gz
-rw-r--r-- root/root        63 2021-02-11 16:36 usr/man/man3/LIST_FOREACH_SAFE.3bsd.gz
-rw-r--r-- root/root        55 2021-02-11 16:36 usr/man/man3/LIST_HEAD.3bsd.gz
-rw-r--r-- root/root        67 2021-02-11 16:36 usr/man/man3/LIST_HEAD_INITIALIZER.3bsd.gz
-rw-r--r-- root/root        55 2021-02-11 16:36 usr/man/man3/LIST_INIT.3bsd.gz
-rw-r--r-- root/root        63 2021-02-11 16:36 usr/man/man3/LIST_INSERT_AFTER.3bsd.gz
-rw-r--r-- root/root        64 2021-02-11 16:36 usr/man/man3/LIST_INSERT_BEFORE.3bsd.gz
-rw-r--r-- root/root        62 2021-02-11 16:36 usr/man/man3/LIST_INSERT_HEAD.3bsd.gz
-rw-r--r-- root/root        55 2021-02-11 16:36 usr/man/man3/LIST_NEXT.3bsd.gz
-rw-r--r-- root/root        55 2021-02-11 16:36 usr/man/man3/LIST_PREV.3bsd.gz
-rw-r--r-- root/root        57 2021-02-11 16:36 usr/man/man3/LIST_REMOVE.3bsd.gz
-rw-r--r-- root/root        55 2021-02-11 16:36 usr/man/man3/LIST_SWAP.3bsd.gz
-rw-r--r-- root/root        53 2021-02-11 16:36 usr/man/man3/RB_EMPTY.3bsd.gz
-rw-r--r-- root/root        53 2021-02-11 16:36 usr/man/man3/RB_ENTRY.3bsd.gz
-rw-r--r-- root/root        52 2021-02-11 16:36 usr/man/man3/RB_FIND.3bsd.gz
-rw-r--r-- root/root        55 2021-02-11 16:36 usr/man/man3/RB_FOREACH.3bsd.gz
-rw-r--r-- root/root        63 2021-02-11 16:36 usr/man/man3/RB_FOREACH_REVERSE.3bsd.gz
-rw-r--r-- root/root        56 2021-02-11 16:36 usr/man/man3/RB_GENERATE.3bsd.gz
-rw-r--r-- root/root        63 2021-02-11 16:36 usr/man/man3/RB_GENERATE_STATIC.3bsd.gz
-rw-r--r-- root/root        52 2021-02-11 16:36 usr/man/man3/RB_HEAD.3bsd.gz
-rw-r--r-- root/root        52 2021-02-11 16:36 usr/man/man3/RB_INIT.3bsd.gz
-rw-r--r-- root/root        59 2021-02-11 16:36 usr/man/man3/RB_INITIALIZER.3bsd.gz
-rw-r--r-- root/root        54 2021-02-11 16:36 usr/man/man3/RB_INSERT.3bsd.gz
-rw-r--r-- root/root        52 2021-02-11 16:36 usr/man/man3/RB_LEFT.3bsd.gz
-rw-r--r-- root/root        51 2021-02-11 16:36 usr/man/man3/RB_MAX.3bsd.gz
-rw-r--r-- root/root        51 2021-02-11 16:36 usr/man/man3/RB_MIN.3bsd.gz
-rw-r--r-- root/root        52 2021-02-11 16:36 usr/man/man3/RB_NEXT.3bsd.gz
-rw-r--r-- root/root        53 2021-02-11 16:36 usr/man/man3/RB_NFIND.3bsd.gz
-rw-r--r-- root/root        54 2021-02-11 16:36 usr/man/man3/RB_PARENT.3bsd.gz
-rw-r--r-- root/root        52 2021-02-11 16:36 usr/man/man3/RB_PREV.3bsd.gz
-rw-r--r-- root/root        57 2021-02-11 16:36 usr/man/man3/RB_PROTOTYPE.3bsd.gz
-rw-r--r-- root/root        64 2021-02-11 16:36 usr/man/man3/RB_PROTOTYPE_STATIC.3bsd.gz
-rw-r--r-- root/root        54 2021-02-11 16:36 usr/man/man3/RB_REMOVE.3bsd.gz
-rw-r--r-- root/root        53 2021-02-11 16:36 usr/man/man3/RB_RIGHT.3bsd.gz
-rw-r--r-- root/root        52 2021-02-11 16:36 usr/man/man3/RB_ROOT.3bsd.gz
-rw-r--r-- root/root        63 2021-02-11 16:36 usr/man/man3/SLIST_CLASS_ENTRY.3bsd.gz
-rw-r--r-- root/root        62 2021-02-11 16:36 usr/man/man3/SLIST_CLASS_HEAD.3bsd.gz
-rw-r--r-- root/root        57 2021-02-11 16:36 usr/man/man3/SLIST_EMPTY.3bsd.gz
-rw-r--r-- root/root        57 2021-02-11 16:36 usr/man/man3/SLIST_ENTRY.3bsd.gz
-rw-r--r-- root/root        57 2021-02-11 16:36 usr/man/man3/SLIST_FIRST.3bsd.gz
-rw-r--r-- root/root        59 2021-02-11 16:36 usr/man/man3/SLIST_FOREACH.3bsd.gz
-rw-r--r-- root/root        64 2021-02-11 16:36 usr/man/man3/SLIST_FOREACH_FROM.3bsd.gz
-rw-r--r-- root/root        69 2021-02-11 16:36 usr/man/man3/SLIST_FOREACH_FROM_SAFE.3bsd.gz
-rw-r--r-- root/root        64 2021-02-11 16:36 usr/man/man3/SLIST_FOREACH_SAFE.3bsd.gz
-rw-r--r-- root/root        56 2021-02-11 16:36 usr/man/man3/SLIST_HEAD.3bsd.gz
-rw-r--r-- root/root        68 2021-02-11 16:36 usr/man/man3/SLIST_HEAD_INITIALIZER.3bsd.gz
-rw-r--r-- root/root        56 2021-02-11 16:36 usr/man/man3/SLIST_INIT.3bsd.gz
-rw-r--r-- root/root        64 2021-02-11 16:36 usr/man/man3/SLIST_INSERT_AFTER.3bsd.gz
-rw-r--r-- root/root        63 2021-02-11 16:36 usr/man/man3/SLIST_INSERT_HEAD.3bsd.gz
-rw-r--r-- root/root        56 2021-02-11 16:36 usr/man/man3/SLIST_NEXT.3bsd.gz
-rw-r--r-- root/root        58 2021-02-11 16:36 usr/man/man3/SLIST_REMOVE.3bsd.gz
-rw-r--r-- root/root        64 2021-02-11 16:36 usr/man/man3/SLIST_REMOVE_AFTER.3bsd.gz
-rw-r--r-- root/root        63 2021-02-11 16:36 usr/man/man3/SLIST_REMOVE_HEAD.3bsd.gz
-rw-r--r-- root/root        66 2021-02-11 16:36 usr/man/man3/SLIST_REMOVE_PREVPTR.3bsd.gz
-rw-r--r-- root/root        56 2021-02-11 16:36 usr/man/man3/SLIST_SWAP.3bsd.gz
-rw-r--r-- root/root        56 2021-02-11 16:36 usr/man/man3/SPLAY_EMPTY.3bsd.gz
-rw-r--r-- root/root        56 2021-02-11 16:36 usr/man/man3/SPLAY_ENTRY.3bsd.gz
-rw-r--r-- root/root        55 2021-02-11 16:36 usr/man/man3/SPLAY_FIND.3bsd.gz
-rw-r--r-- root/root        58 2021-02-11 16:36 usr/man/man3/SPLAY_FOREACH.3bsd.gz
-rw-r--r-- root/root        59 2021-02-11 16:36 usr/man/man3/SPLAY_GENERATE.3bsd.gz
-rw-r--r-- root/root        55 2021-02-11 16:36 usr/man/man3/SPLAY_HEAD.3bsd.gz
-rw-r--r-- root/root        55 2021-02-11 16:36 usr/man/man3/SPLAY_INIT.3bsd.gz
-rw-r--r-- root/root        62 2021-02-11 16:36 usr/man/man3/SPLAY_INITIALIZER.3bsd.gz
-rw-r--r-- root/root        57 2021-02-11 16:36 usr/man/man3/SPLAY_INSERT.3bsd.gz
-rw-r--r-- root/root        55 2021-02-11 16:36 usr/man/man3/SPLAY_LEFT.3bsd.gz
-rw-r--r-- root/root        54 2021-02-11 16:36 usr/man/man3/SPLAY_MAX.3bsd.gz
-rw-r--r-- root/root        54 2021-02-11 16:36 usr/man/man3/SPLAY_MIN.3bsd.gz
-rw-r--r-- root/root        55 2021-02-11 16:36 usr/man/man3/SPLAY_NEXT.3bsd.gz
-rw-r--r-- root/root        60 2021-02-11 16:36 usr/man/man3/SPLAY_PROTOTYPE.3bsd.gz
-rw-r--r-- root/root        57 2021-02-11 16:36 usr/man/man3/SPLAY_REMOVE.3bsd.gz
-rw-r--r-- root/root        56 2021-02-11 16:36 usr/man/man3/SPLAY_RIGHT.3bsd.gz
-rw-r--r-- root/root        55 2021-02-11 16:36 usr/man/man3/SPLAY_ROOT.3bsd.gz
-rw-r--r-- root/root        64 2021-02-11 16:36 usr/man/man3/STAILQ_CLASS_ENTRY.3bsd.gz
-rw-r--r-- root/root        63 2021-02-11 16:36 usr/man/man3/STAILQ_CLASS_HEAD.3bsd.gz
-rw-r--r-- root/root        59 2021-02-11 16:36 usr/man/man3/STAILQ_CONCAT.3bsd.gz
-rw-r--r-- root/root        58 2021-02-11 16:36 usr/man/man3/STAILQ_EMPTY.3bsd.gz
-rw-r--r-- root/root        58 2021-02-11 16:36 usr/man/man3/STAILQ_ENTRY.3bsd.gz
-rw-r--r-- root/root        58 2021-02-11 16:36 usr/man/man3/STAILQ_FIRST.3bsd.gz
-rw-r--r-- root/root        60 2021-02-11 16:36 usr/man/man3/STAILQ_FOREACH.3bsd.gz
-rw-r--r-- root/root        65 2021-02-11 16:36 usr/man/man3/STAILQ_FOREACH_FROM.3bsd.gz
-rw-r--r-- root/root        70 2021-02-11 16:36 usr/man/man3/STAILQ_FOREACH_FROM_SAFE.3bsd.gz
-rw-r--r-- root/root        65 2021-02-11 16:36 usr/man/man3/STAILQ_FOREACH_SAFE.3bsd.gz
-rw-r--r-- root/root        57 2021-02-11 16:36 usr/man/man3/STAILQ_HEAD.3bsd.gz
-rw-r--r-- root/root        69 2021-02-11 16:36 usr/man/man3/STAILQ_HEAD_INITIALIZER.3bsd.gz
-rw-r--r-- root/root        57 2021-02-11 16:36 usr/man/man3/STAILQ_INIT.3bsd.gz
-rw-r--r-- root/root        65 2021-02-11 16:36 usr/man/man3/STAILQ_INSERT_AFTER.3bsd.gz
-rw-r--r-- root/root        64 2021-02-11 16:36 usr/man/man3/STAILQ_INSERT_HEAD.3bsd.gz
-rw-r--r-- root/root        64 2021-02-11 16:36 usr/man/man3/STAILQ_INSERT_TAIL.3bsd.gz
-rw-r--r-- root/root        57 2021-02-11 16:36 usr/man/man3/STAILQ_LAST.3bsd.gz
-rw-r--r-- root/root        57 2021-02-11 16:36 usr/man/man3/STAILQ_NEXT.3bsd.gz
-rw-r--r-- root/root        59 2021-02-11 16:36 usr/man/man3/STAILQ_REMOVE.3bsd.gz
-rw-r--r-- root/root        65 2021-02-11 16:36 usr/man/man3/STAILQ_REMOVE_AFTER.3bsd.gz
-rw-r--r-- root/root        64 2021-02-11 16:36 usr/man/man3/STAILQ_REMOVE_HEAD.3bsd.gz
-rw-r--r-- root/root        57 2021-02-11 16:36 usr/man/man3/STAILQ_SWAP.3bsd.gz
-rw-r--r-- root/root        63 2021-02-11 16:36 usr/man/man3/TAILQ_CLASS_ENTRY.3bsd.gz
-rw-r--r-- root/root        62 2021-02-11 16:36 usr/man/man3/TAILQ_CLASS_HEAD.3bsd.gz
-rw-r--r-- root/root        58 2021-02-11 16:36 usr/man/man3/TAILQ_CONCAT.3bsd.gz
-rw-r--r-- root/root        57 2021-02-11 16:36 usr/man/man3/TAILQ_EMPTY.3bsd.gz
-rw-r--r-- root/root        57 2021-02-11 16:36 usr/man/man3/TAILQ_ENTRY.3bsd.gz
-rw-r--r-- root/root        57 2021-02-11 16:36 usr/man/man3/TAILQ_FIRST.3bsd.gz
-rw-r--r-- root/root        59 2021-02-11 16:36 usr/man/man3/TAILQ_FOREACH.3bsd.gz
-rw-r--r-- root/root        64 2021-02-11 16:36 usr/man/man3/TAILQ_FOREACH_FROM.3bsd.gz
-rw-r--r-- root/root        69 2021-02-11 16:36 usr/man/man3/TAILQ_FOREACH_FROM_SAFE.3bsd.gz
-rw-r--r-- root/root        67 2021-02-11 16:36 usr/man/man3/TAILQ_FOREACH_REVERSE.3bsd.gz
-rw-r--r-- root/root        72 2021-02-11 16:36 usr/man/man3/TAILQ_FOREACH_REVERSE_FROM.3bsd.gz
-rw-r--r-- root/root        77 2021-02-11 16:36 usr/man/man3/TAILQ_FOREACH_REVERSE_FROM_SAFE.3bsd.gz
-rw-r--r-- root/root        72 2021-02-11 16:36 usr/man/man3/TAILQ_FOREACH_REVERSE_SAFE.3bsd.gz
-rw-r--r-- root/root        64 2021-02-11 16:36 usr/man/man3/TAILQ_FOREACH_SAFE.3bsd.gz
-rw-r--r-- root/root        56 2021-02-11 16:36 usr/man/man3/TAILQ_HEAD.3bsd.gz
-rw-r--r-- root/root        68 2021-02-11 16:36 usr/man/man3/TAILQ_HEAD_INITIALIZER.3bsd.gz
-rw-r--r-- root/root        56 2021-02-11 16:36 usr/man/man3/TAILQ_INIT.3bsd.gz
-rw-r--r-- root/root        64 2021-02-11 16:36 usr/man/man3/TAILQ_INSERT_AFTER.3bsd.gz
-rw-r--r-- root/root        65 2021-02-11 16:36 usr/man/man3/TAILQ_INSERT_BEFORE.3bsd.gz
-rw-r--r-- root/root        63 2021-02-11 16:36 usr/man/man3/TAILQ_INSERT_HEAD.3bsd.gz
-rw-r--r-- root/root        63 2021-02-11 16:36 usr/man/man3/TAILQ_INSERT_TAIL.3bsd.gz
-rw-r--r-- root/root        56 2021-02-11 16:36 usr/man/man3/TAILQ_LAST.3bsd.gz
-rw-r--r-- root/root        56 2021-02-11 16:36 usr/man/man3/TAILQ_NEXT.3bsd.gz
-rw-r--r-- root/root        56 2021-02-11 16:36 usr/man/man3/TAILQ_PREV.3bsd.gz
-rw-r--r-- root/root        58 2021-02-11 16:36 usr/man/man3/TAILQ_REMOVE.3bsd.gz
-rw-r--r-- root/root        56 2021-02-11 16:36 usr/man/man3/TAILQ_SWAP.3bsd.gz
-rw-r--r-- root/root        67 2021-02-11 16:36 usr/man/man3/TIMESPEC_TO_TIMEVAL.3bsd.gz
-rw-r--r-- root/root        67 2021-02-11 16:36 usr/man/man3/TIMEVAL_TO_TIMESPEC.3bsd.gz
-rw-r--r-- root/root      2317 2021-02-11 16:36 usr/man/man3/arc4random.3bsd.gz
-rw-r--r-- root/root        71 2021-02-11 16:36 usr/man/man3/arc4random_addrandom.3bsd.gz
-rw-r--r-- root/root        65 2021-02-11 16:36 usr/man/man3/arc4random_buf.3bsd.gz
-rw-r--r-- root/root        66 2021-02-11 16:36 usr/man/man3/arc4random_stir.3bsd.gz
-rw-r--r-- root/root        69 2021-02-11 16:36 usr/man/man3/arc4random_uniform.3bsd.gz
-rw-r--r-- root/root        57 2021-02-11 16:36 usr/man/man3/be16dec.3bsd.gz
-rw-r--r-- root/root        57 2021-02-11 16:36 usr/man/man3/be16enc.3bsd.gz
-rw-r--r-- root/root        57 2021-02-11 16:36 usr/man/man3/be32dec.3bsd.gz
-rw-r--r-- root/root        57 2021-02-11 16:36 usr/man/man3/be32enc.3bsd.gz
-rw-r--r-- root/root        57 2021-02-11 16:36 usr/man/man3/be64dec.3bsd.gz
-rw-r--r-- root/root        57 2021-02-11 16:36 usr/man/man3/be64enc.3bsd.gz
-rw-r--r-- root/root        59 2021-02-11 16:36 usr/man/man3/bit_alloc.3bsd.gz
-rw-r--r-- root/root        59 2021-02-11 16:36 usr/man/man3/bit_clear.3bsd.gz
-rw-r--r-- root/root        58 2021-02-11 16:36 usr/man/man3/bit_decl.3bsd.gz
-rw-r--r-- root/root        57 2021-02-11 16:36 usr/man/man3/bit_ffc.3bsd.gz
-rw-r--r-- root/root        57 2021-02-11 16:36 usr/man/man3/bit_ffs.3bsd.gz
-rw-r--r-- root/root        60 2021-02-11 16:36 usr/man/man3/bit_nclear.3bsd.gz
-rw-r--r-- root/root        58 2021-02-11 16:36 usr/man/man3/bit_nset.3bsd.gz
-rw-r--r-- root/root        57 2021-02-11 16:36 usr/man/man3/bit_set.3bsd.gz
-rw-r--r-- root/root        58 2021-02-11 16:36 usr/man/man3/bit_test.3bsd.gz
-rw-r--r-- root/root        61 2021-02-11 16:36 usr/man/man3/bitstr_size.3bsd.gz
-rw-r--r-- root/root      1981 2021-02-11 16:36 usr/man/man3/bitstring.3bsd.gz
-rw-r--r-- root/root      1243 2021-02-11 16:36 usr/man/man3/byteorder.3bsd.gz
-rw-r--r-- root/root      1152 2021-02-11 16:36 usr/man/man3/closefrom.3bsd.gz
-rw-r--r-- root/root        71 2021-02-11 16:36 usr/man/man3/dehumanize_number.3bsd.gz
-rw-r--r-- root/root      2241 2021-02-11 16:36 usr/man/man3/errc.3bsd.gz
-rw-r--r-- root/root      1491 2021-02-11 16:36 usr/man/man3/expand_number.3bsd.gz
-rw-r--r-- root/root      1410 2021-02-11 16:36 usr/man/man3/explicit_bzero.3bsd.gz
-rw-r--r-- root/root      1976 2021-02-11 16:36 usr/man/man3/fgetln.3bsd.gz
-rw-r--r-- root/root      1885 2021-02-11 16:36 usr/man/man3/fgetwln.3bsd.gz
-rw-r--r-- root/root      1766 2021-02-11 16:36 usr/man/man3/flopen.3bsd.gz
-rw-r--r-- root/root      1773 2021-02-11 16:36 usr/man/man3/fmtcheck.3bsd.gz
-rw-r--r-- root/root      2031 2021-02-11 16:36 usr/man/man3/fparseln.3bsd.gz
-rw-r--r-- root/root      1538 2021-02-11 16:36 usr/man/man3/fpurge.3bsd.gz
-rw-r--r-- root/root        61 2021-02-11 16:36 usr/man/man3/freezero.3bsd.gz
-rw-r--r-- root/root      2410 2021-02-11 16:36 usr/man/man3/funopen.3bsd.gz
-rw-r--r-- root/root      1620 2021-02-11 16:36 usr/man/man3/getbsize.3bsd.gz
-rw-r--r-- root/root        55 2021-02-11 16:36 usr/man/man3/getmode.3bsd.gz
-rw-r--r-- root/root      1659 2021-02-11 16:36 usr/man/man3/getpeereid.3bsd.gz
-rw-r--r-- root/root      1645 2021-02-11 16:36 usr/man/man3/getprogname.3bsd.gz
-rw-r--r-- root/root        62 2021-02-11 16:36 usr/man/man3/gid_from_group.3bsd.gz
-rw-r--r-- root/root        62 2021-02-11 16:36 usr/man/man3/group_from_gid.3bsd.gz
-rw-r--r-- root/root      2481 2021-02-11 16:36 usr/man/man3/heapsort.3bsd.gz
-rw-r--r-- root/root      2423 2021-02-11 16:36 usr/man/man3/humanize_number.3bsd.gz
-rw-r--r-- root/root        57 2021-02-11 16:36 usr/man/man3/le16dec.3bsd.gz
-rw-r--r-- root/root        57 2021-02-11 16:36 usr/man/man3/le16enc.3bsd.gz
-rw-r--r-- root/root        57 2021-02-11 16:36 usr/man/man3/le32dec.3bsd.gz
-rw-r--r-- root/root        57 2021-02-11 16:36 usr/man/man3/le32enc.3bsd.gz
-rw-r--r-- root/root        57 2021-02-11 16:36 usr/man/man3/le64dec.3bsd.gz
-rw-r--r-- root/root        57 2021-02-11 16:36 usr/man/man3/le64enc.3bsd.gz
-rw-r--r-- root/root      2507 2021-02-11 16:36 usr/man/man3/md5.3bsd.gz
-rw-r--r-- root/root        58 2021-02-11 16:36 usr/man/man3/mergesort.3bsd.gz
-rw-r--r-- root/root      1517 2021-02-11 16:36 usr/man/man3/nlist.3bsd.gz
-rw-r--r-- root/root      2730 2021-02-11 16:36 usr/man/man3/pidfile.3bsd.gz
-rw-r--r-- root/root        61 2021-02-11 16:36 usr/man/man3/pidfile_close.3bsd.gz
-rw-r--r-- root/root        60 2021-02-11 16:36 usr/man/man3/pidfile_open.3bsd.gz
-rw-r--r-- root/root        62 2021-02-11 16:36 usr/man/man3/pidfile_remove.3bsd.gz
-rw-r--r-- root/root        61 2021-02-11 16:36 usr/man/man3/pidfile_write.3bsd.gz
-rw-r--r-- root/root      1652 2021-02-11 16:36 usr/man/man3/pwcache.3bsd.gz
-rw-r--r-- root/root      5852 2021-02-11 16:36 usr/man/man3/queue.3bsd.gz
-rw-r--r-- root/root      2317 2021-02-11 16:36 usr/man/man3/radixsort.3bsd.gz
-rw-r--r-- root/root      2429 2021-02-11 16:36 usr/man/man3/readpassphrase.3bsd.gz
-rw-r--r-- root/root      2745 2021-02-11 16:36 usr/man/man3/reallocarray.3bsd.gz
-rw-r--r-- root/root      1817 2021-02-11 16:36 usr/man/man3/reallocf.3bsd.gz
-rw-r--r-- root/root        66 2021-02-11 16:36 usr/man/man3/recallocarray.3bsd.gz
-rw-r--r-- root/root      2199 2021-02-11 16:36 usr/man/man3/setmode.3bsd.gz
-rw-r--r-- root/root      1829 2021-02-11 16:36 usr/man/man3/setproctitle.3bsd.gz
-rw-r--r-- root/root        70 2021-02-11 16:36 usr/man/man3/setproctitle_init.3bsd.gz
-rw-r--r-- root/root        63 2021-02-11 16:36 usr/man/man3/setprogname.3bsd.gz
-rw-r--r-- root/root        57 2021-02-11 16:36 usr/man/man3/sl_add.3bsd.gz
-rw-r--r-- root/root        60 2021-02-11 16:36 usr/man/man3/sl_delete.3bsd.gz
-rw-r--r-- root/root        58 2021-02-11 16:36 usr/man/man3/sl_find.3bsd.gz
-rw-r--r-- root/root        58 2021-02-11 16:36 usr/man/man3/sl_free.3bsd.gz
-rw-r--r-- root/root        58 2021-02-11 16:36 usr/man/man3/sl_init.3bsd.gz
-rw-r--r-- root/root        60 2021-02-11 16:36 usr/man/man3/sradixsort.3bsd.gz
-rw-r--r-- root/root      1741 2021-02-11 16:36 usr/man/man3/stringlist.3bsd.gz
-rw-r--r-- root/root        55 2021-02-11 16:36 usr/man/man3/strlcat.3bsd.gz
-rw-r--r-- root/root      2110 2021-02-11 16:36 usr/man/man3/strlcpy.3bsd.gz
-rw-r--r-- root/root      2120 2021-02-11 16:36 usr/man/man3/strmode.3bsd.gz
-rw-r--r-- root/root      1667 2021-02-11 16:36 usr/man/man3/strnstr.3bsd.gz
-rw-r--r-- root/root        55 2021-02-11 16:36 usr/man/man3/strnunvis.3bsd.gz
-rw-r--r-- root/root        51 2021-02-11 16:36 usr/man/man3/strnvis.3bsd.gz
-rw-r--r-- root/root      2763 2021-02-11 16:36 usr/man/man3/strtoi.3bsd.gz
-rw-r--r-- root/root      2091 2021-02-11 16:36 usr/man/man3/strtonum.3bsd.gz
-rw-r--r-- root/root      2787 2021-02-11 16:36 usr/man/man3/strtou.3bsd.gz
-rw-r--r-- root/root        54 2021-02-11 16:36 usr/man/man3/strunvis.3bsd.gz
-rw-r--r-- root/root        50 2021-02-11 16:36 usr/man/man3/strvis.3bsd.gz
-rw-r--r-- root/root        51 2021-02-11 16:36 usr/man/man3/strvisx.3bsd.gz
-rw-r--r-- root/root      1832 2021-02-11 16:36 usr/man/man3/timeradd.3bsd.gz
-rw-r--r-- root/root        59 2021-02-11 16:36 usr/man/man3/timerclear.3bsd.gz
-rw-r--r-- root/root        57 2021-02-11 16:36 usr/man/man3/timercmp.3bsd.gz
-rw-r--r-- root/root        59 2021-02-11 16:36 usr/man/man3/timerisset.3bsd.gz
-rw-r--r-- root/root        57 2021-02-11 16:36 usr/man/man3/timersub.3bsd.gz
-rw-r--r-- root/root        56 2021-02-11 16:36 usr/man/man3/timespec.3bsd.gz
-rw-r--r-- root/root        60 2021-02-11 16:36 usr/man/man3/timespecadd.3bsd.gz
-rw-r--r-- root/root        62 2021-02-11 16:36 usr/man/man3/timespecclear.3bsd.gz
-rw-r--r-- root/root        60 2021-02-11 16:36 usr/man/man3/timespeccmp.3bsd.gz
-rw-r--r-- root/root        62 2021-02-11 16:36 usr/man/man3/timespecisset.3bsd.gz
-rw-r--r-- root/root        60 2021-02-11 16:36 usr/man/man3/timespecsub.3bsd.gz
-rw-r--r-- root/root      1761 2021-02-11 16:36 usr/man/man3/timeval.3bsd.gz
-rw-r--r-- root/root      3710 2021-02-11 16:36 usr/man/man3/tree.3bsd.gz
-rw-r--r-- root/root        61 2021-02-11 16:36 usr/man/man3/uid_from_user.3bsd.gz
-rw-r--r-- root/root      2988 2021-02-11 16:36 usr/man/man3/unvis.3bsd.gz
-rw-r--r-- root/root        61 2021-02-11 16:36 usr/man/man3/user_from_uid.3bsd.gz
-rw-r--r-- root/root      4670 2021-02-11 16:36 usr/man/man3/vis.3bsd.gz
-rw-r--r-- root/root        55 2021-02-11 16:36 usr/man/man3/wcslcat.3bsd.gz
-rw-r--r-- root/root      1425 2021-02-11 16:36 usr/man/man3/wcslcpy.3bsd.gz
drwxr-xr-x root/root         0 2021-02-11 16:36 usr/man/man7/
-rw-r--r-- root/root      3402 2021-02-11 16:36 usr/man/man7/libbsd.7.gz


