++========================================
||
||   Package:  ./scapy/scapy-2.4.5-x86_64-3cf.txz
||
++========================================
drwxr-xr-x root/root         0 2021-11-05 10:21 ./
drwxr-xr-x root/root         0 2021-11-05 10:21 install/
-rw-r--r-- root/root      1042 2021-11-05 10:21 install/slack-desc
drwxr-xr-x root/root         0 2021-11-05 10:21 usr/
drwxr-xr-x root/root         0 2021-11-05 10:21 usr/bin/
-rwxr-xr-x root/root      1015 2021-11-05 10:21 usr/bin/UTscapy
-rwxr-xr-x root/root      1011 2021-11-05 10:21 usr/bin/scapy
drwxr-xr-x root/root         0 2021-11-05 10:21 usr/doc/
drwxr-xr-x root/root         0 2021-11-05 10:21 usr/doc/scapy-2.4.5/
-rw-r--r-- root/root      2321 2021-11-05 10:21 usr/doc/scapy-2.4.5/scapy.SlackBuild
drwxr-xr-x root/root         0 2021-11-05 10:21 usr/lib64/
drwxr-xr-x root/root         0 2021-11-05 10:21 usr/lib64/python3.9/
drwxr-xr-x root/root         0 2021-11-05 10:21 usr/lib64/python3.9/site-packages/
drwxr-xr-x root/root         0 2021-11-05 10:21 usr/lib64/python3.9/site-packages/scapy/
drwxr-xr-x root/root         0 2021-11-05 10:21 usr/lib64/python3.9/site-packages/scapy-git_archive.dev8b63d73a17-py3.9.egg-info/
-rw-r--r-- root/root      5272 2021-11-05 10:21 usr/lib64/python3.9/site-packages/scapy-git_archive.dev8b63d73a17-py3.9.egg-info/PKG-INFO
-rw-r--r-- root/root      8260 2021-11-05 10:21 usr/lib64/python3.9/site-packages/scapy-git_archive.dev8b63d73a17-py3.9.egg-info/SOURCES.txt
-rw-r--r-- root/root         1 2021-11-05 10:21 usr/lib64/python3.9/site-packages/scapy-git_archive.dev8b63d73a17-py3.9.egg-info/dependency_links.txt
-rw-r--r-- root/root        82 2021-11-05 10:21 usr/lib64/python3.9/site-packages/scapy-git_archive.dev8b63d73a17-py3.9.egg-info/entry_points.txt
-rw-r--r-- root/root         1 2021-11-05 10:21 usr/lib64/python3.9/site-packages/scapy-git_archive.dev8b63d73a17-py3.9.egg-info/not-zip-safe
-rw-r--r-- root/root       127 2021-11-05 10:21 usr/lib64/python3.9/site-packages/scapy-git_archive.dev8b63d73a17-py3.9.egg-info/requires.txt
-rw-r--r-- root/root         6 2021-11-05 10:21 usr/lib64/python3.9/site-packages/scapy-git_archive.dev8b63d73a17-py3.9.egg-info/top_level.txt
-rw-r--r-- root/root      3689 2021-04-18 20:36 usr/lib64/python3.9/site-packages/scapy/__init__.py
-rw-r--r-- root/root       419 2021-04-18 20:36 usr/lib64/python3.9/site-packages/scapy/__main__.py
drwxr-xr-x root/root         0 2021-11-05 10:21 usr/lib64/python3.9/site-packages/scapy/__pycache__/
-rw-r--r-- root/root      2926 2021-11-05 10:21 usr/lib64/python3.9/site-packages/scapy/__pycache__/__init__.cpython-39.pyc
-rw-r--r-- root/root       384 2021-11-05 10:21 usr/lib64/python3.9/site-packages/scapy/__pycache__/__main__.cpython-39.pyc
-rw-r--r-- root/root      1125 2021-11-05 10:21 usr/lib64/python3.9/site-packages/scapy/__pycache__/all.cpython-39.pyc
-rw-r--r-- root/root      4710 2021-11-05 10:21 usr/lib64/python3.9/site-packages/scapy/__pycache__/ansmachine.cpython-39.pyc
-rw-r--r-- root/root      4668 2021-11-05 10:21 usr/lib64/python3.9/site-packages/scapy/__pycache__/as_resolvers.cpython-39.pyc
-rw-r--r-- root/root     23409 2021-11-05 10:21 usr/lib64/python3.9/site-packages/scapy/__pycache__/asn1fields.cpython-39.pyc
-rw-r--r-- root/root      1412 2021-11-05 10:21 usr/lib64/python3.9/site-packages/scapy/__pycache__/asn1packet.cpython-39.pyc
-rw-r--r-- root/root     32747 2021-11-05 10:21 usr/lib64/python3.9/site-packages/scapy/__pycache__/automaton.cpython-39.pyc
-rw-r--r-- root/root      6167 2021-11-05 10:21 usr/lib64/python3.9/site-packages/scapy/__pycache__/autorun.cpython-39.pyc
-rw-r--r-- root/root     13562 2021-11-05 10:21 usr/lib64/python3.9/site-packages/scapy/__pycache__/base_classes.cpython-39.pyc
-rw-r--r-- root/root      7946 2021-11-05 10:21 usr/lib64/python3.9/site-packages/scapy/__pycache__/compat.cpython-39.pyc
-rw-r--r-- root/root     25886 2021-11-05 10:21 usr/lib64/python3.9/site-packages/scapy/__pycache__/config.cpython-39.pyc
-rw-r--r-- root/root       615 2021-11-05 10:21 usr/lib64/python3.9/site-packages/scapy/__pycache__/consts.cpython-39.pyc
-rw-r--r-- root/root      4689 2021-11-05 10:21 usr/lib64/python3.9/site-packages/scapy/__pycache__/dadict.cpython-39.pyc
-rw-r--r-- root/root     13026 2021-11-05 10:21 usr/lib64/python3.9/site-packages/scapy/__pycache__/data.cpython-39.pyc
-rw-r--r-- root/root      3405 2021-11-05 10:21 usr/lib64/python3.9/site-packages/scapy/__pycache__/error.cpython-39.pyc
-rw-r--r-- root/root      1342 2021-11-05 10:21 usr/lib64/python3.9/site-packages/scapy/__pycache__/extlib.cpython-39.pyc
-rw-r--r-- root/root    110654 2021-11-05 10:21 usr/lib64/python3.9/site-packages/scapy/__pycache__/fields.cpython-39.pyc
-rw-r--r-- root/root     12630 2021-11-05 10:21 usr/lib64/python3.9/site-packages/scapy/__pycache__/interfaces.cpython-39.pyc
-rw-r--r-- root/root     16758 2021-11-05 10:21 usr/lib64/python3.9/site-packages/scapy/__pycache__/main.cpython-39.pyc
-rw-r--r-- root/root     65772 2021-11-05 10:21 usr/lib64/python3.9/site-packages/scapy/__pycache__/packet.cpython-39.pyc
-rw-r--r-- root/root     25618 2021-11-05 10:21 usr/lib64/python3.9/site-packages/scapy/__pycache__/pipetool.cpython-39.pyc
-rw-r--r-- root/root     24752 2021-11-05 10:21 usr/lib64/python3.9/site-packages/scapy/__pycache__/plist.cpython-39.pyc
-rw-r--r-- root/root      3366 2021-11-05 10:21 usr/lib64/python3.9/site-packages/scapy/__pycache__/pton_ntop.cpython-39.pyc
-rw-r--r-- root/root      5503 2021-11-05 10:21 usr/lib64/python3.9/site-packages/scapy/__pycache__/route.cpython-39.pyc
-rw-r--r-- root/root      9889 2021-11-05 10:21 usr/lib64/python3.9/site-packages/scapy/__pycache__/route6.cpython-39.pyc
-rw-r--r-- root/root     21728 2021-11-05 10:21 usr/lib64/python3.9/site-packages/scapy/__pycache__/scapypipes.cpython-39.pyc
-rw-r--r-- root/root     32419 2021-11-05 10:21 usr/lib64/python3.9/site-packages/scapy/__pycache__/sendrecv.cpython-39.pyc
-rw-r--r-- root/root      8843 2021-11-05 10:21 usr/lib64/python3.9/site-packages/scapy/__pycache__/sessions.cpython-39.pyc
-rw-r--r-- root/root     14029 2021-11-05 10:21 usr/lib64/python3.9/site-packages/scapy/__pycache__/supersocket.cpython-39.pyc
-rw-r--r-- root/root     11934 2021-11-05 10:21 usr/lib64/python3.9/site-packages/scapy/__pycache__/themes.cpython-39.pyc
-rw-r--r-- root/root     69932 2021-11-05 10:21 usr/lib64/python3.9/site-packages/scapy/__pycache__/utils.cpython-39.pyc
-rw-r--r-- root/root     26218 2021-11-05 10:21 usr/lib64/python3.9/site-packages/scapy/__pycache__/utils6.cpython-39.pyc
-rw-r--r-- root/root     82821 2021-11-05 10:21 usr/lib64/python3.9/site-packages/scapy/__pycache__/volatile.cpython-39.pyc
-rw-r--r-- root/root      1320 2021-04-18 20:36 usr/lib64/python3.9/site-packages/scapy/all.py
-rw-r--r-- root/root      4315 2021-04-18 20:36 usr/lib64/python3.9/site-packages/scapy/ansmachine.py
drwxr-xr-x root/root         0 2021-11-05 10:21 usr/lib64/python3.9/site-packages/scapy/arch/
-rw-r--r-- root/root      3858 2021-04-18 20:36 usr/lib64/python3.9/site-packages/scapy/arch/__init__.py
drwxr-xr-x root/root         0 2021-11-05 10:21 usr/lib64/python3.9/site-packages/scapy/arch/__pycache__/
-rw-r--r-- root/root      3047 2021-11-05 10:21 usr/lib64/python3.9/site-packages/scapy/arch/__pycache__/__init__.cpython-39.pyc
-rw-r--r-- root/root      3058 2021-11-05 10:21 usr/lib64/python3.9/site-packages/scapy/arch/__pycache__/common.cpython-39.pyc
-rw-r--r-- root/root     11880 2021-11-05 10:21 usr/lib64/python3.9/site-packages/scapy/arch/__pycache__/libpcap.cpython-39.pyc
-rw-r--r-- root/root     21741 2021-11-05 10:21 usr/lib64/python3.9/site-packages/scapy/arch/__pycache__/linux.cpython-39.pyc
-rw-r--r-- root/root       861 2021-11-05 10:21 usr/lib64/python3.9/site-packages/scapy/arch/__pycache__/solaris.cpython-39.pyc
-rw-r--r-- root/root      6517 2021-11-05 10:21 usr/lib64/python3.9/site-packages/scapy/arch/__pycache__/unix.cpython-39.pyc
drwxr-xr-x root/root         0 2021-11-05 10:21 usr/lib64/python3.9/site-packages/scapy/arch/bpf/
-rw-r--r-- root/root        78 2021-04-18 20:36 usr/lib64/python3.9/site-packages/scapy/arch/bpf/__init__.py
drwxr-xr-x root/root         0 2021-11-05 10:21 usr/lib64/python3.9/site-packages/scapy/arch/bpf/__pycache__/
-rw-r--r-- root/root       190 2021-11-05 10:21 usr/lib64/python3.9/site-packages/scapy/arch/bpf/__pycache__/__init__.cpython-39.pyc
-rw-r--r-- root/root       716 2021-11-05 10:21 usr/lib64/python3.9/site-packages/scapy/arch/bpf/__pycache__/consts.cpython-39.pyc
-rw-r--r-- root/root      6370 2021-11-05 10:21 usr/lib64/python3.9/site-packages/scapy/arch/bpf/__pycache__/core.cpython-39.pyc
-rw-r--r-- root/root     10560 2021-11-05 10:21 usr/lib64/python3.9/site-packages/scapy/arch/bpf/__pycache__/supersocket.cpython-39.pyc
-rw-r--r-- root/root       567 2021-04-18 20:36 usr/lib64/python3.9/site-packages/scapy/arch/bpf/consts.py
-rw-r--r-- root/root      7179 2021-04-18 20:36 usr/lib64/python3.9/site-packages/scapy/arch/bpf/core.py
-rw-r--r-- root/root     14867 2021-04-18 20:36 usr/lib64/python3.9/site-packages/scapy/arch/bpf/supersocket.py
-rw-r--r-- root/root      4359 2021-04-18 20:36 usr/lib64/python3.9/site-packages/scapy/arch/common.py
-rw-r--r-- root/root     16938 2021-04-18 20:36 usr/lib64/python3.9/site-packages/scapy/arch/libpcap.py
-rw-r--r-- root/root     22879 2021-04-18 20:36 usr/lib64/python3.9/site-packages/scapy/arch/linux.py
-rw-r--r-- root/root      1001 2021-04-18 20:36 usr/lib64/python3.9/site-packages/scapy/arch/solaris.py
-rw-r--r-- root/root     12088 2021-04-18 20:36 usr/lib64/python3.9/site-packages/scapy/arch/unix.py
drwxr-xr-x root/root         0 2021-11-05 10:21 usr/lib64/python3.9/site-packages/scapy/arch/windows/
-rw-r--r-- root/root     31952 2021-04-18 20:36 usr/lib64/python3.9/site-packages/scapy/arch/windows/__init__.py
drwxr-xr-x root/root         0 2021-11-05 10:21 usr/lib64/python3.9/site-packages/scapy/arch/windows/__pycache__/
-rw-r--r-- root/root     25999 2021-11-05 10:21 usr/lib64/python3.9/site-packages/scapy/arch/windows/__pycache__/__init__.cpython-39.pyc
-rw-r--r-- root/root      6857 2021-11-05 10:21 usr/lib64/python3.9/site-packages/scapy/arch/windows/__pycache__/native.cpython-39.pyc
-rw-r--r-- root/root     12296 2021-11-05 10:21 usr/lib64/python3.9/site-packages/scapy/arch/windows/__pycache__/structures.cpython-39.pyc
-rw-r--r-- root/root      9122 2021-04-18 20:36 usr/lib64/python3.9/site-packages/scapy/arch/windows/native.py
-rw-r--r-- root/root     17618 2021-04-18 20:36 usr/lib64/python3.9/site-packages/scapy/arch/windows/structures.py
-rw-r--r-- root/root      3827 2021-04-18 20:36 usr/lib64/python3.9/site-packages/scapy/as_resolvers.py
drwxr-xr-x root/root         0 2021-11-05 10:21 usr/lib64/python3.9/site-packages/scapy/asn1/
-rw-r--r-- root/root       241 2021-04-18 20:36 usr/lib64/python3.9/site-packages/scapy/asn1/__init__.py
drwxr-xr-x root/root         0 2021-11-05 10:21 usr/lib64/python3.9/site-packages/scapy/asn1/__pycache__/
-rw-r--r-- root/root       200 2021-11-05 10:21 usr/lib64/python3.9/site-packages/scapy/asn1/__pycache__/__init__.cpython-39.pyc
-rw-r--r-- root/root     19048 2021-11-05 10:21 usr/lib64/python3.9/site-packages/scapy/asn1/__pycache__/asn1.cpython-39.pyc
-rw-r--r-- root/root     18268 2021-11-05 10:21 usr/lib64/python3.9/site-packages/scapy/asn1/__pycache__/ber.cpython-39.pyc
-rw-r--r-- root/root     18723 2021-11-05 10:21 usr/lib64/python3.9/site-packages/scapy/asn1/__pycache__/mib.cpython-39.pyc
-rw-r--r-- root/root     14878 2021-04-18 20:36 usr/lib64/python3.9/site-packages/scapy/asn1/asn1.py
-rw-r--r-- root/root     17023 2021-04-18 20:36 usr/lib64/python3.9/site-packages/scapy/asn1/ber.py
-rw-r--r-- root/root     23130 2021-04-18 20:36 usr/lib64/python3.9/site-packages/scapy/asn1/mib.py
-rw-r--r-- root/root     22878 2021-04-18 20:36 usr/lib64/python3.9/site-packages/scapy/asn1fields.py
-rw-r--r-- root/root      1048 2021-04-18 20:36 usr/lib64/python3.9/site-packages/scapy/asn1packet.py
-rw-r--r-- root/root     35196 2021-04-18 20:36 usr/lib64/python3.9/site-packages/scapy/automaton.py
-rw-r--r-- root/root      6498 2021-04-18 20:36 usr/lib64/python3.9/site-packages/scapy/autorun.py
-rw-r--r-- root/root     15777 2021-04-18 20:36 usr/lib64/python3.9/site-packages/scapy/base_classes.py
-rw-r--r-- root/root      9581 2021-04-18 20:36 usr/lib64/python3.9/site-packages/scapy/compat.py
-rw-r--r-- root/root     30320 2021-04-18 20:36 usr/lib64/python3.9/site-packages/scapy/config.py
-rw-r--r-- root/root       838 2021-04-18 20:36 usr/lib64/python3.9/site-packages/scapy/consts.py
drwxr-xr-x root/root         0 2021-11-05 10:21 usr/lib64/python3.9/site-packages/scapy/contrib/
-rw-r--r-- root/root       264 2021-04-18 20:36 usr/lib64/python3.9/site-packages/scapy/contrib/__init__.py
drwxr-xr-x root/root         0 2021-11-05 10:21 usr/lib64/python3.9/site-packages/scapy/contrib/__pycache__/
-rw-r--r-- root/root       226 2021-11-05 10:21 usr/lib64/python3.9/site-packages/scapy/contrib/__pycache__/__init__.cpython-39.pyc
-rw-r--r-- root/root      1655 2021-11-05 10:21 usr/lib64/python3.9/site-packages/scapy/contrib/__pycache__/altbeacon.cpython-39.pyc
-rw-r--r-- root/root      5429 2021-11-05 10:21 usr/lib64/python3.9/site-packages/scapy/contrib/__pycache__/aoe.cpython-39.pyc
-rw-r--r-- root/root      1582 2021-11-05 10:21 usr/lib64/python3.9/site-packages/scapy/contrib/__pycache__/avs.cpython-39.pyc
-rw-r--r-- root/root      1807 2021-11-05 10:21 usr/lib64/python3.9/site-packages/scapy/contrib/__pycache__/bfd.cpython-39.pyc
-rw-r--r-- root/root     58417 2021-11-05 10:21 usr/lib64/python3.9/site-packages/scapy/contrib/__pycache__/bgp.cpython-39.pyc
-rw-r--r-- root/root      1889 2021-11-05 10:21 usr/lib64/python3.9/site-packages/scapy/contrib/__pycache__/bier.cpython-39.pyc
-rw-r--r-- root/root      3415 2021-11-05 10:21 usr/lib64/python3.9/site-packages/scapy/contrib/__pycache__/bp.cpython-39.pyc
-rw-r--r-- root/root      1265 2021-11-05 10:21 usr/lib64/python3.9/site-packages/scapy/contrib/__pycache__/cansocket.cpython-39.pyc
-rw-r--r-- root/root      3262 2021-11-05 10:21 usr/lib64/python3.9/site-packages/scapy/contrib/__pycache__/cansocket_native.cpython-39.pyc
-rw-r--r-- root/root      8314 2021-11-05 10:21 usr/lib64/python3.9/site-packages/scapy/contrib/__pycache__/cansocket_python_can.cpython-39.pyc
-rw-r--r-- root/root      1865 2021-11-05 10:21 usr/lib64/python3.9/site-packages/scapy/contrib/__pycache__/carp.cpython-39.pyc
-rw-r--r-- root/root     12761 2021-11-05 10:21 usr/lib64/python3.9/site-packages/scapy/contrib/__pycache__/cdp.cpython-39.pyc
-rw-r--r-- root/root      2162 2021-11-05 10:21 usr/lib64/python3.9/site-packages/scapy/contrib/__pycache__/chdlc.cpython-39.pyc
-rw-r--r-- root/root      7308 2021-11-05 10:21 usr/lib64/python3.9/site-packages/scapy/contrib/__pycache__/coap.cpython-39.pyc
-rw-r--r-- root/root     10303 2021-11-05 10:21 usr/lib64/python3.9/site-packages/scapy/contrib/__pycache__/concox.cpython-39.pyc
-rw-r--r-- root/root      4565 2021-11-05 10:21 usr/lib64/python3.9/site-packages/scapy/contrib/__pycache__/dce_rpc.cpython-39.pyc
-rw-r--r-- root/root    146387 2021-11-05 10:21 usr/lib64/python3.9/site-packages/scapy/contrib/__pycache__/diameter.cpython-39.pyc
-rw-r--r-- root/root      4182 2021-11-05 10:21 usr/lib64/python3.9/site-packages/scapy/contrib/__pycache__/dtp.cpython-39.pyc
-rw-r--r-- root/root      6696 2021-11-05 10:21 usr/lib64/python3.9/site-packages/scapy/contrib/__pycache__/eddystone.cpython-39.pyc
-rw-r--r-- root/root     15886 2021-11-05 10:21 usr/lib64/python3.9/site-packages/scapy/contrib/__pycache__/eigrp.cpython-39.pyc
-rw-r--r-- root/root      6913 2021-11-05 10:21 usr/lib64/python3.9/site-packages/scapy/contrib/__pycache__/enipTCP.cpython-39.pyc
-rw-r--r-- root/root      2511 2021-11-05 10:21 usr/lib64/python3.9/site-packages/scapy/contrib/__pycache__/erspan.cpython-39.pyc
-rw-r--r-- root/root     15378 2021-11-05 10:21 usr/lib64/python3.9/site-packages/scapy/contrib/__pycache__/ethercat.cpython-39.pyc
-rw-r--r-- root/root       672 2021-11-05 10:21 usr/lib64/python3.9/site-packages/scapy/contrib/__pycache__/etherip.cpython-39.pyc
-rw-r--r-- root/root      2087 2021-11-05 10:21 usr/lib64/python3.9/site-packages/scapy/contrib/__pycache__/exposure_notification.cpython-39.pyc
-rw-r--r-- root/root      2391 2021-11-05 10:21 usr/lib64/python3.9/site-packages/scapy/contrib/__pycache__/geneve.cpython-39.pyc
-rw-r--r-- root/root     35951 2021-11-05 10:21 usr/lib64/python3.9/site-packages/scapy/contrib/__pycache__/gtp.cpython-39.pyc
-rw-r--r-- root/root     60463 2021-11-05 10:21 usr/lib64/python3.9/site-packages/scapy/contrib/__pycache__/gtp_v2.cpython-39.pyc
-rw-r--r-- root/root     62613 2021-11-05 10:21 usr/lib64/python3.9/site-packages/scapy/contrib/__pycache__/homeplugav.cpython-39.pyc
-rw-r--r-- root/root      6665 2021-11-05 10:21 usr/lib64/python3.9/site-packages/scapy/contrib/__pycache__/homepluggp.cpython-39.pyc
-rw-r--r-- root/root      1409 2021-11-05 10:21 usr/lib64/python3.9/site-packages/scapy/contrib/__pycache__/homeplugsg.cpython-39.pyc
-rw-r--r-- root/root     79249 2021-11-05 10:21 usr/lib64/python3.9/site-packages/scapy/contrib/__pycache__/http2.cpython-39.pyc
-rw-r--r-- root/root      3190 2021-11-05 10:21 usr/lib64/python3.9/site-packages/scapy/contrib/__pycache__/ibeacon.cpython-39.pyc
-rw-r--r-- root/root      6081 2021-11-05 10:21 usr/lib64/python3.9/site-packages/scapy/contrib/__pycache__/icmp_extensions.cpython-39.pyc
-rw-r--r-- root/root      3710 2021-11-05 10:21 usr/lib64/python3.9/site-packages/scapy/contrib/__pycache__/ife.cpython-39.pyc
-rw-r--r-- root/root      5443 2021-11-05 10:21 usr/lib64/python3.9/site-packages/scapy/contrib/__pycache__/igmp.cpython-39.pyc
-rw-r--r-- root/root      5742 2021-11-05 10:21 usr/lib64/python3.9/site-packages/scapy/contrib/__pycache__/igmpv3.cpython-39.pyc
-rw-r--r-- root/root     29330 2021-11-05 10:21 usr/lib64/python3.9/site-packages/scapy/contrib/__pycache__/ikev2.cpython-39.pyc
-rw-r--r-- root/root     42042 2021-11-05 10:21 usr/lib64/python3.9/site-packages/scapy/contrib/__pycache__/isis.cpython-39.pyc
-rw-r--r-- root/root     61828 2021-11-05 10:21 usr/lib64/python3.9/site-packages/scapy/contrib/__pycache__/isotp.cpython-39.pyc
-rw-r--r-- root/root      2443 2021-11-05 10:21 usr/lib64/python3.9/site-packages/scapy/contrib/__pycache__/lacp.cpython-39.pyc
-rw-r--r-- root/root     11545 2021-11-05 10:21 usr/lib64/python3.9/site-packages/scapy/contrib/__pycache__/ldp.cpython-39.pyc
-rw-r--r-- root/root     22412 2021-11-05 10:21 usr/lib64/python3.9/site-packages/scapy/contrib/__pycache__/lldp.cpython-39.pyc
-rw-r--r-- root/root     25512 2021-11-05 10:21 usr/lib64/python3.9/site-packages/scapy/contrib/__pycache__/loraphy2wan.cpython-39.pyc
-rw-r--r-- root/root      7342 2021-11-05 10:21 usr/lib64/python3.9/site-packages/scapy/contrib/__pycache__/ltp.cpython-39.pyc
-rw-r--r-- root/root      6905 2021-11-05 10:21 usr/lib64/python3.9/site-packages/scapy/contrib/__pycache__/mac_control.cpython-39.pyc
-rw-r--r-- root/root      7375 2021-11-05 10:21 usr/lib64/python3.9/site-packages/scapy/contrib/__pycache__/macsec.cpython-39.pyc
-rw-r--r-- root/root     32133 2021-11-05 10:21 usr/lib64/python3.9/site-packages/scapy/contrib/__pycache__/modbus.cpython-39.pyc
-rw-r--r-- root/root      3583 2021-11-05 10:21 usr/lib64/python3.9/site-packages/scapy/contrib/__pycache__/mount.cpython-39.pyc
-rw-r--r-- root/root      1858 2021-11-05 10:21 usr/lib64/python3.9/site-packages/scapy/contrib/__pycache__/mpls.cpython-39.pyc
-rw-r--r-- root/root      9545 2021-11-05 10:21 usr/lib64/python3.9/site-packages/scapy/contrib/__pycache__/mqtt.cpython-39.pyc
-rw-r--r-- root/root     13005 2021-11-05 10:21 usr/lib64/python3.9/site-packages/scapy/contrib/__pycache__/mqttsn.cpython-39.pyc
-rw-r--r-- root/root     30813 2021-11-05 10:21 usr/lib64/python3.9/site-packages/scapy/contrib/__pycache__/nfs.cpython-39.pyc
-rw-r--r-- root/root      6380 2021-11-05 10:21 usr/lib64/python3.9/site-packages/scapy/contrib/__pycache__/nlm.cpython-39.pyc
-rw-r--r-- root/root      2735 2021-11-05 10:21 usr/lib64/python3.9/site-packages/scapy/contrib/__pycache__/nsh.cpython-39.pyc
-rw-r--r-- root/root      6410 2021-11-05 10:21 usr/lib64/python3.9/site-packages/scapy/contrib/__pycache__/oncrpc.cpython-39.pyc
-rw-r--r-- root/root     30840 2021-11-05 10:21 usr/lib64/python3.9/site-packages/scapy/contrib/__pycache__/opc_da.cpython-39.pyc
-rw-r--r-- root/root     33013 2021-11-05 10:21 usr/lib64/python3.9/site-packages/scapy/contrib/__pycache__/openflow.cpython-39.pyc
-rw-r--r-- root/root     90497 2021-11-05 10:21 usr/lib64/python3.9/site-packages/scapy/contrib/__pycache__/openflow3.cpython-39.pyc
-rw-r--r-- root/root     29361 2021-11-05 10:21 usr/lib64/python3.9/site-packages/scapy/contrib/__pycache__/ospf.cpython-39.pyc
-rw-r--r-- root/root     87498 2021-11-05 10:21 usr/lib64/python3.9/site-packages/scapy/contrib/__pycache__/pfcp.cpython-39.pyc
-rw-r--r-- root/root      8213 2021-11-05 10:21 usr/lib64/python3.9/site-packages/scapy/contrib/__pycache__/pim.cpython-39.pyc
-rw-r--r-- root/root     11776 2021-11-05 10:21 usr/lib64/python3.9/site-packages/scapy/contrib/__pycache__/pnio.cpython-39.pyc
-rw-r--r-- root/root     18048 2021-11-05 10:21 usr/lib64/python3.9/site-packages/scapy/contrib/__pycache__/pnio_dcp.cpython-39.pyc
-rw-r--r-- root/root     27999 2021-11-05 10:21 usr/lib64/python3.9/site-packages/scapy/contrib/__pycache__/pnio_rpc.cpython-39.pyc
-rw-r--r-- root/root      2407 2021-11-05 10:21 usr/lib64/python3.9/site-packages/scapy/contrib/__pycache__/portmap.cpython-39.pyc
-rw-r--r-- root/root      2410 2021-11-05 10:21 usr/lib64/python3.9/site-packages/scapy/contrib/__pycache__/ppi_cace.cpython-39.pyc
-rw-r--r-- root/root     13686 2021-11-05 10:21 usr/lib64/python3.9/site-packages/scapy/contrib/__pycache__/ppi_geotag.cpython-39.pyc
-rw-r--r-- root/root      1067 2021-11-05 10:21 usr/lib64/python3.9/site-packages/scapy/contrib/__pycache__/ripng.cpython-39.pyc
-rw-r--r-- root/root      5077 2021-11-05 10:21 usr/lib64/python3.9/site-packages/scapy/contrib/__pycache__/roce.cpython-39.pyc
-rw-r--r-- root/root      9593 2021-11-05 10:21 usr/lib64/python3.9/site-packages/scapy/contrib/__pycache__/rpl.cpython-39.pyc
-rw-r--r-- root/root      6066 2021-11-05 10:21 usr/lib64/python3.9/site-packages/scapy/contrib/__pycache__/rpl_metrics.cpython-39.pyc
-rw-r--r-- root/root      6760 2021-11-05 10:21 usr/lib64/python3.9/site-packages/scapy/contrib/__pycache__/rsvp.cpython-39.pyc
-rw-r--r-- root/root      9018 2021-11-05 10:21 usr/lib64/python3.9/site-packages/scapy/contrib/__pycache__/rtr.cpython-39.pyc
-rw-r--r-- root/root      3300 2021-11-05 10:21 usr/lib64/python3.9/site-packages/scapy/contrib/__pycache__/sdnv.cpython-39.pyc
-rw-r--r-- root/root      4311 2021-11-05 10:21 usr/lib64/python3.9/site-packages/scapy/contrib/__pycache__/sebek.cpython-39.pyc
-rw-r--r-- root/root      3546 2021-11-05 10:21 usr/lib64/python3.9/site-packages/scapy/contrib/__pycache__/send.cpython-39.pyc
-rw-r--r-- root/root     16695 2021-11-05 10:21 usr/lib64/python3.9/site-packages/scapy/contrib/__pycache__/skinny.cpython-39.pyc
-rw-r--r-- root/root      4876 2021-11-05 10:21 usr/lib64/python3.9/site-packages/scapy/contrib/__pycache__/socks.cpython-39.pyc
-rw-r--r-- root/root      1656 2021-11-05 10:21 usr/lib64/python3.9/site-packages/scapy/contrib/__pycache__/spbm.cpython-39.pyc
-rw-r--r-- root/root     13047 2021-11-05 10:21 usr/lib64/python3.9/site-packages/scapy/contrib/__pycache__/tacacs.cpython-39.pyc
-rw-r--r-- root/root     13292 2021-11-05 10:21 usr/lib64/python3.9/site-packages/scapy/contrib/__pycache__/tzsp.cpython-39.pyc
-rw-r--r-- root/root      3424 2021-11-05 10:21 usr/lib64/python3.9/site-packages/scapy/contrib/__pycache__/ubberlogger.cpython-39.pyc
-rw-r--r-- root/root      2386 2021-11-05 10:21 usr/lib64/python3.9/site-packages/scapy/contrib/__pycache__/vqp.cpython-39.pyc
-rw-r--r-- root/root      6898 2021-11-05 10:21 usr/lib64/python3.9/site-packages/scapy/contrib/__pycache__/vtp.cpython-39.pyc
-rw-r--r-- root/root      2362 2021-11-05 10:21 usr/lib64/python3.9/site-packages/scapy/contrib/__pycache__/wireguard.cpython-39.pyc
-rw-r--r-- root/root      1544 2021-11-05 10:21 usr/lib64/python3.9/site-packages/scapy/contrib/__pycache__/wpa_eapol.cpython-39.pyc
-rw-r--r-- root/root      2833 2021-04-18 20:36 usr/lib64/python3.9/site-packages/scapy/contrib/altbeacon.py
-rw-r--r-- root/root      6135 2021-04-18 20:36 usr/lib64/python3.9/site-packages/scapy/contrib/aoe.py
drwxr-xr-x root/root         0 2021-11-05 10:21 usr/lib64/python3.9/site-packages/scapy/contrib/automotive/
-rw-r--r-- root/root       299 2021-04-18 20:36 usr/lib64/python3.9/site-packages/scapy/contrib/automotive/__init__.py
drwxr-xr-x root/root         0 2021-11-05 10:21 usr/lib64/python3.9/site-packages/scapy/contrib/automotive/__pycache__/
-rw-r--r-- root/root       248 2021-11-05 10:21 usr/lib64/python3.9/site-packages/scapy/contrib/automotive/__pycache__/__init__.cpython-39.pyc
-rw-r--r-- root/root     15029 2021-11-05 10:21 usr/lib64/python3.9/site-packages/scapy/contrib/automotive/__pycache__/ccp.cpython-39.pyc
-rw-r--r-- root/root     15153 2021-11-05 10:21 usr/lib64/python3.9/site-packages/scapy/contrib/automotive/__pycache__/doip.cpython-39.pyc
-rw-r--r-- root/root     24016 2021-11-05 10:21 usr/lib64/python3.9/site-packages/scapy/contrib/automotive/__pycache__/ecu.cpython-39.pyc
-rw-r--r-- root/root     12352 2021-11-05 10:21 usr/lib64/python3.9/site-packages/scapy/contrib/automotive/__pycache__/enumerator.cpython-39.pyc
-rw-r--r-- root/root      5281 2021-11-05 10:21 usr/lib64/python3.9/site-packages/scapy/contrib/automotive/__pycache__/graph.cpython-39.pyc
-rw-r--r-- root/root     13714 2021-11-05 10:21 usr/lib64/python3.9/site-packages/scapy/contrib/automotive/__pycache__/someip.cpython-39.pyc
-rw-r--r-- root/root     40231 2021-11-05 10:21 usr/lib64/python3.9/site-packages/scapy/contrib/automotive/__pycache__/uds.cpython-39.pyc
-rw-r--r-- root/root      1492 2021-11-05 10:21 usr/lib64/python3.9/site-packages/scapy/contrib/automotive/__pycache__/uds_ecu_states.cpython-39.pyc
-rw-r--r-- root/root      8650 2021-11-05 10:21 usr/lib64/python3.9/site-packages/scapy/contrib/automotive/__pycache__/uds_logging.cpython-39.pyc
drwxr-xr-x root/root         0 2021-11-05 10:21 usr/lib64/python3.9/site-packages/scapy/contrib/automotive/bmw/
-rw-r--r-- root/root       312 2021-04-18 20:36 usr/lib64/python3.9/site-packages/scapy/contrib/automotive/bmw/__init__.py
drwxr-xr-x root/root         0 2021-11-05 10:21 usr/lib64/python3.9/site-packages/scapy/contrib/automotive/bmw/__pycache__/
-rw-r--r-- root/root       265 2021-11-05 10:21 usr/lib64/python3.9/site-packages/scapy/contrib/automotive/bmw/__pycache__/__init__.cpython-39.pyc
-rw-r--r-- root/root    123141 2021-11-05 10:21 usr/lib64/python3.9/site-packages/scapy/contrib/automotive/bmw/__pycache__/definitions.cpython-39.pyc
-rw-r--r-- root/root      3398 2021-11-05 10:21 usr/lib64/python3.9/site-packages/scapy/contrib/automotive/bmw/__pycache__/hsfz.cpython-39.pyc
-rw-r--r-- root/root    335179 2021-04-18 20:36 usr/lib64/python3.9/site-packages/scapy/contrib/automotive/bmw/definitions.py
-rw-r--r-- root/root      3485 2021-04-18 20:36 usr/lib64/python3.9/site-packages/scapy/contrib/automotive/bmw/hsfz.py
-rw-r--r-- root/root     14374 2021-04-18 20:36 usr/lib64/python3.9/site-packages/scapy/contrib/automotive/ccp.py
-rw-r--r-- root/root     17225 2021-04-18 20:36 usr/lib64/python3.9/site-packages/scapy/contrib/automotive/doip.py
-rw-r--r-- root/root     25292 2021-04-18 20:36 usr/lib64/python3.9/site-packages/scapy/contrib/automotive/ecu.py
-rw-r--r-- root/root     12777 2021-04-18 20:36 usr/lib64/python3.9/site-packages/scapy/contrib/automotive/enumerator.py
drwxr-xr-x root/root         0 2021-11-05 10:21 usr/lib64/python3.9/site-packages/scapy/contrib/automotive/gm/
-rw-r--r-- root/root       311 2021-04-18 20:36 usr/lib64/python3.9/site-packages/scapy/contrib/automotive/gm/__init__.py
drwxr-xr-x root/root         0 2021-11-05 10:21 usr/lib64/python3.9/site-packages/scapy/contrib/automotive/gm/__pycache__/
-rw-r--r-- root/root       263 2021-11-05 10:21 usr/lib64/python3.9/site-packages/scapy/contrib/automotive/gm/__pycache__/__init__.cpython-39.pyc
-rw-r--r-- root/root     22187 2021-11-05 10:21 usr/lib64/python3.9/site-packages/scapy/contrib/automotive/gm/__pycache__/gmlan.cpython-39.pyc
-rw-r--r-- root/root       975 2021-11-05 10:21 usr/lib64/python3.9/site-packages/scapy/contrib/automotive/gm/__pycache__/gmlan_ecu_states.cpython-39.pyc
-rw-r--r-- root/root      5853 2021-11-05 10:21 usr/lib64/python3.9/site-packages/scapy/contrib/automotive/gm/__pycache__/gmlan_logging.cpython-39.pyc
-rw-r--r-- root/root      9534 2021-11-05 10:21 usr/lib64/python3.9/site-packages/scapy/contrib/automotive/gm/__pycache__/gmlanutils.cpython-39.pyc
-rw-r--r-- root/root     24747 2021-04-18 20:36 usr/lib64/python3.9/site-packages/scapy/contrib/automotive/gm/gmlan.py
-rw-r--r-- root/root      1284 2021-04-18 20:36 usr/lib64/python3.9/site-packages/scapy/contrib/automotive/gm/gmlan_ecu_states.py
-rw-r--r-- root/root      6692 2021-04-18 20:36 usr/lib64/python3.9/site-packages/scapy/contrib/automotive/gm/gmlan_logging.py
-rw-r--r-- root/root     13119 2021-04-18 20:36 usr/lib64/python3.9/site-packages/scapy/contrib/automotive/gm/gmlanutils.py
-rw-r--r-- root/root      6143 2021-04-18 20:36 usr/lib64/python3.9/site-packages/scapy/contrib/automotive/graph.py
drwxr-xr-x root/root         0 2021-11-05 10:21 usr/lib64/python3.9/site-packages/scapy/contrib/automotive/obd/
-rw-r--r-- root/root       368 2021-04-18 20:36 usr/lib64/python3.9/site-packages/scapy/contrib/automotive/obd/__init__.py
drwxr-xr-x root/root         0 2021-11-05 10:21 usr/lib64/python3.9/site-packages/scapy/contrib/automotive/obd/__pycache__/
-rw-r--r-- root/root       265 2021-11-05 10:21 usr/lib64/python3.9/site-packages/scapy/contrib/automotive/obd/__pycache__/__init__.cpython-39.pyc
-rw-r--r-- root/root      3362 2021-11-05 10:21 usr/lib64/python3.9/site-packages/scapy/contrib/automotive/obd/__pycache__/obd.cpython-39.pyc
-rw-r--r-- root/root       509 2021-11-05 10:21 usr/lib64/python3.9/site-packages/scapy/contrib/automotive/obd/__pycache__/packet.cpython-39.pyc
-rw-r--r-- root/root     11877 2021-11-05 10:21 usr/lib64/python3.9/site-packages/scapy/contrib/automotive/obd/__pycache__/scanner.cpython-39.pyc
-rw-r--r-- root/root      5209 2021-11-05 10:21 usr/lib64/python3.9/site-packages/scapy/contrib/automotive/obd/__pycache__/services.cpython-39.pyc
drwxr-xr-x root/root         0 2021-11-05 10:21 usr/lib64/python3.9/site-packages/scapy/contrib/automotive/obd/iid/
-rw-r--r-- root/root       368 2021-04-18 20:36 usr/lib64/python3.9/site-packages/scapy/contrib/automotive/obd/iid/__init__.py
drwxr-xr-x root/root         0 2021-11-05 10:21 usr/lib64/python3.9/site-packages/scapy/contrib/automotive/obd/iid/__pycache__/
-rw-r--r-- root/root       269 2021-11-05 10:21 usr/lib64/python3.9/site-packages/scapy/contrib/automotive/obd/iid/__pycache__/__init__.cpython-39.pyc
-rw-r--r-- root/root      5442 2021-11-05 10:21 usr/lib64/python3.9/site-packages/scapy/contrib/automotive/obd/iid/__pycache__/iids.cpython-39.pyc
-rw-r--r-- root/root      5188 2021-04-18 20:36 usr/lib64/python3.9/site-packages/scapy/contrib/automotive/obd/iid/iids.py
drwxr-xr-x root/root         0 2021-11-05 10:21 usr/lib64/python3.9/site-packages/scapy/contrib/automotive/obd/mid/
-rw-r--r-- root/root       368 2021-04-18 20:36 usr/lib64/python3.9/site-packages/scapy/contrib/automotive/obd/mid/__init__.py
drwxr-xr-x root/root         0 2021-11-05 10:21 usr/lib64/python3.9/site-packages/scapy/contrib/automotive/obd/mid/__pycache__/
-rw-r--r-- root/root       269 2021-11-05 10:21 usr/lib64/python3.9/site-packages/scapy/contrib/automotive/obd/mid/__pycache__/__init__.cpython-39.pyc
-rw-r--r-- root/root     20588 2021-11-05 10:21 usr/lib64/python3.9/site-packages/scapy/contrib/automotive/obd/mid/__pycache__/mids.cpython-39.pyc
-rw-r--r-- root/root     24803 2021-04-18 20:36 usr/lib64/python3.9/site-packages/scapy/contrib/automotive/obd/mid/mids.py
-rw-r--r-- root/root      4048 2021-04-18 20:36 usr/lib64/python3.9/site-packages/scapy/contrib/automotive/obd/obd.py
-rw-r--r-- root/root       389 2021-04-18 20:36 usr/lib64/python3.9/site-packages/scapy/contrib/automotive/obd/packet.py
drwxr-xr-x root/root         0 2021-11-05 10:21 usr/lib64/python3.9/site-packages/scapy/contrib/automotive/obd/pid/
-rw-r--r-- root/root       368 2021-04-18 20:36 usr/lib64/python3.9/site-packages/scapy/contrib/automotive/obd/pid/__init__.py
drwxr-xr-x root/root         0 2021-11-05 10:21 usr/lib64/python3.9/site-packages/scapy/contrib/automotive/obd/pid/__pycache__/
-rw-r--r-- root/root       269 2021-11-05 10:21 usr/lib64/python3.9/site-packages/scapy/contrib/automotive/obd/pid/__pycache__/__init__.cpython-39.pyc
-rw-r--r-- root/root     10238 2021-11-05 10:21 usr/lib64/python3.9/site-packages/scapy/contrib/automotive/obd/pid/__pycache__/pids.cpython-39.pyc
-rw-r--r-- root/root      9688 2021-11-05 10:21 usr/lib64/python3.9/site-packages/scapy/contrib/automotive/obd/pid/__pycache__/pids_00_1F.cpython-39.pyc
-rw-r--r-- root/root      7056 2021-11-05 10:21 usr/lib64/python3.9/site-packages/scapy/contrib/automotive/obd/pid/__pycache__/pids_20_3F.cpython-39.pyc
-rw-r--r-- root/root      9127 2021-11-05 10:21 usr/lib64/python3.9/site-packages/scapy/contrib/automotive/obd/pid/__pycache__/pids_40_5F.cpython-39.pyc
-rw-r--r-- root/root     14978 2021-11-05 10:21 usr/lib64/python3.9/site-packages/scapy/contrib/automotive/obd/pid/__pycache__/pids_60_7F.cpython-39.pyc
-rw-r--r-- root/root      7689 2021-11-05 10:21 usr/lib64/python3.9/site-packages/scapy/contrib/automotive/obd/pid/__pycache__/pids_80_9F.cpython-39.pyc
-rw-r--r-- root/root      2385 2021-11-05 10:21 usr/lib64/python3.9/site-packages/scapy/contrib/automotive/obd/pid/__pycache__/pids_A0_C0.cpython-39.pyc
-rw-r--r-- root/root     18784 2021-04-18 20:36 usr/lib64/python3.9/site-packages/scapy/contrib/automotive/obd/pid/pids.py
-rw-r--r-- root/root      9371 2021-04-18 20:36 usr/lib64/python3.9/site-packages/scapy/contrib/automotive/obd/pid/pids_00_1F.py
-rw-r--r-- root/root      5439 2021-04-18 20:36 usr/lib64/python3.9/site-packages/scapy/contrib/automotive/obd/pid/pids_20_3F.py
-rw-r--r-- root/root      8286 2021-04-18 20:36 usr/lib64/python3.9/site-packages/scapy/contrib/automotive/obd/pid/pids_40_5F.py
-rw-r--r-- root/root     19071 2021-04-18 20:36 usr/lib64/python3.9/site-packages/scapy/contrib/automotive/obd/pid/pids_60_7F.py
-rw-r--r-- root/root      7374 2021-04-18 20:36 usr/lib64/python3.9/site-packages/scapy/contrib/automotive/obd/pid/pids_80_9F.py
-rw-r--r-- root/root      2960 2021-04-18 20:36 usr/lib64/python3.9/site-packages/scapy/contrib/automotive/obd/pid/pids_A0_C0.py
-rw-r--r-- root/root      8861 2021-04-18 20:36 usr/lib64/python3.9/site-packages/scapy/contrib/automotive/obd/scanner.py
-rw-r--r-- root/root      3738 2021-04-18 20:36 usr/lib64/python3.9/site-packages/scapy/contrib/automotive/obd/services.py
drwxr-xr-x root/root         0 2021-11-05 10:21 usr/lib64/python3.9/site-packages/scapy/contrib/automotive/obd/tid/
-rw-r--r-- root/root       368 2021-04-18 20:36 usr/lib64/python3.9/site-packages/scapy/contrib/automotive/obd/tid/__init__.py
drwxr-xr-x root/root         0 2021-11-05 10:21 usr/lib64/python3.9/site-packages/scapy/contrib/automotive/obd/tid/__pycache__/
-rw-r--r-- root/root       269 2021-11-05 10:21 usr/lib64/python3.9/site-packages/scapy/contrib/automotive/obd/tid/__pycache__/__init__.cpython-39.pyc
-rw-r--r-- root/root      4462 2021-11-05 10:21 usr/lib64/python3.9/site-packages/scapy/contrib/automotive/obd/tid/__pycache__/tids.cpython-39.pyc
-rw-r--r-- root/root      4105 2021-04-18 20:36 usr/lib64/python3.9/site-packages/scapy/contrib/automotive/obd/tid/tids.py
-rw-r--r-- root/root     17616 2021-04-18 20:36 usr/lib64/python3.9/site-packages/scapy/contrib/automotive/someip.py
-rw-r--r-- root/root     44266 2021-04-18 20:36 usr/lib64/python3.9/site-packages/scapy/contrib/automotive/uds.py
-rw-r--r-- root/root      1728 2021-04-18 20:36 usr/lib64/python3.9/site-packages/scapy/contrib/automotive/uds_ecu_states.py
-rw-r--r-- root/root     10059 2021-04-18 20:36 usr/lib64/python3.9/site-packages/scapy/contrib/automotive/uds_logging.py
drwxr-xr-x root/root         0 2021-11-05 10:21 usr/lib64/python3.9/site-packages/scapy/contrib/automotive/volkswagen/
-rw-r--r-- root/root       312 2021-04-18 20:36 usr/lib64/python3.9/site-packages/scapy/contrib/automotive/volkswagen/__init__.py
drwxr-xr-x root/root         0 2021-11-05 10:21 usr/lib64/python3.9/site-packages/scapy/contrib/automotive/volkswagen/__pycache__/
-rw-r--r-- root/root       272 2021-11-05 10:21 usr/lib64/python3.9/site-packages/scapy/contrib/automotive/volkswagen/__pycache__/__init__.cpython-39.pyc
-rw-r--r-- root/root    194436 2021-11-05 10:21 usr/lib64/python3.9/site-packages/scapy/contrib/automotive/volkswagen/__pycache__/definitions.cpython-39.pyc
-rw-r--r-- root/root    272616 2021-04-18 20:36 usr/lib64/python3.9/site-packages/scapy/contrib/automotive/volkswagen/definitions.py
drwxr-xr-x root/root         0 2021-11-05 10:21 usr/lib64/python3.9/site-packages/scapy/contrib/automotive/xcp/
-rw-r--r-- root/root       322 2021-04-18 20:36 usr/lib64/python3.9/site-packages/scapy/contrib/automotive/xcp/__init__.py
drwxr-xr-x root/root         0 2021-11-05 10:21 usr/lib64/python3.9/site-packages/scapy/contrib/automotive/xcp/__pycache__/
-rw-r--r-- root/root       265 2021-11-05 10:21 usr/lib64/python3.9/site-packages/scapy/contrib/automotive/xcp/__pycache__/__init__.cpython-39.pyc
-rw-r--r-- root/root     15950 2021-11-05 10:21 usr/lib64/python3.9/site-packages/scapy/contrib/automotive/xcp/__pycache__/cto_commands_master.cpython-39.pyc
-rw-r--r-- root/root     16081 2021-11-05 10:21 usr/lib64/python3.9/site-packages/scapy/contrib/automotive/xcp/__pycache__/cto_commands_slave.cpython-39.pyc
-rw-r--r-- root/root      4602 2021-11-05 10:21 usr/lib64/python3.9/site-packages/scapy/contrib/automotive/xcp/__pycache__/scanner.cpython-39.pyc
-rw-r--r-- root/root      3781 2021-11-05 10:21 usr/lib64/python3.9/site-packages/scapy/contrib/automotive/xcp/__pycache__/utils.cpython-39.pyc
-rw-r--r-- root/root     12422 2021-11-05 10:21 usr/lib64/python3.9/site-packages/scapy/contrib/automotive/xcp/__pycache__/xcp.cpython-39.pyc
-rw-r--r-- root/root     14547 2021-04-18 20:36 usr/lib64/python3.9/site-packages/scapy/contrib/automotive/xcp/cto_commands_master.py
-rw-r--r-- root/root     16271 2021-04-18 20:36 usr/lib64/python3.9/site-packages/scapy/contrib/automotive/xcp/cto_commands_slave.py
-rw-r--r-- root/root      5849 2021-04-18 20:36 usr/lib64/python3.9/site-packages/scapy/contrib/automotive/xcp/scanner.py
-rw-r--r-- root/root      4044 2021-04-18 20:36 usr/lib64/python3.9/site-packages/scapy/contrib/automotive/xcp/utils.py
-rw-r--r-- root/root     18846 2021-04-18 20:36 usr/lib64/python3.9/site-packages/scapy/contrib/automotive/xcp/xcp.py
-rw-r--r-- root/root      2598 2021-04-18 20:36 usr/lib64/python3.9/site-packages/scapy/contrib/avs.py
-rw-r--r-- root/root      2158 2021-04-18 20:36 usr/lib64/python3.9/site-packages/scapy/contrib/bfd.py
-rw-r--r-- root/root     70858 2021-04-18 20:36 usr/lib64/python3.9/site-packages/scapy/contrib/bgp.py
-rw-r--r-- root/root      2310 2021-04-18 20:36 usr/lib64/python3.9/site-packages/scapy/contrib/bier.py
-rw-r--r-- root/root      4422 2021-04-18 20:36 usr/lib64/python3.9/site-packages/scapy/contrib/bp.py
-rw-r--r-- root/root      1575 2021-04-18 20:36 usr/lib64/python3.9/site-packages/scapy/contrib/cansocket.py
-rw-r--r-- root/root      4229 2021-04-18 20:36 usr/lib64/python3.9/site-packages/scapy/contrib/cansocket_native.py
-rw-r--r-- root/root      7589 2021-04-18 20:36 usr/lib64/python3.9/site-packages/scapy/contrib/cansocket_python_can.py
-rw-r--r-- root/root      2799 2021-04-18 20:36 usr/lib64/python3.9/site-packages/scapy/contrib/carp.py
-rw-r--r-- root/root     14660 2021-04-18 20:36 usr/lib64/python3.9/site-packages/scapy/contrib/cdp.py
-rw-r--r-- root/root      2649 2021-04-18 20:36 usr/lib64/python3.9/site-packages/scapy/contrib/chdlc.py
-rw-r--r-- root/root      7018 2021-04-18 20:36 usr/lib64/python3.9/site-packages/scapy/contrib/coap.py
-rw-r--r-- root/root     12263 2021-04-18 20:36 usr/lib64/python3.9/site-packages/scapy/contrib/concox.py
-rw-r--r-- root/root      6513 2021-04-18 20:36 usr/lib64/python3.9/site-packages/scapy/contrib/dce_rpc.py
-rw-r--r-- root/root    184293 2021-04-18 20:36 usr/lib64/python3.9/site-packages/scapy/contrib/diameter.py
-rw-r--r-- root/root      3922 2021-04-18 20:36 usr/lib64/python3.9/site-packages/scapy/contrib/dtp.py
-rw-r--r-- root/root      6932 2021-04-18 20:36 usr/lib64/python3.9/site-packages/scapy/contrib/eddystone.py
-rw-r--r-- root/root     16915 2021-04-18 20:36 usr/lib64/python3.9/site-packages/scapy/contrib/eigrp.py
-rw-r--r-- root/root      7574 2021-04-18 20:36 usr/lib64/python3.9/site-packages/scapy/contrib/enipTCP.py
-rw-r--r-- root/root      2782 2021-04-18 20:36 usr/lib64/python3.9/site-packages/scapy/contrib/erspan.py
-rw-r--r-- root/root     20761 2021-04-18 20:36 usr/lib64/python3.9/site-packages/scapy/contrib/ethercat.py
-rw-r--r-- root/root      1066 2021-04-18 20:36 usr/lib64/python3.9/site-packages/scapy/contrib/etherip.py
-rw-r--r-- root/root      2480 2021-04-18 20:36 usr/lib64/python3.9/site-packages/scapy/contrib/exposure_notification.py
-rw-r--r-- root/root      2875 2021-04-18 20:36 usr/lib64/python3.9/site-packages/scapy/contrib/geneve.py
-rw-r--r-- root/root     42497 2021-04-18 20:36 usr/lib64/python3.9/site-packages/scapy/contrib/gtp.py
-rw-r--r-- root/root     62748 2021-04-18 20:36 usr/lib64/python3.9/site-packages/scapy/contrib/gtp_v2.py
-rw-r--r-- root/root     76163 2021-04-18 20:36 usr/lib64/python3.9/site-packages/scapy/contrib/homeplugav.py
-rw-r--r-- root/root     10035 2021-04-18 20:36 usr/lib64/python3.9/site-packages/scapy/contrib/homepluggp.py
-rw-r--r-- root/root      1990 2021-04-18 20:36 usr/lib64/python3.9/site-packages/scapy/contrib/homeplugsg.py
-rw-r--r-- root/root    105450 2021-04-18 20:36 usr/lib64/python3.9/site-packages/scapy/contrib/http2.py
-rw-r--r-- root/root      3457 2021-04-18 20:36 usr/lib64/python3.9/site-packages/scapy/contrib/ibeacon.py
-rw-r--r-- root/root      7119 2021-04-18 20:36 usr/lib64/python3.9/site-packages/scapy/contrib/icmp_extensions.py
-rw-r--r-- root/root      3603 2021-04-18 20:36 usr/lib64/python3.9/site-packages/scapy/contrib/ife.py
-rw-r--r-- root/root      6780 2021-04-18 20:36 usr/lib64/python3.9/site-packages/scapy/contrib/igmp.py
-rw-r--r-- root/root      6498 2021-04-18 20:36 usr/lib64/python3.9/site-packages/scapy/contrib/igmpv3.py
-rw-r--r-- root/root     31563 2021-04-18 20:36 usr/lib64/python3.9/site-packages/scapy/contrib/ikev2.py
-rw-r--r-- root/root     37799 2021-04-18 20:36 usr/lib64/python3.9/site-packages/scapy/contrib/isis.py
-rw-r--r-- root/root     86565 2021-04-18 20:36 usr/lib64/python3.9/site-packages/scapy/contrib/isotp.py
-rw-r--r-- root/root      3379 2021-04-18 20:36 usr/lib64/python3.9/site-packages/scapy/contrib/lacp.py
-rw-r--r-- root/root     12353 2021-04-18 20:36 usr/lib64/python3.9/site-packages/scapy/contrib/ldp.py
-rw-r--r-- root/root     24968 2021-04-18 20:36 usr/lib64/python3.9/site-packages/scapy/contrib/lldp.py
-rw-r--r-- root/root     27605 2021-04-18 20:36 usr/lib64/python3.9/site-packages/scapy/contrib/loraphy2wan.py
-rw-r--r-- root/root      8268 2021-04-18 20:36 usr/lib64/python3.9/site-packages/scapy/contrib/ltp.py
-rw-r--r-- root/root      7758 2021-04-18 20:36 usr/lib64/python3.9/site-packages/scapy/contrib/mac_control.py
-rw-r--r-- root/root      9123 2021-04-18 20:36 usr/lib64/python3.9/site-packages/scapy/contrib/macsec.py
-rw-r--r-- root/root     35199 2021-04-18 20:36 usr/lib64/python3.9/site-packages/scapy/contrib/modbus.py
-rw-r--r-- root/root      3002 2021-04-18 20:36 usr/lib64/python3.9/site-packages/scapy/contrib/mount.py
-rw-r--r-- root/root      2462 2021-04-18 20:36 usr/lib64/python3.9/site-packages/scapy/contrib/mpls.py
-rw-r--r-- root/root      9554 2021-04-18 20:36 usr/lib64/python3.9/site-packages/scapy/contrib/mqtt.py
-rw-r--r-- root/root     12913 2021-04-18 20:36 usr/lib64/python3.9/site-packages/scapy/contrib/mqttsn.py
-rw-r--r-- root/root     30102 2021-04-18 20:36 usr/lib64/python3.9/site-packages/scapy/contrib/nfs.py
-rw-r--r-- root/root      7546 2021-04-18 20:36 usr/lib64/python3.9/site-packages/scapy/contrib/nlm.py
-rw-r--r-- root/root      3505 2021-04-18 20:36 usr/lib64/python3.9/site-packages/scapy/contrib/nsh.py
-rw-r--r-- root/root      6239 2021-04-18 20:36 usr/lib64/python3.9/site-packages/scapy/contrib/oncrpc.py
-rw-r--r-- root/root     37487 2021-04-18 20:36 usr/lib64/python3.9/site-packages/scapy/contrib/opc_da.py
-rw-r--r-- root/root     47720 2021-04-18 20:36 usr/lib64/python3.9/site-packages/scapy/contrib/openflow.py
-rw-r--r-- root/root    123538 2021-04-18 20:36 usr/lib64/python3.9/site-packages/scapy/contrib/openflow3.py
-rw-r--r-- root/root     30531 2021-04-18 20:36 usr/lib64/python3.9/site-packages/scapy/contrib/ospf.py
-rw-r--r-- root/root     78452 2021-04-18 20:36 usr/lib64/python3.9/site-packages/scapy/contrib/pfcp.py
-rw-r--r-- root/root      7804 2021-04-18 20:36 usr/lib64/python3.9/site-packages/scapy/contrib/pim.py
-rw-r--r-- root/root     12189 2021-04-18 20:36 usr/lib64/python3.9/site-packages/scapy/contrib/pnio.py
-rw-r--r-- root/root     19746 2021-04-18 20:36 usr/lib64/python3.9/site-packages/scapy/contrib/pnio_dcp.py
-rw-r--r-- root/root     34909 2021-04-18 20:36 usr/lib64/python3.9/site-packages/scapy/contrib/pnio_rpc.py
-rw-r--r-- root/root      2156 2021-04-18 20:36 usr/lib64/python3.9/site-packages/scapy/contrib/portmap.py
-rw-r--r-- root/root      2843 2021-04-18 20:36 usr/lib64/python3.9/site-packages/scapy/contrib/ppi_cace.py
-rw-r--r-- root/root     14859 2021-04-18 20:36 usr/lib64/python3.9/site-packages/scapy/contrib/ppi_geotag.py
-rw-r--r-- root/root      1488 2021-04-18 20:36 usr/lib64/python3.9/site-packages/scapy/contrib/ripng.py
-rw-r--r-- root/root      7219 2021-04-18 20:36 usr/lib64/python3.9/site-packages/scapy/contrib/roce.py
-rw-r--r-- root/root     11327 2021-04-18 20:36 usr/lib64/python3.9/site-packages/scapy/contrib/rpl.py
-rw-r--r-- root/root      7111 2021-04-18 20:36 usr/lib64/python3.9/site-packages/scapy/contrib/rpl_metrics.py
-rw-r--r-- root/root      7534 2021-04-18 20:36 usr/lib64/python3.9/site-packages/scapy/contrib/rsvp.py
-rw-r--r-- root/root     11112 2021-04-18 20:36 usr/lib64/python3.9/site-packages/scapy/contrib/rtr.py
drwxr-xr-x root/root         0 2021-11-05 10:21 usr/lib64/python3.9/site-packages/scapy/contrib/scada/
-rw-r--r-- root/root       388 2021-04-18 20:36 usr/lib64/python3.9/site-packages/scapy/contrib/scada/__init__.py
drwxr-xr-x root/root         0 2021-11-05 10:21 usr/lib64/python3.9/site-packages/scapy/contrib/scada/__pycache__/
-rw-r--r-- root/root       268 2021-11-05 10:21 usr/lib64/python3.9/site-packages/scapy/contrib/scada/__pycache__/__init__.cpython-39.pyc
-rw-r--r-- root/root      7565 2021-11-05 10:21 usr/lib64/python3.9/site-packages/scapy/contrib/scada/__pycache__/pcom.cpython-39.pyc
drwxr-xr-x root/root         0 2021-11-05 10:21 usr/lib64/python3.9/site-packages/scapy/contrib/scada/iec104/
-rw-r--r-- root/root     20864 2021-04-18 20:36 usr/lib64/python3.9/site-packages/scapy/contrib/scada/iec104/__init__.py
drwxr-xr-x root/root         0 2021-11-05 10:21 usr/lib64/python3.9/site-packages/scapy/contrib/scada/iec104/__pycache__/
-rw-r--r-- root/root     17134 2021-11-05 10:21 usr/lib64/python3.9/site-packages/scapy/contrib/scada/iec104/__pycache__/__init__.cpython-39.pyc
-rw-r--r-- root/root      5150 2021-11-05 10:21 usr/lib64/python3.9/site-packages/scapy/contrib/scada/iec104/__pycache__/iec104_fields.cpython-39.pyc
-rw-r--r-- root/root     33479 2021-11-05 10:21 usr/lib64/python3.9/site-packages/scapy/contrib/scada/iec104/__pycache__/iec104_information_elements.cpython-39.pyc
-rw-r--r-- root/root     61090 2021-11-05 10:21 usr/lib64/python3.9/site-packages/scapy/contrib/scada/iec104/__pycache__/iec104_information_objects.cpython-39.pyc
-rw-r--r-- root/root      3614 2021-04-18 20:36 usr/lib64/python3.9/site-packages/scapy/contrib/scada/iec104/iec104_fields.py
-rw-r--r-- root/root     44340 2021-04-18 20:36 usr/lib64/python3.9/site-packages/scapy/contrib/scada/iec104/iec104_information_elements.py
-rw-r--r-- root/root     74370 2021-04-18 20:36 usr/lib64/python3.9/site-packages/scapy/contrib/scada/iec104/iec104_information_objects.py
-rw-r--r-- root/root      7989 2021-04-18 20:36 usr/lib64/python3.9/site-packages/scapy/contrib/scada/pcom.py
-rw-r--r-- root/root      3121 2021-04-18 20:36 usr/lib64/python3.9/site-packages/scapy/contrib/sdnv.py
-rw-r--r-- root/root      4808 2021-04-18 20:36 usr/lib64/python3.9/site-packages/scapy/contrib/sebek.py
-rw-r--r-- root/root      3923 2021-04-18 20:36 usr/lib64/python3.9/site-packages/scapy/contrib/send.py
-rw-r--r-- root/root     18896 2021-04-18 20:36 usr/lib64/python3.9/site-packages/scapy/contrib/skinny.py
-rw-r--r-- root/root      5458 2021-04-18 20:36 usr/lib64/python3.9/site-packages/scapy/contrib/socks.py
-rw-r--r-- root/root      2442 2021-04-18 20:36 usr/lib64/python3.9/site-packages/scapy/contrib/spbm.py
-rw-r--r-- root/root     15553 2021-04-18 20:36 usr/lib64/python3.9/site-packages/scapy/contrib/tacacs.py
-rw-r--r-- root/root     14408 2021-04-18 20:36 usr/lib64/python3.9/site-packages/scapy/contrib/tzsp.py
-rw-r--r-- root/root      4314 2021-04-18 20:36 usr/lib64/python3.9/site-packages/scapy/contrib/ubberlogger.py
-rw-r--r-- root/root      2689 2021-04-18 20:36 usr/lib64/python3.9/site-packages/scapy/contrib/vqp.py
-rw-r--r-- root/root      6574 2021-04-18 20:36 usr/lib64/python3.9/site-packages/scapy/contrib/vtp.py
-rw-r--r-- root/root      3007 2021-04-18 20:36 usr/lib64/python3.9/site-packages/scapy/contrib/wireguard.py
-rw-r--r-- root/root      1902 2021-04-18 20:36 usr/lib64/python3.9/site-packages/scapy/contrib/wpa_eapol.py
-rw-r--r-- root/root      4042 2021-04-18 20:36 usr/lib64/python3.9/site-packages/scapy/dadict.py
-rw-r--r-- root/root     15745 2021-04-18 20:36 usr/lib64/python3.9/site-packages/scapy/data.py
-rw-r--r-- root/root      4006 2021-04-18 20:36 usr/lib64/python3.9/site-packages/scapy/error.py
-rw-r--r-- root/root      1884 2021-04-18 20:36 usr/lib64/python3.9/site-packages/scapy/extlib.py
-rw-r--r-- root/root    120638 2021-04-18 20:36 usr/lib64/python3.9/site-packages/scapy/fields.py
-rw-r--r-- root/root     13443 2021-04-18 20:36 usr/lib64/python3.9/site-packages/scapy/interfaces.py
drwxr-xr-x root/root         0 2021-11-05 10:21 usr/lib64/python3.9/site-packages/scapy/layers/
-rw-r--r-- root/root       217 2021-04-18 20:36 usr/lib64/python3.9/site-packages/scapy/layers/__init__.py
drwxr-xr-x root/root         0 2021-11-05 10:21 usr/lib64/python3.9/site-packages/scapy/layers/__pycache__/
-rw-r--r-- root/root       178 2021-11-05 10:21 usr/lib64/python3.9/site-packages/scapy/layers/__pycache__/__init__.cpython-39.pyc
-rw-r--r-- root/root       872 2021-11-05 10:21 usr/lib64/python3.9/site-packages/scapy/layers/__pycache__/all.cpython-39.pyc
-rw-r--r-- root/root     54816 2021-11-05 10:21 usr/lib64/python3.9/site-packages/scapy/layers/__pycache__/bluetooth.cpython-39.pyc
-rw-r--r-- root/root     17564 2021-11-05 10:21 usr/lib64/python3.9/site-packages/scapy/layers/__pycache__/bluetooth4LE.cpython-39.pyc
-rw-r--r-- root/root     15881 2021-11-05 10:21 usr/lib64/python3.9/site-packages/scapy/layers/__pycache__/can.cpython-39.pyc
-rw-r--r-- root/root      2580 2021-11-05 10:21 usr/lib64/python3.9/site-packages/scapy/layers/__pycache__/clns.cpython-39.pyc
-rw-r--r-- root/root     14867 2021-11-05 10:21 usr/lib64/python3.9/site-packages/scapy/layers/__pycache__/dhcp.cpython-39.pyc
-rw-r--r-- root/root     51778 2021-11-05 10:21 usr/lib64/python3.9/site-packages/scapy/layers/__pycache__/dhcp6.cpython-39.pyc
-rw-r--r-- root/root     30373 2021-11-05 10:21 usr/lib64/python3.9/site-packages/scapy/layers/__pycache__/dns.cpython-39.pyc
-rw-r--r-- root/root     50120 2021-11-05 10:21 usr/lib64/python3.9/site-packages/scapy/layers/__pycache__/dot11.cpython-39.pyc
-rw-r--r-- root/root     15855 2021-11-05 10:21 usr/lib64/python3.9/site-packages/scapy/layers/__pycache__/dot15d4.cpython-39.pyc
-rw-r--r-- root/root     19563 2021-11-05 10:21 usr/lib64/python3.9/site-packages/scapy/layers/__pycache__/eap.cpython-39.pyc
-rw-r--r-- root/root       635 2021-11-05 10:21 usr/lib64/python3.9/site-packages/scapy/layers/__pycache__/gprs.cpython-39.pyc
-rw-r--r-- root/root      2351 2021-11-05 10:21 usr/lib64/python3.9/site-packages/scapy/layers/__pycache__/hsrp.cpython-39.pyc
-rw-r--r-- root/root     17069 2021-11-05 10:21 usr/lib64/python3.9/site-packages/scapy/layers/__pycache__/http.cpython-39.pyc
-rw-r--r-- root/root     64110 2021-11-05 10:21 usr/lib64/python3.9/site-packages/scapy/layers/__pycache__/inet.cpython-39.pyc
-rw-r--r-- root/root    123765 2021-11-05 10:21 usr/lib64/python3.9/site-packages/scapy/layers/__pycache__/inet6.cpython-39.pyc
-rw-r--r-- root/root     27494 2021-11-05 10:21 usr/lib64/python3.9/site-packages/scapy/layers/__pycache__/ipsec.cpython-39.pyc
-rw-r--r-- root/root      1582 2021-11-05 10:21 usr/lib64/python3.9/site-packages/scapy/layers/__pycache__/ir.cpython-39.pyc
-rw-r--r-- root/root     10859 2021-11-05 10:21 usr/lib64/python3.9/site-packages/scapy/layers/__pycache__/isakmp.cpython-39.pyc
-rw-r--r-- root/root     26721 2021-11-05 10:21 usr/lib64/python3.9/site-packages/scapy/layers/__pycache__/l2.cpython-39.pyc
-rw-r--r-- root/root      1873 2021-11-05 10:21 usr/lib64/python3.9/site-packages/scapy/layers/__pycache__/l2tp.cpython-39.pyc
-rw-r--r-- root/root      2477 2021-11-05 10:21 usr/lib64/python3.9/site-packages/scapy/layers/__pycache__/llmnr.cpython-39.pyc
-rw-r--r-- root/root     23683 2021-11-05 10:21 usr/lib64/python3.9/site-packages/scapy/layers/__pycache__/lltd.cpython-39.pyc
-rw-r--r-- root/root       994 2021-11-05 10:21 usr/lib64/python3.9/site-packages/scapy/layers/__pycache__/mgcp.cpython-39.pyc
-rw-r--r-- root/root      1834 2021-11-05 10:21 usr/lib64/python3.9/site-packages/scapy/layers/__pycache__/mobileip.cpython-39.pyc
-rw-r--r-- root/root      7091 2021-11-05 10:21 usr/lib64/python3.9/site-packages/scapy/layers/__pycache__/netbios.cpython-39.pyc
-rw-r--r-- root/root     49971 2021-11-05 10:21 usr/lib64/python3.9/site-packages/scapy/layers/__pycache__/netflow.cpython-39.pyc
-rw-r--r-- root/root     37696 2021-11-05 10:21 usr/lib64/python3.9/site-packages/scapy/layers/__pycache__/ntp.cpython-39.pyc
-rw-r--r-- root/root      2057 2021-11-05 10:21 usr/lib64/python3.9/site-packages/scapy/layers/__pycache__/pflog.cpython-39.pyc
-rw-r--r-- root/root      2981 2021-11-05 10:21 usr/lib64/python3.9/site-packages/scapy/layers/__pycache__/ppi.cpython-39.pyc
-rw-r--r-- root/root     32213 2021-11-05 10:21 usr/lib64/python3.9/site-packages/scapy/layers/__pycache__/ppp.cpython-39.pyc
-rw-r--r-- root/root     11857 2021-11-05 10:21 usr/lib64/python3.9/site-packages/scapy/layers/__pycache__/pptp.cpython-39.pyc
-rw-r--r-- root/root     32118 2021-11-05 10:21 usr/lib64/python3.9/site-packages/scapy/layers/__pycache__/radius.cpython-39.pyc
-rw-r--r-- root/root      3212 2021-11-05 10:21 usr/lib64/python3.9/site-packages/scapy/layers/__pycache__/rip.cpython-39.pyc
-rw-r--r-- root/root      1927 2021-11-05 10:21 usr/lib64/python3.9/site-packages/scapy/layers/__pycache__/rtp.cpython-39.pyc
-rw-r--r-- root/root     23553 2021-11-05 10:21 usr/lib64/python3.9/site-packages/scapy/layers/__pycache__/sctp.cpython-39.pyc
-rw-r--r-- root/root     28646 2021-11-05 10:21 usr/lib64/python3.9/site-packages/scapy/layers/__pycache__/sixlowpan.cpython-39.pyc
-rw-r--r-- root/root      5093 2021-11-05 10:21 usr/lib64/python3.9/site-packages/scapy/layers/__pycache__/skinny.cpython-39.pyc
-rw-r--r-- root/root     11003 2021-11-05 10:21 usr/lib64/python3.9/site-packages/scapy/layers/__pycache__/smb.cpython-39.pyc
-rw-r--r-- root/root      7880 2021-11-05 10:21 usr/lib64/python3.9/site-packages/scapy/layers/__pycache__/smb2.cpython-39.pyc
-rw-r--r-- root/root      9709 2021-11-05 10:21 usr/lib64/python3.9/site-packages/scapy/layers/__pycache__/snmp.cpython-39.pyc
-rw-r--r-- root/root     17661 2021-11-05 10:21 usr/lib64/python3.9/site-packages/scapy/layers/__pycache__/tftp.cpython-39.pyc
-rw-r--r-- root/root      6648 2021-11-05 10:21 usr/lib64/python3.9/site-packages/scapy/layers/__pycache__/tuntap.cpython-39.pyc
-rw-r--r-- root/root      9390 2021-11-05 10:21 usr/lib64/python3.9/site-packages/scapy/layers/__pycache__/usb.cpython-39.pyc
-rw-r--r-- root/root      3441 2021-11-05 10:21 usr/lib64/python3.9/site-packages/scapy/layers/__pycache__/vrrp.cpython-39.pyc
-rw-r--r-- root/root      2769 2021-11-05 10:21 usr/lib64/python3.9/site-packages/scapy/layers/__pycache__/vxlan.cpython-39.pyc
-rw-r--r-- root/root     38505 2021-11-05 10:21 usr/lib64/python3.9/site-packages/scapy/layers/__pycache__/x509.cpython-39.pyc
-rw-r--r-- root/root     35217 2021-11-05 10:21 usr/lib64/python3.9/site-packages/scapy/layers/__pycache__/zigbee.cpython-39.pyc
-rw-r--r-- root/root       899 2021-04-18 20:36 usr/lib64/python3.9/site-packages/scapy/layers/all.py
-rw-r--r-- root/root     53851 2021-04-18 20:36 usr/lib64/python3.9/site-packages/scapy/layers/bluetooth.py
-rw-r--r-- root/root     17529 2021-04-18 20:36 usr/lib64/python3.9/site-packages/scapy/layers/bluetooth4LE.py
-rw-r--r-- root/root     18378 2021-04-18 20:36 usr/lib64/python3.9/site-packages/scapy/layers/can.py
-rw-r--r-- root/root      2409 2021-04-18 20:36 usr/lib64/python3.9/site-packages/scapy/layers/clns.py
-rw-r--r-- root/root     16296 2021-04-18 20:36 usr/lib64/python3.9/site-packages/scapy/layers/dhcp.py
-rw-r--r-- root/root     75355 2021-04-18 20:36 usr/lib64/python3.9/site-packages/scapy/layers/dhcp6.py
-rw-r--r-- root/root     36581 2021-04-18 20:36 usr/lib64/python3.9/site-packages/scapy/layers/dns.py
-rw-r--r-- root/root     58506 2021-04-18 20:36 usr/lib64/python3.9/site-packages/scapy/layers/dot11.py
-rw-r--r-- root/root     21351 2021-04-18 20:36 usr/lib64/python3.9/site-packages/scapy/layers/dot15d4.py
-rw-r--r-- root/root     22775 2021-04-18 20:36 usr/lib64/python3.9/site-packages/scapy/layers/eap.py
-rw-r--r-- root/root       536 2021-04-18 20:36 usr/lib64/python3.9/site-packages/scapy/layers/gprs.py
-rw-r--r-- root/root      3766 2021-04-18 20:36 usr/lib64/python3.9/site-packages/scapy/layers/hsrp.py
-rw-r--r-- root/root     24474 2021-04-18 20:36 usr/lib64/python3.9/site-packages/scapy/layers/http.py
-rw-r--r-- root/root     74209 2021-04-18 20:36 usr/lib64/python3.9/site-packages/scapy/layers/inet.py
-rw-r--r-- root/root    155057 2021-04-18 20:36 usr/lib64/python3.9/site-packages/scapy/layers/inet6.py
-rw-r--r-- root/root     43622 2021-04-18 20:36 usr/lib64/python3.9/site-packages/scapy/layers/ipsec.py
-rw-r--r-- root/root      1499 2021-04-18 20:36 usr/lib64/python3.9/site-packages/scapy/layers/ir.py
-rw-r--r-- root/root     14521 2021-04-18 20:36 usr/lib64/python3.9/site-packages/scapy/layers/isakmp.py
-rw-r--r-- root/root     30713 2021-04-18 20:36 usr/lib64/python3.9/site-packages/scapy/layers/l2.py
-rw-r--r-- root/root      1796 2021-04-18 20:36 usr/lib64/python3.9/site-packages/scapy/layers/l2tp.py
-rw-r--r-- root/root      2505 2021-04-18 20:36 usr/lib64/python3.9/site-packages/scapy/layers/llmnr.py
-rw-r--r-- root/root     26139 2021-04-18 20:36 usr/lib64/python3.9/site-packages/scapy/layers/lltd.py
-rw-r--r-- root/root      1712 2021-04-18 20:36 usr/lib64/python3.9/site-packages/scapy/layers/mgcp.py
-rw-r--r-- root/root      1704 2021-04-18 20:36 usr/lib64/python3.9/site-packages/scapy/layers/mobileip.py
-rw-r--r-- root/root     11074 2021-04-18 20:36 usr/lib64/python3.9/site-packages/scapy/layers/netbios.py
-rw-r--r-- root/root     60895 2021-04-18 20:36 usr/lib64/python3.9/site-packages/scapy/layers/netflow.py
-rw-r--r-- root/root     56203 2021-04-18 20:36 usr/lib64/python3.9/site-packages/scapy/layers/ntp.py
-rw-r--r-- root/root      3043 2021-04-18 20:36 usr/lib64/python3.9/site-packages/scapy/layers/pflog.py
-rw-r--r-- root/root      3018 2021-04-18 20:36 usr/lib64/python3.9/site-packages/scapy/layers/ppi.py
-rw-r--r-- root/root     30474 2021-04-18 20:36 usr/lib64/python3.9/site-packages/scapy/layers/ppp.py
-rw-r--r-- root/root     16381 2021-04-18 20:36 usr/lib64/python3.9/site-packages/scapy/layers/pptp.py
-rw-r--r-- root/root     30112 2021-04-18 20:36 usr/lib64/python3.9/site-packages/scapy/layers/radius.py
-rw-r--r-- root/root      2873 2021-04-18 20:36 usr/lib64/python3.9/site-packages/scapy/layers/rip.py
-rw-r--r-- root/root      1896 2021-04-18 20:36 usr/lib64/python3.9/site-packages/scapy/layers/rtp.py
-rw-r--r-- root/root     25582 2021-04-18 20:36 usr/lib64/python3.9/site-packages/scapy/layers/sctp.py
-rw-r--r-- root/root     39103 2021-04-18 20:36 usr/lib64/python3.9/site-packages/scapy/layers/sixlowpan.py
-rw-r--r-- root/root      5814 2021-04-18 20:36 usr/lib64/python3.9/site-packages/scapy/layers/skinny.py
-rw-r--r-- root/root     19531 2021-04-18 20:36 usr/lib64/python3.9/site-packages/scapy/layers/smb.py
-rw-r--r-- root/root      9683 2021-04-18 20:36 usr/lib64/python3.9/site-packages/scapy/layers/smb2.py
-rw-r--r-- root/root      9504 2021-04-18 20:36 usr/lib64/python3.9/site-packages/scapy/layers/snmp.py
-rw-r--r-- root/root     15011 2021-04-18 20:36 usr/lib64/python3.9/site-packages/scapy/layers/tftp.py
drwxr-xr-x root/root         0 2021-11-05 10:21 usr/lib64/python3.9/site-packages/scapy/layers/tls/
-rw-r--r-- root/root      3496 2021-04-18 20:36 usr/lib64/python3.9/site-packages/scapy/layers/tls/__init__.py
drwxr-xr-x root/root         0 2021-11-05 10:21 usr/lib64/python3.9/site-packages/scapy/layers/tls/__pycache__/
-rw-r--r-- root/root      3382 2021-11-05 10:21 usr/lib64/python3.9/site-packages/scapy/layers/tls/__pycache__/__init__.cpython-39.pyc
-rw-r--r-- root/root       738 2021-11-05 10:21 usr/lib64/python3.9/site-packages/scapy/layers/tls/__pycache__/all.cpython-39.pyc
-rw-r--r-- root/root      8013 2021-11-05 10:21 usr/lib64/python3.9/site-packages/scapy/layers/tls/__pycache__/automaton.cpython-39.pyc
-rw-r--r-- root/root     50170 2021-11-05 10:21 usr/lib64/python3.9/site-packages/scapy/layers/tls/__pycache__/automaton_cli.cpython-39.pyc
-rw-r--r-- root/root     49244 2021-11-05 10:21 usr/lib64/python3.9/site-packages/scapy/layers/tls/__pycache__/automaton_srv.cpython-39.pyc
-rw-r--r-- root/root      8595 2021-11-05 10:21 usr/lib64/python3.9/site-packages/scapy/layers/tls/__pycache__/basefields.cpython-39.pyc
-rw-r--r-- root/root     30203 2021-11-05 10:21 usr/lib64/python3.9/site-packages/scapy/layers/tls/__pycache__/cert.cpython-39.pyc
-rw-r--r-- root/root     29551 2021-11-05 10:21 usr/lib64/python3.9/site-packages/scapy/layers/tls/__pycache__/extensions.cpython-39.pyc
-rw-r--r-- root/root     53095 2021-11-05 10:21 usr/lib64/python3.9/site-packages/scapy/layers/tls/__pycache__/handshake.cpython-39.pyc
-rw-r--r-- root/root     17855 2021-11-05 10:21 usr/lib64/python3.9/site-packages/scapy/layers/tls/__pycache__/handshake_sslv2.cpython-39.pyc
-rw-r--r-- root/root     32562 2021-11-05 10:21 usr/lib64/python3.9/site-packages/scapy/layers/tls/__pycache__/keyexchange.cpython-39.pyc
-rw-r--r-- root/root      9578 2021-11-05 10:21 usr/lib64/python3.9/site-packages/scapy/layers/tls/__pycache__/keyexchange_tls13.cpython-39.pyc
-rw-r--r-- root/root     25112 2021-11-05 10:21 usr/lib64/python3.9/site-packages/scapy/layers/tls/__pycache__/record.cpython-39.pyc
-rw-r--r-- root/root      6474 2021-11-05 10:21 usr/lib64/python3.9/site-packages/scapy/layers/tls/__pycache__/record_sslv2.cpython-39.pyc
-rw-r--r-- root/root      7499 2021-11-05 10:21 usr/lib64/python3.9/site-packages/scapy/layers/tls/__pycache__/record_tls13.cpython-39.pyc
-rw-r--r-- root/root     28873 2021-11-05 10:21 usr/lib64/python3.9/site-packages/scapy/layers/tls/__pycache__/session.cpython-39.pyc
-rw-r--r-- root/root      7327 2021-11-05 10:21 usr/lib64/python3.9/site-packages/scapy/layers/tls/__pycache__/tools.cpython-39.pyc
-rw-r--r-- root/root       972 2021-04-18 20:36 usr/lib64/python3.9/site-packages/scapy/layers/tls/all.py
-rw-r--r-- root/root     10711 2021-04-18 20:36 usr/lib64/python3.9/site-packages/scapy/layers/tls/automaton.py
-rw-r--r-- root/root     52942 2021-04-18 20:36 usr/lib64/python3.9/site-packages/scapy/layers/tls/automaton_cli.py
-rw-r--r-- root/root     53183 2021-04-18 20:36 usr/lib64/python3.9/site-packages/scapy/layers/tls/automaton_srv.py
-rw-r--r-- root/root      8397 2021-04-18 20:36 usr/lib64/python3.9/site-packages/scapy/layers/tls/basefields.py
-rw-r--r-- root/root     37694 2021-04-18 20:36 usr/lib64/python3.9/site-packages/scapy/layers/tls/cert.py
drwxr-xr-x root/root         0 2021-11-05 10:21 usr/lib64/python3.9/site-packages/scapy/layers/tls/crypto/
-rw-r--r-- root/root       218 2021-04-18 20:36 usr/lib64/python3.9/site-packages/scapy/layers/tls/crypto/__init__.py
drwxr-xr-x root/root         0 2021-11-05 10:21 usr/lib64/python3.9/site-packages/scapy/layers/tls/crypto/__pycache__/
-rw-r--r-- root/root       210 2021-11-05 10:21 usr/lib64/python3.9/site-packages/scapy/layers/tls/crypto/__pycache__/__init__.cpython-39.pyc
-rw-r--r-- root/root       256 2021-11-05 10:21 usr/lib64/python3.9/site-packages/scapy/layers/tls/crypto/__pycache__/all.cpython-39.pyc
-rw-r--r-- root/root     13327 2021-11-05 10:21 usr/lib64/python3.9/site-packages/scapy/layers/tls/crypto/__pycache__/cipher_aead.cpython-39.pyc
-rw-r--r-- root/root      7079 2021-11-05 10:21 usr/lib64/python3.9/site-packages/scapy/layers/tls/crypto/__pycache__/cipher_block.cpython-39.pyc
-rw-r--r-- root/root      4588 2021-11-05 10:21 usr/lib64/python3.9/site-packages/scapy/layers/tls/crypto/__pycache__/cipher_stream.cpython-39.pyc
-rw-r--r-- root/root       508 2021-11-05 10:21 usr/lib64/python3.9/site-packages/scapy/layers/tls/crypto/__pycache__/ciphers.cpython-39.pyc
-rw-r--r-- root/root       427 2021-11-05 10:21 usr/lib64/python3.9/site-packages/scapy/layers/tls/crypto/__pycache__/common.cpython-39.pyc
-rw-r--r-- root/root      3021 2021-11-05 10:21 usr/lib64/python3.9/site-packages/scapy/layers/tls/crypto/__pycache__/compression.cpython-39.pyc
-rw-r--r-- root/root     22157 2021-11-05 10:21 usr/lib64/python3.9/site-packages/scapy/layers/tls/crypto/__pycache__/groups.cpython-39.pyc
-rw-r--r-- root/root      4011 2021-11-05 10:21 usr/lib64/python3.9/site-packages/scapy/layers/tls/crypto/__pycache__/h_mac.cpython-39.pyc
-rw-r--r-- root/root      2678 2021-11-05 10:21 usr/lib64/python3.9/site-packages/scapy/layers/tls/crypto/__pycache__/hash.cpython-39.pyc
-rw-r--r-- root/root      2379 2021-11-05 10:21 usr/lib64/python3.9/site-packages/scapy/layers/tls/crypto/__pycache__/hkdf.cpython-39.pyc
-rw-r--r-- root/root      4871 2021-11-05 10:21 usr/lib64/python3.9/site-packages/scapy/layers/tls/crypto/__pycache__/kx_algs.cpython-39.pyc
-rw-r--r-- root/root      6676 2021-11-05 10:21 usr/lib64/python3.9/site-packages/scapy/layers/tls/crypto/__pycache__/pkcs1.cpython-39.pyc
-rw-r--r-- root/root     10433 2021-11-05 10:21 usr/lib64/python3.9/site-packages/scapy/layers/tls/crypto/__pycache__/prf.cpython-39.pyc
-rw-r--r-- root/root     51286 2021-11-05 10:21 usr/lib64/python3.9/site-packages/scapy/layers/tls/crypto/__pycache__/suites.cpython-39.pyc
-rw-r--r-- root/root       277 2021-04-18 20:36 usr/lib64/python3.9/site-packages/scapy/layers/tls/crypto/all.py
-rw-r--r-- root/root     15997 2021-04-18 20:36 usr/lib64/python3.9/site-packages/scapy/layers/tls/crypto/cipher_aead.py
-rw-r--r-- root/root      7274 2021-04-18 20:36 usr/lib64/python3.9/site-packages/scapy/layers/tls/crypto/cipher_block.py
-rw-r--r-- root/root      4400 2021-04-18 20:36 usr/lib64/python3.9/site-packages/scapy/layers/tls/crypto/cipher_stream.py
-rw-r--r-- root/root       616 2021-04-18 20:36 usr/lib64/python3.9/site-packages/scapy/layers/tls/crypto/ciphers.py
-rw-r--r-- root/root       261 2021-04-18 20:36 usr/lib64/python3.9/site-packages/scapy/layers/tls/crypto/common.py
-rw-r--r-- root/root      2131 2021-04-18 20:36 usr/lib64/python3.9/site-packages/scapy/layers/tls/crypto/compression.py
-rw-r--r-- root/root     34902 2021-04-18 20:36 usr/lib64/python3.9/site-packages/scapy/layers/tls/crypto/groups.py
-rw-r--r-- root/root      2991 2021-04-18 20:36 usr/lib64/python3.9/site-packages/scapy/layers/tls/crypto/h_mac.py
-rw-r--r-- root/root      1647 2021-04-18 20:36 usr/lib64/python3.9/site-packages/scapy/layers/tls/crypto/hash.py
-rw-r--r-- root/root      2097 2021-04-18 20:36 usr/lib64/python3.9/site-packages/scapy/layers/tls/crypto/hkdf.py
-rw-r--r-- root/root      6105 2021-04-18 20:36 usr/lib64/python3.9/site-packages/scapy/layers/tls/crypto/kx_algs.py
-rw-r--r-- root/root      7730 2021-04-18 20:36 usr/lib64/python3.9/site-packages/scapy/layers/tls/crypto/pkcs1.py
-rw-r--r-- root/root     12924 2021-04-18 20:36 usr/lib64/python3.9/site-packages/scapy/layers/tls/crypto/prf.py
-rw-r--r-- root/root     30036 2021-04-18 20:36 usr/lib64/python3.9/site-packages/scapy/layers/tls/crypto/suites.py
-rw-r--r-- root/root     34154 2021-04-18 20:36 usr/lib64/python3.9/site-packages/scapy/layers/tls/extensions.py
-rw-r--r-- root/root     72048 2021-04-18 20:36 usr/lib64/python3.9/site-packages/scapy/layers/tls/handshake.py
-rw-r--r-- root/root     22401 2021-04-18 20:36 usr/lib64/python3.9/site-packages/scapy/layers/tls/handshake_sslv2.py
-rw-r--r-- root/root     36661 2021-04-18 20:36 usr/lib64/python3.9/site-packages/scapy/layers/tls/keyexchange.py
-rw-r--r-- root/root     11341 2021-04-18 20:36 usr/lib64/python3.9/site-packages/scapy/layers/tls/keyexchange_tls13.py
-rw-r--r-- root/root     34333 2021-04-18 20:36 usr/lib64/python3.9/site-packages/scapy/layers/tls/record.py
-rw-r--r-- root/root      9246 2021-04-18 20:36 usr/lib64/python3.9/site-packages/scapy/layers/tls/record_sslv2.py
-rw-r--r-- root/root      8664 2021-04-18 20:36 usr/lib64/python3.9/site-packages/scapy/layers/tls/record_tls13.py
-rw-r--r-- root/root     44653 2021-04-18 20:36 usr/lib64/python3.9/site-packages/scapy/layers/tls/session.py
-rw-r--r-- root/root      7143 2021-04-18 20:36 usr/lib64/python3.9/site-packages/scapy/layers/tls/tools.py
-rw-r--r-- root/root      8594 2021-04-18 20:36 usr/lib64/python3.9/site-packages/scapy/layers/tuntap.py
-rw-r--r-- root/root      9864 2021-04-18 20:36 usr/lib64/python3.9/site-packages/scapy/layers/usb.py
-rw-r--r-- root/root      3709 2021-04-18 20:36 usr/lib64/python3.9/site-packages/scapy/layers/vrrp.py
-rw-r--r-- root/root      3347 2021-04-18 20:36 usr/lib64/python3.9/site-packages/scapy/layers/vxlan.py
-rw-r--r-- root/root     49121 2021-04-18 20:36 usr/lib64/python3.9/site-packages/scapy/layers/x509.py
-rw-r--r-- root/root     47477 2021-04-18 20:36 usr/lib64/python3.9/site-packages/scapy/layers/zigbee.py
drwxr-xr-x root/root         0 2021-11-05 10:21 usr/lib64/python3.9/site-packages/scapy/libs/
-rw-r--r-- root/root       169 2021-04-18 20:36 usr/lib64/python3.9/site-packages/scapy/libs/__init__.py
drwxr-xr-x root/root         0 2021-11-05 10:21 usr/lib64/python3.9/site-packages/scapy/libs/__pycache__/
-rw-r--r-- root/root       178 2021-11-05 10:21 usr/lib64/python3.9/site-packages/scapy/libs/__pycache__/__init__.cpython-39.pyc
-rw-r--r-- root/root      8400 2021-11-05 10:21 usr/lib64/python3.9/site-packages/scapy/libs/__pycache__/ethertypes.cpython-39.pyc
-rw-r--r-- root/root      1053 2021-11-05 10:21 usr/lib64/python3.9/site-packages/scapy/libs/__pycache__/structures.cpython-39.pyc
-rw-r--r-- root/root      9567 2021-11-05 10:21 usr/lib64/python3.9/site-packages/scapy/libs/__pycache__/winpcapy.cpython-39.pyc
-rw-r--r-- root/root      8463 2021-04-18 20:36 usr/lib64/python3.9/site-packages/scapy/libs/ethertypes.py
-rw-r--r-- root/root       801 2021-04-18 20:36 usr/lib64/python3.9/site-packages/scapy/libs/structures.py
-rw-r--r-- root/root     31519 2021-04-18 20:36 usr/lib64/python3.9/site-packages/scapy/libs/winpcapy.py
-rw-r--r-- root/root     23735 2021-04-18 20:36 usr/lib64/python3.9/site-packages/scapy/main.py
drwxr-xr-x root/root         0 2021-11-05 10:21 usr/lib64/python3.9/site-packages/scapy/modules/
-rw-r--r-- root/root       266 2021-04-18 20:36 usr/lib64/python3.9/site-packages/scapy/modules/__init__.py
drwxr-xr-x root/root         0 2021-11-05 10:21 usr/lib64/python3.9/site-packages/scapy/modules/__pycache__/
-rw-r--r-- root/root       228 2021-11-05 10:21 usr/lib64/python3.9/site-packages/scapy/modules/__pycache__/__init__.cpython-39.pyc
-rw-r--r-- root/root      7120 2021-11-05 10:21 usr/lib64/python3.9/site-packages/scapy/modules/__pycache__/nmap.cpython-39.pyc
-rw-r--r-- root/root     13286 2021-11-05 10:21 usr/lib64/python3.9/site-packages/scapy/modules/__pycache__/p0f.cpython-39.pyc
-rw-r--r-- root/root     24907 2021-11-05 10:21 usr/lib64/python3.9/site-packages/scapy/modules/__pycache__/six.cpython-39.pyc
-rw-r--r-- root/root      4444 2021-11-05 10:21 usr/lib64/python3.9/site-packages/scapy/modules/__pycache__/voip.cpython-39.pyc
drwxr-xr-x root/root         0 2021-11-05 10:21 usr/lib64/python3.9/site-packages/scapy/modules/krack/
-rw-r--r-- root/root      1269 2021-04-18 20:36 usr/lib64/python3.9/site-packages/scapy/modules/krack/__init__.py
drwxr-xr-x root/root         0 2021-11-05 10:21 usr/lib64/python3.9/site-packages/scapy/modules/krack/__pycache__/
-rw-r--r-- root/root      1411 2021-11-05 10:21 usr/lib64/python3.9/site-packages/scapy/modules/krack/__pycache__/__init__.cpython-39.pyc
-rw-r--r-- root/root     23088 2021-11-05 10:21 usr/lib64/python3.9/site-packages/scapy/modules/krack/__pycache__/automaton.cpython-39.pyc
-rw-r--r-- root/root     11187 2021-11-05 10:21 usr/lib64/python3.9/site-packages/scapy/modules/krack/__pycache__/crypto.cpython-39.pyc
-rw-r--r-- root/root     30957 2021-04-18 20:36 usr/lib64/python3.9/site-packages/scapy/modules/krack/automaton.py
-rw-r--r-- root/root     13183 2021-04-18 20:36 usr/lib64/python3.9/site-packages/scapy/modules/krack/crypto.py
-rw-r--r-- root/root      6779 2021-04-18 20:36 usr/lib64/python3.9/site-packages/scapy/modules/nmap.py
-rw-r--r-- root/root     21361 2021-04-18 20:36 usr/lib64/python3.9/site-packages/scapy/modules/p0f.py
-rw-r--r-- root/root     31324 2021-04-18 20:36 usr/lib64/python3.9/site-packages/scapy/modules/six.py
-rw-r--r-- root/root      4631 2021-04-18 20:36 usr/lib64/python3.9/site-packages/scapy/modules/voip.py
-rw-r--r-- root/root     93774 2021-04-18 20:36 usr/lib64/python3.9/site-packages/scapy/packet.py
-rw-r--r-- root/root     21319 2021-04-18 20:36 usr/lib64/python3.9/site-packages/scapy/pipetool.py
-rw-r--r-- root/root     31226 2021-04-18 20:36 usr/lib64/python3.9/site-packages/scapy/plist.py
-rw-r--r-- root/root      4676 2021-04-18 20:36 usr/lib64/python3.9/site-packages/scapy/pton_ntop.py
-rw-r--r-- root/root      7352 2021-04-18 20:36 usr/lib64/python3.9/site-packages/scapy/route.py
-rw-r--r-- root/root     13642 2021-04-18 20:36 usr/lib64/python3.9/site-packages/scapy/route6.py
-rw-r--r-- root/root     16939 2021-04-18 20:36 usr/lib64/python3.9/site-packages/scapy/scapypipes.py
-rw-r--r-- root/root     49417 2021-04-18 20:36 usr/lib64/python3.9/site-packages/scapy/sendrecv.py
-rw-r--r-- root/root     11984 2021-04-18 20:36 usr/lib64/python3.9/site-packages/scapy/sessions.py
-rw-r--r-- root/root     18271 2021-04-18 20:36 usr/lib64/python3.9/site-packages/scapy/supersocket.py
-rw-r--r-- root/root     14932 2021-04-18 20:36 usr/lib64/python3.9/site-packages/scapy/themes.py
drwxr-xr-x root/root         0 2021-11-05 10:21 usr/lib64/python3.9/site-packages/scapy/tools/
-rw-r--r-- root/root     39183 2021-04-18 20:36 usr/lib64/python3.9/site-packages/scapy/tools/UTscapy.py
-rw-r--r-- root/root       240 2021-04-18 20:36 usr/lib64/python3.9/site-packages/scapy/tools/__init__.py
drwxr-xr-x root/root         0 2021-11-05 10:21 usr/lib64/python3.9/site-packages/scapy/tools/__pycache__/
-rw-r--r-- root/root     33602 2021-11-05 10:21 usr/lib64/python3.9/site-packages/scapy/tools/__pycache__/UTscapy.cpython-39.pyc
-rw-r--r-- root/root       200 2021-11-05 10:21 usr/lib64/python3.9/site-packages/scapy/tools/__pycache__/__init__.cpython-39.pyc
-rw-r--r-- root/root      2388 2021-11-05 10:21 usr/lib64/python3.9/site-packages/scapy/tools/__pycache__/check_asdis.cpython-39.pyc
-rw-r--r-- root/root      1734 2021-11-05 10:21 usr/lib64/python3.9/site-packages/scapy/tools/__pycache__/generate_ethertypes.cpython-39.pyc
-rw-r--r-- root/root       533 2021-11-05 10:21 usr/lib64/python3.9/site-packages/scapy/tools/__pycache__/scapy_pyannotate.cpython-39.pyc
drwxr-xr-x root/root         0 2021-11-05 10:21 usr/lib64/python3.9/site-packages/scapy/tools/automotive/
-rw-r--r-- root/root       241 2021-04-18 20:36 usr/lib64/python3.9/site-packages/scapy/tools/automotive/__init__.py
drwxr-xr-x root/root         0 2021-11-05 10:21 usr/lib64/python3.9/site-packages/scapy/tools/automotive/__pycache__/
-rw-r--r-- root/root       219 2021-11-05 10:21 usr/lib64/python3.9/site-packages/scapy/tools/automotive/__pycache__/__init__.cpython-39.pyc
-rw-r--r-- root/root      6369 2021-11-05 10:21 usr/lib64/python3.9/site-packages/scapy/tools/automotive/__pycache__/isotpscanner.cpython-39.pyc
-rw-r--r-- root/root      6808 2021-11-05 10:21 usr/lib64/python3.9/site-packages/scapy/tools/automotive/__pycache__/obdscanner.cpython-39.pyc
-rw-r--r-- root/root      3392 2021-11-05 10:21 usr/lib64/python3.9/site-packages/scapy/tools/automotive/__pycache__/xcpscanner.cpython-39.pyc
-rw-r--r-- root/root      7858 2021-04-18 20:36 usr/lib64/python3.9/site-packages/scapy/tools/automotive/isotpscanner.py
-rw-r--r-- root/root      8342 2021-04-18 20:36 usr/lib64/python3.9/site-packages/scapy/tools/automotive/obdscanner.py
-rw-r--r-- root/root      4183 2021-04-18 20:36 usr/lib64/python3.9/site-packages/scapy/tools/automotive/xcpscanner.py
-rw-r--r-- root/root      2944 2021-04-18 20:36 usr/lib64/python3.9/site-packages/scapy/tools/check_asdis.py
-rw-r--r-- root/root      1849 2021-04-18 20:36 usr/lib64/python3.9/site-packages/scapy/tools/generate_ethertypes.py
-rw-r--r-- root/root       547 2021-04-18 20:36 usr/lib64/python3.9/site-packages/scapy/tools/scapy_pyannotate.py
-rw-r--r-- root/root     84078 2021-04-18 20:36 usr/lib64/python3.9/site-packages/scapy/utils.py
-rw-r--r-- root/root     29898 2021-04-18 20:36 usr/lib64/python3.9/site-packages/scapy/utils6.py
-rw-r--r-- root/root     35877 2021-04-18 20:36 usr/lib64/python3.9/site-packages/scapy/volatile.py
drwxr-xr-x root/root         0 2021-11-05 10:21 usr/man/
drwxr-xr-x root/root         0 2021-11-05 10:21 usr/man/man1/
-rw-r--r-- root/root      5270 2021-04-18 20:36 usr/man/man1/scapy.1


