++========================================
||
||   Package:  ./aria2/aria2-1.36.0-x86_64-1cf.txz
||
++========================================
drwxr-xr-x root/root         0 2021-08-22 11:51 ./
drwxr-xr-x root/root         0 2021-08-22 11:51 etc/
drwxr-xr-x root/root         0 2021-08-22 11:51 etc/bash_completion.d/
-rw-r--r-- root/root      8099 2021-08-22 11:51 etc/bash_completion.d/aria2c
drwxr-xr-x root/root         0 2021-08-22 11:51 install/
-rw-r--r-- root/root       811 2021-08-22 11:51 install/slack-desc
drwxr-xr-x root/root         0 2021-08-22 11:51 usr/
drwxr-xr-x root/root         0 2021-08-22 11:51 usr/bin/
-rwxr-xr-x root/root   2802752 2021-08-22 11:51 usr/bin/aria2c
drwxr-xr-x root/root         0 2021-08-22 11:51 usr/doc/
drwxr-xr-x root/root         0 2021-08-22 11:51 usr/doc/aria2-1.36.0/
-rw-r--r-- root/root     95341 2021-08-21 10:29 usr/doc/aria2-1.36.0/ABOUT-NLS
-rw-r--r-- root/root      1096 2021-08-21 10:28 usr/doc/aria2-1.36.0/AUTHORS
-rw-r--r-- root/root     18002 2021-08-21 10:28 usr/doc/aria2-1.36.0/COPYING
-rw-r--r-- root/root      8237 2021-08-21 10:32 usr/doc/aria2-1.36.0/ChangeLog
-rw-r--r-- root/root     15756 2021-08-21 10:29 usr/doc/aria2-1.36.0/INSTALL
-rw-r--r-- root/root      6968 2021-08-21 10:28 usr/doc/aria2-1.36.0/LICENSE.OpenSSL
-rw-r--r-- root/root       615 2021-08-21 10:28 usr/doc/aria2-1.36.0/NEWS
-rw-r--r-- root/root        15 2021-08-21 10:28 usr/doc/aria2-1.36.0/README
-rw-r--r-- root/root     38176 2021-08-21 10:32 usr/doc/aria2-1.36.0/README.html
-rw-r--r-- root/root     22277 2021-08-21 10:28 usr/doc/aria2-1.36.0/README.rst
-rw-r--r-- root/root      3722 2021-08-22 11:51 usr/doc/aria2-1.36.0/aria2.SlackBuild
drwxr-xr-x root/root         0 2021-08-22 11:51 usr/doc/aria2-1.36.0/bash_completion/
-rw-r--r-- root/root       251 2021-08-22 11:51 usr/doc/aria2-1.36.0/bash_completion/README.txt
drwxr-xr-x root/root         0 2021-08-22 11:51 usr/doc/aria2-1.36.0/xmlrpc/
-rw-r--r-- root/root       166 2021-08-22 11:51 usr/doc/aria2-1.36.0/xmlrpc/README.txt
-rw-r--r-- root/root      4855 2021-08-22 11:51 usr/doc/aria2-1.36.0/xmlrpc/aria2mon
-rw-r--r-- root/root     18872 2021-08-22 11:51 usr/doc/aria2-1.36.0/xmlrpc/aria2rpc
drwxr-xr-x root/root         0 2021-08-22 11:51 usr/man/
drwxr-xr-x root/root         0 2021-08-22 11:51 usr/man/man1/
-rw-r--r-- root/root     40428 2021-08-22 11:51 usr/man/man1/aria2c.1.gz
drwxr-xr-x root/root         0 2021-08-22 11:51 usr/man/pt/
drwxr-xr-x root/root         0 2021-08-22 11:51 usr/man/pt/man1/
-rw-r--r-- root/root     39785 2021-08-22 11:51 usr/man/pt/man1/aria2c.1.gz
drwxr-xr-x root/root         0 2021-08-22 11:51 usr/man/ru/
drwxr-xr-x root/root         0 2021-08-22 11:51 usr/man/ru/man1/
-rw-r--r-- root/root     52637 2021-08-22 11:51 usr/man/ru/man1/aria2c.1.gz
drwxr-xr-x root/root         0 2021-08-22 11:51 usr/share/
drwxr-xr-x root/root         0 2021-08-22 11:51 usr/share/locale/
drwxr-xr-x root/root         0 2021-08-22 11:51 usr/share/locale/ar/
drwxr-xr-x root/root         0 2021-08-22 11:51 usr/share/locale/ar/LC_MESSAGES/
-rw-r--r-- root/root      2201 2021-08-22 11:51 usr/share/locale/ar/LC_MESSAGES/aria2.mo
drwxr-xr-x root/root         0 2021-08-22 11:51 usr/share/locale/bg/
drwxr-xr-x root/root         0 2021-08-22 11:51 usr/share/locale/bg/LC_MESSAGES/
-rw-r--r-- root/root     48691 2021-08-22 11:51 usr/share/locale/bg/LC_MESSAGES/aria2.mo
drwxr-xr-x root/root         0 2021-08-22 11:51 usr/share/locale/bn/
drwxr-xr-x root/root         0 2021-08-22 11:51 usr/share/locale/bn/LC_MESSAGES/
-rw-r--r-- root/root       950 2021-08-22 11:51 usr/share/locale/bn/LC_MESSAGES/aria2.mo
drwxr-xr-x root/root         0 2021-08-22 11:51 usr/share/locale/ca/
drwxr-xr-x root/root         0 2021-08-22 11:51 usr/share/locale/ca/LC_MESSAGES/
-rw-r--r-- root/root     17442 2021-08-22 11:51 usr/share/locale/ca/LC_MESSAGES/aria2.mo
drwxr-xr-x root/root         0 2021-08-22 11:51 usr/share/locale/da/
drwxr-xr-x root/root         0 2021-08-22 11:51 usr/share/locale/da/LC_MESSAGES/
-rw-r--r-- root/root     10091 2021-08-22 11:51 usr/share/locale/da/LC_MESSAGES/aria2.mo
drwxr-xr-x root/root         0 2021-08-22 11:51 usr/share/locale/de/
drwxr-xr-x root/root         0 2021-08-22 11:51 usr/share/locale/de/LC_MESSAGES/
-rw-r--r-- root/root     50434 2021-08-22 11:51 usr/share/locale/de/LC_MESSAGES/aria2.mo
drwxr-xr-x root/root         0 2021-08-22 11:51 usr/share/locale/el/
drwxr-xr-x root/root         0 2021-08-22 11:51 usr/share/locale/el/LC_MESSAGES/
-rw-r--r-- root/root    112622 2021-08-22 11:51 usr/share/locale/el/LC_MESSAGES/aria2.mo
drwxr-xr-x root/root         0 2021-08-22 11:51 usr/share/locale/en@boldquot/
drwxr-xr-x root/root         0 2021-08-22 11:51 usr/share/locale/en@boldquot/LC_MESSAGES/
-rw-r--r-- root/root    154813 2021-08-22 11:51 usr/share/locale/en@boldquot/LC_MESSAGES/aria2.mo
drwxr-xr-x root/root         0 2021-08-22 11:51 usr/share/locale/en@quot/
drwxr-xr-x root/root         0 2021-08-22 11:51 usr/share/locale/en@quot/LC_MESSAGES/
-rw-r--r-- root/root    154321 2021-08-22 11:51 usr/share/locale/en@quot/LC_MESSAGES/aria2.mo
drwxr-xr-x root/root         0 2021-08-22 11:51 usr/share/locale/es/
drwxr-xr-x root/root         0 2021-08-22 11:51 usr/share/locale/es/LC_MESSAGES/
-rw-r--r-- root/root     22298 2021-08-22 11:51 usr/share/locale/es/LC_MESSAGES/aria2.mo
drwxr-xr-x root/root         0 2021-08-22 11:51 usr/share/locale/fa/
drwxr-xr-x root/root         0 2021-08-22 11:51 usr/share/locale/fa/LC_MESSAGES/
-rw-r--r-- root/root      1488 2021-08-22 11:51 usr/share/locale/fa/LC_MESSAGES/aria2.mo
drwxr-xr-x root/root         0 2021-08-22 11:51 usr/share/locale/fi/
drwxr-xr-x root/root         0 2021-08-22 11:51 usr/share/locale/fi/LC_MESSAGES/
-rw-r--r-- root/root     15613 2021-08-22 11:51 usr/share/locale/fi/LC_MESSAGES/aria2.mo
drwxr-xr-x root/root         0 2021-08-22 11:51 usr/share/locale/fil/
drwxr-xr-x root/root         0 2021-08-22 11:51 usr/share/locale/fil/LC_MESSAGES/
-rw-r--r-- root/root      1698 2021-08-22 11:51 usr/share/locale/fil/LC_MESSAGES/aria2.mo
drwxr-xr-x root/root         0 2021-08-22 11:51 usr/share/locale/fr/
drwxr-xr-x root/root         0 2021-08-22 11:51 usr/share/locale/fr/LC_MESSAGES/
-rw-r--r-- root/root     54244 2021-08-22 11:51 usr/share/locale/fr/LC_MESSAGES/aria2.mo
drwxr-xr-x root/root         0 2021-08-22 11:51 usr/share/locale/he/
drwxr-xr-x root/root         0 2021-08-22 11:51 usr/share/locale/he/LC_MESSAGES/
-rw-r--r-- root/root      9691 2021-08-22 11:51 usr/share/locale/he/LC_MESSAGES/aria2.mo
drwxr-xr-x root/root         0 2021-08-22 11:51 usr/share/locale/hr/
drwxr-xr-x root/root         0 2021-08-22 11:51 usr/share/locale/hr/LC_MESSAGES/
-rw-r--r-- root/root      1326 2021-08-22 11:51 usr/share/locale/hr/LC_MESSAGES/aria2.mo
drwxr-xr-x root/root         0 2021-08-22 11:51 usr/share/locale/hu/
drwxr-xr-x root/root         0 2021-08-22 11:51 usr/share/locale/hu/LC_MESSAGES/
-rw-r--r-- root/root       892 2021-08-22 11:51 usr/share/locale/hu/LC_MESSAGES/aria2.mo
drwxr-xr-x root/root         0 2021-08-22 11:51 usr/share/locale/id/
drwxr-xr-x root/root         0 2021-08-22 11:51 usr/share/locale/id/LC_MESSAGES/
-rw-r--r-- root/root     21326 2021-08-22 11:51 usr/share/locale/id/LC_MESSAGES/aria2.mo
drwxr-xr-x root/root         0 2021-08-22 11:51 usr/share/locale/it/
drwxr-xr-x root/root         0 2021-08-22 11:51 usr/share/locale/it/LC_MESSAGES/
-rw-r--r-- root/root     56514 2021-08-22 11:51 usr/share/locale/it/LC_MESSAGES/aria2.mo
drwxr-xr-x root/root         0 2021-08-22 11:51 usr/share/locale/ja/
drwxr-xr-x root/root         0 2021-08-22 11:51 usr/share/locale/ja/LC_MESSAGES/
-rw-r--r-- root/root     85360 2021-08-22 11:51 usr/share/locale/ja/LC_MESSAGES/aria2.mo
drwxr-xr-x root/root         0 2021-08-22 11:51 usr/share/locale/kk/
drwxr-xr-x root/root         0 2021-08-22 11:51 usr/share/locale/kk/LC_MESSAGES/
-rw-r--r-- root/root      1788 2021-08-22 11:51 usr/share/locale/kk/LC_MESSAGES/aria2.mo
drwxr-xr-x root/root         0 2021-08-22 11:51 usr/share/locale/ko/
drwxr-xr-x root/root         0 2021-08-22 11:51 usr/share/locale/ko/LC_MESSAGES/
-rw-r--r-- root/root      2193 2021-08-22 11:51 usr/share/locale/ko/LC_MESSAGES/aria2.mo
drwxr-xr-x root/root         0 2021-08-22 11:51 usr/share/locale/ms/
drwxr-xr-x root/root         0 2021-08-22 11:51 usr/share/locale/ms/LC_MESSAGES/
-rw-r--r-- root/root      1460 2021-08-22 11:51 usr/share/locale/ms/LC_MESSAGES/aria2.mo
drwxr-xr-x root/root         0 2021-08-22 11:51 usr/share/locale/nb/
drwxr-xr-x root/root         0 2021-08-22 11:51 usr/share/locale/nb/LC_MESSAGES/
-rw-r--r-- root/root      1003 2021-08-22 11:51 usr/share/locale/nb/LC_MESSAGES/aria2.mo
drwxr-xr-x root/root         0 2021-08-22 11:51 usr/share/locale/nl/
drwxr-xr-x root/root         0 2021-08-22 11:51 usr/share/locale/nl/LC_MESSAGES/
-rw-r--r-- root/root      5800 2021-08-22 11:51 usr/share/locale/nl/LC_MESSAGES/aria2.mo
drwxr-xr-x root/root         0 2021-08-22 11:51 usr/share/locale/nn/
drwxr-xr-x root/root         0 2021-08-22 11:51 usr/share/locale/nn/LC_MESSAGES/
-rw-r--r-- root/root      1550 2021-08-22 11:51 usr/share/locale/nn/LC_MESSAGES/aria2.mo
drwxr-xr-x root/root         0 2021-08-22 11:51 usr/share/locale/oc/
drwxr-xr-x root/root         0 2021-08-22 11:51 usr/share/locale/oc/LC_MESSAGES/
-rw-r--r-- root/root      1000 2021-08-22 11:51 usr/share/locale/oc/LC_MESSAGES/aria2.mo
drwxr-xr-x root/root         0 2021-08-22 11:51 usr/share/locale/pl/
drwxr-xr-x root/root         0 2021-08-22 11:51 usr/share/locale/pl/LC_MESSAGES/
-rw-r--r-- root/root     14081 2021-08-22 11:51 usr/share/locale/pl/LC_MESSAGES/aria2.mo
drwxr-xr-x root/root         0 2021-08-22 11:51 usr/share/locale/pt/
drwxr-xr-x root/root         0 2021-08-22 11:51 usr/share/locale/pt/LC_MESSAGES/
-rw-r--r-- root/root     17642 2021-08-22 11:51 usr/share/locale/pt/LC_MESSAGES/aria2.mo
drwxr-xr-x root/root         0 2021-08-22 11:51 usr/share/locale/pt_BR/
drwxr-xr-x root/root         0 2021-08-22 11:51 usr/share/locale/pt_BR/LC_MESSAGES/
-rw-r--r-- root/root    164516 2021-08-22 11:51 usr/share/locale/pt_BR/LC_MESSAGES/aria2.mo
drwxr-xr-x root/root         0 2021-08-22 11:51 usr/share/locale/ro/
drwxr-xr-x root/root         0 2021-08-22 11:51 usr/share/locale/ro/LC_MESSAGES/
-rw-r--r-- root/root      4624 2021-08-22 11:51 usr/share/locale/ro/LC_MESSAGES/aria2.mo
drwxr-xr-x root/root         0 2021-08-22 11:51 usr/share/locale/ru/
drwxr-xr-x root/root         0 2021-08-22 11:51 usr/share/locale/ru/LC_MESSAGES/
-rw-r--r-- root/root    197817 2021-08-22 11:51 usr/share/locale/ru/LC_MESSAGES/aria2.mo
drwxr-xr-x root/root         0 2021-08-22 11:51 usr/share/locale/sk/
drwxr-xr-x root/root         0 2021-08-22 11:51 usr/share/locale/sk/LC_MESSAGES/
-rw-r--r-- root/root      3219 2021-08-22 11:51 usr/share/locale/sk/LC_MESSAGES/aria2.mo
drwxr-xr-x root/root         0 2021-08-22 11:51 usr/share/locale/sr/
drwxr-xr-x root/root         0 2021-08-22 11:51 usr/share/locale/sr/LC_MESSAGES/
-rw-r--r-- root/root      3348 2021-08-22 11:51 usr/share/locale/sr/LC_MESSAGES/aria2.mo
drwxr-xr-x root/root         0 2021-08-22 11:51 usr/share/locale/sv/
drwxr-xr-x root/root         0 2021-08-22 11:51 usr/share/locale/sv/LC_MESSAGES/
-rw-r--r-- root/root     10127 2021-08-22 11:51 usr/share/locale/sv/LC_MESSAGES/aria2.mo
drwxr-xr-x root/root         0 2021-08-22 11:51 usr/share/locale/th/
drwxr-xr-x root/root         0 2021-08-22 11:51 usr/share/locale/th/LC_MESSAGES/
-rw-r--r-- root/root      1019 2021-08-22 11:51 usr/share/locale/th/LC_MESSAGES/aria2.mo
drwxr-xr-x root/root         0 2021-08-22 11:51 usr/share/locale/tr/
drwxr-xr-x root/root         0 2021-08-22 11:51 usr/share/locale/tr/LC_MESSAGES/
-rw-r--r-- root/root     24761 2021-08-22 11:51 usr/share/locale/tr/LC_MESSAGES/aria2.mo
drwxr-xr-x root/root         0 2021-08-22 11:51 usr/share/locale/uk/
drwxr-xr-x root/root         0 2021-08-22 11:51 usr/share/locale/uk/LC_MESSAGES/
-rw-r--r-- root/root     77662 2021-08-22 11:51 usr/share/locale/uk/LC_MESSAGES/aria2.mo
drwxr-xr-x root/root         0 2021-08-22 11:51 usr/share/locale/vi/
drwxr-xr-x root/root         0 2021-08-22 11:51 usr/share/locale/vi/LC_MESSAGES/
-rw-r--r-- root/root      1638 2021-08-22 11:51 usr/share/locale/vi/LC_MESSAGES/aria2.mo
drwxr-xr-x root/root         0 2021-08-22 11:51 usr/share/locale/zh_CN/
drwxr-xr-x root/root         0 2021-08-22 11:51 usr/share/locale/zh_CN/LC_MESSAGES/
-rw-r--r-- root/root    111915 2021-08-22 11:51 usr/share/locale/zh_CN/LC_MESSAGES/aria2.mo
drwxr-xr-x root/root         0 2021-08-22 11:51 usr/share/locale/zh_HK/
drwxr-xr-x root/root         0 2021-08-22 11:51 usr/share/locale/zh_HK/LC_MESSAGES/
-rw-r--r-- root/root      2973 2021-08-22 11:51 usr/share/locale/zh_HK/LC_MESSAGES/aria2.mo
drwxr-xr-x root/root         0 2021-08-22 11:51 usr/share/locale/zh_TW/
drwxr-xr-x root/root         0 2021-08-22 11:51 usr/share/locale/zh_TW/LC_MESSAGES/
-rw-r--r-- root/root     85640 2021-08-22 11:51 usr/share/locale/zh_TW/LC_MESSAGES/aria2.mo


