++========================================
||
||   Package:  ./pyxattr/pyxattr-0.7.2-x86_64-3cf.txz
||
++========================================
drwxr-xr-x root/root         0 2021-11-05 10:20 ./
drwxr-xr-x root/root         0 2021-11-05 10:20 install/
-rw-r--r-- root/root       813 2021-11-05 10:20 install/slack-desc
drwxr-xr-x root/root         0 2021-11-05 10:20 usr/
drwxr-xr-x root/root         0 2021-11-05 10:20 usr/doc/
drwxr-xr-x root/root         0 2021-11-05 10:20 usr/doc/pyxattr-0.7.2/
-rw-r--r-- root/root     26527 2008-06-30 22:09 usr/doc/pyxattr-0.7.2/COPYING
-rw-r--r-- root/root      7458 2020-11-29 20:39 usr/doc/pyxattr-0.7.2/NEWS
-rw-r--r-- root/root      3058 2020-11-29 20:39 usr/doc/pyxattr-0.7.2/README.md
-rw-r--r-- root/root      3412 2021-11-05 10:20 usr/doc/pyxattr-0.7.2/pyxattr.SlackBuild
drwxr-xr-x root/root         0 2021-11-05 10:20 usr/lib64/
drwxr-xr-x root/root         0 2021-11-05 10:20 usr/lib64/python3.9/
drwxr-xr-x root/root         0 2021-11-05 10:20 usr/lib64/python3.9/site-packages/
drwxr-xr-x root/root         0 2021-11-05 10:20 usr/lib64/python3.9/site-packages/pyxattr-0.7.2-py3.9.egg-info/
-rw-r--r-- root/root      1138 2021-11-05 10:20 usr/lib64/python3.9/site-packages/pyxattr-0.7.2-py3.9.egg-info/PKG-INFO
-rw-r--r-- root/root       273 2021-11-05 10:20 usr/lib64/python3.9/site-packages/pyxattr-0.7.2-py3.9.egg-info/SOURCES.txt
-rw-r--r-- root/root         1 2021-11-05 10:20 usr/lib64/python3.9/site-packages/pyxattr-0.7.2-py3.9.egg-info/dependency_links.txt
-rw-r--r-- root/root         6 2021-11-05 10:20 usr/lib64/python3.9/site-packages/pyxattr-0.7.2-py3.9.egg-info/top_level.txt
-rwxr-xr-x root/root     35888 2021-11-05 10:20 usr/lib64/python3.9/site-packages/xattr.cpython-39-x86_64-linux-gnu.so


