++========================================
||
||   Package:  ./libnids/libnids-1.25-x86_64-1cf.txz
||
++========================================
drwxr-xr-x root/root         0 2020-11-22 15:07 ./
drwxr-xr-x root/root         0 2020-11-22 15:07 install/
-rw-r--r-- root/root        90 2020-11-22 15:07 install/doinst.sh
-rw-r--r-- root/root       938 2020-11-22 15:07 install/slack-desc
drwxr-xr-x root/root         0 2020-11-22 15:07 usr/
drwxr-xr-x root/root         0 2020-11-22 15:07 usr/doc/
drwxr-xr-x root/root         0 2020-11-22 15:07 usr/doc/libnids-1.25/
-rw-r--r-- root/root     17982 2013-02-19 03:08 usr/doc/libnids-1.25/COPYING
-rw-r--r-- root/root      6481 2013-02-19 03:08 usr/doc/libnids-1.25/CREDITS
-rw-r--r-- root/root      3431 2013-02-19 03:08 usr/doc/libnids-1.25/MISC
-rw-r--r-- root/root      2749 2013-02-19 03:08 usr/doc/libnids-1.25/README
drwxr-xr-x root/root         0 2013-02-19 03:08 usr/doc/libnids-1.25/doc/
-rw-r--r-- root/root     34672 2013-02-19 03:08 usr/doc/libnids-1.25/doc/API.html
-rw-r--r-- root/root     30535 2013-02-19 03:08 usr/doc/libnids-1.25/doc/API.txt
-rw-r--r-- root/root      1119 2013-02-19 03:08 usr/doc/libnids-1.25/doc/LINUX
-rw-r--r-- root/root       200 2013-02-19 03:08 usr/doc/libnids-1.25/doc/NEW_LIBPCAP
-rw-r--r-- root/root       867 2013-02-19 03:08 usr/doc/libnids-1.25/doc/PATCH
-rw-r--r-- root/root      3101 2013-02-19 03:08 usr/doc/libnids-1.25/doc/PERFORMANCE
-rw-r--r-- root/root      5398 2013-02-19 03:08 usr/doc/libnids-1.25/doc/TESTS
-rw-r--r-- root/root      4601 2013-02-19 03:08 usr/doc/libnids-1.25/doc/bugtraq_post
-rw-r--r-- root/root      3511 2020-11-22 15:07 usr/doc/libnids-1.25/libnids.SlackBuild
drwxr-xr-x root/root         0 2020-11-22 15:07 usr/doc/libnids-1.25/samples/
-rw-r--r-- root/root       869 2020-11-22 15:07 usr/doc/libnids-1.25/samples/Makefile
-rw-r--r-- root/root       752 2013-02-19 03:08 usr/doc/libnids-1.25/samples/Makefile.in
-rw-r--r-- root/root      2190 2013-02-19 03:08 usr/doc/libnids-1.25/samples/chksum_ctl.c
-rw-r--r-- root/root       907 2013-02-19 03:08 usr/doc/libnids-1.25/samples/nids_next.c
-rw-r--r-- root/root      5716 2013-02-19 03:08 usr/doc/libnids-1.25/samples/overflows.c
-rw-r--r-- root/root      3636 2013-02-19 03:08 usr/doc/libnids-1.25/samples/printall.c
-rw-r--r-- root/root      2301 2013-02-19 03:08 usr/doc/libnids-1.25/samples/sniff.c
drwxr-xr-x root/root         0 2020-11-22 15:07 usr/include/
-rw-r--r-- root/root      3672 2020-11-22 15:07 usr/include/nids.h
drwxr-xr-x root/root         0 2020-11-22 15:07 usr/lib64/
-rw-r--r-- root/root     63136 2020-11-22 15:07 usr/lib64/libnids.a
-rwxr-xr-x root/root     43824 2020-11-22 15:07 usr/lib64/libnids.so.1.25
drwxr-xr-x root/root         0 2020-11-22 15:07 usr/man/
drwxr-xr-x root/root         0 2020-11-22 15:07 usr/man/man3/
-rw-r--r-- root/root      4839 2020-11-22 15:07 usr/man/man3/libnids.3.gz


