++========================================
||
||   Package:  ./tokyocabinet/tokyocabinet-1.4.48-x86_64-2cf.txz
||
++========================================
drwxr-xr-x root/root         0 2020-10-05 13:15 ./
drwxr-xr-x root/root         0 2020-10-05 13:15 install/
-rw-r--r-- root/root       236 2020-10-05 13:15 install/doinst.sh
-rw-r--r-- root/root       830 2020-10-05 13:15 install/slack-desc
drwxr-xr-x root/root         0 2020-10-05 13:15 usr/
drwxr-xr-x root/root         0 2020-10-05 13:15 usr/bin/
-rwxr-xr-x root/root     26952 2020-10-05 13:15 usr/bin/tcamgr
-rwxr-xr-x root/root     22792 2020-10-05 13:15 usr/bin/tcamttest
-rwxr-xr-x root/root     60848 2020-10-05 13:15 usr/bin/tcatest
-rwxr-xr-x root/root     27280 2020-10-05 13:15 usr/bin/tcbmgr
-rwxr-xr-x root/root     56104 2020-10-05 13:15 usr/bin/tcbmttest
-rwxr-xr-x root/root     72976 2020-10-05 13:15 usr/bin/tcbtest
-rwxr-xr-x root/root     23024 2020-10-05 13:15 usr/bin/tcfmgr
-rwxr-xr-x root/root     35464 2020-10-05 13:15 usr/bin/tcfmttest
-rwxr-xr-x root/root     47856 2020-10-05 13:15 usr/bin/tcftest
-rwxr-xr-x root/root     27144 2020-10-05 13:15 usr/bin/tchmgr
-rwxr-xr-x root/root     51912 2020-10-05 13:15 usr/bin/tchmttest
-rwxr-xr-x root/root     64656 2020-10-05 13:15 usr/bin/tchtest
-rwxr-xr-x root/root     35624 2020-10-05 13:15 usr/bin/tctmgr
-rwxr-xr-x root/root     43608 2020-10-05 13:15 usr/bin/tctmttest
-rwxr-xr-x root/root     64248 2020-10-05 13:15 usr/bin/tcttest
-rwxr-xr-x root/root     31464 2020-10-05 13:15 usr/bin/tcucodec
-rwxr-xr-x root/root     27040 2020-10-05 13:15 usr/bin/tcumttest
-rwxr-xr-x root/root     70184 2020-10-05 13:15 usr/bin/tcutest
drwxr-xr-x root/root         0 2020-10-05 13:15 usr/doc/
drwxr-xr-x root/root         0 2020-10-05 13:15 usr/doc/tokyocabinet-1.4.48/
-rw-r--r-- root/root     26430 2007-08-12 13:23 usr/doc/tokyocabinet-1.4.48/COPYING
-rw-r--r-- root/root     33394 2012-08-18 04:07 usr/doc/tokyocabinet-1.4.48/ChangeLog
-rw-r--r-- root/root      1046 2011-02-11 10:59 usr/doc/tokyocabinet-1.4.48/README
drwxr-xr-x root/root         0 2012-08-18 04:05 usr/doc/tokyocabinet-1.4.48/doc/
-rw-r--r-- root/root     33444 2008-11-13 02:33 usr/doc/tokyocabinet-1.4.48/doc/benchmark.pdf
-rw-r--r-- root/root      2993 2008-11-09 08:48 usr/doc/tokyocabinet-1.4.48/doc/common.css
-rw-r--r-- root/root       383 2007-09-18 18:12 usr/doc/tokyocabinet-1.4.48/doc/icon16.png
-rw-r--r-- root/root      6419 2012-08-18 04:05 usr/doc/tokyocabinet-1.4.48/doc/index.html
-rw-r--r-- root/root      9591 2012-08-18 04:05 usr/doc/tokyocabinet-1.4.48/doc/index.ja.html
-rw-r--r-- root/root      2094 2007-10-17 05:34 usr/doc/tokyocabinet-1.4.48/doc/logo-ja.png
-rw-r--r-- root/root      2283 2007-10-17 05:55 usr/doc/tokyocabinet-1.4.48/doc/logo.png
-rw-r--r-- root/root    446165 2012-08-18 04:05 usr/doc/tokyocabinet-1.4.48/doc/spex-en.html
-rw-r--r-- root/root    533377 2012-08-18 04:05 usr/doc/tokyocabinet-1.4.48/doc/spex-ja.html
-rw-r--r-- root/root    299895 2010-05-21 05:21 usr/doc/tokyocabinet-1.4.48/doc/tokyoproducts.pdf
-rw-r--r-- root/root    214528 2010-05-21 05:21 usr/doc/tokyocabinet-1.4.48/doc/tokyoproducts.ppt
drwxr-xr-x root/root         0 2012-08-18 04:05 usr/doc/tokyocabinet-1.4.48/example/
-rw-r--r-- root/root      2583 2009-07-24 10:02 usr/doc/tokyocabinet-1.4.48/example/Makefile
-rw-r--r-- root/root      1042 2012-08-18 04:05 usr/doc/tokyocabinet-1.4.48/example/tcadbex.c
-rw-r--r-- root/root      1371 2012-08-18 04:05 usr/doc/tokyocabinet-1.4.48/example/tcbdbex.c
-rw-r--r-- root/root      1298 2012-08-18 04:05 usr/doc/tokyocabinet-1.4.48/example/tcfdbex.c
-rw-r--r-- root/root      1291 2012-08-18 04:05 usr/doc/tokyocabinet-1.4.48/example/tchdbex.c
-rw-r--r-- root/root      3908 2012-08-18 04:05 usr/doc/tokyocabinet-1.4.48/example/tctchat.c
-rw-r--r-- root/root      5499 2009-06-28 14:18 usr/doc/tokyocabinet-1.4.48/example/tctchat.tmpl
-rw-r--r-- root/root      2217 2012-08-18 04:05 usr/doc/tokyocabinet-1.4.48/example/tctdbex.c
-rw-r--r-- root/root      3797 2012-08-18 04:05 usr/doc/tokyocabinet-1.4.48/example/tctsearch.c
-rw-r--r-- root/root      5678 2009-08-31 14:45 usr/doc/tokyocabinet-1.4.48/example/tctsearch.tmpl
-rw-r--r-- root/root      1917 2012-08-18 04:05 usr/doc/tokyocabinet-1.4.48/example/tcutilex.c
-rw-r--r-- root/root      3773 2020-10-05 13:15 usr/doc/tokyocabinet-1.4.48/tokyocabinet.SlackBuild
drwxr-xr-x root/root         0 2020-10-05 13:15 usr/include/
-rw-r--r-- root/root     27891 2020-10-05 13:15 usr/include/tcadb.h
-rw-r--r-- root/root     57054 2020-10-05 13:15 usr/include/tcbdb.h
-rw-r--r-- root/root     48211 2020-10-05 13:15 usr/include/tcfdb.h
-rw-r--r-- root/root     45754 2020-10-05 13:15 usr/include/tchdb.h
-rw-r--r-- root/root     57863 2020-10-05 13:15 usr/include/tctdb.h
-rw-r--r-- root/root    190377 2020-10-05 13:15 usr/include/tcutil.h
drwxr-xr-x root/root         0 2020-10-05 13:15 usr/lib64/
-rw-r--r-- root/root    891638 2020-10-05 13:15 usr/lib64/libtokyocabinet.a
-rwxr-xr-x root/root    551432 2020-10-05 13:15 usr/lib64/libtokyocabinet.so.9.11.0
drwxr-xr-x root/root         0 2020-10-05 13:15 usr/lib64/pkgconfig/
-rw-r--r-- root/root       366 2020-10-05 13:15 usr/lib64/pkgconfig/tokyocabinet.pc
drwxr-xr-x root/root         0 2020-10-05 13:15 usr/libexec/
-rwxr-xr-x root/root     27008 2020-10-05 13:15 usr/libexec/tcawmgr.cgi
drwxr-xr-x root/root         0 2020-10-05 13:15 usr/man/
drwxr-xr-x root/root         0 2020-10-05 13:15 usr/man/man1/
-rw-r--r-- root/root       958 2020-10-05 13:15 usr/man/man1/tcamgr.1.gz
-rw-r--r-- root/root       484 2020-10-05 13:15 usr/man/man1/tcamttest.1.gz
-rw-r--r-- root/root       591 2020-10-05 13:15 usr/man/man1/tcatest.1.gz
-rw-r--r-- root/root      1277 2020-10-05 13:15 usr/man/man1/tcbmgr.1.gz
-rw-r--r-- root/root       981 2020-10-05 13:15 usr/man/man1/tcbmttest.1.gz
-rw-r--r-- root/root      1204 2020-10-05 13:15 usr/man/man1/tcbtest.1.gz
-rw-r--r-- root/root       995 2020-10-05 13:15 usr/man/man1/tcfmgr.1.gz
-rw-r--r-- root/root       781 2020-10-05 13:15 usr/man/man1/tcfmttest.1.gz
-rw-r--r-- root/root       845 2020-10-05 13:15 usr/man/man1/tcftest.1.gz
-rw-r--r-- root/root      1094 2020-10-05 13:15 usr/man/man1/tchmgr.1.gz
-rw-r--r-- root/root       992 2020-10-05 13:15 usr/man/man1/tchmttest.1.gz
-rw-r--r-- root/root      1074 2020-10-05 13:15 usr/man/man1/tchtest.1.gz
-rw-r--r-- root/root      1645 2020-10-05 13:15 usr/man/man1/tctmgr.1.gz
-rw-r--r-- root/root      1047 2020-10-05 13:15 usr/man/man1/tctmttest.1.gz
-rw-r--r-- root/root      1144 2020-10-05 13:15 usr/man/man1/tcttest.1.gz
-rw-r--r-- root/root      1326 2020-10-05 13:15 usr/man/man1/tcucodec.1.gz
-rw-r--r-- root/root       553 2020-10-05 13:15 usr/man/man1/tcumttest.1.gz
-rw-r--r-- root/root       721 2020-10-05 13:15 usr/man/man1/tcutest.1.gz
drwxr-xr-x root/root         0 2020-10-05 13:15 usr/man/man3/
-rw-r--r-- root/root      3875 2020-10-05 13:15 usr/man/man3/tcadb.3.gz
-rw-r--r-- root/root      5759 2020-10-05 13:15 usr/man/man3/tcbdb.3.gz
-rw-r--r-- root/root      4559 2020-10-05 13:15 usr/man/man3/tcfdb.3.gz
-rw-r--r-- root/root      4554 2020-10-05 13:15 usr/man/man3/tchdb.3.gz
-rw-r--r-- root/root        47 2020-10-05 13:15 usr/man/man3/tclist.3.gz
-rw-r--r-- root/root        46 2020-10-05 13:15 usr/man/man3/tcmap.3.gz
-rw-r--r-- root/root        46 2020-10-05 13:15 usr/man/man3/tcmdb.3.gz
-rw-r--r-- root/root        48 2020-10-05 13:15 usr/man/man3/tcmpool.3.gz
-rw-r--r-- root/root      6014 2020-10-05 13:15 usr/man/man3/tctdb.3.gz
-rw-r--r-- root/root        47 2020-10-05 13:15 usr/man/man3/tctree.3.gz
-rw-r--r-- root/root     12423 2020-10-05 13:15 usr/man/man3/tcutil.3.gz
-rw-r--r-- root/root        47 2020-10-05 13:15 usr/man/man3/tcxstr.3.gz
-rw-r--r-- root/root      6428 2020-10-05 13:15 usr/man/man3/tokyocabinet.3.gz
drwxr-xr-x root/root         0 2020-10-05 13:15 usr/share/
drwxr-xr-x root/root         0 2020-10-05 13:15 usr/share/tokyocabinet/
-rw-r--r-- root/root     26430 2020-10-05 13:15 usr/share/tokyocabinet/COPYING
-rw-r--r-- root/root     33394 2020-10-05 13:15 usr/share/tokyocabinet/ChangeLog
drwxr-xr-x root/root         0 2020-10-05 13:15 usr/share/tokyocabinet/doc/
-rw-r--r-- root/root     33444 2020-10-05 13:15 usr/share/tokyocabinet/doc/benchmark.pdf
-rw-r--r-- root/root      2993 2020-10-05 13:15 usr/share/tokyocabinet/doc/common.css
-rw-r--r-- root/root       383 2020-10-05 13:15 usr/share/tokyocabinet/doc/icon16.png
-rw-r--r-- root/root      6419 2020-10-05 13:15 usr/share/tokyocabinet/doc/index.html
-rw-r--r-- root/root      9591 2020-10-05 13:15 usr/share/tokyocabinet/doc/index.ja.html
-rw-r--r-- root/root      2094 2020-10-05 13:15 usr/share/tokyocabinet/doc/logo-ja.png
-rw-r--r-- root/root      2283 2020-10-05 13:15 usr/share/tokyocabinet/doc/logo.png
-rw-r--r-- root/root    446165 2020-10-05 13:15 usr/share/tokyocabinet/doc/spex-en.html
-rw-r--r-- root/root    533377 2020-10-05 13:15 usr/share/tokyocabinet/doc/spex-ja.html
-rw-r--r-- root/root    299895 2020-10-05 13:15 usr/share/tokyocabinet/doc/tokyoproducts.pdf
-rw-r--r-- root/root    214528 2020-10-05 13:15 usr/share/tokyocabinet/doc/tokyoproducts.ppt
-rw-r--r-- root/root     12046 2020-10-05 13:15 usr/share/tokyocabinet/tokyocabinet.idl


