++========================================
||
||   Package:  ./sslsplit/sslsplit-0.5.5-x86_64-3cf.txz
||
++========================================
drwxr-xr-x root/root         0 2022-07-31 14:25 ./
drwxr-xr-x root/root         0 2022-07-31 14:25 etc/
drwxr-xr-x root/root         0 2022-07-31 14:25 etc/sslsplit/
-rw-r--r-- root/root      6040 2022-07-31 14:25 etc/sslsplit/sslsplit.conf.sample
drwxr-xr-x root/root         0 2022-07-31 14:25 install/
-rw-r--r-- root/root       872 2022-07-31 14:25 install/slack-desc
-rw-r--r-- root/root         7 2022-07-31 14:25 install/slack-required
drwxr-xr-x root/root         0 2022-07-31 14:25 usr/
drwxr-xr-x root/root         0 2022-07-31 14:25 usr/bin/
-rwxr-xr-x root/root    198488 2022-07-31 14:25 usr/bin/sslsplit
drwxr-xr-x root/root         0 2022-07-31 14:25 usr/doc/
drwxr-xr-x root/root         0 2022-07-31 14:25 usr/doc/sslsplit-0.5.5/
-rw-r--r-- root/root      1803 2019-08-30 13:09 usr/doc/sslsplit-0.5.5/AUTHORS.md
-rw-r--r-- root/root      1354 2019-08-30 13:09 usr/doc/sslsplit-0.5.5/LICENSE
-rw-r--r-- root/root     13627 2019-08-30 13:09 usr/doc/sslsplit-0.5.5/NEWS.md
-rw-r--r-- root/root      5330 2019-08-30 13:09 usr/doc/sslsplit-0.5.5/README.md
-rw-r--r-- root/root       510 2019-08-30 13:09 usr/doc/sslsplit-0.5.5/SECURITY.md
-rw-r--r-- root/root      3626 2022-07-31 14:25 usr/doc/sslsplit-0.5.5/sslsplit.SlackBuild


