++========================================
||
||   Package:  ./colordiff/colordiff-1.0.20-noarch-1cf.txz
||
++========================================
drwxr-xr-x root/root         0 2022-02-14 12:49 ./
drwxr-xr-x root/root         0 2022-02-14 12:49 etc/
-rw-r--r-- root/root       978 2022-02-14 12:49 etc/colordiffrc.new
drwxr-xr-x root/root         0 2022-02-14 12:49 install/
-rw-r--r-- root/root       369 2022-02-14 12:49 install/doinst.sh
-rw-r--r-- root/root       803 2022-02-14 12:49 install/slack-desc
drwxr-xr-x root/root         0 2022-02-14 12:49 usr/
drwxr-xr-x root/root         0 2022-02-14 12:49 usr/bin/
-rwxr-xr-x root/root      2196 2022-02-14 12:49 usr/bin/cdiff
-rwxr-xr-x root/root     20619 2022-02-14 12:49 usr/bin/colordiff
drwxr-xr-x root/root         0 2022-02-14 12:49 usr/doc/
drwxr-xr-x root/root         0 2022-02-14 12:49 usr/doc/colordiff-1.0.20/
-rw-r--r-- root/root       683 2012-10-17 22:17 usr/doc/colordiff-1.0.20/BUGS
-rw-r--r-- root/root      6160 2022-02-12 17:02 usr/doc/colordiff-1.0.20/CHANGES
-rw-r--r-- root/root     18092 2012-10-17 22:14 usr/doc/colordiff-1.0.20/COPYING
-rw-r--r-- root/root      1307 2012-10-17 22:14 usr/doc/colordiff-1.0.20/INSTALL
-rw-r--r-- root/root      3514 2015-05-21 11:19 usr/doc/colordiff-1.0.20/README
-rw-r--r-- root/root      2612 2022-02-14 12:49 usr/doc/colordiff-1.0.20/colordiff.SlackBuild
drwxr-xr-x root/root         0 2022-02-14 12:49 usr/man/
drwxr-xr-x root/root         0 2022-02-14 12:49 usr/man/man1/
-rw-r--r-- root/root       876 2022-02-14 12:49 usr/man/man1/cdiff.1.gz
-rw-r--r-- root/root      2208 2022-02-14 12:49 usr/man/man1/colordiff.1.gz


