++========================================
||
||   Package:  ./afl/afl-2.57b-x86_64-1cf.txz
||
++========================================
drwxr-xr-x root/root         0 2020-10-05 11:03 ./
drwxr-xr-x root/root         0 2020-10-05 11:03 install/
-rw-r--r-- root/root       398 2020-10-05 11:03 install/doinst.sh
-rw-r--r-- root/root       815 2020-10-05 11:03 install/slack-desc
drwxr-xr-x root/root         0 2020-10-05 11:03 usr/
drwxr-xr-x root/root         0 2020-10-05 11:03 usr/bin/
-rwxr-xr-x root/root     31088 2020-10-05 11:03 usr/bin/afl-analyze
-rwxr-xr-x root/root     22664 2020-10-05 11:03 usr/bin/afl-clang-fast
-rwxr-xr-x root/root     11391 2020-10-05 11:03 usr/bin/afl-cmin
-rwxr-xr-x root/root    146248 2020-10-05 11:03 usr/bin/afl-fuzz
-rwxr-xr-x root/root     14472 2020-10-05 11:03 usr/bin/afl-gcc
-rwxr-xr-x root/root     14424 2020-10-05 11:03 usr/bin/afl-gotcpu
-rwxr-xr-x root/root      4912 2020-10-05 11:03 usr/bin/afl-plot
-rwxr-xr-x root/root     31088 2020-10-05 11:03 usr/bin/afl-showmap
-rwxr-xr-x root/root     39304 2020-10-05 11:03 usr/bin/afl-tmin
-rwxr-xr-x root/root      3711 2020-10-05 11:03 usr/bin/afl-whatsup
drwxr-xr-x root/root         0 2020-10-05 11:03 usr/doc/
drwxr-xr-x root/root         0 2020-10-05 11:03 usr/doc/afl-2.57b/
-rw-r--r-- root/root      1101 2020-07-04 18:24 usr/doc/afl-2.57b/CONTRIBUTING.md
-rw-r--r-- root/root     76158 2020-10-05 11:03 usr/doc/afl-2.57b/ChangeLog
-rw-r--r-- root/root     11358 2020-07-04 18:24 usr/doc/afl-2.57b/LICENSE
-rw-r--r-- root/root      2062 2020-10-05 11:03 usr/doc/afl-2.57b/QuickStartGuide.txt
-rw-r--r-- root/root         0 2020-10-05 11:03 usr/doc/afl-2.57b/README
-rw-r--r-- root/root      7849 2020-07-04 18:24 usr/doc/afl-2.57b/README.llvm
-rw-r--r-- root/root     22596 2020-07-04 18:24 usr/doc/afl-2.57b/README.md
-rw-r--r-- root/root      3518 2020-10-05 11:03 usr/doc/afl-2.57b/afl.SlackBuild
-rw-r--r-- root/root     12534 2020-10-05 11:03 usr/doc/afl-2.57b/env_variables.txt
-rw-r--r-- root/root      7739 2020-10-05 11:03 usr/doc/afl-2.57b/historical_notes.txt
-rw-r--r-- root/root      3400 2020-10-05 11:03 usr/doc/afl-2.57b/life_pro_tips.txt
-rw-r--r-- root/root      6913 2020-10-05 11:03 usr/doc/afl-2.57b/notes_for_asan.txt
-rw-r--r-- root/root      9723 2020-10-05 11:03 usr/doc/afl-2.57b/parallel_fuzzing.txt
-rw-r--r-- root/root      9257 2020-10-05 11:03 usr/doc/afl-2.57b/perf_tips.txt
-rw-r--r-- root/root     10332 2020-10-05 11:03 usr/doc/afl-2.57b/sister_projects.txt
-rw-r--r-- root/root     19199 2020-10-05 11:03 usr/doc/afl-2.57b/status_screen.txt
-rw-r--r-- root/root     26638 2020-10-05 11:03 usr/doc/afl-2.57b/technical_details.txt
drwxr-xr-x root/root         0 2020-10-05 11:03 usr/lib64/
drwxr-xr-x root/root         0 2020-10-05 11:03 usr/lib64/afl/
-rwxr-xr-x root/root     30992 2020-10-05 11:03 usr/lib64/afl/afl-as
-rwxr-xr-x root/root     31144 2020-10-05 11:03 usr/lib64/afl/afl-llvm-pass.so
-rwxr-xr-x root/root     13928 2020-10-05 11:03 usr/lib64/afl/afl-llvm-rt-64.o
-rwxr-xr-x root/root     13928 2020-10-05 11:03 usr/lib64/afl/afl-llvm-rt.o
drwxr-xr-x root/root         0 2020-10-05 11:03 usr/share/
drwxr-xr-x root/root         0 2020-10-05 11:03 usr/share/afl/
drwxr-xr-x root/root         0 2020-10-05 11:03 usr/share/afl/dictionaries/
-rw-r--r-- root/root      1859 2020-10-05 11:03 usr/share/afl/dictionaries/README.dictionaries
-rw-r--r-- root/root       298 2020-10-05 11:03 usr/share/afl/dictionaries/gif.dict
-rw-r--r-- root/root      3176 2020-10-05 11:03 usr/share/afl/dictionaries/html_tags.dict
-rw-r--r-- root/root       458 2020-10-05 11:03 usr/share/afl/dictionaries/jpeg.dict
-rw-r--r-- root/root      2305 2020-10-05 11:03 usr/share/afl/dictionaries/js.dict
-rw-r--r-- root/root       416 2020-10-05 11:03 usr/share/afl/dictionaries/json.dict
-rw-r--r-- root/root     16589 2020-10-05 11:03 usr/share/afl/dictionaries/pdf.dict
-rw-r--r-- root/root       768 2020-10-05 11:03 usr/share/afl/dictionaries/png.dict
-rw-r--r-- root/root      3106 2020-10-05 11:03 usr/share/afl/dictionaries/regexp.dict
-rw-r--r-- root/root      8290 2020-10-05 11:03 usr/share/afl/dictionaries/sql.dict
-rw-r--r-- root/root      1081 2020-10-05 11:03 usr/share/afl/dictionaries/tiff.dict
-rw-r--r-- root/root       360 2020-10-05 11:03 usr/share/afl/dictionaries/webp.dict
-rw-r--r-- root/root      1619 2020-10-05 11:03 usr/share/afl/dictionaries/xml.dict
drwxr-xr-x root/root         0 2020-10-05 11:03 usr/share/afl/testcases/
-rw-r--r-- root/root       828 2020-10-05 11:03 usr/share/afl/testcases/README.testcases
drwxr-xr-x root/root         0 2020-10-05 11:03 usr/share/afl/testcases/archives/
drwxr-xr-x root/root         0 2020-10-05 11:03 usr/share/afl/testcases/archives/common/
drwxr-xr-x root/root         0 2020-10-05 11:03 usr/share/afl/testcases/archives/common/ar/
-rw-r--r-- root/root       260 2020-10-05 11:03 usr/share/afl/testcases/archives/common/ar/small_archive.a
drwxr-xr-x root/root         0 2020-10-05 11:03 usr/share/afl/testcases/archives/common/bzip2/
-rw-r--r-- root/root       176 2020-10-05 11:03 usr/share/afl/testcases/archives/common/bzip2/small_archive.bz2
drwxr-xr-x root/root         0 2020-10-05 11:03 usr/share/afl/testcases/archives/common/cab/
-rw-r--r-- root/root       220 2020-10-05 11:03 usr/share/afl/testcases/archives/common/cab/small_archive.cab
drwxr-xr-x root/root         0 2020-10-05 11:03 usr/share/afl/testcases/archives/common/compress/
-rw-r--r-- root/root       168 2020-10-05 11:03 usr/share/afl/testcases/archives/common/compress/small_archive.Z
drwxr-xr-x root/root         0 2020-10-05 11:03 usr/share/afl/testcases/archives/common/cpio/
-rw-r--r-- root/root       512 2020-10-05 11:03 usr/share/afl/testcases/archives/common/cpio/small_archive.cpio
drwxr-xr-x root/root         0 2020-10-05 11:03 usr/share/afl/testcases/archives/common/gzip/
-rw-r--r-- root/root       159 2020-10-05 11:03 usr/share/afl/testcases/archives/common/gzip/small_archive.gz
drwxr-xr-x root/root         0 2020-10-05 11:03 usr/share/afl/testcases/archives/common/lzo/
-rw-r--r-- root/root       217 2020-10-05 11:03 usr/share/afl/testcases/archives/common/lzo/small_archive.lzo
drwxr-xr-x root/root         0 2020-10-05 11:03 usr/share/afl/testcases/archives/common/rar/
-rw-r--r-- root/root       230 2020-10-05 11:03 usr/share/afl/testcases/archives/common/rar/small_archive.rar
drwxr-xr-x root/root         0 2020-10-05 11:03 usr/share/afl/testcases/archives/common/tar/
-rw-r--r-- root/root      2048 2020-10-05 11:03 usr/share/afl/testcases/archives/common/tar/small_archive.tar
drwxr-xr-x root/root         0 2020-10-05 11:03 usr/share/afl/testcases/archives/common/xz/
-rw-r--r-- root/root       228 2020-10-05 11:03 usr/share/afl/testcases/archives/common/xz/small_archive.xz
drwxr-xr-x root/root         0 2020-10-05 11:03 usr/share/afl/testcases/archives/common/zip/
-rw-r--r-- root/root       289 2020-10-05 11:03 usr/share/afl/testcases/archives/common/zip/small_archive.zip
drwxr-xr-x root/root         0 2020-10-05 11:03 usr/share/afl/testcases/archives/exotic/
drwxr-xr-x root/root         0 2020-10-05 11:03 usr/share/afl/testcases/archives/exotic/arj/
-rw-r--r-- root/root       269 2020-10-05 11:03 usr/share/afl/testcases/archives/exotic/arj/small_archive.arj
drwxr-xr-x root/root         0 2020-10-05 11:03 usr/share/afl/testcases/archives/exotic/lha/
-rw-r--r-- root/root       182 2020-10-05 11:03 usr/share/afl/testcases/archives/exotic/lha/small_archive.lha
drwxr-xr-x root/root         0 2020-10-05 11:03 usr/share/afl/testcases/archives/exotic/lrzip/
-rw-r--r-- root/root       260 2020-10-05 11:03 usr/share/afl/testcases/archives/exotic/lrzip/small_archive.lrz
drwxr-xr-x root/root         0 2020-10-05 11:03 usr/share/afl/testcases/archives/exotic/lzip/
-rw-r--r-- root/root       195 2020-10-05 11:03 usr/share/afl/testcases/archives/exotic/lzip/small_archive.lz
drwxr-xr-x root/root         0 2020-10-05 11:03 usr/share/afl/testcases/archives/exotic/lzma/
-rw-r--r-- root/root       182 2020-10-05 11:03 usr/share/afl/testcases/archives/exotic/lzma/small_archive.lzma
drwxr-xr-x root/root         0 2020-10-05 11:03 usr/share/afl/testcases/archives/exotic/rzip/
-rw-r--r-- root/root       262 2020-10-05 11:03 usr/share/afl/testcases/archives/exotic/rzip/small_archive.rz
drwxr-xr-x root/root         0 2020-10-05 11:03 usr/share/afl/testcases/archives/exotic/zoo/
-rw-r--r-- root/root       336 2020-10-05 11:03 usr/share/afl/testcases/archives/exotic/zoo/small_archive.zoo
drwxr-xr-x root/root         0 2020-10-05 11:03 usr/share/afl/testcases/images/
drwxr-xr-x root/root         0 2020-10-05 11:03 usr/share/afl/testcases/images/bmp/
-rw-r--r-- root/root       630 2020-10-05 11:03 usr/share/afl/testcases/images/bmp/not_kitty.bmp
drwxr-xr-x root/root         0 2020-10-05 11:03 usr/share/afl/testcases/images/gif/
-rw-r--r-- root/root       198 2020-10-05 11:03 usr/share/afl/testcases/images/gif/not_kitty.gif
drwxr-xr-x root/root         0 2020-10-05 11:03 usr/share/afl/testcases/images/ico/
-rw-r--r-- root/root       367 2020-10-05 11:03 usr/share/afl/testcases/images/ico/not_kitty.ico
drwxr-xr-x root/root         0 2020-10-05 11:03 usr/share/afl/testcases/images/jp2/
-rw-r--r-- root/root       293 2020-10-05 11:03 usr/share/afl/testcases/images/jp2/not_kitty.jp2
drwxr-xr-x root/root         0 2020-10-05 11:03 usr/share/afl/testcases/images/jpeg/
-rw-r--r-- root/root       413 2020-10-05 11:03 usr/share/afl/testcases/images/jpeg/not_kitty.jpg
drwxr-xr-x root/root         0 2020-10-05 11:03 usr/share/afl/testcases/images/jxr/
-rw-r--r-- root/root       498 2020-10-05 11:03 usr/share/afl/testcases/images/jxr/not_kitty.jxr
drwxr-xr-x root/root         0 2020-10-05 11:03 usr/share/afl/testcases/images/png/
-rw-r--r-- root/root       218 2020-10-05 11:03 usr/share/afl/testcases/images/png/not_kitty.png
-rw-r--r-- root/root       376 2020-10-05 11:03 usr/share/afl/testcases/images/png/not_kitty_alpha.png
-rw-r--r-- root/root       228 2020-10-05 11:03 usr/share/afl/testcases/images/png/not_kitty_gamma.png
-rw-r--r-- root/root       427 2020-10-05 11:03 usr/share/afl/testcases/images/png/not_kitty_icc.png
drwxr-xr-x root/root         0 2020-10-05 11:03 usr/share/afl/testcases/images/tiff/
-rw-r--r-- root/root       448 2020-10-05 11:03 usr/share/afl/testcases/images/tiff/not_kitty.tiff
drwxr-xr-x root/root         0 2020-10-05 11:03 usr/share/afl/testcases/images/webp/
-rw-r--r-- root/root       226 2020-10-05 11:03 usr/share/afl/testcases/images/webp/not_kitty.webp
drwxr-xr-x root/root         0 2020-10-05 11:03 usr/share/afl/testcases/multimedia/
drwxr-xr-x root/root         0 2020-10-05 11:03 usr/share/afl/testcases/multimedia/h264/
-rw-r--r-- root/root      1267 2020-10-05 11:03 usr/share/afl/testcases/multimedia/h264/small_movie.mp4
drwxr-xr-x root/root         0 2020-10-05 11:03 usr/share/afl/testcases/others/
drwxr-xr-x root/root         0 2020-10-05 11:03 usr/share/afl/testcases/others/elf/
-rw-r--r-- root/root       324 2020-10-05 11:03 usr/share/afl/testcases/others/elf/small_exec.elf
drwxr-xr-x root/root         0 2020-10-05 11:03 usr/share/afl/testcases/others/js/
-rw-r--r-- root/root        20 2020-10-05 11:03 usr/share/afl/testcases/others/js/small_script.js
drwxr-xr-x root/root         0 2020-10-05 11:03 usr/share/afl/testcases/others/pcap/
-rw-r--r-- root/root       114 2020-10-05 11:03 usr/share/afl/testcases/others/pcap/small_capture.pcap
drwxr-xr-x root/root         0 2020-10-05 11:03 usr/share/afl/testcases/others/pdf/
-rw-r--r-- root/root       176 2020-10-05 11:03 usr/share/afl/testcases/others/pdf/small.pdf
drwxr-xr-x root/root         0 2020-10-05 11:03 usr/share/afl/testcases/others/regexp/
-rw-r--r-- root/root        22 2020-10-05 11:03 usr/share/afl/testcases/others/regexp/reg1
-rw-r--r-- root/root        11 2020-10-05 11:03 usr/share/afl/testcases/others/regexp/reg2
-rw-r--r-- root/root         7 2020-10-05 11:03 usr/share/afl/testcases/others/regexp/reg3
-rw-r--r-- root/root        11 2020-10-05 11:03 usr/share/afl/testcases/others/regexp/reg4
drwxr-xr-x root/root         0 2020-10-05 11:03 usr/share/afl/testcases/others/rtf/
-rw-r--r-- root/root        21 2020-10-05 11:03 usr/share/afl/testcases/others/rtf/small_document.rtf
drwxr-xr-x root/root         0 2020-10-05 11:03 usr/share/afl/testcases/others/sql/
-rw-r--r-- root/root        75 2020-10-05 11:03 usr/share/afl/testcases/others/sql/simple_queries.sql
drwxr-xr-x root/root         0 2020-10-05 11:03 usr/share/afl/testcases/others/text/
-rw-r--r-- root/root         6 2020-10-05 11:03 usr/share/afl/testcases/others/text/hello_world.txt
drwxr-xr-x root/root         0 2020-10-05 11:03 usr/share/afl/testcases/others/xml/
-rw-r--r-- root/root        15 2020-10-05 11:03 usr/share/afl/testcases/others/xml/small_document.xml


