++========================================
||
||   Package:  ./masscan/masscan-1.3.2-x86_64-1cf.txz
||
++========================================
drwxr-xr-x root/root         0 2021-01-31 11:08 ./
drwxr-xr-x root/root         0 2021-01-31 11:08 etc/
drwxr-xr-x root/root         0 2021-01-31 11:08 etc/masscan/
-rw-r--r-- root/root      7874 2021-01-31 11:08 etc/masscan/exclude.conf
drwxr-xr-x root/root         0 2021-01-31 11:08 install/
-rw-r--r-- root/root       716 2021-01-31 11:08 install/slack-desc
drwxr-xr-x root/root         0 2021-01-31 11:08 usr/
drwxr-xr-x root/root         0 2021-01-31 11:08 usr/bin/
-rwxr-xr-x root/root    436000 2021-01-31 11:08 usr/bin/masscan
drwxr-xr-x root/root         0 2021-01-31 11:08 usr/doc/
drwxr-xr-x root/root         0 2021-01-31 11:08 usr/doc/masscan-1.3.2/
-rw-r--r-- root/root       545 2021-01-31 10:13 usr/doc/masscan-1.3.2/LICENSE
-rw-r--r-- root/root     23813 2021-01-31 10:13 usr/doc/masscan-1.3.2/README.md
-rw-r--r-- root/root      2081 2021-01-31 10:13 usr/doc/masscan-1.3.2/VULNINFO.md
-rw-r--r-- root/root     12793 2021-01-31 10:13 usr/doc/masscan-1.3.2/algorithm.js
-rw-r--r-- root/root      3080 2021-01-31 11:08 usr/doc/masscan-1.3.2/masscan.SlackBuild
drwxr-xr-x root/root         0 2021-01-31 11:08 usr/man/
drwxr-xr-x root/root         0 2021-01-31 11:08 usr/man/man8/
-rw-r--r-- root/root      6278 2021-01-31 11:08 usr/man/man8/masscan.8.gz


