++========================================
||
||   Package:  ./pynacl/pynacl-1.4.0-x86_64-3cf.txz
||
++========================================
drwxr-xr-x root/root         0 2020-10-26 11:49 ./
drwxr-xr-x root/root         0 2020-10-26 11:49 install/
-rw-r--r-- root/root       727 2020-10-26 11:49 install/slack-desc
drwxr-xr-x root/root         0 2020-10-26 11:49 usr/
drwxr-xr-x root/root         0 2020-10-26 11:49 usr/doc/
drwxr-xr-x root/root         0 2020-10-26 11:49 usr/doc/pynacl-1.4.0/
-rw-r--r-- root/root      4537 2020-05-25 21:10 usr/doc/pynacl-1.4.0/CHANGELOG.rst
-rw-r--r-- root/root      1136 2020-05-25 21:10 usr/doc/pynacl-1.4.0/INSTALL.rst
-rw-r--r-- root/root      9694 2020-05-25 21:10 usr/doc/pynacl-1.4.0/LICENSE
-rw-r--r-- root/root      1298 2020-05-25 21:10 usr/doc/pynacl-1.4.0/README.rst
-rw-r--r-- root/root      3205 2020-10-26 11:49 usr/doc/pynacl-1.4.0/pynacl.SlackBuild
drwxr-xr-x root/root         0 2020-10-26 11:49 usr/lib64/
drwxr-xr-x root/root         0 2020-10-26 11:49 usr/lib64/python3.9/
drwxr-xr-x root/root         0 2020-10-26 11:49 usr/lib64/python3.9/site-packages/
drwxr-xr-x root/root         0 2020-10-26 11:49 usr/lib64/python3.9/site-packages/PyNaCl-1.4.0-py3.9.egg-info/
-rw-r--r-- root/root      9437 2020-10-26 11:49 usr/lib64/python3.9/site-packages/PyNaCl-1.4.0-py3.9.egg-info/PKG-INFO
-rw-r--r-- root/root     39137 2020-10-26 11:49 usr/lib64/python3.9/site-packages/PyNaCl-1.4.0-py3.9.egg-info/SOURCES.txt
-rw-r--r-- root/root         1 2020-10-26 11:49 usr/lib64/python3.9/site-packages/PyNaCl-1.4.0-py3.9.egg-info/dependency_links.txt
-rw-r--r-- root/root         1 2020-05-25 21:38 usr/lib64/python3.9/site-packages/PyNaCl-1.4.0-py3.9.egg-info/not-zip-safe
-rw-r--r-- root/root       105 2020-10-26 11:49 usr/lib64/python3.9/site-packages/PyNaCl-1.4.0-py3.9.egg-info/requires.txt
-rw-r--r-- root/root        13 2020-10-26 11:49 usr/lib64/python3.9/site-packages/PyNaCl-1.4.0-py3.9.egg-info/top_level.txt
drwxr-xr-x root/root         0 2020-10-26 11:49 usr/lib64/python3.9/site-packages/nacl/
-rw-r--r-- root/root      1170 2020-05-25 21:10 usr/lib64/python3.9/site-packages/nacl/__init__.py
drwxr-xr-x root/root         0 2020-10-26 11:49 usr/lib64/python3.9/site-packages/nacl/__pycache__/
-rw-r--r-- root/root       667 2020-10-26 11:49 usr/lib64/python3.9/site-packages/nacl/__pycache__/__init__.cpython-39.pyc
-rw-r--r-- root/root      3019 2020-10-26 11:49 usr/lib64/python3.9/site-packages/nacl/__pycache__/encoding.cpython-39.pyc
-rw-r--r-- root/root      2485 2020-10-26 11:49 usr/lib64/python3.9/site-packages/nacl/__pycache__/exceptions.cpython-39.pyc
-rw-r--r-- root/root      4850 2020-10-26 11:49 usr/lib64/python3.9/site-packages/nacl/__pycache__/hash.cpython-39.pyc
-rw-r--r-- root/root      4368 2020-10-26 11:49 usr/lib64/python3.9/site-packages/nacl/__pycache__/hashlib.cpython-39.pyc
-rw-r--r-- root/root     12072 2020-10-26 11:49 usr/lib64/python3.9/site-packages/nacl/__pycache__/public.cpython-39.pyc
-rw-r--r-- root/root      4557 2020-10-26 11:49 usr/lib64/python3.9/site-packages/nacl/__pycache__/secret.cpython-39.pyc
-rw-r--r-- root/root      7283 2020-10-26 11:49 usr/lib64/python3.9/site-packages/nacl/__pycache__/signing.cpython-39.pyc
-rw-r--r-- root/root      2375 2020-10-26 11:49 usr/lib64/python3.9/site-packages/nacl/__pycache__/utils.cpython-39.pyc
-rwxr-xr-x root/root    437632 2020-10-26 11:49 usr/lib64/python3.9/site-packages/nacl/_sodium.abi3.so
drwxr-xr-x root/root         0 2020-10-26 11:49 usr/lib64/python3.9/site-packages/nacl/bindings/
-rw-r--r-- root/root     16883 2020-05-25 21:10 usr/lib64/python3.9/site-packages/nacl/bindings/__init__.py
drwxr-xr-x root/root         0 2020-10-26 11:49 usr/lib64/python3.9/site-packages/nacl/bindings/__pycache__/
-rw-r--r-- root/root     10618 2020-10-26 11:49 usr/lib64/python3.9/site-packages/nacl/bindings/__pycache__/__init__.cpython-39.pyc
-rw-r--r-- root/root      8584 2020-10-26 11:49 usr/lib64/python3.9/site-packages/nacl/bindings/__pycache__/crypto_aead.cpython-39.pyc
-rw-r--r-- root/root      7624 2020-10-26 11:49 usr/lib64/python3.9/site-packages/nacl/bindings/__pycache__/crypto_box.cpython-39.pyc
-rw-r--r-- root/root     10529 2020-10-26 11:49 usr/lib64/python3.9/site-packages/nacl/bindings/__pycache__/crypto_core.cpython-39.pyc
-rw-r--r-- root/root      7009 2020-10-26 11:49 usr/lib64/python3.9/site-packages/nacl/bindings/__pycache__/crypto_generichash.cpython-39.pyc
-rw-r--r-- root/root      1445 2020-10-26 11:49 usr/lib64/python3.9/site-packages/nacl/bindings/__pycache__/crypto_hash.cpython-39.pyc
-rw-r--r-- root/root      4106 2020-10-26 11:49 usr/lib64/python3.9/site-packages/nacl/bindings/__pycache__/crypto_kx.cpython-39.pyc
-rw-r--r-- root/root     13194 2020-10-26 11:49 usr/lib64/python3.9/site-packages/nacl/bindings/__pycache__/crypto_pwhash.cpython-39.pyc
-rw-r--r-- root/root      6223 2020-10-26 11:49 usr/lib64/python3.9/site-packages/nacl/bindings/__pycache__/crypto_scalarmult.cpython-39.pyc
-rw-r--r-- root/root      2168 2020-10-26 11:49 usr/lib64/python3.9/site-packages/nacl/bindings/__pycache__/crypto_secretbox.cpython-39.pyc
-rw-r--r-- root/root      7903 2020-10-26 11:49 usr/lib64/python3.9/site-packages/nacl/bindings/__pycache__/crypto_secretstream.cpython-39.pyc
-rw-r--r-- root/root      2057 2020-10-26 11:49 usr/lib64/python3.9/site-packages/nacl/bindings/__pycache__/crypto_shorthash.cpython-39.pyc
-rw-r--r-- root/root      8265 2020-10-26 11:49 usr/lib64/python3.9/site-packages/nacl/bindings/__pycache__/crypto_sign.cpython-39.pyc
-rw-r--r-- root/root      1230 2020-10-26 11:49 usr/lib64/python3.9/site-packages/nacl/bindings/__pycache__/randombytes.cpython-39.pyc
-rw-r--r-- root/root       848 2020-10-26 11:49 usr/lib64/python3.9/site-packages/nacl/bindings/__pycache__/sodium_core.cpython-39.pyc
-rw-r--r-- root/root      3802 2020-10-26 11:49 usr/lib64/python3.9/site-packages/nacl/bindings/__pycache__/utils.cpython-39.pyc
-rw-r--r-- root/root     17335 2020-05-25 21:10 usr/lib64/python3.9/site-packages/nacl/bindings/crypto_aead.py
-rw-r--r-- root/root      9958 2020-05-25 21:10 usr/lib64/python3.9/site-packages/nacl/bindings/crypto_box.py
-rw-r--r-- root/root     13433 2020-05-25 21:10 usr/lib64/python3.9/site-packages/nacl/bindings/crypto_core.py
-rw-r--r-- root/root      8949 2020-05-25 21:10 usr/lib64/python3.9/site-packages/nacl/bindings/crypto_generichash.py
-rw-r--r-- root/root      2243 2020-05-25 21:10 usr/lib64/python3.9/site-packages/nacl/bindings/crypto_hash.py
-rw-r--r-- root/root      6937 2020-05-25 21:10 usr/lib64/python3.9/site-packages/nacl/bindings/crypto_kx.py
-rw-r--r-- root/root     18696 2020-05-25 21:10 usr/lib64/python3.9/site-packages/nacl/bindings/crypto_pwhash.py
-rw-r--r-- root/root      8208 2020-05-25 21:10 usr/lib64/python3.9/site-packages/nacl/bindings/crypto_scalarmult.py
-rw-r--r-- root/root      2864 2020-05-25 21:10 usr/lib64/python3.9/site-packages/nacl/bindings/crypto_secretbox.py
-rw-r--r-- root/root     10475 2020-05-25 21:10 usr/lib64/python3.9/site-packages/nacl/bindings/crypto_secretstream.py
-rw-r--r-- root/root      2587 2020-05-25 21:10 usr/lib64/python3.9/site-packages/nacl/bindings/crypto_shorthash.py
-rw-r--r-- root/root     10617 2020-05-25 21:10 usr/lib64/python3.9/site-packages/nacl/bindings/crypto_sign.py
-rw-r--r-- root/root      1597 2020-05-25 21:10 usr/lib64/python3.9/site-packages/nacl/bindings/randombytes.py
-rw-r--r-- root/root      1079 2020-05-25 21:10 usr/lib64/python3.9/site-packages/nacl/bindings/sodium_core.py
-rw-r--r-- root/root      4420 2020-05-25 21:10 usr/lib64/python3.9/site-packages/nacl/bindings/utils.py
-rw-r--r-- root/root      1928 2020-05-25 21:10 usr/lib64/python3.9/site-packages/nacl/encoding.py
-rw-r--r-- root/root      2128 2020-05-25 21:10 usr/lib64/python3.9/site-packages/nacl/exceptions.py
-rw-r--r-- root/root      6164 2020-05-25 21:10 usr/lib64/python3.9/site-packages/nacl/hash.py
-rw-r--r-- root/root      4197 2020-05-25 21:10 usr/lib64/python3.9/site-packages/nacl/hashlib.py
-rw-r--r-- root/root     13442 2020-05-25 21:10 usr/lib64/python3.9/site-packages/nacl/public.py
drwxr-xr-x root/root         0 2020-10-26 11:49 usr/lib64/python3.9/site-packages/nacl/pwhash/
-rw-r--r-- root/root      2720 2020-05-25 21:10 usr/lib64/python3.9/site-packages/nacl/pwhash/__init__.py
drwxr-xr-x root/root         0 2020-10-26 11:49 usr/lib64/python3.9/site-packages/nacl/pwhash/__pycache__/
-rw-r--r-- root/root      1670 2020-10-26 11:49 usr/lib64/python3.9/site-packages/nacl/pwhash/__pycache__/__init__.cpython-39.pyc
-rw-r--r-- root/root      1361 2020-10-26 11:49 usr/lib64/python3.9/site-packages/nacl/pwhash/__pycache__/_argon2.cpython-39.pyc
-rw-r--r-- root/root      3787 2020-10-26 11:49 usr/lib64/python3.9/site-packages/nacl/pwhash/__pycache__/argon2i.cpython-39.pyc
-rw-r--r-- root/root      3800 2020-10-26 11:49 usr/lib64/python3.9/site-packages/nacl/pwhash/__pycache__/argon2id.cpython-39.pyc
-rw-r--r-- root/root      5672 2020-10-26 11:49 usr/lib64/python3.9/site-packages/nacl/pwhash/__pycache__/scrypt.cpython-39.pyc
-rw-r--r-- root/root      1878 2020-05-25 21:10 usr/lib64/python3.9/site-packages/nacl/pwhash/_argon2.py
-rw-r--r-- root/root      4598 2020-05-25 21:10 usr/lib64/python3.9/site-packages/nacl/pwhash/argon2i.py
-rw-r--r-- root/root      4610 2020-05-25 21:10 usr/lib64/python3.9/site-packages/nacl/pwhash/argon2id.py
-rw-r--r-- root/root      6731 2020-05-25 21:10 usr/lib64/python3.9/site-packages/nacl/pwhash/scrypt.py
-rw-r--r-- root/root      5430 2020-05-25 21:10 usr/lib64/python3.9/site-packages/nacl/secret.py
-rw-r--r-- root/root      7339 2020-05-25 21:10 usr/lib64/python3.9/site-packages/nacl/signing.py
-rw-r--r-- root/root      2166 2020-05-25 21:10 usr/lib64/python3.9/site-packages/nacl/utils.py


