++========================================
||
||   Package:  ./python-attrs/python-attrs-22.1.0-x86_64-1cf.txz
||
++========================================
drwxr-xr-x root/root         0 2022-07-29 13:18 ./
drwxr-xr-x root/root         0 2022-07-29 13:18 install/
-rw-r--r-- root/root       861 2022-07-29 13:18 install/slack-desc
drwxr-xr-x root/root         0 2022-07-29 13:18 usr/
drwxr-xr-x root/root         0 2022-07-29 13:18 usr/doc/
drwxr-xr-x root/root         0 2022-07-29 13:18 usr/doc/python-attrs-22.1.0/
-rw-r--r-- root/root       743 2022-07-27 16:35 usr/doc/python-attrs-22.1.0/AUTHORS.rst
-rw-r--r-- root/root     54287 2022-07-28 15:00 usr/doc/python-attrs-22.1.0/CHANGELOG.rst
-rw-r--r-- root/root      1109 2022-07-28 09:32 usr/doc/python-attrs-22.1.0/LICENSE
-rw-r--r-- root/root      5559 2022-07-28 08:47 usr/doc/python-attrs-22.1.0/README.rst
-rw-r--r-- root/root      3518 2022-07-29 13:18 usr/doc/python-attrs-22.1.0/python-attrs.SlackBuild
drwxr-xr-x root/root         0 2022-07-29 13:18 usr/lib64/
drwxr-xr-x root/root         0 2022-07-29 13:18 usr/lib64/python3.9/
drwxr-xr-x root/root         0 2022-07-29 13:18 usr/lib64/python3.9/site-packages/
drwxr-xr-x root/root         0 2022-07-29 13:18 usr/lib64/python3.9/site-packages/attr/
-rw-r--r-- root/root      1602 2022-07-28 15:00 usr/lib64/python3.9/site-packages/attr/__init__.py
-rw-r--r-- root/root     15137 2022-05-02 03:42 usr/lib64/python3.9/site-packages/attr/__init__.pyi
drwxr-xr-x root/root         0 2022-07-29 13:18 usr/lib64/python3.9/site-packages/attr/__pycache__/
-rw-r--r-- root/root      1586 2022-07-29 13:18 usr/lib64/python3.9/site-packages/attr/__pycache__/__init__.cpython-39.pyc
-rw-r--r-- root/root      3735 2022-07-29 13:18 usr/lib64/python3.9/site-packages/attr/__pycache__/_cmp.cpython-39.pyc
-rw-r--r-- root/root      4198 2022-07-29 13:18 usr/lib64/python3.9/site-packages/attr/__pycache__/_compat.cpython-39.pyc
-rw-r--r-- root/root       962 2022-07-29 13:18 usr/lib64/python3.9/site-packages/attr/__pycache__/_config.cpython-39.pyc
-rw-r--r-- root/root     10248 2022-07-29 13:18 usr/lib64/python3.9/site-packages/attr/__pycache__/_funcs.cpython-39.pyc
-rw-r--r-- root/root     72364 2022-07-29 13:18 usr/lib64/python3.9/site-packages/attr/__pycache__/_make.cpython-39.pyc
-rw-r--r-- root/root      4928 2022-07-29 13:18 usr/lib64/python3.9/site-packages/attr/__pycache__/_next_gen.cpython-39.pyc
-rw-r--r-- root/root      2280 2022-07-29 13:18 usr/lib64/python3.9/site-packages/attr/__pycache__/_version_info.cpython-39.pyc
-rw-r--r-- root/root      3496 2022-07-29 13:18 usr/lib64/python3.9/site-packages/attr/__pycache__/converters.cpython-39.pyc
-rw-r--r-- root/root      3114 2022-07-29 13:18 usr/lib64/python3.9/site-packages/attr/__pycache__/exceptions.cpython-39.pyc
-rw-r--r-- root/root      1581 2022-07-29 13:18 usr/lib64/python3.9/site-packages/attr/__pycache__/filters.cpython-39.pyc
-rw-r--r-- root/root      1486 2022-07-29 13:18 usr/lib64/python3.9/site-packages/attr/__pycache__/setters.cpython-39.pyc
-rw-r--r-- root/root     16821 2022-07-29 13:18 usr/lib64/python3.9/site-packages/attr/__pycache__/validators.cpython-39.pyc
-rw-r--r-- root/root      4102 2022-03-23 07:18 usr/lib64/python3.9/site-packages/attr/_cmp.py
-rw-r--r-- root/root       357 2022-04-07 08:14 usr/lib64/python3.9/site-packages/attr/_cmp.pyi
-rw-r--r-- root/root      5568 2022-06-28 11:01 usr/lib64/python3.9/site-packages/attr/_compat.py
-rw-r--r-- root/root       826 2022-03-21 08:49 usr/lib64/python3.9/site-packages/attr/_config.py
-rw-r--r-- root/root     14645 2022-03-23 07:18 usr/lib64/python3.9/site-packages/attr/_funcs.py
-rw-r--r-- root/root     97569 2022-03-23 07:18 usr/lib64/python3.9/site-packages/attr/_make.py
-rw-r--r-- root/root      5882 2022-07-28 06:38 usr/lib64/python3.9/site-packages/attr/_next_gen.py
-rw-r--r-- root/root      2121 2022-03-21 08:49 usr/lib64/python3.9/site-packages/attr/_version_info.py
-rw-r--r-- root/root       209 2020-03-29 09:56 usr/lib64/python3.9/site-packages/attr/_version_info.pyi
-rw-r--r-- root/root      3610 2022-03-21 08:49 usr/lib64/python3.9/site-packages/attr/converters.py
-rw-r--r-- root/root       416 2021-08-10 07:45 usr/lib64/python3.9/site-packages/attr/converters.pyi
-rw-r--r-- root/root      1915 2022-03-21 08:49 usr/lib64/python3.9/site-packages/attr/exceptions.py
-rw-r--r-- root/root       539 2021-05-20 17:11 usr/lib64/python3.9/site-packages/attr/exceptions.pyi
-rw-r--r-- root/root      1038 2022-04-07 06:46 usr/lib64/python3.9/site-packages/attr/filters.py
-rw-r--r-- root/root       215 2021-05-20 17:11 usr/lib64/python3.9/site-packages/attr/filters.pyi
-rw-r--r-- root/root         0 2018-07-12 12:28 usr/lib64/python3.9/site-packages/attr/py.typed
-rw-r--r-- root/root      1400 2022-03-21 08:49 usr/lib64/python3.9/site-packages/attr/setters.py
-rw-r--r-- root/root       573 2021-05-20 17:11 usr/lib64/python3.9/site-packages/attr/setters.pyi
-rw-r--r-- root/root     16793 2022-06-13 08:32 usr/lib64/python3.9/site-packages/attr/validators.py
-rw-r--r-- root/root      2355 2022-03-20 09:49 usr/lib64/python3.9/site-packages/attr/validators.pyi
drwxr-xr-x root/root         0 2022-07-29 13:18 usr/lib64/python3.9/site-packages/attrs/
drwxr-xr-x root/root         0 2022-07-29 13:18 usr/lib64/python3.9/site-packages/attrs-22.1.0-py3.9.egg-info/
-rw-r--r-- root/root      9313 2022-07-29 13:18 usr/lib64/python3.9/site-packages/attrs-22.1.0-py3.9.egg-info/PKG-INFO
-rw-r--r-- root/root      2251 2022-07-29 13:18 usr/lib64/python3.9/site-packages/attrs-22.1.0-py3.9.egg-info/SOURCES.txt
-rw-r--r-- root/root         1 2022-07-29 13:18 usr/lib64/python3.9/site-packages/attrs-22.1.0-py3.9.egg-info/dependency_links.txt
-rw-r--r-- root/root         1 2015-10-16 15:04 usr/lib64/python3.9/site-packages/attrs-22.1.0-py3.9.egg-info/not-zip-safe
-rw-r--r-- root/root       649 2022-07-29 13:18 usr/lib64/python3.9/site-packages/attrs-22.1.0-py3.9.egg-info/requires.txt
-rw-r--r-- root/root        11 2022-07-29 13:18 usr/lib64/python3.9/site-packages/attrs-22.1.0-py3.9.egg-info/top_level.txt
-rw-r--r-- root/root      1109 2021-12-27 09:24 usr/lib64/python3.9/site-packages/attrs/__init__.py
-rw-r--r-- root/root      2100 2022-04-07 08:14 usr/lib64/python3.9/site-packages/attrs/__init__.pyi
drwxr-xr-x root/root         0 2022-07-29 13:18 usr/lib64/python3.9/site-packages/attrs/__pycache__/
-rw-r--r-- root/root      1040 2022-07-29 13:18 usr/lib64/python3.9/site-packages/attrs/__pycache__/__init__.cpython-39.pyc
-rw-r--r-- root/root       177 2022-07-29 13:18 usr/lib64/python3.9/site-packages/attrs/__pycache__/converters.cpython-39.pyc
-rw-r--r-- root/root       177 2022-07-29 13:18 usr/lib64/python3.9/site-packages/attrs/__pycache__/exceptions.cpython-39.pyc
-rw-r--r-- root/root       171 2022-07-29 13:18 usr/lib64/python3.9/site-packages/attrs/__pycache__/filters.cpython-39.pyc
-rw-r--r-- root/root       171 2022-07-29 13:18 usr/lib64/python3.9/site-packages/attrs/__pycache__/setters.cpython-39.pyc
-rw-r--r-- root/root       177 2022-07-29 13:18 usr/lib64/python3.9/site-packages/attrs/__pycache__/validators.cpython-39.pyc
-rw-r--r-- root/root        70 2021-12-27 09:24 usr/lib64/python3.9/site-packages/attrs/converters.py
-rw-r--r-- root/root        70 2021-12-27 09:24 usr/lib64/python3.9/site-packages/attrs/exceptions.py
-rw-r--r-- root/root        67 2021-12-27 09:24 usr/lib64/python3.9/site-packages/attrs/filters.py
-rw-r--r-- root/root         0 2021-12-27 08:02 usr/lib64/python3.9/site-packages/attrs/py.typed
-rw-r--r-- root/root        67 2021-12-27 09:24 usr/lib64/python3.9/site-packages/attrs/setters.py
-rw-r--r-- root/root        70 2021-12-27 09:24 usr/lib64/python3.9/site-packages/attrs/validators.py


