++========================================
||
||   Package:  ./msgpack-python/msgpack-python-1.0.4-x86_64-1cf.txz
||
++========================================
drwxr-xr-x root/root         0 2022-06-05 07:38 ./
drwxr-xr-x root/root         0 2022-06-05 07:38 install/
-rw-r--r-- root/root       861 2022-06-05 07:38 install/slack-desc
drwxr-xr-x root/root         0 2022-06-05 07:38 usr/
drwxr-xr-x root/root         0 2022-06-05 07:38 usr/doc/
drwxr-xr-x root/root         0 2022-06-05 07:38 usr/doc/msgpack-python-1.0.4/
-rw-r--r-- root/root       614 2014-02-12 17:44 usr/doc/msgpack-python-1.0.4/COPYING
-rw-r--r-- root/root       125 2019-12-12 10:21 usr/doc/msgpack-python-1.0.4/MANIFEST.in
-rw-r--r-- root/root      7697 2021-02-26 12:54 usr/doc/msgpack-python-1.0.4/README.md
-rw-r--r-- root/root      3218 2022-06-05 07:38 usr/doc/msgpack-python-1.0.4/msgpack-python.SlackBuild
drwxr-xr-x root/root         0 2022-06-05 07:38 usr/lib64/
drwxr-xr-x root/root         0 2022-06-05 07:38 usr/lib64/python3.9/
drwxr-xr-x root/root         0 2022-06-05 07:38 usr/lib64/python3.9/site-packages/
drwxr-xr-x root/root         0 2022-06-05 07:38 usr/lib64/python3.9/site-packages/msgpack/
drwxr-xr-x root/root         0 2022-06-05 07:38 usr/lib64/python3.9/site-packages/msgpack-1.0.4-py3.9.egg-info/
-rw-r--r-- root/root      8720 2022-06-05 07:38 usr/lib64/python3.9/site-packages/msgpack-1.0.4-py3.9.egg-info/PKG-INFO
-rw-r--r-- root/root       850 2022-06-05 07:38 usr/lib64/python3.9/site-packages/msgpack-1.0.4-py3.9.egg-info/SOURCES.txt
-rw-r--r-- root/root         1 2022-06-05 07:38 usr/lib64/python3.9/site-packages/msgpack-1.0.4-py3.9.egg-info/dependency_links.txt
-rw-r--r-- root/root         8 2022-06-05 07:38 usr/lib64/python3.9/site-packages/msgpack-1.0.4-py3.9.egg-info/top_level.txt
-rw-r--r-- root/root      1132 2022-06-03 06:46 usr/lib64/python3.9/site-packages/msgpack/__init__.py
drwxr-xr-x root/root         0 2022-06-05 07:38 usr/lib64/python3.9/site-packages/msgpack/__pycache__/
-rw-r--r-- root/root      1386 2022-06-05 07:38 usr/lib64/python3.9/site-packages/msgpack/__pycache__/__init__.cpython-39.pyc
-rw-r--r-- root/root      1806 2022-06-05 07:38 usr/lib64/python3.9/site-packages/msgpack/__pycache__/exceptions.cpython-39.pyc
-rw-r--r-- root/root      6234 2022-06-05 07:38 usr/lib64/python3.9/site-packages/msgpack/__pycache__/ext.cpython-39.pyc
-rw-r--r-- root/root     25611 2022-06-05 07:38 usr/lib64/python3.9/site-packages/msgpack/__pycache__/fallback.cpython-39.pyc
-rwxr-xr-x root/root    139632 2022-06-05 07:38 usr/lib64/python3.9/site-packages/msgpack/_cmsgpack.cpython-39-x86_64-linux-gnu.so
-rw-r--r-- root/root      1081 2019-01-25 11:46 usr/lib64/python3.9/site-packages/msgpack/exceptions.py
-rw-r--r-- root/root      6080 2022-05-23 07:55 usr/lib64/python3.9/site-packages/msgpack/ext.py
-rw-r--r-- root/root     34557 2022-05-25 02:59 usr/lib64/python3.9/site-packages/msgpack/fallback.py


