++========================================
||
||   Package:  ./rrdtool/rrdtool-1.8.0-x86_64-2cf.txz
||
++========================================
drwxr-xr-x root/root         0 2022-07-31 12:39 ./
drwxr-xr-x root/root         0 2022-07-31 12:39 install/
-rw-r--r-- root/root       647 2022-07-31 12:39 install/doinst.sh
-rw-r--r-- root/root       765 2022-07-31 12:39 install/slack-desc
-rw-r--r-- root/root        11 2022-07-31 12:39 install/slack-required
drwxr-xr-x root/root         0 2022-07-31 12:39 usr/
drwxr-xr-x root/root         0 2022-07-31 12:39 usr/bin/
-rwxr-xr-x root/root     82112 2022-07-31 12:39 usr/bin/rrdcached
-rwxr-xr-x root/root     31184 2022-07-31 12:39 usr/bin/rrdcgi
-rwxr-xr-x root/root     27088 2022-07-31 12:39 usr/bin/rrdtool
-rwxr-xr-x root/root    158920 2022-07-31 12:39 usr/bin/rrdupdate
drwxr-xr-x root/root         0 2022-07-31 12:39 usr/doc/
drwxr-xr-x root/root         0 2022-07-31 12:39 usr/doc/rrdtool-1.8.0/
-rw-r--r-- root/root     76502 2022-03-14 15:29 usr/doc/rrdtool-1.8.0/ABOUT-NLS
-rw-r--r-- root/root    297775 2022-03-14 15:27 usr/doc/rrdtool-1.8.0/CHANGES
-rw-r--r-- root/root      5199 2022-03-14 15:27 usr/doc/rrdtool-1.8.0/CONTRIBUTORS
-rw-r--r-- root/root      3606 2022-03-14 15:27 usr/doc/rrdtool-1.8.0/COPYRIGHT
-rw-r--r-- root/root     10002 2022-03-14 15:27 usr/doc/rrdtool-1.8.0/NEWS
-rw-r--r-- root/root      1698 2022-03-14 15:27 usr/doc/rrdtool-1.8.0/THREADS
-rw-r--r-- root/root       403 2022-03-14 15:27 usr/doc/rrdtool-1.8.0/TODO
drwxr-xr-x root/root         0 2022-07-31 12:39 usr/doc/rrdtool-1.8.0/html/
-rw-r--r-- root/root      4140 2022-07-31 12:39 usr/doc/rrdtool-1.8.0/html/RRDp.html
-rw-r--r-- root/root      7325 2022-07-31 12:39 usr/doc/rrdtool-1.8.0/html/RRDs.html
-rw-r--r-- root/root     14812 2022-07-31 12:39 usr/doc/rrdtool-1.8.0/html/bin_dec_hex.html
-rw-r--r-- root/root     36672 2022-07-31 12:39 usr/doc/rrdtool-1.8.0/html/cdeftutorial.html
-rw-r--r-- root/root     23117 2022-07-31 12:39 usr/doc/rrdtool-1.8.0/html/librrd.html
-rw-r--r-- root/root      8396 2022-07-31 12:39 usr/doc/rrdtool-1.8.0/html/rpntutorial.html
-rw-r--r-- root/root     16459 2022-07-31 12:39 usr/doc/rrdtool-1.8.0/html/rrd-beginners.html
-rw-r--r-- root/root      9972 2022-07-31 12:39 usr/doc/rrdtool-1.8.0/html/rrd_pdpcalc.html
-rw-r--r-- root/root     13396 2022-07-31 12:39 usr/doc/rrdtool-1.8.0/html/rrdbuild.html
-rw-r--r-- root/root     35648 2022-07-31 12:39 usr/doc/rrdtool-1.8.0/html/rrdcached.html
-rw-r--r-- root/root      8801 2022-07-31 12:39 usr/doc/rrdtool-1.8.0/html/rrdcgi.html
-rw-r--r-- root/root     37155 2022-07-31 12:39 usr/doc/rrdtool-1.8.0/html/rrdcreate.html
-rw-r--r-- root/root      3667 2022-07-31 12:39 usr/doc/rrdtool-1.8.0/html/rrddump.html
-rw-r--r-- root/root     15289 2022-07-31 12:39 usr/doc/rrdtool-1.8.0/html/rrdfetch.html
-rw-r--r-- root/root      1713 2022-07-31 12:39 usr/doc/rrdtool-1.8.0/html/rrdfirst.html
-rw-r--r-- root/root      2251 2022-07-31 12:39 usr/doc/rrdtool-1.8.0/html/rrdflushcached.html
-rw-r--r-- root/root     29212 2022-07-31 12:39 usr/doc/rrdtool-1.8.0/html/rrdgraph.html
-rw-r--r-- root/root      7410 2022-07-31 12:39 usr/doc/rrdtool-1.8.0/html/rrdgraph_data.html
-rw-r--r-- root/root      8672 2022-07-31 12:39 usr/doc/rrdtool-1.8.0/html/rrdgraph_examples.html
-rw-r--r-- root/root     24221 2022-07-31 12:39 usr/doc/rrdtool-1.8.0/html/rrdgraph_graph.html
-rw-r--r-- root/root      8448 2022-07-31 12:39 usr/doc/rrdtool-1.8.0/html/rrdgraph_libdbi.html
-rw-r--r-- root/root     21126 2022-07-31 12:39 usr/doc/rrdtool-1.8.0/html/rrdgraph_rpn.html
-rw-r--r-- root/root      3577 2022-07-31 12:39 usr/doc/rrdtool-1.8.0/html/rrdinfo.html
-rw-r--r-- root/root      2069 2022-07-31 12:39 usr/doc/rrdtool-1.8.0/html/rrdlast.html
-rw-r--r-- root/root      2060 2022-07-31 12:39 usr/doc/rrdtool-1.8.0/html/rrdlastupdate.html
-rw-r--r-- root/root      2609 2022-07-31 12:39 usr/doc/rrdtool-1.8.0/html/rrdlist.html
-rw-r--r-- root/root      8008 2022-07-31 12:39 usr/doc/rrdtool-1.8.0/html/rrdlua.html
-rw-r--r-- root/root      3126 2022-07-31 12:39 usr/doc/rrdtool-1.8.0/html/rrdpython.html
-rw-r--r-- root/root      1979 2022-07-31 12:39 usr/doc/rrdtool-1.8.0/html/rrdresize.html
-rw-r--r-- root/root      2099 2022-07-31 12:39 usr/doc/rrdtool-1.8.0/html/rrdrestore.html
-rw-r--r-- root/root      3080 2022-07-31 12:39 usr/doc/rrdtool-1.8.0/html/rrdruby.html
-rw-r--r-- root/root      4918 2022-07-31 12:39 usr/doc/rrdtool-1.8.0/html/rrdthreads.html
-rw-r--r-- root/root     15081 2022-07-31 12:39 usr/doc/rrdtool-1.8.0/html/rrdtool.html
-rw-r--r-- root/root     14986 2022-07-31 12:39 usr/doc/rrdtool-1.8.0/html/rrdtune.html
-rw-r--r-- root/root     56592 2022-07-31 12:39 usr/doc/rrdtool-1.8.0/html/rrdtutorial.html
-rw-r--r-- root/root      8602 2022-07-31 12:39 usr/doc/rrdtool-1.8.0/html/rrdupdate.html
-rw-r--r-- root/root     10497 2022-07-31 12:39 usr/doc/rrdtool-1.8.0/html/rrdxport.html
-rw-r--r-- root/root      4976 2022-07-31 12:39 usr/doc/rrdtool-1.8.0/rrdtool.SlackBuild
drwxr-xr-x root/root         0 2022-07-31 12:39 usr/doc/rrdtool-1.8.0/txt/
-rw-r--r-- root/root     13259 2022-07-31 12:39 usr/doc/rrdtool-1.8.0/txt/bin_dec_hex.pod
-rw-r--r-- root/root     15553 2022-07-31 12:39 usr/doc/rrdtool-1.8.0/txt/bin_dec_hex.txt
-rw-r--r-- root/root     31844 2022-07-31 12:39 usr/doc/rrdtool-1.8.0/txt/cdeftutorial.pod
-rw-r--r-- root/root     36836 2022-07-31 12:39 usr/doc/rrdtool-1.8.0/txt/cdeftutorial.txt
-rw-r--r-- root/root     25348 2022-07-31 12:39 usr/doc/rrdtool-1.8.0/txt/librrd.txt
-rw-r--r-- root/root      6766 2022-07-31 12:39 usr/doc/rrdtool-1.8.0/txt/rpntutorial.pod
-rw-r--r-- root/root      7885 2022-07-31 12:39 usr/doc/rrdtool-1.8.0/txt/rpntutorial.txt
-rw-r--r-- root/root     14926 2022-07-31 12:39 usr/doc/rrdtool-1.8.0/txt/rrd-beginners.pod
-rw-r--r-- root/root     17483 2022-07-31 12:39 usr/doc/rrdtool-1.8.0/txt/rrd-beginners.txt
-rw-r--r-- root/root      8191 2022-07-31 12:39 usr/doc/rrdtool-1.8.0/txt/rrd_pdpcalc.pod
-rw-r--r-- root/root     10062 2022-07-31 12:39 usr/doc/rrdtool-1.8.0/txt/rrd_pdpcalc.txt
-rw-r--r-- root/root     11057 2022-07-31 12:39 usr/doc/rrdtool-1.8.0/txt/rrdbuild.pod
-rw-r--r-- root/root     13694 2022-07-31 12:39 usr/doc/rrdtool-1.8.0/txt/rrdbuild.txt
-rw-r--r-- root/root     29060 2022-07-31 12:39 usr/doc/rrdtool-1.8.0/txt/rrdcached.pod
-rw-r--r-- root/root     35966 2022-07-31 12:39 usr/doc/rrdtool-1.8.0/txt/rrdcached.txt
-rw-r--r-- root/root      6558 2022-07-31 12:39 usr/doc/rrdtool-1.8.0/txt/rrdcgi.pod
-rw-r--r-- root/root      8788 2022-07-31 12:39 usr/doc/rrdtool-1.8.0/txt/rrdcgi.txt
-rw-r--r-- root/root     32135 2022-07-31 12:39 usr/doc/rrdtool-1.8.0/txt/rrdcreate.pod
-rw-r--r-- root/root     39570 2022-07-31 12:39 usr/doc/rrdtool-1.8.0/txt/rrdcreate.txt
-rw-r--r-- root/root      2410 2022-07-31 12:39 usr/doc/rrdtool-1.8.0/txt/rrddump.pod
-rw-r--r-- root/root      3250 2022-07-31 12:39 usr/doc/rrdtool-1.8.0/txt/rrddump.txt
-rw-r--r-- root/root     11849 2022-07-31 12:39 usr/doc/rrdtool-1.8.0/txt/rrdfetch.pod
-rw-r--r-- root/root     14991 2022-07-31 12:39 usr/doc/rrdtool-1.8.0/txt/rrdfetch.txt
-rw-r--r-- root/root       969 2022-07-31 12:39 usr/doc/rrdtool-1.8.0/txt/rrdfirst.pod
-rw-r--r-- root/root      1472 2022-07-31 12:39 usr/doc/rrdtool-1.8.0/txt/rrdfirst.txt
-rw-r--r-- root/root      1391 2022-07-31 12:39 usr/doc/rrdtool-1.8.0/txt/rrdflushcached.pod
-rw-r--r-- root/root      1906 2022-07-31 12:39 usr/doc/rrdtool-1.8.0/txt/rrdflushcached.txt
-rw-r--r-- root/root     24202 2022-07-31 12:39 usr/doc/rrdtool-1.8.0/txt/rrdgraph.pod
-rw-r--r-- root/root     30586 2022-07-31 12:39 usr/doc/rrdtool-1.8.0/txt/rrdgraph.txt
-rw-r--r-- root/root      6043 2022-07-31 12:39 usr/doc/rrdtool-1.8.0/txt/rrdgraph_data.pod
-rw-r--r-- root/root      7391 2022-07-31 12:39 usr/doc/rrdtool-1.8.0/txt/rrdgraph_data.txt
-rw-r--r-- root/root      6852 2022-07-31 12:39 usr/doc/rrdtool-1.8.0/txt/rrdgraph_examples.pod
-rw-r--r-- root/root      8504 2022-07-31 12:39 usr/doc/rrdtool-1.8.0/txt/rrdgraph_examples.txt
-rw-r--r-- root/root     18565 2022-07-31 12:39 usr/doc/rrdtool-1.8.0/txt/rrdgraph_graph.pod
-rw-r--r-- root/root     23342 2022-07-31 12:39 usr/doc/rrdtool-1.8.0/txt/rrdgraph_graph.txt
-rw-r--r-- root/root      6963 2022-07-31 12:39 usr/doc/rrdtool-1.8.0/txt/rrdgraph_libdbi.pod
-rw-r--r-- root/root      8801 2022-07-31 12:39 usr/doc/rrdtool-1.8.0/txt/rrdgraph_libdbi.txt
-rw-r--r-- root/root     17873 2022-07-31 12:39 usr/doc/rrdtool-1.8.0/txt/rrdgraph_rpn.pod
-rw-r--r-- root/root     22777 2022-07-31 12:39 usr/doc/rrdtool-1.8.0/txt/rrdgraph_rpn.txt
-rw-r--r-- root/root      2535 2022-07-31 12:39 usr/doc/rrdtool-1.8.0/txt/rrdinfo.pod
-rw-r--r-- root/root      3389 2022-07-31 12:39 usr/doc/rrdtool-1.8.0/txt/rrdinfo.txt
-rw-r--r-- root/root      1243 2022-07-31 12:39 usr/doc/rrdtool-1.8.0/txt/rrdlast.pod
-rw-r--r-- root/root      1751 2022-07-31 12:39 usr/doc/rrdtool-1.8.0/txt/rrdlast.txt
-rw-r--r-- root/root      1243 2022-07-31 12:39 usr/doc/rrdtool-1.8.0/txt/rrdlastupdate.pod
-rw-r--r-- root/root      1759 2022-07-31 12:39 usr/doc/rrdtool-1.8.0/txt/rrdlastupdate.txt
-rw-r--r-- root/root      1538 2022-07-31 12:39 usr/doc/rrdtool-1.8.0/txt/rrdlist.pod
-rw-r--r-- root/root      2153 2022-07-31 12:39 usr/doc/rrdtool-1.8.0/txt/rrdlist.txt
-rw-r--r-- root/root      6886 2022-07-31 12:39 usr/doc/rrdtool-1.8.0/txt/rrdlua.pod
-rw-r--r-- root/root      8282 2022-07-31 12:39 usr/doc/rrdtool-1.8.0/txt/rrdlua.txt
-rw-r--r-- root/root      2220 2022-07-31 12:39 usr/doc/rrdtool-1.8.0/txt/rrdpython.pod
-rw-r--r-- root/root      2838 2022-07-31 12:39 usr/doc/rrdtool-1.8.0/txt/rrdpython.txt
-rw-r--r-- root/root      1251 2022-07-31 12:39 usr/doc/rrdtool-1.8.0/txt/rrdresize.pod
-rw-r--r-- root/root      1797 2022-07-31 12:39 usr/doc/rrdtool-1.8.0/txt/rrdresize.txt
-rw-r--r-- root/root      1281 2022-07-31 12:39 usr/doc/rrdtool-1.8.0/txt/rrdrestore.pod
-rw-r--r-- root/root      1975 2022-07-31 12:39 usr/doc/rrdtool-1.8.0/txt/rrdrestore.txt
-rw-r--r-- root/root      2100 2022-07-31 12:39 usr/doc/rrdtool-1.8.0/txt/rrdruby.pod
-rw-r--r-- root/root      2754 2022-07-31 12:39 usr/doc/rrdtool-1.8.0/txt/rrdruby.txt
-rw-r--r-- root/root      3744 2022-07-31 12:39 usr/doc/rrdtool-1.8.0/txt/rrdthreads.pod
-rw-r--r-- root/root      4669 2022-07-31 12:39 usr/doc/rrdtool-1.8.0/txt/rrdthreads.txt
-rw-r--r-- root/root     12367 2022-07-31 12:39 usr/doc/rrdtool-1.8.0/txt/rrdtool.pod
-rw-r--r-- root/root     15667 2022-07-31 12:39 usr/doc/rrdtool-1.8.0/txt/rrdtool.txt
-rw-r--r-- root/root     10597 2022-07-31 12:39 usr/doc/rrdtool-1.8.0/txt/rrdtune.pod
-rw-r--r-- root/root     14796 2022-07-31 12:39 usr/doc/rrdtool-1.8.0/txt/rrdtune.txt
-rw-r--r-- root/root     51956 2022-07-31 12:39 usr/doc/rrdtool-1.8.0/txt/rrdtutorial.pod
-rw-r--r-- root/root     59208 2022-07-31 12:39 usr/doc/rrdtool-1.8.0/txt/rrdtutorial.txt
-rw-r--r-- root/root      6828 2022-07-31 12:39 usr/doc/rrdtool-1.8.0/txt/rrdupdate.pod
-rw-r--r-- root/root      9222 2022-07-31 12:39 usr/doc/rrdtool-1.8.0/txt/rrdupdate.txt
-rw-r--r-- root/root      6979 2022-07-31 12:39 usr/doc/rrdtool-1.8.0/txt/rrdxport.pod
-rw-r--r-- root/root      8778 2022-07-31 12:39 usr/doc/rrdtool-1.8.0/txt/rrdxport.txt
drwxr-xr-x root/root         0 2022-07-31 12:38 usr/include/
-rw-r--r-- root/root     13411 2022-07-31 12:38 usr/include/rrd.h
-rw-r--r-- root/root      5355 2022-07-31 12:38 usr/include/rrd_client.h
-rw-r--r-- root/root     18138 2022-07-31 12:38 usr/include/rrd_format.h
drwxr-xr-x root/root         0 2022-07-31 12:39 usr/lib64/
-rwxr-xr-x root/root    371328 2022-07-31 12:39 usr/lib64/librrd.so.8.3.0
drwxr-xr-x root/root         0 2022-07-31 12:38 usr/lib64/lua/
drwxr-xr-x root/root         0 2022-07-31 12:39 usr/lib64/lua/5.4/
-rwxr-xr-x root/root      1042 2022-07-31 12:38 usr/lib64/lua/5.4/rrd.la
-rwxr-xr-x root/root     18616 2022-07-31 12:39 usr/lib64/lua/5.4/rrd.so.0.0.0
drwxr-xr-x root/root         0 2022-07-31 12:39 usr/lib64/perl5/
drwxr-xr-x root/root         0 2022-07-31 12:39 usr/lib64/perl5/vendor_perl/
-rw-r--r-- root/root      6023 2022-03-14 15:30 usr/lib64/perl5/vendor_perl/RRDs.pm
drwxr-xr-x root/root         0 2022-07-31 12:39 usr/lib64/perl5/vendor_perl/auto/
drwxr-xr-x root/root         0 2022-07-31 12:39 usr/lib64/perl5/vendor_perl/auto/RRDs/
-rwxr-xr-x root/root     43496 2022-07-31 12:39 usr/lib64/perl5/vendor_perl/auto/RRDs/RRDs.so
drwxr-xr-x root/root         0 2022-07-31 12:38 usr/lib64/pkgconfig/
-rw-r--r-- root/root       195 2022-07-31 12:38 usr/lib64/pkgconfig/librrd.pc
drwxr-xr-x root/root         0 2022-07-31 12:39 usr/lib64/python2.7/
drwxr-xr-x root/root         0 2022-07-31 12:39 usr/lib64/python2.7/site-packages/
drwxr-xr-x root/root         0 2022-07-31 12:39 usr/lib64/python2.7/site-packages/rrdtool-0.1.10-py2.7.egg-info/
-rw-r--r-- root/root       712 2022-07-31 12:39 usr/lib64/python2.7/site-packages/rrdtool-0.1.10-py2.7.egg-info/PKG-INFO
-rw-r--r-- root/root       158 2022-07-31 12:39 usr/lib64/python2.7/site-packages/rrdtool-0.1.10-py2.7.egg-info/SOURCES.txt
-rw-r--r-- root/root         1 2022-07-31 12:39 usr/lib64/python2.7/site-packages/rrdtool-0.1.10-py2.7.egg-info/dependency_links.txt
-rw-r--r-- root/root         8 2022-07-31 12:39 usr/lib64/python2.7/site-packages/rrdtool-0.1.10-py2.7.egg-info/top_level.txt
-rwxr-xr-x root/root     34416 2022-07-31 12:39 usr/lib64/python2.7/site-packages/rrdtool.so
drwxr-xr-x root/root         0 2022-07-31 12:38 usr/lib64/rrdtool/
-rwxr-xr-x root/root      1243 2022-07-31 12:38 usr/lib64/rrdtool/ifOctets.tcl
-rw-r--r-- root/root        96 2022-07-31 12:38 usr/lib64/rrdtool/pkgIndex.tcl
drwxr-xr-x root/root         0 2022-07-31 12:39 usr/lib64/ruby/
drwxr-xr-x root/root         0 2022-07-31 12:39 usr/lib64/ruby/vendor_ruby/
drwxr-xr-x root/root         0 2022-07-31 12:39 usr/lib64/ruby/vendor_ruby/3.1.0/
drwxr-xr-x root/root         0 2022-07-31 12:39 usr/lib64/ruby/vendor_ruby/3.1.0/x86_64-linux/
-rwxr-xr-x root/root     22728 2022-07-31 12:39 usr/lib64/ruby/vendor_ruby/3.1.0/x86_64-linux/RRD.so
-rwxr-xr-x root/root     27160 2022-07-31 12:39 usr/lib64/tclrrd1.8.0.so
drwxr-xr-x root/root         0 2022-07-31 12:39 usr/man/
drwxr-xr-x root/root         0 2022-07-31 12:39 usr/man/man1/
-rw-r--r-- root/root      7121 2022-07-31 12:39 usr/man/man1/bin_dec_hex.1.gz
-rw-r--r-- root/root     13688 2022-07-31 12:39 usr/man/man1/cdeftutorial.1.gz
-rw-r--r-- root/root      4502 2022-07-31 12:39 usr/man/man1/rpntutorial.1.gz
-rw-r--r-- root/root      7961 2022-07-31 12:39 usr/man/man1/rrd-beginners.1.gz
-rw-r--r-- root/root      5242 2022-07-31 12:39 usr/man/man1/rrd_pdpcalc.1.gz
-rw-r--r-- root/root      6028 2022-07-31 12:39 usr/man/man1/rrdbuild.1.gz
-rw-r--r-- root/root     12801 2022-07-31 12:39 usr/man/man1/rrdcached.1.gz
-rw-r--r-- root/root      4640 2022-07-31 12:39 usr/man/man1/rrdcgi.1.gz
-rw-r--r-- root/root     13711 2022-07-31 12:39 usr/man/man1/rrdcreate.1.gz
-rw-r--r-- root/root      2961 2022-07-31 12:39 usr/man/man1/rrddump.1.gz
-rw-r--r-- root/root      7125 2022-07-31 12:39 usr/man/man1/rrdfetch.1.gz
-rw-r--r-- root/root      2283 2022-07-31 12:39 usr/man/man1/rrdfirst.1.gz
-rw-r--r-- root/root      2512 2022-07-31 12:39 usr/man/man1/rrdflushcached.1.gz
-rw-r--r-- root/root     11456 2022-07-31 12:39 usr/man/man1/rrdgraph.1.gz
-rw-r--r-- root/root      4381 2022-07-31 12:39 usr/man/man1/rrdgraph_data.1.gz
-rw-r--r-- root/root      4618 2022-07-31 12:39 usr/man/man1/rrdgraph_examples.1.gz
-rw-r--r-- root/root      8927 2022-07-31 12:39 usr/man/man1/rrdgraph_graph.1.gz
-rw-r--r-- root/root      4817 2022-07-31 12:39 usr/man/man1/rrdgraph_libdbi.1.gz
-rw-r--r-- root/root      8484 2022-07-31 12:39 usr/man/man1/rrdgraph_rpn.1.gz
-rw-r--r-- root/root      3049 2022-07-31 12:39 usr/man/man1/rrdinfo.1.gz
-rw-r--r-- root/root      2469 2022-07-31 12:39 usr/man/man1/rrdlast.1.gz
-rw-r--r-- root/root      2464 2022-07-31 12:39 usr/man/man1/rrdlastupdate.1.gz
-rw-r--r-- root/root      2562 2022-07-31 12:39 usr/man/man1/rrdlist.1.gz
-rw-r--r-- root/root      4309 2022-07-31 12:39 usr/man/man1/rrdlua.1.gz
-rw-r--r-- root/root      2856 2022-07-31 12:39 usr/man/man1/rrdpython.1.gz
-rw-r--r-- root/root      2412 2022-07-31 12:39 usr/man/man1/rrdresize.1.gz
-rw-r--r-- root/root      2445 2022-07-31 12:39 usr/man/man1/rrdrestore.1.gz
-rw-r--r-- root/root      2828 2022-07-31 12:39 usr/man/man1/rrdruby.1.gz
-rw-r--r-- root/root      3508 2022-07-31 12:39 usr/man/man1/rrdthreads.1.gz
-rw-r--r-- root/root      7121 2022-07-31 12:39 usr/man/man1/rrdtool.1.gz
-rw-r--r-- root/root      5735 2022-07-31 12:39 usr/man/man1/rrdtune.1.gz
-rw-r--r-- root/root     21242 2022-07-31 12:39 usr/man/man1/rrdtutorial.1.gz
-rw-r--r-- root/root      4754 2022-07-31 12:39 usr/man/man1/rrdupdate.1.gz
-rw-r--r-- root/root      4448 2022-07-31 12:39 usr/man/man1/rrdxport.1.gz
drwxr-xr-x root/root         0 2022-07-31 12:39 usr/man/man3/
-rw-r--r-- root/root      2513 2022-07-31 12:38 usr/man/man3/RRDp.3.gz
-rw-r--r-- root/root      3703 2022-07-31 12:38 usr/man/man3/RRDs.3.gz
-rw-r--r-- root/root      7818 2022-07-31 12:39 usr/man/man3/librrd.3.gz
drwxr-xr-x root/root         0 2022-07-31 12:39 usr/share/
drwxr-xr-x root/root         0 2022-07-31 12:39 usr/share/perl5/
drwxr-xr-x root/root         0 2022-07-31 12:39 usr/share/perl5/vendor_perl/
-rw-r--r-- root/root      5497 2022-03-14 15:30 usr/share/perl5/vendor_perl/RRDp.pm
drwxr-xr-x root/root         0 2022-07-31 12:39 usr/share/rrdtool/
drwxr-xr-x root/root         0 2022-07-31 12:39 usr/share/rrdtool/examples/
-rwxr-xr-x root/root      2622 2022-07-31 12:39 usr/share/rrdtool/examples/4charts.pl
-rwxr-xr-x root/root      1187 2022-07-31 12:39 usr/share/rrdtool/examples/bigtops.pl
-rwxr-xr-x root/root       858 2022-07-31 12:39 usr/share/rrdtool/examples/cgi-demo.cgi
-rwxr-xr-x root/root      1144 2022-07-31 12:39 usr/share/rrdtool/examples/minmax.pl
-rwxr-xr-x root/root      5887 2022-07-31 12:39 usr/share/rrdtool/examples/perftest.pl
-rwxr-xr-x root/root      4385 2022-07-31 12:39 usr/share/rrdtool/examples/piped-demo.pl
drwxr-xr-x root/root         0 2022-07-31 12:39 usr/share/rrdtool/examples/rrdcached/
-rw-r--r-- root/root      1725 2022-07-31 12:39 usr/share/rrdtool/examples/rrdcached/RRDCached.pm
-rwxr-xr-x root/root      3485 2022-07-31 12:39 usr/share/rrdtool/examples/rrdcached/rrdcached-size.pl
-rwxr-xr-x root/root      5650 2022-07-31 12:39 usr/share/rrdtool/examples/shared-demo.pl
-rwxr-xr-x root/root      1273 2022-07-31 12:39 usr/share/rrdtool/examples/stripes.pl
-rwxr-xr-x root/root      1424 2022-07-31 12:39 usr/share/rrdtool/examples/stripes.py


