++========================================
||
||   Package:  ./binwalk/binwalk-2.3.3-x86_64-3cf.txz
||
++========================================
drwxr-xr-x root/root         0 2021-11-05 09:59 ./
drwxr-xr-x root/root         0 2021-11-05 09:59 install/
-rw-r--r-- root/root       727 2021-11-05 09:59 install/slack-desc
drwxr-xr-x root/root         0 2021-11-05 09:59 usr/
drwxr-xr-x root/root         0 2021-11-05 09:59 usr/bin/
-rwxr-xr-x root/root        60 2021-11-05 09:59 usr/bin/binwalk
drwxr-xr-x root/root         0 2021-11-05 09:59 usr/doc/
drwxr-xr-x root/root         0 2021-11-05 09:59 usr/doc/binwalk-2.3.3/
-rw-r--r-- root/root      3410 2021-11-05 09:59 usr/doc/binwalk-2.3.3/binwalk.SlackBuild
drwxr-xr-x root/root         0 2021-11-05 09:59 usr/lib64/
drwxr-xr-x root/root         0 2021-11-05 09:59 usr/lib64/python3.9/
drwxr-xr-x root/root         0 2021-11-05 09:59 usr/lib64/python3.9/site-packages/
drwxr-xr-x root/root         0 2021-11-05 09:59 usr/lib64/python3.9/site-packages/binwalk/
drwxr-xr-x root/root         0 2021-11-05 09:59 usr/lib64/python3.9/site-packages/binwalk-2.3.3-py3.9.egg-info/
-rw-r--r-- root/root      3284 2021-11-05 09:59 usr/lib64/python3.9/site-packages/binwalk-2.3.3-py3.9.egg-info/PKG-INFO
-rw-r--r-- root/root      2023 2021-11-05 09:59 usr/lib64/python3.9/site-packages/binwalk-2.3.3-py3.9.egg-info/SOURCES.txt
-rw-r--r-- root/root         1 2021-11-05 09:59 usr/lib64/python3.9/site-packages/binwalk-2.3.3-py3.9.egg-info/dependency_links.txt
-rw-r--r-- root/root         8 2021-11-05 09:59 usr/lib64/python3.9/site-packages/binwalk-2.3.3-py3.9.egg-info/top_level.txt
-rw-r--r-- root/root       455 2021-09-10 19:46 usr/lib64/python3.9/site-packages/binwalk/__init__.py
-rw-r--r-- root/root      2339 2021-09-10 19:46 usr/lib64/python3.9/site-packages/binwalk/__main__.py
drwxr-xr-x root/root         0 2021-11-05 09:59 usr/lib64/python3.9/site-packages/binwalk/__pycache__/
-rw-r--r-- root/root       658 2021-11-05 09:59 usr/lib64/python3.9/site-packages/binwalk/__pycache__/__init__.cpython-39.pyc
-rw-r--r-- root/root      1447 2021-11-05 09:59 usr/lib64/python3.9/site-packages/binwalk/__pycache__/__main__.cpython-39.pyc
drwxr-xr-x root/root         0 2021-11-05 09:59 usr/lib64/python3.9/site-packages/binwalk/config/
-rw-r--r-- root/root      4281 2021-09-10 19:46 usr/lib64/python3.9/site-packages/binwalk/config/extract.conf
drwxr-xr-x root/root         0 2021-11-05 09:59 usr/lib64/python3.9/site-packages/binwalk/core/
-rw-r--r-- root/root         0 2021-09-10 19:46 usr/lib64/python3.9/site-packages/binwalk/core/__init__.py
drwxr-xr-x root/root         0 2021-11-05 09:59 usr/lib64/python3.9/site-packages/binwalk/core/__pycache__/
-rw-r--r-- root/root       150 2021-11-05 09:59 usr/lib64/python3.9/site-packages/binwalk/core/__pycache__/__init__.cpython-39.pyc
-rw-r--r-- root/root     14428 2021-11-05 09:59 usr/lib64/python3.9/site-packages/binwalk/core/__pycache__/common.cpython-39.pyc
-rw-r--r-- root/root      1911 2021-11-05 09:59 usr/lib64/python3.9/site-packages/binwalk/core/__pycache__/compat.cpython-39.pyc
-rw-r--r-- root/root      6368 2021-11-05 09:59 usr/lib64/python3.9/site-packages/binwalk/core/__pycache__/display.cpython-39.pyc
-rw-r--r-- root/root       923 2021-11-05 09:59 usr/lib64/python3.9/site-packages/binwalk/core/__pycache__/exceptions.cpython-39.pyc
-rw-r--r-- root/root      3443 2021-11-05 09:59 usr/lib64/python3.9/site-packages/binwalk/core/__pycache__/idb.cpython-39.pyc
-rw-r--r-- root/root     15632 2021-11-05 09:59 usr/lib64/python3.9/site-packages/binwalk/core/__pycache__/magic.cpython-39.pyc
-rw-r--r-- root/root     24202 2021-11-05 09:59 usr/lib64/python3.9/site-packages/binwalk/core/__pycache__/module.cpython-39.pyc
-rw-r--r-- root/root      8575 2021-11-05 09:59 usr/lib64/python3.9/site-packages/binwalk/core/__pycache__/plugin.cpython-39.pyc
-rw-r--r-- root/root      6283 2021-11-05 09:59 usr/lib64/python3.9/site-packages/binwalk/core/__pycache__/settings.cpython-39.pyc
-rw-r--r-- root/root      2305 2021-11-05 09:59 usr/lib64/python3.9/site-packages/binwalk/core/__pycache__/statuserver.cpython-39.pyc
-rw-r--r-- root/root       686 2021-11-05 09:59 usr/lib64/python3.9/site-packages/binwalk/core/__pycache__/version.cpython-39.pyc
-rw-r--r-- root/root     16822 2021-09-10 19:46 usr/lib64/python3.9/site-packages/binwalk/core/common.py
-rw-r--r-- root/root      1922 2021-09-10 19:46 usr/lib64/python3.9/site-packages/binwalk/core/compat.py
-rw-r--r-- root/root      9081 2021-09-10 19:46 usr/lib64/python3.9/site-packages/binwalk/core/display.py
-rw-r--r-- root/root       475 2021-09-10 19:46 usr/lib64/python3.9/site-packages/binwalk/core/exceptions.py
-rw-r--r-- root/root      4363 2021-09-10 19:46 usr/lib64/python3.9/site-packages/binwalk/core/idb.py
-rw-r--r-- root/root     39195 2021-09-10 19:46 usr/lib64/python3.9/site-packages/binwalk/core/magic.py
-rw-r--r-- root/root     34240 2021-09-10 19:46 usr/lib64/python3.9/site-packages/binwalk/core/module.py
-rw-r--r-- root/root      9792 2021-09-10 19:46 usr/lib64/python3.9/site-packages/binwalk/core/plugin.py
-rw-r--r-- root/root      7389 2021-09-10 19:46 usr/lib64/python3.9/site-packages/binwalk/core/settings.py
-rw-r--r-- root/root      2678 2021-09-10 19:46 usr/lib64/python3.9/site-packages/binwalk/core/statuserver.py
-rw-r--r-- root/root       500 2021-09-10 19:46 usr/lib64/python3.9/site-packages/binwalk/core/version.py
drwxr-xr-x root/root         0 2021-11-05 09:59 usr/lib64/python3.9/site-packages/binwalk/magic/
-rw-r--r-- root/root       850 2021-09-10 19:46 usr/lib64/python3.9/site-packages/binwalk/magic/animation
-rw-r--r-- root/root     16144 2021-09-10 19:46 usr/lib64/python3.9/site-packages/binwalk/magic/archives
-rw-r--r-- root/root      4034 2021-09-10 19:46 usr/lib64/python3.9/site-packages/binwalk/magic/binarch
-rw-r--r-- root/root       176 2021-09-10 19:46 usr/lib64/python3.9/site-packages/binwalk/magic/bincast
-rw-r--r-- root/root       176 2021-09-10 19:46 usr/lib64/python3.9/site-packages/binwalk/magic/binwalk
-rw-r--r-- root/root       386 2021-09-10 19:46 usr/lib64/python3.9/site-packages/binwalk/magic/bootloaders
-rw-r--r-- root/root       176 2021-09-10 19:46 usr/lib64/python3.9/site-packages/binwalk/magic/code
-rw-r--r-- root/root      9505 2021-09-10 19:46 usr/lib64/python3.9/site-packages/binwalk/magic/compressed
-rw-r--r-- root/root      5368 2021-09-10 19:46 usr/lib64/python3.9/site-packages/binwalk/magic/console
-rw-r--r-- root/root     12064 2021-09-10 19:46 usr/lib64/python3.9/site-packages/binwalk/magic/crypto
-rw-r--r-- root/root       395 2021-09-10 19:46 usr/lib64/python3.9/site-packages/binwalk/magic/ebml
-rw-r--r-- root/root      2584 2021-09-10 19:46 usr/lib64/python3.9/site-packages/binwalk/magic/ecos
-rw-r--r-- root/root      4488 2021-09-10 19:46 usr/lib64/python3.9/site-packages/binwalk/magic/efi
-rw-r--r-- root/root       237 2021-09-10 19:46 usr/lib64/python3.9/site-packages/binwalk/magic/encoding
-rw-r--r-- root/root     26969 2021-09-10 19:46 usr/lib64/python3.9/site-packages/binwalk/magic/executables
-rw-r--r-- root/root     30512 2021-09-10 19:46 usr/lib64/python3.9/site-packages/binwalk/magic/filesystems
-rw-r--r-- root/root     46590 2021-09-10 19:46 usr/lib64/python3.9/site-packages/binwalk/magic/firmware
-rw-r--r-- root/root       512 2021-09-10 19:46 usr/lib64/python3.9/site-packages/binwalk/magic/hashing
-rw-r--r-- root/root     11544 2021-09-10 19:46 usr/lib64/python3.9/site-packages/binwalk/magic/images
-rw-r--r-- root/root      3086 2021-09-10 19:46 usr/lib64/python3.9/site-packages/binwalk/magic/linux
-rw-r--r-- root/root     29931 2021-09-10 19:46 usr/lib64/python3.9/site-packages/binwalk/magic/lzma
-rw-r--r-- root/root      3813 2021-09-10 19:46 usr/lib64/python3.9/site-packages/binwalk/magic/misc
-rw-r--r-- root/root      9015 2021-09-10 19:46 usr/lib64/python3.9/site-packages/binwalk/magic/network
-rw-r--r-- root/root      1000 2021-09-10 19:46 usr/lib64/python3.9/site-packages/binwalk/magic/phones
-rw-r--r-- root/root      2397 2021-09-10 19:46 usr/lib64/python3.9/site-packages/binwalk/magic/sql
-rw-r--r-- root/root     10526 2021-09-10 19:46 usr/lib64/python3.9/site-packages/binwalk/magic/vxworks
drwxr-xr-x root/root         0 2021-11-05 09:59 usr/lib64/python3.9/site-packages/binwalk/modules/
-rw-r--r-- root/root       542 2021-09-10 19:46 usr/lib64/python3.9/site-packages/binwalk/modules/__init__.py
drwxr-xr-x root/root         0 2021-11-05 09:59 usr/lib64/python3.9/site-packages/binwalk/modules/__pycache__/
-rw-r--r-- root/root       628 2021-11-05 09:59 usr/lib64/python3.9/site-packages/binwalk/modules/__pycache__/__init__.cpython-39.pyc
-rw-r--r-- root/root      7118 2021-11-05 09:59 usr/lib64/python3.9/site-packages/binwalk/modules/__pycache__/compression.cpython-39.pyc
-rw-r--r-- root/root      4367 2021-11-05 09:59 usr/lib64/python3.9/site-packages/binwalk/modules/__pycache__/disasm.cpython-39.pyc
-rw-r--r-- root/root      7169 2021-11-05 09:59 usr/lib64/python3.9/site-packages/binwalk/modules/__pycache__/entropy.cpython-39.pyc
-rw-r--r-- root/root     22930 2021-11-05 09:59 usr/lib64/python3.9/site-packages/binwalk/modules/__pycache__/extractor.cpython-39.pyc
-rw-r--r-- root/root      5123 2021-11-05 09:59 usr/lib64/python3.9/site-packages/binwalk/modules/__pycache__/general.cpython-39.pyc
-rw-r--r-- root/root      5136 2021-11-05 09:59 usr/lib64/python3.9/site-packages/binwalk/modules/__pycache__/hexdiff.cpython-39.pyc
-rw-r--r-- root/root      3693 2021-11-05 09:59 usr/lib64/python3.9/site-packages/binwalk/modules/__pycache__/signature.cpython-39.pyc
-rw-r--r-- root/root     10003 2021-09-10 19:46 usr/lib64/python3.9/site-packages/binwalk/modules/compression.py
-rw-r--r-- root/root      7684 2021-09-10 19:46 usr/lib64/python3.9/site-packages/binwalk/modules/disasm.py
-rw-r--r-- root/root     11907 2021-09-10 19:46 usr/lib64/python3.9/site-packages/binwalk/modules/entropy.py
-rw-r--r-- root/root     42817 2021-09-10 19:46 usr/lib64/python3.9/site-packages/binwalk/modules/extractor.py
-rw-r--r-- root/root      8189 2021-09-10 19:46 usr/lib64/python3.9/site-packages/binwalk/modules/general.py
-rw-r--r-- root/root      8217 2021-09-10 19:46 usr/lib64/python3.9/site-packages/binwalk/modules/hexdiff.py
-rw-r--r-- root/root      7450 2021-09-10 19:46 usr/lib64/python3.9/site-packages/binwalk/modules/signature.py
drwxr-xr-x root/root         0 2021-11-05 09:59 usr/lib64/python3.9/site-packages/binwalk/plugins/
drwxr-xr-x root/root         0 2021-11-05 09:59 usr/lib64/python3.9/site-packages/binwalk/plugins/__pycache__/
-rw-r--r-- root/root      2161 2021-11-05 09:59 usr/lib64/python3.9/site-packages/binwalk/plugins/__pycache__/arcadyan.cpython-39.pyc
-rw-r--r-- root/root      3485 2021-11-05 09:59 usr/lib64/python3.9/site-packages/binwalk/plugins/__pycache__/cpio.cpython-39.pyc
-rw-r--r-- root/root      6419 2021-11-05 09:59 usr/lib64/python3.9/site-packages/binwalk/plugins/__pycache__/dlromfsextract.cpython-39.pyc
-rw-r--r-- root/root      1311 2021-11-05 09:59 usr/lib64/python3.9/site-packages/binwalk/plugins/__pycache__/gzipextract.cpython-39.pyc
-rw-r--r-- root/root      1316 2021-11-05 09:59 usr/lib64/python3.9/site-packages/binwalk/plugins/__pycache__/gzipvalid.cpython-39.pyc
-rw-r--r-- root/root      1461 2021-11-05 09:59 usr/lib64/python3.9/site-packages/binwalk/plugins/__pycache__/jffs2valid.cpython-39.pyc
-rw-r--r-- root/root      1721 2021-11-05 09:59 usr/lib64/python3.9/site-packages/binwalk/plugins/__pycache__/lzmaextract.cpython-39.pyc
-rw-r--r-- root/root      1891 2021-11-05 09:59 usr/lib64/python3.9/site-packages/binwalk/plugins/__pycache__/lzmavalid.cpython-39.pyc
-rw-r--r-- root/root      1750 2021-11-05 09:59 usr/lib64/python3.9/site-packages/binwalk/plugins/__pycache__/tar.cpython-39.pyc
-rw-r--r-- root/root      1718 2021-11-05 09:59 usr/lib64/python3.9/site-packages/binwalk/plugins/__pycache__/ubivalid.cpython-39.pyc
-rw-r--r-- root/root       393 2021-11-05 09:59 usr/lib64/python3.9/site-packages/binwalk/plugins/__pycache__/unjffs2.cpython-39.pyc
-rw-r--r-- root/root      5120 2021-11-05 09:59 usr/lib64/python3.9/site-packages/binwalk/plugins/__pycache__/unpfs.cpython-39.pyc
-rw-r--r-- root/root       984 2021-11-05 09:59 usr/lib64/python3.9/site-packages/binwalk/plugins/__pycache__/ziphelper.cpython-39.pyc
-rw-r--r-- root/root      1331 2021-11-05 09:59 usr/lib64/python3.9/site-packages/binwalk/plugins/__pycache__/zlibextract.cpython-39.pyc
-rw-r--r-- root/root      1176 2021-11-05 09:59 usr/lib64/python3.9/site-packages/binwalk/plugins/__pycache__/zlibvalid.cpython-39.pyc
-rw-r--r-- root/root      2702 2021-09-10 19:46 usr/lib64/python3.9/site-packages/binwalk/plugins/arcadyan.py
-rw-r--r-- root/root      6035 2021-09-10 19:46 usr/lib64/python3.9/site-packages/binwalk/plugins/cpio.py
-rw-r--r-- root/root      6784 2021-09-10 19:46 usr/lib64/python3.9/site-packages/binwalk/plugins/dlromfsextract.py
-rw-r--r-- root/root      1470 2021-09-10 19:46 usr/lib64/python3.9/site-packages/binwalk/plugins/gzipextract.py
-rw-r--r-- root/root      1839 2021-09-10 19:46 usr/lib64/python3.9/site-packages/binwalk/plugins/gzipvalid.py
-rw-r--r-- root/root      1762 2021-09-10 19:46 usr/lib64/python3.9/site-packages/binwalk/plugins/jffs2valid.py
-rw-r--r-- root/root      2300 2021-09-10 19:46 usr/lib64/python3.9/site-packages/binwalk/plugins/lzmaextract.py
-rw-r--r-- root/root      2523 2021-09-10 19:46 usr/lib64/python3.9/site-packages/binwalk/plugins/lzmavalid.py
-rw-r--r-- root/root      2285 2021-09-10 19:46 usr/lib64/python3.9/site-packages/binwalk/plugins/tar.py
-rw-r--r-- root/root      2151 2021-09-10 19:46 usr/lib64/python3.9/site-packages/binwalk/plugins/ubivalid.py
-rw-r--r-- root/root       268 2021-09-10 19:46 usr/lib64/python3.9/site-packages/binwalk/plugins/unjffs2.py
-rw-r--r-- root/root      4411 2021-09-10 19:46 usr/lib64/python3.9/site-packages/binwalk/plugins/unpfs.py
-rw-r--r-- root/root       800 2021-09-10 19:46 usr/lib64/python3.9/site-packages/binwalk/plugins/ziphelper.py
-rw-r--r-- root/root      1216 2021-09-10 19:46 usr/lib64/python3.9/site-packages/binwalk/plugins/zlibextract.py
-rw-r--r-- root/root      1526 2021-09-10 19:46 usr/lib64/python3.9/site-packages/binwalk/plugins/zlibvalid.py


