++========================================
||
||   Package:  ./tesseract/tesseract-5.2.0-x86_64-2cf.txz
||
++========================================
drwxr-xr-x root/root         0 2022-07-31 15:02 ./
drwxr-xr-x root/root         0 2022-07-31 15:02 install/
-rw-r--r-- root/root       216 2022-07-31 15:02 install/doinst.sh
-rw-r--r-- root/root       686 2022-07-31 15:02 install/slack-desc
-rw-r--r-- root/root        11 2022-07-31 15:02 install/slack-required
drwxr-xr-x root/root         0 2022-07-31 15:02 usr/
drwxr-xr-x root/root         0 2022-07-31 15:02 usr/bin/
-rwxr-xr-x root/root     22904 2022-07-31 15:02 usr/bin/ambiguous_words
-rwxr-xr-x root/root    151032 2022-07-31 15:02 usr/bin/classifier_tester
-rwxr-xr-x root/root    151064 2022-07-31 15:02 usr/bin/cntraining
-rwxr-xr-x root/root    113840 2022-07-31 15:02 usr/bin/combine_lang_model
-rwxr-xr-x root/root     27224 2022-07-31 15:02 usr/bin/combine_tessdata
-rwxr-xr-x root/root     18856 2022-07-31 15:02 usr/bin/dawg2wordlist
-rwxr-xr-x root/root    266360 2022-07-31 15:02 usr/bin/lstmeval
-rwxr-xr-x root/root    274584 2022-07-31 15:02 usr/bin/lstmtraining
-rwxr-xr-x root/root     14624 2022-07-31 15:02 usr/bin/merge_unicharsets
-rwxr-xr-x root/root    155256 2022-07-31 15:02 usr/bin/mftraining
-rwxr-xr-x root/root    200536 2022-07-31 15:02 usr/bin/set_unicharset_properties
-rwxr-xr-x root/root    151000 2022-07-31 15:02 usr/bin/shapeclustering
-rwxr-xr-x root/root     39672 2022-07-31 15:02 usr/bin/tesseract
-rwxr-xr-x root/root    324536 2022-07-31 15:02 usr/bin/text2image
-rwxr-xr-x root/root    113856 2022-07-31 15:02 usr/bin/unicharset_extractor
-rwxr-xr-x root/root     18960 2022-07-31 15:02 usr/bin/wordlist2dawg
drwxr-xr-x root/root         0 2022-07-31 15:02 usr/doc/
drwxr-xr-x root/root         0 2022-07-31 15:02 usr/doc/tesseract-5.2.0/
-rw-r--r-- root/root       787 2022-07-06 22:15 usr/doc/tesseract-5.2.0/AUTHORS
-rw-r--r-- root/root      5960 2022-07-06 22:15 usr/doc/tesseract-5.2.0/CONTRIBUTING.md
-rw-r--r-- root/root     18095 2022-07-06 22:15 usr/doc/tesseract-5.2.0/ChangeLog
-rw-r--r-- root/root      9307 2022-07-06 22:15 usr/doc/tesseract-5.2.0/INSTALL
-rw-r--r-- root/root      2229 2022-07-06 22:15 usr/doc/tesseract-5.2.0/INSTALL.GIT.md
-rw-r--r-- root/root      8409 2022-07-06 22:15 usr/doc/tesseract-5.2.0/README.md
-rw-r--r-- root/root      4675 2022-07-31 15:02 usr/doc/tesseract-5.2.0/tesseract.SlackBuild
drwxr-xr-x root/root         0 2022-07-31 15:00 usr/include/
drwxr-xr-x root/root         0 2022-07-31 15:00 usr/include/tesseract/
-rw-r--r-- root/root     31674 2022-07-31 15:00 usr/include/tesseract/baseapi.h
-rw-r--r-- root/root     20963 2022-07-31 15:00 usr/include/tesseract/capi.h
-rw-r--r-- root/root      1214 2022-07-31 15:00 usr/include/tesseract/export.h
-rw-r--r-- root/root     10291 2022-07-31 15:00 usr/include/tesseract/ltrresultiterator.h
-rw-r--r-- root/root      7177 2022-07-31 15:00 usr/include/tesseract/ocrclass.h
-rw-r--r-- root/root      4511 2022-07-31 15:00 usr/include/tesseract/osdetect.h
-rw-r--r-- root/root     15156 2022-07-31 15:00 usr/include/tesseract/pageiterator.h
-rw-r--r-- root/root     12079 2022-07-31 15:00 usr/include/tesseract/publictypes.h
-rw-r--r-- root/root      9938 2022-07-31 15:00 usr/include/tesseract/renderer.h
-rw-r--r-- root/root      9484 2022-07-31 15:00 usr/include/tesseract/resultiterator.h
-rw-r--r-- root/root      6305 2022-07-31 15:00 usr/include/tesseract/unichar.h
-rw-r--r-- root/root      1110 2022-07-31 15:00 usr/include/tesseract/version.h
drwxr-xr-x root/root         0 2022-07-31 15:02 usr/lib64/
-rwxr-xr-x root/root   3488048 2022-07-31 15:02 usr/lib64/libtesseract.so.5.0.2
drwxr-xr-x root/root         0 2022-07-31 15:00 usr/lib64/pkgconfig/
-rw-r--r-- root/root       461 2022-07-31 15:00 usr/lib64/pkgconfig/tesseract.pc
drwxr-xr-x root/root         0 2022-07-31 15:00 usr/man/
drwxr-xr-x root/root         0 2022-07-31 15:02 usr/man/man1/
-rw-r--r-- root/root       896 2022-07-31 15:00 usr/man/man1/ambiguous_words.1.gz
-rw-r--r-- root/root      1278 2022-07-31 15:00 usr/man/man1/classifier_tester.1.gz
-rw-r--r-- root/root       908 2022-07-31 15:00 usr/man/man1/cntraining.1.gz
-rw-r--r-- root/root      1807 2022-07-31 15:00 usr/man/man1/combine_lang_model.1.gz
-rw-r--r-- root/root      2801 2022-07-31 15:00 usr/man/man1/combine_tessdata.1.gz
-rw-r--r-- root/root       969 2022-07-31 15:00 usr/man/man1/dawg2wordlist.1.gz
-rw-r--r-- root/root      1277 2022-07-31 15:00 usr/man/man1/lstmeval.1.gz
-rw-r--r-- root/root      1995 2022-07-31 15:00 usr/man/man1/lstmtraining.1.gz
-rw-r--r-- root/root      1048 2022-07-31 15:00 usr/man/man1/merge_unicharsets.1.gz
-rw-r--r-- root/root      1335 2022-07-31 15:00 usr/man/man1/mftraining.1.gz
-rw-r--r-- root/root      1119 2022-07-31 15:00 usr/man/man1/set_unicharset_properties.1.gz
-rw-r--r-- root/root      1331 2022-07-31 15:00 usr/man/man1/shapeclustering.1.gz
-rw-r--r-- root/root      6958 2022-07-31 15:00 usr/man/man1/tesseract.1.gz
-rw-r--r-- root/root      2655 2022-07-31 15:00 usr/man/man1/text2image.1.gz
-rw-r--r-- root/root      1184 2022-07-31 15:00 usr/man/man1/unicharset_extractor.1.gz
-rw-r--r-- root/root      1158 2022-07-31 15:00 usr/man/man1/wordlist2dawg.1.gz
drwxr-xr-x root/root         0 2022-07-31 15:02 usr/man/man5/
-rw-r--r-- root/root      1793 2022-07-31 15:00 usr/man/man5/unicharambigs.5.gz
-rw-r--r-- root/root      2705 2022-07-31 15:00 usr/man/man5/unicharset.5.gz
drwxr-xr-x root/root         0 2022-07-31 15:00 usr/share/
drwxr-xr-x root/root         0 2022-07-31 15:02 usr/share/tessdata/
drwxr-xr-x root/root         0 2022-07-31 15:00 usr/share/tessdata/configs/
-rw-r--r-- root/root        23 2022-07-31 15:00 usr/share/tessdata/configs/alto
-rw-r--r-- root/root       146 2022-07-31 15:00 usr/share/tessdata/configs/ambigs.train
-rw-r--r-- root/root        26 2022-07-31 15:00 usr/share/tessdata/configs/api_config
-rw-r--r-- root/root       129 2022-07-31 15:00 usr/share/tessdata/configs/bigram
-rw-r--r-- root/root       311 2022-07-31 15:00 usr/share/tessdata/configs/box.train
-rw-r--r-- root/root       311 2022-07-31 15:00 usr/share/tessdata/configs/box.train.stderr
-rw-r--r-- root/root        37 2022-07-31 15:00 usr/share/tessdata/configs/digits
-rw-r--r-- root/root        24 2022-07-31 15:00 usr/share/tessdata/configs/get.images
-rw-r--r-- root/root        40 2022-07-31 15:00 usr/share/tessdata/configs/hocr
-rw-r--r-- root/root        59 2022-07-31 15:00 usr/share/tessdata/configs/inter
-rw-r--r-- root/root       101 2022-07-31 15:00 usr/share/tessdata/configs/kannada
-rw-r--r-- root/root        70 2022-07-31 15:00 usr/share/tessdata/configs/linebox
-rw-r--r-- root/root        25 2022-07-31 15:00 usr/share/tessdata/configs/logfile
-rw-r--r-- root/root       282 2022-07-31 15:00 usr/share/tessdata/configs/lstm.train
-rw-r--r-- root/root        26 2022-07-31 15:00 usr/share/tessdata/configs/lstmbox
-rw-r--r-- root/root        98 2022-07-31 15:00 usr/share/tessdata/configs/lstmdebug
-rw-r--r-- root/root        26 2022-07-31 15:00 usr/share/tessdata/configs/makebox
-rw-r--r-- root/root        22 2022-07-31 15:00 usr/share/tessdata/configs/pdf
-rw-r--r-- root/root        21 2022-07-31 15:00 usr/share/tessdata/configs/quiet
-rw-r--r-- root/root        65 2022-07-31 15:00 usr/share/tessdata/configs/rebox
-rw-r--r-- root/root       377 2022-07-31 15:00 usr/share/tessdata/configs/strokewidth
-rw-r--r-- root/root        22 2022-07-31 15:00 usr/share/tessdata/configs/tsv
-rw-r--r-- root/root       166 2022-07-31 15:00 usr/share/tessdata/configs/txt
-rw-r--r-- root/root        45 2022-07-31 15:00 usr/share/tessdata/configs/unlv
-rw-r--r-- root/root        29 2022-07-31 15:00 usr/share/tessdata/configs/wordstrbox
-rw-r--r-- root/root  15437534 2022-07-31 15:02 usr/share/tessdata/deu.traineddata
-rw-r--r-- root/root  23466654 2022-07-31 15:02 usr/share/tessdata/eng.traineddata
-rw-r--r-- root/root  14213351 2022-07-31 15:02 usr/share/tessdata/fra.traineddata
-rw-r--r-- root/root  15951669 2022-07-31 15:02 usr/share/tessdata/ita.traineddata
-rw-r--r-- root/root       572 2022-07-31 15:00 usr/share/tessdata/pdf.ttf
-rw-r--r-- root/root  19920885 2022-07-31 15:02 usr/share/tessdata/rus.traineddata
-rw-r--r-- root/root  18256019 2022-07-31 15:02 usr/share/tessdata/spa.traineddata
drwxr-xr-x root/root         0 2022-07-31 15:00 usr/share/tessdata/tessconfigs/
-rw-r--r-- root/root        49 2022-07-31 15:00 usr/share/tessdata/tessconfigs/batch
-rw-r--r-- root/root        37 2022-07-31 15:00 usr/share/tessdata/tessconfigs/batch.nochop
-rw-r--r-- root/root       243 2022-07-31 15:00 usr/share/tessdata/tessconfigs/matdemo
-rw-r--r-- root/root       368 2022-07-31 15:00 usr/share/tessdata/tessconfigs/msdemo
-rw-r--r-- root/root         1 2022-07-31 15:00 usr/share/tessdata/tessconfigs/nobatch
-rw-r--r-- root/root       295 2022-07-31 15:00 usr/share/tessdata/tessconfigs/segdemo


