++========================================
||
||   Package:  ./httraqt/httraqt-1.4.11-x86_64-1cf.txz
||
++========================================
drwxr-xr-x root/root         0 2023-01-06 14:29 ./
drwxr-xr-x root/root         0 2023-01-06 14:29 install/
-rw-r--r-- root/root       132 2023-01-06 14:29 install/doinst.sh
-rw-r--r-- root/root       672 2023-01-06 14:29 install/slack-desc
-rw-r--r-- root/root         8 2023-01-06 14:29 install/slack-required
drwxr-xr-x root/root         0 2023-01-06 14:29 usr/
drwxr-xr-x root/root         0 2023-01-06 14:29 usr/bin/
-rwxr-xr-x root/root    679776 2023-01-06 14:29 usr/bin/httraqt
drwxr-xr-x root/root         0 2023-01-06 14:29 usr/doc/
drwxr-xr-x root/root         0 2023-01-06 14:29 usr/doc/httraqt-1.4.11/
-rwxr-xr-x root/root     35149 2023-01-05 12:01 usr/doc/httraqt-1.4.11/LICENSE
-rw-r--r-- root/root      5544 2023-01-05 13:43 usr/doc/httraqt-1.4.11/README
-rw-r--r-- root/root      3472 2023-01-06 14:29 usr/doc/httraqt-1.4.11/httraqt.SlackBuild
drwxr-xr-x root/root         0 2023-01-06 14:29 usr/share/
drwxr-xr-x root/root         0 2023-01-06 14:29 usr/share/applications/
-r--r--r-- root/root       182 2017-01-27 19:18 usr/share/applications/httraqt.desktop
drwxr-xr-x root/root         0 2023-01-06 14:29 usr/share/httraqt/
drwxr-xr-x root/root         0 2023-01-06 14:29 usr/share/httraqt/help/
-rw-r--r-- root/root     19628 2017-09-06 16:39 usr/share/httraqt/help/abuse.html
-rw-r--r-- root/root      3834 2017-09-06 16:39 usr/share/httraqt/help/addurl.html
-rw-r--r-- root/root      9181 2017-09-06 16:39 usr/share/httraqt/help/cache.html
-rw-r--r-- root/root      3632 2017-09-06 16:39 usr/share/httraqt/help/cmddoc.html
-rw-r--r-- root/root      7353 2017-09-06 16:40 usr/share/httraqt/help/contact.html
-rw-r--r-- root/root      4106 2017-09-06 16:40 usr/share/httraqt/help/dev.html
drwxr-xr-x root/root         0 2023-01-06 14:29 usr/share/httraqt/help/div/
-rw-r--r-- root/root      1506 2017-01-27 19:18 usr/share/httraqt/help/div/search.sh
-rw-r--r-- root/root     49782 2017-09-06 16:40 usr/share/httraqt/help/faq.html
-rw-r--r-- root/root    103521 2017-09-06 16:40 usr/share/httraqt/help/fcguide.html
-rw-r--r-- root/root     17546 2017-09-06 16:40 usr/share/httraqt/help/filters.html
-rw-r--r-- root/root      1914 2017-09-06 16:29 usr/share/httraqt/help/httrack.css
-rw-r--r-- root/root     53204 2017-09-06 16:29 usr/share/httraqt/help/httrack.man.html
drwxr-xr-x root/root         0 2023-01-06 14:29 usr/share/httraqt/help/images/
-rw-r--r-- root/root      4630 2017-09-06 16:26 usr/share/httraqt/help/images/bg_rings.png
-rw-r--r-- root/root      2330 2017-09-06 16:26 usr/share/httraqt/help/images/header_title_4.png
-rw-r--r-- root/root      1738 2017-09-06 16:26 usr/share/httraqt/help/images/header_title_4_orig.png
-rw-r--r-- root/root      6046 2016-12-23 10:52 usr/share/httraqt/help/images/screenshot_01.jpg
-rw-r--r-- root/root      8473 2016-12-23 10:52 usr/share/httraqt/help/images/screenshot_01b.jpg
drwxr-xr-x root/root         0 2023-01-06 14:29 usr/share/httraqt/help/img/
-rw-r--r-- root/root      7390 2017-09-06 16:16 usr/share/httraqt/help/img/addurl1.png
-rw-r--r-- root/root      7662 2017-09-06 16:16 usr/share/httraqt/help/img/addurl2.png
-rw-r--r-- root/root      5545 2017-09-06 16:16 usr/share/httraqt/help/img/addurl3.png
-rw-r--r-- root/root      7958 2017-09-06 16:16 usr/share/httraqt/help/img/addurl4.png
-rw-r--r-- root/root      7499 2017-09-06 16:16 usr/share/httraqt/help/img/addurl5.png
-rw-r--r-- root/root      6968 2017-09-06 16:16 usr/share/httraqt/help/img/backblue.png
-rw-r--r-- root/root       297 2017-09-06 16:16 usr/share/httraqt/help/img/fade.png
-rw-r--r-- root/root      4573 2017-09-06 16:16 usr/share/httraqt/help/img/httrack.png
-rw-r--r-- root/root      5654 2017-09-06 16:16 usr/share/httraqt/help/img/snap1_a.png
-rw-r--r-- root/root      6433 2017-09-06 16:16 usr/share/httraqt/help/img/snap1_b.png
-rw-r--r-- root/root     16204 2017-09-06 16:16 usr/share/httraqt/help/img/snap1_c.png
-rw-r--r-- root/root     29172 2017-09-06 16:16 usr/share/httraqt/help/img/snap2_a.png
-rw-r--r-- root/root     26907 2017-09-06 16:16 usr/share/httraqt/help/img/snap2_b.png
-rw-r--r-- root/root      3883 2017-09-06 16:16 usr/share/httraqt/help/img/snap3_a.png
-rw-r--r-- root/root     22269 2017-09-06 16:16 usr/share/httraqt/help/img/snap4_a.png
-rw-r--r-- root/root      9223 2017-09-06 16:16 usr/share/httraqt/help/img/snap5_a.png
-rw-r--r-- root/root      3396 2017-09-06 16:16 usr/share/httraqt/help/img/snap9.png
-rw-r--r-- root/root      2085 2017-09-06 16:16 usr/share/httraqt/help/img/snap9_a.png
-rw-r--r-- root/root      2997 2017-09-06 16:16 usr/share/httraqt/help/img/snap9_b.png
-rw-r--r-- root/root      1733 2017-09-06 16:16 usr/share/httraqt/help/img/snap9_c.png
-rw-r--r-- root/root      3749 2017-09-06 16:16 usr/share/httraqt/help/img/snap9_d.png
-rw-r--r-- root/root      5712 2017-09-06 16:16 usr/share/httraqt/help/img/snap9_d2.png
-rw-r--r-- root/root      5149 2017-09-06 16:16 usr/share/httraqt/help/img/snap9_d3.png
-rw-r--r-- root/root      5186 2017-09-06 16:16 usr/share/httraqt/help/img/snap9_d4.png
-rw-r--r-- root/root      6141 2017-09-06 16:16 usr/share/httraqt/help/img/snap9_d5.png
-rw-r--r-- root/root      5636 2017-09-06 16:16 usr/share/httraqt/help/img/snap9_d6.png
-rw-r--r-- root/root      5696 2017-09-06 16:16 usr/share/httraqt/help/img/snap9_d7.png
-rw-r--r-- root/root      2713 2017-09-06 16:16 usr/share/httraqt/help/img/snap9_d8.png
-rw-r--r-- root/root      2509 2017-09-06 16:16 usr/share/httraqt/help/img/snap9_e.png
-rw-r--r-- root/root      2472 2017-09-06 16:16 usr/share/httraqt/help/img/snap9_f.png
-rw-r--r-- root/root      1172 2017-09-06 16:16 usr/share/httraqt/help/img/snap9_g.png
-rw-r--r-- root/root      5579 2017-09-06 16:16 usr/share/httraqt/help/img/snap9_g2.png
-rw-r--r-- root/root      8965 2017-09-06 16:16 usr/share/httraqt/help/img/snap9_g3.png
-rw-r--r-- root/root      1754 2017-09-06 16:16 usr/share/httraqt/help/img/snap9_h.png
-rw-r--r-- root/root      1711 2017-09-06 16:16 usr/share/httraqt/help/img/snap9_i.png
-rw-r--r-- root/root      2846 2017-09-06 16:16 usr/share/httraqt/help/img/snap9_j.png
-rw-r--r-- root/root      2117 2017-09-06 16:16 usr/share/httraqt/help/img/snap9_k.png
-rw-r--r-- root/root      3951 2017-09-06 16:40 usr/share/httraqt/help/index.html
-rw-r--r-- root/root      2938 2017-09-06 16:40 usr/share/httraqt/help/library.html
-rw-r--r-- root/root     12630 2017-09-06 16:41 usr/share/httraqt/help/options.html
-rw-r--r-- root/root      3567 2017-09-06 16:41 usr/share/httraqt/help/overview.html
-rw-r--r-- root/root     23140 2017-09-06 16:41 usr/share/httraqt/help/plug.html
-rw-r--r-- root/root     17161 2017-09-06 16:41 usr/share/httraqt/help/plug_330.html
-rw-r--r-- root/root      6272 2017-09-06 16:41 usr/share/httraqt/help/scripting.html
-rw-r--r-- root/root      3543 2017-09-06 16:41 usr/share/httraqt/help/shelldoc.html
-rw-r--r-- root/root       320 2016-12-23 10:52 usr/share/httraqt/help/start.html
-rw-r--r-- root/root      3089 2017-09-06 16:41 usr/share/httraqt/help/step.html
-rw-r--r-- root/root      3750 2017-09-06 16:41 usr/share/httraqt/help/step1.html
-rw-r--r-- root/root      4930 2017-09-06 16:41 usr/share/httraqt/help/step2.html
-rw-r--r-- root/root      3957 2017-09-06 16:42 usr/share/httraqt/help/step3.html
-rw-r--r-- root/root      3131 2017-09-06 16:42 usr/share/httraqt/help/step4.html
-rw-r--r-- root/root      2998 2017-09-06 16:42 usr/share/httraqt/help/step5.html
-rw-r--r-- root/root      3824 2017-09-06 16:39 usr/share/httraqt/help/step9.html
-rw-r--r-- root/root      4058 2017-09-06 16:42 usr/share/httraqt/help/step9_opt1.html
-rw-r--r-- root/root      4038 2017-09-06 16:42 usr/share/httraqt/help/step9_opt10.html
-rw-r--r-- root/root      4834 2017-09-06 16:42 usr/share/httraqt/help/step9_opt11.html
-rw-r--r-- root/root      5971 2017-09-06 16:42 usr/share/httraqt/help/step9_opt2.html
-rw-r--r-- root/root      4139 2017-09-06 16:42 usr/share/httraqt/help/step9_opt3.html
-rw-r--r-- root/root      5123 2017-09-06 16:42 usr/share/httraqt/help/step9_opt4.html
-rw-r--r-- root/root      4807 2017-09-06 16:42 usr/share/httraqt/help/step9_opt5.html
-rw-r--r-- root/root      4573 2017-09-06 16:43 usr/share/httraqt/help/step9_opt6.html
-rw-r--r-- root/root      3850 2017-09-06 16:43 usr/share/httraqt/help/step9_opt7.html
-rw-r--r-- root/root      4240 2017-09-06 16:43 usr/share/httraqt/help/step9_opt8.html
-rw-r--r-- root/root      4639 2017-09-06 16:43 usr/share/httraqt/help/step9_opt9.html
drwxr-xr-x root/root         0 2023-01-06 14:29 usr/share/httraqt/lang/
-rw-r--r-- root/root     36242 2017-01-27 19:18 usr/share/httraqt/lang/Belarussian.utf
-rw-r--r-- root/root     37322 2017-01-27 19:18 usr/share/httraqt/lang/Bulgarian.utf
-rw-r--r-- root/root     24677 2017-01-27 19:18 usr/share/httraqt/lang/Castellano.utf
-rw-r--r-- root/root     23522 2017-01-27 19:18 usr/share/httraqt/lang/Cesky.utf
-rw-r--r-- root/root     20477 2017-01-27 19:18 usr/share/httraqt/lang/Chinese-BIG5.utf
-rw-r--r-- root/root     20482 2017-01-27 19:18 usr/share/httraqt/lang/Chinese-Simplified.utf
-rw-r--r-- root/root     22543 2017-01-27 19:18 usr/share/httraqt/lang/Dansk.utf
-rw-r--r-- root/root     23731 2017-01-27 19:18 usr/share/httraqt/lang/Deutsch.utf
-rw-r--r-- root/root     22333 2017-01-27 19:18 usr/share/httraqt/lang/Eesti.utf
-rw-r--r-- root/root     20904 2017-01-27 19:18 usr/share/httraqt/lang/English.utf
-rw-r--r-- root/root     22757 2017-01-27 19:18 usr/share/httraqt/lang/Finnish.utf
-rw-r--r-- root/root     25572 2017-01-27 19:18 usr/share/httraqt/lang/Francais.utf
-rw-r--r-- root/root     38357 2017-01-27 19:18 usr/share/httraqt/lang/Greek.utf
-rw-r--r-- root/root     23612 2017-01-27 19:18 usr/share/httraqt/lang/Italiano.utf
-rw-r--r-- root/root     28605 2017-01-27 19:18 usr/share/httraqt/lang/Japanese.utf
-rw-r--r-- root/root     25223 2017-01-27 19:18 usr/share/httraqt/lang/Magyar.utf
-rw-r--r-- root/root     23013 2017-01-27 19:18 usr/share/httraqt/lang/Nederlands.utf
-rw-r--r-- root/root     22573 2017-01-27 19:18 usr/share/httraqt/lang/Norsk.utf
-rw-r--r-- root/root     24199 2017-01-27 19:18 usr/share/httraqt/lang/Polski.utf
-rw-r--r-- root/root     24087 2017-01-27 19:18 usr/share/httraqt/lang/Portugues-Brasil.utf
-rw-r--r-- root/root     23983 2017-01-27 19:18 usr/share/httraqt/lang/Portugues.utf
-rw-r--r-- root/root     25550 2017-01-27 19:18 usr/share/httraqt/lang/Romanian.utf
-rw-r--r-- root/root     37870 2017-07-25 14:57 usr/share/httraqt/lang/Russian.utf
-rw-r--r-- root/root     23645 2017-01-27 19:18 usr/share/httraqt/lang/Slovak.utf
-rw-r--r-- root/root     23156 2017-01-27 19:18 usr/share/httraqt/lang/Slovenian.utf
-rw-r--r-- root/root     23008 2017-01-27 19:18 usr/share/httraqt/lang/Svenska.utf
-rw-r--r-- root/root     24246 2017-01-27 19:18 usr/share/httraqt/lang/Turkish.utf
-rw-r--r-- root/root     35082 2017-01-27 19:18 usr/share/httraqt/lang/Ukrainian.utf
drwxr-xr-x root/root         0 2023-01-06 14:29 usr/share/icons/
drwxr-xr-x root/root         0 2023-01-06 14:29 usr/share/icons/hicolor/
drwxr-xr-x root/root         0 2023-01-06 14:29 usr/share/icons/hicolor/32x32/
drwxr-xr-x root/root         0 2023-01-06 14:29 usr/share/icons/hicolor/32x32/apps/
-rw-r--r-- root/root      1477 2017-01-27 19:18 usr/share/icons/hicolor/32x32/apps/httraqt.png
-rw-r--r-- root/root      8055 2017-03-21 17:32 usr/share/icons/hicolor/32x32/apps/httraqt.xpm
drwxr-xr-x root/root         0 2023-01-06 14:29 usr/share/icons/hicolor/64x64/
drwxr-xr-x root/root         0 2023-01-06 14:29 usr/share/icons/hicolor/64x64/apps/
-rw-r--r-- root/root      4163 2017-01-27 19:18 usr/share/icons/hicolor/64x64/apps/httraqt.png


