++========================================
||
||   Package:  ./varnish/varnish-7.0.1-x86_64-1cf.txz
||
++========================================
drwxr-xr-x root/root         0 2021-11-23 14:19 ./
drwxr-xr-x root/root         0 2021-11-23 14:19 etc/
drwxr-xr-x root/root         0 2021-11-23 14:19 etc/rc.d/
-rw-r--r-- root/root      1543 2021-11-23 14:19 etc/rc.d/rc.varnishd.new
drwxr-xr-x root/root         0 2021-11-23 14:19 etc/varnish/
-rw-r--r-- root/root      1190 2021-11-23 14:19 etc/varnish/default.vcl.new
drwxr-xr-x root/root         0 2021-11-23 14:19 install/
-rw-r--r-- root/root       848 2021-11-23 14:19 install/doinst.sh
-rw-r--r-- root/root       858 2021-11-23 14:19 install/slack-desc
drwxr-xr-x root/root         0 2021-11-23 14:19 usr/
drwxr-xr-x root/root         0 2021-11-23 14:19 usr/bin/
-rwxr-xr-x root/root     43584 2021-11-23 14:19 usr/bin/varnishadm
-rwxr-xr-x root/root     31688 2021-11-23 14:19 usr/bin/varnishhist
-rwxr-xr-x root/root     19208 2021-11-23 14:19 usr/bin/varnishlog
-rwxr-xr-x root/root     39848 2021-11-23 14:19 usr/bin/varnishncsa
-rwxr-xr-x root/root     39768 2021-11-23 14:19 usr/bin/varnishstat
-rwxr-xr-x root/root     22688 2021-11-23 14:19 usr/bin/varnishstat_help_gen
-rwxr-xr-x root/root    425944 2021-11-23 14:19 usr/bin/varnishtest
-rwxr-xr-x root/root     31592 2021-11-23 14:19 usr/bin/varnishtop
drwxr-xr-x root/root         0 2021-11-23 14:19 usr/doc/
drwxr-xr-x root/root         0 2021-11-23 14:19 usr/doc/varnish-7.0.1/
-rw-r--r-- root/root        95 2017-08-02 13:42 usr/doc/varnish-7.0.1/ChangeLog
-rw-r--r-- root/root       793 2021-11-23 10:47 usr/doc/varnish-7.0.1/INSTALL
-rw-r--r-- root/root      1457 2021-11-23 10:47 usr/doc/varnish-7.0.1/LICENSE
-rw-r--r-- root/root       794 2021-11-23 10:47 usr/doc/varnish-7.0.1/README.Packaging
-rw-r--r-- root/root       958 2021-11-23 10:47 usr/doc/varnish-7.0.1/README.rst
-rw-r--r-- root/root      5377 2021-11-23 14:19 usr/doc/varnish-7.0.1/builtin.vcl
-rw-r--r-- root/root    290324 2021-11-23 11:06 usr/doc/varnish-7.0.1/changes.html
-rw-r--r-- root/root      1190 2021-11-23 14:19 usr/doc/varnish-7.0.1/example.vcl
drwxr-xr-x root/root         0 2021-11-23 11:06 usr/doc/varnish-7.0.1/html/
drwxr-xr-x root/root         0 2021-11-23 11:06 usr/doc/varnish-7.0.1/html/_images/
-rw-r--r-- root/root     29526 2021-11-23 11:06 usr/doc/varnish-7.0.1/html/_images/bjarne.jpeg
-rw-r--r-- root/root     30218 2021-11-23 11:06 usr/doc/varnish-7.0.1/html/_images/brinch_hansens_arrows_1.svg
-rw-r--r-- root/root     22941 2021-11-23 11:06 usr/doc/varnish-7.0.1/html/_images/cache_fetch.svg
-rw-r--r-- root/root     40488 2021-11-23 11:06 usr/doc/varnish-7.0.1/html/_images/cache_req_fsm.svg
-rw-r--r-- root/root     40987 2021-11-23 11:06 usr/doc/varnish-7.0.1/html/_images/fastly_503.png
drwxr-xr-x root/root         0 2021-11-23 11:06 usr/doc/varnish-7.0.1/html/_sources/
drwxr-xr-x root/root         0 2021-11-23 11:06 usr/doc/varnish-7.0.1/html/_sources/dev-guide/
-rw-r--r-- root/root      4573 2021-11-23 11:06 usr/doc/varnish-7.0.1/html/_sources/dev-guide/homepage_contrib.rst.txt
-rw-r--r-- root/root      5075 2021-11-23 11:06 usr/doc/varnish-7.0.1/html/_sources/dev-guide/homepage_dogfood.rst.txt
-rw-r--r-- root/root      2879 2021-11-23 11:06 usr/doc/varnish-7.0.1/html/_sources/dev-guide/index.rst.txt
-rw-r--r-- root/root      1289 2021-11-23 11:06 usr/doc/varnish-7.0.1/html/_sources/dev-guide/policy_vmods.rst.txt
-rw-r--r-- root/root      6010 2021-11-23 11:06 usr/doc/varnish-7.0.1/html/_sources/dev-guide/who.rst.txt
drwxr-xr-x root/root         0 2021-11-23 11:06 usr/doc/varnish-7.0.1/html/_sources/glossary/
-rw-r--r-- root/root      3712 2021-11-23 11:06 usr/doc/varnish-7.0.1/html/_sources/glossary/index.rst.txt
-rw-r--r-- root/root      2555 2021-11-23 11:06 usr/doc/varnish-7.0.1/html/_sources/index.rst.txt
drwxr-xr-x root/root         0 2021-11-23 11:06 usr/doc/varnish-7.0.1/html/_sources/installation/
-rw-r--r-- root/root      6237 2021-11-23 11:06 usr/doc/varnish-7.0.1/html/_sources/installation/bugs.rst.txt
-rw-r--r-- root/root      1885 2021-11-23 11:06 usr/doc/varnish-7.0.1/html/_sources/installation/cloud_debian.rst.txt
-rw-r--r-- root/root      1714 2021-11-23 11:06 usr/doc/varnish-7.0.1/html/_sources/installation/cloud_redhat.rst.txt
-rw-r--r-- root/root      1661 2021-11-23 11:06 usr/doc/varnish-7.0.1/html/_sources/installation/cloud_ubuntu.rst.txt
-rw-r--r-- root/root      3756 2021-11-23 11:06 usr/doc/varnish-7.0.1/html/_sources/installation/help.rst.txt
-rw-r--r-- root/root       434 2021-11-23 11:06 usr/doc/varnish-7.0.1/html/_sources/installation/index.rst.txt
-rw-r--r-- root/root      1627 2021-11-23 11:06 usr/doc/varnish-7.0.1/html/_sources/installation/install.rst.txt
-rw-r--r-- root/root      1222 2021-11-23 11:06 usr/doc/varnish-7.0.1/html/_sources/installation/install_debian.rst.txt
-rw-r--r-- root/root       669 2021-11-23 11:06 usr/doc/varnish-7.0.1/html/_sources/installation/install_freebsd.rst.txt
-rw-r--r-- root/root       382 2021-11-23 11:06 usr/doc/varnish-7.0.1/html/_sources/installation/install_openbsd.rst.txt
-rw-r--r-- root/root      2212 2021-11-23 11:06 usr/doc/varnish-7.0.1/html/_sources/installation/install_redhat.rst.txt
-rw-r--r-- root/root      6967 2021-11-23 11:06 usr/doc/varnish-7.0.1/html/_sources/installation/install_source.rst.txt
-rw-r--r-- root/root      2580 2021-11-23 11:06 usr/doc/varnish-7.0.1/html/_sources/installation/platformnotes.rst.txt
-rw-r--r-- root/root       712 2021-11-23 11:06 usr/doc/varnish-7.0.1/html/_sources/installation/prerequisites.rst.txt
drwxr-xr-x root/root         0 2021-11-23 11:06 usr/doc/varnish-7.0.1/html/_sources/phk/
-rw-r--r-- root/root     10524 2021-11-23 11:06 usr/doc/varnish-7.0.1/html/_sources/phk/10goingon50.rst.txt
-rw-r--r-- root/root      4160 2021-11-23 11:06 usr/doc/varnish-7.0.1/html/_sources/phk/503aroundtheworld.rst.txt
-rw-r--r-- root/root      6814 2021-11-23 11:06 usr/doc/varnish-7.0.1/html/_sources/phk/VSV00001.rst.txt
-rw-r--r-- root/root      6044 2021-11-23 11:06 usr/doc/varnish-7.0.1/html/_sources/phk/VSV00003.rst.txt
-rw-r--r-- root/root      5857 2021-11-23 11:06 usr/doc/varnish-7.0.1/html/_sources/phk/apispaces.rst.txt
-rw-r--r-- root/root      3199 2021-11-23 11:06 usr/doc/varnish-7.0.1/html/_sources/phk/autocrap.rst.txt
-rw-r--r-- root/root      4366 2021-11-23 11:06 usr/doc/varnish-7.0.1/html/_sources/phk/backends.rst.txt
-rw-r--r-- root/root      6056 2021-11-23 11:06 usr/doc/varnish-7.0.1/html/_sources/phk/barriers.rst.txt
-rw-r--r-- root/root      2524 2021-11-23 11:06 usr/doc/varnish-7.0.1/html/_sources/phk/brinch-hansens-arrows.rst.txt
-rw-r--r-- root/root     11185 2021-11-23 11:06 usr/doc/varnish-7.0.1/html/_sources/phk/dough.rst.txt
-rw-r--r-- root/root      3276 2021-11-23 11:06 usr/doc/varnish-7.0.1/html/_sources/phk/farfaraway.rst.txt
-rw-r--r-- root/root     53987 2021-11-23 11:06 usr/doc/varnish-7.0.1/html/_sources/phk/firstdesign.rst.txt
-rw-r--r-- root/root      5898 2021-11-23 11:06 usr/doc/varnish-7.0.1/html/_sources/phk/gzip.rst.txt
-rw-r--r-- root/root     12168 2021-11-23 11:06 usr/doc/varnish-7.0.1/html/_sources/phk/http20.rst.txt
-rw-r--r-- root/root       861 2021-11-23 11:06 usr/doc/varnish-7.0.1/html/_sources/phk/index.rst.txt
-rw-r--r-- root/root      4445 2021-11-23 11:06 usr/doc/varnish-7.0.1/html/_sources/phk/ip_address.rst.txt
-rw-r--r-- root/root      2480 2021-11-23 11:06 usr/doc/varnish-7.0.1/html/_sources/phk/ipv6suckage.rst.txt
-rw-r--r-- root/root      3049 2021-11-23 11:06 usr/doc/varnish-7.0.1/html/_sources/phk/legacy.rst.txt
-rw-r--r-- root/root      6389 2021-11-23 11:06 usr/doc/varnish-7.0.1/html/_sources/phk/lucky.rst.txt
-rw-r--r-- root/root     10842 2021-11-23 11:06 usr/doc/varnish-7.0.1/html/_sources/phk/notes.rst.txt
-rw-r--r-- root/root      8761 2021-11-23 11:06 usr/doc/varnish-7.0.1/html/_sources/phk/patent.rst.txt
-rw-r--r-- root/root      3767 2021-11-23 11:06 usr/doc/varnish-7.0.1/html/_sources/phk/persistent.rst.txt
-rw-r--r-- root/root      3781 2021-11-23 11:06 usr/doc/varnish-7.0.1/html/_sources/phk/platforms.rst.txt
-rw-r--r-- root/root      7593 2021-11-23 11:06 usr/doc/varnish-7.0.1/html/_sources/phk/quic.rst.txt
-rw-r--r-- root/root      3870 2021-11-23 11:06 usr/doc/varnish-7.0.1/html/_sources/phk/somethinghappened.rst.txt
-rw-r--r-- root/root      6593 2021-11-23 11:06 usr/doc/varnish-7.0.1/html/_sources/phk/spdy.rst.txt
-rw-r--r-- root/root      3286 2021-11-23 11:06 usr/doc/varnish-7.0.1/html/_sources/phk/sphinx.rst.txt
-rw-r--r-- root/root      2940 2021-11-23 11:06 usr/doc/varnish-7.0.1/html/_sources/phk/ssl.rst.txt
-rw-r--r-- root/root      6085 2021-11-23 11:06 usr/doc/varnish-7.0.1/html/_sources/phk/ssl_again.rst.txt
-rw-r--r-- root/root      7383 2021-11-23 11:06 usr/doc/varnish-7.0.1/html/_sources/phk/thatslow.rst.txt
-rw-r--r-- root/root      8143 2021-11-23 11:06 usr/doc/varnish-7.0.1/html/_sources/phk/thetoolsweworkwith.rst.txt
-rw-r--r-- root/root      1585 2021-11-23 11:06 usr/doc/varnish-7.0.1/html/_sources/phk/thoughts.rst.txt
-rw-r--r-- root/root      2851 2021-11-23 11:06 usr/doc/varnish-7.0.1/html/_sources/phk/three-zero.rst.txt
-rw-r--r-- root/root      4554 2021-11-23 11:06 usr/doc/varnish-7.0.1/html/_sources/phk/trialerror.rst.txt
-rw-r--r-- root/root      5314 2021-11-23 11:06 usr/doc/varnish-7.0.1/html/_sources/phk/varnish_does_not_hash.rst.txt
-rw-r--r-- root/root      1980 2021-11-23 11:06 usr/doc/varnish-7.0.1/html/_sources/phk/vcl_expr.rst.txt
-rw-r--r-- root/root      4466 2021-11-23 11:06 usr/doc/varnish-7.0.1/html/_sources/phk/vdd19q3.rst.txt
-rw-r--r-- root/root      3406 2021-11-23 11:06 usr/doc/varnish-7.0.1/html/_sources/phk/wanton_destruction.rst.txt
drwxr-xr-x root/root         0 2021-11-23 11:06 usr/doc/varnish-7.0.1/html/_sources/reference/
-rw-r--r-- root/root      5910 2021-11-23 11:06 usr/doc/varnish-7.0.1/html/_sources/reference/cli_protocol.rst.txt
-rw-r--r-- root/root      8917 2021-11-23 11:06 usr/doc/varnish-7.0.1/html/_sources/reference/directors.rst.txt
-rw-r--r-- root/root      2195 2021-11-23 11:06 usr/doc/varnish-7.0.1/html/_sources/reference/index.rst.txt
-rw-r--r-- root/root       704 2021-11-23 11:06 usr/doc/varnish-7.0.1/html/_sources/reference/shell_tricks.rst.txt
-rw-r--r-- root/root      1393 2021-11-23 11:06 usr/doc/varnish-7.0.1/html/_sources/reference/states.rst.txt
-rw-r--r-- root/root     10024 2021-11-23 11:06 usr/doc/varnish-7.0.1/html/_sources/reference/varnish-cli.rst.txt
-rw-r--r-- root/root       486 2021-11-23 11:06 usr/doc/varnish-7.0.1/html/_sources/reference/varnish-counters.rst.txt
-rw-r--r-- root/root      2721 2021-11-23 11:06 usr/doc/varnish-7.0.1/html/_sources/reference/varnishadm.rst.txt
-rw-r--r-- root/root     18012 2021-11-23 11:06 usr/doc/varnish-7.0.1/html/_sources/reference/varnishd.rst.txt
-rw-r--r-- root/root      1446 2021-11-23 11:06 usr/doc/varnish-7.0.1/html/_sources/reference/varnishhist.rst.txt
-rw-r--r-- root/root      1337 2021-11-23 11:06 usr/doc/varnish-7.0.1/html/_sources/reference/varnishlog.rst.txt
-rw-r--r-- root/root      8567 2021-11-23 11:06 usr/doc/varnish-7.0.1/html/_sources/reference/varnishncsa.rst.txt
-rw-r--r-- root/root      2770 2021-11-23 11:06 usr/doc/varnish-7.0.1/html/_sources/reference/varnishstat.rst.txt
-rw-r--r-- root/root      6053 2021-11-23 11:06 usr/doc/varnish-7.0.1/html/_sources/reference/varnishtest.rst.txt
-rw-r--r-- root/root      1803 2021-11-23 11:06 usr/doc/varnish-7.0.1/html/_sources/reference/varnishtop.rst.txt
-rw-r--r-- root/root      4268 2021-11-23 11:06 usr/doc/varnish-7.0.1/html/_sources/reference/vcl-backend.rst.txt
-rw-r--r-- root/root      4988 2021-11-23 11:06 usr/doc/varnish-7.0.1/html/_sources/reference/vcl-probe.rst.txt
-rw-r--r-- root/root      2610 2021-11-23 11:06 usr/doc/varnish-7.0.1/html/_sources/reference/vcl-var.rst.txt
-rw-r--r-- root/root     12304 2021-11-23 11:06 usr/doc/varnish-7.0.1/html/_sources/reference/vcl.rst.txt
-rw-r--r-- root/root     26303 2021-11-23 11:06 usr/doc/varnish-7.0.1/html/_sources/reference/vmod.rst.txt
-rw-r--r-- root/root       175 2021-11-23 11:06 usr/doc/varnish-7.0.1/html/_sources/reference/vmod_blob.rst.txt
-rw-r--r-- root/root       177 2021-11-23 11:06 usr/doc/varnish-7.0.1/html/_sources/reference/vmod_cookie.rst.txt
-rw-r--r-- root/root       180 2021-11-23 11:06 usr/doc/varnish-7.0.1/html/_sources/reference/vmod_directors.rst.txt
-rw-r--r-- root/root       177 2021-11-23 11:06 usr/doc/varnish-7.0.1/html/_sources/reference/vmod_proxy.rst.txt
-rw-r--r-- root/root       177 2021-11-23 11:06 usr/doc/varnish-7.0.1/html/_sources/reference/vmod_purge.rst.txt
-rw-r--r-- root/root       179 2021-11-23 11:06 usr/doc/varnish-7.0.1/html/_sources/reference/vmod_std.rst.txt
-rw-r--r-- root/root       175 2021-11-23 11:06 usr/doc/varnish-7.0.1/html/_sources/reference/vmod_unix.rst.txt
-rw-r--r-- root/root       174 2021-11-23 11:06 usr/doc/varnish-7.0.1/html/_sources/reference/vmod_vtc.rst.txt
-rw-r--r-- root/root     10623 2021-11-23 11:06 usr/doc/varnish-7.0.1/html/_sources/reference/vsl-query.rst.txt
-rw-r--r-- root/root      4825 2021-11-23 11:06 usr/doc/varnish-7.0.1/html/_sources/reference/vsl.rst.txt
-rw-r--r-- root/root      4055 2021-11-23 11:06 usr/doc/varnish-7.0.1/html/_sources/reference/vsm.rst.txt
-rw-r--r-- root/root      3786 2021-11-23 11:06 usr/doc/varnish-7.0.1/html/_sources/reference/vtc.rst.txt
-rw-r--r-- root/root      3610 2021-11-23 11:06 usr/doc/varnish-7.0.1/html/_sources/reference/vtla.rst.txt
drwxr-xr-x root/root         0 2021-11-23 11:06 usr/doc/varnish-7.0.1/html/_sources/tutorial/
-rw-r--r-- root/root      1665 2021-11-23 11:06 usr/doc/varnish-7.0.1/html/_sources/tutorial/backend_servers.rst.txt
-rw-r--r-- root/root       719 2021-11-23 11:06 usr/doc/varnish-7.0.1/html/_sources/tutorial/index.rst.txt
-rw-r--r-- root/root      7253 2021-11-23 11:06 usr/doc/varnish-7.0.1/html/_sources/tutorial/introduction.rst.txt
-rw-r--r-- root/root       443 2021-11-23 11:06 usr/doc/varnish-7.0.1/html/_sources/tutorial/now_what.rst.txt
-rw-r--r-- root/root      1687 2021-11-23 11:06 usr/doc/varnish-7.0.1/html/_sources/tutorial/peculiarities.rst.txt
-rw-r--r-- root/root      1968 2021-11-23 11:06 usr/doc/varnish-7.0.1/html/_sources/tutorial/putting_varnish_on_port_80.rst.txt
-rw-r--r-- root/root      2583 2021-11-23 11:06 usr/doc/varnish-7.0.1/html/_sources/tutorial/starting_varnish.rst.txt
drwxr-xr-x root/root         0 2021-11-23 11:06 usr/doc/varnish-7.0.1/html/_sources/users-guide/
-rw-r--r-- root/root      2302 2021-11-23 11:06 usr/doc/varnish-7.0.1/html/_sources/users-guide/command-line.rst.txt
-rw-r--r-- root/root      4104 2021-11-23 11:06 usr/doc/varnish-7.0.1/html/_sources/users-guide/compression.rst.txt
-rw-r--r-- root/root      9219 2021-11-23 11:06 usr/doc/varnish-7.0.1/html/_sources/users-guide/devicedetection.rst.txt
-rw-r--r-- root/root      4815 2021-11-23 11:06 usr/doc/varnish-7.0.1/html/_sources/users-guide/esi.rst.txt
-rw-r--r-- root/root     28458 2021-11-23 11:06 usr/doc/varnish-7.0.1/html/_sources/users-guide/increasing-your-hitrate.rst.txt
-rw-r--r-- root/root      1785 2021-11-23 11:06 usr/doc/varnish-7.0.1/html/_sources/users-guide/index.rst.txt
-rw-r--r-- root/root      4892 2021-11-23 11:06 usr/doc/varnish-7.0.1/html/_sources/users-guide/intro.rst.txt
-rw-r--r-- root/root      2760 2021-11-23 11:06 usr/doc/varnish-7.0.1/html/_sources/users-guide/operation-logging.rst.txt
-rw-r--r-- root/root      2045 2021-11-23 11:06 usr/doc/varnish-7.0.1/html/_sources/users-guide/operation-statistics.rst.txt
-rw-r--r-- root/root       690 2021-11-23 11:06 usr/doc/varnish-7.0.1/html/_sources/users-guide/params.rst.txt
-rw-r--r-- root/root      1213 2021-11-23 11:06 usr/doc/varnish-7.0.1/html/_sources/users-guide/performance.rst.txt
-rw-r--r-- root/root      6380 2021-11-23 11:06 usr/doc/varnish-7.0.1/html/_sources/users-guide/purging.rst.txt
-rw-r--r-- root/root       438 2021-11-23 11:06 usr/doc/varnish-7.0.1/html/_sources/users-guide/report.rst.txt
-rw-r--r-- root/root      5584 2021-11-23 11:06 usr/doc/varnish-7.0.1/html/_sources/users-guide/run_cli.rst.txt
-rw-r--r-- root/root      8012 2021-11-23 11:06 usr/doc/varnish-7.0.1/html/_sources/users-guide/run_security.rst.txt
-rw-r--r-- root/root       579 2021-11-23 11:06 usr/doc/varnish-7.0.1/html/_sources/users-guide/running.rst.txt
-rw-r--r-- root/root      1334 2021-11-23 11:06 usr/doc/varnish-7.0.1/html/_sources/users-guide/sizing-your-cache.rst.txt
-rw-r--r-- root/root      7608 2021-11-23 11:06 usr/doc/varnish-7.0.1/html/_sources/users-guide/storage-backends.rst.txt
-rw-r--r-- root/root      8736 2021-11-23 11:06 usr/doc/varnish-7.0.1/html/_sources/users-guide/troubleshooting.rst.txt
-rw-r--r-- root/root      2349 2021-11-23 11:06 usr/doc/varnish-7.0.1/html/_sources/users-guide/vcl-actions.rst.txt
-rw-r--r-- root/root      9092 2021-11-23 11:06 usr/doc/varnish-7.0.1/html/_sources/users-guide/vcl-backends.rst.txt
-rw-r--r-- root/root      3063 2021-11-23 11:06 usr/doc/varnish-7.0.1/html/_sources/users-guide/vcl-built-in-code.rst.txt
-rw-r--r-- root/root     14580 2021-11-23 11:06 usr/doc/varnish-7.0.1/html/_sources/users-guide/vcl-built-in-subs.rst.txt
-rw-r--r-- root/root       673 2021-11-23 11:06 usr/doc/varnish-7.0.1/html/_sources/users-guide/vcl-example-acls.rst.txt
-rw-r--r-- root/root       732 2021-11-23 11:06 usr/doc/varnish-7.0.1/html/_sources/users-guide/vcl-example-manipulating-headers.rst.txt
-rw-r--r-- root/root       567 2021-11-23 11:06 usr/doc/varnish-7.0.1/html/_sources/users-guide/vcl-example-manipulating-responses.rst.txt
-rw-r--r-- root/root       691 2021-11-23 11:06 usr/doc/varnish-7.0.1/html/_sources/users-guide/vcl-example-websockets.rst.txt
-rw-r--r-- root/root       393 2021-11-23 11:06 usr/doc/varnish-7.0.1/html/_sources/users-guide/vcl-examples.rst.txt
-rw-r--r-- root/root      5789 2021-11-23 11:06 usr/doc/varnish-7.0.1/html/_sources/users-guide/vcl-grace.rst.txt
-rw-r--r-- root/root      1888 2021-11-23 11:06 usr/doc/varnish-7.0.1/html/_sources/users-guide/vcl-hashing.rst.txt
-rw-r--r-- root/root       885 2021-11-23 11:06 usr/doc/varnish-7.0.1/html/_sources/users-guide/vcl-inline-c.rst.txt
-rw-r--r-- root/root      2724 2021-11-23 11:06 usr/doc/varnish-7.0.1/html/_sources/users-guide/vcl-separate.rst.txt
-rw-r--r-- root/root      3991 2021-11-23 11:06 usr/doc/varnish-7.0.1/html/_sources/users-guide/vcl-syntax.rst.txt
-rw-r--r-- root/root      1135 2021-11-23 11:06 usr/doc/varnish-7.0.1/html/_sources/users-guide/vcl-variables.rst.txt
-rw-r--r-- root/root      1792 2021-11-23 11:06 usr/doc/varnish-7.0.1/html/_sources/users-guide/vcl.rst.txt
drwxr-xr-x root/root         0 2021-11-23 11:06 usr/doc/varnish-7.0.1/html/_sources/vcl-design-patterns/
-rw-r--r-- root/root       464 2021-11-23 11:06 usr/doc/varnish-7.0.1/html/_sources/vcl-design-patterns/index.rst.txt
-rw-r--r-- root/root      2053 2021-11-23 11:06 usr/doc/varnish-7.0.1/html/_sources/vcl-design-patterns/req-hash_ignore_vary.rst.txt
-rw-r--r-- root/root       656 2021-11-23 11:06 usr/doc/varnish-7.0.1/html/_sources/vcl-design-patterns/resp-status.rst.txt
drwxr-xr-x root/root         0 2021-11-23 11:06 usr/doc/varnish-7.0.1/html/_sources/whats-new/
-rw-r--r-- root/root      5550 2021-11-23 11:06 usr/doc/varnish-7.0.1/html/_sources/whats-new/changes-4.1.rst.txt
-rw-r--r-- root/root      9852 2021-11-23 11:06 usr/doc/varnish-7.0.1/html/_sources/whats-new/changes-5.0.rst.txt
-rw-r--r-- root/root     15147 2021-11-23 11:06 usr/doc/varnish-7.0.1/html/_sources/whats-new/changes-5.1.rst.txt
-rw-r--r-- root/root      6381 2021-11-23 11:06 usr/doc/varnish-7.0.1/html/_sources/whats-new/changes-5.2.rst.txt
-rw-r--r-- root/root      5356 2021-11-23 11:06 usr/doc/varnish-7.0.1/html/_sources/whats-new/changes-6.0.rst.txt
-rw-r--r-- root/root       856 2021-11-23 11:06 usr/doc/varnish-7.0.1/html/_sources/whats-new/changes-6.1.rst.txt
-rw-r--r-- root/root      9744 2021-11-23 11:06 usr/doc/varnish-7.0.1/html/_sources/whats-new/changes-6.2.rst.txt
-rw-r--r-- root/root      7889 2021-11-23 11:06 usr/doc/varnish-7.0.1/html/_sources/whats-new/changes-6.3.rst.txt
-rw-r--r-- root/root      6101 2021-11-23 11:06 usr/doc/varnish-7.0.1/html/_sources/whats-new/changes-6.4.rst.txt
-rw-r--r-- root/root      8615 2021-11-23 11:06 usr/doc/varnish-7.0.1/html/_sources/whats-new/changes-6.5.rst.txt
-rw-r--r-- root/root     15303 2021-11-23 11:06 usr/doc/varnish-7.0.1/html/_sources/whats-new/changes-6.6.rst.txt
-rw-r--r-- root/root      9510 2021-11-23 11:06 usr/doc/varnish-7.0.1/html/_sources/whats-new/changes-7.0.rst.txt
-rw-r--r-- root/root      1516 2021-11-23 11:06 usr/doc/varnish-7.0.1/html/_sources/whats-new/index.rst.txt
-rw-r--r-- root/root      4926 2021-11-23 11:06 usr/doc/varnish-7.0.1/html/_sources/whats-new/relnote-5.0.rst.txt
-rw-r--r-- root/root      7232 2021-11-23 11:06 usr/doc/varnish-7.0.1/html/_sources/whats-new/upgrading-4.0.rst.txt
-rw-r--r-- root/root      2096 2021-11-23 11:06 usr/doc/varnish-7.0.1/html/_sources/whats-new/upgrading-4.1.rst.txt
-rw-r--r-- root/root      3113 2021-11-23 11:06 usr/doc/varnish-7.0.1/html/_sources/whats-new/upgrading-5.0.rst.txt
-rw-r--r-- root/root     12092 2021-11-23 11:06 usr/doc/varnish-7.0.1/html/_sources/whats-new/upgrading-5.1.rst.txt
-rw-r--r-- root/root      9299 2021-11-23 11:06 usr/doc/varnish-7.0.1/html/_sources/whats-new/upgrading-5.2.rst.txt
-rw-r--r-- root/root     35798 2021-11-23 11:06 usr/doc/varnish-7.0.1/html/_sources/whats-new/upgrading-6.0.rst.txt
-rw-r--r-- root/root     16806 2021-11-23 11:06 usr/doc/varnish-7.0.1/html/_sources/whats-new/upgrading-6.1.rst.txt
-rw-r--r-- root/root      7092 2021-11-23 11:06 usr/doc/varnish-7.0.1/html/_sources/whats-new/upgrading-6.2.rst.txt
-rw-r--r-- root/root      2917 2021-11-23 11:06 usr/doc/varnish-7.0.1/html/_sources/whats-new/upgrading-6.3.rst.txt
-rw-r--r-- root/root      2607 2021-11-23 11:06 usr/doc/varnish-7.0.1/html/_sources/whats-new/upgrading-6.4.rst.txt
-rw-r--r-- root/root      3295 2021-11-23 11:06 usr/doc/varnish-7.0.1/html/_sources/whats-new/upgrading-6.5.rst.txt
-rw-r--r-- root/root      2573 2021-11-23 11:06 usr/doc/varnish-7.0.1/html/_sources/whats-new/upgrading-6.6.rst.txt
-rw-r--r-- root/root     12989 2021-11-23 11:06 usr/doc/varnish-7.0.1/html/_sources/whats-new/upgrading-7.0.rst.txt
drwxr-xr-x root/root         0 2021-11-23 11:06 usr/doc/varnish-7.0.1/html/_static/
-rw-r--r-- root/root       673 2021-11-23 11:06 usr/doc/varnish-7.0.1/html/_static/ajax-loader.gif
-rw-r--r-- root/root     10912 2021-11-23 11:06 usr/doc/varnish-7.0.1/html/_static/basic.css
-rw-r--r-- root/root      4142 2021-11-23 11:06 usr/doc/varnish-7.0.1/html/_static/classic.css
-rw-r--r-- root/root       756 2021-11-23 11:06 usr/doc/varnish-7.0.1/html/_static/comment-bright.png
-rw-r--r-- root/root       829 2021-11-23 11:06 usr/doc/varnish-7.0.1/html/_static/comment-close.png
-rw-r--r-- root/root       641 2021-11-23 11:06 usr/doc/varnish-7.0.1/html/_static/comment.png
-rw-r--r-- root/root      9313 2021-11-23 11:06 usr/doc/varnish-7.0.1/html/_static/doctools.js
-rw-r--r-- root/root       309 2021-11-23 11:06 usr/doc/varnish-7.0.1/html/_static/documentation_options.js
-rw-r--r-- root/root       222 2021-11-23 11:06 usr/doc/varnish-7.0.1/html/_static/down-pressed.png
-rw-r--r-- root/root       202 2021-11-23 11:06 usr/doc/varnish-7.0.1/html/_static/down.png
-rw-r--r-- root/root       286 2021-11-23 11:06 usr/doc/varnish-7.0.1/html/_static/file.png
-rw-r--r-- root/root    271756 2021-11-23 11:06 usr/doc/varnish-7.0.1/html/_static/jquery.js
-rw-r--r-- root/root     10847 2021-11-23 11:06 usr/doc/varnish-7.0.1/html/_static/language_data.js
-rw-r--r-- root/root        90 2021-11-23 11:06 usr/doc/varnish-7.0.1/html/_static/minus.png
-rw-r--r-- root/root        90 2021-11-23 11:06 usr/doc/varnish-7.0.1/html/_static/plus.png
-rw-r--r-- root/root      4395 2021-11-23 11:06 usr/doc/varnish-7.0.1/html/_static/pygments.css
-rw-r--r-- root/root     15059 2021-11-23 11:06 usr/doc/varnish-7.0.1/html/_static/searchtools.js
-rw-r--r-- root/root      4803 2021-11-23 11:06 usr/doc/varnish-7.0.1/html/_static/sidebar.js
-rw-r--r-- root/root     58881 2021-11-23 11:06 usr/doc/varnish-7.0.1/html/_static/underscore.js
-rw-r--r-- root/root       214 2021-11-23 11:06 usr/doc/varnish-7.0.1/html/_static/up-pressed.png
-rw-r--r-- root/root       203 2021-11-23 11:06 usr/doc/varnish-7.0.1/html/_static/up.png
-rw-r--r-- root/root     25355 2021-11-23 11:06 usr/doc/varnish-7.0.1/html/_static/websupport.js
drwxr-xr-x root/root         0 2021-11-23 11:06 usr/doc/varnish-7.0.1/html/dev-guide/
-rw-r--r-- root/root     12455 2021-11-23 11:06 usr/doc/varnish-7.0.1/html/dev-guide/homepage_contrib.html
-rw-r--r-- root/root     12996 2021-11-23 11:06 usr/doc/varnish-7.0.1/html/dev-guide/homepage_dogfood.html
-rw-r--r-- root/root      9947 2021-11-23 11:06 usr/doc/varnish-7.0.1/html/dev-guide/index.html
-rw-r--r-- root/root      5926 2021-11-23 11:06 usr/doc/varnish-7.0.1/html/dev-guide/policy_vmods.html
-rw-r--r-- root/root     14163 2021-11-23 11:06 usr/doc/varnish-7.0.1/html/dev-guide/who.html
-rw-r--r-- root/root      7517 2021-11-23 11:06 usr/doc/varnish-7.0.1/html/genindex.html
drwxr-xr-x root/root         0 2021-11-23 11:06 usr/doc/varnish-7.0.1/html/glossary/
-rw-r--r-- root/root      7915 2021-11-23 11:06 usr/doc/varnish-7.0.1/html/glossary/index.html
-rw-r--r-- root/root      8194 2021-11-23 11:06 usr/doc/varnish-7.0.1/html/index.html
drwxr-xr-x root/root         0 2021-11-23 11:06 usr/doc/varnish-7.0.1/html/installation/
-rw-r--r-- root/root     13318 2021-11-23 11:06 usr/doc/varnish-7.0.1/html/installation/bugs.html
-rw-r--r-- root/root      7844 2021-11-23 11:06 usr/doc/varnish-7.0.1/html/installation/cloud_debian.html
-rw-r--r-- root/root      7247 2021-11-23 11:06 usr/doc/varnish-7.0.1/html/installation/cloud_redhat.html
-rw-r--r-- root/root      7302 2021-11-23 11:06 usr/doc/varnish-7.0.1/html/installation/cloud_ubuntu.html
-rw-r--r-- root/root      9470 2021-11-23 11:06 usr/doc/varnish-7.0.1/html/installation/help.html
-rw-r--r-- root/root      7747 2021-11-23 11:06 usr/doc/varnish-7.0.1/html/installation/index.html
-rw-r--r-- root/root     12013 2021-11-23 11:06 usr/doc/varnish-7.0.1/html/installation/install.html
-rw-r--r-- root/root      7331 2021-11-23 11:06 usr/doc/varnish-7.0.1/html/installation/install_debian.html
-rw-r--r-- root/root      6719 2021-11-23 11:06 usr/doc/varnish-7.0.1/html/installation/install_freebsd.html
-rw-r--r-- root/root      6189 2021-11-23 11:06 usr/doc/varnish-7.0.1/html/installation/install_openbsd.html
-rw-r--r-- root/root      8232 2021-11-23 11:06 usr/doc/varnish-7.0.1/html/installation/install_redhat.html
-rw-r--r-- root/root     25209 2021-11-23 11:06 usr/doc/varnish-7.0.1/html/installation/install_source.html
-rw-r--r-- root/root      8325 2021-11-23 11:06 usr/doc/varnish-7.0.1/html/installation/platformnotes.html
-rw-r--r-- root/root      5264 2021-11-23 11:06 usr/doc/varnish-7.0.1/html/installation/prerequisites.html
drwxr-xr-x root/root         0 2021-11-23 11:06 usr/doc/varnish-7.0.1/html/phk/
-rw-r--r-- root/root     18435 2021-11-23 11:06 usr/doc/varnish-7.0.1/html/phk/10goingon50.html
-rw-r--r-- root/root      9372 2021-11-23 11:06 usr/doc/varnish-7.0.1/html/phk/503aroundtheworld.html
-rw-r--r-- root/root     14115 2021-11-23 11:06 usr/doc/varnish-7.0.1/html/phk/VSV00001.html
-rw-r--r-- root/root     13566 2021-11-23 11:06 usr/doc/varnish-7.0.1/html/phk/VSV00003.html
-rw-r--r-- root/root     16188 2021-11-23 11:06 usr/doc/varnish-7.0.1/html/phk/apispaces.html
-rw-r--r-- root/root      8334 2021-11-23 11:06 usr/doc/varnish-7.0.1/html/phk/autocrap.html
-rw-r--r-- root/root     11476 2021-11-23 11:06 usr/doc/varnish-7.0.1/html/phk/backends.html
-rw-r--r-- root/root     15242 2021-11-23 11:06 usr/doc/varnish-7.0.1/html/phk/barriers.html
-rw-r--r-- root/root      7178 2021-11-23 11:06 usr/doc/varnish-7.0.1/html/phk/brinch-hansens-arrows.html
-rw-r--r-- root/root     17739 2021-11-23 11:06 usr/doc/varnish-7.0.1/html/phk/dough.html
-rw-r--r-- root/root      9639 2021-11-23 11:06 usr/doc/varnish-7.0.1/html/phk/farfaraway.html
-rw-r--r-- root/root     69863 2021-11-23 11:06 usr/doc/varnish-7.0.1/html/phk/firstdesign.html
-rw-r--r-- root/root     13934 2021-11-23 11:06 usr/doc/varnish-7.0.1/html/phk/gzip.html
-rw-r--r-- root/root     21294 2021-11-23 11:06 usr/doc/varnish-7.0.1/html/phk/http20.html
-rw-r--r-- root/root      8819 2021-11-23 11:06 usr/doc/varnish-7.0.1/html/phk/index.html
-rw-r--r-- root/root      9990 2021-11-23 11:06 usr/doc/varnish-7.0.1/html/phk/ip_address.html
-rw-r--r-- root/root      7352 2021-11-23 11:06 usr/doc/varnish-7.0.1/html/phk/ipv6suckage.html
-rw-r--r-- root/root      7848 2021-11-23 11:06 usr/doc/varnish-7.0.1/html/phk/legacy.html
-rw-r--r-- root/root     12784 2021-11-23 11:06 usr/doc/varnish-7.0.1/html/phk/lucky.html
-rw-r--r-- root/root     16612 2021-11-23 11:06 usr/doc/varnish-7.0.1/html/phk/notes.html
-rw-r--r-- root/root     13839 2021-11-23 11:06 usr/doc/varnish-7.0.1/html/phk/patent.html
-rw-r--r-- root/root      9556 2021-11-23 11:06 usr/doc/varnish-7.0.1/html/phk/persistent.html
-rw-r--r-- root/root      9770 2021-11-23 11:06 usr/doc/varnish-7.0.1/html/phk/platforms.html
-rw-r--r-- root/root     13925 2021-11-23 11:06 usr/doc/varnish-7.0.1/html/phk/quic.html
-rw-r--r-- root/root     10104 2021-11-23 11:06 usr/doc/varnish-7.0.1/html/phk/somethinghappened.html
-rw-r--r-- root/root     14761 2021-11-23 11:06 usr/doc/varnish-7.0.1/html/phk/spdy.html
-rw-r--r-- root/root      8259 2021-11-23 11:06 usr/doc/varnish-7.0.1/html/phk/sphinx.html
-rw-r--r-- root/root      9003 2021-11-23 11:06 usr/doc/varnish-7.0.1/html/phk/ssl.html
-rw-r--r-- root/root     12291 2021-11-23 11:06 usr/doc/varnish-7.0.1/html/phk/ssl_again.html
-rw-r--r-- root/root     17928 2021-11-23 11:06 usr/doc/varnish-7.0.1/html/phk/thatslow.html
-rw-r--r-- root/root     16982 2021-11-23 11:06 usr/doc/varnish-7.0.1/html/phk/thetoolsweworkwith.html
-rw-r--r-- root/root      6159 2021-11-23 11:06 usr/doc/varnish-7.0.1/html/phk/thoughts.html
-rw-r--r-- root/root      7477 2021-11-23 11:06 usr/doc/varnish-7.0.1/html/phk/three-zero.html
-rw-r--r-- root/root      9634 2021-11-23 11:06 usr/doc/varnish-7.0.1/html/phk/trialerror.html
-rw-r--r-- root/root     12184 2021-11-23 11:06 usr/doc/varnish-7.0.1/html/phk/varnish_does_not_hash.html
-rw-r--r-- root/root      6926 2021-11-23 11:06 usr/doc/varnish-7.0.1/html/phk/vcl_expr.html
-rw-r--r-- root/root     10417 2021-11-23 11:06 usr/doc/varnish-7.0.1/html/phk/vdd19q3.html
-rw-r--r-- root/root      8177 2021-11-23 11:06 usr/doc/varnish-7.0.1/html/phk/wanton_destruction.html
drwxr-xr-x root/root         0 2021-11-23 11:06 usr/doc/varnish-7.0.1/html/reference/
-rw-r--r-- root/root     13753 2021-11-23 11:06 usr/doc/varnish-7.0.1/html/reference/cli_protocol.html
-rw-r--r-- root/root     21031 2021-11-23 11:06 usr/doc/varnish-7.0.1/html/reference/directors.html
-rw-r--r-- root/root     11550 2021-11-23 11:06 usr/doc/varnish-7.0.1/html/reference/index.html
-rw-r--r-- root/root      5332 2021-11-23 11:06 usr/doc/varnish-7.0.1/html/reference/shell_tricks.html
-rw-r--r-- root/root      6903 2021-11-23 11:06 usr/doc/varnish-7.0.1/html/reference/states.html
-rw-r--r-- root/root     48604 2021-11-23 11:06 usr/doc/varnish-7.0.1/html/reference/varnish-cli.html
-rw-r--r-- root/root     62429 2021-11-23 11:06 usr/doc/varnish-7.0.1/html/reference/varnish-counters.html
-rw-r--r-- root/root     11981 2021-11-23 11:06 usr/doc/varnish-7.0.1/html/reference/varnishadm.html
-rw-r--r-- root/root    116122 2021-11-23 11:06 usr/doc/varnish-7.0.1/html/reference/varnishd.html
-rw-r--r-- root/root     15018 2021-11-23 11:06 usr/doc/varnish-7.0.1/html/reference/varnishhist.html
-rw-r--r-- root/root     17419 2021-11-23 11:06 usr/doc/varnish-7.0.1/html/reference/varnishlog.html
-rw-r--r-- root/root     25551 2021-11-23 11:06 usr/doc/varnish-7.0.1/html/reference/varnishncsa.html
-rw-r--r-- root/root     17875 2021-11-23 11:06 usr/doc/varnish-7.0.1/html/reference/varnishstat.html
-rw-r--r-- root/root     21411 2021-11-23 11:06 usr/doc/varnish-7.0.1/html/reference/varnishtest.html
-rw-r--r-- root/root     16282 2021-11-23 11:06 usr/doc/varnish-7.0.1/html/reference/varnishtop.html
-rw-r--r-- root/root     17609 2021-11-23 11:06 usr/doc/varnish-7.0.1/html/reference/vcl-backend.html
-rw-r--r-- root/root     18520 2021-11-23 11:06 usr/doc/varnish-7.0.1/html/reference/vcl-probe.html
-rw-r--r-- root/root     58327 2021-11-23 11:06 usr/doc/varnish-7.0.1/html/reference/vcl-var.html
-rw-r--r-- root/root     38412 2021-11-23 11:06 usr/doc/varnish-7.0.1/html/reference/vcl.html
-rw-r--r-- root/root     64531 2021-11-23 11:06 usr/doc/varnish-7.0.1/html/reference/vmod.html
-rw-r--r-- root/root     58259 2021-11-23 11:06 usr/doc/varnish-7.0.1/html/reference/vmod_blob.html
-rw-r--r-- root/root     30006 2021-11-23 11:06 usr/doc/varnish-7.0.1/html/reference/vmod_cookie.html
-rw-r--r-- root/root     63962 2021-11-23 11:06 usr/doc/varnish-7.0.1/html/reference/vmod_directors.html
-rw-r--r-- root/root     16517 2021-11-23 11:06 usr/doc/varnish-7.0.1/html/reference/vmod_proxy.html
-rw-r--r-- root/root     11637 2021-11-23 11:06 usr/doc/varnish-7.0.1/html/reference/vmod_purge.html
-rw-r--r-- root/root     77489 2021-11-23 11:06 usr/doc/varnish-7.0.1/html/reference/vmod_std.html
-rw-r--r-- root/root     14566 2021-11-23 11:06 usr/doc/varnish-7.0.1/html/reference/vmod_unix.html
-rw-r--r-- root/root     24301 2021-11-23 11:06 usr/doc/varnish-7.0.1/html/reference/vmod_vtc.html
-rw-r--r-- root/root     26115 2021-11-23 11:06 usr/doc/varnish-7.0.1/html/reference/vsl-query.html
-rw-r--r-- root/root     82211 2021-11-23 11:06 usr/doc/varnish-7.0.1/html/reference/vsl.html
-rw-r--r-- root/root      9241 2021-11-23 11:06 usr/doc/varnish-7.0.1/html/reference/vsm.html
-rw-r--r-- root/root     83814 2021-11-23 11:06 usr/doc/varnish-7.0.1/html/reference/vtc.html
-rw-r--r-- root/root      9051 2021-11-23 11:06 usr/doc/varnish-7.0.1/html/reference/vtla.html
-rw-r--r-- root/root      3499 2021-11-23 11:06 usr/doc/varnish-7.0.1/html/search.html
-rw-r--r-- root/root    226085 2021-11-23 11:06 usr/doc/varnish-7.0.1/html/searchindex.js
drwxr-xr-x root/root         0 2021-11-23 11:06 usr/doc/varnish-7.0.1/html/tutorial/
-rw-r--r-- root/root      7263 2021-11-23 11:06 usr/doc/varnish-7.0.1/html/tutorial/backend_servers.html
-rw-r--r-- root/root      6637 2021-11-23 11:06 usr/doc/varnish-7.0.1/html/tutorial/index.html
-rw-r--r-- root/root     14836 2021-11-23 11:06 usr/doc/varnish-7.0.1/html/tutorial/introduction.html
-rw-r--r-- root/root      5001 2021-11-23 11:06 usr/doc/varnish-7.0.1/html/tutorial/now_what.html
-rw-r--r-- root/root      6956 2021-11-23 11:06 usr/doc/varnish-7.0.1/html/tutorial/peculiarities.html
-rw-r--r-- root/root      9858 2021-11-23 11:06 usr/doc/varnish-7.0.1/html/tutorial/putting_varnish_on_port_80.html
-rw-r--r-- root/root      8733 2021-11-23 11:06 usr/doc/varnish-7.0.1/html/tutorial/starting_varnish.html
drwxr-xr-x root/root         0 2021-11-23 11:06 usr/doc/varnish-7.0.1/html/users-guide/
-rw-r--r-- root/root      9779 2021-11-23 11:06 usr/doc/varnish-7.0.1/html/users-guide/command-line.html
-rw-r--r-- root/root     11883 2021-11-23 11:06 usr/doc/varnish-7.0.1/html/users-guide/compression.html
-rw-r--r-- root/root     22394 2021-11-23 11:06 usr/doc/varnish-7.0.1/html/users-guide/devicedetection.html
-rw-r--r-- root/root     17094 2021-11-23 11:06 usr/doc/varnish-7.0.1/html/users-guide/esi.html
-rw-r--r-- root/root     63908 2021-11-23 11:06 usr/doc/varnish-7.0.1/html/users-guide/increasing-your-hitrate.html
-rw-r--r-- root/root     13471 2021-11-23 11:06 usr/doc/varnish-7.0.1/html/users-guide/index.html
-rw-r--r-- root/root     10357 2021-11-23 11:06 usr/doc/varnish-7.0.1/html/users-guide/intro.html
-rw-r--r-- root/root      9469 2021-11-23 11:06 usr/doc/varnish-7.0.1/html/users-guide/operation-logging.html
-rw-r--r-- root/root      8493 2021-11-23 11:06 usr/doc/varnish-7.0.1/html/users-guide/operation-statistics.html
-rw-r--r-- root/root      5706 2021-11-23 11:06 usr/doc/varnish-7.0.1/html/users-guide/params.html
-rw-r--r-- root/root     10170 2021-11-23 11:06 usr/doc/varnish-7.0.1/html/users-guide/performance.html
-rw-r--r-- root/root     14877 2021-11-23 11:06 usr/doc/varnish-7.0.1/html/users-guide/purging.html
-rw-r--r-- root/root      5492 2021-11-23 11:06 usr/doc/varnish-7.0.1/html/users-guide/report.html
-rw-r--r-- root/root     14993 2021-11-23 11:06 usr/doc/varnish-7.0.1/html/users-guide/run_cli.html
-rw-r--r-- root/root     17619 2021-11-23 11:06 usr/doc/varnish-7.0.1/html/users-guide/run_security.html
-rw-r--r-- root/root      7479 2021-11-23 11:06 usr/doc/varnish-7.0.1/html/users-guide/running.html
-rw-r--r-- root/root      6202 2021-11-23 11:06 usr/doc/varnish-7.0.1/html/users-guide/sizing-your-cache.html
-rw-r--r-- root/root     16656 2021-11-23 11:06 usr/doc/varnish-7.0.1/html/users-guide/storage-backends.html
-rw-r--r-- root/root     23012 2021-11-23 11:06 usr/doc/varnish-7.0.1/html/users-guide/troubleshooting.html
-rw-r--r-- root/root     12251 2021-11-23 11:06 usr/doc/varnish-7.0.1/html/users-guide/vcl-actions.html
-rw-r--r-- root/root     27065 2021-11-23 11:06 usr/doc/varnish-7.0.1/html/users-guide/vcl-backends.html
-rw-r--r-- root/root     11047 2021-11-23 11:06 usr/doc/varnish-7.0.1/html/users-guide/vcl-built-in-code.html
-rw-r--r-- root/root     41442 2021-11-23 11:06 usr/doc/varnish-7.0.1/html/users-guide/vcl-built-in-subs.html
-rw-r--r-- root/root      5918 2021-11-23 11:06 usr/doc/varnish-7.0.1/html/users-guide/vcl-example-acls.html
-rw-r--r-- root/root      6371 2021-11-23 11:06 usr/doc/varnish-7.0.1/html/users-guide/vcl-example-manipulating-headers.html
-rw-r--r-- root/root      6518 2021-11-23 11:06 usr/doc/varnish-7.0.1/html/users-guide/vcl-example-manipulating-responses.html
-rw-r--r-- root/root      7013 2021-11-23 11:06 usr/doc/varnish-7.0.1/html/users-guide/vcl-example-websockets.html
-rw-r--r-- root/root      5687 2021-11-23 11:06 usr/doc/varnish-7.0.1/html/users-guide/vcl-examples.html
-rw-r--r-- root/root     16350 2021-11-23 11:06 usr/doc/varnish-7.0.1/html/users-guide/vcl-grace.html
-rw-r--r-- root/root      9249 2021-11-23 11:06 usr/doc/varnish-7.0.1/html/users-guide/vcl-hashing.html
-rw-r--r-- root/root      6178 2021-11-23 11:06 usr/doc/varnish-7.0.1/html/users-guide/vcl-inline-c.html
-rw-r--r-- root/root     13509 2021-11-23 11:06 usr/doc/varnish-7.0.1/html/users-guide/vcl-separate.html
-rw-r--r-- root/root     13340 2021-11-23 11:06 usr/doc/varnish-7.0.1/html/users-guide/vcl-syntax.html
-rw-r--r-- root/root      5910 2021-11-23 11:06 usr/doc/varnish-7.0.1/html/users-guide/vcl-variables.html
-rw-r--r-- root/root      8141 2021-11-23 11:06 usr/doc/varnish-7.0.1/html/users-guide/vcl.html
drwxr-xr-x root/root         0 2021-11-23 11:06 usr/doc/varnish-7.0.1/html/vcl-design-patterns/
-rw-r--r-- root/root      5181 2021-11-23 11:06 usr/doc/varnish-7.0.1/html/vcl-design-patterns/index.html
-rw-r--r-- root/root      8781 2021-11-23 11:06 usr/doc/varnish-7.0.1/html/vcl-design-patterns/req-hash_ignore_vary.html
-rw-r--r-- root/root      6748 2021-11-23 11:06 usr/doc/varnish-7.0.1/html/vcl-design-patterns/resp-status.html
drwxr-xr-x root/root         0 2021-11-23 11:06 usr/doc/varnish-7.0.1/html/whats-new/
-rw-r--r-- root/root     16912 2021-11-23 11:06 usr/doc/varnish-7.0.1/html/whats-new/changes-4.1.html
-rw-r--r-- root/root     21370 2021-11-23 11:06 usr/doc/varnish-7.0.1/html/whats-new/changes-5.0.html
-rw-r--r-- root/root     32814 2021-11-23 11:06 usr/doc/varnish-7.0.1/html/whats-new/changes-5.1.html
-rw-r--r-- root/root     16034 2021-11-23 11:06 usr/doc/varnish-7.0.1/html/whats-new/changes-5.2.html
-rw-r--r-- root/root     14146 2021-11-23 11:06 usr/doc/varnish-7.0.1/html/whats-new/changes-6.0.html
-rw-r--r-- root/root      5950 2021-11-23 11:06 usr/doc/varnish-7.0.1/html/whats-new/changes-6.1.html
-rw-r--r-- root/root     28062 2021-11-23 11:06 usr/doc/varnish-7.0.1/html/whats-new/changes-6.2.html
-rw-r--r-- root/root     22955 2021-11-23 11:06 usr/doc/varnish-7.0.1/html/whats-new/changes-6.3.html
-rw-r--r-- root/root     21738 2021-11-23 11:06 usr/doc/varnish-7.0.1/html/whats-new/changes-6.4.html
-rw-r--r-- root/root     25098 2021-11-23 11:06 usr/doc/varnish-7.0.1/html/whats-new/changes-6.5.html
-rw-r--r-- root/root     44865 2021-11-23 11:06 usr/doc/varnish-7.0.1/html/whats-new/changes-6.6.html
-rw-r--r-- root/root     27387 2021-11-23 11:06 usr/doc/varnish-7.0.1/html/whats-new/changes-7.0.html
-rw-r--r-- root/root     31575 2021-11-23 11:06 usr/doc/varnish-7.0.1/html/whats-new/index.html
-rw-r--r-- root/root     12104 2021-11-23 11:06 usr/doc/varnish-7.0.1/html/whats-new/relnote-5.0.html
-rw-r--r-- root/root     25722 2021-11-23 11:06 usr/doc/varnish-7.0.1/html/whats-new/upgrading-4.0.html
-rw-r--r-- root/root      9226 2021-11-23 11:06 usr/doc/varnish-7.0.1/html/whats-new/upgrading-4.1.html
-rw-r--r-- root/root     14467 2021-11-23 11:06 usr/doc/varnish-7.0.1/html/whats-new/upgrading-5.0.html
-rw-r--r-- root/root     32110 2021-11-23 11:06 usr/doc/varnish-7.0.1/html/whats-new/upgrading-5.1.html
-rw-r--r-- root/root     28838 2021-11-23 11:06 usr/doc/varnish-7.0.1/html/whats-new/upgrading-5.2.html
-rw-r--r-- root/root     83008 2021-11-23 11:06 usr/doc/varnish-7.0.1/html/whats-new/upgrading-6.0.html
-rw-r--r-- root/root     38120 2021-11-23 11:06 usr/doc/varnish-7.0.1/html/whats-new/upgrading-6.1.html
-rw-r--r-- root/root     21094 2021-11-23 11:06 usr/doc/varnish-7.0.1/html/whats-new/upgrading-6.2.html
-rw-r--r-- root/root     10316 2021-11-23 11:06 usr/doc/varnish-7.0.1/html/whats-new/upgrading-6.3.html
-rw-r--r-- root/root     10077 2021-11-23 11:06 usr/doc/varnish-7.0.1/html/whats-new/upgrading-6.4.html
-rw-r--r-- root/root     12782 2021-11-23 11:06 usr/doc/varnish-7.0.1/html/whats-new/upgrading-6.5.html
-rw-r--r-- root/root     11121 2021-11-23 11:06 usr/doc/varnish-7.0.1/html/whats-new/upgrading-6.6.html
-rw-r--r-- root/root     33833 2021-11-23 11:06 usr/doc/varnish-7.0.1/html/whats-new/upgrading-7.0.html
-rw-r--r-- root/root      4432 2021-11-23 14:19 usr/doc/varnish-7.0.1/varnish.SlackBuild
drwxr-xr-x root/root         0 2021-11-23 14:19 usr/include/
drwxr-xr-x root/root         0 2021-11-23 14:19 usr/include/varnish/
drwxr-xr-x root/root         0 2021-11-23 14:19 usr/include/varnish/cache/
-rw-r--r-- root/root     23023 2021-11-23 14:19 usr/include/varnish/cache/cache.h
-rw-r--r-- root/root      2913 2021-11-23 14:19 usr/include/varnish/cache/cache_backend.h
-rw-r--r-- root/root      2180 2021-11-23 14:19 usr/include/varnish/cache/cache_director.h
-rw-r--r-- root/root      4278 2021-11-23 14:19 usr/include/varnish/cache/cache_filter.h
-rw-r--r-- root/root     17722 2021-11-23 14:19 usr/include/varnish/cache/cache_varnishd.h
drwxr-xr-x root/root         0 2021-11-23 14:19 usr/include/varnish/common/
-rw-r--r-- root/root      3331 2021-11-23 14:19 usr/include/varnish/common/common_param.h
-rw-r--r-- root/root      1991 2021-11-23 14:19 usr/include/varnish/miniobj.h
drwxr-xr-x root/root         0 2021-11-23 14:19 usr/include/varnish/tbl/
-rw-r--r-- root/root      1703 2021-11-23 14:19 usr/include/varnish/tbl/acct_fields_bereq.h
-rw-r--r-- root/root      1773 2021-11-23 14:19 usr/include/varnish/tbl/acct_fields_req.h
-rw-r--r-- root/root      1836 2021-11-23 14:19 usr/include/varnish/tbl/backend_poll.h
-rw-r--r-- root/root      2423 2021-11-23 14:19 usr/include/varnish/tbl/ban_arg_oper.h
-rw-r--r-- root/root      1755 2021-11-23 14:19 usr/include/varnish/tbl/ban_oper.h
-rw-r--r-- root/root      2233 2021-11-23 14:19 usr/include/varnish/tbl/ban_vars.h
-rw-r--r-- root/root      1972 2021-11-23 14:19 usr/include/varnish/tbl/bo_flags.h
-rw-r--r-- root/root      1865 2021-11-23 14:19 usr/include/varnish/tbl/boc_state.h
-rw-r--r-- root/root      1897 2021-11-23 14:19 usr/include/varnish/tbl/body_status.h
-rw-r--r-- root/root     11547 2021-11-23 14:19 usr/include/varnish/tbl/cli_cmds.h
-rw-r--r-- root/root      2724 2021-11-23 14:19 usr/include/varnish/tbl/debug_bits.h
-rw-r--r-- root/root      2844 2021-11-23 14:19 usr/include/varnish/tbl/feature_bits.h
-rw-r--r-- root/root      3566 2021-11-23 14:19 usr/include/varnish/tbl/h2_error.h
-rw-r--r-- root/root      4067 2021-11-23 14:19 usr/include/varnish/tbl/h2_frames.h
-rw-r--r-- root/root      2570 2021-11-23 14:19 usr/include/varnish/tbl/h2_settings.h
-rw-r--r-- root/root      1865 2021-11-23 14:19 usr/include/varnish/tbl/h2_stream.h
-rw-r--r-- root/root      2148 2021-11-23 14:19 usr/include/varnish/tbl/htc.h
-rw-r--r-- root/root      5270 2021-11-23 14:19 usr/include/varnish/tbl/http_headers.h
-rw-r--r-- root/root      3709 2021-11-23 14:19 usr/include/varnish/tbl/http_response.h
-rw-r--r-- root/root      1772 2021-11-23 14:19 usr/include/varnish/tbl/locks.h
-rw-r--r-- root/root       204 2021-11-23 14:19 usr/include/varnish/tbl/mgt_vcc.h
-rw-r--r-- root/root      2183 2021-11-23 14:19 usr/include/varnish/tbl/obj_attr.h
-rw-r--r-- root/root      1732 2021-11-23 14:19 usr/include/varnish/tbl/oc_exp_flags.h
-rw-r--r-- root/root      1788 2021-11-23 14:19 usr/include/varnish/tbl/oc_flags.h
-rw-r--r-- root/root     46763 2021-11-23 14:19 usr/include/varnish/tbl/params.h
-rw-r--r-- root/root      1889 2021-11-23 14:19 usr/include/varnish/tbl/req_flags.h
-rw-r--r-- root/root      2335 2021-11-23 14:19 usr/include/varnish/tbl/sess_attr.h
-rw-r--r-- root/root      2682 2021-11-23 14:19 usr/include/varnish/tbl/sess_close.h
-rw-r--r-- root/root      1889 2021-11-23 14:19 usr/include/varnish/tbl/symbol_kind.h
-rw-r--r-- root/root      3529 2021-11-23 14:19 usr/include/varnish/tbl/vcl_returns.h
-rw-r--r-- root/root       170 2021-11-23 14:19 usr/include/varnish/tbl/vcl_states.h
-rw-r--r-- root/root      8789 2021-11-23 14:19 usr/include/varnish/tbl/vhd_fsm.h
-rw-r--r-- root/root      1975 2021-11-23 14:19 usr/include/varnish/tbl/vhd_fsm_funcs.h
-rw-r--r-- root/root      2052 2021-11-23 14:19 usr/include/varnish/tbl/vhd_return.h
-rw-r--r-- root/root      7847 2021-11-23 14:19 usr/include/varnish/tbl/vhp_huffman.h
-rw-r--r-- root/root      1997 2021-11-23 14:19 usr/include/varnish/tbl/vhp_static.h
-rw-r--r-- root/root       298 2021-11-23 14:19 usr/include/varnish/tbl/vrt_stv_var.h
-rw-r--r-- root/root      2133 2021-11-23 14:19 usr/include/varnish/tbl/vsc_levels.h
-rw-r--r-- root/root      1693 2021-11-23 14:19 usr/include/varnish/tbl/vsig_list.h
-rw-r--r-- root/root     22583 2021-11-23 14:19 usr/include/varnish/tbl/vsl_tags.h
-rw-r--r-- root/root      3174 2021-11-23 14:19 usr/include/varnish/tbl/vsl_tags_http.h
-rw-r--r-- root/root      1704 2021-11-23 14:19 usr/include/varnish/tbl/waiters.h
drwxr-xr-x root/root         0 2021-11-23 14:19 usr/include/varnish/vapi/
-rw-r--r-- root/root      6592 2021-11-23 14:19 usr/include/varnish/vapi/vapi_options.h
-rw-r--r-- root/root      2624 2021-11-23 14:19 usr/include/varnish/vapi/voptget.h
-rw-r--r-- root/root      5149 2021-11-23 14:19 usr/include/varnish/vapi/vsc.h
-rw-r--r-- root/root      1890 2021-11-23 14:19 usr/include/varnish/vapi/vsig.h
-rw-r--r-- root/root     14709 2021-11-23 14:19 usr/include/varnish/vapi/vsl.h
-rw-r--r-- root/root      3839 2021-11-23 14:19 usr/include/varnish/vapi/vsl_int.h
-rw-r--r-- root/root      5661 2021-11-23 14:19 usr/include/varnish/vapi/vsm.h
-rw-r--r-- root/root      4159 2021-11-23 14:19 usr/include/varnish/vas.h
-rw-r--r-- root/root      1843 2021-11-23 14:19 usr/include/varnish/vav.h
-rw-r--r-- root/root      2756 2021-11-23 14:19 usr/include/varnish/vbh.h
-rw-r--r-- root/root      4385 2021-11-23 14:19 usr/include/varnish/vbm.h
-rw-r--r-- root/root      4052 2021-11-23 14:19 usr/include/varnish/vcl.h
-rw-r--r-- root/root      2616 2021-11-23 14:19 usr/include/varnish/vcli.h
-rw-r--r-- root/root      1608 2021-11-23 14:19 usr/include/varnish/vcs.h
-rw-r--r-- root/root      6548 2021-11-23 14:19 usr/include/varnish/vdef.h
-rw-r--r-- root/root       191 2021-11-23 14:19 usr/include/varnish/vmod_abi.h
-rw-r--r-- root/root     19958 2021-11-23 14:19 usr/include/varnish/vqueue.h
-rw-r--r-- root/root      2660 2021-11-23 14:19 usr/include/varnish/vre.h
-rw-r--r-- root/root      1769 2021-11-23 14:19 usr/include/varnish/vre_pcre2.h
-rw-r--r-- root/root      1780 2021-11-23 14:19 usr/include/varnish/vrnd.h
-rw-r--r-- root/root     22170 2021-11-23 14:19 usr/include/varnish/vrt.h
-rw-r--r-- root/root      6496 2021-11-23 14:19 usr/include/varnish/vrt_obj.h
-rw-r--r-- root/root      3099 2021-11-23 14:19 usr/include/varnish/vsa.h
-rw-r--r-- root/root      4327 2021-11-23 14:19 usr/include/varnish/vsb.h
-rw-r--r-- root/root      2183 2021-11-23 14:19 usr/include/varnish/vsha256.h
-rw-r--r-- root/root      2859 2021-11-23 14:19 usr/include/varnish/vtcp.h
-rw-r--r-- root/root      1831 2021-11-23 14:19 usr/include/varnish/vtim.h
-rw-r--r-- root/root     29582 2021-11-23 14:19 usr/include/varnish/vtree.h
-rw-r--r-- root/root      2847 2021-11-23 14:19 usr/include/varnish/vut.h
-rw-r--r-- root/root      4103 2021-11-23 14:19 usr/include/varnish/vut_options.h
drwxr-xr-x root/root         0 2021-11-23 14:19 usr/include/varnish/waiter/
-rw-r--r-- root/root      2641 2021-11-23 14:19 usr/include/varnish/waiter/waiter.h
drwxr-xr-x root/root         0 2021-11-23 14:19 usr/lib64/
-rwxr-xr-x root/root    233296 2021-11-23 14:19 usr/lib64/libvarnishapi.so.3.0.0
drwxr-xr-x root/root         0 2021-11-23 14:19 usr/lib64/pkgconfig/
-rw-r--r-- root/root       545 2021-11-23 14:19 usr/lib64/pkgconfig/varnishapi.pc
drwxr-xr-x root/root         0 2021-11-23 14:19 usr/lib64/varnish/
drwxr-xr-x root/root         0 2021-11-23 14:19 usr/lib64/varnish/vmods/
-rwxr-xr-x root/root       962 2021-11-23 14:19 usr/lib64/varnish/vmods/libvmod_blob.la
-rwxr-xr-x root/root     39120 2021-11-23 14:19 usr/lib64/varnish/vmods/libvmod_blob.so
-rwxr-xr-x root/root       974 2021-11-23 14:19 usr/lib64/varnish/vmods/libvmod_cookie.la
-rwxr-xr-x root/root     22632 2021-11-23 14:19 usr/lib64/varnish/vmods/libvmod_cookie.so
-rwxr-xr-x root/root       968 2021-11-23 14:19 usr/lib64/varnish/vmods/libvmod_debug.la
-rwxr-xr-x root/root    101192 2021-11-23 14:19 usr/lib64/varnish/vmods/libvmod_debug.so
-rwxr-xr-x root/root       992 2021-11-23 14:19 usr/lib64/varnish/vmods/libvmod_directors.la
-rwxr-xr-x root/root     92512 2021-11-23 14:19 usr/lib64/varnish/vmods/libvmod_directors.so
-rwxr-xr-x root/root       968 2021-11-23 14:19 usr/lib64/varnish/vmods/libvmod_proxy.la
-rwxr-xr-x root/root     18448 2021-11-23 14:19 usr/lib64/varnish/vmods/libvmod_proxy.so
-rwxr-xr-x root/root       968 2021-11-23 14:19 usr/lib64/varnish/vmods/libvmod_purge.la
-rwxr-xr-x root/root     14328 2021-11-23 14:19 usr/lib64/varnish/vmods/libvmod_purge.so
-rwxr-xr-x root/root       956 2021-11-23 14:19 usr/lib64/varnish/vmods/libvmod_std.la
-rwxr-xr-x root/root     43504 2021-11-23 14:19 usr/lib64/varnish/vmods/libvmod_std.so
-rwxr-xr-x root/root       962 2021-11-23 14:19 usr/lib64/varnish/vmods/libvmod_unix.la
-rwxr-xr-x root/root     14384 2021-11-23 14:19 usr/lib64/varnish/vmods/libvmod_unix.so
-rwxr-xr-x root/root       956 2021-11-23 14:19 usr/lib64/varnish/vmods/libvmod_vtc.la
-rwxr-xr-x root/root     30992 2021-11-23 14:19 usr/lib64/varnish/vmods/libvmod_vtc.so
drwxr-xr-x root/root         0 2021-11-23 14:19 usr/man/
drwxr-xr-x root/root         0 2021-11-23 14:19 usr/man/man1/
-rw-r--r-- root/root      1521 2021-11-23 14:19 usr/man/man1/varnishadm.1.gz
-rw-r--r-- root/root     17634 2021-11-23 14:19 usr/man/man1/varnishd.1.gz
-rw-r--r-- root/root      2592 2021-11-23 14:19 usr/man/man1/varnishhist.1.gz
-rw-r--r-- root/root      2749 2021-11-23 14:19 usr/man/man1/varnishlog.1.gz
-rw-r--r-- root/root      5001 2021-11-23 14:19 usr/man/man1/varnishncsa.1.gz
-rw-r--r-- root/root      2497 2021-11-23 14:19 usr/man/man1/varnishstat.1.gz
-rw-r--r-- root/root      2846 2021-11-23 14:19 usr/man/man1/varnishtest.1.gz
-rw-r--r-- root/root      2550 2021-11-23 14:19 usr/man/man1/varnishtop.1.gz
drwxr-xr-x root/root         0 2021-11-23 14:19 usr/man/man3/
-rw-r--r-- root/root      5521 2021-11-23 14:19 usr/man/man3/vmod_blob.3.gz
-rw-r--r-- root/root      2411 2021-11-23 14:19 usr/man/man3/vmod_cookie.3.gz
-rw-r--r-- root/root      8720 2021-11-23 14:19 usr/man/man3/vmod_directors.3.gz
-rw-r--r-- root/root      1927 2021-11-23 14:19 usr/man/man3/vmod_proxy.3.gz
-rw-r--r-- root/root      1909 2021-11-23 14:19 usr/man/man3/vmod_purge.3.gz
-rw-r--r-- root/root      8364 2021-11-23 14:19 usr/man/man3/vmod_std.3.gz
-rw-r--r-- root/root      1796 2021-11-23 14:19 usr/man/man3/vmod_unix.3.gz
-rw-r--r-- root/root      3257 2021-11-23 14:19 usr/man/man3/vmod_vtc.3.gz
drwxr-xr-x root/root         0 2021-11-23 14:19 usr/man/man7/
-rw-r--r-- root/root      6835 2021-11-23 14:19 usr/man/man7/varnish-cli.7.gz
-rw-r--r-- root/root      7239 2021-11-23 14:19 usr/man/man7/varnish-counters.7.gz
-rw-r--r-- root/root      2229 2021-11-23 14:19 usr/man/man7/vcl-backend.7.gz
-rw-r--r-- root/root      2368 2021-11-23 14:19 usr/man/man7/vcl-probe.7.gz
-rw-r--r-- root/root      8283 2021-11-23 14:19 usr/man/man7/vcl-var.7.gz
-rw-r--r-- root/root      5505 2021-11-23 14:19 usr/man/man7/vcl.7.gz
-rw-r--r-- root/root      4401 2021-11-23 14:19 usr/man/man7/vsl-query.7.gz
-rw-r--r-- root/root      7625 2021-11-23 14:19 usr/man/man7/vsl.7.gz
-rw-r--r-- root/root     15232 2021-11-23 14:19 usr/man/man7/vtc.7.gz
drwxr-xr-x root/root         0 2021-11-23 14:19 usr/sbin/
-rwxr-xr-x root/root   1371384 2021-11-23 14:19 usr/sbin/varnishd
drwxr-xr-x root/root         0 2021-11-23 14:19 usr/share/
drwxr-xr-x root/root         0 2021-11-23 14:19 usr/share/aclocal/
-rw-r--r-- root/root      4145 2021-11-23 14:19 usr/share/aclocal/varnish-legacy.m4
-rw-r--r-- root/root     20677 2021-11-23 14:19 usr/share/aclocal/varnish.m4
drwxr-xr-x root/root         0 2021-11-23 14:19 usr/share/varnish/
drwxr-xr-x root/root         0 2021-11-23 14:19 usr/share/varnish/vcl/
-rw-r--r-- root/root      5377 2021-11-23 14:19 usr/share/varnish/vcl/builtin.vcl
-rw-r--r-- root/root      6295 2021-11-23 14:19 usr/share/varnish/vcl/devicedetect.vcl
-rwxr-xr-x root/root     35061 2021-11-23 14:19 usr/share/varnish/vmodtool.py
-rwxr-xr-x root/root     15640 2021-11-23 14:19 usr/share/varnish/vsctool.py
drwxr-xr-x root/root         0 2021-11-23 14:19 var/
drwxr-xr-x root/root         0 2021-11-23 14:19 var/varnish/


