++========================================
||
||   Package:  ./pyasn1-modules/pyasn1-modules-0.2.8-x86_64-5cf.txz
||
++========================================
drwxr-xr-x root/root         0 2021-11-05 12:14 ./
drwxr-xr-x root/root         0 2021-11-05 12:14 install/
-rw-r--r-- root/root       940 2021-11-05 12:14 install/slack-desc
drwxr-xr-x root/root         0 2021-11-05 12:14 usr/
drwxr-xr-x root/root         0 2021-11-05 12:14 usr/doc/
drwxr-xr-x root/root         0 2021-11-05 12:14 usr/doc/pyasn1-modules-0.2.8/
-rw-r--r-- root/root     12396 2020-01-09 18:20 usr/doc/pyasn1-modules-0.2.8/CHANGES.txt
-rw-r--r-- root/root      1334 2019-10-17 07:00 usr/doc/pyasn1-modules-0.2.8/LICENSE.txt
-rw-r--r-- root/root        93 2019-10-17 07:00 usr/doc/pyasn1-modules-0.2.8/MANIFEST.in
-rw-r--r-- root/root      1823 2020-01-09 18:22 usr/doc/pyasn1-modules-0.2.8/PKG-INFO
-rw-r--r-- root/root      3400 2021-11-05 12:14 usr/doc/pyasn1-modules-0.2.8/pyasn1-modules.SlackBuild
-rw-r--r-- root/root        21 2020-01-09 18:20 usr/doc/pyasn1-modules-0.2.8/requirements.txt
drwxr-xr-x root/root         0 2021-11-05 12:14 usr/lib64/
drwxr-xr-x root/root         0 2021-11-05 12:14 usr/lib64/python3.9/
drwxr-xr-x root/root         0 2021-11-05 12:14 usr/lib64/python3.9/site-packages/
drwxr-xr-x root/root         0 2021-11-05 12:14 usr/lib64/python3.9/site-packages/pyasn1_modules/
drwxr-xr-x root/root         0 2021-11-05 12:14 usr/lib64/python3.9/site-packages/pyasn1_modules-0.2.8-py3.9.egg-info/
-rw-r--r-- root/root      1838 2021-11-05 12:14 usr/lib64/python3.9/site-packages/pyasn1_modules-0.2.8-py3.9.egg-info/PKG-INFO
-rw-r--r-- root/root      5477 2021-11-05 12:14 usr/lib64/python3.9/site-packages/pyasn1_modules-0.2.8-py3.9.egg-info/SOURCES.txt
-rw-r--r-- root/root         1 2021-11-05 12:14 usr/lib64/python3.9/site-packages/pyasn1_modules-0.2.8-py3.9.egg-info/dependency_links.txt
-rw-r--r-- root/root        21 2021-11-05 12:14 usr/lib64/python3.9/site-packages/pyasn1_modules-0.2.8-py3.9.egg-info/requires.txt
-rw-r--r-- root/root        15 2021-11-05 12:14 usr/lib64/python3.9/site-packages/pyasn1_modules-0.2.8-py3.9.egg-info/top_level.txt
-rw-r--r-- root/root         1 2019-10-17 07:00 usr/lib64/python3.9/site-packages/pyasn1_modules-0.2.8-py3.9.egg-info/zip-safe
-rw-r--r-- root/root        65 2020-01-09 18:20 usr/lib64/python3.9/site-packages/pyasn1_modules/__init__.py
drwxr-xr-x root/root         0 2021-11-05 12:14 usr/lib64/python3.9/site-packages/pyasn1_modules/__pycache__/
-rw-r--r-- root/root       173 2021-11-05 12:14 usr/lib64/python3.9/site-packages/pyasn1_modules/__pycache__/__init__.cpython-39.pyc
-rw-r--r-- root/root      2103 2021-11-05 12:14 usr/lib64/python3.9/site-packages/pyasn1_modules/__pycache__/pem.cpython-39.pyc
-rw-r--r-- root/root      2790 2021-11-05 12:14 usr/lib64/python3.9/site-packages/pyasn1_modules/__pycache__/rfc1155.cpython-39.pyc
-rw-r--r-- root/root      3964 2021-11-05 12:14 usr/lib64/python3.9/site-packages/pyasn1_modules/__pycache__/rfc1157.cpython-39.pyc
-rw-r--r-- root/root       643 2021-11-05 12:14 usr/lib64/python3.9/site-packages/pyasn1_modules/__pycache__/rfc1901.cpython-39.pyc
-rw-r--r-- root/root      3718 2021-11-05 12:14 usr/lib64/python3.9/site-packages/pyasn1_modules/__pycache__/rfc1902.cpython-39.pyc
-rw-r--r-- root/root      4495 2021-11-05 12:14 usr/lib64/python3.9/site-packages/pyasn1_modules/__pycache__/rfc1905.cpython-39.pyc
-rw-r--r-- root/root     17753 2021-11-05 12:14 usr/lib64/python3.9/site-packages/pyasn1_modules/__pycache__/rfc2251.cpython-39.pyc
-rw-r--r-- root/root      1602 2021-11-05 12:14 usr/lib64/python3.9/site-packages/pyasn1_modules/__pycache__/rfc2314.cpython-39.pyc
-rw-r--r-- root/root      9874 2021-11-05 12:14 usr/lib64/python3.9/site-packages/pyasn1_modules/__pycache__/rfc2315.cpython-39.pyc
-rw-r--r-- root/root      2189 2021-11-05 12:14 usr/lib64/python3.9/site-packages/pyasn1_modules/__pycache__/rfc2437.cpython-39.pyc
-rw-r--r-- root/root     42031 2021-11-05 12:14 usr/lib64/python3.9/site-packages/pyasn1_modules/__pycache__/rfc2459.cpython-39.pyc
-rw-r--r-- root/root      9000 2021-11-05 12:14 usr/lib64/python3.9/site-packages/pyasn1_modules/__pycache__/rfc2511.cpython-39.pyc
-rw-r--r-- root/root      7658 2021-11-05 12:14 usr/lib64/python3.9/site-packages/pyasn1_modules/__pycache__/rfc2560.cpython-39.pyc
-rw-r--r-- root/root      1083 2021-11-05 12:14 usr/lib64/python3.9/site-packages/pyasn1_modules/__pycache__/rfc2631.cpython-39.pyc
-rw-r--r-- root/root      7110 2021-11-05 12:14 usr/lib64/python3.9/site-packages/pyasn1_modules/__pycache__/rfc2634.cpython-39.pyc
-rw-r--r-- root/root      8129 2021-11-05 12:14 usr/lib64/python3.9/site-packages/pyasn1_modules/__pycache__/rfc2985.cpython-39.pyc
-rw-r--r-- root/root      1399 2021-11-05 12:14 usr/lib64/python3.9/site-packages/pyasn1_modules/__pycache__/rfc2986.cpython-39.pyc
-rw-r--r-- root/root      1716 2021-11-05 12:14 usr/lib64/python3.9/site-packages/pyasn1_modules/__pycache__/rfc3114.cpython-39.pyc
-rw-r--r-- root/root      3539 2021-11-05 12:14 usr/lib64/python3.9/site-packages/pyasn1_modules/__pycache__/rfc3161.cpython-39.pyc
-rw-r--r-- root/root      1098 2021-11-05 12:14 usr/lib64/python3.9/site-packages/pyasn1_modules/__pycache__/rfc3274.cpython-39.pyc
-rw-r--r-- root/root      6471 2021-11-05 12:14 usr/lib64/python3.9/site-packages/pyasn1_modules/__pycache__/rfc3279.cpython-39.pyc
-rw-r--r-- root/root     34302 2021-11-05 12:14 usr/lib64/python3.9/site-packages/pyasn1_modules/__pycache__/rfc3280.cpython-39.pyc
-rw-r--r-- root/root      7293 2021-11-05 12:14 usr/lib64/python3.9/site-packages/pyasn1_modules/__pycache__/rfc3281.cpython-39.pyc
-rw-r--r-- root/root      1724 2021-11-05 12:14 usr/lib64/python3.9/site-packages/pyasn1_modules/__pycache__/rfc3412.cpython-39.pyc
-rw-r--r-- root/root       908 2021-11-05 12:14 usr/lib64/python3.9/site-packages/pyasn1_modules/__pycache__/rfc3414.cpython-39.pyc
-rw-r--r-- root/root      1403 2021-11-05 12:14 usr/lib64/python3.9/site-packages/pyasn1_modules/__pycache__/rfc3447.cpython-39.pyc
-rw-r--r-- root/root      1070 2021-11-05 12:14 usr/lib64/python3.9/site-packages/pyasn1_modules/__pycache__/rfc3560.cpython-39.pyc
-rw-r--r-- root/root      1106 2021-11-05 12:14 usr/lib64/python3.9/site-packages/pyasn1_modules/__pycache__/rfc3565.cpython-39.pyc
-rw-r--r-- root/root      4492 2021-11-05 12:14 usr/lib64/python3.9/site-packages/pyasn1_modules/__pycache__/rfc3709.cpython-39.pyc
-rw-r--r-- root/root      1095 2021-11-05 12:14 usr/lib64/python3.9/site-packages/pyasn1_modules/__pycache__/rfc3770.cpython-39.pyc
-rw-r--r-- root/root      2865 2021-11-05 12:14 usr/lib64/python3.9/site-packages/pyasn1_modules/__pycache__/rfc3779.cpython-39.pyc
-rw-r--r-- root/root     16005 2021-11-05 12:14 usr/lib64/python3.9/site-packages/pyasn1_modules/__pycache__/rfc3852.cpython-39.pyc
-rw-r--r-- root/root       842 2021-11-05 12:14 usr/lib64/python3.9/site-packages/pyasn1_modules/__pycache__/rfc4043.cpython-39.pyc
-rw-r--r-- root/root      4975 2021-11-05 12:14 usr/lib64/python3.9/site-packages/pyasn1_modules/__pycache__/rfc4055.cpython-39.pyc
-rw-r--r-- root/root      1139 2021-11-05 12:14 usr/lib64/python3.9/site-packages/pyasn1_modules/__pycache__/rfc4073.cpython-39.pyc
-rw-r--r-- root/root      7750 2021-11-05 12:14 usr/lib64/python3.9/site-packages/pyasn1_modules/__pycache__/rfc4108.cpython-39.pyc
-rw-r--r-- root/root     23528 2021-11-05 12:14 usr/lib64/python3.9/site-packages/pyasn1_modules/__pycache__/rfc4210.cpython-39.pyc
-rw-r--r-- root/root      8828 2021-11-05 12:14 usr/lib64/python3.9/site-packages/pyasn1_modules/__pycache__/rfc4211.cpython-39.pyc
-rw-r--r-- root/root      1170 2021-11-05 12:14 usr/lib64/python3.9/site-packages/pyasn1_modules/__pycache__/rfc4334.cpython-39.pyc
-rw-r--r-- root/root       771 2021-11-05 12:14 usr/lib64/python3.9/site-packages/pyasn1_modules/__pycache__/rfc4985.cpython-39.pyc
-rw-r--r-- root/root      2584 2021-11-05 12:14 usr/lib64/python3.9/site-packages/pyasn1_modules/__pycache__/rfc5035.cpython-39.pyc
-rw-r--r-- root/root      1245 2021-11-05 12:14 usr/lib64/python3.9/site-packages/pyasn1_modules/__pycache__/rfc5083.cpython-39.pyc
-rw-r--r-- root/root      1913 2021-11-05 12:14 usr/lib64/python3.9/site-packages/pyasn1_modules/__pycache__/rfc5084.cpython-39.pyc
-rw-r--r-- root/root      1958 2021-11-05 12:14 usr/lib64/python3.9/site-packages/pyasn1_modules/__pycache__/rfc5208.cpython-39.pyc
-rw-r--r-- root/root     35742 2021-11-05 12:14 usr/lib64/python3.9/site-packages/pyasn1_modules/__pycache__/rfc5280.cpython-39.pyc
-rw-r--r-- root/root      2766 2021-11-05 12:14 usr/lib64/python3.9/site-packages/pyasn1_modules/__pycache__/rfc5480.cpython-39.pyc
-rw-r--r-- root/root       753 2021-11-05 12:14 usr/lib64/python3.9/site-packages/pyasn1_modules/__pycache__/rfc5649.cpython-39.pyc
-rw-r--r-- root/root     16506 2021-11-05 12:14 usr/lib64/python3.9/site-packages/pyasn1_modules/__pycache__/rfc5652.cpython-39.pyc
-rw-r--r-- root/root      2217 2021-11-05 12:14 usr/lib64/python3.9/site-packages/pyasn1_modules/__pycache__/rfc5751.cpython-39.pyc
-rw-r--r-- root/root      9517 2021-11-05 12:14 usr/lib64/python3.9/site-packages/pyasn1_modules/__pycache__/rfc5755.cpython-39.pyc
-rw-r--r-- root/root       837 2021-11-05 12:14 usr/lib64/python3.9/site-packages/pyasn1_modules/__pycache__/rfc5913.cpython-39.pyc
-rw-r--r-- root/root      2893 2021-11-05 12:14 usr/lib64/python3.9/site-packages/pyasn1_modules/__pycache__/rfc5914.cpython-39.pyc
-rw-r--r-- root/root       909 2021-11-05 12:14 usr/lib64/python3.9/site-packages/pyasn1_modules/__pycache__/rfc5915.cpython-39.pyc
-rw-r--r-- root/root       506 2021-11-05 12:14 usr/lib64/python3.9/site-packages/pyasn1_modules/__pycache__/rfc5916.cpython-39.pyc
-rw-r--r-- root/root      1004 2021-11-05 12:14 usr/lib64/python3.9/site-packages/pyasn1_modules/__pycache__/rfc5917.cpython-39.pyc
-rw-r--r-- root/root       279 2021-11-05 12:14 usr/lib64/python3.9/site-packages/pyasn1_modules/__pycache__/rfc5924.cpython-39.pyc
-rw-r--r-- root/root     15288 2021-11-05 12:14 usr/lib64/python3.9/site-packages/pyasn1_modules/__pycache__/rfc5934.cpython-39.pyc
-rw-r--r-- root/root       958 2021-11-05 12:14 usr/lib64/python3.9/site-packages/pyasn1_modules/__pycache__/rfc5940.cpython-39.pyc
-rw-r--r-- root/root      2805 2021-11-05 12:14 usr/lib64/python3.9/site-packages/pyasn1_modules/__pycache__/rfc5958.cpython-39.pyc
-rw-r--r-- root/root      4024 2021-11-05 12:14 usr/lib64/python3.9/site-packages/pyasn1_modules/__pycache__/rfc5990.cpython-39.pyc
-rw-r--r-- root/root      1879 2021-11-05 12:14 usr/lib64/python3.9/site-packages/pyasn1_modules/__pycache__/rfc6010.cpython-39.pyc
-rw-r--r-- root/root       813 2021-11-05 12:14 usr/lib64/python3.9/site-packages/pyasn1_modules/__pycache__/rfc6019.cpython-39.pyc
-rw-r--r-- root/root     10952 2021-11-05 12:14 usr/lib64/python3.9/site-packages/pyasn1_modules/__pycache__/rfc6031.cpython-39.pyc
-rw-r--r-- root/root      1367 2021-11-05 12:14 usr/lib64/python3.9/site-packages/pyasn1_modules/__pycache__/rfc6032.cpython-39.pyc
-rw-r--r-- root/root       611 2021-11-05 12:14 usr/lib64/python3.9/site-packages/pyasn1_modules/__pycache__/rfc6120.cpython-39.pyc
-rw-r--r-- root/root       260 2021-11-05 12:14 usr/lib64/python3.9/site-packages/pyasn1_modules/__pycache__/rfc6170.cpython-39.pyc
-rw-r--r-- root/root       353 2021-11-05 12:14 usr/lib64/python3.9/site-packages/pyasn1_modules/__pycache__/rfc6187.cpython-39.pyc
-rw-r--r-- root/root       783 2021-11-05 12:14 usr/lib64/python3.9/site-packages/pyasn1_modules/__pycache__/rfc6210.cpython-39.pyc
-rw-r--r-- root/root      1374 2021-11-05 12:14 usr/lib64/python3.9/site-packages/pyasn1_modules/__pycache__/rfc6211.cpython-39.pyc
-rw-r--r-- root/root     12333 2021-11-05 12:14 usr/lib64/python3.9/site-packages/pyasn1_modules/__pycache__/rfc6402-1.cpython-39.pyc
-rw-r--r-- root/root     12351 2021-11-05 12:14 usr/lib64/python3.9/site-packages/pyasn1_modules/__pycache__/rfc6402.cpython-39.pyc
-rw-r--r-- root/root      1995 2021-11-05 12:14 usr/lib64/python3.9/site-packages/pyasn1_modules/__pycache__/rfc6482.cpython-39.pyc
-rw-r--r-- root/root      1598 2021-11-05 12:14 usr/lib64/python3.9/site-packages/pyasn1_modules/__pycache__/rfc6486.cpython-39.pyc
-rw-r--r-- root/root       343 2021-11-05 12:14 usr/lib64/python3.9/site-packages/pyasn1_modules/__pycache__/rfc6487.cpython-39.pyc
-rw-r--r-- root/root      2769 2021-11-05 12:14 usr/lib64/python3.9/site-packages/pyasn1_modules/__pycache__/rfc6664.cpython-39.pyc
-rw-r--r-- root/root      1847 2021-11-05 12:14 usr/lib64/python3.9/site-packages/pyasn1_modules/__pycache__/rfc6955.cpython-39.pyc
-rw-r--r-- root/root      5992 2021-11-05 12:14 usr/lib64/python3.9/site-packages/pyasn1_modules/__pycache__/rfc6960.cpython-39.pyc
-rw-r--r-- root/root      1213 2021-11-05 12:14 usr/lib64/python3.9/site-packages/pyasn1_modules/__pycache__/rfc7030.cpython-39.pyc
-rw-r--r-- root/root      6304 2021-11-05 12:14 usr/lib64/python3.9/site-packages/pyasn1_modules/__pycache__/rfc7191.cpython-39.pyc
-rw-r--r-- root/root       599 2021-11-05 12:14 usr/lib64/python3.9/site-packages/pyasn1_modules/__pycache__/rfc7229.cpython-39.pyc
-rw-r--r-- root/root      5977 2021-11-05 12:14 usr/lib64/python3.9/site-packages/pyasn1_modules/__pycache__/rfc7292.cpython-39.pyc
-rw-r--r-- root/root       864 2021-11-05 12:14 usr/lib64/python3.9/site-packages/pyasn1_modules/__pycache__/rfc7296.cpython-39.pyc
-rw-r--r-- root/root      2360 2021-11-05 12:14 usr/lib64/python3.9/site-packages/pyasn1_modules/__pycache__/rfc7508.cpython-39.pyc
-rw-r--r-- root/root       825 2021-11-05 12:14 usr/lib64/python3.9/site-packages/pyasn1_modules/__pycache__/rfc7585.cpython-39.pyc
-rw-r--r-- root/root       629 2021-11-05 12:14 usr/lib64/python3.9/site-packages/pyasn1_modules/__pycache__/rfc7633.cpython-39.pyc
-rw-r--r-- root/root      1145 2021-11-05 12:14 usr/lib64/python3.9/site-packages/pyasn1_modules/__pycache__/rfc7773.cpython-39.pyc
-rw-r--r-- root/root      1657 2021-11-05 12:14 usr/lib64/python3.9/site-packages/pyasn1_modules/__pycache__/rfc7894-1.cpython-39.pyc
-rw-r--r-- root/root      1649 2021-11-05 12:14 usr/lib64/python3.9/site-packages/pyasn1_modules/__pycache__/rfc7894.cpython-39.pyc
-rw-r--r-- root/root     12629 2021-11-05 12:14 usr/lib64/python3.9/site-packages/pyasn1_modules/__pycache__/rfc7906.cpython-39.pyc
-rw-r--r-- root/root      1052 2021-11-05 12:14 usr/lib64/python3.9/site-packages/pyasn1_modules/__pycache__/rfc7914.cpython-39.pyc
-rw-r--r-- root/root      3381 2021-11-05 12:14 usr/lib64/python3.9/site-packages/pyasn1_modules/__pycache__/rfc8017.cpython-39.pyc
-rw-r--r-- root/root      4106 2021-11-05 12:14 usr/lib64/python3.9/site-packages/pyasn1_modules/__pycache__/rfc8018.cpython-39.pyc
-rw-r--r-- root/root       824 2021-11-05 12:14 usr/lib64/python3.9/site-packages/pyasn1_modules/__pycache__/rfc8103.cpython-39.pyc
-rw-r--r-- root/root       283 2021-11-05 12:14 usr/lib64/python3.9/site-packages/pyasn1_modules/__pycache__/rfc8209.cpython-39.pyc
-rw-r--r-- root/root      3447 2021-11-05 12:14 usr/lib64/python3.9/site-packages/pyasn1_modules/__pycache__/rfc8226.cpython-39.pyc
-rw-r--r-- root/root       697 2021-11-05 12:14 usr/lib64/python3.9/site-packages/pyasn1_modules/__pycache__/rfc8358.cpython-39.pyc
-rw-r--r-- root/root       547 2021-11-05 12:14 usr/lib64/python3.9/site-packages/pyasn1_modules/__pycache__/rfc8360.cpython-39.pyc
-rw-r--r-- root/root       794 2021-11-05 12:14 usr/lib64/python3.9/site-packages/pyasn1_modules/__pycache__/rfc8398.cpython-39.pyc
-rw-r--r-- root/root      1020 2021-11-05 12:14 usr/lib64/python3.9/site-packages/pyasn1_modules/__pycache__/rfc8410.cpython-39.pyc
-rw-r--r-- root/root      1065 2021-11-05 12:14 usr/lib64/python3.9/site-packages/pyasn1_modules/__pycache__/rfc8418.cpython-39.pyc
-rw-r--r-- root/root       971 2021-11-05 12:14 usr/lib64/python3.9/site-packages/pyasn1_modules/__pycache__/rfc8419.cpython-39.pyc
-rw-r--r-- root/root       818 2021-11-05 12:14 usr/lib64/python3.9/site-packages/pyasn1_modules/__pycache__/rfc8479.cpython-39.pyc
-rw-r--r-- root/root      1889 2021-11-05 12:14 usr/lib64/python3.9/site-packages/pyasn1_modules/__pycache__/rfc8494.cpython-39.pyc
-rw-r--r-- root/root       969 2021-11-05 12:14 usr/lib64/python3.9/site-packages/pyasn1_modules/__pycache__/rfc8520.cpython-39.pyc
-rw-r--r-- root/root       608 2021-11-05 12:14 usr/lib64/python3.9/site-packages/pyasn1_modules/__pycache__/rfc8619.cpython-39.pyc
-rw-r--r-- root/root       750 2021-11-05 12:14 usr/lib64/python3.9/site-packages/pyasn1_modules/__pycache__/rfc8649.cpython-39.pyc
-rw-r--r-- root/root      2058 2019-10-17 07:00 usr/lib64/python3.9/site-packages/pyasn1_modules/pem.py
-rw-r--r-- root/root      2683 2019-10-17 07:00 usr/lib64/python3.9/site-packages/pyasn1_modules/rfc1155.py
-rw-r--r-- root/root      3554 2019-10-17 07:00 usr/lib64/python3.9/site-packages/pyasn1_modules/rfc1157.py
-rw-r--r-- root/root       646 2019-10-17 07:00 usr/lib64/python3.9/site-packages/pyasn1_modules/rfc1901.py
-rw-r--r-- root/root      3705 2019-10-17 07:00 usr/lib64/python3.9/site-packages/pyasn1_modules/rfc1902.py
-rw-r--r-- root/root      4831 2019-10-17 07:00 usr/lib64/python3.9/site-packages/pyasn1_modules/rfc1905.py
-rw-r--r-- root/root     26931 2019-10-17 07:00 usr/lib64/python3.9/site-packages/pyasn1_modules/rfc2251.py
-rw-r--r-- root/root      1313 2019-10-17 07:00 usr/lib64/python3.9/site-packages/pyasn1_modules/rfc2314.py
-rw-r--r-- root/root      9666 2019-10-17 07:00 usr/lib64/python3.9/site-packages/pyasn1_modules/rfc2315.py
-rw-r--r-- root/root      2623 2019-10-17 07:00 usr/lib64/python3.9/site-packages/pyasn1_modules/rfc2437.py
-rw-r--r-- root/root     50002 2019-10-17 07:00 usr/lib64/python3.9/site-packages/pyasn1_modules/rfc2459.py
-rw-r--r-- root/root     10350 2019-10-17 07:00 usr/lib64/python3.9/site-packages/pyasn1_modules/rfc2511.py
-rw-r--r-- root/root      8406 2019-10-17 07:00 usr/lib64/python3.9/site-packages/pyasn1_modules/rfc2560.py
-rw-r--r-- root/root      1219 2020-01-09 18:20 usr/lib64/python3.9/site-packages/pyasn1_modules/rfc2631.py
-rw-r--r-- root/root      9425 2019-10-17 07:00 usr/lib64/python3.9/site-packages/pyasn1_modules/rfc2634.py
-rw-r--r-- root/root     14359 2019-10-17 07:00 usr/lib64/python3.9/site-packages/pyasn1_modules/rfc2985.py
-rw-r--r-- root/root      1896 2019-10-17 07:00 usr/lib64/python3.9/site-packages/pyasn1_modules/rfc2986.py
-rw-r--r-- root/root      1961 2020-01-09 18:20 usr/lib64/python3.9/site-packages/pyasn1_modules/rfc3114.py
-rw-r--r-- root/root      4260 2019-10-17 07:00 usr/lib64/python3.9/site-packages/pyasn1_modules/rfc3161.py
-rw-r--r-- root/root      1670 2019-10-17 07:00 usr/lib64/python3.9/site-packages/pyasn1_modules/rfc3274.py
-rw-r--r-- root/root      6807 2020-01-09 18:20 usr/lib64/python3.9/site-packages/pyasn1_modules/rfc3279.py
-rw-r--r-- root/root     46620 2019-10-17 07:00 usr/lib64/python3.9/site-packages/pyasn1_modules/rfc3280.py
-rw-r--r-- root/root      9866 2019-10-17 07:00 usr/lib64/python3.9/site-packages/pyasn1_modules/rfc3281.py
-rw-r--r-- root/root      1956 2019-10-17 07:00 usr/lib64/python3.9/site-packages/pyasn1_modules/rfc3412.py
-rw-r--r-- root/root      1167 2019-10-17 07:00 usr/lib64/python3.9/site-packages/pyasn1_modules/rfc3414.py
-rw-r--r-- root/root      1605 2019-10-17 07:00 usr/lib64/python3.9/site-packages/pyasn1_modules/rfc3447.py
-rw-r--r-- root/root      1818 2019-10-17 07:00 usr/lib64/python3.9/site-packages/pyasn1_modules/rfc3560.py
-rw-r--r-- root/root      1438 2019-10-17 07:00 usr/lib64/python3.9/site-packages/pyasn1_modules/rfc3565.py
-rw-r--r-- root/root      6469 2020-01-09 18:20 usr/lib64/python3.9/site-packages/pyasn1_modules/rfc3709.py
-rw-r--r-- root/root      1743 2020-01-09 18:20 usr/lib64/python3.9/site-packages/pyasn1_modules/rfc3770.py
-rw-r--r-- root/root      3260 2019-10-17 07:00 usr/lib64/python3.9/site-packages/pyasn1_modules/rfc3779.py
-rw-r--r-- root/root     20101 2019-10-17 07:00 usr/lib64/python3.9/site-packages/pyasn1_modules/rfc3852.py
-rw-r--r-- root/root      1067 2020-01-09 18:20 usr/lib64/python3.9/site-packages/pyasn1_modules/rfc4043.py
-rw-r--r-- root/root     10392 2019-10-17 07:00 usr/lib64/python3.9/site-packages/pyasn1_modules/rfc4055.py
-rw-r--r-- root/root      1636 2019-10-17 07:00 usr/lib64/python3.9/site-packages/pyasn1_modules/rfc4073.py
-rw-r--r-- root/root     10598 2019-10-17 07:00 usr/lib64/python3.9/site-packages/pyasn1_modules/rfc4108.py
-rw-r--r-- root/root     28469 2020-01-09 18:20 usr/lib64/python3.9/site-packages/pyasn1_modules/rfc4210.py
-rw-r--r-- root/root     12110 2019-10-17 07:00 usr/lib64/python3.9/site-packages/pyasn1_modules/rfc4211.py
-rw-r--r-- root/root      1586 2020-01-09 18:20 usr/lib64/python3.9/site-packages/pyasn1_modules/rfc4334.py
-rw-r--r-- root/root       961 2020-01-09 18:20 usr/lib64/python3.9/site-packages/pyasn1_modules/rfc4985.py
-rw-r--r-- root/root      4523 2019-10-17 07:00 usr/lib64/python3.9/site-packages/pyasn1_modules/rfc5035.py
-rw-r--r-- root/root      1888 2019-10-17 07:00 usr/lib64/python3.9/site-packages/pyasn1_modules/rfc5083.py
-rw-r--r-- root/root      2855 2019-10-17 07:00 usr/lib64/python3.9/site-packages/pyasn1_modules/rfc5084.py
-rw-r--r-- root/root      1432 2019-10-17 07:00 usr/lib64/python3.9/site-packages/pyasn1_modules/rfc5208.py
-rw-r--r-- root/root     51236 2019-10-17 07:00 usr/lib64/python3.9/site-packages/pyasn1_modules/rfc5280.py
-rw-r--r-- root/root      4834 2019-10-17 07:00 usr/lib64/python3.9/site-packages/pyasn1_modules/rfc5480.py
-rw-r--r-- root/root       830 2019-10-17 07:00 usr/lib64/python3.9/site-packages/pyasn1_modules/rfc5649.py
-rw-r--r-- root/root     21451 2019-10-17 07:00 usr/lib64/python3.9/site-packages/pyasn1_modules/rfc5652.py
-rw-r--r-- root/root      3198 2019-10-17 07:00 usr/lib64/python3.9/site-packages/pyasn1_modules/rfc5751.py
-rw-r--r-- root/root     12081 2020-01-09 18:20 usr/lib64/python3.9/site-packages/pyasn1_modules/rfc5755.py
-rw-r--r-- root/root      1161 2020-01-09 18:20 usr/lib64/python3.9/site-packages/pyasn1_modules/rfc5913.py
-rw-r--r-- root/root      3714 2019-10-17 07:00 usr/lib64/python3.9/site-packages/pyasn1_modules/rfc5914.py
-rw-r--r-- root/root      1056 2019-10-17 07:00 usr/lib64/python3.9/site-packages/pyasn1_modules/rfc5915.py
-rw-r--r-- root/root       800 2020-01-09 18:20 usr/lib64/python3.9/site-packages/pyasn1_modules/rfc5916.py
-rw-r--r-- root/root      1511 2020-01-09 18:20 usr/lib64/python3.9/site-packages/pyasn1_modules/rfc5917.py
-rw-r--r-- root/root       425 2020-01-09 18:20 usr/lib64/python3.9/site-packages/pyasn1_modules/rfc5924.py
-rw-r--r-- root/root     23798 2019-10-17 07:00 usr/lib64/python3.9/site-packages/pyasn1_modules/rfc5934.py
-rw-r--r-- root/root      1613 2019-10-17 07:00 usr/lib64/python3.9/site-packages/pyasn1_modules/rfc5940.py
-rw-r--r-- root/root      2650 2019-10-17 07:00 usr/lib64/python3.9/site-packages/pyasn1_modules/rfc5958.py
-rw-r--r-- root/root      5505 2019-10-17 07:00 usr/lib64/python3.9/site-packages/pyasn1_modules/rfc5990.py
-rw-r--r-- root/root      2347 2019-10-17 07:00 usr/lib64/python3.9/site-packages/pyasn1_modules/rfc6010.py
-rw-r--r-- root/root      1086 2019-10-17 07:00 usr/lib64/python3.9/site-packages/pyasn1_modules/rfc6019.py
-rw-r--r-- root/root     12137 2019-10-17 07:00 usr/lib64/python3.9/site-packages/pyasn1_modules/rfc6031.py
-rw-r--r-- root/root      1950 2019-10-17 07:00 usr/lib64/python3.9/site-packages/pyasn1_modules/rfc6032.py
-rw-r--r-- root/root       818 2020-01-09 18:20 usr/lib64/python3.9/site-packages/pyasn1_modules/rfc6120.py
-rw-r--r-- root/root       409 2020-01-09 18:20 usr/lib64/python3.9/site-packages/pyasn1_modules/rfc6170.py
-rw-r--r-- root/root       489 2020-01-09 18:20 usr/lib64/python3.9/site-packages/pyasn1_modules/rfc6187.py
-rw-r--r-- root/root      1052 2019-10-17 07:00 usr/lib64/python3.9/site-packages/pyasn1_modules/rfc6210.py
-rw-r--r-- root/root      2257 2019-10-17 07:00 usr/lib64/python3.9/site-packages/pyasn1_modules/rfc6211.py
-rw-r--r-- root/root     17049 2019-10-17 07:00 usr/lib64/python3.9/site-packages/pyasn1_modules/rfc6402-1.py
-rw-r--r-- root/root     17148 2019-10-17 07:00 usr/lib64/python3.9/site-packages/pyasn1_modules/rfc6402.py
-rw-r--r-- root/root      2085 2020-01-09 18:20 usr/lib64/python3.9/site-packages/pyasn1_modules/rfc6482.py
-rw-r--r-- root/root      1916 2020-01-09 18:20 usr/lib64/python3.9/site-packages/pyasn1_modules/rfc6486.py
-rw-r--r-- root/root       472 2020-01-09 18:20 usr/lib64/python3.9/site-packages/pyasn1_modules/rfc6487.py
-rw-r--r-- root/root      4270 2020-01-09 18:20 usr/lib64/python3.9/site-packages/pyasn1_modules/rfc6664.py
-rw-r--r-- root/root      2814 2020-01-09 18:20 usr/lib64/python3.9/site-packages/pyasn1_modules/rfc6955.py
-rw-r--r-- root/root      7913 2019-10-17 07:03 usr/lib64/python3.9/site-packages/pyasn1_modules/rfc6960.py
-rw-r--r-- root/root      1441 2019-10-17 07:00 usr/lib64/python3.9/site-packages/pyasn1_modules/rfc7030.py
-rw-r--r-- root/root      7062 2019-10-17 07:00 usr/lib64/python3.9/site-packages/pyasn1_modules/rfc7191.py
-rw-r--r-- root/root       743 2019-10-17 07:03 usr/lib64/python3.9/site-packages/pyasn1_modules/rfc7229.py
-rw-r--r-- root/root      8478 2019-10-17 07:00 usr/lib64/python3.9/site-packages/pyasn1_modules/rfc7292.py
-rw-r--r-- root/root       885 2019-10-17 07:00 usr/lib64/python3.9/site-packages/pyasn1_modules/rfc7296.py
-rw-r--r-- root/root      2182 2020-01-09 18:20 usr/lib64/python3.9/site-packages/pyasn1_modules/rfc7508.py
-rw-r--r-- root/root      1076 2020-01-09 18:20 usr/lib64/python3.9/site-packages/pyasn1_modules/rfc7585.py
-rw-r--r-- root/root       841 2019-10-17 07:03 usr/lib64/python3.9/site-packages/pyasn1_modules/rfc7633.py
-rw-r--r-- root/root      1315 2019-10-17 07:00 usr/lib64/python3.9/site-packages/pyasn1_modules/rfc7773.py
-rw-r--r-- root/root      2792 2019-10-17 07:00 usr/lib64/python3.9/site-packages/pyasn1_modules/rfc7894-1.py
-rw-r--r-- root/root      2769 2019-10-17 07:00 usr/lib64/python3.9/site-packages/pyasn1_modules/rfc7894.py
-rw-r--r-- root/root     18921 2019-10-17 07:00 usr/lib64/python3.9/site-packages/pyasn1_modules/rfc7906.py
-rw-r--r-- root/root      1493 2019-10-17 07:00 usr/lib64/python3.9/site-packages/pyasn1_modules/rfc7914.py
-rw-r--r-- root/root      4178 2019-10-17 07:00 usr/lib64/python3.9/site-packages/pyasn1_modules/rfc8017.py
-rw-r--r-- root/root      6166 2019-10-17 07:00 usr/lib64/python3.9/site-packages/pyasn1_modules/rfc8018.py
-rw-r--r-- root/root      1017 2019-10-17 07:00 usr/lib64/python3.9/site-packages/pyasn1_modules/rfc8103.py
-rw-r--r-- root/root       393 2019-10-17 07:00 usr/lib64/python3.9/site-packages/pyasn1_modules/rfc8209.py
-rw-r--r-- root/root      4291 2020-01-09 18:20 usr/lib64/python3.9/site-packages/pyasn1_modules/rfc8226.py
-rw-r--r-- root/root      1136 2019-10-17 07:00 usr/lib64/python3.9/site-packages/pyasn1_modules/rfc8358.py
-rw-r--r-- root/root      1075 2019-10-17 07:00 usr/lib64/python3.9/site-packages/pyasn1_modules/rfc8360.py
-rw-r--r-- root/root      1192 2019-10-17 07:00 usr/lib64/python3.9/site-packages/pyasn1_modules/rfc8398.py
-rw-r--r-- root/root       971 2019-10-17 07:00 usr/lib64/python3.9/site-packages/pyasn1_modules/rfc8410.py
-rw-r--r-- root/root      1109 2019-10-17 07:00 usr/lib64/python3.9/site-packages/pyasn1_modules/rfc8418.py
-rw-r--r-- root/root      1704 2019-10-17 07:00 usr/lib64/python3.9/site-packages/pyasn1_modules/rfc8419.py
-rw-r--r-- root/root      1142 2019-10-17 07:00 usr/lib64/python3.9/site-packages/pyasn1_modules/rfc8479.py
-rw-r--r-- root/root      2363 2019-10-17 07:00 usr/lib64/python3.9/site-packages/pyasn1_modules/rfc8494.py
-rw-r--r-- root/root      1496 2019-10-17 07:00 usr/lib64/python3.9/site-packages/pyasn1_modules/rfc8520.py
-rw-r--r-- root/root      1136 2019-10-17 07:00 usr/lib64/python3.9/site-packages/pyasn1_modules/rfc8619.py
-rw-r--r-- root/root       982 2019-10-17 07:00 usr/lib64/python3.9/site-packages/pyasn1_modules/rfc8649.py


