++========================================
||
||   Package:  ./lua52/lua52-5.2.4-x86_64-7cf.txz
||
++========================================
drwxr-xr-x root/root         0 2020-02-25 10:16 ./
drwxr-xr-x root/root         0 2020-02-25 10:16 install/
-rw-r--r-- root/root       406 2020-02-25 10:16 install/doinst.sh
-rw-r--r-- root/root       970 2020-02-25 10:16 install/slack-desc
drwxr-xr-x root/root         0 2020-02-25 10:16 usr/
drwxr-xr-x root/root         0 2020-02-25 10:16 usr/bin/
-rwxr-xr-x root/root    195320 2020-02-25 10:16 usr/bin/lua5.2
-rwxr-xr-x root/root    133472 2020-02-25 10:16 usr/bin/luac5.2
drwxr-xr-x root/root         0 2020-02-25 10:16 usr/doc/
drwxr-xr-x root/root         0 2020-02-25 10:16 usr/doc/lua52-5.2.4/
-rw-r--r-- root/root       151 2015-02-26 01:31 usr/doc/lua52-5.2.4/README
-rw-r--r-- root/root     29178 2015-02-24 02:24 usr/doc/lua52-5.2.4/contents.html
-rw-r--r-- root/root      4232 2001-10-23 14:39 usr/doc/lua52-5.2.4/logo.gif
-rw-r--r-- root/root      2204 2011-11-16 18:16 usr/doc/lua52-5.2.4/lua.1
-rw-r--r-- root/root      1636 2015-02-24 13:12 usr/doc/lua52-5.2.4/lua.css
-rw-r--r-- root/root      4659 2020-02-25 10:16 usr/doc/lua52-5.2.4/lua52.SlackBuild
-rw-r--r-- root/root      3071 2011-11-16 18:16 usr/doc/lua52-5.2.4/luac.1
-rw-r--r-- root/root       414 2013-11-10 01:45 usr/doc/lua52-5.2.4/manual.css
-rw-r--r-- root/root    306347 2015-02-24 02:24 usr/doc/lua52-5.2.4/manual.html
-rw-r--r-- root/root      3774 2006-11-16 20:39 usr/doc/lua52-5.2.4/osi-certified-72x60.png
-rw-r--r-- root/root     13160 2015-02-24 02:25 usr/doc/lua52-5.2.4/readme.html
drwxr-xr-x root/root         0 2020-02-25 10:16 usr/include/
drwxr-xr-x root/root         0 2020-02-25 10:16 usr/include/lua5.2/
-rw-r--r-- root/root      7344 2020-02-25 10:16 usr/include/lua5.2/lauxlib.h
-rw-r--r-- root/root     13602 2020-02-25 10:16 usr/include/lua5.2/lua.h
-rw-r--r-- root/root       191 2020-02-25 10:16 usr/include/lua5.2/lua.hpp
-rw-r--r-- root/root     15435 2020-02-25 10:16 usr/include/lua5.2/luaconf.h
-rw-r--r-- root/root      1099 2020-02-25 10:16 usr/include/lua5.2/lualib.h
drwxr-xr-x root/root         0 2020-02-25 10:16 usr/lib64/
-rw-r--r-- root/root    396366 2020-02-25 10:16 usr/lib64/liblua5.2.a
-rwxr-xr-x root/root    212568 2020-02-25 10:16 usr/lib64/liblua5.2.so.5.2.4
drwxr-xr-x root/root         0 2020-02-25 10:16 usr/lib64/lua/
drwxr-xr-x root/root         0 2020-02-25 10:16 usr/lib64/lua/5.2/
drwxr-xr-x root/root         0 2020-02-25 10:16 usr/lib64/pkgconfig/
-rw-r--r-- root/root       454 2020-02-25 10:16 usr/lib64/pkgconfig/lua52.pc
drwxr-xr-x root/root         0 2020-02-25 10:16 usr/man/
drwxr-xr-x root/root         0 2020-02-25 10:16 usr/man/man1/
-rw-r--r-- root/root      1087 2020-02-25 10:16 usr/man/man1/lua5.2.1.gz
-rw-r--r-- root/root      1429 2020-02-25 10:16 usr/man/man1/luac5.2.1.gz
drwxr-xr-x root/root         0 2020-02-25 10:16 usr/share/
drwxr-xr-x root/root         0 2020-02-25 10:16 usr/share/lua/
drwxr-xr-x root/root         0 2020-02-25 10:16 usr/share/lua/5.2/


