++========================================
||
||   Package:  ./vifm/vifm-0.11-x86_64-1cf.txz
||
++========================================
drwxr-xr-x root/root         0 2020-09-24 17:35 ./
drwxr-xr-x root/root         0 2020-09-24 17:35 etc/
drwxr-xr-x root/root         0 2020-09-24 17:35 etc/vifm/
drwxr-xr-x root/root         0 2020-09-24 17:35 etc/vifm/colors/
-rw-r--r-- root/root      4819 2020-09-24 17:35 etc/vifm/colors/Default-256.vifm
drwxr-xr-x root/root         0 2020-09-24 17:35 install/
-rw-r--r-- root/root       329 2020-09-24 17:35 install/doinst.sh
-rw-r--r-- root/root       883 2020-09-24 17:35 install/slack-desc
drwxr-xr-x root/root         0 2020-09-24 17:35 usr/
drwxr-xr-x root/root         0 2020-09-24 17:35 usr/bin/
-rwxr-xr-x root/root    972864 2020-09-24 17:35 usr/bin/vifm
-rwxr-xr-x root/root     10533 2020-09-24 17:35 usr/bin/vifm-convert-dircolors
-rwxr-xr-x root/root       398 2020-09-24 17:35 usr/bin/vifm-pause
-rwxr-xr-x root/root       176 2020-09-24 17:35 usr/bin/vifm-screen-split
drwxr-xr-x root/root         0 2020-09-24 17:35 usr/doc/
drwxr-xr-x root/root         0 2020-09-24 17:35 usr/doc/vifm-0.11/
-rw-r--r-- root/root      4509 2020-09-24 14:01 usr/doc/vifm-0.11/AUTHORS
-rw-r--r-- root/root       912 2020-09-24 14:01 usr/doc/vifm-0.11/BUGS
-rw-r--r-- root/root     18092 2015-09-26 16:56 usr/doc/vifm-0.11/COPYING
-rw-r--r-- root/root    194435 2020-09-24 16:12 usr/doc/vifm-0.11/ChangeLog
-rw-r--r-- root/root      4857 2020-09-24 17:35 usr/doc/vifm-0.11/FAQ
-rw-r--r-- root/root      7872 2019-06-14 19:57 usr/doc/vifm-0.11/INSTALL
-rw-r--r-- root/root    231975 2020-09-24 16:12 usr/doc/vifm-0.11/NEWS
-rw-r--r-- root/root      1996 2020-09-24 16:12 usr/doc/vifm-0.11/README
-rw-r--r-- root/root      4537 2020-09-24 14:01 usr/doc/vifm-0.11/THANKS
-rw-r--r-- root/root      8371 2020-09-24 14:01 usr/doc/vifm-0.11/TODO
drwxr-xr-x root/root         0 2020-09-24 16:12 usr/doc/vifm-0.11/colors/
-rw-r--r-- root/root      4819 2020-09-24 14:01 usr/doc/vifm-0.11/colors/Default-256.vifm
-rw-r--r-- root/root      1297 2015-09-26 16:56 usr/doc/vifm-0.11/colors/astrell-root.vifm
-rw-r--r-- root/root      1297 2015-09-26 16:56 usr/doc/vifm-0.11/colors/astrell-user.vifm
-rw-r--r-- root/root      1040 2015-09-26 16:56 usr/doc/vifm-0.11/colors/dmilith-root.vifm
-rw-r--r-- root/root      1044 2015-09-26 16:56 usr/doc/vifm-0.11/colors/dmilith-user.vifm
-rw-r--r-- root/root      1222 2015-09-26 16:56 usr/doc/vifm-0.11/colors/istib-solarized-dark.vifm
-rw-r--r-- root/root      1101 2015-09-26 16:56 usr/doc/vifm-0.11/colors/juef-zenburn.vifm
-rw-r--r-- root/root      1019 2015-09-26 16:56 usr/doc/vifm-0.11/colors/reicheltd-light.vifm
-rw-r--r-- root/root      3665 2020-09-24 17:35 usr/doc/vifm-0.11/vifm.SlackBuild
drwxr-xr-x root/root         0 2020-09-24 16:12 usr/doc/vifm-0.11/vim/
drwxr-xr-x root/root         0 2020-09-24 16:12 usr/doc/vifm-0.11/vim/autoload/
drwxr-xr-x root/root         0 2020-09-24 16:12 usr/doc/vifm-0.11/vim/autoload/vifm/
-rw-r--r-- root/root      3588 2020-09-24 14:01 usr/doc/vifm-0.11/vim/autoload/vifm/colorconv.vim
-rw-r--r-- root/root       439 2019-02-08 17:56 usr/doc/vifm-0.11/vim/autoload/vifm/edit.vim
-rw-r--r-- root/root       893 2019-02-08 17:56 usr/doc/vifm-0.11/vim/autoload/vifm/globals.vim
drwxr-xr-x root/root         0 2020-09-24 16:12 usr/doc/vifm-0.11/vim/doc/
drwxr-xr-x root/root         0 2020-09-24 17:35 usr/doc/vifm-0.11/vim/doc/app/
-rw-r--r-- root/root     33513 2020-09-24 17:35 usr/doc/vifm-0.11/vim/doc/app/tags
-rw-r--r-- root/root    235068 2020-09-24 16:12 usr/doc/vifm-0.11/vim/doc/app/vifm-app.txt
drwxr-xr-x root/root         0 2020-09-24 17:35 usr/doc/vifm-0.11/vim/doc/plugin/
-rw-r--r-- root/root       902 2020-09-24 17:35 usr/doc/vifm-0.11/vim/doc/plugin/tags
-rw-r--r-- root/root      5350 2020-09-24 16:12 usr/doc/vifm-0.11/vim/doc/plugin/vifm-plugin.txt
drwxr-xr-x root/root         0 2020-09-24 16:12 usr/doc/vifm-0.11/vim/ftdetect/
-rw-r--r-- root/root        66 2015-09-26 16:56 usr/doc/vifm-0.11/vim/ftdetect/vifm-rename.vim
-rw-r--r-- root/root       167 2020-01-16 23:06 usr/doc/vifm-0.11/vim/ftdetect/vifm.vim
drwxr-xr-x root/root         0 2020-09-24 16:12 usr/doc/vifm-0.11/vim/ftplugin/
-rw-r--r-- root/root      1731 2020-09-24 14:01 usr/doc/vifm-0.11/vim/ftplugin/mail_vifm.vim
-rw-r--r-- root/root       397 2019-02-08 17:56 usr/doc/vifm-0.11/vim/ftplugin/vifm-cmdedit.vim
-rw-r--r-- root/root       292 2019-02-08 17:56 usr/doc/vifm-0.11/vim/ftplugin/vifm-edit.vim
-rw-r--r-- root/root      1337 2019-02-08 17:56 usr/doc/vifm-0.11/vim/ftplugin/vifm-rename.vim
-rw-r--r-- root/root      1334 2019-02-08 17:56 usr/doc/vifm-0.11/vim/ftplugin/vifm.vim
drwxr-xr-x root/root         0 2020-09-24 16:12 usr/doc/vifm-0.11/vim/plugin/
-rw-r--r-- root/root     11245 2020-09-24 14:01 usr/doc/vifm-0.11/vim/plugin/vifm.vim
drwxr-xr-x root/root         0 2020-09-24 16:12 usr/doc/vifm-0.11/vim/syntax/
-rw-r--r-- root/root     24389 2020-09-24 14:01 usr/doc/vifm-0.11/vim/syntax/vifm.vim
drwxr-xr-x root/root         0 2020-09-24 17:35 usr/man/
drwxr-xr-x root/root         0 2020-09-24 17:35 usr/man/man1/
-rw-r--r-- root/root       743 2020-09-24 17:35 usr/man/man1/vifm-convert-dircolors.1.gz
-rw-r--r-- root/root       461 2020-09-24 17:35 usr/man/man1/vifm-pause.1.gz
-rw-r--r-- root/root       384 2020-09-24 17:35 usr/man/man1/vifm-screen-split.1.gz
-rw-r--r-- root/root     64946 2020-09-24 17:35 usr/man/man1/vifm.1.gz
drwxr-xr-x root/root         0 2020-09-24 17:35 usr/share/
drwxr-xr-x root/root         0 2020-09-24 17:35 usr/share/applications/
-rw-r--r-- root/root       283 2020-09-24 17:35 usr/share/applications/vifm.desktop
drwxr-xr-x root/root         0 2020-09-24 17:35 usr/share/bash-completion/
drwxr-xr-x root/root         0 2020-09-24 17:35 usr/share/bash-completion/completions/
-rw-r--r-- root/root      2078 2020-09-24 17:35 usr/share/bash-completion/completions/vifm
drwxr-xr-x root/root         0 2020-09-24 17:35 usr/share/pixmaps/
-rw-r--r-- root/root      7290 2020-09-24 17:35 usr/share/pixmaps/vifm.png
drwxr-xr-x root/root         0 2020-09-24 17:35 usr/share/vifm/
drwxr-xr-x root/root         0 2020-09-24 17:35 usr/share/vifm/colors/
-rw-r--r-- root/root      1297 2020-09-24 17:35 usr/share/vifm/colors/astrell-root.vifm
-rw-r--r-- root/root      1297 2020-09-24 17:35 usr/share/vifm/colors/astrell-user.vifm
-rw-r--r-- root/root      1040 2020-09-24 17:35 usr/share/vifm/colors/dmilith-root.vifm
-rw-r--r-- root/root      1044 2020-09-24 17:35 usr/share/vifm/colors/dmilith-user.vifm
-rw-r--r-- root/root      1222 2020-09-24 17:35 usr/share/vifm/colors/istib-solarized-dark.vifm
-rw-r--r-- root/root      1101 2020-09-24 17:35 usr/share/vifm/colors/juef-zenburn.vifm
-rw-r--r-- root/root      1019 2020-09-24 17:35 usr/share/vifm/colors/reicheltd-light.vifm
-rw-r--r-- root/root    217354 2020-09-24 17:35 usr/share/vifm/vifm-help.txt
-rwxr-xr-x root/root      4694 2020-09-24 17:35 usr/share/vifm/vifm-media
-rw-r--r-- root/root     15030 2020-09-24 17:35 usr/share/vifm/vifmrc
drwxr-xr-x root/root         0 2020-09-24 17:35 usr/share/vifm/vim/
drwxr-xr-x root/root         0 2020-09-24 17:35 usr/share/vifm/vim-doc/
drwxr-xr-x root/root         0 2020-09-24 17:35 usr/share/vifm/vim-doc/doc/
-rw-r--r-- root/root     33513 2020-09-24 17:35 usr/share/vifm/vim-doc/doc/tags
-rw-r--r-- root/root    235068 2020-09-24 17:35 usr/share/vifm/vim-doc/doc/vifm-app.txt
drwxr-xr-x root/root         0 2020-09-24 17:35 usr/share/vifm/vim/autoload/
drwxr-xr-x root/root         0 2020-09-24 17:35 usr/share/vifm/vim/autoload/vifm/
-rw-r--r-- root/root      3588 2020-09-24 17:35 usr/share/vifm/vim/autoload/vifm/colorconv.vim
-rw-r--r-- root/root       439 2020-09-24 17:35 usr/share/vifm/vim/autoload/vifm/edit.vim
-rw-r--r-- root/root       893 2020-09-24 17:35 usr/share/vifm/vim/autoload/vifm/globals.vim
drwxr-xr-x root/root         0 2020-09-24 17:35 usr/share/vifm/vim/doc/
-rw-r--r-- root/root       902 2020-09-24 17:35 usr/share/vifm/vim/doc/tags
-rw-r--r-- root/root      5350 2020-09-24 17:35 usr/share/vifm/vim/doc/vifm-plugin.txt
drwxr-xr-x root/root         0 2020-09-24 17:35 usr/share/vifm/vim/ftdetect/
-rw-r--r-- root/root        66 2020-09-24 17:35 usr/share/vifm/vim/ftdetect/vifm-rename.vim
-rw-r--r-- root/root       167 2020-09-24 17:35 usr/share/vifm/vim/ftdetect/vifm.vim
drwxr-xr-x root/root         0 2020-09-24 17:35 usr/share/vifm/vim/ftplugin/
-rw-r--r-- root/root      1731 2020-09-24 17:35 usr/share/vifm/vim/ftplugin/mail_vifm.vim
-rw-r--r-- root/root       397 2020-09-24 17:35 usr/share/vifm/vim/ftplugin/vifm-cmdedit.vim
-rw-r--r-- root/root       292 2020-09-24 17:35 usr/share/vifm/vim/ftplugin/vifm-edit.vim
-rw-r--r-- root/root      1337 2020-09-24 17:35 usr/share/vifm/vim/ftplugin/vifm-rename.vim
-rw-r--r-- root/root      1334 2020-09-24 17:35 usr/share/vifm/vim/ftplugin/vifm.vim
drwxr-xr-x root/root         0 2020-09-24 17:35 usr/share/vifm/vim/plugin/
-rw-r--r-- root/root     11245 2020-09-24 17:35 usr/share/vifm/vim/plugin/vifm.vim
drwxr-xr-x root/root         0 2020-09-24 17:35 usr/share/vifm/vim/syntax/
-rw-r--r-- root/root     24389 2020-09-24 17:35 usr/share/vifm/vim/syntax/vifm.vim
drwxr-xr-x root/root         0 2020-09-24 17:35 usr/share/zsh/
drwxr-xr-x root/root         0 2020-09-24 17:35 usr/share/zsh/site-functions/
-rw-r--r-- root/root      1912 2020-09-24 17:35 usr/share/zsh/site-functions/_vifm


