++========================================
||
||   Package:  ./mypaint/mypaint-2.0.1-x86_64-1cf.txz
||
++========================================
drwxr-xr-x root/root         0 2021-01-16 10:32 ./
drwxr-xr-x root/root         0 2021-01-16 10:32 install/
-rw-r--r-- root/root       394 2021-01-16 10:32 install/doinst.sh
-rw-r--r-- root/root       729 2021-01-16 10:32 install/slack-desc
drwxr-xr-x root/root         0 2021-01-16 10:32 usr/
drwxr-xr-x root/root         0 2021-01-16 10:32 usr/bin/
-rwxr-xr-x root/root     11390 2021-01-16 10:32 usr/bin/mypaint
-rwxr-xr-x root/root      2871 2021-01-16 10:32 usr/bin/mypaint-ora-thumbnailer
drwxr-xr-x root/root         0 2021-01-16 10:32 usr/doc/
drwxr-xr-x root/root         0 2021-01-16 10:32 usr/doc/mypaint-2.0.1/
-rw-r--r-- root/root     13284 2020-05-29 18:40 usr/doc/mypaint-2.0.1/BUILDING.md
-rw-r--r-- root/root      3164 2020-05-29 18:40 usr/doc/mypaint-2.0.1/CODE_OF_CONDUCT.md
-rw-r--r-- root/root       695 2020-05-29 18:40 usr/doc/mypaint-2.0.1/CONTRIBUTING.md
-rw-r--r-- root/root     17987 2020-05-29 18:40 usr/doc/mypaint-2.0.1/COPYING
-rw-r--r-- root/root     10470 2020-05-29 18:40 usr/doc/mypaint-2.0.1/Changelog.md
-rw-r--r-- root/root      2368 2020-05-29 18:40 usr/doc/mypaint-2.0.1/DEBUGGING.md
-rw-r--r-- root/root      1199 2020-05-29 18:40 usr/doc/mypaint-2.0.1/ISSUE_TEMPLATE.md
-rw-r--r-- root/root      1095 2020-05-29 18:40 usr/doc/mypaint-2.0.1/Licenses.md
-rw-r--r-- root/root      6799 2020-05-29 18:40 usr/doc/mypaint-2.0.1/README.md
-rw-r--r-- root/root      3670 2021-01-16 10:32 usr/doc/mypaint-2.0.1/mypaint.SlackBuild
drwxr-xr-x root/root         0 2021-01-16 10:32 usr/lib/
drwxr-xr-x root/root         0 2021-01-16 10:32 usr/lib/mypaint/
drwxr-xr-x root/root         0 2021-01-16 10:32 usr/lib/mypaint/MyPaint-2.0.0a0-py3.9.egg-info/
-rw-r--r-- root/root       263 2021-01-16 10:32 usr/lib/mypaint/MyPaint-2.0.0a0-py3.9.egg-info/PKG-INFO
-rw-r--r-- root/root     22416 2021-01-16 10:32 usr/lib/mypaint/MyPaint-2.0.0a0-py3.9.egg-info/SOURCES.txt
-rw-r--r-- root/root         1 2021-01-16 10:32 usr/lib/mypaint/MyPaint-2.0.0a0-py3.9.egg-info/dependency_links.txt
-rw-r--r-- root/root         8 2021-01-16 10:32 usr/lib/mypaint/MyPaint-2.0.0a0-py3.9.egg-info/top_level.txt
drwxr-xr-x root/root         0 2021-01-16 10:32 usr/lib/mypaint/gui/
-rw-r--r-- root/root        50 2020-05-29 18:40 usr/lib/mypaint/gui/__init__.py
drwxr-xr-x root/root         0 2021-01-16 10:32 usr/lib/mypaint/gui/__pycache__/
-rw-r--r-- root/root       191 2021-01-16 10:32 usr/lib/mypaint/gui/__pycache__/__init__.cpython-39.pyc
-rw-r--r-- root/root     14989 2021-01-16 10:32 usr/lib/mypaint/gui/__pycache__/accelmap.cpython-39.pyc
-rw-r--r-- root/root     24842 2021-01-16 10:32 usr/lib/mypaint/gui/__pycache__/application.cpython-39.pyc
-rw-r--r-- root/root      7108 2021-01-16 10:32 usr/lib/mypaint/gui/__pycache__/autorecover.cpython-39.pyc
-rw-r--r-- root/root     12693 2021-01-16 10:32 usr/lib/mypaint/gui/__pycache__/backgroundwindow.cpython-39.pyc
-rw-r--r-- root/root      7040 2021-01-16 10:32 usr/lib/mypaint/gui/__pycache__/blendmodehandler.cpython-39.pyc
-rw-r--r-- root/root      2354 2021-01-16 10:32 usr/lib/mypaint/gui/__pycache__/brushcolor.cpython-39.pyc
-rw-r--r-- root/root     28893 2021-01-16 10:32 usr/lib/mypaint/gui/__pycache__/brusheditor.cpython-39.pyc
-rw-r--r-- root/root     10321 2021-01-16 10:32 usr/lib/mypaint/gui/__pycache__/brushiconeditor.cpython-39.pyc
-rw-r--r-- root/root     42651 2021-01-16 10:32 usr/lib/mypaint/gui/__pycache__/brushmanager.cpython-39.pyc
-rw-r--r-- root/root      5286 2021-01-16 10:32 usr/lib/mypaint/gui/__pycache__/brushmodifier.cpython-39.pyc
-rw-r--r-- root/root     17722 2021-01-16 10:32 usr/lib/mypaint/gui/__pycache__/brushselectionwindow.cpython-39.pyc
-rw-r--r-- root/root      3508 2021-01-16 10:32 usr/lib/mypaint/gui/__pycache__/builderhacks.cpython-39.pyc
-rw-r--r-- root/root     17845 2021-01-16 10:32 usr/lib/mypaint/gui/__pycache__/buttonmap.cpython-39.pyc
-rw-r--r-- root/root     11931 2021-01-16 10:32 usr/lib/mypaint/gui/__pycache__/colorpicker.cpython-39.pyc
-rw-r--r-- root/root      1591 2021-01-16 10:32 usr/lib/mypaint/gui/__pycache__/colorpreview.cpython-39.pyc
-rw-r--r-- root/root      7464 2021-01-16 10:32 usr/lib/mypaint/gui/__pycache__/colortools.cpython-39.pyc
-rw-r--r-- root/root       797 2021-01-16 10:32 usr/lib/mypaint/gui/__pycache__/compatconfig.cpython-39.pyc
-rw-r--r-- root/root     16642 2021-01-16 10:32 usr/lib/mypaint/gui/__pycache__/compatibility.cpython-39.pyc
-rw-r--r-- root/root     10958 2021-01-16 10:32 usr/lib/mypaint/gui/__pycache__/cursor.cpython-39.pyc
-rw-r--r-- root/root      9315 2021-01-16 10:32 usr/lib/mypaint/gui/__pycache__/curve.cpython-39.pyc
-rw-r--r-- root/root     16164 2021-01-16 10:32 usr/lib/mypaint/gui/__pycache__/device.cpython-39.pyc
-rw-r--r-- root/root      9506 2021-01-16 10:32 usr/lib/mypaint/gui/__pycache__/dialogs.cpython-39.pyc
-rw-r--r-- root/root      2466 2021-01-16 10:32 usr/lib/mypaint/gui/__pycache__/displayfilter.cpython-39.pyc
-rw-r--r-- root/root     65529 2021-01-16 10:32 usr/lib/mypaint/gui/__pycache__/document.cpython-39.pyc
-rw-r--r-- root/root     16663 2021-01-16 10:32 usr/lib/mypaint/gui/__pycache__/drawutils.cpython-39.pyc
-rw-r--r-- root/root     27187 2021-01-16 10:32 usr/lib/mypaint/gui/__pycache__/drawwindow.cpython-39.pyc
-rw-r--r-- root/root     12717 2021-01-16 10:32 usr/lib/mypaint/gui/__pycache__/externalapp.cpython-39.pyc
-rw-r--r-- root/root      3429 2021-01-16 10:32 usr/lib/mypaint/gui/__pycache__/factoryaction.cpython-39.pyc
-rw-r--r-- root/root     38687 2021-01-16 10:32 usr/lib/mypaint/gui/__pycache__/filehandling.cpython-39.pyc
-rw-r--r-- root/root     32012 2021-01-16 10:32 usr/lib/mypaint/gui/__pycache__/fill.cpython-39.pyc
-rw-r--r-- root/root      6719 2021-01-16 10:32 usr/lib/mypaint/gui/__pycache__/footer.cpython-39.pyc
-rw-r--r-- root/root     26219 2021-01-16 10:32 usr/lib/mypaint/gui/__pycache__/framewindow.cpython-39.pyc
-rw-r--r-- root/root     20374 2021-01-16 10:32 usr/lib/mypaint/gui/__pycache__/freehand.cpython-39.pyc
-rw-r--r-- root/root      8160 2021-01-16 10:32 usr/lib/mypaint/gui/__pycache__/gtkexcepthook.cpython-39.pyc
-rw-r--r-- root/root      7770 2021-01-16 10:32 usr/lib/mypaint/gui/__pycache__/history.cpython-39.pyc
-rw-r--r-- root/root      3875 2021-01-16 10:32 usr/lib/mypaint/gui/__pycache__/historypopup.cpython-39.pyc
-rw-r--r-- root/root     35300 2021-01-16 10:32 usr/lib/mypaint/gui/__pycache__/inktool.cpython-39.pyc
-rw-r--r-- root/root      5701 2021-01-16 10:32 usr/lib/mypaint/gui/__pycache__/inputtestwindow.cpython-39.pyc
-rw-r--r-- root/root      9017 2021-01-16 10:32 usr/lib/mypaint/gui/__pycache__/keyboard.cpython-39.pyc
-rw-r--r-- root/root      6045 2021-01-16 10:32 usr/lib/mypaint/gui/__pycache__/layermanip.cpython-39.pyc
-rw-r--r-- root/root      2542 2021-01-16 10:32 usr/lib/mypaint/gui/__pycache__/layermodes.cpython-39.pyc
-rw-r--r-- root/root     12714 2021-01-16 10:32 usr/lib/mypaint/gui/__pycache__/layerprops.cpython-39.pyc
-rw-r--r-- root/root     32782 2021-01-16 10:32 usr/lib/mypaint/gui/__pycache__/layers.cpython-39.pyc
-rw-r--r-- root/root     11774 2021-01-16 10:32 usr/lib/mypaint/gui/__pycache__/layerswindow.cpython-39.pyc
-rw-r--r-- root/root      6105 2021-01-16 10:32 usr/lib/mypaint/gui/__pycache__/layervis.cpython-39.pyc
-rw-r--r-- root/root     26253 2021-01-16 10:32 usr/lib/mypaint/gui/__pycache__/linemode.cpython-39.pyc
-rw-r--r-- root/root      6742 2021-01-16 10:32 usr/lib/mypaint/gui/__pycache__/main.cpython-39.pyc
-rw-r--r-- root/root      5974 2021-01-16 10:32 usr/lib/mypaint/gui/__pycache__/meta.cpython-39.pyc
-rw-r--r-- root/root     44759 2021-01-16 10:32 usr/lib/mypaint/gui/__pycache__/mode.cpython-39.pyc
-rw-r--r-- root/root     11284 2021-01-16 10:32 usr/lib/mypaint/gui/__pycache__/mvp.cpython-39.pyc
-rw-r--r-- root/root      8530 2021-01-16 10:32 usr/lib/mypaint/gui/__pycache__/objfactory.cpython-39.pyc
-rw-r--r-- root/root      4398 2021-01-16 10:32 usr/lib/mypaint/gui/__pycache__/optionspanel.cpython-39.pyc
-rw-r--r-- root/root      8349 2021-01-16 10:32 usr/lib/mypaint/gui/__pycache__/overlays.cpython-39.pyc
-rw-r--r-- root/root     15186 2021-01-16 10:32 usr/lib/mypaint/gui/__pycache__/picker.cpython-39.pyc
-rw-r--r-- root/root     11172 2021-01-16 10:32 usr/lib/mypaint/gui/__pycache__/pixbuflist.cpython-39.pyc
-rw-r--r-- root/root     13289 2021-01-16 10:32 usr/lib/mypaint/gui/__pycache__/preferenceswindow.cpython-39.pyc
-rw-r--r-- root/root     15755 2021-01-16 10:32 usr/lib/mypaint/gui/__pycache__/previewwindow.cpython-39.pyc
-rw-r--r-- root/root      4627 2021-01-16 10:32 usr/lib/mypaint/gui/__pycache__/profiling.cpython-39.pyc
-rw-r--r-- root/root     11197 2021-01-16 10:32 usr/lib/mypaint/gui/__pycache__/quickchoice.cpython-39.pyc
-rw-r--r-- root/root      1953 2021-01-16 10:32 usr/lib/mypaint/gui/__pycache__/scratchwindow.cpython-39.pyc
-rw-r--r-- root/root      5328 2021-01-16 10:32 usr/lib/mypaint/gui/__pycache__/spinbox.cpython-39.pyc
-rw-r--r-- root/root      7024 2021-01-16 10:32 usr/lib/mypaint/gui/__pycache__/stategroup.cpython-39.pyc
-rw-r--r-- root/root      1354 2021-01-16 10:32 usr/lib/mypaint/gui/__pycache__/style.cpython-39.pyc
-rw-r--r-- root/root     22723 2021-01-16 10:32 usr/lib/mypaint/gui/__pycache__/symmetry.cpython-39.pyc
-rw-r--r-- root/root     42798 2021-01-16 10:32 usr/lib/mypaint/gui/__pycache__/tileddrawwidget.cpython-39.pyc
-rw-r--r-- root/root      3991 2021-01-16 10:32 usr/lib/mypaint/gui/__pycache__/toolbar.cpython-39.pyc
-rw-r--r-- root/root     34473 2021-01-16 10:32 usr/lib/mypaint/gui/__pycache__/toolstack.cpython-39.pyc
-rw-r--r-- root/root      9784 2021-01-16 10:32 usr/lib/mypaint/gui/__pycache__/topbar.cpython-39.pyc
-rw-r--r-- root/root      3271 2021-01-16 10:32 usr/lib/mypaint/gui/__pycache__/uicolor.cpython-39.pyc
-rw-r--r-- root/root      3453 2021-01-16 10:32 usr/lib/mypaint/gui/__pycache__/userconfig.cpython-39.pyc
-rw-r--r-- root/root      4268 2021-01-16 10:32 usr/lib/mypaint/gui/__pycache__/viewmanip.cpython-39.pyc
-rw-r--r-- root/root      5324 2021-01-16 10:32 usr/lib/mypaint/gui/__pycache__/widgets.cpython-39.pyc
-rw-r--r-- root/root     20962 2021-01-16 10:32 usr/lib/mypaint/gui/__pycache__/windowing.cpython-39.pyc
-rw-r--r-- root/root     30980 2021-01-16 10:32 usr/lib/mypaint/gui/__pycache__/workspace.cpython-39.pyc
-rw-r--r-- root/root     22956 2020-05-29 18:40 usr/lib/mypaint/gui/accelmap.py
-rw-r--r-- root/root     31455 2020-05-29 18:40 usr/lib/mypaint/gui/application.py
-rw-r--r-- root/root     10614 2020-05-29 18:40 usr/lib/mypaint/gui/autorecover.glade
-rw-r--r-- root/root      8950 2020-05-29 18:40 usr/lib/mypaint/gui/autorecover.py
-rw-r--r-- root/root     15848 2020-05-29 18:40 usr/lib/mypaint/gui/backgroundwindow.py
-rw-r--r-- root/root      7173 2020-05-29 18:40 usr/lib/mypaint/gui/blendmodehandler.py
-rw-r--r-- root/root      2772 2020-05-29 18:40 usr/lib/mypaint/gui/brushcolor.py
-rw-r--r-- root/root     49310 2020-05-29 18:40 usr/lib/mypaint/gui/brusheditor.glade
-rw-r--r-- root/root     44815 2020-05-29 18:40 usr/lib/mypaint/gui/brusheditor.py
-rw-r--r-- root/root     13096 2020-05-29 18:40 usr/lib/mypaint/gui/brushiconeditor.py
-rw-r--r-- root/root     58342 2020-05-29 18:40 usr/lib/mypaint/gui/brushmanager.py
-rw-r--r-- root/root      6552 2020-05-29 18:40 usr/lib/mypaint/gui/brushmodifier.py
-rw-r--r-- root/root     21528 2020-05-29 18:40 usr/lib/mypaint/gui/brushselectionwindow.py
-rw-r--r-- root/root      4354 2020-05-29 18:40 usr/lib/mypaint/gui/builderhacks.py
-rw-r--r-- root/root     24021 2020-05-29 18:40 usr/lib/mypaint/gui/buttonmap.py
-rw-r--r-- root/root     15908 2020-05-29 18:40 usr/lib/mypaint/gui/colorpicker.py
-rw-r--r-- root/root      1777 2020-05-29 18:40 usr/lib/mypaint/gui/colorpreview.py
drwxr-xr-x root/root         0 2021-01-16 10:32 usr/lib/mypaint/gui/colors/
-rw-r--r-- root/root       693 2020-05-29 18:40 usr/lib/mypaint/gui/colors/__init__.py
drwxr-xr-x root/root         0 2021-01-16 10:32 usr/lib/mypaint/gui/colors/__pycache__/
-rw-r--r-- root/root       465 2021-01-16 10:32 usr/lib/mypaint/gui/colors/__pycache__/__init__.cpython-39.pyc
-rw-r--r-- root/root     39164 2021-01-16 10:32 usr/lib/mypaint/gui/colors/__pycache__/adjbases.cpython-39.pyc
-rw-r--r-- root/root      5447 2021-01-16 10:32 usr/lib/mypaint/gui/colors/__pycache__/bases.cpython-39.pyc
-rw-r--r-- root/root      5099 2021-01-16 10:32 usr/lib/mypaint/gui/colors/__pycache__/changers.cpython-39.pyc
-rw-r--r-- root/root      2474 2021-01-16 10:32 usr/lib/mypaint/gui/colors/__pycache__/combined.cpython-39.pyc
-rw-r--r-- root/root     37875 2021-01-16 10:32 usr/lib/mypaint/gui/colors/__pycache__/hcywheel.cpython-39.pyc
-rw-r--r-- root/root      8808 2021-01-16 10:32 usr/lib/mypaint/gui/colors/__pycache__/hsvcube.cpython-39.pyc
-rw-r--r-- root/root     12914 2021-01-16 10:32 usr/lib/mypaint/gui/colors/__pycache__/hsvsquare.cpython-39.pyc
-rw-r--r-- root/root      4545 2021-01-16 10:32 usr/lib/mypaint/gui/colors/__pycache__/hsvwheel.cpython-39.pyc
-rw-r--r-- root/root     38165 2021-01-16 10:32 usr/lib/mypaint/gui/colors/__pycache__/paletteview.cpython-39.pyc
-rw-r--r-- root/root     10267 2021-01-16 10:32 usr/lib/mypaint/gui/colors/__pycache__/sliders.cpython-39.pyc
-rw-r--r-- root/root      1008 2021-01-16 10:32 usr/lib/mypaint/gui/colors/__pycache__/uimisc.cpython-39.pyc
-rw-r--r-- root/root      1658 2021-01-16 10:32 usr/lib/mypaint/gui/colors/__pycache__/util.cpython-39.pyc
-rw-r--r-- root/root     46935 2020-05-29 18:40 usr/lib/mypaint/gui/colors/adjbases.py
-rw-r--r-- root/root      5060 2020-05-29 18:40 usr/lib/mypaint/gui/colors/bases.py
-rw-r--r-- root/root      4660 2020-05-29 18:40 usr/lib/mypaint/gui/colors/changers.py
-rw-r--r-- root/root      2078 2020-05-29 18:40 usr/lib/mypaint/gui/colors/combined.py
-rw-r--r-- root/root     48269 2020-05-29 18:40 usr/lib/mypaint/gui/colors/hcywheel.py
-rw-r--r-- root/root      8636 2020-05-29 18:40 usr/lib/mypaint/gui/colors/hsvcube.py
-rw-r--r-- root/root     14343 2020-05-29 18:40 usr/lib/mypaint/gui/colors/hsvsquare.py
-rw-r--r-- root/root      4060 2020-05-29 18:40 usr/lib/mypaint/gui/colors/hsvwheel.py
-rw-r--r-- root/root     54541 2020-05-29 18:40 usr/lib/mypaint/gui/colors/paletteview.py
-rw-r--r-- root/root      9901 2020-05-29 18:40 usr/lib/mypaint/gui/colors/sliders.py
-rw-r--r-- root/root      1584 2020-05-29 18:40 usr/lib/mypaint/gui/colors/uimisc.py
-rw-r--r-- root/root      1685 2020-05-29 18:40 usr/lib/mypaint/gui/colors/util.py
-rw-r--r-- root/root      7400 2020-05-29 18:40 usr/lib/mypaint/gui/colortools.py
-rw-r--r-- root/root      1362 2020-05-29 18:40 usr/lib/mypaint/gui/compatconfig.py
-rw-r--r-- root/root     20834 2020-05-29 18:40 usr/lib/mypaint/gui/compatibility.py
-rw-r--r-- root/root     15618 2020-05-29 18:40 usr/lib/mypaint/gui/cursor.py
-rw-r--r-- root/root     10678 2020-05-29 18:40 usr/lib/mypaint/gui/curve.py
-rw-r--r-- root/root     22587 2020-05-29 18:40 usr/lib/mypaint/gui/device.py
-rw-r--r-- root/root     12911 2020-05-29 18:40 usr/lib/mypaint/gui/dialogs.py
-rw-r--r-- root/root      2777 2020-05-29 18:40 usr/lib/mypaint/gui/displayfilter.py
-rw-r--r-- root/root     90028 2020-05-29 18:40 usr/lib/mypaint/gui/document.py
-rw-r--r-- root/root     18531 2020-05-29 18:40 usr/lib/mypaint/gui/drawutils.py
-rw-r--r-- root/root     34394 2020-05-29 18:40 usr/lib/mypaint/gui/drawwindow.py
-rw-r--r-- root/root     16806 2020-05-29 18:40 usr/lib/mypaint/gui/externalapp.py
-rw-r--r-- root/root      3722 2020-05-29 18:40 usr/lib/mypaint/gui/factoryaction.py
-rw-r--r-- root/root     57168 2020-05-29 18:40 usr/lib/mypaint/gui/filehandling.py
-rw-r--r-- root/root     40381 2020-05-29 18:40 usr/lib/mypaint/gui/fill.py
-rw-r--r-- root/root      8416 2020-05-29 18:40 usr/lib/mypaint/gui/footer.py
-rw-r--r-- root/root     35597 2020-05-29 18:40 usr/lib/mypaint/gui/framewindow.py
-rw-r--r-- root/root     34212 2020-05-29 18:40 usr/lib/mypaint/gui/freehand.py
-rw-r--r-- root/root     11446 2020-05-29 18:40 usr/lib/mypaint/gui/gtkexcepthook.py
-rw-r--r-- root/root      7606 2020-05-29 18:40 usr/lib/mypaint/gui/history.py
-rw-r--r-- root/root      4672 2020-05-29 18:40 usr/lib/mypaint/gui/historypopup.py
-rw-r--r-- root/root     14618 2020-05-29 18:40 usr/lib/mypaint/gui/inktool.glade
-rw-r--r-- root/root     49777 2020-05-29 18:40 usr/lib/mypaint/gui/inktool.py
-rw-r--r-- root/root      7047 2020-05-29 18:40 usr/lib/mypaint/gui/inputtestwindow.py
-rw-r--r-- root/root     12298 2020-05-29 18:40 usr/lib/mypaint/gui/keyboard.py
-rw-r--r-- root/root      7593 2020-05-29 18:40 usr/lib/mypaint/gui/layermanip.py
-rw-r--r-- root/root      3039 2020-05-29 18:40 usr/lib/mypaint/gui/layermodes.py
-rw-r--r-- root/root     12116 2020-05-29 18:40 usr/lib/mypaint/gui/layerprops.glade
-rw-r--r-- root/root     14496 2020-05-29 18:40 usr/lib/mypaint/gui/layerprops.py
-rw-r--r-- root/root     42669 2020-05-29 18:40 usr/lib/mypaint/gui/layers.py
-rw-r--r-- root/root     15825 2020-05-29 18:40 usr/lib/mypaint/gui/layerswindow.py
-rw-r--r-- root/root      1329 2020-05-29 18:40 usr/lib/mypaint/gui/layerswindow.xml
-rw-r--r-- root/root      5207 2020-05-29 18:40 usr/lib/mypaint/gui/layervis.glade
-rw-r--r-- root/root      6843 2020-05-29 18:40 usr/lib/mypaint/gui/layervis.py
-rw-r--r-- root/root     34091 2020-05-29 18:40 usr/lib/mypaint/gui/linemode.py
-rw-r--r-- root/root     10009 2020-05-29 18:40 usr/lib/mypaint/gui/main.py
-rw-r--r-- root/root     11578 2020-05-29 18:40 usr/lib/mypaint/gui/menu.xml
-rw-r--r-- root/root     10067 2020-05-29 18:40 usr/lib/mypaint/gui/meta.py
-rw-r--r-- root/root     56882 2020-05-29 18:40 usr/lib/mypaint/gui/mode.py
-rw-r--r-- root/root     11689 2020-05-29 18:40 usr/lib/mypaint/gui/mvp.py
-rw-r--r-- root/root     13314 2020-05-29 18:40 usr/lib/mypaint/gui/mypaint.glade
-rw-r--r-- root/root      8651 2020-05-29 18:40 usr/lib/mypaint/gui/objfactory.py
-rw-r--r-- root/root      5426 2020-05-29 18:40 usr/lib/mypaint/gui/optionspanel.py
-rw-r--r-- root/root      8369 2020-05-29 18:40 usr/lib/mypaint/gui/overlays.py
-rw-r--r-- root/root     19320 2020-05-29 18:40 usr/lib/mypaint/gui/picker.py
-rw-r--r-- root/root     14921 2020-05-29 18:40 usr/lib/mypaint/gui/pixbuflist.py
-rw-r--r-- root/root     92658 2020-05-29 18:40 usr/lib/mypaint/gui/preferenceswindow.glade
-rw-r--r-- root/root     16213 2020-05-29 18:40 usr/lib/mypaint/gui/preferenceswindow.py
-rw-r--r-- root/root     24240 2020-05-29 18:40 usr/lib/mypaint/gui/previewwindow.py
-rw-r--r-- root/root      5650 2020-05-29 18:40 usr/lib/mypaint/gui/profiling.py
-rw-r--r-- root/root     12390 2020-05-29 18:40 usr/lib/mypaint/gui/quickchoice.py
-rw-r--r-- root/root    118660 2020-05-29 18:40 usr/lib/mypaint/gui/resources.xml
-rw-r--r-- root/root      2172 2020-05-29 18:40 usr/lib/mypaint/gui/scratchwindow.py
-rw-r--r-- root/root      6283 2020-05-29 18:40 usr/lib/mypaint/gui/spinbox.py
-rw-r--r-- root/root      9293 2020-05-29 18:40 usr/lib/mypaint/gui/stategroup.py
-rw-r--r-- root/root      2431 2020-05-29 18:40 usr/lib/mypaint/gui/style.py
-rw-r--r-- root/root     34315 2020-05-29 18:40 usr/lib/mypaint/gui/symmetry.py
-rw-r--r-- root/root     53677 2020-05-29 18:40 usr/lib/mypaint/gui/tileddrawwidget.py
-rw-r--r-- root/root       720 2020-05-29 18:40 usr/lib/mypaint/gui/toolbar-blendmodes.xml
-rw-r--r-- root/root       520 2020-05-29 18:40 usr/lib/mypaint/gui/toolbar-edit.xml
-rw-r--r-- root/root       551 2020-05-29 18:40 usr/lib/mypaint/gui/toolbar-file.xml
-rw-r--r-- root/root       618 2020-05-29 18:40 usr/lib/mypaint/gui/toolbar-linemodes.xml
-rw-r--r-- root/root       569 2020-05-29 18:40 usr/lib/mypaint/gui/toolbar-scrap.xml
-rw-r--r-- root/root       762 2020-05-29 18:40 usr/lib/mypaint/gui/toolbar-view-manips.xml
-rw-r--r-- root/root       775 2020-05-29 18:40 usr/lib/mypaint/gui/toolbar-view-modes.xml
-rw-r--r-- root/root       580 2020-05-29 18:40 usr/lib/mypaint/gui/toolbar-view-resets.xml
-rw-r--r-- root/root      4820 2020-05-29 18:40 usr/lib/mypaint/gui/toolbar.py
-rw-r--r-- root/root      2111 2020-05-29 18:40 usr/lib/mypaint/gui/toolbar.xml
-rw-r--r-- root/root     49031 2020-05-29 18:40 usr/lib/mypaint/gui/toolstack.py
-rw-r--r-- root/root     13342 2020-05-29 18:40 usr/lib/mypaint/gui/topbar.py
-rw-r--r-- root/root      2484 2020-05-29 18:40 usr/lib/mypaint/gui/uicolor.py
-rw-r--r-- root/root      5710 2020-05-29 18:40 usr/lib/mypaint/gui/userconfig.py
-rw-r--r-- root/root      4340 2020-05-29 18:40 usr/lib/mypaint/gui/viewmanip.py
-rw-r--r-- root/root      6168 2020-05-29 18:40 usr/lib/mypaint/gui/widgets.py
-rw-r--r-- root/root     30204 2020-05-29 18:40 usr/lib/mypaint/gui/windowing.py
-rw-r--r-- root/root     41776 2020-05-29 18:40 usr/lib/mypaint/gui/workspace.py
drwxr-xr-x root/root         0 2021-01-16 10:32 usr/lib/mypaint/lib/
-rw-r--r-- root/root        50 2020-05-29 18:40 usr/lib/mypaint/lib/__init__.py
drwxr-xr-x root/root         0 2021-01-16 10:32 usr/lib/mypaint/lib/__pycache__/
-rw-r--r-- root/root       191 2021-01-16 10:32 usr/lib/mypaint/lib/__pycache__/__init__.cpython-39.pyc
-rw-r--r-- root/root      7755 2021-01-16 10:32 usr/lib/mypaint/lib/__pycache__/alg.cpython-39.pyc
-rw-r--r-- root/root      4381 2021-01-16 10:32 usr/lib/mypaint/lib/__pycache__/autosave.cpython-39.pyc
-rw-r--r-- root/root     20392 2021-01-16 10:32 usr/lib/mypaint/lib/__pycache__/brush.cpython-39.pyc
-rw-r--r-- root/root      1125 2021-01-16 10:32 usr/lib/mypaint/lib/__pycache__/brushes_migrate_json.cpython-39.pyc
-rw-r--r-- root/root      4806 2021-01-16 10:32 usr/lib/mypaint/lib/__pycache__/brushsettings.cpython-39.pyc
-rw-r--r-- root/root      2442 2021-01-16 10:32 usr/lib/mypaint/lib/__pycache__/cache.cpython-39.pyc
-rw-r--r-- root/root     27657 2021-01-16 10:32 usr/lib/mypaint/lib/__pycache__/color.cpython-39.pyc
-rw-r--r-- root/root     49134 2021-01-16 10:32 usr/lib/mypaint/lib/__pycache__/command.cpython-39.pyc
-rw-r--r-- root/root       649 2021-01-16 10:32 usr/lib/mypaint/lib/__pycache__/config.cpython-39.pyc
-rw-r--r-- root/root     61382 2021-01-16 10:32 usr/lib/mypaint/lib/__pycache__/document.cpython-39.pyc
-rw-r--r-- root/root       959 2021-01-16 10:32 usr/lib/mypaint/lib/__pycache__/eotf.cpython-39.pyc
-rw-r--r-- root/root      2318 2021-01-16 10:32 usr/lib/mypaint/lib/__pycache__/errors.cpython-39.pyc
-rw-r--r-- root/root      8469 2021-01-16 10:32 usr/lib/mypaint/lib/__pycache__/feedback.cpython-39.pyc
-rw-r--r-- root/root      8352 2021-01-16 10:32 usr/lib/mypaint/lib/__pycache__/fileutils.cpython-39.pyc
-rw-r--r-- root/root      4867 2021-01-16 10:32 usr/lib/mypaint/lib/__pycache__/fill_common.cpython-39.pyc
-rw-r--r-- root/root     22768 2021-01-16 10:32 usr/lib/mypaint/lib/__pycache__/floodfill.cpython-39.pyc
-rw-r--r-- root/root      2032 2021-01-16 10:32 usr/lib/mypaint/lib/__pycache__/gettext.cpython-39.pyc
-rw-r--r-- root/root      3351 2021-01-16 10:32 usr/lib/mypaint/lib/__pycache__/gettext_setup.cpython-39.pyc
-rw-r--r-- root/root      1506 2021-01-16 10:32 usr/lib/mypaint/lib/__pycache__/gibindings.cpython-39.pyc
-rw-r--r-- root/root      5919 2021-01-16 10:32 usr/lib/mypaint/lib/__pycache__/glib.cpython-39.pyc
-rw-r--r-- root/root     17030 2021-01-16 10:32 usr/lib/mypaint/lib/__pycache__/helpers.cpython-39.pyc
-rw-r--r-- root/root      4595 2021-01-16 10:32 usr/lib/mypaint/lib/__pycache__/i18n.cpython-39.pyc
-rw-r--r-- root/root      2707 2021-01-16 10:32 usr/lib/mypaint/lib/__pycache__/idletask.cpython-39.pyc
-rw-r--r-- root/root     20178 2021-01-16 10:32 usr/lib/mypaint/lib/__pycache__/layervis.cpython-39.pyc
-rw-r--r-- root/root      4319 2021-01-16 10:32 usr/lib/mypaint/lib/__pycache__/localecodes.cpython-39.pyc
-rw-r--r-- root/root     10925 2021-01-16 10:32 usr/lib/mypaint/lib/__pycache__/meta.cpython-39.pyc
-rw-r--r-- root/root      4811 2021-01-16 10:32 usr/lib/mypaint/lib/__pycache__/modes.cpython-39.pyc
-rw-r--r-- root/root      3675 2021-01-16 10:32 usr/lib/mypaint/lib/__pycache__/morphology.cpython-39.pyc
-rw-r--r-- root/root     48579 2021-01-16 10:32 usr/lib/mypaint/lib/__pycache__/mypaintlib.cpython-39.pyc
-rw-r--r-- root/root      2136 2021-01-16 10:32 usr/lib/mypaint/lib/__pycache__/naming.cpython-39.pyc
-rw-r--r-- root/root     23040 2021-01-16 10:32 usr/lib/mypaint/lib/__pycache__/observable.cpython-39.pyc
-rw-r--r-- root/root     24159 2021-01-16 10:32 usr/lib/mypaint/lib/__pycache__/palette.cpython-39.pyc
-rw-r--r-- root/root      5205 2021-01-16 10:32 usr/lib/mypaint/lib/__pycache__/pixbuf.cpython-39.pyc
-rw-r--r-- root/root      6193 2021-01-16 10:32 usr/lib/mypaint/lib/__pycache__/pixbufsurface.cpython-39.pyc
-rw-r--r-- root/root      1459 2021-01-16 10:32 usr/lib/mypaint/lib/__pycache__/pycompat.cpython-39.pyc
-rw-r--r-- root/root      3229 2021-01-16 10:32 usr/lib/mypaint/lib/__pycache__/stroke.cpython-39.pyc
-rw-r--r-- root/root     22082 2021-01-16 10:32 usr/lib/mypaint/lib/__pycache__/strokemap.cpython-39.pyc
-rw-r--r-- root/root      9969 2021-01-16 10:32 usr/lib/mypaint/lib/__pycache__/surface.cpython-39.pyc
-rw-r--r-- root/root     39069 2021-01-16 10:32 usr/lib/mypaint/lib/__pycache__/tiledsurface.cpython-39.pyc
-rw-r--r-- root/root      1213 2021-01-16 10:32 usr/lib/mypaint/lib/__pycache__/validation.cpython-39.pyc
-rw-r--r-- root/root      2479 2021-01-16 10:32 usr/lib/mypaint/lib/__pycache__/xml.cpython-39.pyc
-rwxr-xr-x root/root   6392704 2021-01-16 10:31 usr/lib/mypaint/lib/_mypaintlib.cpython-39-x86_64-linux-gnu.so
-rw-r--r-- root/root      8781 2020-05-29 18:40 usr/lib/mypaint/lib/alg.py
-rw-r--r-- root/root      4295 2020-05-29 18:40 usr/lib/mypaint/lib/autosave.py
-rw-r--r-- root/root     24067 2020-05-29 18:40 usr/lib/mypaint/lib/brush.py
-rw-r--r-- root/root      1143 2020-05-29 18:40 usr/lib/mypaint/lib/brushes_migrate_json.py
-rw-r--r-- root/root      5107 2020-05-29 18:40 usr/lib/mypaint/lib/brushsettings.py
-rw-r--r-- root/root      2478 2020-05-29 18:40 usr/lib/mypaint/lib/cache.py
-rw-r--r-- root/root     30049 2020-05-29 18:40 usr/lib/mypaint/lib/color.py
-rw-r--r-- root/root     56431 2020-05-29 18:40 usr/lib/mypaint/lib/command.py
-rw-r--r-- root/root      1707 2021-01-16 10:32 usr/lib/mypaint/lib/config.py
-rw-r--r-- root/root     80196 2020-05-29 18:40 usr/lib/mypaint/lib/document.py
-rw-r--r-- root/root      1373 2020-05-29 18:40 usr/lib/mypaint/lib/eotf.py
-rw-r--r-- root/root      2192 2020-05-29 18:40 usr/lib/mypaint/lib/errors.py
-rw-r--r-- root/root      8506 2020-05-29 18:40 usr/lib/mypaint/lib/feedback.py
-rw-r--r-- root/root     10266 2020-05-29 18:40 usr/lib/mypaint/lib/fileutils.py
-rw-r--r-- root/root      5182 2020-05-29 18:40 usr/lib/mypaint/lib/fill_common.py
-rw-r--r-- root/root     32353 2020-05-29 18:40 usr/lib/mypaint/lib/floodfill.py
-rw-r--r-- root/root      3067 2020-05-29 18:40 usr/lib/mypaint/lib/gettext.py
-rw-r--r-- root/root      8077 2020-05-29 18:40 usr/lib/mypaint/lib/gettext_setup.py
-rw-r--r-- root/root      1868 2020-05-29 18:40 usr/lib/mypaint/lib/gibindings.py
-rw-r--r-- root/root      9030 2020-05-29 18:40 usr/lib/mypaint/lib/glib.py
-rw-r--r-- root/root     19621 2020-05-29 18:40 usr/lib/mypaint/lib/helpers.py
-rw-r--r-- root/root      6861 2020-05-29 18:40 usr/lib/mypaint/lib/i18n.py
-rw-r--r-- root/root      2719 2020-05-29 18:40 usr/lib/mypaint/lib/idletask.py
drwxr-xr-x root/root         0 2021-01-16 10:32 usr/lib/mypaint/lib/layer/
-rw-r--r-- root/root      1308 2020-05-29 18:40 usr/lib/mypaint/lib/layer/__init__.py
drwxr-xr-x root/root         0 2021-01-16 10:32 usr/lib/mypaint/lib/layer/__pycache__/
-rw-r--r-- root/root      1047 2021-01-16 10:32 usr/lib/mypaint/lib/layer/__pycache__/__init__.cpython-39.pyc
-rw-r--r-- root/root     34593 2021-01-16 10:32 usr/lib/mypaint/lib/layer/__pycache__/core.cpython-39.pyc
-rw-r--r-- root/root     54064 2021-01-16 10:32 usr/lib/mypaint/lib/layer/__pycache__/data.cpython-39.pyc
-rw-r--r-- root/root       475 2021-01-16 10:32 usr/lib/mypaint/lib/layer/__pycache__/error.cpython-39.pyc
-rw-r--r-- root/root     18353 2021-01-16 10:32 usr/lib/mypaint/lib/layer/__pycache__/group.cpython-39.pyc
-rw-r--r-- root/root      3173 2021-01-16 10:32 usr/lib/mypaint/lib/layer/__pycache__/rendering.cpython-39.pyc
-rw-r--r-- root/root      1004 2021-01-16 10:32 usr/lib/mypaint/lib/layer/__pycache__/test.cpython-39.pyc
-rw-r--r-- root/root     79213 2021-01-16 10:32 usr/lib/mypaint/lib/layer/__pycache__/tree.cpython-39.pyc
-rw-r--r-- root/root     35005 2020-05-29 18:40 usr/lib/mypaint/lib/layer/core.py
-rw-r--r-- root/root     65532 2020-05-29 18:40 usr/lib/mypaint/lib/layer/data.py
-rw-r--r-- root/root       605 2020-05-29 18:40 usr/lib/mypaint/lib/layer/error.py
-rw-r--r-- root/root     23217 2020-05-29 18:40 usr/lib/mypaint/lib/layer/group.py
-rw-r--r-- root/root      4875 2020-05-29 18:40 usr/lib/mypaint/lib/layer/rendering.py
-rw-r--r-- root/root      1481 2020-05-29 18:40 usr/lib/mypaint/lib/layer/test.py
-rw-r--r-- root/root    103750 2020-05-29 18:40 usr/lib/mypaint/lib/layer/tree.py
-rw-r--r-- root/root     21469 2020-05-29 18:40 usr/lib/mypaint/lib/layervis.py
-rw-r--r-- root/root      5372 2020-05-29 18:40 usr/lib/mypaint/lib/localecodes.py
-rw-r--r-- root/root     16073 2020-05-29 18:40 usr/lib/mypaint/lib/meta.py
-rw-r--r-- root/root      6299 2020-05-29 18:40 usr/lib/mypaint/lib/modes.py
-rw-r--r-- root/root      4458 2020-05-29 18:40 usr/lib/mypaint/lib/morphology.py
-rw-r--r-- root/root     33055 2021-01-16 10:31 usr/lib/mypaint/lib/mypaintlib.py
-rw-r--r-- root/root      2976 2020-05-29 18:40 usr/lib/mypaint/lib/naming.py
-rw-r--r-- root/root     23536 2020-05-29 18:40 usr/lib/mypaint/lib/observable.py
-rw-r--r-- root/root     30581 2020-05-29 18:40 usr/lib/mypaint/lib/palette.py
-rw-r--r-- root/root      6220 2020-05-29 18:40 usr/lib/mypaint/lib/pixbuf.py
-rw-r--r-- root/root      7610 2020-05-29 18:40 usr/lib/mypaint/lib/pixbufsurface.py
-rw-r--r-- root/root      2891 2020-05-29 18:40 usr/lib/mypaint/lib/pycompat.py
-rw-r--r-- root/root      4057 2020-05-29 18:40 usr/lib/mypaint/lib/stroke.py
-rw-r--r-- root/root     23181 2020-05-29 18:40 usr/lib/mypaint/lib/strokemap.py
-rw-r--r-- root/root     11344 2020-05-29 18:40 usr/lib/mypaint/lib/surface.py
-rw-r--r-- root/root     48860 2020-05-29 18:40 usr/lib/mypaint/lib/tiledsurface.py
-rw-r--r-- root/root      1419 2020-05-29 18:40 usr/lib/mypaint/lib/validation.py
-rw-r--r-- root/root      2846 2020-05-29 18:40 usr/lib/mypaint/lib/xml.py
drwxr-xr-x root/root         0 2021-01-16 10:32 usr/share/
drwxr-xr-x root/root         0 2021-01-16 10:32 usr/share/applications/
-rw-r--r-- root/root       700 2020-05-29 18:40 usr/share/applications/mypaint.desktop
drwxr-xr-x root/root         0 2021-01-16 10:32 usr/share/icons/
drwxr-xr-x root/root         0 2021-01-16 10:32 usr/share/icons/hicolor/
drwxr-xr-x root/root         0 2021-01-16 10:32 usr/share/icons/hicolor/16x16/
drwxr-xr-x root/root         0 2021-01-16 10:32 usr/share/icons/hicolor/16x16/actions/
-rw-r--r-- root/root       518 2020-05-29 18:40 usr/share/icons/hicolor/16x16/actions/mypaint-tool-color-palette.png
-rw-r--r-- root/root       198 2020-05-29 18:40 usr/share/icons/hicolor/16x16/actions/mypaint-tool-component-sliders.png
-rw-r--r-- root/root       888 2020-05-29 18:40 usr/share/icons/hicolor/16x16/actions/mypaint-tool-crossed-bowl-color-changer.png
-rw-r--r-- root/root       686 2020-05-29 18:40 usr/share/icons/hicolor/16x16/actions/mypaint-tool-hcywheel.png
-rw-r--r-- root/root       394 2020-05-29 18:40 usr/share/icons/hicolor/16x16/actions/mypaint-tool-hsvcube.png
-rw-r--r-- root/root       817 2020-05-29 18:40 usr/share/icons/hicolor/16x16/actions/mypaint-tool-hsvsquare.png
-rw-r--r-- root/root       664 2020-05-29 18:40 usr/share/icons/hicolor/16x16/actions/mypaint-tool-hsvwheel.png
-rw-r--r-- root/root       797 2020-05-29 18:40 usr/share/icons/hicolor/16x16/actions/mypaint-tool-hue-wheel.png
-rw-r--r-- root/root       917 2020-05-29 18:40 usr/share/icons/hicolor/16x16/actions/mypaint-tool-rings-color-changer.png
-rw-r--r-- root/root       806 2020-05-29 18:40 usr/share/icons/hicolor/16x16/actions/mypaint-tool-wash-color-changer.png
drwxr-xr-x root/root         0 2021-01-16 10:32 usr/share/icons/hicolor/22x22/
drwxr-xr-x root/root         0 2021-01-16 10:32 usr/share/icons/hicolor/22x22/actions/
-rw-r--r-- root/root       631 2020-05-29 18:40 usr/share/icons/hicolor/22x22/actions/mypaint-tool-color-palette.png
-rw-r--r-- root/root       218 2020-05-29 18:40 usr/share/icons/hicolor/22x22/actions/mypaint-tool-component-sliders.png
-rw-r--r-- root/root      1277 2020-05-29 18:40 usr/share/icons/hicolor/22x22/actions/mypaint-tool-crossed-bowl-color-changer.png
-rw-r--r-- root/root      1152 2020-05-29 18:40 usr/share/icons/hicolor/22x22/actions/mypaint-tool-hcywheel.png
-rw-r--r-- root/root       500 2020-05-29 18:40 usr/share/icons/hicolor/22x22/actions/mypaint-tool-hsvcube.png
-rw-r--r-- root/root      1301 2020-05-29 18:40 usr/share/icons/hicolor/22x22/actions/mypaint-tool-hsvsquare.png
-rw-r--r-- root/root      1112 2020-05-29 18:40 usr/share/icons/hicolor/22x22/actions/mypaint-tool-hsvwheel.png
-rw-r--r-- root/root      1042 2020-05-29 18:40 usr/share/icons/hicolor/22x22/actions/mypaint-tool-hue-wheel.png
-rw-r--r-- root/root      1440 2020-05-29 18:40 usr/share/icons/hicolor/22x22/actions/mypaint-tool-rings-color-changer.png
-rw-r--r-- root/root      1161 2020-05-29 18:40 usr/share/icons/hicolor/22x22/actions/mypaint-tool-wash-color-changer.png
drwxr-xr-x root/root         0 2021-01-16 10:32 usr/share/icons/hicolor/24x24/
drwxr-xr-x root/root         0 2021-01-16 10:32 usr/share/icons/hicolor/24x24/actions/
-rw-r--r-- root/root       183 2020-05-29 18:40 usr/share/icons/hicolor/24x24/actions/mypaint-add-symbolic.svg
-rw-r--r-- root/root       309 2020-05-29 18:40 usr/share/icons/hicolor/24x24/actions/mypaint-brush-blend-modes-symbolic.svg
-rw-r--r-- root/root       606 2020-05-29 18:40 usr/share/icons/hicolor/24x24/actions/mypaint-brush-stroke-symbolic.svg
-rw-r--r-- root/root       524 2020-05-29 18:40 usr/share/icons/hicolor/24x24/actions/mypaint-brush-tip-symbolic.svg
-rw-r--r-- root/root       343 2020-05-29 18:40 usr/share/icons/hicolor/24x24/actions/mypaint-colorize-symbolic.svg
-rw-r--r-- root/root       567 2020-05-29 18:40 usr/share/icons/hicolor/24x24/actions/mypaint-colors-symbolic.svg
-rw-r--r-- root/root       225 2020-05-29 18:40 usr/share/icons/hicolor/24x24/actions/mypaint-compositing-symbolic.svg
-rw-r--r-- root/root       653 2020-05-29 18:40 usr/share/icons/hicolor/24x24/actions/mypaint-document-properties-symbolic.svg
-rw-r--r-- root/root       298 2020-05-29 18:40 usr/share/icons/hicolor/24x24/actions/mypaint-down-symbolic.svg
-rw-r--r-- root/root       298 2020-05-29 18:40 usr/share/icons/hicolor/24x24/actions/mypaint-edit-symbolic.svg
-rw-r--r-- root/root       500 2020-05-29 18:40 usr/share/icons/hicolor/24x24/actions/mypaint-eraser-symbolic.svg
-rw-r--r-- root/root       178 2020-05-29 18:40 usr/share/icons/hicolor/24x24/actions/mypaint-expander-collapsed-symbolic.svg
-rw-r--r-- root/root       180 2020-05-29 18:40 usr/share/icons/hicolor/24x24/actions/mypaint-expander-expanded-symbolic.svg
-rw-r--r-- root/root       714 2020-05-29 18:40 usr/share/icons/hicolor/24x24/actions/mypaint-fill-gc-symbolic.svg
-rw-r--r-- root/root       658 2020-05-29 18:40 usr/share/icons/hicolor/24x24/actions/mypaint-fill-symbolic.svg
-rw-r--r-- root/root       462 2020-05-29 18:40 usr/share/icons/hicolor/24x24/actions/mypaint-frame-symbolic.svg
-rw-r--r-- root/root       513 2020-05-29 18:40 usr/share/icons/hicolor/24x24/actions/mypaint-layer-move-symbolic.svg
-rw-r--r-- root/root       874 2020-05-29 18:40 usr/share/icons/hicolor/24x24/actions/mypaint-layer-vector-symbolic.svg
-rw-r--r-- root/root       318 2020-05-29 18:40 usr/share/icons/hicolor/24x24/actions/mypaint-layers-symbolic.svg
-rw-r--r-- root/root       334 2020-05-29 18:40 usr/share/icons/hicolor/24x24/actions/mypaint-left-symbolic.svg
-rw-r--r-- root/root       351 2020-05-29 18:40 usr/share/icons/hicolor/24x24/actions/mypaint-lock-alpha-symbolic.svg
-rw-r--r-- root/root       481 2020-05-29 18:40 usr/share/icons/hicolor/24x24/actions/mypaint-object-move-symbolic.svg
-rw-r--r-- root/root       366 2020-05-29 18:40 usr/share/icons/hicolor/24x24/actions/mypaint-paint-over-symbolic.svg
-rw-r--r-- root/root      1004 2020-05-29 18:40 usr/share/icons/hicolor/24x24/actions/mypaint-painting-context-symbolic.svg
-rw-r--r-- root/root       445 2020-05-29 18:40 usr/share/icons/hicolor/24x24/actions/mypaint-pick-color-symbolic.svg
-rw-r--r-- root/root       180 2020-05-29 18:40 usr/share/icons/hicolor/24x24/actions/mypaint-remove-symbolic.svg
-rw-r--r-- root/root       328 2020-05-29 18:40 usr/share/icons/hicolor/24x24/actions/mypaint-right-symbolic.svg
-rw-r--r-- root/root       463 2020-05-29 18:40 usr/share/icons/hicolor/24x24/actions/mypaint-scrap-next-symbolic.svg
-rw-r--r-- root/root       458 2020-05-29 18:40 usr/share/icons/hicolor/24x24/actions/mypaint-scrap-prev-symbolic.svg
-rw-r--r-- root/root       552 2020-05-29 18:40 usr/share/icons/hicolor/24x24/actions/mypaint-scrap-save-symbolic.svg
-rw-r--r-- root/root      1282 2020-05-29 18:40 usr/share/icons/hicolor/24x24/actions/mypaint-scratchpad-symbolic.svg
-rw-r--r-- root/root       333 2020-05-29 18:40 usr/share/icons/hicolor/24x24/actions/mypaint-stroke-symbolic.svg
-rw-r--r-- root/root       855 2020-05-29 18:40 usr/share/icons/hicolor/24x24/actions/mypaint-symmetry-symbolic.svg
-rw-r--r-- root/root       423 2020-05-29 18:40 usr/share/icons/hicolor/24x24/actions/mypaint-tab-sidebar-swap-symbolic.svg
-rw-r--r-- root/root      1100 2020-05-29 18:40 usr/share/icons/hicolor/24x24/actions/mypaint-target-brush-symbolic.svg
-rw-r--r-- root/root       929 2020-05-29 18:40 usr/share/icons/hicolor/24x24/actions/mypaint-target-layer-symbolic.svg
-rw-r--r-- root/root       968 2020-05-29 18:40 usr/share/icons/hicolor/24x24/actions/mypaint-target-stroke-symbolic.svg
-rw-r--r-- root/root       597 2020-05-29 18:40 usr/share/icons/hicolor/24x24/actions/mypaint-tool-color-palette.png
-rw-r--r-- root/root       226 2020-05-29 18:40 usr/share/icons/hicolor/24x24/actions/mypaint-tool-component-sliders.png
-rw-r--r-- root/root      1486 2020-05-29 18:40 usr/share/icons/hicolor/24x24/actions/mypaint-tool-crossed-bowl-color-changer.png
-rw-r--r-- root/root      1355 2020-05-29 18:40 usr/share/icons/hicolor/24x24/actions/mypaint-tool-hcywheel.png
-rw-r--r-- root/root       539 2020-05-29 18:40 usr/share/icons/hicolor/24x24/actions/mypaint-tool-hsvcube.png
-rw-r--r-- root/root      1485 2020-05-29 18:40 usr/share/icons/hicolor/24x24/actions/mypaint-tool-hsvsquare.png
-rw-r--r-- root/root      1294 2020-05-29 18:40 usr/share/icons/hicolor/24x24/actions/mypaint-tool-hsvwheel.png
-rw-r--r-- root/root      1099 2020-05-29 18:40 usr/share/icons/hicolor/24x24/actions/mypaint-tool-hue-wheel.png
-rw-r--r-- root/root       594 2020-05-29 18:40 usr/share/icons/hicolor/24x24/actions/mypaint-tool-inking-symbolic.svg
-rw-r--r-- root/root      1597 2020-05-29 18:40 usr/share/icons/hicolor/24x24/actions/mypaint-tool-rings-color-changer.png
-rw-r--r-- root/root      1331 2020-05-29 18:40 usr/share/icons/hicolor/24x24/actions/mypaint-tool-wash-color-changer.png
-rw-r--r-- root/root       332 2020-05-29 18:40 usr/share/icons/hicolor/24x24/actions/mypaint-up-symbolic.svg
-rw-r--r-- root/root       506 2020-05-29 18:40 usr/share/icons/hicolor/24x24/actions/mypaint-view-100-symbolic.svg
-rw-r--r-- root/root       725 2020-05-29 18:40 usr/share/icons/hicolor/24x24/actions/mypaint-view-fit-symbolic.svg
-rw-r--r-- root/root       538 2020-05-29 18:40 usr/share/icons/hicolor/24x24/actions/mypaint-view-mirror-horizontal-symbolic.svg
-rw-r--r-- root/root       541 2020-05-29 18:40 usr/share/icons/hicolor/24x24/actions/mypaint-view-mirror-vertical-symbolic.svg
-rw-r--r-- root/root       657 2020-05-29 18:40 usr/share/icons/hicolor/24x24/actions/mypaint-view-pan-symbolic.svg
-rw-r--r-- root/root       823 2020-05-29 18:40 usr/share/icons/hicolor/24x24/actions/mypaint-view-rotate-anticlockwise-symbolic.svg
-rw-r--r-- root/root       785 2020-05-29 18:40 usr/share/icons/hicolor/24x24/actions/mypaint-view-rotate-clockwise-symbolic.svg
-rw-r--r-- root/root       885 2020-05-29 18:40 usr/share/icons/hicolor/24x24/actions/mypaint-view-rotate-symbolic.svg
-rw-r--r-- root/root       432 2020-05-29 18:40 usr/share/icons/hicolor/24x24/actions/mypaint-view-symbolic.svg
-rw-r--r-- root/root       515 2020-05-29 18:40 usr/share/icons/hicolor/24x24/actions/mypaint-view-zoom-less-symbolic.svg
-rw-r--r-- root/root       518 2020-05-29 18:40 usr/share/icons/hicolor/24x24/actions/mypaint-view-zoom-more-symbolic.svg
-rw-r--r-- root/root       764 2020-05-29 18:40 usr/share/icons/hicolor/24x24/actions/mypaint-view-zoom-symbolic.svg
drwxr-xr-x root/root         0 2021-01-16 10:32 usr/share/icons/hicolor/32x32/
drwxr-xr-x root/root         0 2021-01-16 10:32 usr/share/icons/hicolor/32x32/actions/
-rw-r--r-- root/root       674 2020-05-29 18:40 usr/share/icons/hicolor/32x32/actions/mypaint-tool-color-palette.png
-rw-r--r-- root/root       238 2020-05-29 18:40 usr/share/icons/hicolor/32x32/actions/mypaint-tool-component-sliders.png
-rw-r--r-- root/root      2518 2020-05-29 18:40 usr/share/icons/hicolor/32x32/actions/mypaint-tool-crossed-bowl-color-changer.png
-rw-r--r-- root/root      2173 2020-05-29 18:40 usr/share/icons/hicolor/32x32/actions/mypaint-tool-hcywheel.png
-rw-r--r-- root/root       677 2020-05-29 18:40 usr/share/icons/hicolor/32x32/actions/mypaint-tool-hsvcube.png
-rw-r--r-- root/root      2136 2020-05-29 18:40 usr/share/icons/hicolor/32x32/actions/mypaint-tool-hsvsquare.png
-rw-r--r-- root/root      2121 2020-05-29 18:40 usr/share/icons/hicolor/32x32/actions/mypaint-tool-hsvwheel.png
-rw-r--r-- root/root      1601 2020-05-29 18:40 usr/share/icons/hicolor/32x32/actions/mypaint-tool-hue-wheel.png
-rw-r--r-- root/root      2389 2020-05-29 18:40 usr/share/icons/hicolor/32x32/actions/mypaint-tool-rings-color-changer.png
-rw-r--r-- root/root      2359 2020-05-29 18:40 usr/share/icons/hicolor/32x32/actions/mypaint-tool-wash-color-changer.png
drwxr-xr-x root/root         0 2021-01-16 10:32 usr/share/icons/hicolor/48x48/
drwxr-xr-x root/root         0 2021-01-16 10:32 usr/share/icons/hicolor/48x48/actions/
-rw-r--r-- root/root       728 2020-05-29 18:40 usr/share/icons/hicolor/48x48/actions/mypaint-tool-color-palette.png
-rw-r--r-- root/root       375 2020-05-29 18:40 usr/share/icons/hicolor/48x48/actions/mypaint-tool-component-sliders.png
-rw-r--r-- root/root      3993 2020-05-29 18:40 usr/share/icons/hicolor/48x48/actions/mypaint-tool-crossed-bowl-color-changer.png
-rw-r--r-- root/root      3867 2020-05-29 18:40 usr/share/icons/hicolor/48x48/actions/mypaint-tool-hcywheel.png
-rw-r--r-- root/root      1042 2020-05-29 18:40 usr/share/icons/hicolor/48x48/actions/mypaint-tool-hsvcube.png
-rw-r--r-- root/root      3701 2020-05-29 18:40 usr/share/icons/hicolor/48x48/actions/mypaint-tool-hsvsquare.png
-rw-r--r-- root/root      3820 2020-05-29 18:40 usr/share/icons/hicolor/48x48/actions/mypaint-tool-hsvwheel.png
-rw-r--r-- root/root      2485 2020-05-29 18:40 usr/share/icons/hicolor/48x48/actions/mypaint-tool-hue-wheel.png
-rw-r--r-- root/root      3956 2020-05-29 18:40 usr/share/icons/hicolor/48x48/actions/mypaint-tool-rings-color-changer.png
-rw-r--r-- root/root      3874 2020-05-29 18:40 usr/share/icons/hicolor/48x48/actions/mypaint-tool-wash-color-changer.png
drwxr-xr-x root/root         0 2021-01-16 10:32 usr/share/icons/hicolor/scalable/
drwxr-xr-x root/root         0 2021-01-16 10:32 usr/share/icons/hicolor/scalable/actions/
-rw-r--r-- root/root      1117 2020-05-29 18:40 usr/share/icons/hicolor/scalable/actions/mypaint-about-symbolic.svg
-rw-r--r-- root/root       182 2020-05-29 18:40 usr/share/icons/hicolor/scalable/actions/mypaint-add-symbolic.svg
-rw-r--r-- root/root       212 2020-05-29 18:40 usr/share/icons/hicolor/scalable/actions/mypaint-bookmark-new-symbolic.svg
-rw-r--r-- root/root       268 2020-05-29 18:40 usr/share/icons/hicolor/scalable/actions/mypaint-brush-blend-modes-symbolic.svg
-rw-r--r-- root/root       598 2020-05-29 18:40 usr/share/icons/hicolor/scalable/actions/mypaint-brush-stroke-symbolic.svg
-rw-r--r-- root/root       460 2020-05-29 18:40 usr/share/icons/hicolor/scalable/actions/mypaint-brush-symbolic.svg
-rw-r--r-- root/root       478 2020-05-29 18:40 usr/share/icons/hicolor/scalable/actions/mypaint-brush-tip-symbolic.svg
-rw-r--r-- root/root       742 2020-05-29 18:40 usr/share/icons/hicolor/scalable/actions/mypaint-brushes-symbolic.svg
-rw-r--r-- root/root       510 2020-05-29 18:40 usr/share/icons/hicolor/scalable/actions/mypaint-clear-all-symbolic.svg
-rw-r--r-- root/root       491 2020-05-29 18:40 usr/share/icons/hicolor/scalable/actions/mypaint-close-symbolic.svg
-rw-r--r-- root/root       314 2020-05-29 18:40 usr/share/icons/hicolor/scalable/actions/mypaint-colorize-symbolic.svg
-rw-r--r-- root/root       510 2020-05-29 18:40 usr/share/icons/hicolor/scalable/actions/mypaint-colors-symbolic.svg
-rw-r--r-- root/root       225 2020-05-29 18:40 usr/share/icons/hicolor/scalable/actions/mypaint-compositing-symbolic.svg
-rw-r--r-- root/root       214 2020-05-29 18:40 usr/share/icons/hicolor/scalable/actions/mypaint-copy-symbolic.svg
-rw-r--r-- root/root       751 2020-05-29 18:40 usr/share/icons/hicolor/scalable/actions/mypaint-cut-symbolic.svg
-rw-r--r-- root/root       601 2020-05-29 18:40 usr/share/icons/hicolor/scalable/actions/mypaint-delete-symbolic.svg
-rw-r--r-- root/root       354 2020-05-29 18:40 usr/share/icons/hicolor/scalable/actions/mypaint-document-export-symbolic.svg
-rw-r--r-- root/root       292 2020-05-29 18:40 usr/share/icons/hicolor/scalable/actions/mypaint-document-new-symbolic.svg
-rw-r--r-- root/root       524 2020-05-29 18:40 usr/share/icons/hicolor/scalable/actions/mypaint-document-open-symbolic.svg
-rw-r--r-- root/root       656 2020-05-29 18:40 usr/share/icons/hicolor/scalable/actions/mypaint-document-properties-symbolic.svg
-rw-r--r-- root/root       588 2020-05-29 18:40 usr/share/icons/hicolor/scalable/actions/mypaint-document-revert-symbolic.svg
-rw-r--r-- root/root       863 2020-05-29 18:40 usr/share/icons/hicolor/scalable/actions/mypaint-document-save-as-symbolic.svg
-rw-r--r-- root/root       742 2020-05-29 18:40 usr/share/icons/hicolor/scalable/actions/mypaint-document-save-symbolic.svg
-rw-r--r-- root/root       312 2020-05-29 18:40 usr/share/icons/hicolor/scalable/actions/mypaint-down-symbolic.svg
-rw-r--r-- root/root       241 2020-05-29 18:40 usr/share/icons/hicolor/scalable/actions/mypaint-duplicate-symbolic.svg
-rw-r--r-- root/root       271 2020-05-29 18:40 usr/share/icons/hicolor/scalable/actions/mypaint-edit-symbolic.svg
-rw-r--r-- root/root       527 2020-05-29 18:40 usr/share/icons/hicolor/scalable/actions/mypaint-ellipse-symbolic.svg
-rw-r--r-- root/root       512 2020-05-29 18:40 usr/share/icons/hicolor/scalable/actions/mypaint-eraser-symbolic.svg
-rw-r--r-- root/root       178 2020-05-29 18:40 usr/share/icons/hicolor/scalable/actions/mypaint-expander-collapsed-symbolic.svg
-rw-r--r-- root/root       180 2020-05-29 18:40 usr/share/icons/hicolor/scalable/actions/mypaint-expander-expanded-symbolic.svg
-rw-r--r-- root/root       336 2020-05-29 18:40 usr/share/icons/hicolor/scalable/actions/mypaint-file-symbolic.svg
-rw-r--r-- root/root       730 2020-05-29 18:40 usr/share/icons/hicolor/scalable/actions/mypaint-fill-gc-symbolic.svg
-rw-r--r-- root/root       662 2020-05-29 18:40 usr/share/icons/hicolor/scalable/actions/mypaint-fill-symbolic.svg
-rw-r--r-- root/root       469 2020-05-29 18:40 usr/share/icons/hicolor/scalable/actions/mypaint-frame-symbolic.svg
-rw-r--r-- root/root       537 2020-05-29 18:40 usr/share/icons/hicolor/scalable/actions/mypaint-freehand-symbolic.svg
-rw-r--r-- root/root       391 2020-05-29 18:40 usr/share/icons/hicolor/scalable/actions/mypaint-fullscreen-symbolic.svg
-rw-r--r-- root/root      2319 2020-05-29 18:40 usr/share/icons/hicolor/scalable/actions/mypaint-globe-symbolic.svg
-rw-r--r-- root/root       612 2020-05-29 18:40 usr/share/icons/hicolor/scalable/actions/mypaint-help-symbolic.svg
-rw-r--r-- root/root       452 2020-05-29 18:40 usr/share/icons/hicolor/scalable/actions/mypaint-history-symbolic.svg
-rw-r--r-- root/root       689 2020-05-29 18:40 usr/share/icons/hicolor/scalable/actions/mypaint-hsv-rotate-symbolic.svg
-rw-r--r-- root/root       444 2020-05-29 18:40 usr/share/icons/hicolor/scalable/actions/mypaint-info-symbolic.svg
-rw-r--r-- root/root       244 2020-05-29 18:40 usr/share/icons/hicolor/scalable/actions/mypaint-layer-above-symbolic.svg
-rw-r--r-- root/root       232 2020-05-29 18:40 usr/share/icons/hicolor/scalable/actions/mypaint-layer-below-symbolic.svg
-rw-r--r-- root/root       376 2020-05-29 18:40 usr/share/icons/hicolor/scalable/actions/mypaint-layer-clone-symbolic.svg
-rw-r--r-- root/root       378 2020-05-29 18:40 usr/share/icons/hicolor/scalable/actions/mypaint-layer-delete-symbolic.svg
-rw-r--r-- root/root       528 2020-05-29 18:40 usr/share/icons/hicolor/scalable/actions/mypaint-layer-fallback-symbolic.svg
-rw-r--r-- root/root       416 2020-05-29 18:40 usr/share/icons/hicolor/scalable/actions/mypaint-layer-group-new-symbolic.svg
-rw-r--r-- root/root       412 2020-05-29 18:40 usr/share/icons/hicolor/scalable/actions/mypaint-layer-group-symbolic.svg
-rw-r--r-- root/root       264 2020-05-29 18:40 usr/share/icons/hicolor/scalable/actions/mypaint-layer-lower-symbolic.svg
-rw-r--r-- root/root       442 2020-05-29 18:40 usr/share/icons/hicolor/scalable/actions/mypaint-layer-merge-down-symbolic.svg
-rw-r--r-- root/root       524 2020-05-29 18:40 usr/share/icons/hicolor/scalable/actions/mypaint-layer-move-symbolic.svg
-rw-r--r-- root/root       198 2020-05-29 18:40 usr/share/icons/hicolor/scalable/actions/mypaint-layer-new-below-symbolic.svg
-rw-r--r-- root/root       211 2020-05-29 18:40 usr/share/icons/hicolor/scalable/actions/mypaint-layer-new-symbolic.svg
-rw-r--r-- root/root       598 2020-05-29 18:40 usr/share/icons/hicolor/scalable/actions/mypaint-layer-painting-symbolic.svg
-rw-r--r-- root/root       283 2020-05-29 18:40 usr/share/icons/hicolor/scalable/actions/mypaint-layer-raise-symbolic.svg
-rw-r--r-- root/root       862 2020-05-29 18:40 usr/share/icons/hicolor/scalable/actions/mypaint-layer-vector-symbolic.svg
-rw-r--r-- root/root       318 2020-05-29 18:40 usr/share/icons/hicolor/scalable/actions/mypaint-layers-symbolic.svg
-rw-r--r-- root/root       516 2020-05-29 18:40 usr/share/icons/hicolor/scalable/actions/mypaint-layers-view-add-symbolic.svg
-rw-r--r-- root/root       339 2020-05-29 18:40 usr/share/icons/hicolor/scalable/actions/mypaint-left-symbolic.svg
-rw-r--r-- root/root       317 2020-05-29 18:40 usr/share/icons/hicolor/scalable/actions/mypaint-line-sequence-symbolic.svg
-rw-r--r-- root/root       290 2020-05-29 18:40 usr/share/icons/hicolor/scalable/actions/mypaint-lines-and-curves-symbolic.svg
-rw-r--r-- root/root       369 2020-05-29 18:40 usr/share/icons/hicolor/scalable/actions/mypaint-lock-alpha-symbolic.svg
-rw-r--r-- root/root       919 2020-05-29 18:40 usr/share/icons/hicolor/scalable/actions/mypaint-object-hidden-symbolic.svg
-rw-r--r-- root/root       249 2020-05-29 18:40 usr/share/icons/hicolor/scalable/actions/mypaint-object-locked-symbolic.svg
-rw-r--r-- root/root       456 2020-05-29 18:40 usr/share/icons/hicolor/scalable/actions/mypaint-object-move-symbolic.svg
-rw-r--r-- root/root       272 2020-05-29 18:40 usr/share/icons/hicolor/scalable/actions/mypaint-object-unlocked-symbolic.svg
-rw-r--r-- root/root      1312 2020-05-29 18:40 usr/share/icons/hicolor/scalable/actions/mypaint-object-visible-symbolic.svg
-rw-r--r-- root/root       209 2020-05-29 18:40 usr/share/icons/hicolor/scalable/actions/mypaint-ok-symbolic.svg
-rw-r--r-- root/root       963 2020-05-29 18:40 usr/share/icons/hicolor/scalable/actions/mypaint-options-symbolic.svg
-rw-r--r-- root/root       335 2020-05-29 18:40 usr/share/icons/hicolor/scalable/actions/mypaint-paint-over-symbolic.svg
-rw-r--r-- root/root       825 2020-05-29 18:40 usr/share/icons/hicolor/scalable/actions/mypaint-painting-context-symbolic.svg
-rw-r--r-- root/root       576 2020-05-29 18:40 usr/share/icons/hicolor/scalable/actions/mypaint-paste-symbolic.svg
-rw-r--r-- root/root      1234 2020-05-29 18:40 usr/share/icons/hicolor/scalable/actions/mypaint-pick-color-c-symbolic.svg
-rw-r--r-- root/root       549 2020-05-29 18:40 usr/share/icons/hicolor/scalable/actions/mypaint-pick-color-h-symbolic.svg
-rw-r--r-- root/root       443 2020-05-29 18:40 usr/share/icons/hicolor/scalable/actions/mypaint-pick-color-symbolic.svg
-rw-r--r-- root/root      1237 2020-05-29 18:40 usr/share/icons/hicolor/scalable/actions/mypaint-pick-color-y-symbolic.svg
-rw-r--r-- root/root       455 2020-05-29 18:40 usr/share/icons/hicolor/scalable/actions/mypaint-quit-symbolic.svg
-rw-r--r-- root/root       436 2020-05-29 18:40 usr/share/icons/hicolor/scalable/actions/mypaint-redo-ltr-symbolic.svg
-rw-r--r-- root/root       673 2020-05-29 18:40 usr/share/icons/hicolor/scalable/actions/mypaint-redo-rtl-symbolic.svg
-rw-r--r-- root/root       179 2020-05-29 18:40 usr/share/icons/hicolor/scalable/actions/mypaint-remove-symbolic.svg
-rw-r--r-- root/root       340 2020-05-29 18:40 usr/share/icons/hicolor/scalable/actions/mypaint-right-symbolic.svg
-rw-r--r-- root/root      2056 2020-05-29 18:40 usr/share/icons/hicolor/scalable/actions/mypaint-run-symbolic.svg
-rw-r--r-- root/root       444 2020-05-29 18:40 usr/share/icons/hicolor/scalable/actions/mypaint-scrap-next-symbolic.svg
-rw-r--r-- root/root       440 2020-05-29 18:40 usr/share/icons/hicolor/scalable/actions/mypaint-scrap-prev-symbolic.svg
-rw-r--r-- root/root       569 2020-05-29 18:40 usr/share/icons/hicolor/scalable/actions/mypaint-scrap-save-symbolic.svg
-rw-r--r-- root/root       797 2020-05-29 18:40 usr/share/icons/hicolor/scalable/actions/mypaint-scratchpad-symbolic.svg
-rw-r--r-- root/root       281 2020-05-29 18:40 usr/share/icons/hicolor/scalable/actions/mypaint-stroke-symbolic.svg
-rw-r--r-- root/root       728 2020-05-29 18:40 usr/share/icons/hicolor/scalable/actions/mypaint-symmetry-symbolic.svg
-rw-r--r-- root/root       397 2020-05-29 18:40 usr/share/icons/hicolor/scalable/actions/mypaint-tab-options-symbolic.svg
-rw-r--r-- root/root       360 2020-05-29 18:40 usr/share/icons/hicolor/scalable/actions/mypaint-tab-sidebar-swap-symbolic.svg
-rw-r--r-- root/root      1173 2020-05-29 18:40 usr/share/icons/hicolor/scalable/actions/mypaint-target-brush-symbolic.svg
-rw-r--r-- root/root      1009 2020-05-29 18:40 usr/share/icons/hicolor/scalable/actions/mypaint-target-layer-symbolic.svg
-rw-r--r-- root/root       814 2020-05-29 18:40 usr/share/icons/hicolor/scalable/actions/mypaint-target-stroke-symbolic.svg
-rw-r--r-- root/root       288 2020-05-29 18:40 usr/share/icons/hicolor/scalable/actions/mypaint-target-symbolic.svg
-rw-r--r-- root/root       909 2020-05-29 18:40 usr/share/icons/hicolor/scalable/actions/mypaint-tool-color-palette.svg
-rw-r--r-- root/root      2252 2020-05-29 18:40 usr/share/icons/hicolor/scalable/actions/mypaint-tool-component-sliders.svg
-rw-r--r-- root/root     38565 2020-05-29 18:40 usr/share/icons/hicolor/scalable/actions/mypaint-tool-hcywheel.svg
-rw-r--r-- root/root     10730 2020-05-29 18:40 usr/share/icons/hicolor/scalable/actions/mypaint-tool-hsvcube.svg
-rw-r--r-- root/root     38253 2020-05-29 18:40 usr/share/icons/hicolor/scalable/actions/mypaint-tool-hsvwheel.svg
-rw-r--r-- root/root      3832 2020-05-29 18:40 usr/share/icons/hicolor/scalable/actions/mypaint-tool-hue-wheel.svg
-rw-r--r-- root/root       613 2020-05-29 18:40 usr/share/icons/hicolor/scalable/actions/mypaint-tool-inking-symbolic.svg
-rw-r--r-- root/root       265 2020-05-29 18:40 usr/share/icons/hicolor/scalable/actions/mypaint-trash-symbolic.svg
-rw-r--r-- root/root       428 2020-05-29 18:40 usr/share/icons/hicolor/scalable/actions/mypaint-undo-ltr-symbolic.svg
-rw-r--r-- root/root       667 2020-05-29 18:40 usr/share/icons/hicolor/scalable/actions/mypaint-undo-rtl-symbolic.svg
-rw-r--r-- root/root       351 2020-05-29 18:40 usr/share/icons/hicolor/scalable/actions/mypaint-unfullscreen-symbolic.svg
-rw-r--r-- root/root       346 2020-05-29 18:40 usr/share/icons/hicolor/scalable/actions/mypaint-up-symbolic.svg
-rw-r--r-- root/root       668 2020-05-29 18:40 usr/share/icons/hicolor/scalable/actions/mypaint-view-100-symbolic.svg
-rw-r--r-- root/root       881 2020-05-29 18:40 usr/share/icons/hicolor/scalable/actions/mypaint-view-fit-symbolic.svg
-rw-r--r-- root/root       705 2020-05-29 18:40 usr/share/icons/hicolor/scalable/actions/mypaint-view-mirror-horizontal-symbolic.svg
-rw-r--r-- root/root       708 2020-05-29 18:40 usr/share/icons/hicolor/scalable/actions/mypaint-view-mirror-vertical-symbolic.svg
-rw-r--r-- root/root       690 2020-05-29 18:40 usr/share/icons/hicolor/scalable/actions/mypaint-view-pan-symbolic.svg
-rw-r--r-- root/root       950 2020-05-29 18:40 usr/share/icons/hicolor/scalable/actions/mypaint-view-rotate-anticlockwise-symbolic.svg
-rw-r--r-- root/root       837 2020-05-29 18:40 usr/share/icons/hicolor/scalable/actions/mypaint-view-rotate-clockwise-symbolic.svg
-rw-r--r-- root/root      1135 2020-05-29 18:40 usr/share/icons/hicolor/scalable/actions/mypaint-view-rotate-symbolic.svg
-rw-r--r-- root/root       430 2020-05-29 18:40 usr/share/icons/hicolor/scalable/actions/mypaint-view-symbolic.svg
-rw-r--r-- root/root       645 2020-05-29 18:40 usr/share/icons/hicolor/scalable/actions/mypaint-view-zoom-less-symbolic.svg
-rw-r--r-- root/root       648 2020-05-29 18:40 usr/share/icons/hicolor/scalable/actions/mypaint-view-zoom-more-symbolic.svg
-rw-r--r-- root/root       821 2020-05-29 18:40 usr/share/icons/hicolor/scalable/actions/mypaint-view-zoom-symbolic.svg
drwxr-xr-x root/root         0 2021-01-16 10:32 usr/share/icons/hicolor/scalable/apps/
-rw-r--r-- root/root      7743 2020-05-29 18:40 usr/share/icons/hicolor/scalable/apps/org.mypaint.MyPaint.svg
drwxr-xr-x root/root         0 2021-01-16 10:32 usr/share/icons/hicolor/symbolic/
drwxr-xr-x root/root         0 2021-01-16 10:32 usr/share/icons/hicolor/symbolic/apps/
-rw-r--r-- root/root      2911 2020-05-29 18:40 usr/share/icons/hicolor/symbolic/apps/org.mypaint.MyPaint-symbolic.svg
drwxr-xr-x root/root         0 2021-01-16 10:32 usr/share/locale/
drwxr-xr-x root/root         0 2021-01-16 10:32 usr/share/locale/af/
drwxr-xr-x root/root         0 2021-01-16 10:32 usr/share/locale/af/LC_MESSAGES/
-rw-r--r-- root/root      1162 2021-01-16 10:32 usr/share/locale/af/LC_MESSAGES/mypaint.mo
drwxr-xr-x root/root         0 2021-01-16 10:32 usr/share/locale/ar/
drwxr-xr-x root/root         0 2021-01-16 10:32 usr/share/locale/ar/LC_MESSAGES/
-rw-r--r-- root/root      6813 2021-01-16 10:31 usr/share/locale/ar/LC_MESSAGES/mypaint.mo
drwxr-xr-x root/root         0 2021-01-16 10:32 usr/share/locale/as/
drwxr-xr-x root/root         0 2021-01-16 10:32 usr/share/locale/as/LC_MESSAGES/
-rw-r--r-- root/root      1189 2021-01-16 10:31 usr/share/locale/as/LC_MESSAGES/mypaint.mo
drwxr-xr-x root/root         0 2021-01-16 10:32 usr/share/locale/ast/
drwxr-xr-x root/root         0 2021-01-16 10:32 usr/share/locale/ast/LC_MESSAGES/
-rw-r--r-- root/root      1157 2021-01-16 10:32 usr/share/locale/ast/LC_MESSAGES/mypaint.mo
drwxr-xr-x root/root         0 2021-01-16 10:32 usr/share/locale/az/
drwxr-xr-x root/root         0 2021-01-16 10:32 usr/share/locale/az/LC_MESSAGES/
-rw-r--r-- root/root      1092 2021-01-16 10:31 usr/share/locale/az/LC_MESSAGES/mypaint.mo
drwxr-xr-x root/root         0 2021-01-16 10:32 usr/share/locale/be/
drwxr-xr-x root/root         0 2021-01-16 10:32 usr/share/locale/be/LC_MESSAGES/
-rw-r--r-- root/root      1444 2021-01-16 10:31 usr/share/locale/be/LC_MESSAGES/mypaint.mo
drwxr-xr-x root/root         0 2021-01-16 10:32 usr/share/locale/bg/
drwxr-xr-x root/root         0 2021-01-16 10:32 usr/share/locale/bg/LC_MESSAGES/
-rw-r--r-- root/root      1770 2021-01-16 10:31 usr/share/locale/bg/LC_MESSAGES/mypaint.mo
drwxr-xr-x root/root         0 2021-01-16 10:32 usr/share/locale/bn/
drwxr-xr-x root/root         0 2021-01-16 10:32 usr/share/locale/bn/LC_MESSAGES/
-rw-r--r-- root/root      1492 2021-01-16 10:31 usr/share/locale/bn/LC_MESSAGES/mypaint.mo
drwxr-xr-x root/root         0 2021-01-16 10:32 usr/share/locale/br/
drwxr-xr-x root/root         0 2021-01-16 10:32 usr/share/locale/br/LC_MESSAGES/
-rw-r--r-- root/root      1519 2021-01-16 10:31 usr/share/locale/br/LC_MESSAGES/mypaint.mo
drwxr-xr-x root/root         0 2021-01-16 10:32 usr/share/locale/brx/
drwxr-xr-x root/root         0 2021-01-16 10:32 usr/share/locale/brx/LC_MESSAGES/
-rw-r--r-- root/root     11028 2021-01-16 10:32 usr/share/locale/brx/LC_MESSAGES/mypaint.mo
drwxr-xr-x root/root         0 2021-01-16 10:32 usr/share/locale/bs/
drwxr-xr-x root/root         0 2021-01-16 10:32 usr/share/locale/bs/LC_MESSAGES/
-rw-r--r-- root/root      1259 2021-01-16 10:31 usr/share/locale/bs/LC_MESSAGES/mypaint.mo
drwxr-xr-x root/root         0 2021-01-16 10:32 usr/share/locale/ca/
drwxr-xr-x root/root         0 2021-01-16 10:32 usr/share/locale/ca/LC_MESSAGES/
-rw-r--r-- root/root    153717 2021-01-16 10:32 usr/share/locale/ca/LC_MESSAGES/mypaint.mo
drwxr-xr-x root/root         0 2021-01-16 10:32 usr/share/locale/ca@valencia/
drwxr-xr-x root/root         0 2021-01-16 10:32 usr/share/locale/ca@valencia/LC_MESSAGES/
-rw-r--r-- root/root    154585 2021-01-16 10:31 usr/share/locale/ca@valencia/LC_MESSAGES/mypaint.mo
drwxr-xr-x root/root         0 2021-01-16 10:32 usr/share/locale/ckb/
drwxr-xr-x root/root         0 2021-01-16 10:32 usr/share/locale/ckb/LC_MESSAGES/
-rw-r--r-- root/root     15954 2021-01-16 10:31 usr/share/locale/ckb/LC_MESSAGES/mypaint.mo
drwxr-xr-x root/root         0 2021-01-16 10:32 usr/share/locale/cs/
drwxr-xr-x root/root         0 2021-01-16 10:32 usr/share/locale/cs/LC_MESSAGES/
-rw-r--r-- root/root    153143 2021-01-16 10:31 usr/share/locale/cs/LC_MESSAGES/mypaint.mo
drwxr-xr-x root/root         0 2021-01-16 10:32 usr/share/locale/csb/
drwxr-xr-x root/root         0 2021-01-16 10:32 usr/share/locale/csb/LC_MESSAGES/
-rw-r--r-- root/root      1111 2021-01-16 10:31 usr/share/locale/csb/LC_MESSAGES/mypaint.mo
drwxr-xr-x root/root         0 2021-01-16 10:32 usr/share/locale/da/
drwxr-xr-x root/root         0 2021-01-16 10:32 usr/share/locale/da/LC_MESSAGES/
-rw-r--r-- root/root    109390 2021-01-16 10:31 usr/share/locale/da/LC_MESSAGES/mypaint.mo
drwxr-xr-x root/root         0 2021-01-16 10:32 usr/share/locale/de/
drwxr-xr-x root/root         0 2021-01-16 10:32 usr/share/locale/de/LC_MESSAGES/
-rw-r--r-- root/root    139353 2021-01-16 10:31 usr/share/locale/de/LC_MESSAGES/mypaint.mo
drwxr-xr-x root/root         0 2021-01-16 10:32 usr/share/locale/dz/
drwxr-xr-x root/root         0 2021-01-16 10:32 usr/share/locale/dz/LC_MESSAGES/
-rw-r--r-- root/root      1194 2021-01-16 10:31 usr/share/locale/dz/LC_MESSAGES/mypaint.mo
drwxr-xr-x root/root         0 2021-01-16 10:32 usr/share/locale/el/
drwxr-xr-x root/root         0 2021-01-16 10:32 usr/share/locale/el/LC_MESSAGES/
-rw-r--r-- root/root     17314 2021-01-16 10:31 usr/share/locale/el/LC_MESSAGES/mypaint.mo
drwxr-xr-x root/root         0 2021-01-16 10:32 usr/share/locale/en_CA/
drwxr-xr-x root/root         0 2021-01-16 10:32 usr/share/locale/en_CA/LC_MESSAGES/
-rw-r--r-- root/root    146020 2021-01-16 10:31 usr/share/locale/en_CA/LC_MESSAGES/mypaint.mo
drwxr-xr-x root/root         0 2021-01-16 10:32 usr/share/locale/en_GB/
drwxr-xr-x root/root         0 2021-01-16 10:32 usr/share/locale/en_GB/LC_MESSAGES/
-rw-r--r-- root/root    146073 2021-01-16 10:31 usr/share/locale/en_GB/LC_MESSAGES/mypaint.mo
drwxr-xr-x root/root         0 2021-01-16 10:32 usr/share/locale/eo/
drwxr-xr-x root/root         0 2021-01-16 10:32 usr/share/locale/eo/LC_MESSAGES/
-rw-r--r-- root/root     14178 2021-01-16 10:31 usr/share/locale/eo/LC_MESSAGES/mypaint.mo
drwxr-xr-x root/root         0 2021-01-16 10:32 usr/share/locale/es/
drwxr-xr-x root/root         0 2021-01-16 10:32 usr/share/locale/es/LC_MESSAGES/
-rw-r--r-- root/root    113558 2021-01-16 10:32 usr/share/locale/es/LC_MESSAGES/mypaint.mo
drwxr-xr-x root/root         0 2021-01-16 10:32 usr/share/locale/et/
drwxr-xr-x root/root         0 2021-01-16 10:32 usr/share/locale/et/LC_MESSAGES/
-rw-r--r-- root/root      1499 2021-01-16 10:31 usr/share/locale/et/LC_MESSAGES/mypaint.mo
drwxr-xr-x root/root         0 2021-01-16 10:32 usr/share/locale/eu/
drwxr-xr-x root/root         0 2021-01-16 10:32 usr/share/locale/eu/LC_MESSAGES/
-rw-r--r-- root/root      4950 2021-01-16 10:32 usr/share/locale/eu/LC_MESSAGES/mypaint.mo
drwxr-xr-x root/root         0 2021-01-16 10:32 usr/share/locale/fa/
drwxr-xr-x root/root         0 2021-01-16 10:32 usr/share/locale/fa/LC_MESSAGES/
-rw-r--r-- root/root     67984 2021-01-16 10:31 usr/share/locale/fa/LC_MESSAGES/mypaint.mo
drwxr-xr-x root/root         0 2021-01-16 10:32 usr/share/locale/fi/
drwxr-xr-x root/root         0 2021-01-16 10:32 usr/share/locale/fi/LC_MESSAGES/
-rw-r--r-- root/root     25029 2021-01-16 10:31 usr/share/locale/fi/LC_MESSAGES/mypaint.mo
drwxr-xr-x root/root         0 2021-01-16 10:32 usr/share/locale/fr/
drwxr-xr-x root/root         0 2021-01-16 10:32 usr/share/locale/fr/LC_MESSAGES/
-rw-r--r-- root/root    100713 2021-01-16 10:31 usr/share/locale/fr/LC_MESSAGES/mypaint.mo
drwxr-xr-x root/root         0 2021-01-16 10:32 usr/share/locale/fy/
drwxr-xr-x root/root         0 2021-01-16 10:32 usr/share/locale/fy/LC_MESSAGES/
-rw-r--r-- root/root      1045 2021-01-16 10:31 usr/share/locale/fy/LC_MESSAGES/mypaint.mo
drwxr-xr-x root/root         0 2021-01-16 10:32 usr/share/locale/ga/
drwxr-xr-x root/root         0 2021-01-16 10:32 usr/share/locale/ga/LC_MESSAGES/
-rw-r--r-- root/root      1365 2021-01-16 10:32 usr/share/locale/ga/LC_MESSAGES/mypaint.mo
drwxr-xr-x root/root         0 2021-01-16 10:32 usr/share/locale/gl/
drwxr-xr-x root/root         0 2021-01-16 10:32 usr/share/locale/gl/LC_MESSAGES/
-rw-r--r-- root/root      4840 2021-01-16 10:32 usr/share/locale/gl/LC_MESSAGES/mypaint.mo
drwxr-xr-x root/root         0 2021-01-16 10:32 usr/share/locale/gu/
drwxr-xr-x root/root         0 2021-01-16 10:32 usr/share/locale/gu/LC_MESSAGES/
-rw-r--r-- root/root      1419 2021-01-16 10:31 usr/share/locale/gu/LC_MESSAGES/mypaint.mo
drwxr-xr-x root/root         0 2021-01-16 10:32 usr/share/locale/he/
drwxr-xr-x root/root         0 2021-01-16 10:32 usr/share/locale/he/LC_MESSAGES/
-rw-r--r-- root/root     23718 2021-01-16 10:31 usr/share/locale/he/LC_MESSAGES/mypaint.mo
drwxr-xr-x root/root         0 2021-01-16 10:32 usr/share/locale/hi/
drwxr-xr-x root/root         0 2021-01-16 10:32 usr/share/locale/hi/LC_MESSAGES/
-rw-r--r-- root/root      1468 2021-01-16 10:31 usr/share/locale/hi/LC_MESSAGES/mypaint.mo
drwxr-xr-x root/root         0 2021-01-16 10:32 usr/share/locale/hr/
drwxr-xr-x root/root         0 2021-01-16 10:32 usr/share/locale/hr/LC_MESSAGES/
-rw-r--r-- root/root    101388 2021-01-16 10:31 usr/share/locale/hr/LC_MESSAGES/mypaint.mo
drwxr-xr-x root/root         0 2021-01-16 10:32 usr/share/locale/hu/
drwxr-xr-x root/root         0 2021-01-16 10:32 usr/share/locale/hu/LC_MESSAGES/
-rw-r--r-- root/root     64731 2021-01-16 10:32 usr/share/locale/hu/LC_MESSAGES/mypaint.mo
drwxr-xr-x root/root         0 2021-01-16 10:32 usr/share/locale/hy/
drwxr-xr-x root/root         0 2021-01-16 10:32 usr/share/locale/hy/LC_MESSAGES/
-rw-r--r-- root/root       754 2021-01-16 10:32 usr/share/locale/hy/LC_MESSAGES/mypaint.mo
drwxr-xr-x root/root         0 2021-01-16 10:32 usr/share/locale/id/
drwxr-xr-x root/root         0 2021-01-16 10:32 usr/share/locale/id/LC_MESSAGES/
-rw-r--r-- root/root     40336 2021-01-16 10:31 usr/share/locale/id/LC_MESSAGES/mypaint.mo
drwxr-xr-x root/root         0 2021-01-16 10:32 usr/share/locale/is/
drwxr-xr-x root/root         0 2021-01-16 10:32 usr/share/locale/is/LC_MESSAGES/
-rw-r--r-- root/root    120284 2021-01-16 10:32 usr/share/locale/is/LC_MESSAGES/mypaint.mo
drwxr-xr-x root/root         0 2021-01-16 10:32 usr/share/locale/it/
drwxr-xr-x root/root         0 2021-01-16 10:32 usr/share/locale/it/LC_MESSAGES/
-rw-r--r-- root/root    123909 2021-01-16 10:32 usr/share/locale/it/LC_MESSAGES/mypaint.mo
drwxr-xr-x root/root         0 2021-01-16 10:32 usr/share/locale/ja/
drwxr-xr-x root/root         0 2021-01-16 10:32 usr/share/locale/ja/LC_MESSAGES/
-rw-r--r-- root/root    123189 2021-01-16 10:31 usr/share/locale/ja/LC_MESSAGES/mypaint.mo
drwxr-xr-x root/root         0 2021-01-16 10:32 usr/share/locale/ka/
drwxr-xr-x root/root         0 2021-01-16 10:32 usr/share/locale/ka/LC_MESSAGES/
-rw-r--r-- root/root      1122 2021-01-16 10:31 usr/share/locale/ka/LC_MESSAGES/mypaint.mo
drwxr-xr-x root/root         0 2021-01-16 10:32 usr/share/locale/kab/
drwxr-xr-x root/root         0 2021-01-16 10:32 usr/share/locale/kab/LC_MESSAGES/
-rw-r--r-- root/root      5260 2021-01-16 10:31 usr/share/locale/kab/LC_MESSAGES/mypaint.mo
drwxr-xr-x root/root         0 2021-01-16 10:32 usr/share/locale/kk/
drwxr-xr-x root/root         0 2021-01-16 10:32 usr/share/locale/kk/LC_MESSAGES/
-rw-r--r-- root/root      1155 2021-01-16 10:31 usr/share/locale/kk/LC_MESSAGES/mypaint.mo
drwxr-xr-x root/root         0 2021-01-16 10:32 usr/share/locale/kn/
drwxr-xr-x root/root         0 2021-01-16 10:32 usr/share/locale/kn/LC_MESSAGES/
-rw-r--r-- root/root      1438 2021-01-16 10:32 usr/share/locale/kn/LC_MESSAGES/mypaint.mo
drwxr-xr-x root/root         0 2021-01-16 10:32 usr/share/locale/ko/
drwxr-xr-x root/root         0 2021-01-16 10:32 usr/share/locale/ko/LC_MESSAGES/
-rw-r--r-- root/root    157209 2021-01-16 10:31 usr/share/locale/ko/LC_MESSAGES/mypaint.mo
drwxr-xr-x root/root         0 2021-01-16 10:32 usr/share/locale/lt/
drwxr-xr-x root/root         0 2021-01-16 10:32 usr/share/locale/lt/LC_MESSAGES/
-rw-r--r-- root/root      1547 2021-01-16 10:31 usr/share/locale/lt/LC_MESSAGES/mypaint.mo
drwxr-xr-x root/root         0 2021-01-16 10:32 usr/share/locale/lv/
drwxr-xr-x root/root         0 2021-01-16 10:32 usr/share/locale/lv/LC_MESSAGES/
-rw-r--r-- root/root      1716 2021-01-16 10:31 usr/share/locale/lv/LC_MESSAGES/mypaint.mo
drwxr-xr-x root/root         0 2021-01-16 10:32 usr/share/locale/mai/
drwxr-xr-x root/root         0 2021-01-16 10:32 usr/share/locale/mai/LC_MESSAGES/
-rw-r--r-- root/root      1193 2021-01-16 10:32 usr/share/locale/mai/LC_MESSAGES/mypaint.mo
drwxr-xr-x root/root         0 2021-01-16 10:32 usr/share/locale/ml/
drwxr-xr-x root/root         0 2021-01-16 10:32 usr/share/locale/ml/LC_MESSAGES/
-rw-r--r-- root/root       362 2021-01-16 10:31 usr/share/locale/ml/LC_MESSAGES/mypaint.mo
drwxr-xr-x root/root         0 2021-01-16 10:32 usr/share/locale/mn/
drwxr-xr-x root/root         0 2021-01-16 10:32 usr/share/locale/mn/LC_MESSAGES/
-rw-r--r-- root/root      1269 2021-01-16 10:31 usr/share/locale/mn/LC_MESSAGES/mypaint.mo
drwxr-xr-x root/root         0 2021-01-16 10:32 usr/share/locale/mr/
drwxr-xr-x root/root         0 2021-01-16 10:32 usr/share/locale/mr/LC_MESSAGES/
-rw-r--r-- root/root     15978 2021-01-16 10:32 usr/share/locale/mr/LC_MESSAGES/mypaint.mo
drwxr-xr-x root/root         0 2021-01-16 10:32 usr/share/locale/ms/
drwxr-xr-x root/root         0 2021-01-16 10:32 usr/share/locale/ms/LC_MESSAGES/
-rw-r--r-- root/root     10963 2021-01-16 10:31 usr/share/locale/ms/LC_MESSAGES/mypaint.mo
drwxr-xr-x root/root         0 2021-01-16 10:32 usr/share/locale/nb/
drwxr-xr-x root/root         0 2021-01-16 10:32 usr/share/locale/nb/LC_MESSAGES/
-rw-r--r-- root/root     62108 2021-01-16 10:31 usr/share/locale/nb/LC_MESSAGES/mypaint.mo
drwxr-xr-x root/root         0 2021-01-16 10:32 usr/share/locale/nl/
drwxr-xr-x root/root         0 2021-01-16 10:32 usr/share/locale/nl/LC_MESSAGES/
-rw-r--r-- root/root    109895 2021-01-16 10:31 usr/share/locale/nl/LC_MESSAGES/mypaint.mo
drwxr-xr-x root/root         0 2021-01-16 10:32 usr/share/locale/nn_NO/
drwxr-xr-x root/root         0 2021-01-16 10:32 usr/share/locale/nn_NO/LC_MESSAGES/
-rw-r--r-- root/root     80874 2021-01-16 10:32 usr/share/locale/nn_NO/LC_MESSAGES/mypaint.mo
drwxr-xr-x root/root         0 2021-01-16 10:32 usr/share/locale/oc/
drwxr-xr-x root/root         0 2021-01-16 10:32 usr/share/locale/oc/LC_MESSAGES/
-rw-r--r-- root/root      1114 2021-01-16 10:31 usr/share/locale/oc/LC_MESSAGES/mypaint.mo
drwxr-xr-x root/root         0 2021-01-16 10:32 usr/share/locale/pa/
drwxr-xr-x root/root         0 2021-01-16 10:32 usr/share/locale/pa/LC_MESSAGES/
-rw-r--r-- root/root      1472 2021-01-16 10:31 usr/share/locale/pa/LC_MESSAGES/mypaint.mo
drwxr-xr-x root/root         0 2021-01-16 10:32 usr/share/locale/pl/
drwxr-xr-x root/root         0 2021-01-16 10:32 usr/share/locale/pl/LC_MESSAGES/
-rw-r--r-- root/root    110125 2021-01-16 10:32 usr/share/locale/pl/LC_MESSAGES/mypaint.mo
drwxr-xr-x root/root         0 2021-01-16 10:32 usr/share/locale/pt/
drwxr-xr-x root/root         0 2021-01-16 10:32 usr/share/locale/pt/LC_MESSAGES/
-rw-r--r-- root/root    113155 2021-01-16 10:31 usr/share/locale/pt/LC_MESSAGES/mypaint.mo
drwxr-xr-x root/root         0 2021-01-16 10:32 usr/share/locale/pt_BR/
drwxr-xr-x root/root         0 2021-01-16 10:32 usr/share/locale/pt_BR/LC_MESSAGES/
-rw-r--r-- root/root     79228 2021-01-16 10:31 usr/share/locale/pt_BR/LC_MESSAGES/mypaint.mo
drwxr-xr-x root/root         0 2021-01-16 10:32 usr/share/locale/ro/
drwxr-xr-x root/root         0 2021-01-16 10:32 usr/share/locale/ro/LC_MESSAGES/
-rw-r--r-- root/root     15887 2021-01-16 10:32 usr/share/locale/ro/LC_MESSAGES/mypaint.mo
drwxr-xr-x root/root         0 2021-01-16 10:32 usr/share/locale/ru/
drwxr-xr-x root/root         0 2021-01-16 10:32 usr/share/locale/ru/LC_MESSAGES/
-rw-r--r-- root/root    174956 2021-01-16 10:32 usr/share/locale/ru/LC_MESSAGES/mypaint.mo
drwxr-xr-x root/root         0 2021-01-16 10:32 usr/share/locale/se/
drwxr-xr-x root/root         0 2021-01-16 10:32 usr/share/locale/se/LC_MESSAGES/
-rw-r--r-- root/root      1108 2021-01-16 10:31 usr/share/locale/se/LC_MESSAGES/mypaint.mo
drwxr-xr-x root/root         0 2021-01-16 10:32 usr/share/locale/sk/
drwxr-xr-x root/root         0 2021-01-16 10:32 usr/share/locale/sk/LC_MESSAGES/
-rw-r--r-- root/root    130738 2021-01-16 10:31 usr/share/locale/sk/LC_MESSAGES/mypaint.mo
drwxr-xr-x root/root         0 2021-01-16 10:32 usr/share/locale/sl/
drwxr-xr-x root/root         0 2021-01-16 10:32 usr/share/locale/sl/LC_MESSAGES/
-rw-r--r-- root/root     14074 2021-01-16 10:32 usr/share/locale/sl/LC_MESSAGES/mypaint.mo
drwxr-xr-x root/root         0 2021-01-16 10:32 usr/share/locale/sq/
drwxr-xr-x root/root         0 2021-01-16 10:32 usr/share/locale/sq/LC_MESSAGES/
-rw-r--r-- root/root      1062 2021-01-16 10:31 usr/share/locale/sq/LC_MESSAGES/mypaint.mo
drwxr-xr-x root/root         0 2021-01-16 10:32 usr/share/locale/sr/
drwxr-xr-x root/root         0 2021-01-16 10:32 usr/share/locale/sr/LC_MESSAGES/
-rw-r--r-- root/root      8905 2021-01-16 10:32 usr/share/locale/sr/LC_MESSAGES/mypaint.mo
drwxr-xr-x root/root         0 2021-01-16 10:32 usr/share/locale/sr@latin/
drwxr-xr-x root/root         0 2021-01-16 10:32 usr/share/locale/sr@latin/LC_MESSAGES/
-rw-r--r-- root/root      3542 2021-01-16 10:32 usr/share/locale/sr@latin/LC_MESSAGES/mypaint.mo
drwxr-xr-x root/root         0 2021-01-16 10:32 usr/share/locale/sv/
drwxr-xr-x root/root         0 2021-01-16 10:32 usr/share/locale/sv/LC_MESSAGES/
-rw-r--r-- root/root    149670 2021-01-16 10:31 usr/share/locale/sv/LC_MESSAGES/mypaint.mo
drwxr-xr-x root/root         0 2021-01-16 10:32 usr/share/locale/ta/
drwxr-xr-x root/root         0 2021-01-16 10:32 usr/share/locale/ta/LC_MESSAGES/
-rw-r--r-- root/root      1598 2021-01-16 10:31 usr/share/locale/ta/LC_MESSAGES/mypaint.mo
drwxr-xr-x root/root         0 2021-01-16 10:32 usr/share/locale/te/
drwxr-xr-x root/root         0 2021-01-16 10:32 usr/share/locale/te/LC_MESSAGES/
-rw-r--r-- root/root     15640 2021-01-16 10:32 usr/share/locale/te/LC_MESSAGES/mypaint.mo
drwxr-xr-x root/root         0 2021-01-16 10:32 usr/share/locale/tg/
drwxr-xr-x root/root         0 2021-01-16 10:32 usr/share/locale/tg/LC_MESSAGES/
-rw-r--r-- root/root      1193 2021-01-16 10:32 usr/share/locale/tg/LC_MESSAGES/mypaint.mo
drwxr-xr-x root/root         0 2021-01-16 10:32 usr/share/locale/th/
drwxr-xr-x root/root         0 2021-01-16 10:32 usr/share/locale/th/LC_MESSAGES/
-rw-r--r-- root/root      6235 2021-01-16 10:31 usr/share/locale/th/LC_MESSAGES/mypaint.mo
drwxr-xr-x root/root         0 2021-01-16 10:32 usr/share/locale/tr/
drwxr-xr-x root/root         0 2021-01-16 10:32 usr/share/locale/tr/LC_MESSAGES/
-rw-r--r-- root/root    153245 2021-01-16 10:31 usr/share/locale/tr/LC_MESSAGES/mypaint.mo
drwxr-xr-x root/root         0 2021-01-16 10:32 usr/share/locale/uk/
drwxr-xr-x root/root         0 2021-01-16 10:32 usr/share/locale/uk/LC_MESSAGES/
-rw-r--r-- root/root     31372 2021-01-16 10:31 usr/share/locale/uk/LC_MESSAGES/mypaint.mo
drwxr-xr-x root/root         0 2021-01-16 10:32 usr/share/locale/uz/
drwxr-xr-x root/root         0 2021-01-16 10:32 usr/share/locale/uz/LC_MESSAGES/
-rw-r--r-- root/root      1099 2021-01-16 10:32 usr/share/locale/uz/LC_MESSAGES/mypaint.mo
drwxr-xr-x root/root         0 2021-01-16 10:32 usr/share/locale/vi/
drwxr-xr-x root/root         0 2021-01-16 10:32 usr/share/locale/vi/LC_MESSAGES/
-rw-r--r-- root/root      4949 2021-01-16 10:32 usr/share/locale/vi/LC_MESSAGES/mypaint.mo
drwxr-xr-x root/root         0 2021-01-16 10:32 usr/share/locale/wa/
drwxr-xr-x root/root         0 2021-01-16 10:32 usr/share/locale/wa/LC_MESSAGES/
-rw-r--r-- root/root      1179 2021-01-16 10:31 usr/share/locale/wa/LC_MESSAGES/mypaint.mo
drwxr-xr-x root/root         0 2021-01-16 10:32 usr/share/locale/zh_CN/
drwxr-xr-x root/root         0 2021-01-16 10:32 usr/share/locale/zh_CN/LC_MESSAGES/
-rw-r--r-- root/root    130044 2021-01-16 10:32 usr/share/locale/zh_CN/LC_MESSAGES/mypaint.mo
drwxr-xr-x root/root         0 2021-01-16 10:32 usr/share/locale/zh_HK/
drwxr-xr-x root/root         0 2021-01-16 10:32 usr/share/locale/zh_HK/LC_MESSAGES/
-rw-r--r-- root/root      1220 2021-01-16 10:31 usr/share/locale/zh_HK/LC_MESSAGES/mypaint.mo
drwxr-xr-x root/root         0 2021-01-16 10:32 usr/share/locale/zh_TW/
drwxr-xr-x root/root         0 2021-01-16 10:32 usr/share/locale/zh_TW/LC_MESSAGES/
-rw-r--r-- root/root    105996 2021-01-16 10:31 usr/share/locale/zh_TW/LC_MESSAGES/mypaint.mo
drwxr-xr-x root/root         0 2021-01-16 10:32 usr/share/metainfo/
-rw-r--r-- root/root      1518 2020-05-29 18:40 usr/share/metainfo/mypaint.appdata.xml
drwxr-xr-x root/root         0 2021-01-16 10:32 usr/share/mypaint/
drwxr-xr-x root/root         0 2021-01-16 10:32 usr/share/mypaint/backgrounds/
-rw-r--r-- root/root       176 2020-05-29 18:40 usr/share/mypaint/backgrounds/01_white.png
-rw-r--r-- root/root       176 2020-05-29 18:40 usr/share/mypaint/backgrounds/02_black.png
-rw-r--r-- root/root       189 2020-05-29 18:40 usr/share/mypaint/backgrounds/03_check1.png
-rw-r--r-- root/root       189 2020-05-29 18:40 usr/share/mypaint/backgrounds/03_check2.png
-rw-r--r-- root/root       176 2020-05-29 18:40 usr/share/mypaint/backgrounds/04_grey1.png
-rw-r--r-- root/root       176 2020-05-29 18:40 usr/share/mypaint/backgrounds/04_grey2.png
-rw-r--r-- root/root       176 2020-05-29 18:40 usr/share/mypaint/backgrounds/05_grey3.png
-rw-r--r-- root/root       176 2020-05-29 18:40 usr/share/mypaint/backgrounds/10_soft_yellow.png
-rw-r--r-- root/root       176 2020-05-29 18:40 usr/share/mypaint/backgrounds/11_weak_blue.png
-rw-r--r-- root/root      1100 2020-05-29 18:40 usr/share/mypaint/backgrounds/50_comic_thumbnails.png
-rw-r--r-- root/root      1072 2020-05-29 18:40 usr/share/mypaint/backgrounds/50_storyboard.png
-rw-r--r-- root/root       414 2020-05-29 18:40 usr/share/mypaint/backgrounds/README.md
-rw-r--r-- root/root      3247 2020-05-29 18:40 usr/share/mypaint/backgrounds/canvas1_1.png
-rw-r--r-- root/root      3069 2020-05-29 18:40 usr/share/mypaint/backgrounds/canvas1_2.png
-rw-r--r-- root/root      1731 2020-05-29 18:40 usr/share/mypaint/backgrounds/canvas1_3.png
-rw-r--r-- root/root      1211 2020-05-29 18:40 usr/share/mypaint/backgrounds/canvas2_1.png
-rw-r--r-- root/root      2082 2020-05-29 18:40 usr/share/mypaint/backgrounds/canvas3_1.png
-rw-r--r-- root/root      1909 2020-05-29 18:40 usr/share/mypaint/backgrounds/canvas3_2.png
-rw-r--r-- root/root      1497 2020-05-29 18:40 usr/share/mypaint/backgrounds/canvas3_3.png
drwxr-xr-x root/root         0 2021-01-16 10:32 usr/share/mypaint/backgrounds/mrmamurk/
-rw-r--r-- root/root      2470 2020-05-29 18:40 usr/share/mypaint/backgrounds/mrmamurk/MrMamurk_readme.txt
-rw-r--r-- root/root    337577 2020-05-29 18:40 usr/share/mypaint/backgrounds/mrmamurk/mamurk_a_1.png
-rw-r--r-- root/root    313883 2020-05-29 18:40 usr/share/mypaint/backgrounds/mrmamurk/mamurk_a_2.png
-rw-r--r-- root/root    320597 2020-05-29 18:40 usr/share/mypaint/backgrounds/mrmamurk/mamurk_b_1.png
-rw-r--r-- root/root    225625 2020-05-29 18:40 usr/share/mypaint/backgrounds/mrmamurk/mamurk_c_3.png
-rw-r--r-- root/root     33378 2020-05-29 18:40 usr/share/mypaint/backgrounds/mrmamurk/mamurk_e_1.png
-rw-r--r-- root/root    206323 2020-05-29 18:40 usr/share/mypaint/backgrounds/mrmamurk/mamurk_e_2.png
-rw-r--r-- root/root    277917 2020-05-29 18:40 usr/share/mypaint/backgrounds/mrmamurk/mamurk_f_1.png
-rw-r--r-- root/root      1977 2020-05-29 18:40 usr/share/mypaint/backgrounds/paper1_1.png
-rw-r--r-- root/root      1521 2020-05-29 18:40 usr/share/mypaint/backgrounds/paper1_10.png
-rw-r--r-- root/root      1903 2020-05-29 18:40 usr/share/mypaint/backgrounds/paper1_11.png
-rw-r--r-- root/root      1950 2020-05-29 18:40 usr/share/mypaint/backgrounds/paper1_12.png
-rw-r--r-- root/root      4101 2020-05-29 18:40 usr/share/mypaint/backgrounds/paper1_13.png
-rw-r--r-- root/root      1761 2020-05-29 18:40 usr/share/mypaint/backgrounds/paper1_2.png
-rw-r--r-- root/root      1565 2020-05-29 18:40 usr/share/mypaint/backgrounds/paper1_3.png
-rw-r--r-- root/root      1565 2020-05-29 18:40 usr/share/mypaint/backgrounds/paper1_4.png
-rw-r--r-- root/root      2391 2020-05-29 18:40 usr/share/mypaint/backgrounds/paper1_5.png
-rw-r--r-- root/root      1919 2020-05-29 18:40 usr/share/mypaint/backgrounds/paper1_6.png
-rw-r--r-- root/root      3832 2020-05-29 18:40 usr/share/mypaint/backgrounds/paper1_7.png
-rw-r--r-- root/root      2263 2020-05-29 18:40 usr/share/mypaint/backgrounds/paper1_8.png
-rw-r--r-- root/root      2226 2020-05-29 18:40 usr/share/mypaint/backgrounds/paper1_9.png
-rw-r--r-- root/root      1796 2020-05-29 18:40 usr/share/mypaint/backgrounds/paper2_1.png
-rw-r--r-- root/root      1815 2020-05-29 18:40 usr/share/mypaint/backgrounds/paper2_2.png
-rw-r--r-- root/root      2578 2020-05-29 18:40 usr/share/mypaint/backgrounds/paper2_3.png
-rw-r--r-- root/root      1775 2020-05-29 18:40 usr/share/mypaint/backgrounds/paper2_4.png
-rw-r--r-- root/root      1660 2020-05-29 18:40 usr/share/mypaint/backgrounds/paper2_5.png
-rw-r--r-- root/root      2611 2020-05-29 18:40 usr/share/mypaint/backgrounds/paper3_1.png
-rw-r--r-- root/root      1829 2020-05-29 18:40 usr/share/mypaint/backgrounds/paper3_2.png
-rw-r--r-- root/root      1662 2020-05-29 18:40 usr/share/mypaint/backgrounds/paper3_3.png
-rw-r--r-- root/root      2847 2020-05-29 18:40 usr/share/mypaint/backgrounds/paper3_4.png
-rw-r--r-- root/root      2301 2020-05-29 18:40 usr/share/mypaint/backgrounds/paper3_5.png
-rw-r--r-- root/root      2432 2020-05-29 18:40 usr/share/mypaint/backgrounds/paper3_6.png
-rw-r--r-- root/root      2207 2020-05-29 18:40 usr/share/mypaint/backgrounds/paper3_7.png
-rw-r--r-- root/root      1694 2020-05-29 18:40 usr/share/mypaint/backgrounds/paper4_1.png
-rw-r--r-- root/root      1720 2020-05-29 18:40 usr/share/mypaint/backgrounds/paper4_2.png
-rw-r--r-- root/root      1945 2020-05-29 18:40 usr/share/mypaint/backgrounds/paper5_1.png
-rw-r--r-- root/root      3131 2020-05-29 18:40 usr/share/mypaint/backgrounds/paper5_2.png
-rw-r--r-- root/root      2723 2020-05-29 18:40 usr/share/mypaint/backgrounds/paper5_3.png
-rw-r--r-- root/root      1884 2020-05-29 18:40 usr/share/mypaint/backgrounds/paper5a_score.png
-rw-r--r-- root/root       945 2020-05-29 18:40 usr/share/mypaint/backgrounds/paper6_1.png
-rw-r--r-- root/root      1302 2020-05-29 18:40 usr/share/mypaint/backgrounds/paper6_2.png
-rw-r--r-- root/root      2549 2020-05-29 18:40 usr/share/mypaint/backgrounds/paper6_3.png
-rw-r--r-- root/root      1302 2020-05-29 18:40 usr/share/mypaint/backgrounds/paper6_4.png
-rw-r--r-- root/root      1377 2020-05-29 18:40 usr/share/mypaint/backgrounds/paper7_1.png
-rw-r--r-- root/root      1695 2020-05-29 18:40 usr/share/mypaint/backgrounds/paper7_10.png
-rw-r--r-- root/root      1414 2020-05-29 18:40 usr/share/mypaint/backgrounds/paper7_2.png
-rw-r--r-- root/root      1554 2020-05-29 18:40 usr/share/mypaint/backgrounds/paper7_3.png
-rw-r--r-- root/root      1554 2020-05-29 18:40 usr/share/mypaint/backgrounds/paper7_4.png
-rw-r--r-- root/root      1024 2020-05-29 18:40 usr/share/mypaint/backgrounds/paper7_5.png
-rw-r--r-- root/root      4352 2020-05-29 18:40 usr/share/mypaint/backgrounds/paper7_6.png
-rw-r--r-- root/root      1891 2020-05-29 18:40 usr/share/mypaint/backgrounds/paper7_7.png
-rw-r--r-- root/root      1690 2020-05-29 18:40 usr/share/mypaint/backgrounds/paper7_8.png
-rw-r--r-- root/root      1891 2020-05-29 18:40 usr/share/mypaint/backgrounds/paper7_9.png
-rw-r--r-- root/root       997 2020-05-29 18:40 usr/share/mypaint/backgrounds/pattern2.png
drwxr-xr-x root/root         0 2021-01-16 10:32 usr/share/mypaint/backgrounds/ramon/
-rw-r--r-- root/root    109179 2020-05-29 18:40 usr/share/mypaint/backgrounds/ramon/HR_Canvas 01.png
-rw-r--r-- root/root     94330 2020-05-29 18:40 usr/share/mypaint/backgrounds/ramon/HR_Canvas 02.png
-rw-r--r-- root/root    129528 2020-05-29 18:40 usr/share/mypaint/backgrounds/ramon/HR_Cork.png
-rw-r--r-- root/root    136843 2020-05-29 18:40 usr/share/mypaint/backgrounds/ramon/HR_DecoPaper.png
-rw-r--r-- root/root    146507 2020-05-29 18:40 usr/share/mypaint/backgrounds/ramon/HR_PastelPaper 01.png
-rw-r--r-- root/root    146686 2020-05-29 18:40 usr/share/mypaint/backgrounds/ramon/HR_PastelPaper 02.png
-rw-r--r-- root/root    146629 2020-05-29 18:40 usr/share/mypaint/backgrounds/ramon/HR_RoughPaper.png
-rw-r--r-- root/root     95115 2020-05-29 18:40 usr/share/mypaint/backgrounds/ramon/HR_SketchPaper 02.png
-rw-r--r-- root/root     95511 2020-05-29 18:40 usr/share/mypaint/backgrounds/ramon/HR_SketchPaper.png
-rw-r--r-- root/root     54491 2020-05-29 18:40 usr/share/mypaint/backgrounds/ramon/HR_WaterColor.png
-rw-r--r-- root/root      2026 2020-05-29 18:40 usr/share/mypaint/backgrounds/ramon/readme_papers.txt
-rw-r--r-- root/root       201 2020-05-29 18:40 usr/share/mypaint/backgrounds/squares2.png
-rw-r--r-- root/root       188 2020-05-29 18:40 usr/share/mypaint/backgrounds/squares2_blue.png
drwxr-xr-x root/root         0 2021-01-16 10:32 usr/share/mypaint/palettes/
-rw-r--r-- root/root     18965 2020-05-29 18:40 usr/share/mypaint/palettes/All_color_choice.gpl
-rw-r--r-- root/root       557 2020-05-29 18:40 usr/share/mypaint/palettes/Browns_And_Yellows.gpl
-rw-r--r-- root/root       289 2020-05-29 18:40 usr/share/mypaint/palettes/Classic_4.gpl
-rw-r--r-- root/root       230 2020-05-29 18:40 usr/share/mypaint/palettes/Cool_Colors.gpl
-rw-r--r-- root/root      1181 2020-05-29 18:40 usr/share/mypaint/palettes/Creative_Commons.gpl
-rw-r--r-- root/root       532 2020-05-29 18:40 usr/share/mypaint/palettes/GIMP_Default.gpl
-rw-r--r-- root/root      1326 2020-05-29 18:40 usr/share/mypaint/palettes/Gnome_Palette.gpl
-rw-r--r-- root/root       346 2020-05-29 18:40 usr/share/mypaint/palettes/Greys16.gpl
-rw-r--r-- root/root      1779 2020-05-29 18:40 usr/share/mypaint/palettes/Muted.gpl
-rw-r--r-- root/root      2213 2020-05-29 18:40 usr/share/mypaint/palettes/MyPaint_Default.gpl
-rw-r--r-- root/root       436 2020-05-29 18:40 usr/share/mypaint/palettes/Pastels.gpl
-rw-r--r-- root/root       723 2020-05-29 18:40 usr/share/mypaint/palettes/Reds_And_Purples.gpl
-rw-r--r-- root/root       783 2020-05-29 18:40 usr/share/mypaint/palettes/Tango_Palette.gpl
-rw-r--r-- root/root      1186 2020-05-29 18:40 usr/share/mypaint/palettes/Ubuntu.gpl
-rw-r--r-- root/root     12075 2020-05-29 18:40 usr/share/mypaint/palettes/Visibone.gpl
-rw-r--r-- root/root      8959 2020-05-29 18:40 usr/share/mypaint/palettes/Visibone_2.gpl
-rw-r--r-- root/root       209 2020-05-29 18:40 usr/share/mypaint/palettes/Warm_Colors.gpl
-rw-r--r-- root/root       293 2020-05-29 18:40 usr/share/mypaint/palettes/Watercolor.gpl
-rw-r--r-- root/root       477 2020-05-29 18:40 usr/share/mypaint/palettes/Zenburn.gpl
drwxr-xr-x root/root         0 2021-01-16 10:32 usr/share/mypaint/pixmaps/
-rw-r--r-- root/root       693 2020-05-29 18:40 usr/share/mypaint/pixmaps/crosshair_closed.png
-rw-r--r-- root/root       458 2020-05-29 18:40 usr/share/mypaint/pixmaps/cursor_add.png
-rw-r--r-- root/root       596 2020-05-29 18:40 usr/share/mypaint/pixmaps/cursor_alpha_lock.png
-rw-r--r-- root/root       634 2020-05-29 18:40 usr/share/mypaint/pixmaps/cursor_arrow.png
-rw-r--r-- root/root       811 2020-05-29 18:40 usr/share/mypaint/pixmaps/cursor_arrow_forbidden.png
-rw-r--r-- root/root       903 2020-05-29 18:40 usr/share/mypaint/pixmaps/cursor_color_picker.png
-rw-r--r-- root/root       532 2020-05-29 18:40 usr/share/mypaint/pixmaps/cursor_color_picker_c.png
-rw-r--r-- root/root       537 2020-05-29 18:40 usr/share/mypaint/pixmaps/cursor_color_picker_h.png
-rw-r--r-- root/root       533 2020-05-29 18:40 usr/share/mypaint/pixmaps/cursor_color_picker_y.png
-rw-r--r-- root/root       543 2020-05-29 18:40 usr/share/mypaint/pixmaps/cursor_colorize.png
-rw-r--r-- root/root       732 2020-05-29 18:40 usr/share/mypaint/pixmaps/cursor_crosshair_open.png
-rw-r--r-- root/root       369 2020-05-29 18:40 usr/share/mypaint/pixmaps/cursor_crosshair_precise_open.png
-rw-r--r-- root/root       623 2020-05-29 18:40 usr/share/mypaint/pixmaps/cursor_eraser.png
-rw-r--r-- root/root      1428 2020-05-29 18:40 usr/share/mypaint/pixmaps/cursor_forbidden_everywhere.png
-rw-r--r-- root/root       907 2020-05-29 18:40 usr/share/mypaint/pixmaps/cursor_hand_closed.png
-rw-r--r-- root/root       630 2020-05-29 18:40 usr/share/mypaint/pixmaps/cursor_hand_open.png
-rw-r--r-- root/root       970 2020-05-29 18:40 usr/share/mypaint/pixmaps/cursor_move_n_s.png
-rw-r--r-- root/root       921 2020-05-29 18:40 usr/share/mypaint/pixmaps/cursor_move_ne_sw.png
-rw-r--r-- root/root       969 2020-05-29 18:40 usr/share/mypaint/pixmaps/cursor_move_nw_se.png
-rw-r--r-- root/root      1029 2020-05-29 18:40 usr/share/mypaint/pixmaps/cursor_move_w_e.png
-rw-r--r-- root/root      1070 2020-05-29 18:40 usr/share/mypaint/pixmaps/cursor_pencil.png
-rw-r--r-- root/root       775 2020-05-29 18:40 usr/share/mypaint/pixmaps/cursor_remove.png
-rw-r--r-- root/root       482 2020-05-29 18:40 usr/share/mypaint/pixmaps/layer_duplicate.png
-rw-r--r-- root/root       776 2020-05-29 18:40 usr/share/mypaint/pixmaps/layers.png
-rw-r--r-- root/root      5598 2020-05-29 18:40 usr/share/mypaint/pixmaps/mypaint_logo.png
-rw-r--r-- root/root      8150 2020-05-29 18:40 usr/share/mypaint/pixmaps/plus.png
drwxr-xr-x root/root         0 2021-01-16 10:32 usr/share/thumbnailers/
-rw-r--r-- root/root       116 2020-05-29 18:40 usr/share/thumbnailers/mypaint-ora.thumbnailer


