++========================================
||
||   Package:  ./siege/siege-4.0.8-x86_64-1cf.txz
||
++========================================
drwxr-xr-x root/root         0 2021-03-18 08:59 ./
drwxr-xr-x root/root         0 2021-03-18 08:59 etc/
drwxr-xr-x root/root         0 2021-03-18 08:59 etc/siege/
-rw-r--r-- root/root     21262 2021-03-18 08:59 etc/siege/siegerc.new
-rw-r--r-- root/root       627 2021-03-18 08:59 etc/siege/urls.txt.new
drwxr-xr-x root/root         0 2021-03-18 08:59 install/
-rw-r--r-- root/root       401 2021-03-18 08:59 install/doinst.sh
-rw-r--r-- root/root       800 2021-03-18 08:59 install/slack-desc
drwxr-xr-x root/root         0 2021-03-18 08:59 usr/
drwxr-xr-x root/root         0 2021-03-18 08:59 usr/bin/
-rwxr-xr-x root/root      3099 2021-03-18 08:59 usr/bin/bombardment
-rwxr-xr-x root/root    164256 2021-03-18 08:59 usr/bin/siege
-rwxr-xr-x root/root     22348 2021-03-18 08:59 usr/bin/siege.config
-rwxr-xr-x root/root      5956 2021-03-18 08:59 usr/bin/siege2csv.pl
drwxr-xr-x root/root         0 2021-03-18 08:59 usr/doc/
drwxr-xr-x root/root         0 2021-03-18 08:59 usr/doc/siege-4.0.8/
-rw-r--r-- root/root       365 2021-03-17 14:46 usr/doc/siege-4.0.8/AUTHORS
-rw-r--r-- root/root     35147 2021-03-17 14:46 usr/doc/siege-4.0.8/COPYING
-rw-r--r-- root/root     13237 2021-03-17 14:46 usr/doc/siege-4.0.8/ChangeLog
-rw-r--r-- root/root      9857 2021-03-17 14:46 usr/doc/siege-4.0.8/INSTALL
-rw-r--r-- root/root        27 2021-03-18 08:59 usr/doc/siege-4.0.8/PLATFORM
-rw-r--r-- root/root      5694 2021-03-17 14:46 usr/doc/siege-4.0.8/README.md
-rw-r--r-- root/root       771 2021-03-17 14:46 usr/doc/siege-4.0.8/basic.php
-rw-r--r-- root/root       450 2021-03-17 14:46 usr/doc/siege-4.0.8/cache-control.php
-rw-r--r-- root/root       347 2021-03-17 14:46 usr/doc/siege-4.0.8/cookie-expire.php
-rw-r--r-- root/root       942 2021-03-17 14:46 usr/doc/siege-4.0.8/etag.php
-rw-r--r-- root/root      2511 2021-03-17 14:46 usr/doc/siege-4.0.8/login.php
-rw-r--r-- root/root      3629 2021-03-18 08:59 usr/doc/siege-4.0.8/siege.SlackBuild
drwxr-xr-x root/root         0 2021-03-18 08:59 usr/man/
drwxr-xr-x root/root         0 2021-03-18 08:59 usr/man/man1/
-rw-r--r-- root/root      2206 2021-03-18 08:59 usr/man/man1/bombardment.1.gz
-rw-r--r-- root/root      8413 2021-03-18 08:59 usr/man/man1/siege.1.gz
-rw-r--r-- root/root      2548 2021-03-18 08:59 usr/man/man1/siege.config.1.gz
-rw-r--r-- root/root      2205 2021-03-18 08:59 usr/man/man1/siege2csv.1.gz


