++========================================
||
||   Package:  ./logwatch/logwatch-7.8-x86_64-1cf.txz
||
++========================================
drwxr-xr-x root/root         0 2023-01-22 09:58 ./
drwxr-xr-x root/root         0 2023-01-22 09:58 etc/
drwxr-xr-x root/root         0 2023-01-22 09:58 etc/logwatch/
drwxr-xr-x root/root         0 2023-01-22 09:58 etc/logwatch/conf/
drwxr-xr-x root/root         0 2023-01-22 09:58 etc/logwatch/conf/html/
-rw-r--r-- root/root         0 2023-01-22 09:58 etc/logwatch/conf/ignore.conf.new
drwxr-xr-x root/root         0 2023-01-22 09:58 etc/logwatch/conf/logfiles/
-rw-r--r-- root/root         0 2023-01-22 09:58 etc/logwatch/conf/logwatch.conf.new
-rw-r--r-- root/root         0 2023-01-22 09:58 etc/logwatch/conf/override.conf.new
drwxr-xr-x root/root         0 2023-01-22 09:58 etc/logwatch/conf/services/
drwxr-xr-x root/root         0 2023-01-22 09:58 etc/logwatch/scripts/
drwxr-xr-x root/root         0 2023-01-22 09:58 etc/logwatch/scripts/services/
drwxr-xr-x root/root         0 2023-01-22 09:58 install/
-rw-r--r-- root/root       819 2023-01-22 09:58 install/doinst.sh
-rw-r--r-- root/root       859 2023-01-22 09:58 install/slack-desc
drwxr-xr-x root/root         0 2023-01-22 09:58 usr/
drwxr-xr-x root/root         0 2023-01-22 09:58 usr/bin/
drwxr-xr-x root/root         0 2023-01-22 09:58 usr/doc/
drwxr-xr-x root/root         0 2023-01-22 09:58 usr/doc/logwatch-7.8/
-rw-r--r-- root/root     24358 2023-01-22 01:00 usr/doc/logwatch-7.8/HOWTO-Customize-LogWatch
-rw-r--r-- root/root      1060 2023-01-22 01:00 usr/doc/logwatch-7.8/LICENSE
-rw-r--r-- root/root      3618 2023-01-22 01:00 usr/doc/logwatch-7.8/README
-rw-r--r-- root/root      3802 2023-01-22 09:58 usr/doc/logwatch-7.8/logwatch.SlackBuild
drwxr-xr-x root/root         0 2023-01-22 09:58 usr/man/
drwxr-xr-x root/root         0 2023-01-22 09:58 usr/man/man1/
-rw-r--r-- root/root     10695 2023-01-22 09:58 usr/man/man1/amavis-logwatch.1.gz
-rw-r--r-- root/root     11778 2023-01-22 09:58 usr/man/man1/postfix-logwatch.1.gz
drwxr-xr-x root/root         0 2023-01-22 09:58 usr/man/man5/
-rw-r--r-- root/root       489 2023-01-22 09:58 usr/man/man5/logwatch.conf.5.gz
drwxr-xr-x root/root         0 2023-01-22 09:58 usr/man/man8/
-rw-r--r-- root/root      2315 2023-01-22 09:58 usr/man/man8/logwatch.8.gz
drwxr-xr-x root/root         0 2023-01-22 09:58 usr/share/
drwxr-xr-x root/root         0 2023-01-22 09:58 usr/share/logwatch/
-rw-r--r-- root/root     24358 2023-01-22 09:58 usr/share/logwatch/HOWTO-Customize-LogWatch
-rw-r--r-- root/root      3618 2023-01-22 09:58 usr/share/logwatch/README
drwxr-xr-x root/root         0 2023-01-22 09:58 usr/share/logwatch/default.conf/
drwxr-xr-x root/root         0 2023-01-22 09:58 usr/share/logwatch/default.conf/html/
-rw-r--r-- root/root      1180 2023-01-22 09:58 usr/share/logwatch/default.conf/html/footer.html
-rw-r--r-- root/root      1145 2023-01-22 09:58 usr/share/logwatch/default.conf/html/header.html
-rw-r--r-- root/root       969 2023-01-22 09:58 usr/share/logwatch/default.conf/ignore.conf
drwxr-xr-x root/root         0 2023-01-22 09:58 usr/share/logwatch/default.conf/logfiles/
-rw-r--r-- root/root       645 2023-01-22 09:58 usr/share/logwatch/default.conf/logfiles/audit_log.conf
-rw-r--r-- root/root       572 2023-01-22 09:58 usr/share/logwatch/default.conf/logfiles/autorpm.conf
-rw-r--r-- root/root       447 2023-01-22 09:58 usr/share/logwatch/default.conf/logfiles/bfd.conf
-rw-r--r-- root/root       960 2023-01-22 09:58 usr/share/logwatch/default.conf/logfiles/cisco.conf
-rw-r--r-- root/root       788 2023-01-22 09:58 usr/share/logwatch/default.conf/logfiles/citadel.conf
-rw-r--r-- root/root      2344 2023-01-22 09:58 usr/share/logwatch/default.conf/logfiles/clam-update.conf
-rw-r--r-- root/root       840 2023-01-22 09:58 usr/share/logwatch/default.conf/logfiles/clamav.conf
-rw-r--r-- root/root       835 2023-01-22 09:58 usr/share/logwatch/default.conf/logfiles/cron.conf
-rw-r--r-- root/root       976 2023-01-22 09:58 usr/share/logwatch/default.conf/logfiles/daemon.conf
-rw-r--r-- root/root       467 2023-01-22 09:58 usr/share/logwatch/default.conf/logfiles/denyhosts.conf
-rw-r--r-- root/root       232 2023-01-22 09:58 usr/share/logwatch/default.conf/logfiles/dirsrv.conf
-rw-r--r-- root/root       304 2023-01-22 09:58 usr/share/logwatch/default.conf/logfiles/dnf-rpm.conf
-rw-r--r-- root/root      2781 2023-01-22 09:58 usr/share/logwatch/default.conf/logfiles/dnssec.conf
-rw-r--r-- root/root        72 2023-01-22 09:58 usr/share/logwatch/default.conf/logfiles/dovecot.conf
-rw-r--r-- root/root       817 2023-01-22 09:58 usr/share/logwatch/default.conf/logfiles/dpkg.conf
-rw-r--r-- root/root       894 2023-01-22 09:58 usr/share/logwatch/default.conf/logfiles/emerge.conf
-rw-r--r-- root/root      1434 2023-01-22 09:58 usr/share/logwatch/default.conf/logfiles/eventlog.conf
-rw-r--r-- root/root      1143 2023-01-22 09:58 usr/share/logwatch/default.conf/logfiles/exim.conf
-rw-r--r-- root/root       992 2023-01-22 09:58 usr/share/logwatch/default.conf/logfiles/extreme-networks.conf
-rw-r--r-- root/root       914 2023-01-22 09:58 usr/share/logwatch/default.conf/logfiles/fail2ban.conf
-rw-r--r-- root/root       665 2023-01-22 09:58 usr/share/logwatch/default.conf/logfiles/freeradius.conf
-rw-r--r-- root/root       377 2023-01-22 09:58 usr/share/logwatch/default.conf/logfiles/http-error.conf
-rw-r--r-- root/root      1317 2023-01-22 09:58 usr/share/logwatch/default.conf/logfiles/http.conf
-rw-r--r-- root/root       820 2023-01-22 09:58 usr/share/logwatch/default.conf/logfiles/iptables.conf
-rw-r--r-- root/root       965 2023-01-22 09:58 usr/share/logwatch/default.conf/logfiles/kernel.conf
-rw-r--r-- root/root      1152 2023-01-22 09:58 usr/share/logwatch/default.conf/logfiles/maillog.conf
-rw-r--r-- root/root      1136 2023-01-22 09:58 usr/share/logwatch/default.conf/logfiles/messages.conf
-rw-r--r-- root/root       686 2023-01-22 09:58 usr/share/logwatch/default.conf/logfiles/mysql-mmm.conf
-rw-r--r-- root/root       471 2023-01-22 09:58 usr/share/logwatch/default.conf/logfiles/mysql.conf
-rw-r--r-- root/root      1015 2023-01-22 09:58 usr/share/logwatch/default.conf/logfiles/netopia.conf
-rw-r--r-- root/root      1021 2023-01-22 09:58 usr/share/logwatch/default.conf/logfiles/netscreen.conf
-rw-r--r-- root/root      1305 2023-01-22 09:58 usr/share/logwatch/default.conf/logfiles/php.conf
-rw-r--r-- root/root       442 2023-01-22 09:58 usr/share/logwatch/default.conf/logfiles/pix.conf
-rw-r--r-- root/root       988 2023-01-22 09:58 usr/share/logwatch/default.conf/logfiles/postgresql.conf
-rw-r--r-- root/root       861 2023-01-22 09:58 usr/share/logwatch/default.conf/logfiles/pureftp.conf
-rw-r--r-- root/root       556 2023-01-22 09:58 usr/share/logwatch/default.conf/logfiles/qmail-pop3d-current.conf
-rw-r--r-- root/root       559 2023-01-22 09:58 usr/share/logwatch/default.conf/logfiles/qmail-pop3ds-current.conf
-rw-r--r-- root/root       543 2023-01-22 09:58 usr/share/logwatch/default.conf/logfiles/qmail-send-current.conf
-rw-r--r-- root/root       556 2023-01-22 09:58 usr/share/logwatch/default.conf/logfiles/qmail-smtpd-current.conf
-rw-r--r-- root/root      2837 2023-01-22 09:58 usr/share/logwatch/default.conf/logfiles/resolver.conf
-rw-r--r-- root/root       201 2023-01-22 09:58 usr/share/logwatch/default.conf/logfiles/rsnapshot.conf
-rw-r--r-- root/root       564 2023-01-22 09:58 usr/share/logwatch/default.conf/logfiles/rt314.conf
-rw-r--r-- root/root       645 2023-01-22 09:58 usr/share/logwatch/default.conf/logfiles/samba.conf
-rw-r--r-- root/root      1115 2023-01-22 09:58 usr/share/logwatch/default.conf/logfiles/secure.conf
-rw-r--r-- root/root      1028 2023-01-22 09:58 usr/share/logwatch/default.conf/logfiles/sonicwall.conf
-rw-r--r-- root/root      1240 2023-01-22 09:58 usr/share/logwatch/default.conf/logfiles/spamassassin.conf
-rw-r--r-- root/root      1199 2023-01-22 09:58 usr/share/logwatch/default.conf/logfiles/syslog.conf
-rw-r--r-- root/root       406 2023-01-22 09:58 usr/share/logwatch/default.conf/logfiles/tac_acc.conf
-rw-r--r-- root/root       833 2023-01-22 09:58 usr/share/logwatch/default.conf/logfiles/tivoli-smc.conf
-rw-r--r-- root/root       771 2023-01-22 09:58 usr/share/logwatch/default.conf/logfiles/up2date.conf
-rw-r--r-- root/root       628 2023-01-22 09:58 usr/share/logwatch/default.conf/logfiles/vdr.conf
-rw-r--r-- root/root       850 2023-01-22 09:58 usr/share/logwatch/default.conf/logfiles/vsftpd.conf
-rw-r--r-- root/root      1041 2023-01-22 09:58 usr/share/logwatch/default.conf/logfiles/windows.conf
-rw-r--r-- root/root       818 2023-01-22 09:58 usr/share/logwatch/default.conf/logfiles/xferlog.conf
-rw-r--r-- root/root       132 2023-01-22 09:58 usr/share/logwatch/default.conf/logfiles/yum.conf
-rw-r--r-- root/root       562 2023-01-22 09:58 usr/share/logwatch/default.conf/logfiles/zypp.conf
-rw-r--r-- root/root      6349 2023-01-22 09:58 usr/share/logwatch/default.conf/logwatch.conf
drwxr-xr-x root/root         0 2023-01-22 09:58 usr/share/logwatch/default.conf/services/
-rw-r--r-- root/root       683 2023-01-22 09:58 usr/share/logwatch/default.conf/services/afpd.conf
-rw-r--r-- root/root      7482 2023-01-22 09:58 usr/share/logwatch/default.conf/services/amavis.conf
-rw-r--r-- root/root       693 2023-01-22 09:58 usr/share/logwatch/default.conf/services/arpwatch.conf
-rw-r--r-- root/root      1253 2023-01-22 09:58 usr/share/logwatch/default.conf/services/audit.conf
-rw-r--r-- root/root       974 2023-01-22 09:58 usr/share/logwatch/default.conf/services/automount.conf
-rw-r--r-- root/root       873 2023-01-22 09:58 usr/share/logwatch/default.conf/services/autorpm.conf
-rw-r--r-- root/root       528 2023-01-22 09:58 usr/share/logwatch/default.conf/services/barracuda.conf
-rw-r--r-- root/root       452 2023-01-22 09:58 usr/share/logwatch/default.conf/services/bfd.conf
-rw-r--r-- root/root       870 2023-01-22 09:58 usr/share/logwatch/default.conf/services/cisco.conf
-rw-r--r-- root/root      1002 2023-01-22 09:58 usr/share/logwatch/default.conf/services/citadel.conf
-rw-r--r-- root/root      2026 2023-01-22 09:58 usr/share/logwatch/default.conf/services/clam-update.conf
-rw-r--r-- root/root       571 2023-01-22 09:58 usr/share/logwatch/default.conf/services/clamav-milter.conf
-rw-r--r-- root/root       752 2023-01-22 09:58 usr/share/logwatch/default.conf/services/clamav.conf
-rw-r--r-- root/root      1759 2023-01-22 09:58 usr/share/logwatch/default.conf/services/courier.conf
-rw-r--r-- root/root       867 2023-01-22 09:58 usr/share/logwatch/default.conf/services/cron.conf
-rw-r--r-- root/root       428 2023-01-22 09:58 usr/share/logwatch/default.conf/services/denyhosts.conf
-rw-r--r-- root/root       962 2023-01-22 09:58 usr/share/logwatch/default.conf/services/dhcpd.conf
-rw-r--r-- root/root       499 2023-01-22 09:58 usr/share/logwatch/default.conf/services/dirsrv.conf
-rw-r--r-- root/root        95 2023-01-22 09:58 usr/share/logwatch/default.conf/services/dnf-rpm.conf
-rw-r--r-- root/root      2662 2023-01-22 09:58 usr/share/logwatch/default.conf/services/dnssec.conf
-rw-r--r-- root/root      1147 2023-01-22 09:58 usr/share/logwatch/default.conf/services/dovecot.conf
-rw-r--r-- root/root       783 2023-01-22 09:58 usr/share/logwatch/default.conf/services/dpkg.conf
-rw-r--r-- root/root      1637 2023-01-22 09:58 usr/share/logwatch/default.conf/services/dropbear.conf
-rw-r--r-- root/root       645 2023-01-22 09:58 usr/share/logwatch/default.conf/services/emerge.conf
-rw-r--r-- root/root      1436 2023-01-22 09:58 usr/share/logwatch/default.conf/services/evtapplication.conf
-rw-r--r-- root/root       786 2023-01-22 09:58 usr/share/logwatch/default.conf/services/evtmswindows.conf
-rw-r--r-- root/root      1063 2023-01-22 09:58 usr/share/logwatch/default.conf/services/evtsecurity.conf
-rw-r--r-- root/root      1057 2023-01-22 09:58 usr/share/logwatch/default.conf/services/evtsystem.conf
-rw-r--r-- root/root       956 2023-01-22 09:58 usr/share/logwatch/default.conf/services/exim.conf
-rw-r--r-- root/root      1113 2023-01-22 09:58 usr/share/logwatch/default.conf/services/eximstats.conf
-rw-r--r-- root/root       892 2023-01-22 09:58 usr/share/logwatch/default.conf/services/extreme-networks.conf
-rw-r--r-- root/root      1557 2023-01-22 09:58 usr/share/logwatch/default.conf/services/fail2ban.conf
-rw-r--r-- root/root       872 2023-01-22 09:58 usr/share/logwatch/default.conf/services/fetchmail.conf
-rw-r--r-- root/root       666 2023-01-22 09:58 usr/share/logwatch/default.conf/services/freeradius.conf
-rw-r--r-- root/root      1008 2023-01-22 09:58 usr/share/logwatch/default.conf/services/ftpd-messages.conf
-rw-r--r-- root/root       962 2023-01-22 09:58 usr/share/logwatch/default.conf/services/ftpd-xferlog.conf
-rw-r--r-- root/root      2115 2023-01-22 09:58 usr/share/logwatch/default.conf/services/http-error.conf
-rw-r--r-- root/root      3469 2023-01-22 09:58 usr/share/logwatch/default.conf/services/http.conf
-rw-r--r-- root/root       953 2023-01-22 09:58 usr/share/logwatch/default.conf/services/identd.conf
-rw-r--r-- root/root       904 2023-01-22 09:58 usr/share/logwatch/default.conf/services/imapd.conf
-rw-r--r-- root/root       987 2023-01-22 09:58 usr/share/logwatch/default.conf/services/in.qpopper.conf
-rw-r--r-- root/root       959 2023-01-22 09:58 usr/share/logwatch/default.conf/services/init.conf
-rw-r--r-- root/root       850 2023-01-22 09:58 usr/share/logwatch/default.conf/services/ipop3d.conf
-rw-r--r-- root/root      1605 2023-01-22 09:58 usr/share/logwatch/default.conf/services/iptables.conf
-rw-r--r-- root/root      1485 2023-01-22 09:58 usr/share/logwatch/default.conf/services/kernel.conf
-rw-r--r-- root/root       944 2023-01-22 09:58 usr/share/logwatch/default.conf/services/knockd.conf
-rw-r--r-- root/root       989 2023-01-22 09:58 usr/share/logwatch/default.conf/services/lvm.conf
-rw-r--r-- root/root      1006 2023-01-22 09:58 usr/share/logwatch/default.conf/services/mailscanner.conf
-rw-r--r-- root/root       829 2023-01-22 09:58 usr/share/logwatch/default.conf/services/mdadm.conf
-rw-r--r-- root/root       624 2023-01-22 09:58 usr/share/logwatch/default.conf/services/mod_security2.conf
-rw-r--r-- root/root       971 2023-01-22 09:58 usr/share/logwatch/default.conf/services/modprobe.conf
-rw-r--r-- root/root       965 2023-01-22 09:58 usr/share/logwatch/default.conf/services/mountd.conf
-rw-r--r-- root/root       631 2023-01-22 09:58 usr/share/logwatch/default.conf/services/mysql-mmm.conf
-rw-r--r-- root/root       154 2023-01-22 09:58 usr/share/logwatch/default.conf/services/mysql.conf
-rw-r--r-- root/root      1186 2023-01-22 09:58 usr/share/logwatch/default.conf/services/named.conf
-rw-r--r-- root/root       923 2023-01-22 09:58 usr/share/logwatch/default.conf/services/netopia.conf
-rw-r--r-- root/root       878 2023-01-22 09:58 usr/share/logwatch/default.conf/services/netscreen.conf
-rw-r--r-- root/root       678 2023-01-22 09:58 usr/share/logwatch/default.conf/services/nut.conf
-rw-r--r-- root/root       694 2023-01-22 09:58 usr/share/logwatch/default.conf/services/oidentd.conf
-rw-r--r-- root/root       648 2023-01-22 09:58 usr/share/logwatch/default.conf/services/omsa.conf
-rw-r--r-- root/root       748 2023-01-22 09:58 usr/share/logwatch/default.conf/services/openvpn.conf
-rw-r--r-- root/root       956 2023-01-22 09:58 usr/share/logwatch/default.conf/services/pam.conf
-rw-r--r-- root/root       971 2023-01-22 09:58 usr/share/logwatch/default.conf/services/pam_pwdb.conf
-rw-r--r-- root/root       892 2023-01-22 09:58 usr/share/logwatch/default.conf/services/pam_unix.conf
-rw-r--r-- root/root       834 2023-01-22 09:58 usr/share/logwatch/default.conf/services/php.conf
-rw-r--r-- root/root       422 2023-01-22 09:58 usr/share/logwatch/default.conf/services/pix.conf
-rw-r--r-- root/root       303 2023-01-22 09:58 usr/share/logwatch/default.conf/services/pluto.conf
-rw-r--r-- root/root       931 2023-01-22 09:58 usr/share/logwatch/default.conf/services/pop3.conf
-rw-r--r-- root/root       979 2023-01-22 09:58 usr/share/logwatch/default.conf/services/portsentry.conf
-rw-r--r-- root/root     12814 2023-01-22 09:58 usr/share/logwatch/default.conf/services/postfix.conf
-rw-r--r-- root/root       886 2023-01-22 09:58 usr/share/logwatch/default.conf/services/postgresql.conf
-rw-r--r-- root/root      1099 2023-01-22 09:58 usr/share/logwatch/default.conf/services/pound.conf
-rw-r--r-- root/root      1135 2023-01-22 09:58 usr/share/logwatch/default.conf/services/proftpd-messages.conf
-rw-r--r-- root/root       937 2023-01-22 09:58 usr/share/logwatch/default.conf/services/puppet.conf
-rw-r--r-- root/root       966 2023-01-22 09:58 usr/share/logwatch/default.conf/services/pureftpd.conf
-rw-r--r-- root/root      1798 2023-01-22 09:58 usr/share/logwatch/default.conf/services/qmail-pop3d.conf
-rw-r--r-- root/root      1801 2023-01-22 09:58 usr/share/logwatch/default.conf/services/qmail-pop3ds.conf
-rw-r--r-- root/root      2022 2023-01-22 09:58 usr/share/logwatch/default.conf/services/qmail-send.conf
-rw-r--r-- root/root      3938 2023-01-22 09:58 usr/share/logwatch/default.conf/services/qmail-smtpd.conf
-rw-r--r-- root/root      1816 2023-01-22 09:58 usr/share/logwatch/default.conf/services/qmail.conf
-rw-r--r-- root/root       170 2023-01-22 09:58 usr/share/logwatch/default.conf/services/raid.conf
-rw-r--r-- root/root      2675 2023-01-22 09:58 usr/share/logwatch/default.conf/services/resolver.conf
-rw-r--r-- root/root       310 2023-01-22 09:58 usr/share/logwatch/default.conf/services/rsnapshot.conf
-rw-r--r-- root/root      1007 2023-01-22 09:58 usr/share/logwatch/default.conf/services/rsyslogd.conf
-rw-r--r-- root/root       229 2023-01-22 09:58 usr/share/logwatch/default.conf/services/rt314.conf
-rw-r--r-- root/root       869 2023-01-22 09:58 usr/share/logwatch/default.conf/services/samba.conf
-rw-r--r-- root/root       926 2023-01-22 09:58 usr/share/logwatch/default.conf/services/saslauthd.conf
-rw-r--r-- root/root      1082 2023-01-22 09:58 usr/share/logwatch/default.conf/services/scsi.conf
-rw-r--r-- root/root      1571 2023-01-22 09:58 usr/share/logwatch/default.conf/services/secure.conf
-rw-r--r-- root/root      1311 2023-01-22 09:58 usr/share/logwatch/default.conf/services/sendmail-largeboxes.conf
-rw-r--r-- root/root      7383 2023-01-22 09:58 usr/share/logwatch/default.conf/services/sendmail.conf
-rw-r--r-- root/root       696 2023-01-22 09:58 usr/share/logwatch/default.conf/services/shaperd.conf
-rw-r--r-- root/root      1268 2023-01-22 09:58 usr/share/logwatch/default.conf/services/slon.conf
-rw-r--r-- root/root       689 2023-01-22 09:58 usr/share/logwatch/default.conf/services/smartd.conf
-rw-r--r-- root/root       956 2023-01-22 09:58 usr/share/logwatch/default.conf/services/sonicwall.conf
-rw-r--r-- root/root       584 2023-01-22 09:58 usr/share/logwatch/default.conf/services/spamassassin.conf
-rw-r--r-- root/root      2077 2023-01-22 09:58 usr/share/logwatch/default.conf/services/sshd.conf
-rw-r--r-- root/root       962 2023-01-22 09:58 usr/share/logwatch/default.conf/services/sshd2.conf
-rw-r--r-- root/root       813 2023-01-22 09:58 usr/share/logwatch/default.conf/services/sssd.conf
-rw-r--r-- root/root       824 2023-01-22 09:58 usr/share/logwatch/default.conf/services/stunnel.conf
-rw-r--r-- root/root       862 2023-01-22 09:58 usr/share/logwatch/default.conf/services/sudo.conf
-rw-r--r-- root/root      1007 2023-01-22 09:58 usr/share/logwatch/default.conf/services/syslog-ng.conf
-rw-r--r-- root/root       968 2023-01-22 09:58 usr/share/logwatch/default.conf/services/syslogd.conf
-rw-r--r-- root/root       910 2023-01-22 09:58 usr/share/logwatch/default.conf/services/systemd.conf
-rw-r--r-- root/root       569 2023-01-22 09:58 usr/share/logwatch/default.conf/services/tac_acc.conf
-rw-r--r-- root/root       621 2023-01-22 09:58 usr/share/logwatch/default.conf/services/tivoli-smc.conf
-rw-r--r-- root/root       881 2023-01-22 09:58 usr/share/logwatch/default.conf/services/up2date.conf
-rw-r--r-- root/root       869 2023-01-22 09:58 usr/share/logwatch/default.conf/services/vdr.conf
-rw-r--r-- root/root       760 2023-01-22 09:58 usr/share/logwatch/default.conf/services/vpopmail.conf
-rw-r--r-- root/root       846 2023-01-22 09:58 usr/share/logwatch/default.conf/services/vsftpd.conf
-rw-r--r-- root/root      1163 2023-01-22 09:58 usr/share/logwatch/default.conf/services/windows.conf
-rw-r--r-- root/root       992 2023-01-22 09:58 usr/share/logwatch/default.conf/services/xntpd.conf
-rw-r--r-- root/root        87 2023-01-22 09:58 usr/share/logwatch/default.conf/services/yum.conf
-rw-r--r-- root/root       605 2023-01-22 09:58 usr/share/logwatch/default.conf/services/zypp.conf
-rw-r--r-- root/root      1979 2023-01-22 09:58 usr/share/logwatch/default.conf/services/zz-disk_space.conf
-rw-r--r-- root/root      1111 2023-01-22 09:58 usr/share/logwatch/default.conf/services/zz-lm_sensors.conf
-rw-r--r-- root/root      1206 2023-01-22 09:58 usr/share/logwatch/default.conf/services/zz-network.conf
-rw-r--r-- root/root       684 2023-01-22 09:58 usr/share/logwatch/default.conf/services/zz-runtime.conf
-rw-r--r-- root/root       965 2023-01-22 09:58 usr/share/logwatch/default.conf/services/zz-sys.conf
-rw-r--r-- root/root       866 2023-01-22 09:58 usr/share/logwatch/default.conf/services/zz-zfs.conf
drwxr-xr-x root/root         0 2023-01-22 09:58 usr/share/logwatch/dist.conf/
drwxr-xr-x root/root         0 2023-01-22 09:58 usr/share/logwatch/dist.conf/logfiles/
drwxr-xr-x root/root         0 2023-01-22 09:58 usr/share/logwatch/dist.conf/services/
drwxr-xr-x root/root         0 2023-01-22 09:58 usr/share/logwatch/lib/
-rw-r--r-- root/root     17981 2023-01-22 09:58 usr/share/logwatch/lib/Logwatch.pm
drwxr-xr-x root/root         0 2023-01-22 09:58 usr/share/logwatch/scripts/
drwxr-xr-x root/root         0 2023-01-22 09:58 usr/share/logwatch/scripts/logfiles/
drwxr-xr-x root/root         0 2023-01-22 09:58 usr/share/logwatch/scripts/logfiles/autorpm/
-rw-r--r-- root/root      1542 2023-01-22 09:58 usr/share/logwatch/scripts/logfiles/autorpm/applydate
drwxr-xr-x root/root         0 2023-01-22 09:58 usr/share/logwatch/scripts/logfiles/cron/
-rw-r--r-- root/root      2525 2023-01-22 09:58 usr/share/logwatch/scripts/logfiles/cron/applydate
drwxr-xr-x root/root         0 2023-01-22 09:58 usr/share/logwatch/scripts/logfiles/emerge/
-rw-r--r-- root/root      2847 2023-01-22 09:58 usr/share/logwatch/scripts/logfiles/emerge/applydate
drwxr-xr-x root/root         0 2023-01-22 09:58 usr/share/logwatch/scripts/logfiles/samba/
-rw-r--r-- root/root      2357 2023-01-22 09:58 usr/share/logwatch/scripts/logfiles/samba/applydate
-rw-r--r-- root/root      1565 2023-01-22 09:58 usr/share/logwatch/scripts/logfiles/samba/removeheaders
drwxr-xr-x root/root         0 2023-01-22 09:58 usr/share/logwatch/scripts/logfiles/up2date/
-rw-r--r-- root/root      1548 2023-01-22 09:58 usr/share/logwatch/scripts/logfiles/up2date/applydate
-rw-r--r-- root/root      1253 2023-01-22 09:58 usr/share/logwatch/scripts/logfiles/up2date/removeheaders
drwxr-xr-x root/root         0 2023-01-22 09:58 usr/share/logwatch/scripts/logfiles/xferlog/
-rw-r--r-- root/root      1546 2023-01-22 09:58 usr/share/logwatch/scripts/logfiles/xferlog/applydate
-rw-r--r-- root/root      1255 2023-01-22 09:58 usr/share/logwatch/scripts/logfiles/xferlog/removeheaders
drwxr-xr-x root/root         0 2023-01-22 09:58 usr/share/logwatch/scripts/logfiles/yum/
-rw-r--r-- root/root      1781 2023-01-22 09:58 usr/share/logwatch/scripts/logfiles/yum/applydate
-rwxr-xr-x root/root     63824 2023-01-22 09:58 usr/share/logwatch/scripts/logwatch.pl
drwxr-xr-x root/root         0 2023-01-22 09:58 usr/share/logwatch/scripts/services/
-rw-r--r-- root/root      4169 2023-01-22 09:58 usr/share/logwatch/scripts/services/afpd
-rw-r--r-- root/root    180974 2023-01-22 09:58 usr/share/logwatch/scripts/services/amavis
-rw-r--r-- root/root      1678 2023-01-22 09:58 usr/share/logwatch/scripts/services/arpwatch
-rw-r--r-- root/root     15958 2023-01-22 09:58 usr/share/logwatch/scripts/services/audit
-rw-r--r-- root/root      5678 2023-01-22 09:58 usr/share/logwatch/scripts/services/automount
-rw-r--r-- root/root      2317 2023-01-22 09:58 usr/share/logwatch/scripts/services/autorpm
-rw-r--r-- root/root     13014 2023-01-22 09:58 usr/share/logwatch/scripts/services/barracuda
-rw-r--r-- root/root      2126 2023-01-22 09:58 usr/share/logwatch/scripts/services/bfd
-rw-r--r-- root/root     48088 2023-01-22 09:58 usr/share/logwatch/scripts/services/cisco
-rw-r--r-- root/root     60212 2023-01-22 09:58 usr/share/logwatch/scripts/services/citadel
-rw-r--r-- root/root      7826 2023-01-22 09:58 usr/share/logwatch/scripts/services/clam-update
-rw-r--r-- root/root      6882 2023-01-22 09:58 usr/share/logwatch/scripts/services/clamav
-rw-r--r-- root/root      4958 2023-01-22 09:58 usr/share/logwatch/scripts/services/clamav-milter
-rw-r--r-- root/root     23615 2023-01-22 09:58 usr/share/logwatch/scripts/services/courier
-rw-r--r-- root/root     14593 2023-01-22 09:58 usr/share/logwatch/scripts/services/cron
-rw-r--r-- root/root      1701 2023-01-22 09:58 usr/share/logwatch/scripts/services/denyhosts
-rw-r--r-- root/root     13379 2023-01-22 09:58 usr/share/logwatch/scripts/services/dhcpd
-rw-r--r-- root/root      7340 2023-01-22 09:58 usr/share/logwatch/scripts/services/dirsrv
-rw-r--r-- root/root      5314 2023-01-22 09:58 usr/share/logwatch/scripts/services/dnf-rpm
-rw-r--r-- root/root      5154 2023-01-22 09:58 usr/share/logwatch/scripts/services/dnssec
-rw-r--r-- root/root     27706 2023-01-22 09:58 usr/share/logwatch/scripts/services/dovecot
-rw-r--r-- root/root      2711 2023-01-22 09:58 usr/share/logwatch/scripts/services/dpkg
-rw-r--r-- root/root      6790 2023-01-22 09:58 usr/share/logwatch/scripts/services/dropbear
-rw-r--r-- root/root      5118 2023-01-22 09:58 usr/share/logwatch/scripts/services/emerge
-rw-r--r-- root/root      8677 2023-01-22 09:58 usr/share/logwatch/scripts/services/evtapplication
-rw-r--r-- root/root      7757 2023-01-22 09:58 usr/share/logwatch/scripts/services/evtmswindows
-rw-r--r-- root/root     15638 2023-01-22 09:58 usr/share/logwatch/scripts/services/evtsecurity
-rw-r--r-- root/root     16222 2023-01-22 09:58 usr/share/logwatch/scripts/services/evtsystem
-rw-r--r-- root/root     29937 2023-01-22 09:58 usr/share/logwatch/scripts/services/exim
-rw-r--r-- root/root      2199 2023-01-22 09:58 usr/share/logwatch/scripts/services/eximstats
-rw-r--r-- root/root     12293 2023-01-22 09:58 usr/share/logwatch/scripts/services/extreme-networks
-rw-r--r-- root/root     12568 2023-01-22 09:58 usr/share/logwatch/scripts/services/fail2ban
-rw-r--r-- root/root      3869 2023-01-22 09:58 usr/share/logwatch/scripts/services/fetchmail
-rw-r--r-- root/root     11259 2023-01-22 09:58 usr/share/logwatch/scripts/services/freeradius
-rw-r--r-- root/root      8379 2023-01-22 09:58 usr/share/logwatch/scripts/services/ftpd-messages
-rw-r--r-- root/root      6797 2023-01-22 09:58 usr/share/logwatch/scripts/services/ftpd-xferlog
-rw-r--r-- root/root     25205 2023-01-22 09:58 usr/share/logwatch/scripts/services/http
-rw-r--r-- root/root      4659 2023-01-22 09:58 usr/share/logwatch/scripts/services/http-error
-rw-r--r-- root/root      6087 2023-01-22 09:58 usr/share/logwatch/scripts/services/identd
-rw-r--r-- root/root     13077 2023-01-22 09:58 usr/share/logwatch/scripts/services/imapd
-rw-r--r-- root/root      5374 2023-01-22 09:58 usr/share/logwatch/scripts/services/in.qpopper
-rw-r--r-- root/root      3985 2023-01-22 09:58 usr/share/logwatch/scripts/services/init
-rw-r--r-- root/root      3986 2023-01-22 09:58 usr/share/logwatch/scripts/services/ipop3d
-rw-r--r-- root/root     15713 2023-01-22 09:58 usr/share/logwatch/scripts/services/iptables
-rw-r--r-- root/root     10960 2023-01-22 09:58 usr/share/logwatch/scripts/services/kernel
-rw-r--r-- root/root      2605 2023-01-22 09:58 usr/share/logwatch/scripts/services/knockd
-rw-r--r-- root/root      6100 2023-01-22 09:58 usr/share/logwatch/scripts/services/lvm
-rw-r--r-- root/root     29865 2023-01-22 09:58 usr/share/logwatch/scripts/services/mailscanner
-rw-r--r-- root/root      4576 2023-01-22 09:58 usr/share/logwatch/scripts/services/mdadm
-rw-r--r-- root/root      7808 2023-01-22 09:58 usr/share/logwatch/scripts/services/mod_security2
-rw-r--r-- root/root      3495 2023-01-22 09:58 usr/share/logwatch/scripts/services/modprobe
-rw-r--r-- root/root      4861 2023-01-22 09:58 usr/share/logwatch/scripts/services/mountd
-rw-r--r-- root/root      5012 2023-01-22 09:58 usr/share/logwatch/scripts/services/mysql
-rw-r--r-- root/root      5192 2023-01-22 09:58 usr/share/logwatch/scripts/services/mysql-mmm
-rw-r--r-- root/root     43719 2023-01-22 09:58 usr/share/logwatch/scripts/services/named
-rw-r--r-- root/root     16566 2023-01-22 09:58 usr/share/logwatch/scripts/services/netopia
-rw-r--r-- root/root     22694 2023-01-22 09:58 usr/share/logwatch/scripts/services/netscreen
-rw-r--r-- root/root     10395 2023-01-22 09:58 usr/share/logwatch/scripts/services/nut
-rw-r--r-- root/root      4714 2023-01-22 09:58 usr/share/logwatch/scripts/services/oidentd
-rw-r--r-- root/root      5830 2023-01-22 09:58 usr/share/logwatch/scripts/services/omsa
-rw-r--r-- root/root     17671 2023-01-22 09:58 usr/share/logwatch/scripts/services/openvpn
-rw-r--r-- root/root      2229 2023-01-22 09:58 usr/share/logwatch/scripts/services/pam
-rw-r--r-- root/root      8686 2023-01-22 09:58 usr/share/logwatch/scripts/services/pam_pwdb
-rw-r--r-- root/root     13706 2023-01-22 09:58 usr/share/logwatch/scripts/services/pam_unix
-rw-r--r-- root/root      5200 2023-01-22 09:58 usr/share/logwatch/scripts/services/php
-rw-r--r-- root/root     13948 2023-01-22 09:58 usr/share/logwatch/scripts/services/pix
-rw-r--r-- root/root     12497 2023-01-22 09:58 usr/share/logwatch/scripts/services/pluto
-rw-r--r-- root/root     16479 2023-01-22 09:58 usr/share/logwatch/scripts/services/pop3
-rw-r--r-- root/root      5682 2023-01-22 09:58 usr/share/logwatch/scripts/services/portsentry
-rw-r--r-- root/root    249598 2023-01-22 09:58 usr/share/logwatch/scripts/services/postfix
-rw-r--r-- root/root      5767 2023-01-22 09:58 usr/share/logwatch/scripts/services/postgresql
-rw-r--r-- root/root      3975 2023-01-22 09:58 usr/share/logwatch/scripts/services/pound
-rw-r--r-- root/root     10032 2023-01-22 09:58 usr/share/logwatch/scripts/services/proftpd-messages
-rw-r--r-- root/root     11359 2023-01-22 09:58 usr/share/logwatch/scripts/services/puppet
-rw-r--r-- root/root      7822 2023-01-22 09:58 usr/share/logwatch/scripts/services/pureftpd
-rw-r--r-- root/root      6473 2023-01-22 09:58 usr/share/logwatch/scripts/services/qmail
-rw-r--r-- root/root      4687 2023-01-22 09:58 usr/share/logwatch/scripts/services/qmail-pop3d
-rw-r--r-- root/root      4176 2023-01-22 09:58 usr/share/logwatch/scripts/services/qmail-pop3ds
-rw-r--r-- root/root     20441 2023-01-22 09:58 usr/share/logwatch/scripts/services/qmail-send
-rw-r--r-- root/root     60328 2023-01-22 09:58 usr/share/logwatch/scripts/services/qmail-smtpd
-rw-r--r-- root/root      2131 2023-01-22 09:58 usr/share/logwatch/scripts/services/raid
-rw-r--r-- root/root      3560 2023-01-22 09:58 usr/share/logwatch/scripts/services/resolver
-rw-r--r-- root/root      4343 2023-01-22 09:58 usr/share/logwatch/scripts/services/rsnapshot
-rw-r--r-- root/root      6549 2023-01-22 09:58 usr/share/logwatch/scripts/services/rsyslogd
-rw-r--r-- root/root      4366 2023-01-22 09:58 usr/share/logwatch/scripts/services/rt314
-rw-r--r-- root/root     25759 2023-01-22 09:58 usr/share/logwatch/scripts/services/samba
-rw-r--r-- root/root      3665 2023-01-22 09:58 usr/share/logwatch/scripts/services/saslauthd
-rw-r--r-- root/root      2864 2023-01-22 09:58 usr/share/logwatch/scripts/services/scsi
-rw-r--r-- root/root     43478 2023-01-22 09:58 usr/share/logwatch/scripts/services/secure
-rw-r--r-- root/root     92367 2023-01-22 09:58 usr/share/logwatch/scripts/services/sendmail
-rw-r--r-- root/root      2747 2023-01-22 09:58 usr/share/logwatch/scripts/services/sendmail-largeboxes
-rw-r--r-- root/root      5078 2023-01-22 09:58 usr/share/logwatch/scripts/services/shaperd
-rw-r--r-- root/root      4521 2023-01-22 09:58 usr/share/logwatch/scripts/services/slon
-rw-r--r-- root/root     16774 2023-01-22 09:58 usr/share/logwatch/scripts/services/smartd
-rw-r--r-- root/root     26896 2023-01-22 09:58 usr/share/logwatch/scripts/services/sonicwall
-rw-r--r-- root/root      7791 2023-01-22 09:58 usr/share/logwatch/scripts/services/spamassassin
-rw-r--r-- root/root     38520 2023-01-22 09:58 usr/share/logwatch/scripts/services/sshd
-rw-r--r-- root/root      2345 2023-01-22 09:58 usr/share/logwatch/scripts/services/sshd2
-rw-r--r-- root/root      6389 2023-01-22 09:58 usr/share/logwatch/scripts/services/sssd
-rw-r--r-- root/root      6411 2023-01-22 09:58 usr/share/logwatch/scripts/services/stunnel
-rw-r--r-- root/root      6230 2023-01-22 09:58 usr/share/logwatch/scripts/services/sudo
-rw-r--r-- root/root     26174 2023-01-22 09:58 usr/share/logwatch/scripts/services/syslog-ng
-rw-r--r-- root/root      2312 2023-01-22 09:58 usr/share/logwatch/scripts/services/syslogd
-rw-r--r-- root/root     18685 2023-01-22 09:58 usr/share/logwatch/scripts/services/systemd
-rw-r--r-- root/root      4148 2023-01-22 09:58 usr/share/logwatch/scripts/services/tac_acc
-rw-r--r-- root/root      4629 2023-01-22 09:58 usr/share/logwatch/scripts/services/tivoli-smc
-rw-r--r-- root/root      5241 2023-01-22 09:58 usr/share/logwatch/scripts/services/up2date
-rw-r--r-- root/root      8320 2023-01-22 09:58 usr/share/logwatch/scripts/services/vdr
-rw-r--r-- root/root      4112 2023-01-22 09:58 usr/share/logwatch/scripts/services/vpopmail
-rw-r--r-- root/root      9649 2023-01-22 09:58 usr/share/logwatch/scripts/services/vsftpd
-rw-r--r-- root/root     16951 2023-01-22 09:58 usr/share/logwatch/scripts/services/windows
-rw-r--r-- root/root     10707 2023-01-22 09:58 usr/share/logwatch/scripts/services/xntpd
-rw-r--r-- root/root      3017 2023-01-22 09:58 usr/share/logwatch/scripts/services/yum
-rw-r--r-- root/root      2866 2023-01-22 09:58 usr/share/logwatch/scripts/services/zypp
-rw-r--r-- root/root      6580 2023-01-22 09:58 usr/share/logwatch/scripts/services/zz-disk_space
-rw-r--r-- root/root      3347 2023-01-22 09:58 usr/share/logwatch/scripts/services/zz-lm_sensors
-rw-r--r-- root/root      7181 2023-01-22 09:58 usr/share/logwatch/scripts/services/zz-network
-rw-r--r-- root/root      1472 2023-01-22 09:58 usr/share/logwatch/scripts/services/zz-runtime
-rw-r--r-- root/root      2912 2023-01-22 09:58 usr/share/logwatch/scripts/services/zz-sys
-rw-r--r-- root/root      6122 2023-01-22 09:58 usr/share/logwatch/scripts/services/zz-zfs
drwxr-xr-x root/root         0 2023-01-22 09:58 usr/share/logwatch/scripts/shared/
-rw-r--r-- root/root      2775 2023-01-22 09:58 usr/share/logwatch/scripts/shared/applybinddate
-rw-r--r-- root/root      1730 2023-01-22 09:58 usr/share/logwatch/scripts/shared/applyeurodate
-rw-r--r-- root/root      1522 2023-01-22 09:58 usr/share/logwatch/scripts/shared/applyhttpdate
-rw-r--r-- root/root      2225 2023-01-22 09:58 usr/share/logwatch/scripts/shared/applystddate
-rw-r--r-- root/root      3096 2023-01-22 09:58 usr/share/logwatch/scripts/shared/applytaidate
-rw-r--r-- root/root      1508 2023-01-22 09:58 usr/share/logwatch/scripts/shared/applyusdate
-rw-r--r-- root/root      2038 2023-01-22 09:58 usr/share/logwatch/scripts/shared/eventlogonlyservice
-rw-r--r-- root/root      2825 2023-01-22 09:58 usr/share/logwatch/scripts/shared/eventlogremoveservice
-rw-r--r-- root/root      1641 2023-01-22 09:58 usr/share/logwatch/scripts/shared/expandrepeats
-rw-r--r-- root/root      1557 2023-01-22 09:58 usr/share/logwatch/scripts/shared/hosthash
-rw-r--r-- root/root      1812 2023-01-22 09:58 usr/share/logwatch/scripts/shared/hostlist
-rw-r--r-- root/root      3464 2023-01-22 09:58 usr/share/logwatch/scripts/shared/journalctl
-rw-r--r-- root/root      1941 2023-01-22 09:58 usr/share/logwatch/scripts/shared/multiservice
-rw-r--r-- root/root      1202 2023-01-22 09:58 usr/share/logwatch/scripts/shared/onlycontains
-rw-r--r-- root/root      2062 2023-01-22 09:58 usr/share/logwatch/scripts/shared/onlyhost
-rw-r--r-- root/root      1683 2023-01-22 09:58 usr/share/logwatch/scripts/shared/onlyservice
-rw-r--r-- root/root      1227 2023-01-22 09:58 usr/share/logwatch/scripts/shared/remove
-rw-r--r-- root/root      1927 2023-01-22 09:58 usr/share/logwatch/scripts/shared/removeheaders
-rw-r--r-- root/root      1889 2023-01-22 09:58 usr/share/logwatch/scripts/shared/removeservice
drwxr-xr-x root/root         0 2023-01-22 09:58 var/
drwxr-xr-x root/root         0 2023-01-22 09:58 var/cache/
drwxr-xr-x root/root         0 2023-01-22 09:58 var/cache/logwatch/


