++========================================
||
||   Package:  ./double-conversion/double-conversion-3.1.5-x86_64-1cf.txz
||
++========================================
drwxr-xr-x root/root         0 2020-05-02 13:10 ./
drwxr-xr-x root/root         0 2020-05-02 13:10 install/
-rw-r--r-- root/root       260 2020-05-02 13:10 install/doinst.sh
-rw-r--r-- root/root       870 2020-05-02 13:10 install/slack-desc
drwxr-xr-x root/root         0 2020-05-02 13:10 usr/
drwxr-xr-x root/root         0 2020-05-02 13:10 usr/doc/
drwxr-xr-x root/root         0 2020-05-02 13:10 usr/doc/double-conversion-3.1.5/
-rw-r--r-- root/root       400 2019-05-26 01:53 usr/doc/double-conversion-3.1.5/AUTHORS
-rw-r--r-- root/root      1527 2019-05-26 01:53 usr/doc/double-conversion-3.1.5/COPYING
-rw-r--r-- root/root      1527 2019-05-26 01:53 usr/doc/double-conversion-3.1.5/LICENSE
-rw-r--r-- root/root      1510 2019-05-26 01:53 usr/doc/double-conversion-3.1.5/README.md
-rw-r--r-- root/root        65 2019-05-26 01:53 usr/doc/double-conversion-3.1.5/WORKSPACE
-rw-r--r-- root/root      3500 2020-05-02 13:10 usr/doc/double-conversion-3.1.5/double-conversion.SlackBuild
drwxr-xr-x root/root         0 2020-05-02 13:10 usr/include/
drwxr-xr-x root/root         0 2020-05-02 13:10 usr/include/double-conversion/
-rw-r--r-- root/root      5480 2019-05-26 01:53 usr/include/double-conversion/bignum.h
-rw-r--r-- root/root      3027 2019-05-26 01:53 usr/include/double-conversion/cached-powers.h
-rw-r--r-- root/root      4086 2019-05-26 01:53 usr/include/double-conversion/diy-fp.h
-rw-r--r-- root/root     27911 2019-05-26 01:53 usr/include/double-conversion/double-conversion.h
-rw-r--r-- root/root      4064 2019-05-26 01:53 usr/include/double-conversion/fast-dtoa.h
-rw-r--r-- root/root      2770 2019-05-26 01:53 usr/include/double-conversion/fixed-dtoa.h
-rw-r--r-- root/root     13524 2019-05-26 01:53 usr/include/double-conversion/ieee.h
-rw-r--r-- root/root      2209 2019-05-26 01:53 usr/include/double-conversion/strtod.h
-rw-r--r-- root/root     12528 2019-05-26 01:53 usr/include/double-conversion/utils.h
drwxr-xr-x root/root         0 2020-05-02 13:10 usr/lib64/
drwxr-xr-x root/root         0 2020-05-02 13:10 usr/lib64/cmake/
drwxr-xr-x root/root         0 2020-05-02 13:10 usr/lib64/cmake/double-conversion/
-rw-r--r-- root/root      1368 2020-05-02 13:10 usr/lib64/cmake/double-conversion/double-conversionConfig.cmake
-rw-r--r-- root/root      1722 2020-05-02 13:10 usr/lib64/cmake/double-conversion/double-conversionConfigVersion.cmake
-rw-r--r-- root/root       985 2020-05-02 13:10 usr/lib64/cmake/double-conversion/double-conversionTargets-release.cmake
-rw-r--r-- root/root      3734 2020-05-02 13:10 usr/lib64/cmake/double-conversion/double-conversionTargets.cmake
-rwxr-xr-x root/root     55632 2020-05-02 13:10 usr/lib64/libdouble-conversion.so.3.1.5


