++========================================
||
||   Package:  ./libmp3splt/libmp3splt-0.9.2-x86_64-5cf.txz
||
++========================================
drwxr-xr-x root/root         0 2020-10-05 11:43 ./
drwxr-xr-x root/root         0 2020-10-05 11:43 install/
-rw-r--r-- root/root       984 2020-10-05 11:43 install/doinst.sh
-rw-r--r-- root/root       912 2020-10-05 11:43 install/slack-desc
drwxr-xr-x root/root         0 2020-10-05 11:43 usr/
drwxr-xr-x root/root         0 2020-10-05 11:43 usr/doc/
drwxr-xr-x root/root         0 2020-10-05 11:43 usr/doc/libmp3splt-0.9.2/
-rw-r--r-- root/root     45213 2012-09-12 22:18 usr/doc/libmp3splt-0.9.2/ABOUT-NLS
-rw-r--r-- root/root      1290 2014-10-12 11:57 usr/doc/libmp3splt-0.9.2/AUTHORS
-rw-r--r-- root/root     18093 2014-03-23 00:51 usr/doc/libmp3splt-0.9.2/COPYING
-rw-r--r-- root/root     17558 2014-11-09 16:02 usr/doc/libmp3splt-0.9.2/ChangeLog
-rw-r--r-- root/root     15578 2012-09-12 22:18 usr/doc/libmp3splt-0.9.2/INSTALL
-rw-r--r-- root/root       112 2012-09-12 22:18 usr/doc/libmp3splt-0.9.2/LIMITS
-rw-r--r-- root/root      1854 2014-11-09 15:58 usr/doc/libmp3splt-0.9.2/NEWS
-rw-r--r-- root/root      1373 2014-11-09 17:48 usr/doc/libmp3splt-0.9.2/README
-rw-r--r-- root/root         0 2014-03-23 00:51 usr/doc/libmp3splt-0.9.2/TODO
drwxr-xr-x root/root         0 2020-10-05 11:43 usr/doc/libmp3splt-0.9.2/doxygen/
-rw-r--r-- root/root      5057 2020-10-05 11:43 usr/doc/libmp3splt-0.9.2/doxygen/annotated.html
-rw-r--r-- root/root       201 2020-10-05 11:43 usr/doc/libmp3splt-0.9.2/doxygen/annotated_dup.js
-rw-r--r-- root/root       676 2020-10-05 11:43 usr/doc/libmp3splt-0.9.2/doxygen/bc_s.png
-rw-r--r-- root/root       147 2020-10-05 11:43 usr/doc/libmp3splt-0.9.2/doxygen/bdwn.png
-rw-r--r-- root/root      4934 2020-10-05 11:43 usr/doc/libmp3splt-0.9.2/doxygen/classes.html
-rw-r--r-- root/root       132 2020-10-05 11:43 usr/doc/libmp3splt-0.9.2/doxygen/closed.png
-rw-r--r-- root/root      4433 2020-10-05 11:43 usr/doc/libmp3splt-0.9.2/doxygen/dir_d44c64559bbebec7f509842c48db8b23.html
-rw-r--r-- root/root       153 2020-10-05 11:43 usr/doc/libmp3splt-0.9.2/doxygen/dir_d44c64559bbebec7f509842c48db8b23.js
-rw-r--r-- root/root      4760 2020-10-05 11:43 usr/doc/libmp3splt-0.9.2/doxygen/dir_f1bd7e83765e23cd342f57628576642f.html
-rw-r--r-- root/root       153 2020-10-05 11:43 usr/doc/libmp3splt-0.9.2/doxygen/dir_f1bd7e83765e23cd342f57628576642f.js
-rw-r--r-- root/root       746 2020-10-05 11:43 usr/doc/libmp3splt-0.9.2/doxygen/doc.png
-rw-r--r-- root/root     30445 2020-10-05 11:43 usr/doc/libmp3splt-0.9.2/doxygen/doxygen.css
-rw-r--r-- root/root     15382 2020-10-05 11:43 usr/doc/libmp3splt-0.9.2/doxygen/doxygen.svg
-rw-r--r-- root/root      4735 2020-10-05 11:43 usr/doc/libmp3splt-0.9.2/doxygen/dynsections.js
-rw-r--r-- root/root      4360 2020-10-05 11:43 usr/doc/libmp3splt-0.9.2/doxygen/examples.html
-rw-r--r-- root/root        72 2020-10-05 11:43 usr/doc/libmp3splt-0.9.2/doxygen/examples.js
-rw-r--r-- root/root      5855 2020-10-05 11:43 usr/doc/libmp3splt-0.9.2/doxygen/files.html
-rw-r--r-- root/root       123 2020-10-05 11:43 usr/doc/libmp3splt-0.9.2/doxygen/files_dup.js
-rw-r--r-- root/root       616 2020-10-05 11:43 usr/doc/libmp3splt-0.9.2/doxygen/folderclosed.png
-rw-r--r-- root/root       597 2020-10-05 11:43 usr/doc/libmp3splt-0.9.2/doxygen/folderopen.png
-rw-r--r-- root/root      6622 2020-10-05 11:43 usr/doc/libmp3splt-0.9.2/doxygen/functions.html
-rw-r--r-- root/root      6499 2020-10-05 11:43 usr/doc/libmp3splt-0.9.2/doxygen/functions_vars.html
-rw-r--r-- root/root     15613 2020-10-05 11:43 usr/doc/libmp3splt-0.9.2/doxygen/globals.html
-rw-r--r-- root/root      7760 2020-10-05 11:43 usr/doc/libmp3splt-0.9.2/doxygen/globals_defs.html
-rw-r--r-- root/root        93 2020-10-05 11:43 usr/doc/libmp3splt-0.9.2/doxygen/globals_dup.js
-rw-r--r-- root/root      5808 2020-10-05 11:43 usr/doc/libmp3splt-0.9.2/doxygen/globals_enum.html
-rw-r--r-- root/root     17086 2020-10-05 11:43 usr/doc/libmp3splt-0.9.2/doxygen/globals_eval.html
-rw-r--r-- root/root     15349 2020-10-05 11:43 usr/doc/libmp3splt-0.9.2/doxygen/globals_func.html
-rw-r--r-- root/root     23892 2020-10-05 11:43 usr/doc/libmp3splt-0.9.2/doxygen/globals_s.html
-rw-r--r-- root/root      5494 2020-10-05 11:43 usr/doc/libmp3splt-0.9.2/doxygen/globals_type.html
-rw-r--r-- root/root      4254 2020-10-05 11:43 usr/doc/libmp3splt-0.9.2/doxygen/globals_vars.html
-rw-r--r-- root/root      6055 2020-10-05 11:43 usr/doc/libmp3splt-0.9.2/doxygen/group__libmp3splt__version.html
-rw-r--r-- root/root     40358 2020-10-05 11:43 usr/doc/libmp3splt-0.9.2/doxygen/group__splt__callback__.html
-rw-r--r-- root/root      2769 2020-10-05 11:43 usr/doc/libmp3splt-0.9.2/doxygen/group__splt__callback__.js
-rw-r--r-- root/root     13792 2020-10-05 11:43 usr/doc/libmp3splt-0.9.2/doxygen/group__splt__error__codes__.html
-rw-r--r-- root/root       417 2020-10-05 11:43 usr/doc/libmp3splt-0.9.2/doxygen/group__splt__error__codes__.js
-rw-r--r-- root/root     10463 2020-10-05 11:43 usr/doc/libmp3splt-0.9.2/doxygen/group__splt__export__.html
-rw-r--r-- root/root       304 2020-10-05 11:43 usr/doc/libmp3splt-0.9.2/doxygen/group__splt__export__.js
-rw-r--r-- root/root     22714 2020-10-05 11:43 usr/doc/libmp3splt-0.9.2/doxygen/group__splt__filepaths__.html
-rw-r--r-- root/root       924 2020-10-05 11:43 usr/doc/libmp3splt-0.9.2/doxygen/group__splt__filepaths__.js
-rw-r--r-- root/root     49091 2020-10-05 11:43 usr/doc/libmp3splt-0.9.2/doxygen/group__splt__import__.html
-rw-r--r-- root/root      2270 2020-10-05 11:43 usr/doc/libmp3splt-0.9.2/doxygen/group__splt__import__.js
-rw-r--r-- root/root    109149 2020-10-05 11:43 usr/doc/libmp3splt-0.9.2/doxygen/group__splt__options__.html
-rw-r--r-- root/root     12805 2020-10-05 11:43 usr/doc/libmp3splt-0.9.2/doxygen/group__splt__options__.js
-rw-r--r-- root/root     14254 2020-10-05 11:43 usr/doc/libmp3splt-0.9.2/doxygen/group__splt__other__.html
-rw-r--r-- root/root       747 2020-10-05 11:43 usr/doc/libmp3splt-0.9.2/doxygen/group__splt__other__.js
-rw-r--r-- root/root     40871 2020-10-05 11:43 usr/doc/libmp3splt-0.9.2/doxygen/group__splt__plugin__api.html
-rw-r--r-- root/root     14830 2020-10-05 11:43 usr/doc/libmp3splt-0.9.2/doxygen/group__splt__plugin__api.js
-rw-r--r-- root/root     13250 2020-10-05 11:43 usr/doc/libmp3splt-0.9.2/doxygen/group__splt__split__.html
-rw-r--r-- root/root       414 2020-10-05 11:43 usr/doc/libmp3splt-0.9.2/doxygen/group__splt__split__.js
-rw-r--r-- root/root     36876 2020-10-05 11:43 usr/doc/libmp3splt-0.9.2/doxygen/group__splt__splitpoints__.html
-rw-r--r-- root/root      1919 2020-10-05 11:43 usr/doc/libmp3splt-0.9.2/doxygen/group__splt__splitpoints__.js
-rw-r--r-- root/root     15559 2020-10-05 11:43 usr/doc/libmp3splt-0.9.2/doxygen/group__splt__state__.html
-rw-r--r-- root/root       536 2020-10-05 11:43 usr/doc/libmp3splt-0.9.2/doxygen/group__splt__state__.js
-rw-r--r-- root/root     54445 2020-10-05 11:43 usr/doc/libmp3splt-0.9.2/doxygen/group__splt__tags__.html
-rw-r--r-- root/root      2521 2020-10-05 11:43 usr/doc/libmp3splt-0.9.2/doxygen/group__splt__tags__.js
-rw-r--r-- root/root     17374 2020-10-05 11:43 usr/doc/libmp3splt-0.9.2/doxygen/group__splt__wrap__.html
-rw-r--r-- root/root       711 2020-10-05 11:43 usr/doc/libmp3splt-0.9.2/doxygen/group__splt__wrap__.js
-rw-r--r-- root/root      4866 2020-10-05 11:43 usr/doc/libmp3splt-0.9.2/doxygen/group__using__libmp3splt.html
-rw-r--r-- root/root       141 2020-10-05 11:43 usr/doc/libmp3splt-0.9.2/doxygen/group__using__libmp3splt.js
-rw-r--r-- root/root      6688 2020-10-05 11:43 usr/doc/libmp3splt-0.9.2/doxygen/index.html
-rw-r--r-- root/root    175457 2020-10-05 11:43 usr/doc/libmp3splt-0.9.2/doxygen/jquery.js
-rw-r--r-- root/root     14865 2020-10-05 11:43 usr/doc/libmp3splt-0.9.2/doxygen/libmp3splt_ico.svg
-rw-r--r-- root/root     19878 2020-10-05 11:43 usr/doc/libmp3splt-0.9.2/doxygen/minimal_8c-example.html
-rw-r--r-- root/root      9664 2020-10-05 11:43 usr/doc/libmp3splt-0.9.2/doxygen/modules.html
-rw-r--r-- root/root       167 2020-10-05 11:43 usr/doc/libmp3splt-0.9.2/doxygen/modules.js
-rw-r--r-- root/root     95589 2020-10-05 11:43 usr/doc/libmp3splt-0.9.2/doxygen/mp3splt_8h.html
-rw-r--r-- root/root     40651 2020-10-05 11:43 usr/doc/libmp3splt-0.9.2/doxygen/mp3splt_8h.js
-rw-r--r-- root/root    223387 2020-10-05 11:43 usr/doc/libmp3splt-0.9.2/doxygen/mp3splt_8h_source.html
-rw-r--r-- root/root       153 2020-10-05 11:43 usr/doc/libmp3splt-0.9.2/doxygen/nav_f.png
-rw-r--r-- root/root        95 2020-10-05 11:43 usr/doc/libmp3splt-0.9.2/doxygen/nav_g.png
-rw-r--r-- root/root        98 2020-10-05 11:43 usr/doc/libmp3splt-0.9.2/doxygen/nav_h.png
-rw-r--r-- root/root      2087 2020-10-05 11:43 usr/doc/libmp3splt-0.9.2/doxygen/navtree.css
-rw-r--r-- root/root     15609 2020-10-05 11:43 usr/doc/libmp3splt-0.9.2/doxygen/navtree.js
-rw-r--r-- root/root      2609 2020-10-05 11:43 usr/doc/libmp3splt-0.9.2/doxygen/navtreedata.js
-rw-r--r-- root/root     24170 2020-10-05 11:43 usr/doc/libmp3splt-0.9.2/doxygen/navtreeindex0.js
-rw-r--r-- root/root     28259 2020-10-05 11:43 usr/doc/libmp3splt-0.9.2/doxygen/navtreeindex1.js
-rw-r--r-- root/root     14533 2020-10-05 11:43 usr/doc/libmp3splt-0.9.2/doxygen/navtreeindex2.js
-rw-r--r-- root/root       123 2020-10-05 11:43 usr/doc/libmp3splt-0.9.2/doxygen/open.png
-rw-r--r-- root/root      5054 2020-10-05 11:43 usr/doc/libmp3splt-0.9.2/doxygen/resize.js
drwxr-xr-x root/root         0 2020-10-05 11:43 usr/doc/libmp3splt-0.9.2/doxygen/search/
-rw-r--r-- root/root      1422 2020-10-05 11:43 usr/doc/libmp3splt-0.9.2/doxygen/search/all_0.html
-rw-r--r-- root/root        94 2020-10-05 11:43 usr/doc/libmp3splt-0.9.2/doxygen/search/all_0.js
-rw-r--r-- root/root      1422 2020-10-05 11:43 usr/doc/libmp3splt-0.9.2/doxygen/search/all_1.html
-rw-r--r-- root/root       257 2020-10-05 11:43 usr/doc/libmp3splt-0.9.2/doxygen/search/all_1.js
-rw-r--r-- root/root      1422 2020-10-05 11:43 usr/doc/libmp3splt-0.9.2/doxygen/search/all_2.html
-rw-r--r-- root/root       238 2020-10-05 11:43 usr/doc/libmp3splt-0.9.2/doxygen/search/all_2.js
-rw-r--r-- root/root      1422 2020-10-05 11:43 usr/doc/libmp3splt-0.9.2/doxygen/search/all_3.html
-rw-r--r-- root/root       348 2020-10-05 11:43 usr/doc/libmp3splt-0.9.2/doxygen/search/all_3.js
-rw-r--r-- root/root      1422 2020-10-05 11:43 usr/doc/libmp3splt-0.9.2/doxygen/search/all_4.html
-rw-r--r-- root/root     12902 2020-10-05 11:43 usr/doc/libmp3splt-0.9.2/doxygen/search/all_4.js
-rw-r--r-- root/root      1422 2020-10-05 11:43 usr/doc/libmp3splt-0.9.2/doxygen/search/all_5.html
-rw-r--r-- root/root       137 2020-10-05 11:43 usr/doc/libmp3splt-0.9.2/doxygen/search/all_5.js
-rw-r--r-- root/root      1422 2020-10-05 11:43 usr/doc/libmp3splt-0.9.2/doxygen/search/all_6.html
-rw-r--r-- root/root       176 2020-10-05 11:43 usr/doc/libmp3splt-0.9.2/doxygen/search/all_6.js
-rw-r--r-- root/root      1422 2020-10-05 11:43 usr/doc/libmp3splt-0.9.2/doxygen/search/all_7.html
-rw-r--r-- root/root       141 2020-10-05 11:43 usr/doc/libmp3splt-0.9.2/doxygen/search/all_7.js
-rw-r--r-- root/root      1422 2020-10-05 11:43 usr/doc/libmp3splt-0.9.2/doxygen/search/all_8.html
-rw-r--r-- root/root     24535 2020-10-05 11:43 usr/doc/libmp3splt-0.9.2/doxygen/search/all_8.js
-rw-r--r-- root/root      1422 2020-10-05 11:43 usr/doc/libmp3splt-0.9.2/doxygen/search/all_9.html
-rw-r--r-- root/root       102 2020-10-05 11:43 usr/doc/libmp3splt-0.9.2/doxygen/search/all_9.js
-rw-r--r-- root/root      1422 2020-10-05 11:43 usr/doc/libmp3splt-0.9.2/doxygen/search/all_a.html
-rw-r--r-- root/root       255 2020-10-05 11:43 usr/doc/libmp3splt-0.9.2/doxygen/search/all_a.js
-rw-r--r-- root/root      1422 2020-10-05 11:43 usr/doc/libmp3splt-0.9.2/doxygen/search/all_b.html
-rw-r--r-- root/root       221 2020-10-05 11:43 usr/doc/libmp3splt-0.9.2/doxygen/search/all_b.js
-rw-r--r-- root/root      1422 2020-10-05 11:43 usr/doc/libmp3splt-0.9.2/doxygen/search/all_c.html
-rw-r--r-- root/root       104 2020-10-05 11:43 usr/doc/libmp3splt-0.9.2/doxygen/search/all_c.js
-rw-r--r-- root/root      1426 2020-10-05 11:43 usr/doc/libmp3splt-0.9.2/doxygen/search/classes_0.html
-rw-r--r-- root/root       210 2020-10-05 11:43 usr/doc/libmp3splt-0.9.2/doxygen/search/classes_0.js
-rw-r--r-- root/root      1426 2020-10-05 11:43 usr/doc/libmp3splt-0.9.2/doxygen/search/defines_0.html
-rw-r--r-- root/root       238 2020-10-05 11:43 usr/doc/libmp3splt-0.9.2/doxygen/search/defines_0.js
-rw-r--r-- root/root      1424 2020-10-05 11:43 usr/doc/libmp3splt-0.9.2/doxygen/search/enums_0.html
-rw-r--r-- root/root      1853 2020-10-05 11:43 usr/doc/libmp3splt-0.9.2/doxygen/search/enums_0.js
-rw-r--r-- root/root      1429 2020-10-05 11:43 usr/doc/libmp3splt-0.9.2/doxygen/search/enumvalues_0.html
-rw-r--r-- root/root     14614 2020-10-05 11:43 usr/doc/libmp3splt-0.9.2/doxygen/search/enumvalues_0.js
-rw-r--r-- root/root      1424 2020-10-05 11:43 usr/doc/libmp3splt-0.9.2/doxygen/search/files_0.html
-rw-r--r-- root/root        85 2020-10-05 11:43 usr/doc/libmp3splt-0.9.2/doxygen/search/files_0.js
-rw-r--r-- root/root      1428 2020-10-05 11:43 usr/doc/libmp3splt-0.9.2/doxygen/search/functions_0.html
-rw-r--r-- root/root     12781 2020-10-05 11:43 usr/doc/libmp3splt-0.9.2/doxygen/search/functions_0.js
-rw-r--r-- root/root      1425 2020-10-05 11:43 usr/doc/libmp3splt-0.9.2/doxygen/search/groups_0.html
-rw-r--r-- root/root       261 2020-10-05 11:43 usr/doc/libmp3splt-0.9.2/doxygen/search/groups_0.js
-rw-r--r-- root/root      1425 2020-10-05 11:43 usr/doc/libmp3splt-0.9.2/doxygen/search/groups_1.html
-rw-r--r-- root/root       114 2020-10-05 11:43 usr/doc/libmp3splt-0.9.2/doxygen/search/groups_1.js
-rw-r--r-- root/root      1425 2020-10-05 11:43 usr/doc/libmp3splt-0.9.2/doxygen/search/groups_2.html
-rw-r--r-- root/root       354 2020-10-05 11:43 usr/doc/libmp3splt-0.9.2/doxygen/search/groups_2.js
-rw-r--r-- root/root      1425 2020-10-05 11:43 usr/doc/libmp3splt-0.9.2/doxygen/search/groups_3.html
-rw-r--r-- root/root       178 2020-10-05 11:43 usr/doc/libmp3splt-0.9.2/doxygen/search/groups_3.js
-rw-r--r-- root/root      1425 2020-10-05 11:43 usr/doc/libmp3splt-0.9.2/doxygen/search/groups_4.html
-rw-r--r-- root/root       142 2020-10-05 11:43 usr/doc/libmp3splt-0.9.2/doxygen/search/groups_4.js
-rw-r--r-- root/root      1425 2020-10-05 11:43 usr/doc/libmp3splt-0.9.2/doxygen/search/groups_5.html
-rw-r--r-- root/root       210 2020-10-05 11:43 usr/doc/libmp3splt-0.9.2/doxygen/search/groups_5.js
-rw-r--r-- root/root      1425 2020-10-05 11:43 usr/doc/libmp3splt-0.9.2/doxygen/search/groups_6.html
-rw-r--r-- root/root       102 2020-10-05 11:43 usr/doc/libmp3splt-0.9.2/doxygen/search/groups_6.js
-rw-r--r-- root/root      1425 2020-10-05 11:43 usr/doc/libmp3splt-0.9.2/doxygen/search/groups_7.html
-rw-r--r-- root/root       113 2020-10-05 11:43 usr/doc/libmp3splt-0.9.2/doxygen/search/groups_7.js
-rw-r--r-- root/root      1425 2020-10-05 11:43 usr/doc/libmp3splt-0.9.2/doxygen/search/groups_8.html
-rw-r--r-- root/root        97 2020-10-05 11:43 usr/doc/libmp3splt-0.9.2/doxygen/search/groups_8.js
-rw-r--r-- root/root      1425 2020-10-05 11:43 usr/doc/libmp3splt-0.9.2/doxygen/search/groups_9.html
-rw-r--r-- root/root       104 2020-10-05 11:43 usr/doc/libmp3splt-0.9.2/doxygen/search/groups_9.js
-rw-r--r-- root/root       462 2020-10-05 11:43 usr/doc/libmp3splt-0.9.2/doxygen/search/nomatches.html
-rw-r--r-- root/root      1424 2020-10-05 11:43 usr/doc/libmp3splt-0.9.2/doxygen/search/pages_0.html
-rw-r--r-- root/root        96 2020-10-05 11:43 usr/doc/libmp3splt-0.9.2/doxygen/search/pages_0.js
-rw-r--r-- root/root      4505 2020-10-05 11:43 usr/doc/libmp3splt-0.9.2/doxygen/search/search.css
-rw-r--r-- root/root     23359 2020-10-05 11:43 usr/doc/libmp3splt-0.9.2/doxygen/search/search.js
-rw-r--r-- root/root       567 2020-10-05 11:43 usr/doc/libmp3splt-0.9.2/doxygen/search/search_l.png
-rw-r--r-- root/root       158 2020-10-05 11:43 usr/doc/libmp3splt-0.9.2/doxygen/search/search_m.png
-rw-r--r-- root/root       553 2020-10-05 11:43 usr/doc/libmp3splt-0.9.2/doxygen/search/search_r.png
-rw-r--r-- root/root       594 2020-10-05 11:43 usr/doc/libmp3splt-0.9.2/doxygen/search/searchdata.js
-rw-r--r-- root/root      1427 2020-10-05 11:43 usr/doc/libmp3splt-0.9.2/doxygen/search/typedefs_0.html
-rw-r--r-- root/root      1458 2020-10-05 11:43 usr/doc/libmp3splt-0.9.2/doxygen/search/typedefs_0.js
-rw-r--r-- root/root      1428 2020-10-05 11:43 usr/doc/libmp3splt-0.9.2/doxygen/search/variables_0.html
-rw-r--r-- root/root       148 2020-10-05 11:43 usr/doc/libmp3splt-0.9.2/doxygen/search/variables_0.js
-rw-r--r-- root/root      1428 2020-10-05 11:43 usr/doc/libmp3splt-0.9.2/doxygen/search/variables_1.html
-rw-r--r-- root/root       138 2020-10-05 11:43 usr/doc/libmp3splt-0.9.2/doxygen/search/variables_1.js
-rw-r--r-- root/root      1428 2020-10-05 11:43 usr/doc/libmp3splt-0.9.2/doxygen/search/variables_2.html
-rw-r--r-- root/root      2226 2020-10-05 11:43 usr/doc/libmp3splt-0.9.2/doxygen/search/variables_2.js
-rw-r--r-- root/root      1428 2020-10-05 11:43 usr/doc/libmp3splt-0.9.2/doxygen/search/variables_3.html
-rw-r--r-- root/root       162 2020-10-05 11:43 usr/doc/libmp3splt-0.9.2/doxygen/search/variables_3.js
-rw-r--r-- root/root      1428 2020-10-05 11:43 usr/doc/libmp3splt-0.9.2/doxygen/search/variables_4.html
-rw-r--r-- root/root       144 2020-10-05 11:43 usr/doc/libmp3splt-0.9.2/doxygen/search/variables_4.js
-rw-r--r-- root/root       314 2020-10-05 11:43 usr/doc/libmp3splt-0.9.2/doxygen/splitbar.png
-rw-r--r-- root/root     15371 2020-10-05 11:43 usr/doc/libmp3splt-0.9.2/doxygen/structsplt__plugin__func.html
-rw-r--r-- root/root      1429 2020-10-05 11:43 usr/doc/libmp3splt-0.9.2/doxygen/structsplt__plugin__func.js
-rw-r--r-- root/root      7680 2020-10-05 11:43 usr/doc/libmp3splt-0.9.2/doxygen/structsplt__plugin__info.html
-rw-r--r-- root/root       413 2020-10-05 11:43 usr/doc/libmp3splt-0.9.2/doxygen/structsplt__plugin__info.js
-rw-r--r-- root/root      9475 2020-10-05 11:43 usr/doc/libmp3splt-0.9.2/doxygen/svgpan.js
-rw-r--r-- root/root       853 2020-10-05 11:43 usr/doc/libmp3splt-0.9.2/doxygen/sync_off.png
-rw-r--r-- root/root       845 2020-10-05 11:43 usr/doc/libmp3splt-0.9.2/doxygen/sync_on.png
-rw-r--r-- root/root       142 2020-10-05 11:43 usr/doc/libmp3splt-0.9.2/doxygen/tab_a.png
-rw-r--r-- root/root       169 2020-10-05 11:43 usr/doc/libmp3splt-0.9.2/doxygen/tab_b.png
-rw-r--r-- root/root       177 2020-10-05 11:43 usr/doc/libmp3splt-0.9.2/doxygen/tab_h.png
-rw-r--r-- root/root       184 2020-10-05 11:43 usr/doc/libmp3splt-0.9.2/doxygen/tab_s.png
-rw-r--r-- root/root      9184 2020-10-05 11:43 usr/doc/libmp3splt-0.9.2/doxygen/tabs.css
-rw-r--r-- root/root     10529 2020-10-05 11:43 usr/doc/libmp3splt-0.9.2/doxygen/version_8h_source.html
-rw-r--r-- root/root      3549 2020-10-05 11:43 usr/doc/libmp3splt-0.9.2/libmp3splt.SlackBuild
drwxr-xr-x root/root         0 2020-10-05 11:43 usr/include/
drwxr-xr-x root/root         0 2020-10-05 11:43 usr/include/libmp3splt/
-rw-r--r-- root/root     70445 2020-10-05 11:43 usr/include/libmp3splt/mp3splt.h
-rw-r--r-- root/root      1553 2020-10-05 11:43 usr/include/libmp3splt/version.h
drwxr-xr-x root/root         0 2020-10-05 11:43 usr/lib64/
-rwxr-xr-x root/root    186144 2020-10-05 11:43 usr/lib64/libmp3splt.so.0.0.9
drwxr-xr-x root/root         0 2020-10-05 11:43 usr/lib64/libmp3splt0/
-rwxr-xr-x root/root      1055 2020-10-05 11:43 usr/lib64/libmp3splt0/libsplt_flac.la
-rwxr-xr-x root/root     52992 2020-10-05 11:43 usr/lib64/libmp3splt0/libsplt_flac.so.0.0.0
-rwxr-xr-x root/root      1068 2020-10-05 11:43 usr/lib64/libmp3splt0/libsplt_mp3.la
-rwxr-xr-x root/root     72816 2020-10-05 11:43 usr/lib64/libmp3splt0/libsplt_mp3.so.0.0.0
-rwxr-xr-x root/root      1081 2020-10-05 11:43 usr/lib64/libmp3splt0/libsplt_ogg.la
-rwxr-xr-x root/root     47976 2020-10-05 11:43 usr/lib64/libmp3splt0/libsplt_ogg.so.0.0.0
drwxr-xr-x root/root         0 2020-10-05 11:43 usr/lib64/pkgconfig/
-rw-r--r-- root/root       252 2020-10-05 11:43 usr/lib64/pkgconfig/libmp3splt.pc
drwxr-xr-x root/root         0 2020-10-05 11:43 usr/share/
drwxr-xr-x root/root         0 2020-10-05 11:43 usr/share/locale/
drwxr-xr-x root/root         0 2020-10-05 11:43 usr/share/locale/cs/
drwxr-xr-x root/root         0 2020-10-05 11:43 usr/share/locale/cs/LC_MESSAGES/
-rw-r--r-- root/root     13946 2020-10-05 11:43 usr/share/locale/cs/LC_MESSAGES/libmp3splt0.mo
drwxr-xr-x root/root         0 2020-10-05 11:43 usr/share/locale/de_DE/
drwxr-xr-x root/root         0 2020-10-05 11:43 usr/share/locale/de_DE/LC_MESSAGES/
-rw-r--r-- root/root      4194 2020-10-05 11:43 usr/share/locale/de_DE/LC_MESSAGES/libmp3splt0.mo
drwxr-xr-x root/root         0 2020-10-05 11:43 usr/share/locale/es/
drwxr-xr-x root/root         0 2020-10-05 11:43 usr/share/locale/es/LC_MESSAGES/
-rw-r--r-- root/root       555 2020-10-05 11:43 usr/share/locale/es/LC_MESSAGES/libmp3splt0.mo
drwxr-xr-x root/root         0 2020-10-05 11:43 usr/share/locale/fr_FR/
drwxr-xr-x root/root         0 2020-10-05 11:43 usr/share/locale/fr_FR/LC_MESSAGES/
-rw-r--r-- root/root     13875 2020-10-05 11:43 usr/share/locale/fr_FR/LC_MESSAGES/libmp3splt0.mo
drwxr-xr-x root/root         0 2020-10-05 11:43 usr/share/locale/hr/
drwxr-xr-x root/root         0 2020-10-05 11:43 usr/share/locale/hr/LC_MESSAGES/
-rw-r--r-- root/root      7185 2020-10-05 11:43 usr/share/locale/hr/LC_MESSAGES/libmp3splt0.mo


