++========================================
||
||   Package:  ./cfpeek/cfpeek-1.2-x86_64-1cf.txz
||
++========================================
drwxr-xr-x root/root         0 2021-01-11 09:12 ./
drwxr-xr-x root/root         0 2021-01-11 09:12 install/
-rw-r--r-- root/root       910 2021-01-11 09:12 install/slack-desc
drwxr-xr-x root/root         0 2021-01-11 09:12 usr/
drwxr-xr-x root/root         0 2021-01-11 09:12 usr/bin/
-rwxr-xr-x root/root    258424 2021-01-11 09:12 usr/bin/cfpeek
drwxr-xr-x root/root         0 2021-01-11 09:12 usr/doc/
drwxr-xr-x root/root         0 2021-01-11 09:12 usr/doc/cfpeek-1.2/
-rw-r--r-- root/root        37 2021-01-06 17:45 usr/doc/cfpeek-1.2/AUTHORS
-rw-r--r-- root/root     35147 2021-01-06 17:45 usr/doc/cfpeek-1.2/COPYING
-rw-r--r-- root/root      9862 2021-01-07 12:04 usr/doc/cfpeek-1.2/ChangeLog
-rw-r--r-- root/root     15752 2018-04-21 20:30 usr/doc/cfpeek-1.2/INSTALL
-rw-r--r-- root/root      2723 2021-01-07 11:20 usr/doc/cfpeek-1.2/NEWS
-rw-r--r-- root/root      2608 2021-01-06 17:45 usr/doc/cfpeek-1.2/README
-rw-r--r-- root/root         0 2021-01-06 17:45 usr/doc/cfpeek-1.2/THANKS
-rw-r--r-- root/root      4009 2021-01-11 09:12 usr/doc/cfpeek-1.2/cfpeek.SlackBuild
drwxr-xr-x root/root         0 2021-01-11 09:12 usr/info/
-rw-r--r-- root/root    101082 2021-01-11 09:12 usr/info/cfpeek.info
-rw-r--r-- root/root       700 2021-01-11 09:12 usr/info/dir
drwxr-xr-x root/root         0 2021-01-11 09:12 usr/man/
drwxr-xr-x root/root         0 2021-01-11 09:12 usr/man/man1/
-rw-r--r-- root/root      8298 2021-01-11 09:12 usr/man/man1/cfpeek.1.gz
drwxr-xr-x root/root         0 2021-01-11 09:12 usr/share/
drwxr-xr-x root/root         0 2021-01-11 09:12 usr/share/guile/
drwxr-xr-x root/root         0 2021-01-11 09:12 usr/share/guile/site/
drwxr-xr-x root/root         0 2021-01-11 09:12 usr/share/guile/site/3.0/
drwxr-xr-x root/root         0 2021-01-11 09:12 usr/share/guile/site/3.0/cfpeek/
-rw-r--r-- root/root      6163 2021-01-11 09:12 usr/share/guile/site/3.0/cfpeek/guile-procedures.txt


