++========================================
||
||   Package:  ./python-tqdm/python-tqdm-4.64.0-x86_64-1cf.txz
||
++========================================
drwxr-xr-x root/root         0 2022-04-06 11:01 ./
drwxr-xr-x root/root         0 2022-04-06 11:01 install/
-rw-r--r-- root/root       753 2022-04-06 11:01 install/slack-desc
drwxr-xr-x root/root         0 2022-04-06 11:01 usr/
drwxr-xr-x root/root         0 2022-04-06 11:01 usr/bin/
-rwxr-xr-x root/root       946 2022-04-06 11:01 usr/bin/tqdm
drwxr-xr-x root/root         0 2022-04-06 11:01 usr/doc/
drwxr-xr-x root/root         0 2022-04-06 11:01 usr/doc/python-tqdm-4.64.0/
-rw-r--r-- root/root      1410 2022-04-04 03:48 usr/doc/python-tqdm-4.64.0/CODE_OF_CONDUCT.md
-rw-r--r-- root/root     12151 2022-04-04 03:48 usr/doc/python-tqdm-4.64.0/CONTRIBUTING.md
-rw-r--r-- root/root     53515 2022-04-04 03:48 usr/doc/python-tqdm-4.64.0/README.rst
-rw-r--r-- root/root      3470 2022-04-06 11:01 usr/doc/python-tqdm-4.64.0/python-tqdm.SlackBuild
drwxr-xr-x root/root         0 2022-04-06 11:01 usr/lib64/
drwxr-xr-x root/root         0 2022-04-06 11:01 usr/lib64/python3.9/
drwxr-xr-x root/root         0 2022-04-06 11:01 usr/lib64/python3.9/site-packages/
drwxr-xr-x root/root         0 2022-04-06 11:01 usr/lib64/python3.9/site-packages/tqdm/
drwxr-xr-x root/root         0 2022-04-06 11:01 usr/lib64/python3.9/site-packages/tqdm-4.64.0-py3.9.egg-info/
-rw-r--r-- root/root     56937 2022-04-06 11:01 usr/lib64/python3.9/site-packages/tqdm-4.64.0-py3.9.egg-info/PKG-INFO
-rw-r--r-- root/root      1765 2022-04-06 11:01 usr/lib64/python3.9/site-packages/tqdm-4.64.0-py3.9.egg-info/SOURCES.txt
-rw-r--r-- root/root         1 2022-04-06 11:01 usr/lib64/python3.9/site-packages/tqdm-4.64.0-py3.9.egg-info/dependency_links.txt
-rw-r--r-- root/root        40 2022-04-06 11:01 usr/lib64/python3.9/site-packages/tqdm-4.64.0-py3.9.egg-info/entry_points.txt
-rw-r--r-- root/root       189 2022-04-06 11:01 usr/lib64/python3.9/site-packages/tqdm-4.64.0-py3.9.egg-info/requires.txt
-rw-r--r-- root/root         5 2022-04-06 11:01 usr/lib64/python3.9/site-packages/tqdm-4.64.0-py3.9.egg-info/top_level.txt
-rw-r--r-- root/root      1639 2022-04-04 03:48 usr/lib64/python3.9/site-packages/tqdm/__init__.py
-rw-r--r-- root/root        30 2022-04-04 03:48 usr/lib64/python3.9/site-packages/tqdm/__main__.py
drwxr-xr-x root/root         0 2022-04-06 11:01 usr/lib64/python3.9/site-packages/tqdm/__pycache__/
-rw-r--r-- root/root      1578 2022-04-06 11:01 usr/lib64/python3.9/site-packages/tqdm/__pycache__/__init__.cpython-39.pyc
-rw-r--r-- root/root       182 2022-04-06 11:01 usr/lib64/python3.9/site-packages/tqdm/__pycache__/__main__.cpython-39.pyc
-rw-r--r-- root/root       165 2022-04-06 11:01 usr/lib64/python3.9/site-packages/tqdm/__pycache__/_dist_ver.cpython-39.pyc
-rw-r--r-- root/root       416 2022-04-06 11:01 usr/lib64/python3.9/site-packages/tqdm/__pycache__/_main.cpython-39.pyc
-rw-r--r-- root/root      2769 2022-04-06 11:01 usr/lib64/python3.9/site-packages/tqdm/__pycache__/_monitor.cpython-39.pyc
-rw-r--r-- root/root       411 2022-04-06 11:01 usr/lib64/python3.9/site-packages/tqdm/__pycache__/_tqdm.cpython-39.pyc
-rw-r--r-- root/root       424 2022-04-06 11:01 usr/lib64/python3.9/site-packages/tqdm/__pycache__/_tqdm_gui.cpython-39.pyc
-rw-r--r-- root/root       444 2022-04-06 11:01 usr/lib64/python3.9/site-packages/tqdm/__pycache__/_tqdm_notebook.cpython-39.pyc
-rw-r--r-- root/root       925 2022-04-06 11:01 usr/lib64/python3.9/site-packages/tqdm/__pycache__/_tqdm_pandas.cpython-39.pyc
-rw-r--r-- root/root       872 2022-04-06 11:01 usr/lib64/python3.9/site-packages/tqdm/__pycache__/_utils.cpython-39.pyc
-rw-r--r-- root/root      3329 2022-04-06 11:01 usr/lib64/python3.9/site-packages/tqdm/__pycache__/asyncio.cpython-39.pyc
-rw-r--r-- root/root      1226 2022-04-06 11:01 usr/lib64/python3.9/site-packages/tqdm/__pycache__/auto.cpython-39.pyc
-rw-r--r-- root/root       974 2022-04-06 11:01 usr/lib64/python3.9/site-packages/tqdm/__pycache__/autonotebook.cpython-39.pyc
-rw-r--r-- root/root      9142 2022-04-06 11:01 usr/lib64/python3.9/site-packages/tqdm/__pycache__/cli.cpython-39.pyc
-rw-r--r-- root/root      2098 2022-04-06 11:01 usr/lib64/python3.9/site-packages/tqdm/__pycache__/dask.cpython-39.pyc
-rw-r--r-- root/root      4680 2022-04-06 11:01 usr/lib64/python3.9/site-packages/tqdm/__pycache__/gui.cpython-39.pyc
-rw-r--r-- root/root      4953 2022-04-06 11:01 usr/lib64/python3.9/site-packages/tqdm/__pycache__/keras.cpython-39.pyc
-rw-r--r-- root/root      7516 2022-04-06 11:01 usr/lib64/python3.9/site-packages/tqdm/__pycache__/notebook.cpython-39.pyc
-rw-r--r-- root/root      5184 2022-04-06 11:01 usr/lib64/python3.9/site-packages/tqdm/__pycache__/rich.cpython-39.pyc
-rw-r--r-- root/root     45961 2022-04-06 11:01 usr/lib64/python3.9/site-packages/tqdm/__pycache__/std.cpython-39.pyc
-rw-r--r-- root/root      6327 2022-04-06 11:01 usr/lib64/python3.9/site-packages/tqdm/__pycache__/tk.cpython-39.pyc
-rw-r--r-- root/root     11744 2022-04-06 11:01 usr/lib64/python3.9/site-packages/tqdm/__pycache__/utils.cpython-39.pyc
-rw-r--r-- root/root       476 2022-04-06 11:01 usr/lib64/python3.9/site-packages/tqdm/__pycache__/version.cpython-39.pyc
-rw-r--r-- root/root        23 2022-04-06 11:01 usr/lib64/python3.9/site-packages/tqdm/_dist_ver.py
-rw-r--r-- root/root       283 2022-04-04 03:48 usr/lib64/python3.9/site-packages/tqdm/_main.py
-rw-r--r-- root/root      3699 2022-04-04 03:48 usr/lib64/python3.9/site-packages/tqdm/_monitor.py
-rw-r--r-- root/root       283 2022-04-04 03:48 usr/lib64/python3.9/site-packages/tqdm/_tqdm.py
-rw-r--r-- root/root       287 2022-04-04 03:48 usr/lib64/python3.9/site-packages/tqdm/_tqdm_gui.py
-rw-r--r-- root/root       307 2022-04-04 03:48 usr/lib64/python3.9/site-packages/tqdm/_tqdm_notebook.py
-rw-r--r-- root/root       888 2022-04-04 03:48 usr/lib64/python3.9/site-packages/tqdm/_tqdm_pandas.py
-rw-r--r-- root/root       596 2022-04-04 03:48 usr/lib64/python3.9/site-packages/tqdm/_utils.py
-rw-r--r-- root/root      2789 2022-04-04 03:48 usr/lib64/python3.9/site-packages/tqdm/asyncio.py
-rw-r--r-- root/root      1106 2022-04-04 03:48 usr/lib64/python3.9/site-packages/tqdm/auto.py
-rw-r--r-- root/root       956 2022-04-04 03:48 usr/lib64/python3.9/site-packages/tqdm/autonotebook.py
-rw-r--r-- root/root     10871 2022-04-04 03:48 usr/lib64/python3.9/site-packages/tqdm/cli.py
-rwxr-xr-x root/root       946 2022-04-04 03:48 usr/lib64/python3.9/site-packages/tqdm/completion.sh
drwxr-xr-x root/root         0 2022-04-06 11:01 usr/lib64/python3.9/site-packages/tqdm/contrib/
-rw-r--r-- root/root      2604 2022-04-04 03:48 usr/lib64/python3.9/site-packages/tqdm/contrib/__init__.py
drwxr-xr-x root/root         0 2022-04-06 11:01 usr/lib64/python3.9/site-packages/tqdm/contrib/__pycache__/
-rw-r--r-- root/root      3102 2022-04-06 11:01 usr/lib64/python3.9/site-packages/tqdm/contrib/__pycache__/__init__.cpython-39.pyc
-rw-r--r-- root/root      1004 2022-04-06 11:01 usr/lib64/python3.9/site-packages/tqdm/contrib/__pycache__/bells.cpython-39.pyc
-rw-r--r-- root/root      4288 2022-04-06 11:01 usr/lib64/python3.9/site-packages/tqdm/contrib/__pycache__/concurrent.cpython-39.pyc
-rw-r--r-- root/root      4425 2022-04-06 11:01 usr/lib64/python3.9/site-packages/tqdm/contrib/__pycache__/discord.cpython-39.pyc
-rw-r--r-- root/root       965 2022-04-06 11:01 usr/lib64/python3.9/site-packages/tqdm/contrib/__pycache__/itertools.cpython-39.pyc
-rw-r--r-- root/root      3886 2022-04-06 11:01 usr/lib64/python3.9/site-packages/tqdm/contrib/__pycache__/logging.cpython-39.pyc
-rw-r--r-- root/root      4459 2022-04-06 11:01 usr/lib64/python3.9/site-packages/tqdm/contrib/__pycache__/slack.cpython-39.pyc
-rw-r--r-- root/root      5406 2022-04-06 11:01 usr/lib64/python3.9/site-packages/tqdm/contrib/__pycache__/telegram.cpython-39.pyc
-rw-r--r-- root/root      1502 2022-04-06 11:01 usr/lib64/python3.9/site-packages/tqdm/contrib/__pycache__/utils_worker.cpython-39.pyc
-rw-r--r-- root/root       837 2022-04-04 03:48 usr/lib64/python3.9/site-packages/tqdm/contrib/bells.py
-rw-r--r-- root/root      4644 2022-04-04 03:48 usr/lib64/python3.9/site-packages/tqdm/contrib/concurrent.py
-rw-r--r-- root/root      4090 2022-04-04 03:48 usr/lib64/python3.9/site-packages/tqdm/contrib/discord.py
-rw-r--r-- root/root       814 2022-04-04 03:48 usr/lib64/python3.9/site-packages/tqdm/contrib/itertools.py
-rw-r--r-- root/root      3844 2022-04-04 03:48 usr/lib64/python3.9/site-packages/tqdm/contrib/logging.py
-rw-r--r-- root/root      4196 2022-04-04 03:48 usr/lib64/python3.9/site-packages/tqdm/contrib/slack.py
-rw-r--r-- root/root      5228 2022-04-04 03:48 usr/lib64/python3.9/site-packages/tqdm/contrib/telegram.py
-rw-r--r-- root/root      1247 2022-04-04 03:48 usr/lib64/python3.9/site-packages/tqdm/contrib/utils_worker.py
-rw-r--r-- root/root      1377 2022-04-04 03:48 usr/lib64/python3.9/site-packages/tqdm/dask.py
-rw-r--r-- root/root      5943 2022-04-04 03:48 usr/lib64/python3.9/site-packages/tqdm/gui.py
-rw-r--r-- root/root      4409 2022-04-04 03:48 usr/lib64/python3.9/site-packages/tqdm/keras.py
-rw-r--r-- root/root     11260 2022-04-04 03:48 usr/lib64/python3.9/site-packages/tqdm/notebook.py
-rw-r--r-- root/root      5152 2022-04-04 03:48 usr/lib64/python3.9/site-packages/tqdm/rich.py
-rw-r--r-- root/root     58341 2022-04-04 03:48 usr/lib64/python3.9/site-packages/tqdm/std.py
-rw-r--r-- root/root      6948 2022-04-04 03:48 usr/lib64/python3.9/site-packages/tqdm/tk.py
-rw-r--r-- root/root      7997 2022-04-04 03:48 usr/lib64/python3.9/site-packages/tqdm/tqdm.1
-rw-r--r-- root/root      9803 2022-04-04 03:48 usr/lib64/python3.9/site-packages/tqdm/utils.py
-rw-r--r-- root/root       333 2022-04-04 03:48 usr/lib64/python3.9/site-packages/tqdm/version.py


