++========================================
||
||   Package:  ./tinyxml2/tinyxml2-9.0.0-x86_64-1cf.txz
||
++========================================
drwxr-xr-x root/root         0 2021-06-07 12:58 ./
drwxr-xr-x root/root         0 2021-06-07 12:58 install/
-rw-r--r-- root/root       735 2021-06-07 12:58 install/slack-desc
drwxr-xr-x root/root         0 2021-06-07 12:58 usr/
drwxr-xr-x root/root         0 2021-06-07 12:58 usr/doc/
drwxr-xr-x root/root         0 2021-06-07 12:58 usr/doc/tinyxml2-9.0.0/
-rw-r--r-- root/root     11410 2021-06-07 02:10 usr/doc/tinyxml2-9.0.0/readme.md
-rw-r--r-- root/root      3657 2021-06-07 12:58 usr/doc/tinyxml2-9.0.0/tinyxml2.SlackBuild
drwxr-xr-x root/root         0 2021-06-07 12:58 usr/include/
-rw-r--r-- root/root     71347 2021-06-07 12:58 usr/include/tinyxml2.h
drwxr-xr-x root/root         0 2021-06-07 12:58 usr/lib64/
drwxr-xr-x root/root         0 2021-06-07 12:58 usr/lib64/cmake/
drwxr-xr-x root/root         0 2021-06-07 12:58 usr/lib64/cmake/tinyxml2/
-rw-r--r-- root/root      2742 2021-06-07 12:58 usr/lib64/cmake/tinyxml2/tinyxml2-config-version.cmake
-rw-r--r-- root/root      1988 2021-06-07 02:10 usr/lib64/cmake/tinyxml2/tinyxml2-config.cmake
-rw-r--r-- root/root       859 2021-06-07 12:58 usr/lib64/cmake/tinyxml2/tinyxml2-static-targets-release.cmake
-rw-r--r-- root/root      3750 2021-06-07 12:58 usr/lib64/cmake/tinyxml2/tinyxml2-static-targets.cmake
-rw-r--r-- root/root    146352 2021-06-07 12:58 usr/lib64/libtinyxml2.a
drwxr-xr-x root/root         0 2021-06-07 12:58 usr/lib64/pkgconfig/
-rw-r--r-- root/root       218 2021-06-07 12:58 usr/lib64/pkgconfig/tinyxml2.pc


