++========================================
||
||   Package:  ./libcdr/libcdr-0.1.7-x86_64-6cf.txz
||
++========================================
drwxr-xr-x root/root         0 2022-10-27 09:16 ./
drwxr-xr-x root/root         0 2022-10-27 09:16 install/
-rw-r--r-- root/root       204 2022-10-27 09:16 install/doinst.sh
-rw-r--r-- root/root       699 2022-10-27 09:16 install/slack-desc
-rw-r--r-- root/root         8 2022-10-27 09:16 install/slack-required
drwxr-xr-x root/root         0 2022-10-27 09:16 usr/
drwxr-xr-x root/root         0 2022-10-27 09:16 usr/bin/
-rwxr-xr-x root/root     14576 2022-10-27 09:16 usr/bin/cdr2raw
-rwxr-xr-x root/root     14624 2022-10-27 09:16 usr/bin/cdr2text
-rwxr-xr-x root/root     18792 2022-10-27 09:16 usr/bin/cdr2xhtml
-rwxr-xr-x root/root     14576 2022-10-27 09:16 usr/bin/cmx2raw
-rwxr-xr-x root/root     14624 2022-10-27 09:16 usr/bin/cmx2text
-rwxr-xr-x root/root     18792 2022-10-27 09:16 usr/bin/cmx2xhtml
drwxr-xr-x root/root         0 2022-10-27 09:16 usr/doc/
drwxr-xr-x root/root         0 2022-10-27 09:16 usr/doc/libcdr-0.1.7/
-rw-r--r-- root/root       234 2014-04-10 12:25 usr/doc/libcdr-0.1.7/AUTHORS
-rw-r--r-- root/root     16726 2014-04-10 12:01 usr/doc/libcdr-0.1.7/COPYING.MPL
-rw-r--r-- root/root    145773 2021-03-26 14:42 usr/doc/libcdr-0.1.7/ChangeLog
-rw-r--r-- root/root      1349 2019-03-07 13:40 usr/doc/libcdr-0.1.7/NEWS
-rw-r--r-- root/root       614 2017-03-07 17:44 usr/doc/libcdr-0.1.7/README
-rw-r--r-- root/root      4249 2022-10-27 09:16 usr/doc/libcdr-0.1.7/libcdr.SlackBuild
drwxr-xr-x root/root         0 2022-10-27 09:16 usr/include/
drwxr-xr-x root/root         0 2022-10-27 09:16 usr/include/libcdr-0.1/
drwxr-xr-x root/root         0 2022-10-27 09:16 usr/include/libcdr-0.1/libcdr/
-rw-r--r-- root/root       784 2022-10-27 09:16 usr/include/libcdr-0.1/libcdr/CDRDocument.h
-rw-r--r-- root/root       784 2022-10-27 09:16 usr/include/libcdr-0.1/libcdr/CMXDocument.h
-rw-r--r-- root/root       490 2022-10-27 09:16 usr/include/libcdr-0.1/libcdr/libcdr.h
-rw-r--r-- root/root       708 2022-10-27 09:16 usr/include/libcdr-0.1/libcdr/libcdr_api.h
drwxr-xr-x root/root         0 2022-10-27 09:16 usr/lib64/
-rwxr-xr-x root/root    663016 2022-10-27 09:16 usr/lib64/libcdr-0.1.so.1.0.7
drwxr-xr-x root/root         0 2022-10-27 09:16 usr/lib64/pkgconfig/
-rw-r--r-- root/root       382 2022-10-27 09:16 usr/lib64/pkgconfig/libcdr-0.1.pc


