++========================================
||
||   Package:  ./pyte/pyte-0.8.1-x86_64-2cf.txz
||
++========================================
drwxr-xr-x root/root         0 2022-07-31 10:51 ./
drwxr-xr-x root/root         0 2022-07-31 10:51 install/
-rw-r--r-- root/root        99 2022-07-31 10:51 install/doinst.sh
-rw-r--r-- root/root       880 2022-07-31 10:51 install/slack-desc
-rw-r--r-- root/root         8 2022-07-31 10:51 install/slack-required
drwxr-xr-x root/root         0 2022-07-31 10:51 usr/
drwxr-xr-x root/root         0 2022-07-31 10:51 usr/doc/
drwxr-xr-x root/root         0 2022-07-31 10:51 usr/doc/pyte-0.8.1/
-rw-r--r-- root/root       247 2022-04-10 19:55 usr/doc/pyte-0.8.1/AUTHORS
-rw-r--r-- root/root     11858 2022-04-10 19:55 usr/doc/pyte-0.8.1/CHANGES
-rw-r--r-- root/root      7651 2022-04-10 19:55 usr/doc/pyte-0.8.1/LICENSE
-rw-r--r-- root/root       229 2022-04-10 19:55 usr/doc/pyte-0.8.1/MANIFEST.in
-rw-r--r-- root/root      1939 2022-04-10 19:55 usr/doc/pyte-0.8.1/README
-rw-r--r-- root/root      3298 2022-07-31 10:51 usr/doc/pyte-0.8.1/pyte.SlackBuild
drwxr-xr-x root/root         0 2022-07-31 10:51 usr/lib64/
drwxr-xr-x root/root         0 2022-07-31 10:51 usr/lib64/python3.9/
drwxr-xr-x root/root         0 2022-07-31 10:51 usr/lib64/python3.9/site-packages/
drwxr-xr-x root/root         0 2022-07-31 10:51 usr/lib64/python3.9/site-packages/pyte/
drwxr-xr-x root/root         0 2022-07-31 10:51 usr/lib64/python3.9/site-packages/pyte-0.8.1-py3.9.egg-info/
-rw-r--r-- root/root      2861 2022-07-31 10:51 usr/lib64/python3.9/site-packages/pyte-0.8.1-py3.9.egg-info/PKG-INFO
-rw-r--r-- root/root       655 2022-07-31 10:51 usr/lib64/python3.9/site-packages/pyte-0.8.1-py3.9.egg-info/SOURCES.txt
-rw-r--r-- root/root         1 2022-07-31 10:51 usr/lib64/python3.9/site-packages/pyte-0.8.1-py3.9.egg-info/dependency_links.txt
-rw-r--r-- root/root         8 2022-07-31 10:51 usr/lib64/python3.9/site-packages/pyte-0.8.1-py3.9.egg-info/requires.txt
-rw-r--r-- root/root         5 2022-07-31 10:51 usr/lib64/python3.9/site-packages/pyte-0.8.1-py3.9.egg-info/top_level.txt
-rw-r--r-- root/root      1592 2022-04-10 19:55 usr/lib64/python3.9/site-packages/pyte/__init__.py
-rw-r--r-- root/root       682 2022-04-10 19:55 usr/lib64/python3.9/site-packages/pyte/__main__.py
drwxr-xr-x root/root         0 2022-07-31 10:51 usr/lib64/python3.9/site-packages/pyte/__pycache__/
-rw-r--r-- root/root      1786 2022-07-31 10:51 usr/lib64/python3.9/site-packages/pyte/__pycache__/__init__.cpython-39.pyc
-rw-r--r-- root/root       831 2022-07-31 10:51 usr/lib64/python3.9/site-packages/pyte/__pycache__/__main__.cpython-39.pyc
-rw-r--r-- root/root      5104 2022-07-31 10:51 usr/lib64/python3.9/site-packages/pyte/__pycache__/charsets.cpython-39.pyc
-rw-r--r-- root/root       929 2022-07-31 10:51 usr/lib64/python3.9/site-packages/pyte/__pycache__/control.cpython-39.pyc
-rw-r--r-- root/root       994 2022-07-31 10:51 usr/lib64/python3.9/site-packages/pyte/__pycache__/escape.cpython-39.pyc
-rw-r--r-- root/root      2161 2022-07-31 10:51 usr/lib64/python3.9/site-packages/pyte/__pycache__/graphics.cpython-39.pyc
-rw-r--r-- root/root      1029 2022-07-31 10:51 usr/lib64/python3.9/site-packages/pyte/__pycache__/modes.cpython-39.pyc
-rw-r--r-- root/root     42566 2022-07-31 10:51 usr/lib64/python3.9/site-packages/pyte/__pycache__/screens.cpython-39.pyc
-rw-r--r-- root/root      9950 2022-07-31 10:51 usr/lib64/python3.9/site-packages/pyte/__pycache__/streams.cpython-39.pyc
-rw-r--r-- root/root      7464 2022-04-10 19:55 usr/lib64/python3.9/site-packages/pyte/charsets.py
-rw-r--r-- root/root      1726 2022-04-10 19:55 usr/lib64/python3.9/site-packages/pyte/control.py
-rw-r--r-- root/root      4138 2022-04-10 19:55 usr/lib64/python3.9/site-packages/pyte/escape.py
-rw-r--r-- root/root      3411 2022-04-10 19:55 usr/lib64/python3.9/site-packages/pyte/graphics.py
-rw-r--r-- root/root      1886 2022-04-10 19:55 usr/lib64/python3.9/site-packages/pyte/modes.py
-rw-r--r-- root/root     47047 2022-04-10 19:55 usr/lib64/python3.9/site-packages/pyte/screens.py
-rw-r--r-- root/root     14746 2022-04-10 19:55 usr/lib64/python3.9/site-packages/pyte/streams.py


