++========================================
||
||   Package:  ./sqlitebrowser/sqlitebrowser-3.12.0-x86_64-1cf.txz
||
++========================================
drwxr-xr-x root/root         0 2020-06-16 16:11 ./
drwxr-xr-x root/root         0 2020-06-16 16:11 install/
-rw-r--r-- root/root       330 2020-06-16 16:11 install/doinst.sh
-rw-r--r-- root/root      1029 2020-06-16 16:11 install/slack-desc
drwxr-xr-x root/root         0 2020-06-16 16:11 usr/
drwxr-xr-x root/root         0 2020-06-16 16:11 usr/bin/
-rwxr-xr-x root/root   5414864 2020-06-16 16:11 usr/bin/sqlitebrowser
drwxr-xr-x root/root         0 2020-06-16 16:11 usr/doc/
drwxr-xr-x root/root         0 2020-06-16 16:11 usr/doc/sqlitebrowser-3.12.0/
-rw-r--r-- root/root     10624 2020-06-14 06:08 usr/doc/sqlitebrowser-3.12.0/BUILDING.md
-rw-r--r-- root/root     52238 2020-06-14 06:08 usr/doc/sqlitebrowser-3.12.0/LICENSE
-rw-r--r-- root/root     11658 2020-06-14 06:08 usr/doc/sqlitebrowser-3.12.0/README.md
-rw-r--r-- root/root      3418 2020-06-16 16:11 usr/doc/sqlitebrowser-3.12.0/sqlitebrowser.SlackBuild
drwxr-xr-x root/root         0 2020-06-16 16:11 usr/share/
drwxr-xr-x root/root         0 2020-06-16 16:11 usr/share/applications/
-rw-r--r-- root/root       684 2020-06-14 06:08 usr/share/applications/sqlitebrowser.desktop
drwxr-xr-x root/root         0 2020-06-16 16:11 usr/share/icons/
drwxr-xr-x root/root         0 2020-06-16 16:11 usr/share/icons/hicolor/
drwxr-xr-x root/root         0 2020-06-16 16:11 usr/share/icons/hicolor/256x256/
drwxr-xr-x root/root         0 2020-06-16 16:11 usr/share/icons/hicolor/256x256/apps/
-rw-r--r-- root/root     15047 2020-06-14 06:08 usr/share/icons/hicolor/256x256/apps/sqlitebrowser.png
drwxr-xr-x root/root         0 2020-06-16 16:11 usr/share/metainfo/
-rw-r--r-- root/root      2407 2020-06-14 06:08 usr/share/metainfo/sqlitebrowser.desktop.appdata.xml


