++========================================
||
||   Package:  ./openjdk/openjdk-18.0.2.1-x86_64-1cf.txz
||
++========================================
drwxr-xr-x root/root         0 2022-08-19 12:55 ./
drwxr-xr-x root/root         0 2022-08-19 12:55 etc/
drwxr-xr-x root/root         0 2022-08-19 12:55 etc/profile.d/
-rwxr-xr-x root/root       102 2022-08-19 12:55 etc/profile.d/jdk.csh
-rwxr-xr-x root/root       103 2022-08-19 12:55 etc/profile.d/jdk.sh
drwxr-xr-x root/root         0 2022-08-19 12:55 install/
-rw-r--r-- root/root     35076 2022-08-19 12:55 install/doinst.sh
-rw-r--r-- root/root       863 2022-08-19 12:55 install/slack-desc
drwxr-xr-x root/root         0 2022-08-19 12:36 usr/
drwxr-xr-x root/root         0 2022-08-19 12:55 usr/lib64/
drwxr-xr-x root/root         0 2022-08-19 12:55 usr/lib64/java/
drwxr-xr-x root/root         0 2022-08-19 12:55 usr/lib64/java/bin/
-rwxr-xr-x root/root     12384 2022-08-16 02:44 usr/lib64/java/bin/jar
-rwxr-xr-x root/root     12392 2022-08-16 02:44 usr/lib64/java/bin/jarsigner
-rwxr-xr-x root/root     12368 2022-08-16 02:44 usr/lib64/java/bin/java
-rwxr-xr-x root/root     12416 2022-08-16 02:44 usr/lib64/java/bin/javac
-rwxr-xr-x root/root     12424 2022-08-16 02:44 usr/lib64/java/bin/javadoc
-rwxr-xr-x root/root     12384 2022-08-16 02:44 usr/lib64/java/bin/javap
-rwxr-xr-x root/root     12384 2022-08-16 02:44 usr/lib64/java/bin/jcmd
-rwxr-xr-x root/root     12456 2022-08-16 02:44 usr/lib64/java/bin/jconsole
-rwxr-xr-x root/root     12384 2022-08-16 02:44 usr/lib64/java/bin/jdb
-rwxr-xr-x root/root     12392 2022-08-16 02:44 usr/lib64/java/bin/jdeprscan
-rwxr-xr-x root/root     12384 2022-08-16 02:44 usr/lib64/java/bin/jdeps
-rwxr-xr-x root/root     12384 2022-08-16 02:44 usr/lib64/java/bin/jfr
-rwxr-xr-x root/root     12384 2022-08-16 02:44 usr/lib64/java/bin/jhsdb
-rwxr-xr-x root/root     12392 2022-08-16 02:44 usr/lib64/java/bin/jimage
-rwxr-xr-x root/root     12416 2022-08-16 02:44 usr/lib64/java/bin/jinfo
-rwxr-xr-x root/root     12416 2022-08-16 02:44 usr/lib64/java/bin/jlink
-rwxr-xr-x root/root     12416 2022-08-16 02:44 usr/lib64/java/bin/jmap
-rwxr-xr-x root/root     12384 2022-08-16 02:44 usr/lib64/java/bin/jmod
-rwxr-xr-x root/root     12392 2022-08-16 02:44 usr/lib64/java/bin/jpackage
-rwxr-xr-x root/root     12384 2022-08-16 02:44 usr/lib64/java/bin/jps
-rwxr-xr-x root/root     12424 2022-08-16 02:44 usr/lib64/java/bin/jrunscript
-rwxr-xr-x root/root     12392 2022-08-16 02:44 usr/lib64/java/bin/jshell
-rwxr-xr-x root/root     12424 2022-08-16 02:44 usr/lib64/java/bin/jstack
-rwxr-xr-x root/root     12384 2022-08-16 02:44 usr/lib64/java/bin/jstat
-rwxr-xr-x root/root     12416 2022-08-16 02:44 usr/lib64/java/bin/jstatd
-rwxr-xr-x root/root     12392 2022-08-16 02:44 usr/lib64/java/bin/jwebserver
-rwxr-xr-x root/root     12392 2022-08-16 02:44 usr/lib64/java/bin/keytool
-rwxr-xr-x root/root     12416 2022-08-16 02:44 usr/lib64/java/bin/rmiregistry
-rwxr-xr-x root/root     12392 2022-08-16 02:44 usr/lib64/java/bin/serialver
drwxr-xr-x root/root         0 2022-08-19 12:55 usr/lib64/java/conf/
-rw-r--r-- root/root      2732 2022-08-16 02:44 usr/lib64/java/conf/logging.properties
drwxr-xr-x root/root         0 2022-08-19 12:55 usr/lib64/java/conf/management/
-rw-r--r-- root/root      3997 2022-08-16 02:44 usr/lib64/java/conf/management/jmxremote.access
-rw-r--r-- root/root      5690 2022-08-16 02:44 usr/lib64/java/conf/management/jmxremote.password.template
-rw-r--r-- root/root     14410 2022-08-16 02:44 usr/lib64/java/conf/management/management.properties
-rw-r--r-- root/root      6608 2022-08-16 02:44 usr/lib64/java/conf/net.properties
drwxr-xr-x root/root         0 2022-08-19 12:55 usr/lib64/java/conf/sdp/
-rw-r--r-- root/root      1455 2022-08-16 02:44 usr/lib64/java/conf/sdp/sdp.conf.template
drwxr-xr-x root/root         0 2022-08-19 12:55 usr/lib64/java/conf/security/
-rw-r--r-- root/root      2180 2022-08-16 02:44 usr/lib64/java/conf/security/java.policy
-rw-r--r-- root/root     58250 2022-08-16 02:44 usr/lib64/java/conf/security/java.security
drwxr-xr-x root/root         0 2022-08-19 12:55 usr/lib64/java/conf/security/policy/
-rw-r--r-- root/root      2390 2022-08-16 02:44 usr/lib64/java/conf/security/policy/README.txt
drwxr-xr-x root/root         0 2022-08-19 12:55 usr/lib64/java/conf/security/policy/limited/
-rw-r--r-- root/root       146 2022-08-16 02:44 usr/lib64/java/conf/security/policy/limited/default_US_export.policy
-rw-r--r-- root/root       647 2022-08-16 02:44 usr/lib64/java/conf/security/policy/limited/default_local.policy
-rw-r--r-- root/root       566 2022-08-16 02:44 usr/lib64/java/conf/security/policy/limited/exempt_local.policy
drwxr-xr-x root/root         0 2022-08-19 12:55 usr/lib64/java/conf/security/policy/unlimited/
-rw-r--r-- root/root       146 2022-08-16 02:44 usr/lib64/java/conf/security/policy/unlimited/default_US_export.policy
-rw-r--r-- root/root       193 2022-08-16 02:44 usr/lib64/java/conf/security/policy/unlimited/default_local.policy
-rw-r--r-- root/root      1210 2022-08-16 02:44 usr/lib64/java/conf/sound.properties
drwxr-xr-x root/root         0 2022-08-19 12:55 usr/lib64/java/include/
-rw-r--r-- root/root     22155 2022-08-16 02:44 usr/lib64/java/include/classfile_constants.h
-rw-r--r-- root/root     12458 2022-08-16 02:44 usr/lib64/java/include/jawt.h
-rw-r--r-- root/root      8151 2022-08-16 02:44 usr/lib64/java/include/jdwpTransport.h
-rw-r--r-- root/root     75678 2022-08-16 02:44 usr/lib64/java/include/jni.h
-rw-r--r-- root/root     81725 2022-08-16 02:44 usr/lib64/java/include/jvmti.h
-rw-r--r-- root/root      4771 2022-08-16 02:44 usr/lib64/java/include/jvmticmlr.h
drwxr-xr-x root/root         0 2022-08-19 12:55 usr/lib64/java/include/linux/
-rw-r--r-- root/root      1965 2022-08-16 02:44 usr/lib64/java/include/linux/jawt_md.h
-rw-r--r-- root/root      2208 2022-08-16 02:44 usr/lib64/java/include/linux/jni_md.h
drwxr-xr-x root/root         0 2022-08-19 12:55 usr/lib64/java/jmods/
-rw-r--r-- root/root  20873341 2022-08-16 02:44 usr/lib64/java/jmods/java.base.jmod
-rw-r--r-- root/root    133145 2022-08-16 02:44 usr/lib64/java/jmods/java.compiler.jmod
-rw-r--r-- root/root     59204 2022-08-16 02:44 usr/lib64/java/jmods/java.datatransfer.jmod
-rw-r--r-- root/root  13470426 2022-08-16 02:44 usr/lib64/java/jmods/java.desktop.jmod
-rw-r--r-- root/root     46512 2022-08-16 02:44 usr/lib64/java/jmods/java.instrument.jmod
-rw-r--r-- root/root    122249 2022-08-16 02:44 usr/lib64/java/jmods/java.logging.jmod
-rw-r--r-- root/root    901866 2022-08-16 02:44 usr/lib64/java/jmods/java.management.jmod
-rw-r--r-- root/root     99622 2022-08-16 02:44 usr/lib64/java/jmods/java.management.rmi.jmod
-rw-r--r-- root/root    477313 2022-08-16 02:44 usr/lib64/java/jmods/java.naming.jmod
-rw-r--r-- root/root    745349 2022-08-16 02:44 usr/lib64/java/jmods/java.net.http.jmod
-rw-r--r-- root/root     69362 2022-08-16 02:44 usr/lib64/java/jmods/java.prefs.jmod
-rw-r--r-- root/root    267344 2022-08-16 02:44 usr/lib64/java/jmods/java.rmi.jmod
-rw-r--r-- root/root     45797 2022-08-16 02:44 usr/lib64/java/jmods/java.scripting.jmod
-rw-r--r-- root/root      9861 2022-08-16 02:44 usr/lib64/java/jmods/java.se.jmod
-rw-r--r-- root/root    602250 2022-08-16 02:44 usr/lib64/java/jmods/java.security.jgss.jmod
-rw-r--r-- root/root     89336 2022-08-16 02:44 usr/lib64/java/jmods/java.security.sasl.jmod
-rw-r--r-- root/root     63204 2022-08-16 02:44 usr/lib64/java/jmods/java.smartcardio.jmod
-rw-r--r-- root/root     83710 2022-08-16 02:44 usr/lib64/java/jmods/java.sql.jmod
-rw-r--r-- root/root    201034 2022-08-16 02:44 usr/lib64/java/jmods/java.sql.rowset.jmod
-rw-r--r-- root/root     11686 2022-08-16 02:44 usr/lib64/java/jmods/java.transaction.xa.jmod
-rw-r--r-- root/root    677726 2022-08-16 02:44 usr/lib64/java/jmods/java.xml.crypto.jmod
-rw-r--r-- root/root   4648508 2022-08-16 02:44 usr/lib64/java/jmods/java.xml.jmod
-rw-r--r-- root/root     57672 2022-08-16 02:44 usr/lib64/java/jmods/jdk.accessibility.jmod
-rw-r--r-- root/root     37900 2022-08-16 02:44 usr/lib64/java/jmods/jdk.attach.jmod
-rw-r--r-- root/root   1197701 2022-08-16 02:44 usr/lib64/java/jmods/jdk.charsets.jmod
-rw-r--r-- root/root   9683403 2022-08-16 02:44 usr/lib64/java/jmods/jdk.compiler.jmod
-rw-r--r-- root/root    397795 2022-08-16 02:44 usr/lib64/java/jmods/jdk.crypto.cryptoki.jmod
-rw-r--r-- root/root    138344 2022-08-16 02:44 usr/lib64/java/jmods/jdk.crypto.ec.jmod
-rw-r--r-- root/root    165949 2022-08-16 02:44 usr/lib64/java/jmods/jdk.dynalink.jmod
-rw-r--r-- root/root     15281 2022-08-16 02:44 usr/lib64/java/jmods/jdk.editpad.jmod
-rw-r--r-- root/root   2281492 2022-08-16 02:44 usr/lib64/java/jmods/jdk.hotspot.agent.jmod
-rw-r--r-- root/root    153337 2022-08-16 02:44 usr/lib64/java/jmods/jdk.httpserver.jmod
-rw-r--r-- root/root    328162 2022-08-16 02:44 usr/lib64/java/jmods/jdk.incubator.foreign.jmod
-rw-r--r-- root/root   1128468 2022-08-16 02:44 usr/lib64/java/jmods/jdk.incubator.vector.jmod
-rw-r--r-- root/root     15146 2022-08-16 02:44 usr/lib64/java/jmods/jdk.internal.ed.jmod
-rw-r--r-- root/root     99236 2022-08-16 02:44 usr/lib64/java/jmods/jdk.internal.jvmstat.jmod
-rw-r--r-- root/root    422172 2022-08-16 02:44 usr/lib64/java/jmods/jdk.internal.le.jmod
-rw-r--r-- root/root     90579 2022-08-16 02:44 usr/lib64/java/jmods/jdk.internal.opt.jmod
-rw-r--r-- root/root    452189 2022-08-16 02:44 usr/lib64/java/jmods/jdk.internal.vm.ci.jmod
-rw-r--r-- root/root      9649 2022-08-16 02:44 usr/lib64/java/jmods/jdk.internal.vm.compiler.jmod
-rw-r--r-- root/root      9655 2022-08-16 02:44 usr/lib64/java/jmods/jdk.internal.vm.compiler.management.jmod
-rw-r--r-- root/root    198385 2022-08-16 02:44 usr/lib64/java/jmods/jdk.jartool.jmod
-rw-r--r-- root/root   1450762 2022-08-16 02:44 usr/lib64/java/jmods/jdk.javadoc.jmod
-rw-r--r-- root/root    117061 2022-08-16 02:44 usr/lib64/java/jmods/jdk.jcmd.jmod
-rw-r--r-- root/root    475562 2022-08-16 02:44 usr/lib64/java/jmods/jdk.jconsole.jmod
-rw-r--r-- root/root    736327 2022-08-16 02:44 usr/lib64/java/jmods/jdk.jdeps.jmod
-rw-r--r-- root/root    846806 2022-08-16 02:44 usr/lib64/java/jmods/jdk.jdi.jmod
-rw-r--r-- root/root    150443 2022-08-16 02:44 usr/lib64/java/jmods/jdk.jdwp.agent.jmod
-rw-r--r-- root/root    644533 2022-08-16 02:44 usr/lib64/java/jmods/jdk.jfr.jmod
-rw-r--r-- root/root    414216 2022-08-16 02:44 usr/lib64/java/jmods/jdk.jlink.jmod
-rw-r--r-- root/root    719237 2022-08-16 02:44 usr/lib64/java/jmods/jdk.jpackage.jmod
-rw-r--r-- root/root    679106 2022-08-16 02:44 usr/lib64/java/jmods/jdk.jshell.jmod
-rw-r--r-- root/root     10753 2022-08-16 02:44 usr/lib64/java/jmods/jdk.jsobject.jmod
-rw-r--r-- root/root     34615 2022-08-16 02:44 usr/lib64/java/jmods/jdk.jstatd.jmod
-rw-r--r-- root/root  10250325 2022-08-16 02:44 usr/lib64/java/jmods/jdk.localedata.jmod
-rw-r--r-- root/root     82557 2022-08-16 02:44 usr/lib64/java/jmods/jdk.management.agent.jmod
-rw-r--r-- root/root     62106 2022-08-16 02:44 usr/lib64/java/jmods/jdk.management.jfr.jmod
-rw-r--r-- root/root     77355 2022-08-16 02:44 usr/lib64/java/jmods/jdk.management.jmod
-rw-r--r-- root/root     68947 2022-08-16 02:44 usr/lib64/java/jmods/jdk.naming.dns.jmod
-rw-r--r-- root/root     30879 2022-08-16 02:44 usr/lib64/java/jmods/jdk.naming.rmi.jmod
-rw-r--r-- root/root     31414 2022-08-16 02:44 usr/lib64/java/jmods/jdk.net.jmod
-rw-r--r-- root/root     10227 2022-08-16 02:44 usr/lib64/java/jmods/jdk.nio.mapmode.jmod
-rw-r--r-- root/root     29475 2022-08-16 02:44 usr/lib64/java/jmods/jdk.random.jmod
-rw-r--r-- root/root     93405 2022-08-16 02:44 usr/lib64/java/jmods/jdk.sctp.jmod
-rw-r--r-- root/root     73288 2022-08-16 02:44 usr/lib64/java/jmods/jdk.security.auth.jmod
-rw-r--r-- root/root     32853 2022-08-16 02:44 usr/lib64/java/jmods/jdk.security.jgss.jmod
-rw-r--r-- root/root     21628 2022-08-16 02:44 usr/lib64/java/jmods/jdk.unsupported.desktop.jmod
-rw-r--r-- root/root     25004 2022-08-16 02:44 usr/lib64/java/jmods/jdk.unsupported.jmod
-rw-r--r-- root/root     50013 2022-08-16 02:44 usr/lib64/java/jmods/jdk.xml.dom.jmod
-rw-r--r-- root/root    112384 2022-08-16 02:44 usr/lib64/java/jmods/jdk.zipfs.jmod
drwxr-xr-x root/root         0 2022-08-19 12:55 usr/lib64/java/legal/
drwxr-xr-x root/root         0 2022-08-19 12:55 usr/lib64/java/legal/java.base/
-rwxr-xr-x root/root      2114 2022-08-16 02:44 usr/lib64/java/legal/java.base/ADDITIONAL_LICENSE_INFO
-rwxr-xr-x root/root      1522 2022-08-16 02:44 usr/lib64/java/legal/java.base/ASSEMBLY_EXCEPTION
-rwxr-xr-x root/root     19274 2022-08-16 02:44 usr/lib64/java/legal/java.base/LICENSE
-rw-r--r-- root/root      1444 2022-08-16 02:44 usr/lib64/java/legal/java.base/aes.md
-rw-r--r-- root/root      1584 2022-08-16 02:44 usr/lib64/java/legal/java.base/asm.md
-rw-r--r-- root/root      1556 2022-08-16 02:44 usr/lib64/java/legal/java.base/c-libutl.md
-rwxr-xr-x root/root      9130 2022-08-16 02:44 usr/lib64/java/legal/java.base/cldr.md
-rw-r--r-- root/root     11086 2022-08-16 02:44 usr/lib64/java/legal/java.base/icu.md
-rw-r--r-- root/root     17785 2022-08-16 02:44 usr/lib64/java/legal/java.base/public_suffix.md
-rw-r--r-- root/root      2384 2022-08-16 02:44 usr/lib64/java/legal/java.base/unicode.md
drwxr-xr-x root/root         0 2022-08-19 12:55 usr/lib64/java/legal/java.compiler/
drwxr-xr-x root/root         0 2022-08-19 12:55 usr/lib64/java/legal/java.datatransfer/
drwxr-xr-x root/root         0 2022-08-19 12:55 usr/lib64/java/legal/java.desktop/
-rw-r--r-- root/root       167 2022-08-16 02:44 usr/lib64/java/legal/java.desktop/colorimaging.md
-rw-r--r-- root/root      1288 2022-08-16 02:44 usr/lib64/java/legal/java.desktop/giflib.md
-rw-r--r-- root/root      2884 2022-08-16 02:44 usr/lib64/java/legal/java.desktop/harfbuzz.md
-rw-r--r-- root/root      3475 2022-08-16 02:44 usr/lib64/java/legal/java.desktop/jpeg.md
-rw-r--r-- root/root      1178 2022-08-16 02:44 usr/lib64/java/legal/java.desktop/lcms.md
-rw-r--r-- root/root      5398 2022-08-16 02:44 usr/lib64/java/legal/java.desktop/libpng.md
-rw-r--r-- root/root      5732 2022-08-16 02:44 usr/lib64/java/legal/java.desktop/mesa3d.md
-rw-r--r-- root/root      1348 2022-08-16 02:44 usr/lib64/java/legal/java.desktop/xwd.md
drwxr-xr-x root/root         0 2022-08-19 12:55 usr/lib64/java/legal/java.instrument/
drwxr-xr-x root/root         0 2022-08-19 12:55 usr/lib64/java/legal/java.logging/
drwxr-xr-x root/root         0 2022-08-19 12:55 usr/lib64/java/legal/java.management/
drwxr-xr-x root/root         0 2022-08-19 12:55 usr/lib64/java/legal/java.management.rmi/
drwxr-xr-x root/root         0 2022-08-19 12:55 usr/lib64/java/legal/java.naming/
drwxr-xr-x root/root         0 2022-08-19 12:55 usr/lib64/java/legal/java.net.http/
drwxr-xr-x root/root         0 2022-08-19 12:55 usr/lib64/java/legal/java.prefs/
drwxr-xr-x root/root         0 2022-08-19 12:55 usr/lib64/java/legal/java.rmi/
drwxr-xr-x root/root         0 2022-08-19 12:55 usr/lib64/java/legal/java.scripting/
drwxr-xr-x root/root         0 2022-08-19 12:55 usr/lib64/java/legal/java.se/
drwxr-xr-x root/root         0 2022-08-19 12:55 usr/lib64/java/legal/java.security.jgss/
drwxr-xr-x root/root         0 2022-08-19 12:55 usr/lib64/java/legal/java.security.sasl/
drwxr-xr-x root/root         0 2022-08-19 12:55 usr/lib64/java/legal/java.smartcardio/
-rw-r--r-- root/root      1649 2022-08-16 02:44 usr/lib64/java/legal/java.smartcardio/pcsclite.md
drwxr-xr-x root/root         0 2022-08-19 12:55 usr/lib64/java/legal/java.sql/
drwxr-xr-x root/root         0 2022-08-19 12:55 usr/lib64/java/legal/java.sql.rowset/
drwxr-xr-x root/root         0 2022-08-19 12:55 usr/lib64/java/legal/java.transaction.xa/
drwxr-xr-x root/root         0 2022-08-19 12:55 usr/lib64/java/legal/java.xml/
drwxr-xr-x root/root         0 2022-08-19 12:55 usr/lib64/java/legal/java.xml.crypto/
-rw-r--r-- root/root     11436 2022-08-16 02:44 usr/lib64/java/legal/java.xml.crypto/santuario.md
-rw-r--r-- root/root     11195 2022-08-16 02:44 usr/lib64/java/legal/java.xml/bcel.md
-rw-r--r-- root/root      3028 2022-08-16 02:44 usr/lib64/java/legal/java.xml/dom.md
-rw-r--r-- root/root      1158 2022-08-16 02:44 usr/lib64/java/legal/java.xml/jcup.md
-rw-r--r-- root/root     13494 2022-08-16 02:44 usr/lib64/java/legal/java.xml/xalan.md
-rw-r--r-- root/root     11852 2022-08-16 02:44 usr/lib64/java/legal/java.xml/xerces.md
drwxr-xr-x root/root         0 2022-08-19 12:55 usr/lib64/java/legal/jdk.accessibility/
drwxr-xr-x root/root         0 2022-08-19 12:55 usr/lib64/java/legal/jdk.attach/
drwxr-xr-x root/root         0 2022-08-19 12:55 usr/lib64/java/legal/jdk.charsets/
drwxr-xr-x root/root         0 2022-08-19 12:55 usr/lib64/java/legal/jdk.compiler/
drwxr-xr-x root/root         0 2022-08-19 12:55 usr/lib64/java/legal/jdk.crypto.cryptoki/
-rw-r--r-- root/root      3923 2022-08-16 02:44 usr/lib64/java/legal/jdk.crypto.cryptoki/pkcs11cryptotoken.md
-rw-r--r-- root/root      2131 2022-08-16 02:44 usr/lib64/java/legal/jdk.crypto.cryptoki/pkcs11wrapper.md
drwxr-xr-x root/root         0 2022-08-19 12:55 usr/lib64/java/legal/jdk.crypto.ec/
drwxr-xr-x root/root         0 2022-08-19 12:55 usr/lib64/java/legal/jdk.dynalink/
-rw-r--r-- root/root      1502 2022-08-16 02:44 usr/lib64/java/legal/jdk.dynalink/dynalink.md
drwxr-xr-x root/root         0 2022-08-19 12:55 usr/lib64/java/legal/jdk.editpad/
drwxr-xr-x root/root         0 2022-08-19 12:55 usr/lib64/java/legal/jdk.hotspot.agent/
drwxr-xr-x root/root         0 2022-08-19 12:55 usr/lib64/java/legal/jdk.httpserver/
drwxr-xr-x root/root         0 2022-08-19 12:55 usr/lib64/java/legal/jdk.incubator.foreign/
drwxr-xr-x root/root         0 2022-08-19 12:55 usr/lib64/java/legal/jdk.incubator.vector/
drwxr-xr-x root/root         0 2022-08-19 12:55 usr/lib64/java/legal/jdk.internal.ed/
drwxr-xr-x root/root         0 2022-08-19 12:55 usr/lib64/java/legal/jdk.internal.jvmstat/
drwxr-xr-x root/root         0 2022-08-19 12:55 usr/lib64/java/legal/jdk.internal.le/
-rw-r--r-- root/root      1579 2022-08-16 02:44 usr/lib64/java/legal/jdk.internal.le/jline.md
drwxr-xr-x root/root         0 2022-08-19 12:55 usr/lib64/java/legal/jdk.internal.opt/
-rw-r--r-- root/root      1122 2022-08-16 02:44 usr/lib64/java/legal/jdk.internal.opt/jopt-simple.md
drwxr-xr-x root/root         0 2022-08-19 12:55 usr/lib64/java/legal/jdk.internal.vm.ci/
drwxr-xr-x root/root         0 2022-08-19 12:55 usr/lib64/java/legal/jdk.internal.vm.compiler/
drwxr-xr-x root/root         0 2022-08-19 12:55 usr/lib64/java/legal/jdk.internal.vm.compiler.management/
drwxr-xr-x root/root         0 2022-08-19 12:55 usr/lib64/java/legal/jdk.jartool/
drwxr-xr-x root/root         0 2022-08-19 12:55 usr/lib64/java/legal/jdk.javadoc/
-rw-r--r-- root/root      2934 2022-08-16 02:44 usr/lib64/java/legal/jdk.javadoc/jquery.md
-rw-r--r-- root/root      1870 2022-08-16 02:44 usr/lib64/java/legal/jdk.javadoc/jqueryUI.md
drwxr-xr-x root/root         0 2022-08-19 12:55 usr/lib64/java/legal/jdk.jcmd/
drwxr-xr-x root/root         0 2022-08-19 12:55 usr/lib64/java/legal/jdk.jconsole/
drwxr-xr-x root/root         0 2022-08-19 12:55 usr/lib64/java/legal/jdk.jdeps/
drwxr-xr-x root/root         0 2022-08-19 12:55 usr/lib64/java/legal/jdk.jdi/
drwxr-xr-x root/root         0 2022-08-19 12:55 usr/lib64/java/legal/jdk.jdwp.agent/
drwxr-xr-x root/root         0 2022-08-19 12:55 usr/lib64/java/legal/jdk.jfr/
drwxr-xr-x root/root         0 2022-08-19 12:55 usr/lib64/java/legal/jdk.jlink/
drwxr-xr-x root/root         0 2022-08-19 12:55 usr/lib64/java/legal/jdk.jpackage/
drwxr-xr-x root/root         0 2022-08-19 12:55 usr/lib64/java/legal/jdk.jshell/
drwxr-xr-x root/root         0 2022-08-19 12:55 usr/lib64/java/legal/jdk.jsobject/
drwxr-xr-x root/root         0 2022-08-19 12:55 usr/lib64/java/legal/jdk.jstatd/
drwxr-xr-x root/root         0 2022-08-19 12:55 usr/lib64/java/legal/jdk.localedata/
-rw-r--r-- root/root      1346 2022-08-16 02:44 usr/lib64/java/legal/jdk.localedata/thaidict.md
drwxr-xr-x root/root         0 2022-08-19 12:55 usr/lib64/java/legal/jdk.management/
drwxr-xr-x root/root         0 2022-08-19 12:55 usr/lib64/java/legal/jdk.management.agent/
drwxr-xr-x root/root         0 2022-08-19 12:55 usr/lib64/java/legal/jdk.management.jfr/
drwxr-xr-x root/root         0 2022-08-19 12:55 usr/lib64/java/legal/jdk.naming.dns/
drwxr-xr-x root/root         0 2022-08-19 12:55 usr/lib64/java/legal/jdk.naming.rmi/
drwxr-xr-x root/root         0 2022-08-19 12:55 usr/lib64/java/legal/jdk.net/
drwxr-xr-x root/root         0 2022-08-19 12:55 usr/lib64/java/legal/jdk.nio.mapmode/
drwxr-xr-x root/root         0 2022-08-19 12:55 usr/lib64/java/legal/jdk.random/
drwxr-xr-x root/root         0 2022-08-19 12:55 usr/lib64/java/legal/jdk.sctp/
drwxr-xr-x root/root         0 2022-08-19 12:55 usr/lib64/java/legal/jdk.security.auth/
drwxr-xr-x root/root         0 2022-08-19 12:55 usr/lib64/java/legal/jdk.security.jgss/
drwxr-xr-x root/root         0 2022-08-19 12:55 usr/lib64/java/legal/jdk.unsupported/
drwxr-xr-x root/root         0 2022-08-19 12:55 usr/lib64/java/legal/jdk.unsupported.desktop/
drwxr-xr-x root/root         0 2022-08-19 12:55 usr/lib64/java/legal/jdk.xml.dom/
drwxr-xr-x root/root         0 2022-08-19 12:55 usr/lib64/java/legal/jdk.zipfs/
drwxr-xr-x root/root         0 2022-08-19 12:55 usr/lib64/java/lib/
-rw-r--r-- root/root     72152 2022-08-16 02:44 usr/lib64/java/lib/classlist
-rw-r--r-- root/root   8952185 2022-08-16 02:44 usr/lib64/java/lib/ct.sym
-rwxr-xr-x root/root     12480 2022-08-16 02:44 usr/lib64/java/lib/jexec
drwxr-xr-x root/root         0 2022-08-19 12:55 usr/lib64/java/lib/jfr/
-rw-r--r-- root/root     35128 2022-08-16 02:44 usr/lib64/java/lib/jfr/default.jfc
-rw-r--r-- root/root     35088 2022-08-16 02:44 usr/lib64/java/lib/jfr/profile.jfc
-rw-r--r-- root/root    110502 2022-08-16 02:44 usr/lib64/java/lib/jrt-fs.jar
-rwxr-xr-x root/root     17640 2022-08-16 02:44 usr/lib64/java/lib/jspawnhelper
-rw-r--r-- root/root        29 2022-08-16 02:44 usr/lib64/java/lib/jvm.cfg
-rw-r--r-- root/root     12808 2022-08-16 02:44 usr/lib64/java/lib/libattach.so
-rw-r--r-- root/root    891432 2022-08-16 02:44 usr/lib64/java/lib/libawt.so
-rw-r--r-- root/root     38416 2022-08-16 02:44 usr/lib64/java/lib/libawt_headless.so
-rw-r--r-- root/root    478040 2022-08-16 02:44 usr/lib64/java/lib/libawt_xawt.so
-rw-r--r-- root/root     27584 2022-08-16 02:44 usr/lib64/java/lib/libdt_socket.so
-rw-r--r-- root/root     12832 2022-08-16 02:44 usr/lib64/java/lib/libextnet.so
-rw-r--r-- root/root   1887072 2022-08-16 02:44 usr/lib64/java/lib/libfontmanager.so
-rw-r--r-- root/root     50304 2022-08-16 02:44 usr/lib64/java/lib/libinstrument.so
-rw-r--r-- root/root     47032 2022-08-16 02:44 usr/lib64/java/lib/libj2gss.so
-rw-r--r-- root/root     17632 2022-08-16 02:44 usr/lib64/java/lib/libj2pcsc.so
-rw-r--r-- root/root     92424 2022-08-16 02:44 usr/lib64/java/lib/libj2pkcs11.so
-rw-r--r-- root/root      7744 2022-08-16 02:44 usr/lib64/java/lib/libjaas.so
-rw-r--r-- root/root    190528 2022-08-16 02:44 usr/lib64/java/lib/libjava.so
-rw-r--r-- root/root    239976 2022-08-16 02:44 usr/lib64/java/lib/libjavajpeg.so
-rw-r--r-- root/root      7736 2022-08-16 02:44 usr/lib64/java/lib/libjawt.so
-rw-r--r-- root/root    293872 2022-08-16 02:44 usr/lib64/java/lib/libjdwp.so
-rw-r--r-- root/root    145528 2022-08-16 02:44 usr/lib64/java/lib/libjimage.so
-rw-r--r-- root/root     73032 2022-08-16 02:44 usr/lib64/java/lib/libjli.so
-rw-r--r-- root/root     12672 2022-08-16 02:44 usr/lib64/java/lib/libjsig.so
-rw-r--r-- root/root     80336 2022-08-16 02:44 usr/lib64/java/lib/libjsound.so
-rw-r--r-- root/root    866496 2022-08-16 02:44 usr/lib64/java/lib/libjsvml.so
-rw-r--r-- root/root    518480 2022-08-16 02:44 usr/lib64/java/lib/liblcms.so
-rw-r--r-- root/root     25456 2022-08-16 02:44 usr/lib64/java/lib/libmanagement.so
-rw-r--r-- root/root      7752 2022-08-16 02:44 usr/lib64/java/lib/libmanagement_agent.so
-rw-r--r-- root/root     32984 2022-08-16 02:44 usr/lib64/java/lib/libmanagement_ext.so
-rw-r--r-- root/root    603080 2022-08-16 02:44 usr/lib64/java/lib/libmlib_image.so
-rw-r--r-- root/root     71080 2022-08-16 02:44 usr/lib64/java/lib/libnet.so
-rw-r--r-- root/root     99904 2022-08-16 02:44 usr/lib64/java/lib/libnio.so
-rw-r--r-- root/root     11976 2022-08-16 02:44 usr/lib64/java/lib/libprefs.so
-rw-r--r-- root/root      7480 2022-08-16 02:44 usr/lib64/java/lib/librmi.so
-rw-r--r-- root/root    184296 2022-08-16 02:44 usr/lib64/java/lib/libsaproc.so
-rw-r--r-- root/root     27872 2022-08-16 02:44 usr/lib64/java/lib/libsctp.so
-rw-r--r-- root/root    368656 2022-08-16 02:44 usr/lib64/java/lib/libsplashscreen.so
-rw-r--r-- root/root      7464 2022-08-16 02:44 usr/lib64/java/lib/libsyslookup.so
-rw-r--r-- root/root     64008 2022-08-16 02:44 usr/lib64/java/lib/libverify.so
-rw-r--r-- root/root     41056 2022-08-16 02:44 usr/lib64/java/lib/libzip.so
-rw-r--r-- root/root 127797074 2022-08-16 02:44 usr/lib64/java/lib/modules
-rw-r--r-- root/root      3793 2022-08-16 02:44 usr/lib64/java/lib/psfont.properties.ja
-rw-r--r-- root/root     11390 2022-08-16 02:44 usr/lib64/java/lib/psfontj2d.properties
drwxr-xr-x root/root         0 2022-08-19 12:55 usr/lib64/java/lib/security/
-rw-r--r-- root/root      2488 2022-08-16 02:44 usr/lib64/java/lib/security/blocked.certs
-rw-r--r-- root/root    109961 2022-08-16 02:44 usr/lib64/java/lib/security/cacerts
-rw-r--r-- root/root     10012 2022-08-16 02:44 usr/lib64/java/lib/security/default.policy
-rw-r--r-- root/root    232578 2022-08-16 02:44 usr/lib64/java/lib/security/public_suffix_list.dat
drwxr-xr-x root/root         0 2022-08-19 12:55 usr/lib64/java/lib/server/
-rw-r--r-- root/root  13438976 2022-08-16 02:44 usr/lib64/java/lib/server/classes.jsa
-rw-r--r-- root/root  12279808 2022-08-16 02:44 usr/lib64/java/lib/server/classes_nocoops.jsa
-rw-r--r-- root/root     12672 2022-08-16 02:44 usr/lib64/java/lib/server/libjsig.so
-rw-r--r-- root/root  23100000 2022-08-16 02:44 usr/lib64/java/lib/server/libjvm.so
-rw-r--r-- root/root  51104237 2022-08-16 02:44 usr/lib64/java/lib/src.zip
-rw-r--r-- root/root    106921 2022-08-16 02:44 usr/lib64/java/lib/tzdb.dat
-rw-r--r-- root/root      1211 2022-08-16 02:44 usr/lib64/java/release


