++========================================
||
||   Package:  ./csso-cli/csso-cli-3.0.0-x86_64-2cf.txz
||
++========================================
drwxr-xr-x root/root         0 2020-11-10 16:21 ./
drwxr-xr-x root/root         0 2020-11-10 16:21 install/
-rw-r--r-- root/root       280 2020-11-10 16:21 install/doinst.sh
-rw-r--r-- root/root       677 2020-11-10 16:21 install/slack-desc
drwxr-xr-x root/root         0 2020-11-10 16:21 usr/
drwxr-xr-x root/root         0 2020-11-10 16:21 usr/bin/
drwxr-xr-x root/root         0 2020-11-10 16:21 usr/doc/
drwxr-xr-x root/root         0 2020-11-10 16:21 usr/doc/csso-cli-3.0.0/
-rw-r--r-- root/root      2304 2020-11-10 16:21 usr/doc/csso-cli-3.0.0/csso-cli.SlackBuild
drwxr-xr-x root/root         0 2020-11-10 16:21 usr/lib64/
drwxr-xr-x root/root         0 2020-11-10 16:21 usr/lib64/node_modules/
drwxr-xr-x root/root         0 2020-11-10 16:21 usr/lib64/node_modules/csso-cli/
-rw-r--r-- root/root      1236 1985-10-26 09:15 usr/lib64/node_modules/csso-cli/CHANGELOG.md
-rw-r--r-- root/root      1065 1985-10-26 09:15 usr/lib64/node_modules/csso-cli/LICENSE
-rw-r--r-- root/root      6091 1985-10-26 09:15 usr/lib64/node_modules/csso-cli/README.md
drwxr-xr-x root/root         0 2020-11-10 16:21 usr/lib64/node_modules/csso-cli/bin/
-rwxr-xr-x root/root       290 1985-10-26 09:15 usr/lib64/node_modules/csso-cli/bin/csso
-rw-r--r-- root/root     13182 1985-10-26 09:15 usr/lib64/node_modules/csso-cli/index.js
drwxr-xr-x root/root         0 2020-11-10 16:21 usr/lib64/node_modules/csso-cli/node_modules/
drwxr-xr-x root/root         0 2020-11-10 16:21 usr/lib64/node_modules/csso-cli/node_modules/ansi-regex/
-rw-r--r-- root/root       135 2017-01-14 04:03 usr/lib64/node_modules/csso-cli/node_modules/ansi-regex/index.js
-rw-r--r-- root/root      1119 2016-06-09 18:45 usr/lib64/node_modules/csso-cli/node_modules/ansi-regex/license
-rw-r--r-- root/root      1189 2017-01-14 04:09 usr/lib64/node_modules/csso-cli/node_modules/ansi-regex/package.json
-rw-r--r-- root/root      1749 2017-01-14 04:03 usr/lib64/node_modules/csso-cli/node_modules/ansi-regex/readme.md
drwxr-xr-x root/root         0 2020-11-10 16:21 usr/lib64/node_modules/csso-cli/node_modules/ansi-styles/
-rw-r--r-- root/root      1254 2016-03-28 22:32 usr/lib64/node_modules/csso-cli/node_modules/ansi-styles/index.js
-rw-r--r-- root/root      1119 2014-04-06 17:43 usr/lib64/node_modules/csso-cli/node_modules/ansi-styles/license
-rw-r--r-- root/root       900 2016-03-28 22:35 usr/lib64/node_modules/csso-cli/node_modules/ansi-styles/package.json
-rw-r--r-- root/root      1448 2016-03-28 22:32 usr/lib64/node_modules/csso-cli/node_modules/ansi-styles/readme.md
drwxr-xr-x root/root         0 2020-11-10 16:21 usr/lib64/node_modules/csso-cli/node_modules/anymatch/
-rw-r--r-- root/root       784 1985-10-26 09:15 usr/lib64/node_modules/csso-cli/node_modules/anymatch/LICENSE
-rw-r--r-- root/root      4023 1985-10-26 09:15 usr/lib64/node_modules/csso-cli/node_modules/anymatch/README.md
-rw-r--r-- root/root       660 1985-10-26 09:15 usr/lib64/node_modules/csso-cli/node_modules/anymatch/index.d.ts
-rw-r--r-- root/root      3065 1985-10-26 09:15 usr/lib64/node_modules/csso-cli/node_modules/anymatch/index.js
-rw-r--r-- root/root       904 1985-10-26 09:15 usr/lib64/node_modules/csso-cli/node_modules/anymatch/package.json
drwxr-xr-x root/root         0 2020-11-10 16:21 usr/lib64/node_modules/csso-cli/node_modules/binary-extensions/
-rw-r--r-- root/root      2126 1985-10-26 09:15 usr/lib64/node_modules/csso-cli/node_modules/binary-extensions/binary-extensions.json
-rw-r--r-- root/root        87 1985-10-26 09:15 usr/lib64/node_modules/csso-cli/node_modules/binary-extensions/binary-extensions.json.d.ts
-rw-r--r-- root/root       249 1985-10-26 09:15 usr/lib64/node_modules/csso-cli/node_modules/binary-extensions/index.d.ts
-rw-r--r-- root/root        54 1985-10-26 09:15 usr/lib64/node_modules/csso-cli/node_modules/binary-extensions/index.js
-rw-r--r-- root/root      1159 1985-10-26 09:15 usr/lib64/node_modules/csso-cli/node_modules/binary-extensions/license
-rw-r--r-- root/root       652 1985-10-26 09:15 usr/lib64/node_modules/csso-cli/node_modules/binary-extensions/package.json
-rw-r--r-- root/root      1141 1985-10-26 09:15 usr/lib64/node_modules/csso-cli/node_modules/binary-extensions/readme.md
drwxr-xr-x root/root         0 2020-11-10 16:21 usr/lib64/node_modules/csso-cli/node_modules/braces/
-rw-r--r-- root/root      5147 1985-10-26 09:15 usr/lib64/node_modules/csso-cli/node_modules/braces/CHANGELOG.md
-rw-r--r-- root/root      1088 1985-10-26 09:15 usr/lib64/node_modules/csso-cli/node_modules/braces/LICENSE
-rw-r--r-- root/root     21130 1985-10-26 09:15 usr/lib64/node_modules/csso-cli/node_modules/braces/README.md
-rw-r--r-- root/root      4375 1985-10-26 09:15 usr/lib64/node_modules/csso-cli/node_modules/braces/index.js
drwxr-xr-x root/root         0 2020-11-10 16:21 usr/lib64/node_modules/csso-cli/node_modules/braces/lib/
-rw-r--r-- root/root      1415 1985-10-26 09:15 usr/lib64/node_modules/csso-cli/node_modules/braces/lib/compile.js
-rw-r--r-- root/root      1593 1985-10-26 09:15 usr/lib64/node_modules/csso-cli/node_modules/braces/lib/constants.js
-rw-r--r-- root/root      2780 1985-10-26 09:15 usr/lib64/node_modules/csso-cli/node_modules/braces/lib/expand.js
-rw-r--r-- root/root      6913 1985-10-26 09:15 usr/lib64/node_modules/csso-cli/node_modules/braces/lib/parse.js
-rw-r--r-- root/root       700 1985-10-26 09:15 usr/lib64/node_modules/csso-cli/node_modules/braces/lib/stringify.js
-rw-r--r-- root/root      2451 1985-10-26 09:15 usr/lib64/node_modules/csso-cli/node_modules/braces/lib/utils.js
-rw-r--r-- root/root      1647 1985-10-26 09:15 usr/lib64/node_modules/csso-cli/node_modules/braces/package.json
drwxr-xr-x root/root         0 2020-11-10 16:21 usr/lib64/node_modules/csso-cli/node_modules/chalk/
-rw-r--r-- root/root      3154 2016-03-29 02:14 usr/lib64/node_modules/csso-cli/node_modules/chalk/index.js
-rw-r--r-- root/root      1119 2016-03-28 22:09 usr/lib64/node_modules/csso-cli/node_modules/chalk/license
-rw-r--r-- root/root      1416 2016-03-29 02:15 usr/lib64/node_modules/csso-cli/node_modules/chalk/package.json
-rw-r--r-- root/root      6136 2016-03-29 02:14 usr/lib64/node_modules/csso-cli/node_modules/chalk/readme.md
drwxr-xr-x root/root         0 2020-11-10 16:21 usr/lib64/node_modules/csso-cli/node_modules/chokidar/
-rw-r--r-- root/root      1129 1985-10-26 09:15 usr/lib64/node_modules/csso-cli/node_modules/chokidar/LICENSE
-rw-r--r-- root/root     14131 1985-10-26 09:15 usr/lib64/node_modules/csso-cli/node_modules/chokidar/README.md
-rw-r--r-- root/root     27693 1985-10-26 09:15 usr/lib64/node_modules/csso-cli/node_modules/chokidar/index.js
drwxr-xr-x root/root         0 2020-11-10 16:21 usr/lib64/node_modules/csso-cli/node_modules/chokidar/lib/
-rw-r--r-- root/root      1768 1985-10-26 09:15 usr/lib64/node_modules/csso-cli/node_modules/chokidar/lib/constants.js
-rw-r--r-- root/root     16273 1985-10-26 09:15 usr/lib64/node_modules/csso-cli/node_modules/chokidar/lib/fsevents-handler.js
-rw-r--r-- root/root     19918 1985-10-26 09:15 usr/lib64/node_modules/csso-cli/node_modules/chokidar/lib/nodefs-handler.js
-rw-r--r-- root/root      2692 1985-10-26 09:15 usr/lib64/node_modules/csso-cli/node_modules/chokidar/package.json
drwxr-xr-x root/root         0 2020-11-10 16:21 usr/lib64/node_modules/csso-cli/node_modules/chokidar/types/
-rw-r--r-- root/root      6263 1985-10-26 09:15 usr/lib64/node_modules/csso-cli/node_modules/chokidar/types/index.d.ts
drwxr-xr-x root/root         0 2020-11-10 16:21 usr/lib64/node_modules/csso-cli/node_modules/clap/
-rw-r--r-- root/root      1022 2017-09-20 12:17 usr/lib64/node_modules/csso-cli/node_modules/clap/HISTORY.md
-rw-r--r-- root/root      1086 2016-03-19 21:42 usr/lib64/node_modules/csso-cli/node_modules/clap/LICENSE
-rw-r--r-- root/root       662 2015-08-30 21:25 usr/lib64/node_modules/csso-cli/node_modules/clap/README.md
-rw-r--r-- root/root     22070 2017-09-20 12:05 usr/lib64/node_modules/csso-cli/node_modules/clap/index.js
-rw-r--r-- root/root       680 2017-09-20 12:17 usr/lib64/node_modules/csso-cli/node_modules/clap/package.json
drwxr-xr-x root/root         0 2020-11-10 16:21 usr/lib64/node_modules/csso-cli/node_modules/css-tree/
-rw-r--r-- root/root     36288 1985-10-26 09:15 usr/lib64/node_modules/csso-cli/node_modules/css-tree/CHANGELOG.md
-rw-r--r-- root/root      1065 1985-10-26 09:15 usr/lib64/node_modules/csso-cli/node_modules/css-tree/LICENSE
-rw-r--r-- root/root      6154 1985-10-26 09:15 usr/lib64/node_modules/csso-cli/node_modules/css-tree/README.md
drwxr-xr-x root/root         0 2020-11-10 16:21 usr/lib64/node_modules/csso-cli/node_modules/css-tree/data/
-rwxr-xr-x root/root      1616 1985-10-26 09:15 usr/lib64/node_modules/csso-cli/node_modules/css-tree/data/index.js
-rw-r--r-- root/root     40173 1985-10-26 09:15 usr/lib64/node_modules/csso-cli/node_modules/css-tree/data/patch.json
drwxr-xr-x root/root         0 2020-11-10 16:21 usr/lib64/node_modules/csso-cli/node_modules/css-tree/dist/
-rw-r--r-- root/root    436685 1985-10-26 09:15 usr/lib64/node_modules/csso-cli/node_modules/css-tree/dist/csstree.js
-rw-r--r-- root/root    165130 1985-10-26 09:15 usr/lib64/node_modules/csso-cli/node_modules/css-tree/dist/csstree.min.js
drwxr-xr-x root/root         0 2020-11-10 16:21 usr/lib64/node_modules/csso-cli/node_modules/css-tree/lib/
drwxr-xr-x root/root         0 2020-11-10 16:21 usr/lib64/node_modules/csso-cli/node_modules/css-tree/lib/common/
-rw-r--r-- root/root     12930 1985-10-26 09:15 usr/lib64/node_modules/csso-cli/node_modules/css-tree/lib/common/List.js
-rw-r--r-- root/root      2634 1985-10-26 09:15 usr/lib64/node_modules/csso-cli/node_modules/css-tree/lib/common/OffsetToLocation.js
-rw-r--r-- root/root      2526 1985-10-26 09:15 usr/lib64/node_modules/csso-cli/node_modules/css-tree/lib/common/SyntaxError.js
-rw-r--r-- root/root      6114 1985-10-26 09:15 usr/lib64/node_modules/csso-cli/node_modules/css-tree/lib/common/TokenStream.js
-rw-r--r-- root/root       364 1985-10-26 09:15 usr/lib64/node_modules/csso-cli/node_modules/css-tree/lib/common/adopt-buffer.js
drwxr-xr-x root/root         0 2020-11-10 16:21 usr/lib64/node_modules/csso-cli/node_modules/css-tree/lib/convertor/
-rw-r--r-- root/root       804 1985-10-26 09:15 usr/lib64/node_modules/csso-cli/node_modules/css-tree/lib/convertor/create.js
-rw-r--r-- root/root       100 1985-10-26 09:15 usr/lib64/node_modules/csso-cli/node_modules/css-tree/lib/convertor/index.js
drwxr-xr-x root/root         0 2020-11-10 16:21 usr/lib64/node_modules/csso-cli/node_modules/css-tree/lib/definition-syntax/
-rw-r--r-- root/root       460 1985-10-26 09:15 usr/lib64/node_modules/csso-cli/node_modules/css-tree/lib/definition-syntax/SyntaxError.js
-rw-r--r-- root/root      3364 1985-10-26 09:15 usr/lib64/node_modules/csso-cli/node_modules/css-tree/lib/definition-syntax/generate.js
-rw-r--r-- root/root       161 1985-10-26 09:15 usr/lib64/node_modules/csso-cli/node_modules/css-tree/lib/definition-syntax/index.js
-rw-r--r-- root/root     13915 1985-10-26 09:15 usr/lib64/node_modules/csso-cli/node_modules/css-tree/lib/definition-syntax/parse.js
-rw-r--r-- root/root      1381 1985-10-26 09:15 usr/lib64/node_modules/csso-cli/node_modules/css-tree/lib/definition-syntax/tokenizer.js
-rw-r--r-- root/root      1244 1985-10-26 09:15 usr/lib64/node_modules/csso-cli/node_modules/css-tree/lib/definition-syntax/walk.js
drwxr-xr-x root/root         0 2020-11-10 16:21 usr/lib64/node_modules/csso-cli/node_modules/css-tree/lib/generator/
-rw-r--r-- root/root      1604 1985-10-26 09:15 usr/lib64/node_modules/csso-cli/node_modules/css-tree/lib/generator/create.js
-rw-r--r-- root/root       135 1985-10-26 09:15 usr/lib64/node_modules/csso-cli/node_modules/css-tree/lib/generator/index.js
-rw-r--r-- root/root      2625 1985-10-26 09:15 usr/lib64/node_modules/csso-cli/node_modules/css-tree/lib/generator/sourceMap.js
-rw-r--r-- root/root        38 1985-10-26 09:15 usr/lib64/node_modules/csso-cli/node_modules/css-tree/lib/index.js
drwxr-xr-x root/root         0 2020-11-10 16:21 usr/lib64/node_modules/csso-cli/node_modules/css-tree/lib/lexer/
-rw-r--r-- root/root     13624 1985-10-26 09:15 usr/lib64/node_modules/csso-cli/node_modules/css-tree/lib/lexer/Lexer.js
-rw-r--r-- root/root      2656 1985-10-26 09:15 usr/lib64/node_modules/csso-cli/node_modules/css-tree/lib/lexer/error.js
-rw-r--r-- root/root      6795 1985-10-26 09:15 usr/lib64/node_modules/csso-cli/node_modules/css-tree/lib/lexer/generic-an-plus-b.js
-rw-r--r-- root/root      4673 1985-10-26 09:15 usr/lib64/node_modules/csso-cli/node_modules/css-tree/lib/lexer/generic-urange.js
-rw-r--r-- root/root     16417 1985-10-26 09:15 usr/lib64/node_modules/csso-cli/node_modules/css-tree/lib/lexer/generic.js
-rw-r--r-- root/root        52 1985-10-26 09:15 usr/lib64/node_modules/csso-cli/node_modules/css-tree/lib/lexer/index.js
-rw-r--r-- root/root     12581 1985-10-26 09:15 usr/lib64/node_modules/csso-cli/node_modules/css-tree/lib/lexer/match-graph.js
-rw-r--r-- root/root     19768 1985-10-26 09:15 usr/lib64/node_modules/csso-cli/node_modules/css-tree/lib/lexer/match.js
-rw-r--r-- root/root      2197 1985-10-26 09:15 usr/lib64/node_modules/csso-cli/node_modules/css-tree/lib/lexer/prepare-tokens.js
-rw-r--r-- root/root      1629 1985-10-26 09:15 usr/lib64/node_modules/csso-cli/node_modules/css-tree/lib/lexer/search.js
-rw-r--r-- root/root      5221 1985-10-26 09:15 usr/lib64/node_modules/csso-cli/node_modules/css-tree/lib/lexer/structure.js
-rw-r--r-- root/root      1853 1985-10-26 09:15 usr/lib64/node_modules/csso-cli/node_modules/css-tree/lib/lexer/trace.js
drwxr-xr-x root/root         0 2020-11-10 16:21 usr/lib64/node_modules/csso-cli/node_modules/css-tree/lib/parser/
-rw-r--r-- root/root      9752 1985-10-26 09:15 usr/lib64/node_modules/csso-cli/node_modules/css-tree/lib/parser/create.js
-rw-r--r-- root/root       129 1985-10-26 09:15 usr/lib64/node_modules/csso-cli/node_modules/css-tree/lib/parser/index.js
-rw-r--r-- root/root      1280 1985-10-26 09:15 usr/lib64/node_modules/csso-cli/node_modules/css-tree/lib/parser/sequence.js
drwxr-xr-x root/root         0 2020-11-10 16:21 usr/lib64/node_modules/csso-cli/node_modules/css-tree/lib/syntax/
drwxr-xr-x root/root         0 2020-11-10 16:21 usr/lib64/node_modules/csso-cli/node_modules/css-tree/lib/syntax/atrule/
-rw-r--r-- root/root       139 1985-10-26 09:15 usr/lib64/node_modules/csso-cli/node_modules/css-tree/lib/syntax/atrule/font-face.js
-rw-r--r-- root/root      1027 1985-10-26 09:15 usr/lib64/node_modules/csso-cli/node_modules/css-tree/lib/syntax/atrule/import.js
-rw-r--r-- root/root       200 1985-10-26 09:15 usr/lib64/node_modules/csso-cli/node_modules/css-tree/lib/syntax/atrule/index.js
-rw-r--r-- root/root       257 1985-10-26 09:15 usr/lib64/node_modules/csso-cli/node_modules/css-tree/lib/syntax/atrule/media.js
-rw-r--r-- root/root       254 1985-10-26 09:15 usr/lib64/node_modules/csso-cli/node_modules/css-tree/lib/syntax/atrule/page.js
-rw-r--r-- root/root      1980 1985-10-26 09:15 usr/lib64/node_modules/csso-cli/node_modules/css-tree/lib/syntax/atrule/supports.js
drwxr-xr-x root/root         0 2020-11-10 16:21 usr/lib64/node_modules/csso-cli/node_modules/css-tree/lib/syntax/config/
-rw-r--r-- root/root       191 1985-10-26 09:15 usr/lib64/node_modules/csso-cli/node_modules/css-tree/lib/syntax/config/lexer.js
-rw-r--r-- root/root      2523 1985-10-26 09:15 usr/lib64/node_modules/csso-cli/node_modules/css-tree/lib/syntax/config/mix.js
-rw-r--r-- root/root       755 1985-10-26 09:15 usr/lib64/node_modules/csso-cli/node_modules/css-tree/lib/syntax/config/parser.js
-rw-r--r-- root/root        51 1985-10-26 09:15 usr/lib64/node_modules/csso-cli/node_modules/css-tree/lib/syntax/config/walker.js
-rw-r--r-- root/root      2280 1985-10-26 09:15 usr/lib64/node_modules/csso-cli/node_modules/css-tree/lib/syntax/create.js
drwxr-xr-x root/root         0 2020-11-10 16:21 usr/lib64/node_modules/csso-cli/node_modules/css-tree/lib/syntax/function/
-rw-r--r-- root/root       184 1985-10-26 09:15 usr/lib64/node_modules/csso-cli/node_modules/css-tree/lib/syntax/function/expression.js
-rw-r--r-- root/root       692 1985-10-26 09:15 usr/lib64/node_modules/csso-cli/node_modules/css-tree/lib/syntax/function/var.js
-rw-r--r-- root/root       457 1985-10-26 09:15 usr/lib64/node_modules/csso-cli/node_modules/css-tree/lib/syntax/index.js
drwxr-xr-x root/root         0 2020-11-10 16:21 usr/lib64/node_modules/csso-cli/node_modules/css-tree/lib/syntax/node/
-rw-r--r-- root/root      9532 1985-10-26 09:15 usr/lib64/node_modules/csso-cli/node_modules/css-tree/lib/syntax/node/AnPlusB.js
-rw-r--r-- root/root      3029 1985-10-26 09:15 usr/lib64/node_modules/csso-cli/node_modules/css-tree/lib/syntax/node/Atrule.js
-rw-r--r-- root/root      1313 1985-10-26 09:15 usr/lib64/node_modules/csso-cli/node_modules/css-tree/lib/syntax/node/AtrulePrelude.js
-rw-r--r-- root/root      4592 1985-10-26 09:15 usr/lib64/node_modules/csso-cli/node_modules/css-tree/lib/syntax/node/AttributeSelector.js
-rw-r--r-- root/root      2389 1985-10-26 09:15 usr/lib64/node_modules/csso-cli/node_modules/css-tree/lib/syntax/node/Block.js
-rw-r--r-- root/root       818 1985-10-26 09:15 usr/lib64/node_modules/csso-cli/node_modules/css-tree/lib/syntax/node/Brackets.js
-rw-r--r-- root/root       393 1985-10-26 09:15 usr/lib64/node_modules/csso-cli/node_modules/css-tree/lib/syntax/node/CDC.js
-rw-r--r-- root/root       395 1985-10-26 09:15 usr/lib64/node_modules/csso-cli/node_modules/css-tree/lib/syntax/node/CDO.js
-rw-r--r-- root/root       673 1985-10-26 09:15 usr/lib64/node_modules/csso-cli/node_modules/css-tree/lib/syntax/node/ClassSelector.js
-rw-r--r-- root/root      1538 1985-10-26 09:15 usr/lib64/node_modules/csso-cli/node_modules/css-tree/lib/syntax/node/Combinator.js
-rw-r--r-- root/root       946 1985-10-26 09:15 usr/lib64/node_modules/csso-cli/node_modules/css-tree/lib/syntax/node/Comment.js
-rw-r--r-- root/root      4477 1985-10-26 09:15 usr/lib64/node_modules/csso-cli/node_modules/css-tree/lib/syntax/node/Declaration.js
-rw-r--r-- root/root      1223 1985-10-26 09:15 usr/lib64/node_modules/csso-cli/node_modules/css-tree/lib/syntax/node/DeclarationList.js
-rw-r--r-- root/root       811 1985-10-26 09:15 usr/lib64/node_modules/csso-cli/node_modules/css-tree/lib/syntax/node/Dimension.js
-rw-r--r-- root/root      1071 1985-10-26 09:15 usr/lib64/node_modules/csso-cli/node_modules/css-tree/lib/syntax/node/Function.js
-rw-r--r-- root/root       542 1985-10-26 09:15 usr/lib64/node_modules/csso-cli/node_modules/css-tree/lib/syntax/node/Hash.js
-rw-r--r-- root/root       595 1985-10-26 09:15 usr/lib64/node_modules/csso-cli/node_modules/css-tree/lib/syntax/node/IdSelector.js
-rw-r--r-- root/root       441 1985-10-26 09:15 usr/lib64/node_modules/csso-cli/node_modules/css-tree/lib/syntax/node/Identifier.js
-rw-r--r-- root/root      1941 1985-10-26 09:15 usr/lib64/node_modules/csso-cli/node_modules/css-tree/lib/syntax/node/MediaFeature.js
-rw-r--r-- root/root      1592 1985-10-26 09:15 usr/lib64/node_modules/csso-cli/node_modules/css-tree/lib/syntax/node/MediaQuery.js
-rw-r--r-- root/root       789 1985-10-26 09:15 usr/lib64/node_modules/csso-cli/node_modules/css-tree/lib/syntax/node/MediaQueryList.js
-rw-r--r-- root/root      1301 1985-10-26 09:15 usr/lib64/node_modules/csso-cli/node_modules/css-tree/lib/syntax/node/Nth.js
-rw-r--r-- root/root       421 1985-10-26 09:15 usr/lib64/node_modules/csso-cli/node_modules/css-tree/lib/syntax/node/Number.js
-rw-r--r-- root/root       482 1985-10-26 09:15 usr/lib64/node_modules/csso-cli/node_modules/css-tree/lib/syntax/node/Operator.js
-rw-r--r-- root/root       812 1985-10-26 09:15 usr/lib64/node_modules/csso-cli/node_modules/css-tree/lib/syntax/node/Parentheses.js
-rw-r--r-- root/root       703 1985-10-26 09:15 usr/lib64/node_modules/csso-cli/node_modules/css-tree/lib/syntax/node/Percentage.js
-rw-r--r-- root/root      1645 1985-10-26 09:15 usr/lib64/node_modules/csso-cli/node_modules/css-tree/lib/syntax/node/PseudoClassSelector.js
-rw-r--r-- root/root      1676 1985-10-26 09:15 usr/lib64/node_modules/csso-cli/node_modules/css-tree/lib/syntax/node/PseudoElementSelector.js
-rw-r--r-- root/root      1940 1985-10-26 09:15 usr/lib64/node_modules/csso-cli/node_modules/css-tree/lib/syntax/node/Ratio.js
-rw-r--r-- root/root      2413 1985-10-26 09:15 usr/lib64/node_modules/csso-cli/node_modules/css-tree/lib/syntax/node/Raw.js
-rw-r--r-- root/root      1321 1985-10-26 09:15 usr/lib64/node_modules/csso-cli/node_modules/css-tree/lib/syntax/node/Rule.js
-rw-r--r-- root/root       790 1985-10-26 09:15 usr/lib64/node_modules/csso-cli/node_modules/css-tree/lib/syntax/node/Selector.js
-rw-r--r-- root/root       825 1985-10-26 09:15 usr/lib64/node_modules/csso-cli/node_modules/css-tree/lib/syntax/node/SelectorList.js
-rw-r--r-- root/root       421 1985-10-26 09:15 usr/lib64/node_modules/csso-cli/node_modules/css-tree/lib/syntax/node/String.js
-rw-r--r-- root/root      2291 1985-10-26 09:15 usr/lib64/node_modules/csso-cli/node_modules/css-tree/lib/syntax/node/StyleSheet.js
-rw-r--r-- root/root      1260 1985-10-26 09:15 usr/lib64/node_modules/csso-cli/node_modules/css-tree/lib/syntax/node/TypeSelector.js
-rw-r--r-- root/root      5033 1985-10-26 09:15 usr/lib64/node_modules/csso-cli/node_modules/css-tree/lib/syntax/node/UnicodeRange.js
-rw-r--r-- root/root      2045 1985-10-26 09:15 usr/lib64/node_modules/csso-cli/node_modules/css-tree/lib/syntax/node/Url.js
-rw-r--r-- root/root       444 1985-10-26 09:15 usr/lib64/node_modules/csso-cli/node_modules/css-tree/lib/syntax/node/Value.js
-rw-r--r-- root/root       595 1985-10-26 09:15 usr/lib64/node_modules/csso-cli/node_modules/css-tree/lib/syntax/node/WhiteSpace.js
-rw-r--r-- root/root      1587 1985-10-26 09:15 usr/lib64/node_modules/csso-cli/node_modules/css-tree/lib/syntax/node/index.js
drwxr-xr-x root/root         0 2020-11-10 16:21 usr/lib64/node_modules/csso-cli/node_modules/css-tree/lib/syntax/pseudo/
drwxr-xr-x root/root         0 2020-11-10 16:21 usr/lib64/node_modules/csso-cli/node_modules/css-tree/lib/syntax/pseudo/common/
-rw-r--r-- root/root       183 1985-10-26 09:15 usr/lib64/node_modules/csso-cli/node_modules/css-tree/lib/syntax/pseudo/common/nth.js
-rw-r--r-- root/root       188 1985-10-26 09:15 usr/lib64/node_modules/csso-cli/node_modules/css-tree/lib/syntax/pseudo/common/nthWithOfClause.js
-rw-r--r-- root/root       150 1985-10-26 09:15 usr/lib64/node_modules/csso-cli/node_modules/css-tree/lib/syntax/pseudo/common/selectorList.js
-rw-r--r-- root/root       135 1985-10-26 09:15 usr/lib64/node_modules/csso-cli/node_modules/css-tree/lib/syntax/pseudo/dir.js
-rw-r--r-- root/root       137 1985-10-26 09:15 usr/lib64/node_modules/csso-cli/node_modules/css-tree/lib/syntax/pseudo/has.js
-rw-r--r-- root/root       405 1985-10-26 09:15 usr/lib64/node_modules/csso-cli/node_modules/css-tree/lib/syntax/pseudo/index.js
-rw-r--r-- root/root       135 1985-10-26 09:15 usr/lib64/node_modules/csso-cli/node_modules/css-tree/lib/syntax/pseudo/lang.js
-rw-r--r-- root/root        51 1985-10-26 09:15 usr/lib64/node_modules/csso-cli/node_modules/css-tree/lib/syntax/pseudo/matches.js
-rw-r--r-- root/root        51 1985-10-26 09:15 usr/lib64/node_modules/csso-cli/node_modules/css-tree/lib/syntax/pseudo/not.js
-rw-r--r-- root/root        54 1985-10-26 09:15 usr/lib64/node_modules/csso-cli/node_modules/css-tree/lib/syntax/pseudo/nth-child.js
-rw-r--r-- root/root        54 1985-10-26 09:15 usr/lib64/node_modules/csso-cli/node_modules/css-tree/lib/syntax/pseudo/nth-last-child.js
-rw-r--r-- root/root        42 1985-10-26 09:15 usr/lib64/node_modules/csso-cli/node_modules/css-tree/lib/syntax/pseudo/nth-last-of-type.js
-rw-r--r-- root/root        42 1985-10-26 09:15 usr/lib64/node_modules/csso-cli/node_modules/css-tree/lib/syntax/pseudo/nth-of-type.js
-rw-r--r-- root/root       150 1985-10-26 09:15 usr/lib64/node_modules/csso-cli/node_modules/css-tree/lib/syntax/pseudo/slotted.js
drwxr-xr-x root/root         0 2020-11-10 16:21 usr/lib64/node_modules/csso-cli/node_modules/css-tree/lib/syntax/scope/
-rw-r--r-- root/root        56 1985-10-26 09:15 usr/lib64/node_modules/csso-cli/node_modules/css-tree/lib/syntax/scope/atrulePrelude.js
-rw-r--r-- root/root      2757 1985-10-26 09:15 usr/lib64/node_modules/csso-cli/node_modules/css-tree/lib/syntax/scope/default.js
-rw-r--r-- root/root       136 1985-10-26 09:15 usr/lib64/node_modules/csso-cli/node_modules/css-tree/lib/syntax/scope/index.js
-rw-r--r-- root/root      2364 1985-10-26 09:15 usr/lib64/node_modules/csso-cli/node_modules/css-tree/lib/syntax/scope/selector.js
-rw-r--r-- root/root       148 1985-10-26 09:15 usr/lib64/node_modules/csso-cli/node_modules/css-tree/lib/syntax/scope/value.js
drwxr-xr-x root/root         0 2020-11-10 16:21 usr/lib64/node_modules/csso-cli/node_modules/css-tree/lib/tokenizer/
-rw-r--r-- root/root      7135 1985-10-26 09:15 usr/lib64/node_modules/csso-cli/node_modules/css-tree/lib/tokenizer/char-code-definitions.js
-rw-r--r-- root/root      1412 1985-10-26 09:15 usr/lib64/node_modules/csso-cli/node_modules/css-tree/lib/tokenizer/const.js
-rw-r--r-- root/root     23819 1985-10-26 09:15 usr/lib64/node_modules/csso-cli/node_modules/css-tree/lib/tokenizer/index.js
-rw-r--r-- root/root      7402 1985-10-26 09:15 usr/lib64/node_modules/csso-cli/node_modules/css-tree/lib/tokenizer/utils.js
drwxr-xr-x root/root         0 2020-11-10 16:21 usr/lib64/node_modules/csso-cli/node_modules/css-tree/lib/utils/
-rw-r--r-- root/root       465 1985-10-26 09:15 usr/lib64/node_modules/csso-cli/node_modules/css-tree/lib/utils/clone.js
-rw-r--r-- root/root       543 1985-10-26 09:15 usr/lib64/node_modules/csso-cli/node_modules/css-tree/lib/utils/createCustomError.js
-rw-r--r-- root/root      2922 1985-10-26 09:15 usr/lib64/node_modules/csso-cli/node_modules/css-tree/lib/utils/names.js
drwxr-xr-x root/root         0 2020-11-10 16:21 usr/lib64/node_modules/csso-cli/node_modules/css-tree/lib/walker/
-rw-r--r-- root/root      7783 1985-10-26 09:15 usr/lib64/node_modules/csso-cli/node_modules/css-tree/lib/walker/create.js
-rw-r--r-- root/root       129 1985-10-26 09:15 usr/lib64/node_modules/csso-cli/node_modules/css-tree/lib/walker/index.js
-rw-r--r-- root/root      1977 1985-10-26 09:15 usr/lib64/node_modules/csso-cli/node_modules/css-tree/package.json
drwxr-xr-x root/root         0 2020-11-10 16:21 usr/lib64/node_modules/csso-cli/node_modules/csso/
-rw-r--r-- root/root     17538 1985-10-26 09:15 usr/lib64/node_modules/csso-cli/node_modules/csso/CHANGELOG.md
-rw-r--r-- root/root      1112 1985-10-26 09:15 usr/lib64/node_modules/csso-cli/node_modules/csso/LICENSE
-rw-r--r-- root/root     12547 1985-10-26 09:15 usr/lib64/node_modules/csso-cli/node_modules/csso/README.md
drwxr-xr-x root/root         0 2020-11-10 16:21 usr/lib64/node_modules/csso-cli/node_modules/csso/dist/
-rw-r--r-- root/root    813583 1985-10-26 09:15 usr/lib64/node_modules/csso-cli/node_modules/csso/dist/csso.js
-rw-r--r-- root/root    403873 1985-10-26 09:15 usr/lib64/node_modules/csso-cli/node_modules/csso/dist/csso.min.js
drwxr-xr-x root/root         0 2020-11-10 16:21 usr/lib64/node_modules/csso-cli/node_modules/csso/lib/
drwxr-xr-x root/root         0 2020-11-10 16:21 usr/lib64/node_modules/csso-cli/node_modules/csso/lib/clean/
-rw-r--r-- root/root      1926 1985-10-26 09:15 usr/lib64/node_modules/csso-cli/node_modules/csso/lib/clean/Atrule.js
-rw-r--r-- root/root        85 1985-10-26 09:15 usr/lib64/node_modules/csso-cli/node_modules/csso/lib/clean/Comment.js
-rw-r--r-- root/root       162 1985-10-26 09:15 usr/lib64/node_modules/csso-cli/node_modules/csso/lib/clean/Declaration.js
-rw-r--r-- root/root       285 1985-10-26 09:15 usr/lib64/node_modules/csso-cli/node_modules/csso/lib/clean/Raw.js
-rw-r--r-- root/root      3890 1985-10-26 09:15 usr/lib64/node_modules/csso-cli/node_modules/csso/lib/clean/Rule.js
-rw-r--r-- root/root       599 1985-10-26 09:15 usr/lib64/node_modules/csso-cli/node_modules/csso/lib/clean/TypeSelector.js
-rw-r--r-- root/root       808 1985-10-26 09:15 usr/lib64/node_modules/csso-cli/node_modules/csso/lib/clean/WhiteSpace.js
-rw-r--r-- root/root       576 1985-10-26 09:15 usr/lib64/node_modules/csso-cli/node_modules/csso/lib/clean/index.js
-rw-r--r-- root/root       241 1985-10-26 09:15 usr/lib64/node_modules/csso-cli/node_modules/csso/lib/clean/utils.js
-rw-r--r-- root/root      5257 1985-10-26 09:15 usr/lib64/node_modules/csso-cli/node_modules/csso/lib/compress.js
-rw-r--r-- root/root      3477 1985-10-26 09:15 usr/lib64/node_modules/csso-cli/node_modules/csso/lib/index.js
drwxr-xr-x root/root         0 2020-11-10 16:21 usr/lib64/node_modules/csso-cli/node_modules/csso/lib/replace/
-rw-r--r-- root/root       280 1985-10-26 09:15 usr/lib64/node_modules/csso-cli/node_modules/csso/lib/replace/Atrule.js
-rw-r--r-- root/root       981 1985-10-26 09:15 usr/lib64/node_modules/csso-cli/node_modules/csso/lib/replace/AttributeSelector.js
-rw-r--r-- root/root      1376 1985-10-26 09:15 usr/lib64/node_modules/csso-cli/node_modules/csso/lib/replace/Dimension.js
-rw-r--r-- root/root      1081 1985-10-26 09:15 usr/lib64/node_modules/csso-cli/node_modules/csso/lib/replace/Number.js
-rw-r--r-- root/root      1146 1985-10-26 09:15 usr/lib64/node_modules/csso-cli/node_modules/csso/lib/replace/Percentage.js
-rw-r--r-- root/root       263 1985-10-26 09:15 usr/lib64/node_modules/csso-cli/node_modules/csso/lib/replace/String.js
-rw-r--r-- root/root      1062 1985-10-26 09:15 usr/lib64/node_modules/csso-cli/node_modules/csso/lib/replace/Url.js
-rw-r--r-- root/root       569 1985-10-26 09:15 usr/lib64/node_modules/csso-cli/node_modules/csso/lib/replace/Value.js
drwxr-xr-x root/root         0 2020-11-10 16:21 usr/lib64/node_modules/csso-cli/node_modules/csso/lib/replace/atrule/
-rw-r--r-- root/root       772 1985-10-26 09:15 usr/lib64/node_modules/csso-cli/node_modules/csso/lib/replace/atrule/keyframes.js
-rw-r--r-- root/root     13027 1985-10-26 09:15 usr/lib64/node_modules/csso-cli/node_modules/csso/lib/replace/color.js
-rw-r--r-- root/root       740 1985-10-26 09:15 usr/lib64/node_modules/csso-cli/node_modules/csso/lib/replace/index.js
drwxr-xr-x root/root         0 2020-11-10 16:21 usr/lib64/node_modules/csso-cli/node_modules/csso/lib/replace/property/
-rw-r--r-- root/root      1641 1985-10-26 09:15 usr/lib64/node_modules/csso-cli/node_modules/csso/lib/replace/property/background.js
-rw-r--r-- root/root       968 1985-10-26 09:15 usr/lib64/node_modules/csso-cli/node_modules/csso/lib/replace/property/border.js
-rw-r--r-- root/root       617 1985-10-26 09:15 usr/lib64/node_modules/csso-cli/node_modules/csso/lib/replace/property/font-weight.js
-rw-r--r-- root/root      1271 1985-10-26 09:15 usr/lib64/node_modules/csso-cli/node_modules/csso/lib/replace/property/font.js
drwxr-xr-x root/root         0 2020-11-10 16:21 usr/lib64/node_modules/csso-cli/node_modules/csso/lib/restructure/
-rw-r--r-- root/root      2784 1985-10-26 09:15 usr/lib64/node_modules/csso-cli/node_modules/csso/lib/restructure/1-mergeAtrule.js
-rw-r--r-- root/root      1590 1985-10-26 09:15 usr/lib64/node_modules/csso-cli/node_modules/csso/lib/restructure/2-initialMergeRuleset.js
-rw-r--r-- root/root      1130 1985-10-26 09:15 usr/lib64/node_modules/csso-cli/node_modules/csso/lib/restructure/3-disjoinRuleset.js
-rw-r--r-- root/root     11532 1985-10-26 09:15 usr/lib64/node_modules/csso-cli/node_modules/csso/lib/restructure/4-restructShorthand.js
-rw-r--r-- root/root     10878 1985-10-26 09:15 usr/lib64/node_modules/csso-cli/node_modules/csso/lib/restructure/6-restructBlock.js
-rw-r--r-- root/root      2516 1985-10-26 09:15 usr/lib64/node_modules/csso-cli/node_modules/csso/lib/restructure/7-mergeRuleset.js
-rw-r--r-- root/root      6453 1985-10-26 09:15 usr/lib64/node_modules/csso-cli/node_modules/csso/lib/restructure/8-restructRuleset.js
-rw-r--r-- root/root      1077 1985-10-26 09:15 usr/lib64/node_modules/csso-cli/node_modules/csso/lib/restructure/index.js
drwxr-xr-x root/root         0 2020-11-10 16:21 usr/lib64/node_modules/csso-cli/node_modules/csso/lib/restructure/prepare/
-rw-r--r-- root/root       598 1985-10-26 09:15 usr/lib64/node_modules/csso-cli/node_modules/csso/lib/restructure/prepare/createDeclarationIndexer.js
-rw-r--r-- root/root      1624 1985-10-26 09:15 usr/lib64/node_modules/csso-cli/node_modules/csso/lib/restructure/prepare/index.js
-rw-r--r-- root/root      2951 1985-10-26 09:15 usr/lib64/node_modules/csso-cli/node_modules/csso/lib/restructure/prepare/processSelector.js
-rw-r--r-- root/root      1458 1985-10-26 09:15 usr/lib64/node_modules/csso-cli/node_modules/csso/lib/restructure/prepare/specificity.js
-rw-r--r-- root/root      3969 1985-10-26 09:15 usr/lib64/node_modules/csso-cli/node_modules/csso/lib/restructure/utils.js
-rw-r--r-- root/root      1641 1985-10-26 09:15 usr/lib64/node_modules/csso-cli/node_modules/csso/lib/usage.js
-rw-r--r-- root/root      2078 1985-10-26 09:15 usr/lib64/node_modules/csso-cli/node_modules/csso/package.json
drwxr-xr-x root/root         0 2020-11-10 16:21 usr/lib64/node_modules/csso-cli/node_modules/escape-string-regexp/
-rw-r--r-- root/root       226 2016-02-21 13:17 usr/lib64/node_modules/csso-cli/node_modules/escape-string-regexp/index.js
-rw-r--r-- root/root      1119 2014-06-24 23:34 usr/lib64/node_modules/csso-cli/node_modules/escape-string-regexp/license
-rw-r--r-- root/root       791 2016-02-21 13:55 usr/lib64/node_modules/csso-cli/node_modules/escape-string-regexp/package.json
-rw-r--r-- root/root       552 2016-02-21 13:17 usr/lib64/node_modules/csso-cli/node_modules/escape-string-regexp/readme.md
drwxr-xr-x root/root         0 2020-11-10 16:21 usr/lib64/node_modules/csso-cli/node_modules/fill-range/
-rw-r--r-- root/root      1091 1985-10-26 09:15 usr/lib64/node_modules/csso-cli/node_modules/fill-range/LICENSE
-rw-r--r-- root/root      7486 1985-10-26 09:15 usr/lib64/node_modules/csso-cli/node_modules/fill-range/README.md
-rw-r--r-- root/root      6315 1985-10-26 09:15 usr/lib64/node_modules/csso-cli/node_modules/fill-range/index.js
-rw-r--r-- root/root      1459 1985-10-26 09:15 usr/lib64/node_modules/csso-cli/node_modules/fill-range/package.json
drwxr-xr-x root/root         0 2020-11-10 16:21 usr/lib64/node_modules/csso-cli/node_modules/fsevents/
-rw-r--r-- root/root      1133 1985-10-26 09:15 usr/lib64/node_modules/csso-cli/node_modules/fsevents/LICENSE
-rw-r--r-- root/root      2599 1985-10-26 09:15 usr/lib64/node_modules/csso-cli/node_modules/fsevents/README.md
-rw-r--r-- root/root      1433 1985-10-26 09:15 usr/lib64/node_modules/csso-cli/node_modules/fsevents/fsevents.d.ts
-rw-r--r-- root/root      2144 1985-10-26 09:15 usr/lib64/node_modules/csso-cli/node_modules/fsevents/fsevents.js
-rwxr-xr-x root/root     36204 1985-10-26 09:15 usr/lib64/node_modules/csso-cli/node_modules/fsevents/fsevents.node
-rw-r--r-- root/root      1348 1985-10-26 09:15 usr/lib64/node_modules/csso-cli/node_modules/fsevents/package.json
drwxr-xr-x root/root         0 2020-11-10 16:21 usr/lib64/node_modules/csso-cli/node_modules/glob-parent/
-rw-r--r-- root/root       753 1985-10-26 09:15 usr/lib64/node_modules/csso-cli/node_modules/glob-parent/LICENSE
-rw-r--r-- root/root      4646 1985-10-26 09:15 usr/lib64/node_modules/csso-cli/node_modules/glob-parent/README.md
-rw-r--r-- root/root      1106 1985-10-26 09:15 usr/lib64/node_modules/csso-cli/node_modules/glob-parent/index.js
-rw-r--r-- root/root      1105 1985-10-26 09:15 usr/lib64/node_modules/csso-cli/node_modules/glob-parent/package.json
drwxr-xr-x root/root         0 2020-11-10 16:21 usr/lib64/node_modules/csso-cli/node_modules/has-ansi/
-rw-r--r-- root/root       152 2014-06-14 21:28 usr/lib64/node_modules/csso-cli/node_modules/has-ansi/index.js
-rw-r--r-- root/root      1119 2014-04-06 17:43 usr/lib64/node_modules/csso-cli/node_modules/has-ansi/license
-rw-r--r-- root/root       971 2015-06-30 18:17 usr/lib64/node_modules/csso-cli/node_modules/has-ansi/package.json
-rw-r--r-- root/root       856 2015-06-30 18:13 usr/lib64/node_modules/csso-cli/node_modules/has-ansi/readme.md
drwxr-xr-x root/root         0 2020-11-10 16:21 usr/lib64/node_modules/csso-cli/node_modules/is-binary-path/
-rw-r--r-- root/root       290 1985-10-26 09:15 usr/lib64/node_modules/csso-cli/node_modules/is-binary-path/index.d.ts
-rw-r--r-- root/root       239 1985-10-26 09:15 usr/lib64/node_modules/csso-cli/node_modules/is-binary-path/index.js
-rw-r--r-- root/root      1159 1985-10-26 09:15 usr/lib64/node_modules/csso-cli/node_modules/is-binary-path/license
-rw-r--r-- root/root       657 1985-10-26 09:15 usr/lib64/node_modules/csso-cli/node_modules/is-binary-path/package.json
-rw-r--r-- root/root       733 1985-10-26 09:15 usr/lib64/node_modules/csso-cli/node_modules/is-binary-path/readme.md
drwxr-xr-x root/root         0 2020-11-10 16:21 usr/lib64/node_modules/csso-cli/node_modules/is-extglob/
-rw-r--r-- root/root      1087 2015-02-20 12:19 usr/lib64/node_modules/csso-cli/node_modules/is-extglob/LICENSE
-rw-r--r-- root/root      3469 2016-09-03 21:12 usr/lib64/node_modules/csso-cli/node_modules/is-extglob/README.md
-rw-r--r-- root/root       441 2016-10-13 00:31 usr/lib64/node_modules/csso-cli/node_modules/is-extglob/index.js
-rw-r--r-- root/root      1220 2016-12-11 05:04 usr/lib64/node_modules/csso-cli/node_modules/is-extglob/package.json
drwxr-xr-x root/root         0 2020-11-10 16:21 usr/lib64/node_modules/csso-cli/node_modules/is-glob/
-rw-r--r-- root/root      1088 1985-10-26 09:15 usr/lib64/node_modules/csso-cli/node_modules/is-glob/LICENSE
-rw-r--r-- root/root      7317 1985-10-26 09:15 usr/lib64/node_modules/csso-cli/node_modules/is-glob/README.md
-rw-r--r-- root/root      1153 1985-10-26 09:15 usr/lib64/node_modules/csso-cli/node_modules/is-glob/index.js
-rw-r--r-- root/root      1727 1985-10-26 09:15 usr/lib64/node_modules/csso-cli/node_modules/is-glob/package.json
drwxr-xr-x root/root         0 2020-11-10 16:21 usr/lib64/node_modules/csso-cli/node_modules/is-number/
-rw-r--r-- root/root      1091 1985-10-26 09:15 usr/lib64/node_modules/csso-cli/node_modules/is-number/LICENSE
-rw-r--r-- root/root      6514 1985-10-26 09:15 usr/lib64/node_modules/csso-cli/node_modules/is-number/README.md
-rw-r--r-- root/root       411 1985-10-26 09:15 usr/lib64/node_modules/csso-cli/node_modules/is-number/index.js
-rw-r--r-- root/root      1599 1985-10-26 09:15 usr/lib64/node_modules/csso-cli/node_modules/is-number/package.json
drwxr-xr-x root/root         0 2020-11-10 16:21 usr/lib64/node_modules/csso-cli/node_modules/mdn-data/
-rw-r--r-- root/root      6555 1985-10-26 09:15 usr/lib64/node_modules/csso-cli/node_modules/mdn-data/LICENSE
-rw-r--r-- root/root      1954 1985-10-26 09:15 usr/lib64/node_modules/csso-cli/node_modules/mdn-data/README.md
drwxr-xr-x root/root         0 2020-11-10 16:21 usr/lib64/node_modules/csso-cli/node_modules/mdn-data/api/
-rw-r--r-- root/root        62 1985-10-26 09:15 usr/lib64/node_modules/csso-cli/node_modules/mdn-data/api/index.js
-rw-r--r-- root/root     53040 1985-10-26 09:15 usr/lib64/node_modules/csso-cli/node_modules/mdn-data/api/inheritance.json
-rw-r--r-- root/root       530 1985-10-26 09:15 usr/lib64/node_modules/csso-cli/node_modules/mdn-data/api/inheritance.schema.json
drwxr-xr-x root/root         0 2020-11-10 16:21 usr/lib64/node_modules/csso-cli/node_modules/mdn-data/css/
-rw-r--r-- root/root     15533 1985-10-26 09:15 usr/lib64/node_modules/csso-cli/node_modules/mdn-data/css/at-rules.json
-rw-r--r-- root/root      3215 1985-10-26 09:15 usr/lib64/node_modules/csso-cli/node_modules/mdn-data/css/at-rules.schema.json
-rw-r--r-- root/root      1712 1985-10-26 09:15 usr/lib64/node_modules/csso-cli/node_modules/mdn-data/css/definitions.json
-rw-r--r-- root/root       240 1985-10-26 09:15 usr/lib64/node_modules/csso-cli/node_modules/mdn-data/css/index.js
-rw-r--r-- root/root    263321 1985-10-26 09:15 usr/lib64/node_modules/csso-cli/node_modules/mdn-data/css/properties.json
-rw-r--r-- root/root     12790 1985-10-26 09:15 usr/lib64/node_modules/csso-cli/node_modules/mdn-data/css/properties.schema.json
-rw-r--r-- root/root      1556 1985-10-26 09:15 usr/lib64/node_modules/csso-cli/node_modules/mdn-data/css/readme.md
-rw-r--r-- root/root     22711 1985-10-26 09:15 usr/lib64/node_modules/csso-cli/node_modules/mdn-data/css/selectors.json
-rw-r--r-- root/root       690 1985-10-26 09:15 usr/lib64/node_modules/csso-cli/node_modules/mdn-data/css/selectors.schema.json
-rw-r--r-- root/root     26634 1985-10-26 09:15 usr/lib64/node_modules/csso-cli/node_modules/mdn-data/css/syntaxes.json
-rw-r--r-- root/root       230 1985-10-26 09:15 usr/lib64/node_modules/csso-cli/node_modules/mdn-data/css/syntaxes.schema.json
-rw-r--r-- root/root      6024 1985-10-26 09:15 usr/lib64/node_modules/csso-cli/node_modules/mdn-data/css/types.json
-rw-r--r-- root/root       622 1985-10-26 09:15 usr/lib64/node_modules/csso-cli/node_modules/mdn-data/css/types.schema.json
-rw-r--r-- root/root      2923 1985-10-26 09:15 usr/lib64/node_modules/csso-cli/node_modules/mdn-data/css/units.json
-rw-r--r-- root/root       502 1985-10-26 09:15 usr/lib64/node_modules/csso-cli/node_modules/mdn-data/css/units.schema.json
-rw-r--r-- root/root        98 1985-10-26 09:15 usr/lib64/node_modules/csso-cli/node_modules/mdn-data/index.js
drwxr-xr-x root/root         0 2020-11-10 16:21 usr/lib64/node_modules/csso-cli/node_modules/mdn-data/l10n/
-rw-r--r-- root/root    137016 1985-10-26 09:15 usr/lib64/node_modules/csso-cli/node_modules/mdn-data/l10n/css.json
-rw-r--r-- root/root        46 1985-10-26 09:15 usr/lib64/node_modules/csso-cli/node_modules/mdn-data/l10n/index.js
-rw-r--r-- root/root       728 1985-10-26 09:15 usr/lib64/node_modules/csso-cli/node_modules/mdn-data/package.json
drwxr-xr-x root/root         0 2020-11-10 16:21 usr/lib64/node_modules/csso-cli/node_modules/normalize-path/
-rw-r--r-- root/root      1088 1985-10-26 09:15 usr/lib64/node_modules/csso-cli/node_modules/normalize-path/LICENSE
-rw-r--r-- root/root      5441 1985-10-26 09:15 usr/lib64/node_modules/csso-cli/node_modules/normalize-path/README.md
-rw-r--r-- root/root      1024 1985-10-26 09:15 usr/lib64/node_modules/csso-cli/node_modules/normalize-path/index.js
-rw-r--r-- root/root      1666 1985-10-26 09:15 usr/lib64/node_modules/csso-cli/node_modules/normalize-path/package.json
drwxr-xr-x root/root         0 2020-11-10 16:21 usr/lib64/node_modules/csso-cli/node_modules/picomatch/
-rwxr-xr-x root/root      5264 1985-10-26 09:15 usr/lib64/node_modules/csso-cli/node_modules/picomatch/CHANGELOG.md
-rwxr-xr-x root/root      1091 1985-10-26 09:15 usr/lib64/node_modules/csso-cli/node_modules/picomatch/LICENSE
-rwxr-xr-x root/root     26608 1985-10-26 09:15 usr/lib64/node_modules/csso-cli/node_modules/picomatch/README.md
-rwxr-xr-x root/root        60 1985-10-26 09:15 usr/lib64/node_modules/csso-cli/node_modules/picomatch/index.js
drwxr-xr-x root/root         0 2020-11-10 16:21 usr/lib64/node_modules/csso-cli/node_modules/picomatch/lib/
-rwxr-xr-x root/root      4448 1985-10-26 09:15 usr/lib64/node_modules/csso-cli/node_modules/picomatch/lib/constants.js
-rwxr-xr-x root/root     27098 1985-10-26 09:15 usr/lib64/node_modules/csso-cli/node_modules/picomatch/lib/parse.js
-rwxr-xr-x root/root      9377 1985-10-26 09:15 usr/lib64/node_modules/csso-cli/node_modules/picomatch/lib/picomatch.js
-rwxr-xr-x root/root      8955 1985-10-26 09:15 usr/lib64/node_modules/csso-cli/node_modules/picomatch/lib/scan.js
-rwxr-xr-x root/root      1885 1985-10-26 09:15 usr/lib64/node_modules/csso-cli/node_modules/picomatch/lib/utils.js
-rwxr-xr-x root/root      1912 1985-10-26 09:15 usr/lib64/node_modules/csso-cli/node_modules/picomatch/package.json
drwxr-xr-x root/root         0 2020-11-10 16:21 usr/lib64/node_modules/csso-cli/node_modules/readdirp/
-rw-r--r-- root/root      1114 1985-10-26 09:15 usr/lib64/node_modules/csso-cli/node_modules/readdirp/LICENSE
-rw-r--r-- root/root      6942 1985-10-26 09:15 usr/lib64/node_modules/csso-cli/node_modules/readdirp/README.md
-rw-r--r-- root/root      1018 1985-10-26 09:15 usr/lib64/node_modules/csso-cli/node_modules/readdirp/index.d.ts
-rw-r--r-- root/root      8522 1985-10-26 09:15 usr/lib64/node_modules/csso-cli/node_modules/readdirp/index.js
-rw-r--r-- root/root      2522 1985-10-26 09:15 usr/lib64/node_modules/csso-cli/node_modules/readdirp/package.json
drwxr-xr-x root/root         0 2020-11-10 16:21 usr/lib64/node_modules/csso-cli/node_modules/source-map/
-rw-r--r-- root/root      7884 2017-04-18 00:24 usr/lib64/node_modules/csso-cli/node_modules/source-map/CHANGELOG.md
-rw-r--r-- root/root      1526 2017-04-18 00:24 usr/lib64/node_modules/csso-cli/node_modules/source-map/LICENSE
-rw-r--r-- root/root     24072 2017-09-25 18:09 usr/lib64/node_modules/csso-cli/node_modules/source-map/README.md
drwxr-xr-x root/root         0 2020-11-10 16:21 usr/lib64/node_modules/csso-cli/node_modules/source-map/dist/
-rw-r--r-- root/root    272874 2017-09-29 16:39 usr/lib64/node_modules/csso-cli/node_modules/source-map/dist/source-map.debug.js
-rw-r--r-- root/root    106973 2017-09-29 16:39 usr/lib64/node_modules/csso-cli/node_modules/source-map/dist/source-map.js
-rw-r--r-- root/root     27111 2017-09-29 16:39 usr/lib64/node_modules/csso-cli/node_modules/source-map/dist/source-map.min.js
-rw-r--r-- root/root    257409 2017-09-29 16:39 usr/lib64/node_modules/csso-cli/node_modules/source-map/dist/source-map.min.js.map
drwxr-xr-x root/root         0 2020-11-10 16:21 usr/lib64/node_modules/csso-cli/node_modules/source-map/lib/
-rw-r--r-- root/root      3197 2017-06-05 19:20 usr/lib64/node_modules/csso-cli/node_modules/source-map/lib/array-set.js
-rw-r--r-- root/root      4714 2017-04-18 00:24 usr/lib64/node_modules/csso-cli/node_modules/source-map/lib/base64-vlq.js
-rw-r--r-- root/root      1540 2017-04-18 00:24 usr/lib64/node_modules/csso-cli/node_modules/source-map/lib/base64.js
-rw-r--r-- root/root      4249 2017-04-18 00:24 usr/lib64/node_modules/csso-cli/node_modules/source-map/lib/binary-search.js
-rw-r--r-- root/root      2339 2017-04-18 00:24 usr/lib64/node_modules/csso-cli/node_modules/source-map/lib/mapping-list.js
-rw-r--r-- root/root      3616 2017-04-18 00:24 usr/lib64/node_modules/csso-cli/node_modules/source-map/lib/quick-sort.js
-rw-r--r-- root/root     40562 2017-09-29 16:39 usr/lib64/node_modules/csso-cli/node_modules/source-map/lib/source-map-consumer.js
-rw-r--r-- root/root     14356 2017-09-25 18:09 usr/lib64/node_modules/csso-cli/node_modules/source-map/lib/source-map-generator.js
-rw-r--r-- root/root     13808 2017-09-27 16:31 usr/lib64/node_modules/csso-cli/node_modules/source-map/lib/source-node.js
-rw-r--r-- root/root     12950 2017-09-26 22:37 usr/lib64/node_modules/csso-cli/node_modules/source-map/lib/util.js
-rw-r--r-- root/root      2579 2017-09-29 16:41 usr/lib64/node_modules/csso-cli/node_modules/source-map/package.json
-rw-r--r-- root/root      3060 2017-04-18 00:24 usr/lib64/node_modules/csso-cli/node_modules/source-map/source-map.d.ts
-rw-r--r-- root/root       405 2017-09-25 21:30 usr/lib64/node_modules/csso-cli/node_modules/source-map/source-map.js
drwxr-xr-x root/root         0 2020-11-10 16:21 usr/lib64/node_modules/csso-cli/node_modules/strip-ansi/
-rw-r--r-- root/root       161 2015-02-22 10:23 usr/lib64/node_modules/csso-cli/node_modules/strip-ansi/index.js
-rw-r--r-- root/root      1119 2015-02-22 10:23 usr/lib64/node_modules/csso-cli/node_modules/strip-ansi/license
-rw-r--r-- root/root      1023 2016-02-21 13:21 usr/lib64/node_modules/csso-cli/node_modules/strip-ansi/package.json
-rw-r--r-- root/root       801 2016-02-21 13:14 usr/lib64/node_modules/csso-cli/node_modules/strip-ansi/readme.md
drwxr-xr-x root/root         0 2020-11-10 16:21 usr/lib64/node_modules/csso-cli/node_modules/supports-color/
-rw-r--r-- root/root       901 2015-06-27 01:45 usr/lib64/node_modules/csso-cli/node_modules/supports-color/index.js
-rw-r--r-- root/root      1119 2014-04-06 17:43 usr/lib64/node_modules/csso-cli/node_modules/supports-color/license
-rw-r--r-- root/root       905 2015-07-01 00:58 usr/lib64/node_modules/csso-cli/node_modules/supports-color/package.json
-rw-r--r-- root/root       823 2015-07-01 00:55 usr/lib64/node_modules/csso-cli/node_modules/supports-color/readme.md
drwxr-xr-x root/root         0 2020-11-10 16:21 usr/lib64/node_modules/csso-cli/node_modules/to-regex-range/
-rw-r--r-- root/root      1091 1985-10-26 09:15 usr/lib64/node_modules/csso-cli/node_modules/to-regex-range/LICENSE
-rw-r--r-- root/root     13585 1985-10-26 09:15 usr/lib64/node_modules/csso-cli/node_modules/to-regex-range/README.md
-rw-r--r-- root/root      6481 1985-10-26 09:15 usr/lib64/node_modules/csso-cli/node_modules/to-regex-range/index.js
-rw-r--r-- root/root      1782 1985-10-26 09:15 usr/lib64/node_modules/csso-cli/node_modules/to-regex-range/package.json
-rw-r--r-- root/root       889 1985-10-26 09:15 usr/lib64/node_modules/csso-cli/package.json
drwxr-xr-x root/root         0 2020-11-10 16:21 usr/lib64/node_modules/root/
-rw-r--r-- root/root        69 2018-05-01 11:47 usr/lib64/node_modules/root/.travis.yml
-rw-r--r-- root/root      1078 2018-05-01 10:54 usr/lib64/node_modules/root/LICENSE
-rw-r--r-- root/root      3908 2018-05-01 10:54 usr/lib64/node_modules/root/README.md
-rw-r--r-- root/root      2693 2018-05-01 10:54 usr/lib64/node_modules/root/defaults.js
-rw-r--r-- root/root      7303 2018-05-01 10:54 usr/lib64/node_modules/root/index.js
drwxr-xr-x root/root         0 2020-11-10 16:21 usr/lib64/node_modules/root/node_modules/
drwxr-xr-x root/root         0 2020-11-10 16:21 usr/lib64/node_modules/root/node_modules/.bin/
drwxr-xr-x root/root         0 2020-11-10 16:21 usr/lib64/node_modules/root/node_modules/inherits/
-rw-r--r-- root/root       749 1985-10-26 09:15 usr/lib64/node_modules/root/node_modules/inherits/LICENSE
-rw-r--r-- root/root      1625 1985-10-26 09:15 usr/lib64/node_modules/root/node_modules/inherits/README.md
-rw-r--r-- root/root       250 1985-10-26 09:15 usr/lib64/node_modules/root/node_modules/inherits/inherits.js
-rw-r--r-- root/root       753 1985-10-26 09:15 usr/lib64/node_modules/root/node_modules/inherits/inherits_browser.js
-rw-r--r-- root/root       581 1985-10-26 09:15 usr/lib64/node_modules/root/node_modules/inherits/package.json
drwxr-xr-x root/root         0 2020-11-10 16:21 usr/lib64/node_modules/root/node_modules/murl/
-rw-r--r-- root/root      1124 2013-09-19 16:18 usr/lib64/node_modules/root/node_modules/murl/README.md
-rw-r--r-- root/root      2316 2013-09-20 16:59 usr/lib64/node_modules/root/node_modules/murl/index.js
-rw-r--r-- root/root       364 2013-09-20 18:56 usr/lib64/node_modules/root/node_modules/murl/package.json
drwxr-xr-x root/root         0 2020-11-10 16:21 usr/lib64/node_modules/root/node_modules/murl/tests/
-rwxr-xr-x root/root       884 2013-09-19 15:52 usr/lib64/node_modules/root/node_modules/murl/tests/index.js
-rw-r--r-- root/root       252 2013-09-19 15:52 usr/lib64/node_modules/root/node_modules/murl/tests/test-match-negative.js
-rw-r--r-- root/root       849 2013-09-19 15:52 usr/lib64/node_modules/root/node_modules/murl/tests/test-match-positive.js
-rw-r--r-- root/root       448 2013-09-19 16:18 usr/lib64/node_modules/root/node_modules/murl/tests/test-match-strict.js
-rw-r--r-- root/root       432 2013-09-19 16:12 usr/lib64/node_modules/root/node_modules/murl/tests/test-match.js
-rw-r--r-- root/root       656 2013-09-19 15:52 usr/lib64/node_modules/root/node_modules/murl/tests/test-replace.js
drwxr-xr-x root/root         0 2020-11-10 16:21 usr/lib64/node_modules/root/node_modules/network-address/
-rw-r--r-- root/root       373 2014-11-05 05:40 usr/lib64/node_modules/root/node_modules/network-address/README.md
-rwxr-xr-x root/root        55 2014-11-05 05:40 usr/lib64/node_modules/root/node_modules/network-address/cli.js
-rw-r--r-- root/root       312 2014-11-05 05:41 usr/lib64/node_modules/root/node_modules/network-address/index.js
-rw-r--r-- root/root       363 2014-11-05 05:43 usr/lib64/node_modules/root/node_modules/network-address/package.json
drwxr-xr-x root/root         0 2020-11-10 16:21 usr/lib64/node_modules/root/node_modules/protein/
-rw-r--r-- root/root      4235 2012-10-10 21:12 usr/lib64/node_modules/root/node_modules/protein/README.md
-rw-r--r-- root/root       456 2012-10-10 21:10 usr/lib64/node_modules/root/node_modules/protein/example.js
-rw-r--r-- root/root      1762 2012-10-10 20:43 usr/lib64/node_modules/root/node_modules/protein/index.js
-rw-r--r-- root/root       323 2012-10-10 21:08 usr/lib64/node_modules/root/node_modules/protein/package.json
drwxr-xr-x root/root         0 2020-11-10 16:21 usr/lib64/node_modules/root/node_modules/protein/tests/
-rwxr-xr-x root/root       876 2012-10-10 20:48 usr/lib64/node_modules/root/node_modules/protein/tests/index.js
-rw-r--r-- root/root       261 2012-10-10 21:07 usr/lib64/node_modules/root/node_modules/protein/tests/test-connect-compatible.js
-rw-r--r-- root/root       654 2012-10-10 21:02 usr/lib64/node_modules/root/node_modules/protein/tests/test-double-mixin.js
-rw-r--r-- root/root       364 2012-10-10 20:59 usr/lib64/node_modules/root/node_modules/protein/tests/test-getters-and-setters.js
-rw-r--r-- root/root       408 2012-10-10 20:56 usr/lib64/node_modules/root/node_modules/protein/tests/test-no-leaks.js
-rw-r--r-- root/root       300 2012-10-10 21:05 usr/lib64/node_modules/root/node_modules/protein/tests/test-prototypical.js
-rw-r--r-- root/root       268 2012-10-10 20:52 usr/lib64/node_modules/root/node_modules/protein/tests/test-simple-request.js
-rw-r--r-- root/root       273 2012-10-10 20:53 usr/lib64/node_modules/root/node_modules/protein/tests/test-simple-response.js
-rw-r--r-- root/root       515 2018-05-01 11:48 usr/lib64/node_modules/root/package.json
drwxr-xr-x root/root         0 2020-11-10 16:21 usr/lib64/node_modules/root/tests/
-rwxr-xr-x root/root      1008 2018-05-01 10:54 usr/lib64/node_modules/root/tests/index.js
-rw-r--r-- root/root       964 2018-05-01 10:54 usr/lib64/node_modules/root/tests/test-body-parsers.js
-rw-r--r-- root/root       850 2018-05-01 10:54 usr/lib64/node_modules/root/tests/test-errors.js
-rw-r--r-- root/root       534 2018-05-01 10:54 usr/lib64/node_modules/root/tests/test-flow-control.js
-rw-r--r-- root/root       916 2018-05-01 10:54 usr/lib64/node_modules/root/tests/test-fork.js
-rw-r--r-- root/root       742 2018-05-01 10:54 usr/lib64/node_modules/root/tests/test-match.js
-rw-r--r-- root/root       581 2018-05-01 10:54 usr/lib64/node_modules/root/tests/test-matches.js
-rw-r--r-- root/root       386 2018-05-01 10:54 usr/lib64/node_modules/root/tests/test-multi-listen.js
-rw-r--r-- root/root       652 2018-05-01 10:54 usr/lib64/node_modules/root/tests/test-plugins.js
-rw-r--r-- root/root       367 2018-05-01 10:54 usr/lib64/node_modules/root/tests/test-random-port-cluster.js
-rw-r--r-- root/root       303 2018-05-01 10:54 usr/lib64/node_modules/root/tests/test-random-port.js
-rw-r--r-- root/root       652 2018-05-01 10:54 usr/lib64/node_modules/root/tests/test-rewrite.js
-rw-r--r-- root/root       457 2018-05-01 10:54 usr/lib64/node_modules/root/tests/test-route-app.js
-rw-r--r-- root/root       607 2018-05-01 10:54 usr/lib64/node_modules/root/tests/test-route.js
-rw-r--r-- root/root      1175 2018-05-01 10:54 usr/lib64/node_modules/root/tests/test-routes.js
-rw-r--r-- root/root       508 2018-05-01 10:54 usr/lib64/node_modules/root/tests/test-sub-app-route.js
-rw-r--r-- root/root       933 2018-05-01 10:54 usr/lib64/node_modules/root/tests/test-urls.js


