++========================================
||
||   Package:  ./coffeescript/coffeescript-2.5.1-x86_64-1cf.txz
||
++========================================
drwxr-xr-x root/root         0 2021-01-03 11:18 ./
drwxr-xr-x root/root         0 2021-01-03 11:18 install/
-rw-r--r-- root/root       392 2021-01-03 11:18 install/doinst.sh
-rw-r--r-- root/root       749 2021-01-03 11:18 install/slack-desc
drwxr-xr-x root/root         0 2021-01-03 11:18 usr/
drwxr-xr-x root/root         0 2021-01-03 11:18 usr/bin/
drwxr-xr-x root/root         0 2021-01-03 11:18 usr/doc/
drwxr-xr-x root/root         0 2021-01-03 11:18 usr/doc/coffeescript-2.5.1/
-rw-r--r-- root/root      3225 2020-01-31 07:38 usr/doc/coffeescript-2.5.1/CODE_OF_CONDUCT.md
-rw-r--r-- root/root      1274 2020-01-31 07:38 usr/doc/coffeescript-2.5.1/CONTRIBUTING.md
-rw-r--r-- root/root      2827 2020-01-31 07:38 usr/doc/coffeescript-2.5.1/ISSUE_TEMPLATE.md
-rw-r--r-- root/root      1064 2020-01-31 07:38 usr/doc/coffeescript-2.5.1/LICENSE
-rw-r--r-- root/root      1209 2020-01-31 07:38 usr/doc/coffeescript-2.5.1/PULL_REQUEST_TEMPLATE.md
-rw-r--r-- root/root      2776 2020-01-31 07:38 usr/doc/coffeescript-2.5.1/README.md
-rw-r--r-- root/root      3015 2021-01-03 11:18 usr/doc/coffeescript-2.5.1/coffeescript.SlackBuild
drwxr-xr-x root/root         0 2021-01-03 11:18 usr/lib64/
drwxr-xr-x root/root         0 2021-01-03 11:18 usr/lib64/node_modules/
drwxr-xr-x root/root         0 2021-01-03 11:18 usr/lib64/node_modules/coffeescript/
-rw-r--r-- root/root      1064 1985-10-26 09:15 usr/lib64/node_modules/coffeescript/LICENSE
-rw-r--r-- root/root      2776 1985-10-26 09:15 usr/lib64/node_modules/coffeescript/README.md
drwxr-xr-x root/root         0 2021-01-03 11:18 usr/lib64/node_modules/coffeescript/bin/
-rwxr-xr-x root/root       755 1985-10-26 09:15 usr/lib64/node_modules/coffeescript/bin/cake
-rwxr-xr-x root/root       760 1985-10-26 09:15 usr/lib64/node_modules/coffeescript/bin/coffee
drwxr-xr-x root/root         0 2021-01-03 11:18 usr/lib64/node_modules/coffeescript/lib/
drwxr-xr-x root/root         0 2021-01-03 11:18 usr/lib64/node_modules/coffeescript/lib/coffeescript/
drwxr-xr-x root/root         0 2021-01-03 11:18 usr/lib64/node_modules/coffeescript/lib/coffeescript-browser-compiler-legacy/
-rw-r--r-- root/root    524515 1985-10-26 09:15 usr/lib64/node_modules/coffeescript/lib/coffeescript-browser-compiler-legacy/coffeescript.js
drwxr-xr-x root/root         0 2021-01-03 11:18 usr/lib64/node_modules/coffeescript/lib/coffeescript-browser-compiler-modern/
-rw-r--r-- root/root    523284 1985-10-26 09:15 usr/lib64/node_modules/coffeescript/lib/coffeescript-browser-compiler-modern/coffeescript.js
-rw-r--r-- root/root      5613 1985-10-26 09:15 usr/lib64/node_modules/coffeescript/lib/coffeescript/browser.js
-rw-r--r-- root/root      4493 1985-10-26 09:15 usr/lib64/node_modules/coffeescript/lib/coffeescript/cake.js
-rw-r--r-- root/root     20028 1985-10-26 09:15 usr/lib64/node_modules/coffeescript/lib/coffeescript/coffeescript.js
-rw-r--r-- root/root     25885 1985-10-26 09:15 usr/lib64/node_modules/coffeescript/lib/coffeescript/command.js
-rw-r--r-- root/root     60251 1985-10-26 09:15 usr/lib64/node_modules/coffeescript/lib/coffeescript/grammar.js
-rw-r--r-- root/root     16612 1985-10-26 09:15 usr/lib64/node_modules/coffeescript/lib/coffeescript/helpers.js
-rw-r--r-- root/root      6899 1985-10-26 09:15 usr/lib64/node_modules/coffeescript/lib/coffeescript/index.js
-rw-r--r-- root/root     75534 1985-10-26 09:15 usr/lib64/node_modules/coffeescript/lib/coffeescript/lexer.js
-rw-r--r-- root/root    325251 1985-10-26 09:15 usr/lib64/node_modules/coffeescript/lib/coffeescript/nodes.js
-rw-r--r-- root/root      8423 1985-10-26 09:15 usr/lib64/node_modules/coffeescript/lib/coffeescript/optparse.js
-rw-r--r-- root/root    188296 1985-10-26 09:15 usr/lib64/node_modules/coffeescript/lib/coffeescript/parser.js
-rw-r--r-- root/root      2767 1985-10-26 09:15 usr/lib64/node_modules/coffeescript/lib/coffeescript/register.js
-rw-r--r-- root/root     11070 1985-10-26 09:15 usr/lib64/node_modules/coffeescript/lib/coffeescript/repl.js
-rw-r--r-- root/root     49356 1985-10-26 09:15 usr/lib64/node_modules/coffeescript/lib/coffeescript/rewriter.js
-rw-r--r-- root/root      6131 1985-10-26 09:15 usr/lib64/node_modules/coffeescript/lib/coffeescript/scope.js
-rw-r--r-- root/root      8025 1985-10-26 09:15 usr/lib64/node_modules/coffeescript/lib/coffeescript/sourcemap.js
-rw-r--r-- root/root      1309 2021-01-03 11:18 usr/lib64/node_modules/coffeescript/package.json
-rw-r--r-- root/root        40 1985-10-26 09:15 usr/lib64/node_modules/coffeescript/register.js
-rw-r--r-- root/root        53 1985-10-26 09:15 usr/lib64/node_modules/coffeescript/repl.js
drwxr-xr-x root/root         0 2021-01-03 11:18 usr/lib64/node_modules/root/
-rw-r--r-- root/root      1078 2018-05-01 10:54 usr/lib64/node_modules/root/LICENSE
-rw-r--r-- root/root      3908 2018-05-01 10:54 usr/lib64/node_modules/root/README.md
-rw-r--r-- root/root      2693 2018-05-01 10:54 usr/lib64/node_modules/root/defaults.js
-rw-r--r-- root/root      7303 2018-05-01 10:54 usr/lib64/node_modules/root/index.js
drwxr-xr-x root/root         0 2021-01-03 11:18 usr/lib64/node_modules/root/node_modules/
drwxr-xr-x root/root         0 2021-01-03 11:18 usr/lib64/node_modules/root/node_modules/.bin/
drwxr-xr-x root/root         0 2021-01-03 11:18 usr/lib64/node_modules/root/node_modules/inherits/
-rw-r--r-- root/root       749 1985-10-26 09:15 usr/lib64/node_modules/root/node_modules/inherits/LICENSE
-rw-r--r-- root/root      1625 1985-10-26 09:15 usr/lib64/node_modules/root/node_modules/inherits/README.md
-rw-r--r-- root/root       250 1985-10-26 09:15 usr/lib64/node_modules/root/node_modules/inherits/inherits.js
-rw-r--r-- root/root       753 1985-10-26 09:15 usr/lib64/node_modules/root/node_modules/inherits/inherits_browser.js
-rw-r--r-- root/root       581 2021-01-03 11:18 usr/lib64/node_modules/root/node_modules/inherits/package.json
drwxr-xr-x root/root         0 2021-01-03 11:18 usr/lib64/node_modules/root/node_modules/murl/
-rw-r--r-- root/root      1124 2013-09-19 16:18 usr/lib64/node_modules/root/node_modules/murl/README.md
-rw-r--r-- root/root      2316 2013-09-20 16:59 usr/lib64/node_modules/root/node_modules/murl/index.js
-rw-r--r-- root/root       364 2021-01-03 11:18 usr/lib64/node_modules/root/node_modules/murl/package.json
drwxr-xr-x root/root         0 2021-01-03 11:18 usr/lib64/node_modules/root/node_modules/murl/tests/
-rwxr-xr-x root/root       884 2013-09-19 15:52 usr/lib64/node_modules/root/node_modules/murl/tests/index.js
-rw-r--r-- root/root       252 2013-09-19 15:52 usr/lib64/node_modules/root/node_modules/murl/tests/test-match-negative.js
-rw-r--r-- root/root       849 2013-09-19 15:52 usr/lib64/node_modules/root/node_modules/murl/tests/test-match-positive.js
-rw-r--r-- root/root       448 2013-09-19 16:18 usr/lib64/node_modules/root/node_modules/murl/tests/test-match-strict.js
-rw-r--r-- root/root       432 2013-09-19 16:12 usr/lib64/node_modules/root/node_modules/murl/tests/test-match.js
-rw-r--r-- root/root       656 2013-09-19 15:52 usr/lib64/node_modules/root/node_modules/murl/tests/test-replace.js
drwxr-xr-x root/root         0 2021-01-03 11:18 usr/lib64/node_modules/root/node_modules/network-address/
-rw-r--r-- root/root       373 2014-11-05 05:40 usr/lib64/node_modules/root/node_modules/network-address/README.md
-rwxr-xr-x root/root        55 2014-11-05 05:40 usr/lib64/node_modules/root/node_modules/network-address/cli.js
-rw-r--r-- root/root       312 2014-11-05 05:41 usr/lib64/node_modules/root/node_modules/network-address/index.js
-rw-r--r-- root/root       363 2021-01-03 11:18 usr/lib64/node_modules/root/node_modules/network-address/package.json
drwxr-xr-x root/root         0 2021-01-03 11:18 usr/lib64/node_modules/root/node_modules/protein/
-rw-r--r-- root/root      4235 2012-10-10 21:12 usr/lib64/node_modules/root/node_modules/protein/README.md
-rw-r--r-- root/root       456 2012-10-10 21:10 usr/lib64/node_modules/root/node_modules/protein/example.js
-rw-r--r-- root/root      1762 2012-10-10 20:43 usr/lib64/node_modules/root/node_modules/protein/index.js
-rw-r--r-- root/root       323 2021-01-03 11:18 usr/lib64/node_modules/root/node_modules/protein/package.json
drwxr-xr-x root/root         0 2021-01-03 11:18 usr/lib64/node_modules/root/node_modules/protein/tests/
-rwxr-xr-x root/root       876 2012-10-10 20:48 usr/lib64/node_modules/root/node_modules/protein/tests/index.js
-rw-r--r-- root/root       261 2012-10-10 21:07 usr/lib64/node_modules/root/node_modules/protein/tests/test-connect-compatible.js
-rw-r--r-- root/root       654 2012-10-10 21:02 usr/lib64/node_modules/root/node_modules/protein/tests/test-double-mixin.js
-rw-r--r-- root/root       364 2012-10-10 20:59 usr/lib64/node_modules/root/node_modules/protein/tests/test-getters-and-setters.js
-rw-r--r-- root/root       408 2012-10-10 20:56 usr/lib64/node_modules/root/node_modules/protein/tests/test-no-leaks.js
-rw-r--r-- root/root       300 2012-10-10 21:05 usr/lib64/node_modules/root/node_modules/protein/tests/test-prototypical.js
-rw-r--r-- root/root       268 2012-10-10 20:52 usr/lib64/node_modules/root/node_modules/protein/tests/test-simple-request.js
-rw-r--r-- root/root       273 2012-10-10 20:53 usr/lib64/node_modules/root/node_modules/protein/tests/test-simple-response.js
-rw-r--r-- root/root       515 2021-01-03 11:18 usr/lib64/node_modules/root/package.json
drwxr-xr-x root/root         0 2021-01-03 11:18 usr/lib64/node_modules/root/tests/
-rwxr-xr-x root/root      1008 2018-05-01 10:54 usr/lib64/node_modules/root/tests/index.js
-rw-r--r-- root/root       964 2018-05-01 10:54 usr/lib64/node_modules/root/tests/test-body-parsers.js
-rw-r--r-- root/root       850 2018-05-01 10:54 usr/lib64/node_modules/root/tests/test-errors.js
-rw-r--r-- root/root       534 2018-05-01 10:54 usr/lib64/node_modules/root/tests/test-flow-control.js
-rw-r--r-- root/root       916 2018-05-01 10:54 usr/lib64/node_modules/root/tests/test-fork.js
-rw-r--r-- root/root       742 2018-05-01 10:54 usr/lib64/node_modules/root/tests/test-match.js
-rw-r--r-- root/root       581 2018-05-01 10:54 usr/lib64/node_modules/root/tests/test-matches.js
-rw-r--r-- root/root       386 2018-05-01 10:54 usr/lib64/node_modules/root/tests/test-multi-listen.js
-rw-r--r-- root/root       652 2018-05-01 10:54 usr/lib64/node_modules/root/tests/test-plugins.js
-rw-r--r-- root/root       367 2018-05-01 10:54 usr/lib64/node_modules/root/tests/test-random-port-cluster.js
-rw-r--r-- root/root       303 2018-05-01 10:54 usr/lib64/node_modules/root/tests/test-random-port.js
-rw-r--r-- root/root       652 2018-05-01 10:54 usr/lib64/node_modules/root/tests/test-rewrite.js
-rw-r--r-- root/root       457 2018-05-01 10:54 usr/lib64/node_modules/root/tests/test-route-app.js
-rw-r--r-- root/root       607 2018-05-01 10:54 usr/lib64/node_modules/root/tests/test-route.js
-rw-r--r-- root/root      1175 2018-05-01 10:54 usr/lib64/node_modules/root/tests/test-routes.js
-rw-r--r-- root/root       508 2018-05-01 10:54 usr/lib64/node_modules/root/tests/test-sub-app-route.js
-rw-r--r-- root/root       933 2018-05-01 10:54 usr/lib64/node_modules/root/tests/test-urls.js


