++========================================
||
||   Package:  ./safecopy/safecopy-1.7-x86_64-6cf.txz
||
++========================================
drwxr-xr-x root/root         0 2020-10-05 12:40 ./
drwxr-xr-x root/root         0 2020-10-05 12:40 install/
-rw-r--r-- root/root       831 2020-10-05 12:40 install/slack-desc
drwxr-xr-x root/root         0 2020-10-05 12:40 usr/
drwxr-xr-x root/root         0 2020-10-05 12:40 usr/bin/
-rwxr-xr-x root/root     55576 2020-10-05 12:40 usr/bin/safecopy
drwxr-xr-x root/root         0 2020-10-05 12:40 usr/doc/
drwxr-xr-x root/root         0 2020-10-05 12:40 usr/doc/safecopy-1.7/
-rw-r--r-- root/root        55 2009-07-27 18:02 usr/doc/safecopy-1.7/AUTHORS
-rw-r--r-- root/root     17992 2009-07-27 18:02 usr/doc/safecopy-1.7/COPYING
-rw-r--r-- root/root      3188 2012-03-10 23:02 usr/doc/safecopy-1.7/ChangeLog
-rw-r--r-- root/root      9478 2009-07-27 18:02 usr/doc/safecopy-1.7/INSTALL
-rw-r--r-- root/root        93 2009-07-27 18:02 usr/doc/safecopy-1.7/NEWS
-rw-r--r-- root/root     23806 2012-03-10 23:47 usr/doc/safecopy-1.7/README
-rw-r--r-- root/root      3313 2020-10-05 12:40 usr/doc/safecopy-1.7/safecopy.SlackBuild
-rw-r--r-- root/root      9837 2009-07-27 18:02 usr/doc/safecopy-1.7/specification.txt
drwxr-xr-x root/root         0 2012-03-11 00:01 usr/doc/safecopy-1.7/test/
-rw-r--r-- root/root       971 2009-05-31 11:57 usr/doc/safecopy-1.7/test/README
-rw-r--r-- root/root       161 2009-07-27 18:08 usr/doc/safecopy-1.7/test/config_in.sh
-rw-r--r-- root/root      4930 2009-05-31 11:57 usr/doc/safecopy-1.7/test/libtestsuite.sh
-rwxr-xr-x root/root        57 2009-07-30 00:23 usr/doc/safecopy-1.7/test/test.sh
drwxr-xr-x root/root         0 2012-03-11 00:01 usr/doc/safecopy-1.7/test/test0/
-rw-r--r-- root/root        57 2009-05-11 18:50 usr/doc/safecopy-1.7/test/test0/simulator.cfg
-rw-r--r-- root/root     10240 2009-05-11 18:50 usr/doc/safecopy-1.7/test/test0/test.dat
-rwxr-xr-x root/root       630 2009-05-31 11:57 usr/doc/safecopy-1.7/test/test0/test.sh
drwxr-xr-x root/root         0 2012-03-11 00:01 usr/doc/safecopy-1.7/test/test1/
-rw-r--r-- root/root     10240 2009-05-11 18:50 usr/doc/safecopy-1.7/test/test1/test.dat
-rwxr-xr-x root/root       553 2012-03-10 23:02 usr/doc/safecopy-1.7/test/test1/test.sh
drwxr-xr-x root/root         0 2012-03-11 00:01 usr/doc/safecopy-1.7/test/test10/
-rw-r--r-- root/root       131 2009-05-11 18:50 usr/doc/safecopy-1.7/test/test10/simulator.cfg
-rw-r--r-- root/root     20000 2009-05-11 18:50 usr/doc/safecopy-1.7/test/test10/test.dat
-rwxr-xr-x root/root      5490 2012-03-10 23:02 usr/doc/safecopy-1.7/test/test10/test.sh
-rw-r--r-- root/root        20 2009-05-11 18:50 usr/doc/safecopy-1.7/test/test10/test1.badblocks
-rw-r--r-- root/root     20000 2009-05-11 18:50 usr/doc/safecopy-1.7/test/test10/test1.dat
-rw-r--r-- root/root     20000 2009-05-11 18:50 usr/doc/safecopy-1.7/test/test10/test2.dat
-rw-r--r-- root/root        23 2009-05-11 18:50 usr/doc/safecopy-1.7/test/test10/test3.badblocks
-rw-r--r-- root/root     20000 2009-05-11 18:50 usr/doc/safecopy-1.7/test/test10/test3.dat
-rw-r--r-- root/root        21 2009-05-11 18:50 usr/doc/safecopy-1.7/test/test10/test4.badblocks
-rw-r--r-- root/root     20000 2009-05-11 18:50 usr/doc/safecopy-1.7/test/test10/test4.dat
-rw-r--r-- root/root     20000 2009-05-11 18:50 usr/doc/safecopy-1.7/test/test10/test5.dat
-rw-r--r-- root/root     20000 2009-05-11 18:50 usr/doc/safecopy-1.7/test/test10/test6.dat
-rw-r--r-- root/root        21 2009-05-11 18:50 usr/doc/safecopy-1.7/test/test10/xblocks
drwxr-xr-x root/root         0 2012-03-11 00:01 usr/doc/safecopy-1.7/test/test11/
-rw-r--r-- root/root       153 2009-05-11 18:50 usr/doc/safecopy-1.7/test/test11/simulator.cfg
-rw-r--r-- root/root     20480 2009-05-11 18:50 usr/doc/safecopy-1.7/test/test11/test.dat
-rwxr-xr-x root/root      4762 2012-03-10 23:02 usr/doc/safecopy-1.7/test/test11/test.sh
-rw-r--r-- root/root        22 2009-05-11 18:50 usr/doc/safecopy-1.7/test/test11/test1.badblocks
-rw-r--r-- root/root     15360 2009-05-11 18:50 usr/doc/safecopy-1.7/test/test11/test1.dat
-rw-r--r-- root/root        22 2009-05-11 18:50 usr/doc/safecopy-1.7/test/test11/test2.badblocks
-rw-r--r-- root/root     15360 2009-05-11 18:50 usr/doc/safecopy-1.7/test/test11/test2.dat
-rw-r--r-- root/root        17 2009-05-11 18:50 usr/doc/safecopy-1.7/test/test11/test3.badblocks
-rw-r--r-- root/root     15360 2009-05-11 18:50 usr/doc/safecopy-1.7/test/test11/test3.dat
-rw-r--r-- root/root     15360 2009-05-11 18:50 usr/doc/safecopy-1.7/test/test11/test4.dat
-rw-r--r-- root/root     15360 2009-05-11 18:50 usr/doc/safecopy-1.7/test/test11/test5.dat
-rw-r--r-- root/root         9 2009-05-11 18:50 usr/doc/safecopy-1.7/test/test11/xblocks
drwxr-xr-x root/root         0 2012-03-11 00:01 usr/doc/safecopy-1.7/test/test12/
-rw-r--r-- root/root        15 2009-09-09 18:28 usr/doc/safecopy-1.7/test/test12/iblocks
-rw-r--r-- root/root       130 2009-09-09 18:28 usr/doc/safecopy-1.7/test/test12/simulator.cfg
-rw-r--r-- root/root     20480 2009-09-09 18:28 usr/doc/safecopy-1.7/test/test12/test.dat
-rwxr-xr-x root/root       776 2012-03-10 22:41 usr/doc/safecopy-1.7/test/test12/test.sh
-rw-r--r-- root/root     20480 2009-09-09 18:28 usr/doc/safecopy-1.7/test/test12/test1.dat
drwxr-xr-x root/root         0 2012-03-11 00:01 usr/doc/safecopy-1.7/test/test13/
-rw-r--r-- root/root       154 2012-03-10 22:41 usr/doc/safecopy-1.7/test/test13/simulator.cfg
-rw-r--r-- root/root     20480 2012-03-10 22:41 usr/doc/safecopy-1.7/test/test13/test.dat
-rwxr-xr-x root/root      1949 2012-03-10 22:41 usr/doc/safecopy-1.7/test/test13/test.sh
-rw-r--r-- root/root     10240 2012-03-10 22:41 usr/doc/safecopy-1.7/test/test13/test1.dat
-rw-r--r-- root/root     20480 2012-03-10 22:41 usr/doc/safecopy-1.7/test/test13/test2.dat
-rw-r--r-- root/root     20480 2012-03-10 22:41 usr/doc/safecopy-1.7/test/test13/test3.dat
drwxr-xr-x root/root         0 2012-03-11 00:01 usr/doc/safecopy-1.7/test/test2/
-rw-r--r-- root/root        73 2009-05-11 18:50 usr/doc/safecopy-1.7/test/test2/simulator.cfg
-rw-r--r-- root/root     10240 2009-05-11 18:50 usr/doc/safecopy-1.7/test/test2/test.dat
-rwxr-xr-x root/root      2571 2012-03-10 23:02 usr/doc/safecopy-1.7/test/test2/test.sh
-rw-r--r-- root/root         0 2009-05-11 18:50 usr/doc/safecopy-1.7/test/test2/test1.badblocks
-rw-r--r-- root/root         2 2009-05-11 18:50 usr/doc/safecopy-1.7/test/test2/test2.badblocks
-rw-r--r-- root/root     10240 2009-05-11 18:50 usr/doc/safecopy-1.7/test/test2/test2.dat
-rw-r--r-- root/root     10240 2009-05-11 18:50 usr/doc/safecopy-1.7/test/test2/test4.dat
drwxr-xr-x root/root         0 2012-03-11 00:01 usr/doc/safecopy-1.7/test/test3/
-rw-r--r-- root/root        95 2009-05-11 18:50 usr/doc/safecopy-1.7/test/test3/simulator.cfg
-rw-r--r-- root/root     10240 2009-05-11 18:50 usr/doc/safecopy-1.7/test/test3/test.dat
-rwxr-xr-x root/root      1924 2012-03-10 23:02 usr/doc/safecopy-1.7/test/test3/test.sh
-rw-r--r-- root/root         4 2009-05-11 18:50 usr/doc/safecopy-1.7/test/test3/test1.badblocks
-rw-r--r-- root/root     10240 2009-05-11 18:50 usr/doc/safecopy-1.7/test/test3/test1.dat
-rw-r--r-- root/root        16 2009-05-11 18:50 usr/doc/safecopy-1.7/test/test3/test2.badblocks
-rw-r--r-- root/root      2048 2009-05-11 18:50 usr/doc/safecopy-1.7/test/test3/test2.dat
-rw-r--r-- root/root         6 2009-05-11 18:50 usr/doc/safecopy-1.7/test/test3/test3.badblocks
-rw-r--r-- root/root     10240 2009-05-11 18:50 usr/doc/safecopy-1.7/test/test3/test3.dat
drwxr-xr-x root/root         0 2012-03-11 00:01 usr/doc/safecopy-1.7/test/test4/
-rw-r--r-- root/root        95 2009-05-11 18:50 usr/doc/safecopy-1.7/test/test4/simulator.cfg
-rw-r--r-- root/root     10240 2009-05-11 18:50 usr/doc/safecopy-1.7/test/test4/test.dat
-rwxr-xr-x root/root      2464 2012-03-10 23:02 usr/doc/safecopy-1.7/test/test4/test.sh
-rw-r--r-- root/root         6 2009-05-11 18:50 usr/doc/safecopy-1.7/test/test4/test1.badblocks
-rw-r--r-- root/root      8192 2009-05-11 18:50 usr/doc/safecopy-1.7/test/test4/test1.dat
-rw-r--r-- root/root         4 2009-05-11 18:50 usr/doc/safecopy-1.7/test/test4/test2.badblocks
-rw-r--r-- root/root      8192 2009-05-11 18:50 usr/doc/safecopy-1.7/test/test4/test2.dat
-rw-r--r-- root/root     10240 2009-05-11 18:50 usr/doc/safecopy-1.7/test/test4/test3.dat
-rw-r--r-- root/root     10240 2009-05-11 18:50 usr/doc/safecopy-1.7/test/test4/test4.dat
drwxr-xr-x root/root         0 2012-03-11 00:01 usr/doc/safecopy-1.7/test/test5/
-rw-r--r-- root/root       172 2009-05-11 18:50 usr/doc/safecopy-1.7/test/test5/simulator.cfg
-rw-r--r-- root/root     10240 2009-05-11 18:50 usr/doc/safecopy-1.7/test/test5/test.dat
-rwxr-xr-x root/root      1329 2012-03-10 23:02 usr/doc/safecopy-1.7/test/test5/test.sh
-rw-r--r-- root/root        20 2009-05-11 18:50 usr/doc/safecopy-1.7/test/test5/test1.badblocks
-rw-r--r-- root/root         0 2009-05-11 18:50 usr/doc/safecopy-1.7/test/test5/test1.dat
-rw-r--r-- root/root     10240 2009-05-11 18:50 usr/doc/safecopy-1.7/test/test5/test2.dat
drwxr-xr-x root/root         0 2012-03-11 00:01 usr/doc/safecopy-1.7/test/test6/
-rw-r--r-- root/root       153 2009-05-11 18:50 usr/doc/safecopy-1.7/test/test6/simulator.cfg
-rw-r--r-- root/root     20480 2009-05-11 18:50 usr/doc/safecopy-1.7/test/test6/test.dat
-rwxr-xr-x root/root      4115 2012-03-10 23:02 usr/doc/safecopy-1.7/test/test6/test.sh
-rw-r--r-- root/root        30 2009-05-11 18:50 usr/doc/safecopy-1.7/test/test6/test1.badblocks
-rw-r--r-- root/root     20480 2009-05-11 18:50 usr/doc/safecopy-1.7/test/test6/test1.dat
-rw-r--r-- root/root        21 2009-05-11 18:50 usr/doc/safecopy-1.7/test/test6/test2.badblocks
-rw-r--r-- root/root     20480 2009-05-11 18:50 usr/doc/safecopy-1.7/test/test6/test2.dat
-rw-r--r-- root/root        19 2009-05-11 18:50 usr/doc/safecopy-1.7/test/test6/test3.badblocks
-rw-r--r-- root/root     20480 2009-05-11 18:50 usr/doc/safecopy-1.7/test/test6/test3.dat
-rw-r--r-- root/root     20480 2009-05-11 18:50 usr/doc/safecopy-1.7/test/test6/test4.dat
-rw-r--r-- root/root     20480 2009-05-11 18:50 usr/doc/safecopy-1.7/test/test6/test5.dat
drwxr-xr-x root/root         0 2012-03-11 00:01 usr/doc/safecopy-1.7/test/test7/
-rw-r--r-- root/root       131 2009-05-11 18:50 usr/doc/safecopy-1.7/test/test7/simulator.cfg
-rw-r--r-- root/root     20000 2009-05-11 18:50 usr/doc/safecopy-1.7/test/test7/test.dat
-rwxr-xr-x root/root      5197 2012-03-10 23:02 usr/doc/safecopy-1.7/test/test7/test.sh
-rw-r--r-- root/root        29 2009-05-11 18:50 usr/doc/safecopy-1.7/test/test7/test1.badblocks
-rw-r--r-- root/root     20000 2009-05-11 18:50 usr/doc/safecopy-1.7/test/test7/test1.dat
-rw-r--r-- root/root     20000 2009-05-11 18:50 usr/doc/safecopy-1.7/test/test7/test2.dat
-rw-r--r-- root/root        25 2009-05-11 18:50 usr/doc/safecopy-1.7/test/test7/test3.badblocks
-rw-r--r-- root/root     20000 2009-05-11 18:50 usr/doc/safecopy-1.7/test/test7/test3.dat
-rw-r--r-- root/root        21 2009-05-11 18:50 usr/doc/safecopy-1.7/test/test7/test4.badblocks
-rw-r--r-- root/root     20000 2009-05-11 18:50 usr/doc/safecopy-1.7/test/test7/test4.dat
-rw-r--r-- root/root     20000 2009-05-11 18:50 usr/doc/safecopy-1.7/test/test7/test5.dat
-rw-r--r-- root/root     20000 2009-05-11 18:50 usr/doc/safecopy-1.7/test/test7/test6.dat
drwxr-xr-x root/root         0 2012-03-11 00:01 usr/doc/safecopy-1.7/test/test8/
-rw-r--r-- root/root       153 2009-05-11 18:50 usr/doc/safecopy-1.7/test/test8/simulator.cfg
-rw-r--r-- root/root     20480 2009-05-11 18:50 usr/doc/safecopy-1.7/test/test8/test.dat
-rwxr-xr-x root/root      4437 2012-03-10 23:02 usr/doc/safecopy-1.7/test/test8/test.sh
-rw-r--r-- root/root        30 2009-05-11 18:50 usr/doc/safecopy-1.7/test/test8/test1.badblocks
-rw-r--r-- root/root     16384 2009-05-11 18:50 usr/doc/safecopy-1.7/test/test8/test1.dat
-rw-r--r-- root/root        30 2009-05-11 18:50 usr/doc/safecopy-1.7/test/test8/test2.badblocks
-rw-r--r-- root/root     16384 2009-05-11 18:50 usr/doc/safecopy-1.7/test/test8/test2.dat
-rw-r--r-- root/root        19 2009-05-11 18:50 usr/doc/safecopy-1.7/test/test8/test3.badblocks
-rw-r--r-- root/root     16384 2009-05-11 18:50 usr/doc/safecopy-1.7/test/test8/test3.dat
-rw-r--r-- root/root     16384 2009-05-11 18:50 usr/doc/safecopy-1.7/test/test8/test4.dat
-rw-r--r-- root/root     16384 2009-05-11 18:50 usr/doc/safecopy-1.7/test/test8/test5.dat
drwxr-xr-x root/root         0 2012-03-11 00:01 usr/doc/safecopy-1.7/test/test9/
-rw-r--r-- root/root       165 2009-05-11 18:50 usr/doc/safecopy-1.7/test/test9/simulator.cfg
-rw-r--r-- root/root     20480 2009-05-11 18:50 usr/doc/safecopy-1.7/test/test9/test.dat
-rwxr-xr-x root/root      4332 2012-03-10 23:02 usr/doc/safecopy-1.7/test/test9/test.sh
-rw-r--r-- root/root        22 2009-05-11 18:50 usr/doc/safecopy-1.7/test/test9/test1.badblocks
-rw-r--r-- root/root     20480 2009-05-11 18:50 usr/doc/safecopy-1.7/test/test9/test1.dat
-rw-r--r-- root/root        22 2009-05-11 18:50 usr/doc/safecopy-1.7/test/test9/test2.badblocks
-rw-r--r-- root/root     20480 2009-05-11 18:50 usr/doc/safecopy-1.7/test/test9/test2.dat
-rw-r--r-- root/root        20 2009-05-11 18:50 usr/doc/safecopy-1.7/test/test9/test3.badblocks
-rw-r--r-- root/root     20480 2009-05-11 18:50 usr/doc/safecopy-1.7/test/test9/test3.dat
-rw-r--r-- root/root     20480 2009-05-11 18:50 usr/doc/safecopy-1.7/test/test9/test4.dat
-rw-r--r-- root/root     20480 2009-05-11 18:50 usr/doc/safecopy-1.7/test/test9/test5.dat
-rw-r--r-- root/root         9 2009-05-11 18:50 usr/doc/safecopy-1.7/test/test9/xblocks
drwxr-xr-x root/root         0 2020-10-05 12:40 usr/man/
drwxr-xr-x root/root         0 2020-10-05 12:40 usr/man/man1/
-rw-r--r-- root/root      9083 2020-10-05 12:40 usr/man/man1/safecopy.1.gz


