++========================================
||
||   Package:  ./simplenote-bin/simplenote-bin-2.21.0-x86_64-1cf.txz
||
++========================================
drwxr-xr-x root/root         0 2021-10-21 11:38 ./
drwxr-xr-x root/root         0 2021-10-21 11:38 install/
-rw-r--r-- root/root       394 2021-10-21 11:38 install/doinst.sh
-rw-r--r-- root/root       798 2021-10-21 11:38 install/slack-desc
drwxr-xr-x root/root         0 2021-10-15 21:31 opt/
drwxr-xr-x root/root         0 2021-10-15 21:31 opt/Simplenote/
-rw-r--r-- root/root      1060 2021-10-15 21:25 opt/Simplenote/LICENSE.electron.txt
-rw-r--r-- root/root   4978855 2021-10-15 21:25 opt/Simplenote/LICENSES.chromium.html
-rwxr-xr-x root/root   4708288 2021-10-15 21:25 opt/Simplenote/chrome-sandbox
-rw-r--r-- root/root    126787 2021-10-15 21:25 opt/Simplenote/chrome_100_percent.pak
-rw-r--r-- root/root    189438 2021-10-15 21:25 opt/Simplenote/chrome_200_percent.pak
-rw-r--r-- root/root  10412752 2021-10-15 21:25 opt/Simplenote/icudtl.dat
-rwxr-xr-x root/root    242528 2021-10-15 21:25 opt/Simplenote/libEGL.so
-rwxr-xr-x root/root   7263376 2021-10-15 21:25 opt/Simplenote/libGLESv2.so
-rwxr-xr-x root/root   3064624 2021-10-15 21:25 opt/Simplenote/libffmpeg.so
-rwxr-xr-x root/root   4042184 2021-10-15 21:25 opt/Simplenote/libvk_swiftshader.so
-rwxr-xr-x root/root   6720648 2021-10-15 21:25 opt/Simplenote/libvulkan.so.1
drwxr-xr-x root/root         0 2021-10-15 21:31 opt/Simplenote/locales/
-rw-r--r-- root/root    146431 2021-10-15 21:25 opt/Simplenote/locales/am.pak
-rw-r--r-- root/root    149327 2021-10-15 21:25 opt/Simplenote/locales/ar.pak
-rw-r--r-- root/root    159905 2021-10-15 21:25 opt/Simplenote/locales/bg.pak
-rw-r--r-- root/root    210493 2021-10-15 21:25 opt/Simplenote/locales/bn.pak
-rw-r--r-- root/root    102356 2021-10-15 21:25 opt/Simplenote/locales/ca.pak
-rw-r--r-- root/root    104467 2021-10-15 21:25 opt/Simplenote/locales/cs.pak
-rw-r--r-- root/root     95414 2021-10-15 21:25 opt/Simplenote/locales/da.pak
-rw-r--r-- root/root    101766 2021-10-15 21:25 opt/Simplenote/locales/de.pak
-rw-r--r-- root/root    177880 2021-10-15 21:25 opt/Simplenote/locales/el.pak
-rw-r--r-- root/root     84589 2021-10-15 21:25 opt/Simplenote/locales/en-GB.pak
-rw-r--r-- root/root     85325 2021-10-15 21:25 opt/Simplenote/locales/en-US.pak
-rw-r--r-- root/root     99997 2021-10-15 21:25 opt/Simplenote/locales/es-419.pak
-rw-r--r-- root/root    102077 2021-10-15 21:25 opt/Simplenote/locales/es.pak
-rw-r--r-- root/root     91448 2021-10-15 21:25 opt/Simplenote/locales/et.pak
-rw-r--r-- root/root    143027 2021-10-15 21:25 opt/Simplenote/locales/fa.pak
-rw-r--r-- root/root     93860 2021-10-15 21:25 opt/Simplenote/locales/fi.pak
-rw-r--r-- root/root    104059 2021-10-15 21:25 opt/Simplenote/locales/fil.pak
-rw-r--r-- root/root    110638 2021-10-15 21:25 opt/Simplenote/locales/fr.pak
-rw-r--r-- root/root    200922 2021-10-15 21:25 opt/Simplenote/locales/gu.pak
-rw-r--r-- root/root    125621 2021-10-15 21:25 opt/Simplenote/locales/he.pak
-rw-r--r-- root/root    208403 2021-10-15 21:25 opt/Simplenote/locales/hi.pak
-rw-r--r-- root/root     99611 2021-10-15 21:25 opt/Simplenote/locales/hr.pak
-rw-r--r-- root/root    106657 2021-10-15 21:25 opt/Simplenote/locales/hu.pak
-rw-r--r-- root/root     91504 2021-10-15 21:25 opt/Simplenote/locales/id.pak
-rw-r--r-- root/root     99454 2021-10-15 21:25 opt/Simplenote/locales/it.pak
-rw-r--r-- root/root    120549 2021-10-15 21:25 opt/Simplenote/locales/ja.pak
-rw-r--r-- root/root    230588 2021-10-15 21:25 opt/Simplenote/locales/kn.pak
-rw-r--r-- root/root    101258 2021-10-15 21:25 opt/Simplenote/locales/ko.pak
-rw-r--r-- root/root    108403 2021-10-15 21:25 opt/Simplenote/locales/lt.pak
-rw-r--r-- root/root    107553 2021-10-15 21:25 opt/Simplenote/locales/lv.pak
-rw-r--r-- root/root    242667 2021-10-15 21:25 opt/Simplenote/locales/ml.pak
-rw-r--r-- root/root    197270 2021-10-15 21:25 opt/Simplenote/locales/mr.pak
-rw-r--r-- root/root     93878 2021-10-15 21:25 opt/Simplenote/locales/ms.pak
-rw-r--r-- root/root     92503 2021-10-15 21:25 opt/Simplenote/locales/nb.pak
-rw-r--r-- root/root     96576 2021-10-15 21:25 opt/Simplenote/locales/nl.pak
-rw-r--r-- root/root    105104 2021-10-15 21:25 opt/Simplenote/locales/pl.pak
-rw-r--r-- root/root     99315 2021-10-15 21:25 opt/Simplenote/locales/pt-BR.pak
-rw-r--r-- root/root    100069 2021-10-15 21:25 opt/Simplenote/locales/pt-PT.pak
-rw-r--r-- root/root    102590 2021-10-15 21:25 opt/Simplenote/locales/ro.pak
-rw-r--r-- root/root    162758 2021-10-15 21:25 opt/Simplenote/locales/ru.pak
-rw-r--r-- root/root    106180 2021-10-15 21:25 opt/Simplenote/locales/sk.pak
-rw-r--r-- root/root    101484 2021-10-15 21:25 opt/Simplenote/locales/sl.pak
-rw-r--r-- root/root    152936 2021-10-15 21:25 opt/Simplenote/locales/sr.pak
-rw-r--r-- root/root     92516 2021-10-15 21:25 opt/Simplenote/locales/sv.pak
-rw-r--r-- root/root     94243 2021-10-15 21:25 opt/Simplenote/locales/sw.pak
-rw-r--r-- root/root    237183 2021-10-15 21:25 opt/Simplenote/locales/ta.pak
-rw-r--r-- root/root    219870 2021-10-15 21:25 opt/Simplenote/locales/te.pak
-rw-r--r-- root/root    189111 2021-10-15 21:25 opt/Simplenote/locales/th.pak
-rw-r--r-- root/root     97422 2021-10-15 21:25 opt/Simplenote/locales/tr.pak
-rw-r--r-- root/root    163253 2021-10-15 21:25 opt/Simplenote/locales/uk.pak
-rw-r--r-- root/root    115172 2021-10-15 21:25 opt/Simplenote/locales/vi.pak
-rw-r--r-- root/root     85715 2021-10-15 21:25 opt/Simplenote/locales/zh-CN.pak
-rw-r--r-- root/root     85922 2021-10-15 21:25 opt/Simplenote/locales/zh-TW.pak
drwxr-xr-x root/root         0 2021-10-15 21:31 opt/Simplenote/resources/
-rw-r--r-- root/root   5148619 2021-10-15 21:25 opt/Simplenote/resources.pak
-rw-r--r-- root/root 148097349 2021-10-15 21:25 opt/Simplenote/resources/app.asar
-rwxr-xr-x root/root 136615040 2021-10-15 21:25 opt/Simplenote/simplenote
-rw-r--r-- root/root     47955 2021-10-15 21:25 opt/Simplenote/snapshot_blob.bin
drwxr-xr-x root/root         0 2021-10-15 21:31 opt/Simplenote/swiftshader/
-rwxr-xr-x root/root    265408 2021-10-15 21:25 opt/Simplenote/swiftshader/libEGL.so
-rwxr-xr-x root/root   2616208 2021-10-15 21:25 opt/Simplenote/swiftshader/libGLESv2.so
-rw-r--r-- root/root    164759 2021-10-15 21:25 opt/Simplenote/v8_context_snapshot.bin
-rw-r--r-- root/root       107 2021-10-15 21:25 opt/Simplenote/vk_swiftshader_icd.json
drwxr-xr-x root/root         0 2021-10-21 11:38 usr/
drwxr-xr-x root/root         0 2021-10-21 11:38 usr/doc/
drwxr-xr-x root/root         0 2021-10-21 11:38 usr/doc/simplenote-bin-2.21.0/
-rw-r--r-- root/root      1060 2021-10-15 21:25 usr/doc/simplenote-bin-2.21.0/LICENSE.electron.txt
-rw-r--r-- root/root   4978855 2021-10-15 21:25 usr/doc/simplenote-bin-2.21.0/LICENSES.chromium.html
-rw-r--r-- root/root       159 2021-10-15 21:31 usr/doc/simplenote-bin-2.21.0/changelog.gz
-rw-r--r-- root/root      2882 2021-10-21 11:38 usr/doc/simplenote-bin-2.21.0/simplenote-bin.SlackBuild
drwxr-xr-x root/root         0 2021-10-21 11:38 usr/share/
drwxr-xr-x root/root         0 2021-10-15 21:31 usr/share/applications/
-rw-r--r-- root/root       382 2021-10-15 21:31 usr/share/applications/simplenote.desktop
drwxr-xr-x root/root         0 2021-10-15 21:31 usr/share/icons/
drwxr-xr-x root/root         0 2021-10-15 21:31 usr/share/icons/hicolor/
drwxr-xr-x root/root         0 2021-10-15 21:31 usr/share/icons/hicolor/1024x1024/
drwxr-xr-x root/root         0 2021-10-15 21:31 usr/share/icons/hicolor/1024x1024/apps/
-rw-r--r-- root/root    194158 2021-10-15 21:25 usr/share/icons/hicolor/1024x1024/apps/simplenote.png
drwxr-xr-x root/root         0 2021-10-15 21:31 usr/share/icons/hicolor/128x128/
drwxr-xr-x root/root         0 2021-10-15 21:31 usr/share/icons/hicolor/128x128/apps/
-rw-r--r-- root/root     10520 2021-10-15 21:25 usr/share/icons/hicolor/128x128/apps/simplenote.png
drwxr-xr-x root/root         0 2021-10-15 21:31 usr/share/icons/hicolor/16x16/
drwxr-xr-x root/root         0 2021-10-15 21:31 usr/share/icons/hicolor/16x16/apps/
-rw-r--r-- root/root       890 2021-10-15 21:25 usr/share/icons/hicolor/16x16/apps/simplenote.png
drwxr-xr-x root/root         0 2021-10-15 21:31 usr/share/icons/hicolor/256x256/
drwxr-xr-x root/root         0 2021-10-15 21:31 usr/share/icons/hicolor/256x256/apps/
-rw-r--r-- root/root     26048 2021-10-15 21:25 usr/share/icons/hicolor/256x256/apps/simplenote.png
drwxr-xr-x root/root         0 2021-10-15 21:31 usr/share/icons/hicolor/32x32/
drwxr-xr-x root/root         0 2021-10-15 21:31 usr/share/icons/hicolor/32x32/apps/
-rw-r--r-- root/root      1687 2021-10-15 21:25 usr/share/icons/hicolor/32x32/apps/simplenote.png
drwxr-xr-x root/root         0 2021-10-15 21:31 usr/share/icons/hicolor/48x48/
drwxr-xr-x root/root         0 2021-10-15 21:31 usr/share/icons/hicolor/48x48/apps/
-rw-r--r-- root/root      4044 2021-10-15 21:25 usr/share/icons/hicolor/48x48/apps/simplenote.png
drwxr-xr-x root/root         0 2021-10-15 21:31 usr/share/icons/hicolor/512x512/
drwxr-xr-x root/root         0 2021-10-15 21:31 usr/share/icons/hicolor/512x512/apps/
-rw-r--r-- root/root     70987 2021-10-15 21:25 usr/share/icons/hicolor/512x512/apps/simplenote.png
drwxr-xr-x root/root         0 2021-10-15 21:31 usr/share/icons/hicolor/64x64/
drwxr-xr-x root/root         0 2021-10-15 21:31 usr/share/icons/hicolor/64x64/apps/
-rw-r--r-- root/root      3646 2021-10-15 21:25 usr/share/icons/hicolor/64x64/apps/simplenote.png


