++========================================
||
||   Package:  ./html5lib-python/html5lib-python-1.1-x86_64-1cf.txz
||
++========================================
drwxr-xr-x root/root         0 2020-06-23 08:36 ./
drwxr-xr-x root/root         0 2020-06-23 08:36 install/
-rw-r--r-- root/root       892 2020-06-23 08:36 install/slack-desc
drwxr-xr-x root/root         0 2020-06-23 08:36 usr/
drwxr-xr-x root/root         0 2020-06-23 08:36 usr/doc/
drwxr-xr-x root/root         0 2020-06-23 08:36 usr/doc/html5lib-python-1.1/
-rw-r--r-- root/root       983 2020-05-24 04:39 usr/doc/html5lib-python-1.1/AUTHORS.rst
-rw-r--r-- root/root     10274 2020-06-22 00:21 usr/doc/html5lib-python-1.1/CHANGES.rst
-rw-r--r-- root/root      1084 2013-05-17 16:18 usr/doc/html5lib-python-1.1/LICENSE
-rw-r--r-- root/root      4105 2020-06-10 03:34 usr/doc/html5lib-python-1.1/README.rst
-rw-r--r-- root/root      3214 2020-06-23 08:36 usr/doc/html5lib-python-1.1/html5lib-python.SlackBuild
drwxr-xr-x root/root         0 2020-06-23 08:36 usr/lib64/
drwxr-xr-x root/root         0 2020-06-23 08:36 usr/lib64/python3.8/
drwxr-xr-x root/root         0 2020-06-23 08:36 usr/lib64/python3.8/site-packages/
drwxr-xr-x root/root         0 2020-06-23 08:36 usr/lib64/python3.8/site-packages/html5lib/
drwxr-xr-x root/root         0 2020-06-23 08:36 usr/lib64/python3.8/site-packages/html5lib-1.1-py3.8.egg-info/
-rw-r--r-- root/root     19764 2020-06-23 08:36 usr/lib64/python3.8/site-packages/html5lib-1.1-py3.8.egg-info/PKG-INFO
-rw-r--r-- root/root      6473 2020-06-23 08:36 usr/lib64/python3.8/site-packages/html5lib-1.1-py3.8.egg-info/SOURCES.txt
-rw-r--r-- root/root         1 2020-06-23 08:36 usr/lib64/python3.8/site-packages/html5lib-1.1-py3.8.egg-info/dependency_links.txt
-rw-r--r-- root/root       203 2020-06-23 08:36 usr/lib64/python3.8/site-packages/html5lib-1.1-py3.8.egg-info/requires.txt
-rw-r--r-- root/root         9 2020-06-23 08:36 usr/lib64/python3.8/site-packages/html5lib-1.1-py3.8.egg-info/top_level.txt
-rw-r--r-- root/root      1143 2020-06-23 01:24 usr/lib64/python3.8/site-packages/html5lib/__init__.py
drwxr-xr-x root/root         0 2020-06-23 08:36 usr/lib64/python3.8/site-packages/html5lib/__pycache__/
-rw-r--r-- root/root      1251 2020-06-23 08:36 usr/lib64/python3.8/site-packages/html5lib/__pycache__/__init__.cpython-38.pyc
-rw-r--r-- root/root     13754 2020-06-23 08:36 usr/lib64/python3.8/site-packages/html5lib/__pycache__/_ihatexml.cpython-38.pyc
-rw-r--r-- root/root     21767 2020-06-23 08:36 usr/lib64/python3.8/site-packages/html5lib/__pycache__/_inputstream.cpython-38.pyc
-rw-r--r-- root/root     39844 2020-06-23 08:36 usr/lib64/python3.8/site-packages/html5lib/__pycache__/_tokenizer.cpython-38.pyc
-rw-r--r-- root/root      4759 2020-06-23 08:36 usr/lib64/python3.8/site-packages/html5lib/__pycache__/_utils.cpython-38.pyc
-rw-r--r-- root/root     66285 2020-06-23 08:36 usr/lib64/python3.8/site-packages/html5lib/__pycache__/constants.cpython-38.pyc
-rw-r--r-- root/root     91217 2020-06-23 08:36 usr/lib64/python3.8/site-packages/html5lib/__pycache__/html5parser.cpython-38.pyc
-rw-r--r-- root/root     10767 2020-06-23 08:36 usr/lib64/python3.8/site-packages/html5lib/__pycache__/serializer.cpython-38.pyc
-rw-r--r-- root/root     16728 2020-06-23 01:23 usr/lib64/python3.8/site-packages/html5lib/_ihatexml.py
-rw-r--r-- root/root     32300 2020-06-23 01:23 usr/lib64/python3.8/site-packages/html5lib/_inputstream.py
-rw-r--r-- root/root     77028 2020-06-23 01:23 usr/lib64/python3.8/site-packages/html5lib/_tokenizer.py
drwxr-xr-x root/root         0 2020-06-23 08:36 usr/lib64/python3.8/site-packages/html5lib/_trie/
-rw-r--r-- root/root       109 2020-06-23 01:23 usr/lib64/python3.8/site-packages/html5lib/_trie/__init__.py
drwxr-xr-x root/root         0 2020-06-23 08:36 usr/lib64/python3.8/site-packages/html5lib/_trie/__pycache__/
-rw-r--r-- root/root       306 2020-06-23 08:36 usr/lib64/python3.8/site-packages/html5lib/_trie/__pycache__/__init__.cpython-38.pyc
-rw-r--r-- root/root      1558 2020-06-23 08:36 usr/lib64/python3.8/site-packages/html5lib/_trie/__pycache__/_base.cpython-38.pyc
-rw-r--r-- root/root      2203 2020-06-23 08:36 usr/lib64/python3.8/site-packages/html5lib/_trie/__pycache__/py.cpython-38.pyc
-rw-r--r-- root/root      1013 2020-06-23 01:23 usr/lib64/python3.8/site-packages/html5lib/_trie/_base.py
-rw-r--r-- root/root      1763 2020-06-23 01:23 usr/lib64/python3.8/site-packages/html5lib/_trie/py.py
-rw-r--r-- root/root      4919 2020-06-23 01:23 usr/lib64/python3.8/site-packages/html5lib/_utils.py
-rw-r--r-- root/root     83464 2020-06-23 01:23 usr/lib64/python3.8/site-packages/html5lib/constants.py
drwxr-xr-x root/root         0 2020-06-23 08:36 usr/lib64/python3.8/site-packages/html5lib/filters/
-rw-r--r-- root/root         0 2020-05-23 01:44 usr/lib64/python3.8/site-packages/html5lib/filters/__init__.py
drwxr-xr-x root/root         0 2020-06-23 08:36 usr/lib64/python3.8/site-packages/html5lib/filters/__pycache__/
-rw-r--r-- root/root       154 2020-06-23 08:36 usr/lib64/python3.8/site-packages/html5lib/filters/__pycache__/__init__.cpython-38.pyc
-rw-r--r-- root/root      1276 2020-06-23 08:36 usr/lib64/python3.8/site-packages/html5lib/filters/__pycache__/alphabeticalattributes.cpython-38.pyc
-rw-r--r-- root/root       824 2020-06-23 08:36 usr/lib64/python3.8/site-packages/html5lib/filters/__pycache__/base.cpython-38.pyc
-rw-r--r-- root/root      1830 2020-06-23 08:36 usr/lib64/python3.8/site-packages/html5lib/filters/__pycache__/inject_meta_charset.cpython-38.pyc
-rw-r--r-- root/root      2576 2020-06-23 08:36 usr/lib64/python3.8/site-packages/html5lib/filters/__pycache__/lint.cpython-38.pyc
-rw-r--r-- root/root      2717 2020-06-23 08:36 usr/lib64/python3.8/site-packages/html5lib/filters/__pycache__/optionaltags.cpython-38.pyc
-rw-r--r-- root/root     16851 2020-06-23 08:36 usr/lib64/python3.8/site-packages/html5lib/filters/__pycache__/sanitizer.cpython-38.pyc
-rw-r--r-- root/root      1322 2020-06-23 08:36 usr/lib64/python3.8/site-packages/html5lib/filters/__pycache__/whitespace.cpython-38.pyc
-rw-r--r-- root/root       919 2020-06-23 01:23 usr/lib64/python3.8/site-packages/html5lib/filters/alphabeticalattributes.py
-rw-r--r-- root/root       286 2020-06-23 01:23 usr/lib64/python3.8/site-packages/html5lib/filters/base.py
-rw-r--r-- root/root      2945 2020-06-23 01:23 usr/lib64/python3.8/site-packages/html5lib/filters/inject_meta_charset.py
-rw-r--r-- root/root      3631 2020-06-23 01:23 usr/lib64/python3.8/site-packages/html5lib/filters/lint.py
-rw-r--r-- root/root     10588 2020-06-23 01:23 usr/lib64/python3.8/site-packages/html5lib/filters/optionaltags.py
-rw-r--r-- root/root     26885 2020-06-23 01:23 usr/lib64/python3.8/site-packages/html5lib/filters/sanitizer.py
-rw-r--r-- root/root      1214 2020-06-23 01:23 usr/lib64/python3.8/site-packages/html5lib/filters/whitespace.py
-rw-r--r-- root/root    117174 2020-06-23 01:23 usr/lib64/python3.8/site-packages/html5lib/html5parser.py
-rw-r--r-- root/root     15747 2020-06-23 01:23 usr/lib64/python3.8/site-packages/html5lib/serializer.py
drwxr-xr-x root/root         0 2020-06-23 08:36 usr/lib64/python3.8/site-packages/html5lib/treeadapters/
-rw-r--r-- root/root       650 2020-06-23 01:23 usr/lib64/python3.8/site-packages/html5lib/treeadapters/__init__.py
drwxr-xr-x root/root         0 2020-06-23 08:36 usr/lib64/python3.8/site-packages/html5lib/treeadapters/__pycache__/
-rw-r--r-- root/root       864 2020-06-23 08:36 usr/lib64/python3.8/site-packages/html5lib/treeadapters/__pycache__/__init__.cpython-38.pyc
-rw-r--r-- root/root      1499 2020-06-23 08:36 usr/lib64/python3.8/site-packages/html5lib/treeadapters/__pycache__/genshi.cpython-38.pyc
-rw-r--r-- root/root      1434 2020-06-23 08:36 usr/lib64/python3.8/site-packages/html5lib/treeadapters/__pycache__/sax.cpython-38.pyc
-rw-r--r-- root/root      1715 2020-06-23 01:23 usr/lib64/python3.8/site-packages/html5lib/treeadapters/genshi.py
-rw-r--r-- root/root      1776 2020-06-23 01:23 usr/lib64/python3.8/site-packages/html5lib/treeadapters/sax.py
drwxr-xr-x root/root         0 2020-06-23 08:36 usr/lib64/python3.8/site-packages/html5lib/treebuilders/
-rw-r--r-- root/root      3592 2020-06-23 01:23 usr/lib64/python3.8/site-packages/html5lib/treebuilders/__init__.py
drwxr-xr-x root/root         0 2020-06-23 08:36 usr/lib64/python3.8/site-packages/html5lib/treebuilders/__pycache__/
-rw-r--r-- root/root      3278 2020-06-23 08:36 usr/lib64/python3.8/site-packages/html5lib/treebuilders/__pycache__/__init__.cpython-38.pyc
-rw-r--r-- root/root     11279 2020-06-23 08:36 usr/lib64/python3.8/site-packages/html5lib/treebuilders/__pycache__/base.cpython-38.pyc
-rw-r--r-- root/root      9411 2020-06-23 08:36 usr/lib64/python3.8/site-packages/html5lib/treebuilders/__pycache__/dom.cpython-38.pyc
-rw-r--r-- root/root     11781 2020-06-23 08:36 usr/lib64/python3.8/site-packages/html5lib/treebuilders/__pycache__/etree.cpython-38.pyc
-rw-r--r-- root/root     12976 2020-06-23 08:36 usr/lib64/python3.8/site-packages/html5lib/treebuilders/__pycache__/etree_lxml.cpython-38.pyc
-rw-r--r-- root/root     14553 2020-06-23 01:23 usr/lib64/python3.8/site-packages/html5lib/treebuilders/base.py
-rw-r--r-- root/root      8925 2020-06-23 01:23 usr/lib64/python3.8/site-packages/html5lib/treebuilders/dom.py
-rw-r--r-- root/root     12824 2020-06-23 01:23 usr/lib64/python3.8/site-packages/html5lib/treebuilders/etree.py
-rw-r--r-- root/root     14754 2020-06-23 01:23 usr/lib64/python3.8/site-packages/html5lib/treebuilders/etree_lxml.py
drwxr-xr-x root/root         0 2020-06-23 08:36 usr/lib64/python3.8/site-packages/html5lib/treewalkers/
-rw-r--r-- root/root      5719 2020-06-23 01:23 usr/lib64/python3.8/site-packages/html5lib/treewalkers/__init__.py
drwxr-xr-x root/root         0 2020-06-23 08:36 usr/lib64/python3.8/site-packages/html5lib/treewalkers/__pycache__/
-rw-r--r-- root/root      3964 2020-06-23 08:36 usr/lib64/python3.8/site-packages/html5lib/treewalkers/__pycache__/__init__.cpython-38.pyc
-rw-r--r-- root/root      6959 2020-06-23 08:36 usr/lib64/python3.8/site-packages/html5lib/treewalkers/__pycache__/base.cpython-38.pyc
-rw-r--r-- root/root      1688 2020-06-23 08:36 usr/lib64/python3.8/site-packages/html5lib/treewalkers/__pycache__/dom.cpython-38.pyc
-rw-r--r-- root/root      3461 2020-06-23 08:36 usr/lib64/python3.8/site-packages/html5lib/treewalkers/__pycache__/etree.cpython-38.pyc
-rw-r--r-- root/root      6614 2020-06-23 08:36 usr/lib64/python3.8/site-packages/html5lib/treewalkers/__pycache__/etree_lxml.cpython-38.pyc
-rw-r--r-- root/root      1846 2020-06-23 08:36 usr/lib64/python3.8/site-packages/html5lib/treewalkers/__pycache__/genshi.cpython-38.pyc
-rw-r--r-- root/root      7476 2020-06-23 01:23 usr/lib64/python3.8/site-packages/html5lib/treewalkers/base.py
-rw-r--r-- root/root      1413 2020-06-23 01:23 usr/lib64/python3.8/site-packages/html5lib/treewalkers/dom.py
-rw-r--r-- root/root      4539 2020-06-23 01:23 usr/lib64/python3.8/site-packages/html5lib/treewalkers/etree.py
-rw-r--r-- root/root      6345 2020-06-23 01:23 usr/lib64/python3.8/site-packages/html5lib/treewalkers/etree_lxml.py
-rw-r--r-- root/root      2309 2020-06-23 01:23 usr/lib64/python3.8/site-packages/html5lib/treewalkers/genshi.py


