++========================================
||
||   Package:  ./node-cross-spawn/node-cross-spawn-7.0.3-x86_64-2cf.txz
||
++========================================
drwxr-xr-x root/root         0 2022-08-11 12:07 ./
drwxr-xr-x root/root         0 2022-08-11 12:07 install/
-rw-r--r-- root/root       366 2022-08-11 12:07 install/doinst.sh
-rw-r--r-- root/root       813 2022-08-11 12:07 install/slack-desc
drwxr-xr-x root/root         0 2022-08-11 12:07 usr/
drwxr-xr-x root/root         0 2022-08-11 12:07 usr/doc/
drwxr-xr-x root/root         0 2022-08-11 12:07 usr/doc/node-cross-spawn-7.0.3/
-rw-r--r-- root/root      3044 2022-08-11 12:07 usr/doc/node-cross-spawn-7.0.3/node-cross-spawn.SlackBuild
drwxr-xr-x root/root         0 2022-08-11 12:07 usr/lib64/
drwxr-xr-x root/root         0 2022-08-11 12:07 usr/lib64/node_modules/
drwxr-xr-x root/root         0 2022-08-11 12:07 usr/lib64/node_modules/cross-spawn/
-rw-r--r-- root/root      1105 2022-08-11 12:07 usr/lib64/node_modules/cross-spawn/LICENSE
-rw-r--r-- root/root      4728 2022-08-11 12:07 usr/lib64/node_modules/cross-spawn/README.md
-rw-r--r-- root/root      1192 2022-08-11 12:07 usr/lib64/node_modules/cross-spawn/index.js
drwxr-xr-x root/root         0 2022-08-11 12:07 usr/lib64/node_modules/cross-spawn/lib/
-rw-r--r-- root/root      1480 2022-08-11 12:07 usr/lib64/node_modules/cross-spawn/lib/enoent.js
-rw-r--r-- root/root      3065 2022-08-11 12:07 usr/lib64/node_modules/cross-spawn/lib/parse.js
drwxr-xr-x root/root         0 2022-08-11 12:07 usr/lib64/node_modules/cross-spawn/lib/util/
-rw-r--r-- root/root      1172 2022-08-11 12:07 usr/lib64/node_modules/cross-spawn/lib/util/escape.js
-rw-r--r-- root/root       549 2022-08-11 12:07 usr/lib64/node_modules/cross-spawn/lib/util/readShebang.js
-rw-r--r-- root/root      1557 2022-08-11 12:07 usr/lib64/node_modules/cross-spawn/lib/util/resolveCommand.js
drwxr-xr-x root/root         0 2022-08-11 12:07 usr/lib64/node_modules/cross-spawn/node_modules/
drwxr-xr-x root/root         0 2022-08-11 12:07 usr/lib64/node_modules/cross-spawn/node_modules/.bin/
drwxr-xr-x root/root         0 2022-08-11 12:07 usr/lib64/node_modules/cross-spawn/node_modules/isexe/
-rw-r--r-- root/root        23 2022-08-11 12:07 usr/lib64/node_modules/cross-spawn/node_modules/isexe/.npmignore
-rw-r--r-- root/root       765 2022-08-11 12:07 usr/lib64/node_modules/cross-spawn/node_modules/isexe/LICENSE
-rw-r--r-- root/root      1395 2022-08-11 12:07 usr/lib64/node_modules/cross-spawn/node_modules/isexe/README.md
-rw-r--r-- root/root      1192 2022-08-11 12:07 usr/lib64/node_modules/cross-spawn/node_modules/isexe/index.js
-rw-r--r-- root/root       909 2022-08-11 12:07 usr/lib64/node_modules/cross-spawn/node_modules/isexe/mode.js
-rw-r--r-- root/root       786 2022-08-11 12:07 usr/lib64/node_modules/cross-spawn/node_modules/isexe/package.json
drwxr-xr-x root/root         0 2022-08-11 12:07 usr/lib64/node_modules/cross-spawn/node_modules/isexe/test/
-rw-r--r-- root/root      4996 2022-08-11 12:07 usr/lib64/node_modules/cross-spawn/node_modules/isexe/test/basic.js
-rw-r--r-- root/root       890 2022-08-11 12:07 usr/lib64/node_modules/cross-spawn/node_modules/isexe/windows.js
drwxr-xr-x root/root         0 2022-08-11 12:07 usr/lib64/node_modules/cross-spawn/node_modules/path-key/
-rw-r--r-- root/root      1032 2022-08-11 12:07 usr/lib64/node_modules/cross-spawn/node_modules/path-key/index.d.ts
-rw-r--r-- root/root       415 2022-08-11 12:07 usr/lib64/node_modules/cross-spawn/node_modules/path-key/index.js
-rw-r--r-- root/root      1109 2022-08-11 12:07 usr/lib64/node_modules/cross-spawn/node_modules/path-key/license
-rw-r--r-- root/root       650 2022-08-11 12:07 usr/lib64/node_modules/cross-spawn/node_modules/path-key/package.json
-rw-r--r-- root/root      1347 2022-08-11 12:07 usr/lib64/node_modules/cross-spawn/node_modules/path-key/readme.md
drwxr-xr-x root/root         0 2022-08-11 12:07 usr/lib64/node_modules/cross-spawn/node_modules/shebang-command/
-rw-r--r-- root/root       387 2022-08-11 12:07 usr/lib64/node_modules/cross-spawn/node_modules/shebang-command/index.js
-rw-r--r-- root/root      1116 2022-08-11 12:07 usr/lib64/node_modules/cross-spawn/node_modules/shebang-command/license
-rw-r--r-- root/root       558 2022-08-11 12:07 usr/lib64/node_modules/cross-spawn/node_modules/shebang-command/package.json
-rw-r--r-- root/root       495 2022-08-11 12:07 usr/lib64/node_modules/cross-spawn/node_modules/shebang-command/readme.md
drwxr-xr-x root/root         0 2022-08-11 12:07 usr/lib64/node_modules/cross-spawn/node_modules/shebang-regex/
-rw-r--r-- root/root       446 2022-08-11 12:07 usr/lib64/node_modules/cross-spawn/node_modules/shebang-regex/index.d.ts
-rw-r--r-- root/root        42 2022-08-11 12:07 usr/lib64/node_modules/cross-spawn/node_modules/shebang-regex/index.js
-rw-r--r-- root/root      1109 2022-08-11 12:07 usr/lib64/node_modules/cross-spawn/node_modules/shebang-regex/license
-rw-r--r-- root/root       582 2022-08-11 12:07 usr/lib64/node_modules/cross-spawn/node_modules/shebang-regex/package.json
-rw-r--r-- root/root       649 2022-08-11 12:07 usr/lib64/node_modules/cross-spawn/node_modules/shebang-regex/readme.md
drwxr-xr-x root/root         0 2022-08-11 12:07 usr/lib64/node_modules/cross-spawn/node_modules/which/
-rw-r--r-- root/root      2667 2022-08-11 12:07 usr/lib64/node_modules/cross-spawn/node_modules/which/CHANGELOG.md
-rw-r--r-- root/root       765 2022-08-11 12:07 usr/lib64/node_modules/cross-spawn/node_modules/which/LICENSE
-rw-r--r-- root/root      1352 2022-08-11 12:07 usr/lib64/node_modules/cross-spawn/node_modules/which/README.md
drwxr-xr-x root/root         0 2022-08-11 12:07 usr/lib64/node_modules/cross-spawn/node_modules/which/bin/
-rwxr-xr-x root/root       985 2022-08-11 12:07 usr/lib64/node_modules/cross-spawn/node_modules/which/bin/node-which
-rw-r--r-- root/root      1043 2022-08-11 12:07 usr/lib64/node_modules/cross-spawn/node_modules/which/package.json
-rw-r--r-- root/root      3163 2022-08-11 12:07 usr/lib64/node_modules/cross-spawn/node_modules/which/which.js
-rw-r--r-- root/root      1655 2022-08-11 12:07 usr/lib64/node_modules/cross-spawn/package.json
drwxr-xr-x root/root         0 2022-08-11 12:07 usr/lib64/node_modules/root/
-rw-r--r-- root/root        69 2022-08-11 12:07 usr/lib64/node_modules/root/.travis.yml
-rw-r--r-- root/root      1078 2022-08-11 12:07 usr/lib64/node_modules/root/LICENSE
-rw-r--r-- root/root      3908 2022-08-11 12:07 usr/lib64/node_modules/root/README.md
-rw-r--r-- root/root      2693 2022-08-11 12:07 usr/lib64/node_modules/root/defaults.js
-rw-r--r-- root/root      7303 2022-08-11 12:07 usr/lib64/node_modules/root/index.js
drwxr-xr-x root/root         0 2022-08-11 12:07 usr/lib64/node_modules/root/node_modules/
drwxr-xr-x root/root         0 2022-08-11 12:07 usr/lib64/node_modules/root/node_modules/.bin/
drwxr-xr-x root/root         0 2022-08-11 12:07 usr/lib64/node_modules/root/node_modules/inherits/
-rw-r--r-- root/root       749 2022-08-11 12:07 usr/lib64/node_modules/root/node_modules/inherits/LICENSE
-rw-r--r-- root/root      1625 2022-08-11 12:07 usr/lib64/node_modules/root/node_modules/inherits/README.md
-rw-r--r-- root/root       250 2022-08-11 12:07 usr/lib64/node_modules/root/node_modules/inherits/inherits.js
-rw-r--r-- root/root       753 2022-08-11 12:07 usr/lib64/node_modules/root/node_modules/inherits/inherits_browser.js
-rw-r--r-- root/root       581 2022-08-11 12:07 usr/lib64/node_modules/root/node_modules/inherits/package.json
drwxr-xr-x root/root         0 2022-08-11 12:07 usr/lib64/node_modules/root/node_modules/murl/
-rw-r--r-- root/root      1124 2022-08-11 12:07 usr/lib64/node_modules/root/node_modules/murl/README.md
-rw-r--r-- root/root      2316 2022-08-11 12:07 usr/lib64/node_modules/root/node_modules/murl/index.js
-rw-r--r-- root/root       364 2022-08-11 12:07 usr/lib64/node_modules/root/node_modules/murl/package.json
drwxr-xr-x root/root         0 2022-08-11 12:07 usr/lib64/node_modules/root/node_modules/murl/tests/
-rwxr-xr-x root/root       884 2022-08-11 12:07 usr/lib64/node_modules/root/node_modules/murl/tests/index.js
-rw-r--r-- root/root       252 2022-08-11 12:07 usr/lib64/node_modules/root/node_modules/murl/tests/test-match-negative.js
-rw-r--r-- root/root       849 2022-08-11 12:07 usr/lib64/node_modules/root/node_modules/murl/tests/test-match-positive.js
-rw-r--r-- root/root       448 2022-08-11 12:07 usr/lib64/node_modules/root/node_modules/murl/tests/test-match-strict.js
-rw-r--r-- root/root       432 2022-08-11 12:07 usr/lib64/node_modules/root/node_modules/murl/tests/test-match.js
-rw-r--r-- root/root       656 2022-08-11 12:07 usr/lib64/node_modules/root/node_modules/murl/tests/test-replace.js
drwxr-xr-x root/root         0 2022-08-11 12:07 usr/lib64/node_modules/root/node_modules/network-address/
-rw-r--r-- root/root       373 2022-08-11 12:07 usr/lib64/node_modules/root/node_modules/network-address/README.md
-rwxr-xr-x root/root        55 2022-08-11 12:07 usr/lib64/node_modules/root/node_modules/network-address/cli.js
-rw-r--r-- root/root       312 2022-08-11 12:07 usr/lib64/node_modules/root/node_modules/network-address/index.js
-rw-r--r-- root/root       363 2022-08-11 12:07 usr/lib64/node_modules/root/node_modules/network-address/package.json
drwxr-xr-x root/root         0 2022-08-11 12:07 usr/lib64/node_modules/root/node_modules/protein/
-rw-r--r-- root/root      4235 2022-08-11 12:07 usr/lib64/node_modules/root/node_modules/protein/README.md
-rw-r--r-- root/root       456 2022-08-11 12:07 usr/lib64/node_modules/root/node_modules/protein/example.js
-rw-r--r-- root/root      1762 2022-08-11 12:07 usr/lib64/node_modules/root/node_modules/protein/index.js
-rw-r--r-- root/root       323 2022-08-11 12:07 usr/lib64/node_modules/root/node_modules/protein/package.json
drwxr-xr-x root/root         0 2022-08-11 12:07 usr/lib64/node_modules/root/node_modules/protein/tests/
-rwxr-xr-x root/root       876 2022-08-11 12:07 usr/lib64/node_modules/root/node_modules/protein/tests/index.js
-rw-r--r-- root/root       261 2022-08-11 12:07 usr/lib64/node_modules/root/node_modules/protein/tests/test-connect-compatible.js
-rw-r--r-- root/root       654 2022-08-11 12:07 usr/lib64/node_modules/root/node_modules/protein/tests/test-double-mixin.js
-rw-r--r-- root/root       364 2022-08-11 12:07 usr/lib64/node_modules/root/node_modules/protein/tests/test-getters-and-setters.js
-rw-r--r-- root/root       408 2022-08-11 12:07 usr/lib64/node_modules/root/node_modules/protein/tests/test-no-leaks.js
-rw-r--r-- root/root       300 2022-08-11 12:07 usr/lib64/node_modules/root/node_modules/protein/tests/test-prototypical.js
-rw-r--r-- root/root       268 2022-08-11 12:07 usr/lib64/node_modules/root/node_modules/protein/tests/test-simple-request.js
-rw-r--r-- root/root       273 2022-08-11 12:07 usr/lib64/node_modules/root/node_modules/protein/tests/test-simple-response.js
-rw-r--r-- root/root       515 2022-08-11 12:07 usr/lib64/node_modules/root/package.json
drwxr-xr-x root/root         0 2022-08-11 12:07 usr/lib64/node_modules/root/tests/
-rwxr-xr-x root/root      1008 2022-08-11 12:07 usr/lib64/node_modules/root/tests/index.js
-rw-r--r-- root/root       964 2022-08-11 12:07 usr/lib64/node_modules/root/tests/test-body-parsers.js
-rw-r--r-- root/root       850 2022-08-11 12:07 usr/lib64/node_modules/root/tests/test-errors.js
-rw-r--r-- root/root       534 2022-08-11 12:07 usr/lib64/node_modules/root/tests/test-flow-control.js
-rw-r--r-- root/root       916 2022-08-11 12:07 usr/lib64/node_modules/root/tests/test-fork.js
-rw-r--r-- root/root       742 2022-08-11 12:07 usr/lib64/node_modules/root/tests/test-match.js
-rw-r--r-- root/root       581 2022-08-11 12:07 usr/lib64/node_modules/root/tests/test-matches.js
-rw-r--r-- root/root       386 2022-08-11 12:07 usr/lib64/node_modules/root/tests/test-multi-listen.js
-rw-r--r-- root/root       652 2022-08-11 12:07 usr/lib64/node_modules/root/tests/test-plugins.js
-rw-r--r-- root/root       367 2022-08-11 12:07 usr/lib64/node_modules/root/tests/test-random-port-cluster.js
-rw-r--r-- root/root       303 2022-08-11 12:07 usr/lib64/node_modules/root/tests/test-random-port.js
-rw-r--r-- root/root       652 2022-08-11 12:07 usr/lib64/node_modules/root/tests/test-rewrite.js
-rw-r--r-- root/root       457 2022-08-11 12:07 usr/lib64/node_modules/root/tests/test-route-app.js
-rw-r--r-- root/root       607 2022-08-11 12:07 usr/lib64/node_modules/root/tests/test-route.js
-rw-r--r-- root/root      1175 2022-08-11 12:07 usr/lib64/node_modules/root/tests/test-routes.js
-rw-r--r-- root/root       508 2022-08-11 12:07 usr/lib64/node_modules/root/tests/test-sub-app-route.js
-rw-r--r-- root/root       933 2022-08-11 12:07 usr/lib64/node_modules/root/tests/test-urls.js


