++========================================
||
||   Package:  ./libstatgrab/libstatgrab-0.92-x86_64-1cf.txz
||
++========================================
drwxr-xr-x root/root         0 2020-03-19 10:56 ./
drwxr-xr-x root/root         0 2020-03-19 10:56 install/
-rw-r--r-- root/root       214 2020-03-19 10:56 install/doinst.sh
-rw-r--r-- root/root       980 2020-03-19 10:56 install/slack-desc
drwxr-xr-x root/root         0 2020-03-19 10:56 usr/
drwxr-xr-x root/root         0 2020-03-19 10:56 usr/bin/
-rwxr-xr-x root/root     27064 2020-03-19 10:56 usr/bin/saidar
-rwxr-xr-x root/root     31504 2020-03-19 10:56 usr/bin/statgrab
-rwxr-xr-x root/root      7148 2020-03-19 10:56 usr/bin/statgrab-make-mrtg-config
-rwxr-xr-x root/root      2433 2020-03-19 10:56 usr/bin/statgrab-make-mrtg-index
drwxr-xr-x root/root         0 2020-03-19 10:56 usr/doc/
drwxr-xr-x root/root         0 2020-03-19 10:56 usr/doc/libstatgrab-0.92/
-rw-r--r-- root/root       197 2019-07-16 18:05 usr/doc/libstatgrab-0.92/AUTHORS
-rw-r--r-- root/root     18092 2019-07-16 18:05 usr/doc/libstatgrab-0.92/COPYING
-rw-r--r-- root/root     26530 2019-07-16 18:05 usr/doc/libstatgrab-0.92/COPYING.LGPL
-rw-r--r-- root/root    286766 2019-07-16 18:06 usr/doc/libstatgrab-0.92/ChangeLog
-rw-r--r-- root/root     15756 2019-07-16 18:06 usr/doc/libstatgrab-0.92/INSTALL
-rw-r--r-- root/root     12203 2019-07-16 18:05 usr/doc/libstatgrab-0.92/NEWS
-rw-r--r-- root/root      1610 2019-07-16 18:05 usr/doc/libstatgrab-0.92/PLATFORMS
-rw-r--r-- root/root      3151 2019-07-16 18:05 usr/doc/libstatgrab-0.92/README
-rw-r--r-- root/root      3401 2020-03-19 10:56 usr/doc/libstatgrab-0.92/libstatgrab.SlackBuild
drwxr-xr-x root/root         0 2020-03-19 10:56 usr/include/
-rw-r--r-- root/root     14350 2020-03-19 10:56 usr/include/statgrab.h
drwxr-xr-x root/root         0 2020-03-19 10:56 usr/lib64/
-rwxr-xr-x root/root     82256 2020-03-19 10:56 usr/lib64/libstatgrab.so.10.0.1
drwxr-xr-x root/root         0 2020-03-19 10:56 usr/lib64/pkgconfig/
-rw-r--r-- root/root       230 2020-03-19 10:56 usr/lib64/pkgconfig/libstatgrab.pc
drwxr-xr-x root/root         0 2020-03-19 10:56 usr/man/
drwxr-xr-x root/root         0 2020-03-19 10:56 usr/man/man1/
-rw-r--r-- root/root      1083 2020-03-19 10:56 usr/man/man1/saidar.1.gz
-rw-r--r-- root/root       696 2020-03-19 10:56 usr/man/man1/statgrab-make-mrtg-config.1.gz
-rw-r--r-- root/root       616 2020-03-19 10:56 usr/man/man1/statgrab-make-mrtg-index.1.gz
-rw-r--r-- root/root      1006 2020-03-19 10:56 usr/man/man1/statgrab.1.gz
drwxr-xr-x root/root         0 2020-03-19 10:56 usr/man/man3/
-rw-r--r-- root/root      1771 2020-03-19 10:56 usr/man/man3/libstatgrab.3.gz
-rw-r--r-- root/root       724 2020-03-19 10:56 usr/man/man3/sg_clear_error.3.gz
-rw-r--r-- root/root      3237 2020-03-19 10:56 usr/man/man3/sg_comp_destroy.3.gz
-rw-r--r-- root/root      3237 2020-03-19 10:56 usr/man/man3/sg_comp_get_tls.3.gz
-rw-r--r-- root/root      3234 2020-03-19 10:56 usr/man/man3/sg_comp_init.3.gz
-rw-r--r-- root/root      2143 2020-03-19 10:56 usr/man/man3/sg_disk_io_compare_name.3.gz
-rw-r--r-- root/root      2146 2020-03-19 10:56 usr/man/man3/sg_disk_io_compare_traffic.3.gz
-rw-r--r-- root/root      1372 2020-03-19 10:56 usr/man/man3/sg_drop_privileges.3.gz
-rw-r--r-- root/root      1555 2020-03-19 10:56 usr/man/man3/sg_free_cpu_stats.3.gz
-rw-r--r-- root/root      2141 2020-03-19 10:56 usr/man/man3/sg_free_disk_io_stats.3.gz
-rw-r--r-- root/root      3220 2020-03-19 10:56 usr/man/man3/sg_free_fs_stats.3.gz
-rw-r--r-- root/root      1084 2020-03-19 10:56 usr/man/man3/sg_free_host_info.3.gz
-rw-r--r-- root/root       913 2020-03-19 10:56 usr/man/man3/sg_free_load_stats.3.gz
-rw-r--r-- root/root      1342 2020-03-19 10:56 usr/man/man3/sg_free_mem_stats.3.gz
-rw-r--r-- root/root      1641 2020-03-19 10:56 usr/man/man3/sg_free_network_iface_stats.3.gz
-rw-r--r-- root/root      1987 2020-03-19 10:56 usr/man/man3/sg_free_network_io_stats.3.gz
-rw-r--r-- root/root      1189 2020-03-19 10:56 usr/man/man3/sg_free_page_stats.3.gz
-rw-r--r-- root/root      2944 2020-03-19 10:56 usr/man/man3/sg_free_process_count.3.gz
-rw-r--r-- root/root      3378 2020-03-19 10:56 usr/man/man3/sg_free_stats_buf.3.gz
-rw-r--r-- root/root      1343 2020-03-19 10:56 usr/man/man3/sg_free_swap_stats.3.gz
-rw-r--r-- root/root      1240 2020-03-19 10:56 usr/man/man3/sg_free_user_stats.3.gz
-rw-r--r-- root/root      3229 2020-03-19 10:56 usr/man/man3/sg_fs_compare_device_name.3.gz
-rw-r--r-- root/root      3227 2020-03-19 10:56 usr/man/man3/sg_fs_compare_mnt_point.3.gz
-rw-r--r-- root/root      1557 2020-03-19 10:56 usr/man/man3/sg_get_cpu_percents.3.gz
-rw-r--r-- root/root      1560 2020-03-19 10:56 usr/man/man3/sg_get_cpu_percents_of.3.gz
-rw-r--r-- root/root      1559 2020-03-19 10:56 usr/man/man3/sg_get_cpu_percents_r.3.gz
-rw-r--r-- root/root      1554 2020-03-19 10:56 usr/man/man3/sg_get_cpu_stats.3.gz
-rw-r--r-- root/root      1559 2020-03-19 10:56 usr/man/man3/sg_get_cpu_stats_diff.3.gz
-rw-r--r-- root/root      1567 2020-03-19 10:56 usr/man/man3/sg_get_cpu_stats_diff_between.3.gz
-rw-r--r-- root/root      1556 2020-03-19 10:56 usr/man/man3/sg_get_cpu_stats_r.3.gz
-rw-r--r-- root/root      2140 2020-03-19 10:56 usr/man/man3/sg_get_disk_io_stats.3.gz
-rw-r--r-- root/root      2145 2020-03-19 10:56 usr/man/man3/sg_get_disk_io_stats_diff.3.gz
-rw-r--r-- root/root      2153 2020-03-19 10:56 usr/man/man3/sg_get_disk_io_stats_diff_between.3.gz
-rw-r--r-- root/root      2142 2020-03-19 10:56 usr/man/man3/sg_get_disk_io_stats_r.3.gz
-rw-r--r-- root/root      1429 2020-03-19 10:56 usr/man/man3/sg_get_error.3.gz
-rw-r--r-- root/root      1433 2020-03-19 10:56 usr/man/man3/sg_get_error_arg.3.gz
-rw-r--r-- root/root      1437 2020-03-19 10:56 usr/man/man3/sg_get_error_details.3.gz
-rw-r--r-- root/root      1435 2020-03-19 10:56 usr/man/man3/sg_get_error_errno.3.gz
-rw-r--r-- root/root      3219 2020-03-19 10:56 usr/man/man3/sg_get_fs_stats.3.gz
-rw-r--r-- root/root      3224 2020-03-19 10:56 usr/man/man3/sg_get_fs_stats_diff.3.gz
-rw-r--r-- root/root      3232 2020-03-19 10:56 usr/man/man3/sg_get_fs_stats_diff_between.3.gz
-rw-r--r-- root/root      3221 2020-03-19 10:56 usr/man/man3/sg_get_fs_stats_r.3.gz
-rw-r--r-- root/root      1083 2020-03-19 10:56 usr/man/man3/sg_get_host_info.3.gz
-rw-r--r-- root/root      1085 2020-03-19 10:56 usr/man/man3/sg_get_host_info_r.3.gz
-rw-r--r-- root/root       912 2020-03-19 10:56 usr/man/man3/sg_get_load_stats.3.gz
-rw-r--r-- root/root       914 2020-03-19 10:56 usr/man/man3/sg_get_load_stats_r.3.gz
-rw-r--r-- root/root      1341 2020-03-19 10:56 usr/man/man3/sg_get_mem_stats.3.gz
-rw-r--r-- root/root      1343 2020-03-19 10:56 usr/man/man3/sg_get_mem_stats_r.3.gz
-rw-r--r-- root/root      3377 2020-03-19 10:56 usr/man/man3/sg_get_nelements.3.gz
-rw-r--r-- root/root      1640 2020-03-19 10:56 usr/man/man3/sg_get_network_iface_stats.3.gz
-rw-r--r-- root/root      1642 2020-03-19 10:56 usr/man/man3/sg_get_network_iface_stats_r.3.gz
-rw-r--r-- root/root      1986 2020-03-19 10:56 usr/man/man3/sg_get_network_io_stats.3.gz
-rw-r--r-- root/root      1991 2020-03-19 10:56 usr/man/man3/sg_get_network_io_stats_diff.3.gz
-rw-r--r-- root/root      1999 2020-03-19 10:56 usr/man/man3/sg_get_network_io_stats_diff_between.3.gz
-rw-r--r-- root/root      1988 2020-03-19 10:56 usr/man/man3/sg_get_network_io_stats_r.3.gz
-rw-r--r-- root/root      1188 2020-03-19 10:56 usr/man/man3/sg_get_page_stats.3.gz
-rw-r--r-- root/root      1193 2020-03-19 10:56 usr/man/man3/sg_get_page_stats_diff.3.gz
-rw-r--r-- root/root      1201 2020-03-19 10:56 usr/man/man3/sg_get_page_stats_diff_between.3.gz
-rw-r--r-- root/root      1190 2020-03-19 10:56 usr/man/man3/sg_get_page_stats_r.3.gz
-rw-r--r-- root/root      2943 2020-03-19 10:56 usr/man/man3/sg_get_process_count.3.gz
-rw-r--r-- root/root      2946 2020-03-19 10:56 usr/man/man3/sg_get_process_count_of.3.gz
-rw-r--r-- root/root      2945 2020-03-19 10:56 usr/man/man3/sg_get_process_count_r.3.gz
-rw-r--r-- root/root      2943 2020-03-19 10:56 usr/man/man3/sg_get_process_stats.3.gz
-rw-r--r-- root/root      2945 2020-03-19 10:56 usr/man/man3/sg_get_process_stats_r.3.gz
-rw-r--r-- root/root      1342 2020-03-19 10:56 usr/man/man3/sg_get_swap_stats.3.gz
-rw-r--r-- root/root      1344 2020-03-19 10:56 usr/man/man3/sg_get_swap_stats_r.3.gz
-rw-r--r-- root/root      1239 2020-03-19 10:56 usr/man/man3/sg_get_user_stats.3.gz
-rw-r--r-- root/root      1241 2020-03-19 10:56 usr/man/man3/sg_get_user_stats_r.3.gz
-rw-r--r-- root/root      3228 2020-03-19 10:56 usr/man/man3/sg_get_valid_filesystems.3.gz
-rw-r--r-- root/root      3236 2020-03-19 10:56 usr/man/man3/sg_global_lock.3.gz
-rw-r--r-- root/root      3238 2020-03-19 10:56 usr/man/man3/sg_global_unlock.3.gz
-rw-r--r-- root/root      1361 2020-03-19 10:56 usr/man/man3/sg_init.3.gz
-rw-r--r-- root/root       738 2020-03-19 10:56 usr/man/man3/sg_internal-intro.3.gz
-rw-r--r-- root/root      2334 2020-03-19 10:56 usr/man/man3/sg_intro.3.gz
-rw-r--r-- root/root       599 2020-03-19 10:56 usr/man/man3/sg_lock_mutex.3.gz
-rw-r--r-- root/root      1643 2020-03-19 10:56 usr/man/man3/sg_network_iface_compare_name.3.gz
-rw-r--r-- root/root      1989 2020-03-19 10:56 usr/man/man3/sg_network_io_compare_name.3.gz
-rw-r--r-- root/root      2945 2020-03-19 10:56 usr/man/man3/sg_process_compare_cpu.3.gz
-rw-r--r-- root/root      2945 2020-03-19 10:56 usr/man/man3/sg_process_compare_gid.3.gz
-rw-r--r-- root/root      2946 2020-03-19 10:56 usr/man/man3/sg_process_compare_name.3.gz
-rw-r--r-- root/root      2945 2020-03-19 10:56 usr/man/man3/sg_process_compare_pid.3.gz
-rw-r--r-- root/root      2945 2020-03-19 10:56 usr/man/man3/sg_process_compare_res.3.gz
-rw-r--r-- root/root      2946 2020-03-19 10:56 usr/man/man3/sg_process_compare_size.3.gz
-rw-r--r-- root/root      2946 2020-03-19 10:56 usr/man/man3/sg_process_compare_time.3.gz
-rw-r--r-- root/root      2945 2020-03-19 10:56 usr/man/man3/sg_process_compare_uid.3.gz
-rw-r--r-- root/root      3376 2020-03-19 10:56 usr/man/man3/sg_prove_vector.3.gz
-rw-r--r-- root/root       722 2020-03-19 10:56 usr/man/man3/sg_set_error.3.gz
-rw-r--r-- root/root       733 2020-03-19 10:56 usr/man/man3/sg_set_error_with_errno.3.gz
-rw-r--r-- root/root       738 2020-03-19 10:56 usr/man/man3/sg_set_error_with_errno_code.3.gz
-rw-r--r-- root/root      3228 2020-03-19 10:56 usr/man/man3/sg_set_valid_filesystems.3.gz
-rw-r--r-- root/root      1365 2020-03-19 10:56 usr/man/man3/sg_shutdown.3.gz
-rw-r--r-- root/root      1365 2020-03-19 10:56 usr/man/man3/sg_snapshot.3.gz
-rw-r--r-- root/root      1429 2020-03-19 10:56 usr/man/man3/sg_str_error.3.gz
-rw-r--r-- root/root      1429 2020-03-19 10:56 usr/man/man3/sg_strperror.3.gz
-rw-r--r-- root/root       601 2020-03-19 10:56 usr/man/man3/sg_unlock_mutex.3.gz
-rw-r--r-- root/root      3376 2020-03-19 10:56 usr/man/man3/sg_vector_clear.3.gz
-rw-r--r-- root/root      3376 2020-03-19 10:56 usr/man/man3/sg_vector_clone.3.gz
-rw-r--r-- root/root      3381 2020-03-19 10:56 usr/man/man3/sg_vector_clone_into.3.gz
-rw-r--r-- root/root      3383 2020-03-19 10:56 usr/man/man3/sg_vector_compute_diff.3.gz
-rw-r--r-- root/root      3377 2020-03-19 10:56 usr/man/man3/sg_vector_create.3.gz
-rw-r--r-- root/root      3375 2020-03-19 10:56 usr/man/man3/sg_vector_free.3.gz
-rw-r--r-- root/root      3377 2020-03-19 10:56 usr/man/man3/sg_vector_resize.3.gz
-rw-r--r-- root/root      1768 2020-03-19 10:56 usr/man/man3/statgrab.3.gz


