++========================================
||
||   Package:  ./splitjob/splitjob-3.0-x86_64-1cf.txz
||
++========================================
drwxr-xr-x root/root         0 2020-11-24 15:27 ./
drwxr-xr-x root/root         0 2020-11-24 15:27 install/
-rw-r--r-- root/root       827 2020-11-24 15:27 install/slack-desc
drwxr-xr-x root/root         0 2020-11-24 15:27 usr/
drwxr-xr-x root/root         0 2020-11-24 15:27 usr/bin/
-rwxr-xr-x root/root     18664 2020-11-24 15:27 usr/bin/splitjob
drwxr-xr-x root/root         0 2020-11-24 15:27 usr/doc/
drwxr-xr-x root/root         0 2020-11-24 15:27 usr/doc/splitjob-3.0/
-rw-r--r-- root/root      1721 2020-04-08 12:39 usr/doc/splitjob-3.0/CHANGELOG
-rw-r--r-- root/root        47 2014-07-20 20:40 usr/doc/splitjob-3.0/CONTRIBUTORS
-rw-r--r-- root/root     17982 2014-07-20 00:10 usr/doc/splitjob-3.0/COPYING
-rw-r--r-- root/root      1770 2019-03-09 23:25 usr/doc/splitjob-3.0/README
-rw-r--r-- root/root        94 2014-07-20 20:40 usr/doc/splitjob-3.0/TODO
-rw-r--r-- root/root      3297 2020-11-24 15:27 usr/doc/splitjob-3.0/splitjob.SlackBuild
drwxr-xr-x root/root         0 2020-11-24 15:27 usr/man/
drwxr-xr-x root/root         0 2020-11-24 15:27 usr/man/man1/
-rw-r--r-- root/root      2004 2020-11-24 15:27 usr/man/man1/splitjob.1.gz
drwxr-xr-x root/root         0 2020-11-24 15:27 usr/share/
drwxr-xr-x root/root         0 2020-11-24 15:27 usr/share/locale/
drwxr-xr-x root/root         0 2020-11-24 15:27 usr/share/locale/sv/
drwxr-xr-x root/root         0 2020-11-24 15:27 usr/share/locale/sv/LC_MESSAGES/
-rw-r--r-- root/root      5593 2020-11-24 15:27 usr/share/locale/sv/LC_MESSAGES/splitjob.mo


