++========================================
||
||   Package:  ./distorm/distorm-3.5.2b-x86_64-3cf.txz
||
++========================================
drwxr-xr-x root/root         0 2021-11-05 09:59 ./
drwxr-xr-x root/root         0 2021-11-05 09:59 install/
-rw-r--r-- root/root       138 2021-11-05 09:59 install/doinst.sh
-rw-r--r-- root/root       837 2021-11-05 09:59 install/slack-desc
drwxr-xr-x root/root         0 2021-11-05 09:59 usr/
drwxr-xr-x root/root         0 2021-11-05 09:59 usr/doc/
drwxr-xr-x root/root         0 2021-11-05 09:59 usr/doc/distorm-3.5.2b/
-rw-r--r-- root/root      1535 2021-04-03 16:59 usr/doc/distorm-3.5.2b/COPYING
-rw-r--r-- root/root       838 2021-04-03 16:59 usr/doc/distorm-3.5.2b/README.md
-rw-r--r-- root/root      3205 2021-11-05 09:59 usr/doc/distorm-3.5.2b/distorm.SlackBuild
drwxr-xr-x root/root         0 2021-11-05 09:59 usr/include/
-rw-r--r-- root/root     20680 2021-11-05 09:59 usr/include/distorm.h
-rw-r--r-- root/root     22465 2021-11-05 09:59 usr/include/mnemonics.h
drwxr-xr-x root/root         0 2021-11-05 09:59 usr/lib64/
-rwxr-xr-x root/root     71040 2021-11-05 09:59 usr/lib64/libdistorm3.so.3.4.0
drwxr-xr-x root/root         0 2021-11-05 09:59 usr/lib64/python3.9/
drwxr-xr-x root/root         0 2021-11-05 09:59 usr/lib64/python3.9/site-packages/
-rwxr-xr-x root/root    203400 2021-11-05 09:59 usr/lib64/python3.9/site-packages/_distorm3.cpython-39-x86_64-linux-gnu.so
drwxr-xr-x root/root         0 2021-11-05 09:59 usr/lib64/python3.9/site-packages/distorm3/
drwxr-xr-x root/root         0 2021-11-05 09:59 usr/lib64/python3.9/site-packages/distorm3-3.5.2-py3.9.egg-info/
-rw-r--r-- root/root      1166 2021-11-05 09:59 usr/lib64/python3.9/site-packages/distorm3-3.5.2-py3.9.egg-info/PKG-INFO
-rw-r--r-- root/root       627 2021-11-05 09:59 usr/lib64/python3.9/site-packages/distorm3-3.5.2-py3.9.egg-info/SOURCES.txt
-rw-r--r-- root/root         1 2021-11-05 09:59 usr/lib64/python3.9/site-packages/distorm3-3.5.2-py3.9.egg-info/dependency_links.txt
-rw-r--r-- root/root        19 2021-11-05 09:59 usr/lib64/python3.9/site-packages/distorm3-3.5.2-py3.9.egg-info/top_level.txt
-rw-r--r-- root/root     25000 2021-04-03 16:59 usr/lib64/python3.9/site-packages/distorm3/__init__.py
-rw-r--r-- root/root      1649 2021-04-03 16:59 usr/lib64/python3.9/site-packages/distorm3/__main__.py
drwxr-xr-x root/root         0 2021-11-05 09:59 usr/lib64/python3.9/site-packages/distorm3/__pycache__/
-rw-r--r-- root/root     16636 2021-11-05 09:59 usr/lib64/python3.9/site-packages/distorm3/__pycache__/__init__.cpython-39.opt-1.pyc
-rw-r--r-- root/root     16636 2021-11-05 09:59 usr/lib64/python3.9/site-packages/distorm3/__pycache__/__init__.cpython-39.pyc
-rw-r--r-- root/root      1147 2021-11-05 09:59 usr/lib64/python3.9/site-packages/distorm3/__pycache__/__main__.cpython-39.opt-1.pyc
-rw-r--r-- root/root      1147 2021-11-05 09:59 usr/lib64/python3.9/site-packages/distorm3/__pycache__/__main__.cpython-39.pyc
-rw-r--r-- root/root     21409 2021-11-05 09:59 usr/lib64/python3.9/site-packages/distorm3/__pycache__/_generated.cpython-39.opt-1.pyc
-rw-r--r-- root/root     21409 2021-11-05 09:59 usr/lib64/python3.9/site-packages/distorm3/__pycache__/_generated.cpython-39.pyc
-rw-r--r-- root/root     22914 2021-04-03 16:59 usr/lib64/python3.9/site-packages/distorm3/_generated.py


