++========================================
||
||   Package:  ./node-less/node-less-4.1.1-x86_64-1cf.txz
||
++========================================
drwxr-xr-x root/root         0 2021-01-31 08:40 ./
drwxr-xr-x root/root         0 2021-01-31 08:40 install/
-rw-r--r-- root/root      1076 2021-01-31 08:40 install/doinst.sh
-rw-r--r-- root/root       904 2021-01-31 08:40 install/slack-desc
drwxr-xr-x root/root         0 2021-01-31 08:40 usr/
drwxr-xr-x root/root         0 2021-01-31 08:40 usr/bin/
drwxr-xr-x root/root         0 2021-01-31 08:40 usr/doc/
drwxr-xr-x root/root         0 2021-01-31 08:40 usr/doc/node-less-4.1.1/
-rw-r--r-- root/root      2304 2021-01-31 08:40 usr/doc/node-less-4.1.1/node-less.SlackBuild
drwxr-xr-x root/root         0 2021-01-31 08:40 usr/lib64/
drwxr-xr-x root/root         0 2021-01-31 08:40 usr/lib64/node_modules/
drwxr-xr-x root/root         0 2021-01-31 08:40 usr/lib64/node_modules/less/
-rw-r--r-- root/root        56 1985-10-26 09:15 usr/lib64/node_modules/less/.eslintignore
-rw-r--r-- root/root        41 1985-10-26 09:15 usr/lib64/node_modules/less/.eslintrc.json
-rw-r--r-- root/root     14448 1985-10-26 09:15 usr/lib64/node_modules/less/Gruntfile.js
-rw-r--r-- root/root       251 1985-10-26 09:15 usr/lib64/node_modules/less/README.md
drwxr-xr-x root/root         0 2021-01-31 08:40 usr/lib64/node_modules/less/bin/
-rwxr-xr-x root/root     16922 1985-10-26 09:15 usr/lib64/node_modules/less/bin/lessc
-rw-r--r-- root/root       309 1985-10-26 09:15 usr/lib64/node_modules/less/bower.json
drwxr-xr-x root/root         0 2021-01-31 08:40 usr/lib64/node_modules/less/dist/
-rw-r--r-- root/root    486007 1985-10-26 09:15 usr/lib64/node_modules/less/dist/less.js
-rw-r--r-- root/root    146113 1985-10-26 09:15 usr/lib64/node_modules/less/dist/less.min.js
-rw-r--r-- root/root    669678 1985-10-26 09:15 usr/lib64/node_modules/less/dist/less.min.js.map
-rw-r--r-- root/root        53 1985-10-26 09:15 usr/lib64/node_modules/less/index.js
drwxr-xr-x root/root         0 2021-01-31 08:40 usr/lib64/node_modules/less/lib/
drwxr-xr-x root/root         0 2021-01-31 08:40 usr/lib64/node_modules/less/lib/less/
drwxr-xr-x root/root         0 2021-01-31 08:40 usr/lib64/node_modules/less/lib/less-browser/
-rw-r--r-- root/root      1828 1985-10-26 09:15 usr/lib64/node_modules/less/lib/less-browser/add-default-options.js
-rw-r--r-- root/root      3192 1985-10-26 09:15 usr/lib64/node_modules/less/lib/less-browser/add-default-options.js.map
-rw-r--r-- root/root      2029 1985-10-26 09:15 usr/lib64/node_modules/less/lib/less-browser/bootstrap.js
-rw-r--r-- root/root      3638 1985-10-26 09:15 usr/lib64/node_modules/less/lib/less-browser/bootstrap.js.map
-rw-r--r-- root/root      2875 1985-10-26 09:15 usr/lib64/node_modules/less/lib/less-browser/browser.js
-rw-r--r-- root/root      4741 1985-10-26 09:15 usr/lib64/node_modules/less/lib/less-browser/browser.js.map
-rw-r--r-- root/root      1858 1985-10-26 09:15 usr/lib64/node_modules/less/lib/less-browser/cache.js
-rw-r--r-- root/root      3288 1985-10-26 09:15 usr/lib64/node_modules/less/lib/less-browser/cache.js.map
-rw-r--r-- root/root      6244 1985-10-26 09:15 usr/lib64/node_modules/less/lib/less-browser/error-reporting.js
-rw-r--r-- root/root     11258 1985-10-26 09:15 usr/lib64/node_modules/less/lib/less-browser/error-reporting.js.map
-rw-r--r-- root/root      4203 1985-10-26 09:15 usr/lib64/node_modules/less/lib/less-browser/file-manager.js
-rw-r--r-- root/root      7541 1985-10-26 09:15 usr/lib64/node_modules/less/lib/less-browser/file-manager.js.map
-rw-r--r-- root/root       935 1985-10-26 09:15 usr/lib64/node_modules/less/lib/less-browser/image-size.js
-rw-r--r-- root/root      1425 1985-10-26 09:15 usr/lib64/node_modules/less/lib/less-browser/image-size.js.map
-rw-r--r-- root/root     10586 1985-10-26 09:15 usr/lib64/node_modules/less/lib/less-browser/index.js
-rw-r--r-- root/root     18586 1985-10-26 09:15 usr/lib64/node_modules/less/lib/less-browser/index.js.map
-rw-r--r-- root/root      1544 1985-10-26 09:15 usr/lib64/node_modules/less/lib/less-browser/log-listener.js
-rw-r--r-- root/root      2726 1985-10-26 09:15 usr/lib64/node_modules/less/lib/less-browser/log-listener.js.map
-rw-r--r-- root/root       881 1985-10-26 09:15 usr/lib64/node_modules/less/lib/less-browser/plugin-loader.js
-rw-r--r-- root/root      1358 1985-10-26 09:15 usr/lib64/node_modules/less/lib/less-browser/plugin-loader.js.map
-rw-r--r-- root/root      1139 1985-10-26 09:15 usr/lib64/node_modules/less/lib/less-browser/utils.js
-rw-r--r-- root/root      2026 1985-10-26 09:15 usr/lib64/node_modules/less/lib/less-browser/utils.js.map
drwxr-xr-x root/root         0 2021-01-31 08:40 usr/lib64/node_modules/less/lib/less-node/
-rw-r--r-- root/root       693 1985-10-26 09:15 usr/lib64/node_modules/less/lib/less-node/environment.js
-rw-r--r-- root/root      1306 1985-10-26 09:15 usr/lib64/node_modules/less/lib/less-node/environment.js.map
-rw-r--r-- root/root      6291 1985-10-26 09:15 usr/lib64/node_modules/less/lib/less-node/file-manager.js
-rw-r--r-- root/root     10378 1985-10-26 09:15 usr/lib64/node_modules/less/lib/less-node/file-manager.js.map
-rw-r--r-- root/root       216 1985-10-26 09:15 usr/lib64/node_modules/less/lib/less-node/fs.js
-rw-r--r-- root/root       411 1985-10-26 09:15 usr/lib64/node_modules/less/lib/less-node/fs.js.map
-rw-r--r-- root/root      2311 1985-10-26 09:15 usr/lib64/node_modules/less/lib/less-node/image-size.js
-rw-r--r-- root/root      3870 1985-10-26 09:15 usr/lib64/node_modules/less/lib/less-node/image-size.js.map
-rw-r--r-- root/root      1134 1985-10-26 09:15 usr/lib64/node_modules/less/lib/less-node/index.js
-rw-r--r-- root/root      1625 1985-10-26 09:15 usr/lib64/node_modules/less/lib/less-node/index.js.map
-rw-r--r-- root/root      6481 1985-10-26 09:15 usr/lib64/node_modules/less/lib/less-node/lessc-helper.js
-rw-r--r-- root/root     10208 1985-10-26 09:15 usr/lib64/node_modules/less/lib/less-node/lessc-helper.js.map
-rw-r--r-- root/root      2013 1985-10-26 09:15 usr/lib64/node_modules/less/lib/less-node/plugin-loader.js
-rw-r--r-- root/root      3643 1985-10-26 09:15 usr/lib64/node_modules/less/lib/less-node/plugin-loader.js.map
-rw-r--r-- root/root      2601 1985-10-26 09:15 usr/lib64/node_modules/less/lib/less-node/url-file-manager.js
-rw-r--r-- root/root      4268 1985-10-26 09:15 usr/lib64/node_modules/less/lib/less-node/url-file-manager.js.map
-rw-r--r-- root/root       330 1985-10-26 09:15 usr/lib64/node_modules/less/lib/less/constants.js
-rw-r--r-- root/root       532 1985-10-26 09:15 usr/lib64/node_modules/less/lib/less/constants.js.map
-rw-r--r-- root/root      4378 1985-10-26 09:15 usr/lib64/node_modules/less/lib/less/contexts.js
-rw-r--r-- root/root      9809 1985-10-26 09:15 usr/lib64/node_modules/less/lib/less/contexts.js.map
drwxr-xr-x root/root         0 2021-01-31 08:40 usr/lib64/node_modules/less/lib/less/data/
-rw-r--r-- root/root      4267 1985-10-26 09:15 usr/lib64/node_modules/less/lib/less/data/colors.js
-rw-r--r-- root/root      7449 1985-10-26 09:15 usr/lib64/node_modules/less/lib/less/data/colors.js.map
-rw-r--r-- root/root       377 1985-10-26 09:15 usr/lib64/node_modules/less/lib/less/data/index.js
-rw-r--r-- root/root       351 1985-10-26 09:15 usr/lib64/node_modules/less/lib/less/data/index.js.map
-rw-r--r-- root/root       508 1985-10-26 09:15 usr/lib64/node_modules/less/lib/less/data/unit-conversions.js
-rw-r--r-- root/root      1011 1985-10-26 09:15 usr/lib64/node_modules/less/lib/less/data/unit-conversions.js.map
-rw-r--r-- root/root      3076 1985-10-26 09:15 usr/lib64/node_modules/less/lib/less/default-options.js
-rw-r--r-- root/root      3765 1985-10-26 09:15 usr/lib64/node_modules/less/lib/less/default-options.js.map
drwxr-xr-x root/root         0 2021-01-31 08:40 usr/lib64/node_modules/less/lib/less/environment/
-rw-r--r-- root/root      4721 1985-10-26 09:15 usr/lib64/node_modules/less/lib/less/environment/abstract-file-manager.js
-rw-r--r-- root/root      8454 1985-10-26 09:15 usr/lib64/node_modules/less/lib/less/environment/abstract-file-manager.js.map
-rw-r--r-- root/root      6444 1985-10-26 09:15 usr/lib64/node_modules/less/lib/less/environment/abstract-plugin-loader.js
-rw-r--r-- root/root     10883 1985-10-26 09:15 usr/lib64/node_modules/less/lib/less/environment/abstract-plugin-loader.js.map
-rw-r--r-- root/root       630 1985-10-26 09:15 usr/lib64/node_modules/less/lib/less/environment/environment-api.js
-rw-r--r-- root/root       915 1985-10-26 09:15 usr/lib64/node_modules/less/lib/less/environment/environment-api.js.map
-rw-r--r-- root/root      2450 1985-10-26 09:15 usr/lib64/node_modules/less/lib/less/environment/environment.js
-rw-r--r-- root/root      3939 1985-10-26 09:15 usr/lib64/node_modules/less/lib/less/environment/environment.js.map
-rw-r--r-- root/root      3558 1985-10-26 09:15 usr/lib64/node_modules/less/lib/less/environment/file-manager-api.js
-rw-r--r-- root/root      4381 1985-10-26 09:15 usr/lib64/node_modules/less/lib/less/environment/file-manager-api.js.map
drwxr-xr-x root/root         0 2021-01-31 08:40 usr/lib64/node_modules/less/lib/less/functions/
-rw-r--r-- root/root       991 1985-10-26 09:15 usr/lib64/node_modules/less/lib/less/functions/boolean.js
-rw-r--r-- root/root      1645 1985-10-26 09:15 usr/lib64/node_modules/less/lib/less/functions/boolean.js.map
-rw-r--r-- root/root      2105 1985-10-26 09:15 usr/lib64/node_modules/less/lib/less/functions/color-blending.js
-rw-r--r-- root/root      4736 1985-10-26 09:15 usr/lib64/node_modules/less/lib/less/functions/color-blending.js.map
-rw-r--r-- root/root     14012 1985-10-26 09:15 usr/lib64/node_modules/less/lib/less/functions/color.js
-rw-r--r-- root/root     28397 1985-10-26 09:15 usr/lib64/node_modules/less/lib/less/functions/color.js.map
-rw-r--r-- root/root      3235 1985-10-26 09:15 usr/lib64/node_modules/less/lib/less/functions/data-uri.js
-rw-r--r-- root/root      5266 1985-10-26 09:15 usr/lib64/node_modules/less/lib/less/functions/data-uri.js.map
-rw-r--r-- root/root       701 1985-10-26 09:15 usr/lib64/node_modules/less/lib/less/functions/default.js
-rw-r--r-- root/root      1246 1985-10-26 09:15 usr/lib64/node_modules/less/lib/less/functions/default.js.map
-rw-r--r-- root/root      1910 1985-10-26 09:15 usr/lib64/node_modules/less/lib/less/functions/function-caller.js
-rw-r--r-- root/root      3178 1985-10-26 09:15 usr/lib64/node_modules/less/lib/less/functions/function-caller.js.map
-rw-r--r-- root/root      1154 1985-10-26 09:15 usr/lib64/node_modules/less/lib/less/functions/function-registry.js
-rw-r--r-- root/root      2093 1985-10-26 09:15 usr/lib64/node_modules/less/lib/less/functions/function-registry.js.map
-rw-r--r-- root/root      1945 1985-10-26 09:15 usr/lib64/node_modules/less/lib/less/functions/index.js
-rw-r--r-- root/root      2155 1985-10-26 09:15 usr/lib64/node_modules/less/lib/less/functions/index.js.map
-rw-r--r-- root/root      5289 1985-10-26 09:15 usr/lib64/node_modules/less/lib/less/functions/list.js
-rw-r--r-- root/root      9401 1985-10-26 09:15 usr/lib64/node_modules/less/lib/less/functions/list.js.map
-rw-r--r-- root/root       583 1985-10-26 09:15 usr/lib64/node_modules/less/lib/less/functions/math-helper.js
-rw-r--r-- root/root       977 1985-10-26 09:15 usr/lib64/node_modules/less/lib/less/functions/math-helper.js.map
-rw-r--r-- root/root       819 1985-10-26 09:15 usr/lib64/node_modules/less/lib/less/functions/math.js
-rw-r--r-- root/root      1538 1985-10-26 09:15 usr/lib64/node_modules/less/lib/less/functions/math.js.map
-rw-r--r-- root/root      4137 1985-10-26 09:15 usr/lib64/node_modules/less/lib/less/functions/number.js
-rw-r--r-- root/root      7861 1985-10-26 09:15 usr/lib64/node_modules/less/lib/less/functions/number.js.map
-rw-r--r-- root/root      1901 1985-10-26 09:15 usr/lib64/node_modules/less/lib/less/functions/string.js
-rw-r--r-- root/root      3605 1985-10-26 09:15 usr/lib64/node_modules/less/lib/less/functions/string.js.map
-rw-r--r-- root/root      4378 1985-10-26 09:15 usr/lib64/node_modules/less/lib/less/functions/svg.js
-rw-r--r-- root/root      6659 1985-10-26 09:15 usr/lib64/node_modules/less/lib/less/functions/svg.js.map
-rw-r--r-- root/root      2706 1985-10-26 09:15 usr/lib64/node_modules/less/lib/less/functions/types.js
-rw-r--r-- root/root      4450 1985-10-26 09:15 usr/lib64/node_modules/less/lib/less/functions/types.js.map
-rw-r--r-- root/root      9223 1985-10-26 09:15 usr/lib64/node_modules/less/lib/less/import-manager.js
-rw-r--r-- root/root     14349 1985-10-26 09:15 usr/lib64/node_modules/less/lib/less/import-manager.js.map
-rw-r--r-- root/root      4342 1985-10-26 09:15 usr/lib64/node_modules/less/lib/less/index.js
-rw-r--r-- root/root      5670 1985-10-26 09:15 usr/lib64/node_modules/less/lib/less/index.js.map
-rw-r--r-- root/root      5268 1985-10-26 09:15 usr/lib64/node_modules/less/lib/less/less-error.js
-rw-r--r-- root/root      9827 1985-10-26 09:15 usr/lib64/node_modules/less/lib/less/less-error.js.map
-rw-r--r-- root/root      1034 1985-10-26 09:15 usr/lib64/node_modules/less/lib/less/logger.js
-rw-r--r-- root/root      2093 1985-10-26 09:15 usr/lib64/node_modules/less/lib/less/logger.js.map
-rw-r--r-- root/root      2840 1985-10-26 09:15 usr/lib64/node_modules/less/lib/less/parse-tree.js
-rw-r--r-- root/root      4510 1985-10-26 09:15 usr/lib64/node_modules/less/lib/less/parse-tree.js.map
-rw-r--r-- root/root      3681 1985-10-26 09:15 usr/lib64/node_modules/less/lib/less/parse.js
-rw-r--r-- root/root      5870 1985-10-26 09:15 usr/lib64/node_modules/less/lib/less/parse.js.map
drwxr-xr-x root/root         0 2021-01-31 08:40 usr/lib64/node_modules/less/lib/less/parser/
-rw-r--r-- root/root      5660 1985-10-26 09:15 usr/lib64/node_modules/less/lib/less/parser/chunker.js
-rw-r--r-- root/root      9621 1985-10-26 09:15 usr/lib64/node_modules/less/lib/less/parser/chunker.js.map
-rw-r--r-- root/root     13214 1985-10-26 09:15 usr/lib64/node_modules/less/lib/less/parser/parser-input.js
-rw-r--r-- root/root     24105 1985-10-26 09:15 usr/lib64/node_modules/less/lib/less/parser/parser-input.js.map
-rw-r--r-- root/root     94043 1985-10-26 09:15 usr/lib64/node_modules/less/lib/less/parser/parser.js
-rw-r--r-- root/root    154682 1985-10-26 09:15 usr/lib64/node_modules/less/lib/less/parser/parser.js.map
-rw-r--r-- root/root      4735 1985-10-26 09:15 usr/lib64/node_modules/less/lib/less/plugin-manager.js
-rw-r--r-- root/root      7607 1985-10-26 09:15 usr/lib64/node_modules/less/lib/less/plugin-manager.js.map
-rw-r--r-- root/root      1558 1985-10-26 09:15 usr/lib64/node_modules/less/lib/less/render.js
-rw-r--r-- root/root      2617 1985-10-26 09:15 usr/lib64/node_modules/less/lib/less/render.js.map
-rw-r--r-- root/root      3369 1985-10-26 09:15 usr/lib64/node_modules/less/lib/less/source-map-builder.js
-rw-r--r-- root/root      5208 1985-10-26 09:15 usr/lib64/node_modules/less/lib/less/source-map-builder.js.map
-rw-r--r-- root/root      6401 1985-10-26 09:15 usr/lib64/node_modules/less/lib/less/source-map-output.js
-rw-r--r-- root/root     11299 1985-10-26 09:15 usr/lib64/node_modules/less/lib/less/source-map-output.js.map
-rw-r--r-- root/root      3332 1985-10-26 09:15 usr/lib64/node_modules/less/lib/less/transform-tree.js
-rw-r--r-- root/root      5805 1985-10-26 09:15 usr/lib64/node_modules/less/lib/less/transform-tree.js.map
drwxr-xr-x root/root         0 2021-01-31 08:40 usr/lib64/node_modules/less/lib/less/tree/
-rw-r--r-- root/root      1257 1985-10-26 09:15 usr/lib64/node_modules/less/lib/less/tree/anonymous.js
-rw-r--r-- root/root      2391 1985-10-26 09:15 usr/lib64/node_modules/less/lib/less/tree/anonymous.js.map
-rw-r--r-- root/root       901 1985-10-26 09:15 usr/lib64/node_modules/less/lib/less/tree/assignment.js
-rw-r--r-- root/root      1682 1985-10-26 09:15 usr/lib64/node_modules/less/lib/less/tree/assignment.js.map
-rw-r--r-- root/root      5008 1985-10-26 09:15 usr/lib64/node_modules/less/lib/less/tree/atrule.js
-rw-r--r-- root/root      9487 1985-10-26 09:15 usr/lib64/node_modules/less/lib/less/tree/atrule.js.map
-rw-r--r-- root/root      1008 1985-10-26 09:15 usr/lib64/node_modules/less/lib/less/tree/attribute.js
-rw-r--r-- root/root      2150 1985-10-26 09:15 usr/lib64/node_modules/less/lib/less/tree/attribute.js.map
-rw-r--r-- root/root      3874 1985-10-26 09:15 usr/lib64/node_modules/less/lib/less/tree/call.js
-rw-r--r-- root/root      6796 1985-10-26 09:15 usr/lib64/node_modules/less/lib/less/tree/call.js.map
-rw-r--r-- root/root      7517 1985-10-26 09:15 usr/lib64/node_modules/less/lib/less/tree/color.js
-rw-r--r-- root/root     15913 1985-10-26 09:15 usr/lib64/node_modules/less/lib/less/tree/color.js.map
-rw-r--r-- root/root       851 1985-10-26 09:15 usr/lib64/node_modules/less/lib/less/tree/combinator.js
-rw-r--r-- root/root      1616 1985-10-26 09:15 usr/lib64/node_modules/less/lib/less/tree/combinator.js.map
-rw-r--r-- root/root       986 1985-10-26 09:15 usr/lib64/node_modules/less/lib/less/tree/comment.js
-rw-r--r-- root/root      1728 1985-10-26 09:15 usr/lib64/node_modules/less/lib/less/tree/comment.js.map
-rw-r--r-- root/root      1463 1985-10-26 09:15 usr/lib64/node_modules/less/lib/less/tree/condition.js
-rw-r--r-- root/root      2826 1985-10-26 09:15 usr/lib64/node_modules/less/lib/less/tree/condition.js.map
-rw-r--r-- root/root      1551 1985-10-26 09:15 usr/lib64/node_modules/less/lib/less/tree/debug-info.js
-rw-r--r-- root/root      2594 1985-10-26 09:15 usr/lib64/node_modules/less/lib/less/tree/debug-info.js.map
-rw-r--r-- root/root      3975 1985-10-26 09:15 usr/lib64/node_modules/less/lib/less/tree/declaration.js
-rw-r--r-- root/root      7945 1985-10-26 09:15 usr/lib64/node_modules/less/lib/less/tree/declaration.js.map
-rw-r--r-- root/root      1064 1985-10-26 09:15 usr/lib64/node_modules/less/lib/less/tree/detached-ruleset.js
-rw-r--r-- root/root      1850 1985-10-26 09:15 usr/lib64/node_modules/less/lib/less/tree/detached-ruleset.js.map
-rw-r--r-- root/root      5988 1985-10-26 09:15 usr/lib64/node_modules/less/lib/less/tree/dimension.js
-rw-r--r-- root/root     11231 1985-10-26 09:15 usr/lib64/node_modules/less/lib/less/tree/dimension.js.map
-rw-r--r-- root/root      2448 1985-10-26 09:15 usr/lib64/node_modules/less/lib/less/tree/element.js
-rw-r--r-- root/root      4666 1985-10-26 09:15 usr/lib64/node_modules/less/lib/less/tree/element.js.map
-rw-r--r-- root/root      2470 1985-10-26 09:15 usr/lib64/node_modules/less/lib/less/tree/expression.js
-rw-r--r-- root/root      4449 1985-10-26 09:15 usr/lib64/node_modules/less/lib/less/tree/expression.js.map
-rw-r--r-- root/root      2274 1985-10-26 09:15 usr/lib64/node_modules/less/lib/less/tree/extend.js
-rw-r--r-- root/root      4233 1985-10-26 09:15 usr/lib64/node_modules/less/lib/less/tree/extend.js.map
-rw-r--r-- root/root      6334 1985-10-26 09:15 usr/lib64/node_modules/less/lib/less/tree/import.js
-rw-r--r-- root/root     11721 1985-10-26 09:15 usr/lib64/node_modules/less/lib/less/tree/import.js.map
-rw-r--r-- root/root      3701 1985-10-26 09:15 usr/lib64/node_modules/less/lib/less/tree/index.js
-rw-r--r-- root/root      3071 1985-10-26 09:15 usr/lib64/node_modules/less/lib/less/tree/index.js.map
-rw-r--r-- root/root      1330 1985-10-26 09:15 usr/lib64/node_modules/less/lib/less/tree/javascript.js
-rw-r--r-- root/root      2115 1985-10-26 09:15 usr/lib64/node_modules/less/lib/less/tree/javascript.js.map
-rw-r--r-- root/root      2317 1985-10-26 09:15 usr/lib64/node_modules/less/lib/less/tree/js-eval-node.js
-rw-r--r-- root/root      4265 1985-10-26 09:15 usr/lib64/node_modules/less/lib/less/tree/js-eval-node.js.map
-rw-r--r-- root/root       643 1985-10-26 09:15 usr/lib64/node_modules/less/lib/less/tree/keyword.js
-rw-r--r-- root/root      1125 1985-10-26 09:15 usr/lib64/node_modules/less/lib/less/tree/keyword.js.map
-rw-r--r-- root/root      5265 1985-10-26 09:15 usr/lib64/node_modules/less/lib/less/tree/media.js
-rw-r--r-- root/root     10294 1985-10-26 09:15 usr/lib64/node_modules/less/lib/less/tree/media.js.map
-rw-r--r-- root/root      8111 1985-10-26 09:15 usr/lib64/node_modules/less/lib/less/tree/mixin-call.js
-rw-r--r-- root/root     15216 1985-10-26 09:15 usr/lib64/node_modules/less/lib/less/tree/mixin-call.js.map
-rw-r--r-- root/root      8779 1985-10-26 09:15 usr/lib64/node_modules/less/lib/less/tree/mixin-definition.js
-rw-r--r-- root/root     16713 1985-10-26 09:15 usr/lib64/node_modules/less/lib/less/tree/mixin-definition.js.map
-rw-r--r-- root/root      2985 1985-10-26 09:15 usr/lib64/node_modules/less/lib/less/tree/namespace-value.js
-rw-r--r-- root/root      5355 1985-10-26 09:15 usr/lib64/node_modules/less/lib/less/tree/namespace-value.js.map
-rw-r--r-- root/root       869 1985-10-26 09:15 usr/lib64/node_modules/less/lib/less/tree/negative.js
-rw-r--r-- root/root      1435 1985-10-26 09:15 usr/lib64/node_modules/less/lib/less/tree/negative.js.map
-rw-r--r-- root/root      5649 1985-10-26 09:15 usr/lib64/node_modules/less/lib/less/tree/node.js
-rw-r--r-- root/root      9824 1985-10-26 09:15 usr/lib64/node_modules/less/lib/less/tree/node.js.map
-rw-r--r-- root/root      2120 1985-10-26 09:15 usr/lib64/node_modules/less/lib/less/tree/operation.js
-rw-r--r-- root/root      4031 1985-10-26 09:15 usr/lib64/node_modules/less/lib/less/tree/operation.js.map
-rw-r--r-- root/root       590 1985-10-26 09:15 usr/lib64/node_modules/less/lib/less/tree/paren.js
-rw-r--r-- root/root      1059 1985-10-26 09:15 usr/lib64/node_modules/less/lib/less/tree/paren.js.map
-rw-r--r-- root/root      2300 1985-10-26 09:15 usr/lib64/node_modules/less/lib/less/tree/property.js
-rw-r--r-- root/root      4640 1985-10-26 09:15 usr/lib64/node_modules/less/lib/less/tree/property.js.map
-rw-r--r-- root/root      2729 1985-10-26 09:15 usr/lib64/node_modules/less/lib/less/tree/quoted.js
-rw-r--r-- root/root      5311 1985-10-26 09:15 usr/lib64/node_modules/less/lib/less/tree/quoted.js.map
-rw-r--r-- root/root     31855 1985-10-26 09:15 usr/lib64/node_modules/less/lib/less/tree/ruleset.js
-rw-r--r-- root/root     57367 1985-10-26 09:15 usr/lib64/node_modules/less/lib/less/tree/ruleset.js.map
-rw-r--r-- root/root      4834 1985-10-26 09:15 usr/lib64/node_modules/less/lib/less/tree/selector.js
-rw-r--r-- root/root      9650 1985-10-26 09:15 usr/lib64/node_modules/less/lib/less/tree/selector.js.map
-rw-r--r-- root/root       421 1985-10-26 09:15 usr/lib64/node_modules/less/lib/less/tree/unicode-descriptor.js
-rw-r--r-- root/root       630 1985-10-26 09:15 usr/lib64/node_modules/less/lib/less/tree/unicode-descriptor.js.map
-rw-r--r-- root/root      4382 1985-10-26 09:15 usr/lib64/node_modules/less/lib/less/tree/unit.js
-rw-r--r-- root/root      8452 1985-10-26 09:15 usr/lib64/node_modules/less/lib/less/tree/unit.js.map
-rw-r--r-- root/root      2147 1985-10-26 09:15 usr/lib64/node_modules/less/lib/less/tree/url.js
-rw-r--r-- root/root      4123 1985-10-26 09:15 usr/lib64/node_modules/less/lib/less/tree/url.js.map
-rw-r--r-- root/root      1249 1985-10-26 09:15 usr/lib64/node_modules/less/lib/less/tree/value.js
-rw-r--r-- root/root      2468 1985-10-26 09:15 usr/lib64/node_modules/less/lib/less/tree/value.js.map
-rw-r--r-- root/root      1771 1985-10-26 09:15 usr/lib64/node_modules/less/lib/less/tree/variable-call.js
-rw-r--r-- root/root      2803 1985-10-26 09:15 usr/lib64/node_modules/less/lib/less/tree/variable-call.js.map
-rw-r--r-- root/root      2191 1985-10-26 09:15 usr/lib64/node_modules/less/lib/less/tree/variable.js
-rw-r--r-- root/root      4131 1985-10-26 09:15 usr/lib64/node_modules/less/lib/less/tree/variable.js.map
-rw-r--r-- root/root      3623 1985-10-26 09:15 usr/lib64/node_modules/less/lib/less/utils.js
-rw-r--r-- root/root      6663 1985-10-26 09:15 usr/lib64/node_modules/less/lib/less/utils.js.map
drwxr-xr-x root/root         0 2021-01-31 08:40 usr/lib64/node_modules/less/lib/less/visitors/
-rw-r--r-- root/root     23143 1985-10-26 09:15 usr/lib64/node_modules/less/lib/less/visitors/extend-visitor.js
-rw-r--r-- root/root     37725 1985-10-26 09:15 usr/lib64/node_modules/less/lib/less/visitors/extend-visitor.js.map
-rw-r--r-- root/root      1959 1985-10-26 09:15 usr/lib64/node_modules/less/lib/less/visitors/import-sequencer.js
-rw-r--r-- root/root      3365 1985-10-26 09:15 usr/lib64/node_modules/less/lib/less/visitors/import-sequencer.js.map
-rw-r--r-- root/root      6700 1985-10-26 09:15 usr/lib64/node_modules/less/lib/less/visitors/import-visitor.js
-rw-r--r-- root/root     12290 1985-10-26 09:15 usr/lib64/node_modules/less/lib/less/visitors/import-visitor.js.map
-rw-r--r-- root/root       948 1985-10-26 09:15 usr/lib64/node_modules/less/lib/less/visitors/index.js
-rw-r--r-- root/root       811 1985-10-26 09:15 usr/lib64/node_modules/less/lib/less/visitors/index.js.map
-rw-r--r-- root/root      2369 1985-10-26 09:15 usr/lib64/node_modules/less/lib/less/visitors/join-selector-visitor.js
-rw-r--r-- root/root      3865 1985-10-26 09:15 usr/lib64/node_modules/less/lib/less/visitors/join-selector-visitor.js.map
-rw-r--r-- root/root      1256 1985-10-26 09:15 usr/lib64/node_modules/less/lib/less/visitors/set-tree-visibility-visitor.js
-rw-r--r-- root/root      2057 1985-10-26 09:15 usr/lib64/node_modules/less/lib/less/visitors/set-tree-visibility-visitor.js.map
-rw-r--r-- root/root     12364 1985-10-26 09:15 usr/lib64/node_modules/less/lib/less/visitors/to-css-visitor.js
-rw-r--r-- root/root     22450 1985-10-26 09:15 usr/lib64/node_modules/less/lib/less/visitors/to-css-visitor.js.map
-rw-r--r-- root/root      4658 1985-10-26 09:15 usr/lib64/node_modules/less/lib/less/visitors/visitor.js
-rw-r--r-- root/root      8684 1985-10-26 09:15 usr/lib64/node_modules/less/lib/less/visitors/visitor.js.map
drwxr-xr-x root/root         0 2021-01-31 08:40 usr/lib64/node_modules/less/node_modules/
drwxr-xr-x root/root         0 2021-01-31 08:40 usr/lib64/node_modules/less/node_modules/.bin/
drwxr-xr-x root/root         0 2021-01-31 08:40 usr/lib64/node_modules/less/node_modules/copy-anything/
-rw-r--r-- root/root       178 1985-10-26 09:15 usr/lib64/node_modules/less/node_modules/copy-anything/.eslintignore
-rw-r--r-- root/root       604 1985-10-26 09:15 usr/lib64/node_modules/less/node_modules/copy-anything/.eslintrc.js
drwxr-xr-x root/root         0 2021-01-31 08:40 usr/lib64/node_modules/less/node_modules/copy-anything/.github/
-rw-r--r-- root/root       642 1985-10-26 09:15 usr/lib64/node_modules/less/node_modules/copy-anything/.github/FUNDING.yml
-rw-r--r-- root/root       163 1985-10-26 09:15 usr/lib64/node_modules/less/node_modules/copy-anything/.prettierrc
-rw-r--r-- root/root      1076 1985-10-26 09:15 usr/lib64/node_modules/less/node_modules/copy-anything/LICENSE
-rw-r--r-- root/root      3865 1985-10-26 09:15 usr/lib64/node_modules/less/node_modules/copy-anything/README.md
drwxr-xr-x root/root         0 2021-01-31 08:40 usr/lib64/node_modules/less/node_modules/copy-anything/build/
-rw-r--r-- root/root      2042 1985-10-26 09:15 usr/lib64/node_modules/less/node_modules/copy-anything/build/rollup.js
drwxr-xr-x root/root         0 2021-01-31 08:40 usr/lib64/node_modules/less/node_modules/copy-anything/dist/
-rw-r--r-- root/root      2924 1985-10-26 09:15 usr/lib64/node_modules/less/node_modules/copy-anything/dist/index.cjs.js
-rw-r--r-- root/root      2837 1985-10-26 09:15 usr/lib64/node_modules/less/node_modules/copy-anything/dist/index.esm.js
-rw-r--r-- root/root      1527 1985-10-26 09:15 usr/lib64/node_modules/less/node_modules/copy-anything/package.json
drwxr-xr-x root/root         0 2021-01-31 08:40 usr/lib64/node_modules/less/node_modules/copy-anything/src/
-rw-r--r-- root/root      1736 1985-10-26 09:15 usr/lib64/node_modules/less/node_modules/copy-anything/src/index.ts
drwxr-xr-x root/root         0 2021-01-31 08:40 usr/lib64/node_modules/less/node_modules/copy-anything/test/
-rw-r--r-- root/root      6706 1985-10-26 09:15 usr/lib64/node_modules/less/node_modules/copy-anything/test/index.ts
-rw-r--r-- root/root       225 1985-10-26 09:15 usr/lib64/node_modules/less/node_modules/copy-anything/tsconfig.json
drwxr-xr-x root/root         0 2021-01-31 08:40 usr/lib64/node_modules/less/node_modules/copy-anything/types/
-rw-r--r-- root/root       591 1985-10-26 09:15 usr/lib64/node_modules/less/node_modules/copy-anything/types/index.d.ts
drwxr-xr-x root/root         0 2021-01-31 08:40 usr/lib64/node_modules/less/node_modules/debug/
-rw-r--r-- root/root     12950 1985-10-26 09:15 usr/lib64/node_modules/less/node_modules/debug/CHANGELOG.md
-rw-r--r-- root/root      1107 1985-10-26 09:15 usr/lib64/node_modules/less/node_modules/debug/LICENSE
-rw-r--r-- root/root     21045 1985-10-26 09:15 usr/lib64/node_modules/less/node_modules/debug/README.md
-rw-r--r-- root/root        40 1985-10-26 09:15 usr/lib64/node_modules/less/node_modules/debug/node.js
-rw-r--r-- root/root      1153 1985-10-26 09:15 usr/lib64/node_modules/less/node_modules/debug/package.json
drwxr-xr-x root/root         0 2021-01-31 08:40 usr/lib64/node_modules/less/node_modules/debug/src/
-rw-r--r-- root/root      6285 1985-10-26 09:15 usr/lib64/node_modules/less/node_modules/debug/src/browser.js
-rw-r--r-- root/root      5929 1985-10-26 09:15 usr/lib64/node_modules/less/node_modules/debug/src/common.js
-rw-r--r-- root/root       331 1985-10-26 09:15 usr/lib64/node_modules/less/node_modules/debug/src/index.js
-rw-r--r-- root/root      4415 1985-10-26 09:15 usr/lib64/node_modules/less/node_modules/debug/src/node.js
drwxr-xr-x root/root         0 2021-01-31 08:40 usr/lib64/node_modules/less/node_modules/errno/
-rw-r--r-- root/root      1147 1985-10-26 09:15 usr/lib64/node_modules/less/node_modules/errno/.jshintrc
-rw-r--r-- root/root       130 1985-10-26 09:15 usr/lib64/node_modules/less/node_modules/errno/.travis.yml
-rw-r--r-- root/root      4701 1985-10-26 09:15 usr/lib64/node_modules/less/node_modules/errno/README.md
-rwxr-xr-x root/root      1139 1985-10-26 09:15 usr/lib64/node_modules/less/node_modules/errno/build.js
-rwxr-xr-x root/root       440 1985-10-26 09:15 usr/lib64/node_modules/less/node_modules/errno/cli.js
-rw-r--r-- root/root      1663 1985-10-26 09:15 usr/lib64/node_modules/less/node_modules/errno/custom.js
-rw-r--r-- root/root      5610 1985-10-26 09:15 usr/lib64/node_modules/less/node_modules/errno/errno.js
-rw-r--r-- root/root       629 1985-10-26 09:15 usr/lib64/node_modules/less/node_modules/errno/package.json
-rw-r--r-- root/root      2642 1985-10-26 09:15 usr/lib64/node_modules/less/node_modules/errno/test.js
drwxr-xr-x root/root         0 2021-01-31 08:40 usr/lib64/node_modules/less/node_modules/graceful-fs/
-rw-r--r-- root/root       781 1985-10-26 09:15 usr/lib64/node_modules/less/node_modules/graceful-fs/LICENSE
-rw-r--r-- root/root      4454 1985-10-26 09:15 usr/lib64/node_modules/less/node_modules/graceful-fs/README.md
-rw-r--r-- root/root       401 1985-10-26 09:15 usr/lib64/node_modules/less/node_modules/graceful-fs/clone.js
-rw-r--r-- root/root      8965 1985-10-26 09:15 usr/lib64/node_modules/less/node_modules/graceful-fs/graceful-fs.js
-rw-r--r-- root/root      2655 1985-10-26 09:15 usr/lib64/node_modules/less/node_modules/graceful-fs/legacy-streams.js
-rw-r--r-- root/root       964 1985-10-26 09:15 usr/lib64/node_modules/less/node_modules/graceful-fs/package.json
-rw-r--r-- root/root      9519 1985-10-26 09:15 usr/lib64/node_modules/less/node_modules/graceful-fs/polyfills.js
drwxr-xr-x root/root         0 2021-01-31 08:40 usr/lib64/node_modules/less/node_modules/iconv-lite/
-rw-r--r-- root/root      4342 2018-08-22 22:02 usr/lib64/node_modules/less/node_modules/iconv-lite/Changelog.md
-rw-r--r-- root/root      1064 2016-01-19 00:22 usr/lib64/node_modules/less/node_modules/iconv-lite/LICENSE
-rw-r--r-- root/root      6534 2018-08-22 22:00 usr/lib64/node_modules/less/node_modules/iconv-lite/README.md
drwxr-xr-x root/root         0 2021-01-31 08:40 usr/lib64/node_modules/less/node_modules/iconv-lite/encodings/
-rw-r--r-- root/root     21415 2018-08-22 22:00 usr/lib64/node_modules/less/node_modules/iconv-lite/encodings/dbcs-codec.js
-rw-r--r-- root/root      8291 2018-08-22 22:00 usr/lib64/node_modules/less/node_modules/iconv-lite/encodings/dbcs-data.js
-rw-r--r-- root/root       710 2018-08-22 22:00 usr/lib64/node_modules/less/node_modules/iconv-lite/encodings/index.js
-rw-r--r-- root/root      6115 2018-08-22 22:00 usr/lib64/node_modules/less/node_modules/iconv-lite/encodings/internal.js
-rw-r--r-- root/root      2191 2018-08-22 22:00 usr/lib64/node_modules/less/node_modules/iconv-lite/encodings/sbcs-codec.js
-rw-r--r-- root/root     32034 2018-08-22 22:00 usr/lib64/node_modules/less/node_modules/iconv-lite/encodings/sbcs-data-generated.js
-rw-r--r-- root/root      4686 2018-08-22 22:00 usr/lib64/node_modules/less/node_modules/iconv-lite/encodings/sbcs-data.js
drwxr-xr-x root/root         0 2021-01-31 08:40 usr/lib64/node_modules/less/node_modules/iconv-lite/encodings/tables/
-rw-r--r-- root/root     17717 2016-01-19 00:22 usr/lib64/node_modules/less/node_modules/iconv-lite/encodings/tables/big5-added.json
-rw-r--r-- root/root     47320 2016-01-19 00:22 usr/lib64/node_modules/less/node_modules/iconv-lite/encodings/tables/cp936.json
-rw-r--r-- root/root     38122 2016-01-19 00:22 usr/lib64/node_modules/less/node_modules/iconv-lite/encodings/tables/cp949.json
-rw-r--r-- root/root     42356 2016-01-19 00:22 usr/lib64/node_modules/less/node_modules/iconv-lite/encodings/tables/cp950.json
-rw-r--r-- root/root     41064 2016-01-19 00:22 usr/lib64/node_modules/less/node_modules/iconv-lite/encodings/tables/eucjp.json
-rw-r--r-- root/root      2216 2016-01-19 00:22 usr/lib64/node_modules/less/node_modules/iconv-lite/encodings/tables/gb18030-ranges.json
-rw-r--r-- root/root      1227 2016-01-19 00:22 usr/lib64/node_modules/less/node_modules/iconv-lite/encodings/tables/gbk-added.json
-rw-r--r-- root/root     23782 2016-01-19 00:22 usr/lib64/node_modules/less/node_modules/iconv-lite/encodings/tables/shiftjis.json
-rw-r--r-- root/root      5011 2018-08-22 22:00 usr/lib64/node_modules/less/node_modules/iconv-lite/encodings/utf16.js
-rw-r--r-- root/root      9215 2018-08-22 22:00 usr/lib64/node_modules/less/node_modules/iconv-lite/encodings/utf7.js
drwxr-xr-x root/root         0 2021-01-31 08:40 usr/lib64/node_modules/less/node_modules/iconv-lite/lib/
-rw-r--r-- root/root      1109 2018-08-22 22:00 usr/lib64/node_modules/less/node_modules/iconv-lite/lib/bom-handling.js
-rw-r--r-- root/root      8701 2018-08-22 22:00 usr/lib64/node_modules/less/node_modules/iconv-lite/lib/extend-node.js
-rw-r--r-- root/root       982 2018-08-22 22:00 usr/lib64/node_modules/less/node_modules/iconv-lite/lib/index.d.ts
-rw-r--r-- root/root      5123 2018-08-22 22:00 usr/lib64/node_modules/less/node_modules/iconv-lite/lib/index.js
-rw-r--r-- root/root      3387 2018-08-22 22:00 usr/lib64/node_modules/less/node_modules/iconv-lite/lib/streams.js
-rw-r--r-- root/root      1227 2018-08-22 22:02 usr/lib64/node_modules/less/node_modules/iconv-lite/package.json
drwxr-xr-x root/root         0 2021-01-31 08:40 usr/lib64/node_modules/less/node_modules/image-size/
-rw-r--r-- root/root      1104 2017-05-15 11:47 usr/lib64/node_modules/less/node_modules/image-size/LICENSE
-rw-r--r-- root/root      2308 2017-05-15 12:33 usr/lib64/node_modules/less/node_modules/image-size/Readme.md
drwxr-xr-x root/root         0 2021-01-31 08:40 usr/lib64/node_modules/less/node_modules/image-size/bin/
-rwxr-xr-x root/root       938 2017-05-15 12:24 usr/lib64/node_modules/less/node_modules/image-size/bin/image-size.js
drwxr-xr-x root/root         0 2021-01-31 08:40 usr/lib64/node_modules/less/node_modules/image-size/lib/
-rw-r--r-- root/root       376 2016-10-25 11:27 usr/lib64/node_modules/less/node_modules/image-size/lib/detector.js
-rw-r--r-- root/root      2951 2017-05-15 14:27 usr/lib64/node_modules/less/node_modules/image-size/lib/index.js
-rw-r--r-- root/root       307 2016-10-25 11:27 usr/lib64/node_modules/less/node_modules/image-size/lib/readUInt.js
drwxr-xr-x root/root         0 2021-01-31 08:40 usr/lib64/node_modules/less/node_modules/image-size/lib/types/
-rw-r--r-- root/root       119 2017-05-15 12:33 usr/lib64/node_modules/less/node_modules/image-size/lib/types.js
-rw-r--r-- root/root       296 2017-05-15 11:38 usr/lib64/node_modules/less/node_modules/image-size/lib/types/bmp.js
-rw-r--r-- root/root       304 2017-05-15 12:33 usr/lib64/node_modules/less/node_modules/image-size/lib/types/dds.js
-rw-r--r-- root/root       350 2017-06-12 10:18 usr/lib64/node_modules/less/node_modules/image-size/lib/types/gif.js
-rw-r--r-- root/root      1560 2017-05-15 14:27 usr/lib64/node_modules/less/node_modules/image-size/lib/types/jpg.js
-rw-r--r-- root/root       911 2017-05-15 11:38 usr/lib64/node_modules/less/node_modules/image-size/lib/types/png.js
-rw-r--r-- root/root       289 2016-10-25 11:27 usr/lib64/node_modules/less/node_modules/image-size/lib/types/psd.js
-rw-r--r-- root/root      1764 2017-05-15 12:32 usr/lib64/node_modules/less/node_modules/image-size/lib/types/svg.js
-rw-r--r-- root/root      2893 2017-05-15 11:38 usr/lib64/node_modules/less/node_modules/image-size/lib/types/tiff.js
-rw-r--r-- root/root      1802 2017-05-15 11:38 usr/lib64/node_modules/less/node_modules/image-size/lib/types/webp.js
-rw-r--r-- root/root       913 2017-06-12 10:18 usr/lib64/node_modules/less/node_modules/image-size/package.json
drwxr-xr-x root/root         0 2021-01-31 08:40 usr/lib64/node_modules/less/node_modules/is-what/
-rw-r--r-- root/root        25 1985-10-26 09:15 usr/lib64/node_modules/less/node_modules/is-what/.babelrc
-rw-r--r-- root/root       191 1985-10-26 09:15 usr/lib64/node_modules/less/node_modules/is-what/.eslintignore
-rw-r--r-- root/root       667 1985-10-26 09:15 usr/lib64/node_modules/less/node_modules/is-what/.eslintrc.js
drwxr-xr-x root/root         0 2021-01-31 08:40 usr/lib64/node_modules/less/node_modules/is-what/.github/
-rw-r--r-- root/root       642 1985-10-26 09:15 usr/lib64/node_modules/less/node_modules/is-what/.github/FUNDING.yml
-rw-r--r-- root/root       163 1985-10-26 09:15 usr/lib64/node_modules/less/node_modules/is-what/.prettierrc
-rw-r--r-- root/root      1075 1985-10-26 09:15 usr/lib64/node_modules/less/node_modules/is-what/LICENSE
-rw-r--r-- root/root      5670 1985-10-26 09:15 usr/lib64/node_modules/less/node_modules/is-what/README.md
-rw-r--r-- root/root      2219 1985-10-26 09:15 usr/lib64/node_modules/less/node_modules/is-what/build.js
drwxr-xr-x root/root         0 2021-01-31 08:40 usr/lib64/node_modules/less/node_modules/is-what/dist/
-rw-r--r-- root/root      9153 1985-10-26 09:15 usr/lib64/node_modules/less/node_modules/is-what/dist/index.cjs.js
-rw-r--r-- root/root      8440 1985-10-26 09:15 usr/lib64/node_modules/less/node_modules/is-what/dist/index.esm.js
-rw-r--r-- root/root      2095 1985-10-26 09:15 usr/lib64/node_modules/less/node_modules/is-what/package.json
drwxr-xr-x root/root         0 2021-01-31 08:40 usr/lib64/node_modules/less/node_modules/is-what/src/
-rw-r--r-- root/root      9068 1985-10-26 09:15 usr/lib64/node_modules/less/node_modules/is-what/src/index.ts
drwxr-xr-x root/root         0 2021-01-31 08:40 usr/lib64/node_modules/less/node_modules/is-what/test/
-rw-r--r-- root/root      9736 1985-10-26 09:15 usr/lib64/node_modules/less/node_modules/is-what/test/ava.ts
-rw-r--r-- root/root       304 1985-10-26 09:15 usr/lib64/node_modules/less/node_modules/is-what/test/index.test.js
-rw-r--r-- root/root       180 1985-10-26 09:15 usr/lib64/node_modules/less/node_modules/is-what/tsconfig.json
drwxr-xr-x root/root         0 2021-01-31 08:40 usr/lib64/node_modules/less/node_modules/is-what/types/
-rw-r--r-- root/root      7463 1985-10-26 09:15 usr/lib64/node_modules/less/node_modules/is-what/types/index.d.ts
drwxr-xr-x root/root         0 2021-01-31 08:40 usr/lib64/node_modules/less/node_modules/make-dir/
-rw-r--r-- root/root      1098 1985-10-26 09:15 usr/lib64/node_modules/less/node_modules/make-dir/index.d.ts
-rw-r--r-- root/root      3077 1985-10-26 09:15 usr/lib64/node_modules/less/node_modules/make-dir/index.js
-rw-r--r-- root/root      1109 1985-10-26 09:15 usr/lib64/node_modules/less/node_modules/make-dir/license
-rw-r--r-- root/root      1027 1985-10-26 09:15 usr/lib64/node_modules/less/node_modules/make-dir/package.json
-rw-r--r-- root/root      2887 1985-10-26 09:15 usr/lib64/node_modules/less/node_modules/make-dir/readme.md
drwxr-xr-x root/root         0 2021-01-31 08:40 usr/lib64/node_modules/less/node_modules/mime/
-rw-r--r-- root/root         0 2017-11-25 01:17 usr/lib64/node_modules/less/node_modules/mime/.npmignore
-rw-r--r-- root/root      9473 2017-11-25 01:52 usr/lib64/node_modules/less/node_modules/mime/CHANGELOG.md
-rw-r--r-- root/root      1098 2017-11-23 18:04 usr/lib64/node_modules/less/node_modules/mime/LICENSE
-rw-r--r-- root/root      2119 2017-11-25 01:17 usr/lib64/node_modules/less/node_modules/mime/README.md
-rwxr-xr-x root/root       149 2017-11-25 01:17 usr/lib64/node_modules/less/node_modules/mime/cli.js
-rw-r--r-- root/root      2726 2017-11-25 01:17 usr/lib64/node_modules/less/node_modules/mime/mime.js
-rw-r--r-- root/root       933 2017-11-25 01:52 usr/lib64/node_modules/less/node_modules/mime/package.json
drwxr-xr-x root/root         0 2021-01-31 08:40 usr/lib64/node_modules/less/node_modules/mime/src/
-rwxr-xr-x root/root      1351 2017-11-25 01:20 usr/lib64/node_modules/less/node_modules/mime/src/build.js
-rw-r--r-- root/root      2334 2017-11-25 01:17 usr/lib64/node_modules/less/node_modules/mime/src/test.js
-rw-r--r-- root/root     31555 2017-11-25 01:53 usr/lib64/node_modules/less/node_modules/mime/types.json
drwxr-xr-x root/root         0 2021-01-31 08:40 usr/lib64/node_modules/less/node_modules/ms/
-rw-r--r-- root/root      3024 1985-10-26 09:15 usr/lib64/node_modules/less/node_modules/ms/index.js
-rw-r--r-- root/root      1079 1985-10-26 09:15 usr/lib64/node_modules/less/node_modules/ms/license.md
-rw-r--r-- root/root       732 1985-10-26 09:15 usr/lib64/node_modules/less/node_modules/ms/package.json
-rw-r--r-- root/root      1886 1985-10-26 09:15 usr/lib64/node_modules/less/node_modules/ms/readme.md
drwxr-xr-x root/root         0 2021-01-31 08:40 usr/lib64/node_modules/less/node_modules/needle/
drwxr-xr-x root/root         0 2021-01-31 08:40 usr/lib64/node_modules/less/node_modules/needle/.github/
drwxr-xr-x root/root         0 2021-01-31 08:40 usr/lib64/node_modules/less/node_modules/needle/.github/workflows/
-rw-r--r-- root/root       728 1985-10-26 09:15 usr/lib64/node_modules/less/node_modules/needle/.github/workflows/nodejs.yml
-rw-r--r-- root/root     24037 1985-10-26 09:15 usr/lib64/node_modules/less/node_modules/needle/README.md
drwxr-xr-x root/root         0 2021-01-31 08:40 usr/lib64/node_modules/less/node_modules/needle/bin/
-rwxr-xr-x root/root      1062 1985-10-26 09:15 usr/lib64/node_modules/less/node_modules/needle/bin/needle
drwxr-xr-x root/root         0 2021-01-31 08:40 usr/lib64/node_modules/less/node_modules/needle/examples/
-rw-r--r-- root/root       524 1985-10-26 09:15 usr/lib64/node_modules/less/node_modules/needle/examples/deflated-stream.js
-rw-r--r-- root/root       325 1985-10-26 09:15 usr/lib64/node_modules/less/node_modules/needle/examples/digest-auth.js
-rw-r--r-- root/root       583 1985-10-26 09:15 usr/lib64/node_modules/less/node_modules/needle/examples/download-to-file.js
-rw-r--r-- root/root       531 1985-10-26 09:15 usr/lib64/node_modules/less/node_modules/needle/examples/multipart-stream.js
-rw-r--r-- root/root       535 1985-10-26 09:15 usr/lib64/node_modules/less/node_modules/needle/examples/parsed-stream.js
-rw-r--r-- root/root       669 1985-10-26 09:15 usr/lib64/node_modules/less/node_modules/needle/examples/parsed-stream2.js
-rw-r--r-- root/root       538 1985-10-26 09:15 usr/lib64/node_modules/less/node_modules/needle/examples/stream-events.js
-rw-r--r-- root/root       360 1985-10-26 09:15 usr/lib64/node_modules/less/node_modules/needle/examples/stream-to-file.js
-rw-r--r-- root/root      1010 1985-10-26 09:15 usr/lib64/node_modules/less/node_modules/needle/examples/upload-image.js
drwxr-xr-x root/root         0 2021-01-31 08:40 usr/lib64/node_modules/less/node_modules/needle/lib/
-rw-r--r-- root/root      2507 1985-10-26 09:15 usr/lib64/node_modules/less/node_modules/needle/lib/auth.js
-rw-r--r-- root/root      2486 1985-10-26 09:15 usr/lib64/node_modules/less/node_modules/needle/lib/cookies.js
-rw-r--r-- root/root      1205 1985-10-26 09:15 usr/lib64/node_modules/less/node_modules/needle/lib/decoder.js
-rw-r--r-- root/root      2900 1985-10-26 09:15 usr/lib64/node_modules/less/node_modules/needle/lib/multipart.js
-rw-r--r-- root/root     27965 1985-10-26 09:15 usr/lib64/node_modules/less/node_modules/needle/lib/needle.js
-rw-r--r-- root/root      2594 1985-10-26 09:15 usr/lib64/node_modules/less/node_modules/needle/lib/parsers.js
-rw-r--r-- root/root      1370 1985-10-26 09:15 usr/lib64/node_modules/less/node_modules/needle/lib/querystring.js
-rw-r--r-- root/root      1050 1985-10-26 09:15 usr/lib64/node_modules/less/node_modules/needle/license.txt
-rw-r--r-- root/root      1215 1985-10-26 09:15 usr/lib64/node_modules/less/node_modules/needle/package.json
drwxr-xr-x root/root         0 2021-01-31 08:40 usr/lib64/node_modules/less/node_modules/needle/test/
-rw-r--r-- root/root      6342 1985-10-26 09:15 usr/lib64/node_modules/less/node_modules/needle/test/auth_digest_spec.js
-rw-r--r-- root/root      6139 1985-10-26 09:15 usr/lib64/node_modules/less/node_modules/needle/test/basic_auth_spec.js
-rw-r--r-- root/root      3782 1985-10-26 09:15 usr/lib64/node_modules/less/node_modules/needle/test/compression_spec.js
-rw-r--r-- root/root     14271 1985-10-26 09:15 usr/lib64/node_modules/less/node_modules/needle/test/cookies_spec.js
-rw-r--r-- root/root      3186 1985-10-26 09:15 usr/lib64/node_modules/less/node_modules/needle/test/decoder_spec.js
-rw-r--r-- root/root      6295 1985-10-26 09:15 usr/lib64/node_modules/less/node_modules/needle/test/errors_spec.js
-rw-r--r-- root/root      5905 1985-10-26 09:15 usr/lib64/node_modules/less/node_modules/needle/test/headers_spec.js
-rw-r--r-- root/root      1538 1985-10-26 09:15 usr/lib64/node_modules/less/node_modules/needle/test/helpers.js
-rw-r--r-- root/root       641 1985-10-26 09:15 usr/lib64/node_modules/less/node_modules/needle/test/long_string_spec.js
-rw-r--r-- root/root      7292 1985-10-26 09:15 usr/lib64/node_modules/less/node_modules/needle/test/output_spec.js
-rw-r--r-- root/root     13588 1985-10-26 09:15 usr/lib64/node_modules/less/node_modules/needle/test/parsing_spec.js
-rw-r--r-- root/root     33119 1985-10-26 09:15 usr/lib64/node_modules/less/node_modules/needle/test/post_data_spec.js
-rw-r--r-- root/root      4974 1985-10-26 09:15 usr/lib64/node_modules/less/node_modules/needle/test/proxy_spec.js
-rw-r--r-- root/root      2329 1985-10-26 09:15 usr/lib64/node_modules/less/node_modules/needle/test/querystring_spec.js
-rw-r--r-- root/root     11169 1985-10-26 09:15 usr/lib64/node_modules/less/node_modules/needle/test/redirect_spec.js
-rw-r--r-- root/root      1353 1985-10-26 09:15 usr/lib64/node_modules/less/node_modules/needle/test/redirect_with_timeout.js
-rw-r--r-- root/root      6560 1985-10-26 09:15 usr/lib64/node_modules/less/node_modules/needle/test/request_stream_spec.js
-rw-r--r-- root/root      3726 1985-10-26 09:15 usr/lib64/node_modules/less/node_modules/needle/test/response_stream_spec.js
-rw-r--r-- root/root      1797 1985-10-26 09:15 usr/lib64/node_modules/less/node_modules/needle/test/socket_pool_spec.js
-rw-r--r-- root/root       914 1985-10-26 09:15 usr/lib64/node_modules/less/node_modules/needle/test/uri_modifier_spec.js
-rw-r--r-- root/root      2841 1985-10-26 09:15 usr/lib64/node_modules/less/node_modules/needle/test/url_spec.js
drwxr-xr-x root/root         0 2021-01-31 08:40 usr/lib64/node_modules/less/node_modules/needle/test/utils/
-rw-r--r-- root/root       559 1985-10-26 09:15 usr/lib64/node_modules/less/node_modules/needle/test/utils/formidable.js
-rw-r--r-- root/root      1618 1985-10-26 09:15 usr/lib64/node_modules/less/node_modules/needle/test/utils/proxy.js
-rw-r--r-- root/root      2431 1985-10-26 09:15 usr/lib64/node_modules/less/node_modules/needle/test/utils/test.js
drwxr-xr-x root/root         0 2021-01-31 08:40 usr/lib64/node_modules/less/node_modules/parse-node-version/
-rw-r--r-- root/root      1145 1985-10-26 09:15 usr/lib64/node_modules/less/node_modules/parse-node-version/LICENSE
-rw-r--r-- root/root      1891 1985-10-26 09:15 usr/lib64/node_modules/less/node_modules/parse-node-version/README.md
-rw-r--r-- root/root       497 1985-10-26 09:15 usr/lib64/node_modules/less/node_modules/parse-node-version/index.js
-rw-r--r-- root/root       966 1985-10-26 09:15 usr/lib64/node_modules/less/node_modules/parse-node-version/package.json
drwxr-xr-x root/root         0 2021-01-31 08:40 usr/lib64/node_modules/less/node_modules/pify/
-rw-r--r-- root/root      1676 1985-10-26 09:15 usr/lib64/node_modules/less/node_modules/pify/index.js
-rw-r--r-- root/root      1109 1985-10-26 09:15 usr/lib64/node_modules/less/node_modules/pify/license
-rw-r--r-- root/root       828 1985-10-26 09:15 usr/lib64/node_modules/less/node_modules/pify/package.json
-rw-r--r-- root/root      3621 1985-10-26 09:15 usr/lib64/node_modules/less/node_modules/pify/readme.md
drwxr-xr-x root/root         0 2021-01-31 08:40 usr/lib64/node_modules/less/node_modules/prr/
-rw-r--r-- root/root      1181 2013-03-31 22:54 usr/lib64/node_modules/less/node_modules/prr/.jshintrc
-rw-r--r-- root/root        12 2013-03-31 22:55 usr/lib64/node_modules/less/node_modules/prr/.npmignore
-rw-r--r-- root/root       119 2013-04-01 19:31 usr/lib64/node_modules/less/node_modules/prr/.travis.yml
-rw-r--r-- root/root      1125 2014-07-22 08:51 usr/lib64/node_modules/less/node_modules/prr/LICENSE.md
-rw-r--r-- root/root      1707 2014-07-22 08:51 usr/lib64/node_modules/less/node_modules/prr/README.md
-rw-r--r-- root/root       540 2014-07-22 08:52 usr/lib64/node_modules/less/node_modules/prr/package.json
-rw-r--r-- root/root      1581 2013-04-01 19:20 usr/lib64/node_modules/less/node_modules/prr/prr.js
-rw-r--r-- root/root      3862 2013-04-01 19:20 usr/lib64/node_modules/less/node_modules/prr/test.js
drwxr-xr-x root/root         0 2021-01-31 08:40 usr/lib64/node_modules/less/node_modules/safer-buffer/
-rw-r--r-- root/root      1094 1985-10-26 09:15 usr/lib64/node_modules/less/node_modules/safer-buffer/LICENSE
-rw-r--r-- root/root     12794 1985-10-26 09:15 usr/lib64/node_modules/less/node_modules/safer-buffer/Porting-Buffer.md
-rw-r--r-- root/root      8261 1985-10-26 09:15 usr/lib64/node_modules/less/node_modules/safer-buffer/Readme.md
-rw-r--r-- root/root      1483 1985-10-26 09:15 usr/lib64/node_modules/less/node_modules/safer-buffer/dangerous.js
-rw-r--r-- root/root       822 1985-10-26 09:15 usr/lib64/node_modules/less/node_modules/safer-buffer/package.json
-rw-r--r-- root/root      2110 1985-10-26 09:15 usr/lib64/node_modules/less/node_modules/safer-buffer/safer.js
-rw-r--r-- root/root     15735 1985-10-26 09:15 usr/lib64/node_modules/less/node_modules/safer-buffer/tests.js
drwxr-xr-x root/root         0 2021-01-31 08:40 usr/lib64/node_modules/less/node_modules/sax/
-rw-r--r-- root/root      2011 2016-08-12 22:35 usr/lib64/node_modules/less/node_modules/sax/LICENSE
-rw-r--r-- root/root      8381 2016-03-19 04:03 usr/lib64/node_modules/less/node_modules/sax/README.md
drwxr-xr-x root/root         0 2021-01-31 08:40 usr/lib64/node_modules/less/node_modules/sax/lib/
-rw-r--r-- root/root     43541 2017-06-22 19:42 usr/lib64/node_modules/less/node_modules/sax/lib/sax.js
-rw-r--r-- root/root       655 2017-06-22 19:46 usr/lib64/node_modules/less/node_modules/sax/package.json
drwxr-xr-x root/root         0 2021-01-31 08:40 usr/lib64/node_modules/less/node_modules/semver/
-rw-r--r-- root/root       672 1985-10-26 09:15 usr/lib64/node_modules/less/node_modules/semver/CHANGELOG.md
-rw-r--r-- root/root       765 1985-10-26 09:15 usr/lib64/node_modules/less/node_modules/semver/LICENSE
-rw-r--r-- root/root     15723 1985-10-26 09:15 usr/lib64/node_modules/less/node_modules/semver/README.md
drwxr-xr-x root/root         0 2021-01-31 08:40 usr/lib64/node_modules/less/node_modules/semver/bin/
-rwxr-xr-x root/root      4418 1985-10-26 09:15 usr/lib64/node_modules/less/node_modules/semver/bin/semver
-rw-r--r-- root/root       578 1985-10-26 09:15 usr/lib64/node_modules/less/node_modules/semver/package.json
-rw-r--r-- root/root       619 1985-10-26 09:15 usr/lib64/node_modules/less/node_modules/semver/range.bnf
-rw-r--r-- root/root     38803 1985-10-26 09:15 usr/lib64/node_modules/less/node_modules/semver/semver.js
drwxr-xr-x root/root         0 2021-01-31 08:40 usr/lib64/node_modules/less/node_modules/source-map/
-rw-r--r-- root/root      7884 2017-04-18 00:24 usr/lib64/node_modules/less/node_modules/source-map/CHANGELOG.md
-rw-r--r-- root/root      1526 2017-04-18 00:24 usr/lib64/node_modules/less/node_modules/source-map/LICENSE
-rw-r--r-- root/root     24072 2017-09-25 18:09 usr/lib64/node_modules/less/node_modules/source-map/README.md
drwxr-xr-x root/root         0 2021-01-31 08:40 usr/lib64/node_modules/less/node_modules/source-map/dist/
-rw-r--r-- root/root    272874 2017-09-29 16:39 usr/lib64/node_modules/less/node_modules/source-map/dist/source-map.debug.js
-rw-r--r-- root/root    106973 2017-09-29 16:39 usr/lib64/node_modules/less/node_modules/source-map/dist/source-map.js
-rw-r--r-- root/root     27111 2017-09-29 16:39 usr/lib64/node_modules/less/node_modules/source-map/dist/source-map.min.js
-rw-r--r-- root/root    257409 2017-09-29 16:39 usr/lib64/node_modules/less/node_modules/source-map/dist/source-map.min.js.map
drwxr-xr-x root/root         0 2021-01-31 08:40 usr/lib64/node_modules/less/node_modules/source-map/lib/
-rw-r--r-- root/root      3197 2017-06-05 19:20 usr/lib64/node_modules/less/node_modules/source-map/lib/array-set.js
-rw-r--r-- root/root      4714 2017-04-18 00:24 usr/lib64/node_modules/less/node_modules/source-map/lib/base64-vlq.js
-rw-r--r-- root/root      1540 2017-04-18 00:24 usr/lib64/node_modules/less/node_modules/source-map/lib/base64.js
-rw-r--r-- root/root      4249 2017-04-18 00:24 usr/lib64/node_modules/less/node_modules/source-map/lib/binary-search.js
-rw-r--r-- root/root      2339 2017-04-18 00:24 usr/lib64/node_modules/less/node_modules/source-map/lib/mapping-list.js
-rw-r--r-- root/root      3616 2017-04-18 00:24 usr/lib64/node_modules/less/node_modules/source-map/lib/quick-sort.js
-rw-r--r-- root/root     40562 2017-09-29 16:39 usr/lib64/node_modules/less/node_modules/source-map/lib/source-map-consumer.js
-rw-r--r-- root/root     14356 2017-09-25 18:09 usr/lib64/node_modules/less/node_modules/source-map/lib/source-map-generator.js
-rw-r--r-- root/root     13808 2017-09-27 16:31 usr/lib64/node_modules/less/node_modules/source-map/lib/source-node.js
-rw-r--r-- root/root     12950 2017-09-26 22:37 usr/lib64/node_modules/less/node_modules/source-map/lib/util.js
-rw-r--r-- root/root      2579 2017-09-29 16:41 usr/lib64/node_modules/less/node_modules/source-map/package.json
-rw-r--r-- root/root      3060 2017-04-18 00:24 usr/lib64/node_modules/less/node_modules/source-map/source-map.d.ts
-rw-r--r-- root/root       405 2017-09-25 21:30 usr/lib64/node_modules/less/node_modules/source-map/source-map.js
drwxr-xr-x root/root         0 2021-01-31 08:40 usr/lib64/node_modules/less/node_modules/tslib/
-rw-r--r-- root/root       824 1985-10-26 09:15 usr/lib64/node_modules/less/node_modules/tslib/CopyrightNotice.txt
-rw-r--r-- root/root       655 1985-10-26 09:15 usr/lib64/node_modules/less/node_modules/tslib/LICENSE.txt
-rw-r--r-- root/root      3447 1985-10-26 09:15 usr/lib64/node_modules/less/node_modules/tslib/README.md
drwxr-xr-x root/root         0 2021-01-31 08:40 usr/lib64/node_modules/less/node_modules/tslib/modules/
-rw-r--r-- root/root       943 1985-10-26 09:15 usr/lib64/node_modules/less/node_modules/tslib/modules/index.js
-rw-r--r-- root/root        26 1985-10-26 09:15 usr/lib64/node_modules/less/node_modules/tslib/modules/package.json
-rw-r--r-- root/root       915 1985-10-26 09:15 usr/lib64/node_modules/less/node_modules/tslib/package.json
drwxr-xr-x root/root         0 2021-01-31 08:40 usr/lib64/node_modules/less/node_modules/tslib/test/
drwxr-xr-x root/root         0 2021-01-31 08:40 usr/lib64/node_modules/less/node_modules/tslib/test/validateModuleExportsMatchCommonJS/
-rw-r--r-- root/root       824 1985-10-26 09:15 usr/lib64/node_modules/less/node_modules/tslib/test/validateModuleExportsMatchCommonJS/index.js
-rw-r--r-- root/root        71 1985-10-26 09:15 usr/lib64/node_modules/less/node_modules/tslib/test/validateModuleExportsMatchCommonJS/package.json
-rw-r--r-- root/root      2714 1985-10-26 09:15 usr/lib64/node_modules/less/node_modules/tslib/tslib.d.ts
-rw-r--r-- root/root        36 1985-10-26 09:15 usr/lib64/node_modules/less/node_modules/tslib/tslib.es6.html
-rw-r--r-- root/root     10274 1985-10-26 09:15 usr/lib64/node_modules/less/node_modules/tslib/tslib.es6.js
-rw-r--r-- root/root        32 1985-10-26 09:15 usr/lib64/node_modules/less/node_modules/tslib/tslib.html
-rw-r--r-- root/root     13204 1985-10-26 09:15 usr/lib64/node_modules/less/node_modules/tslib/tslib.js
-rw-r--r-- root/root      3206 1985-10-26 09:15 usr/lib64/node_modules/less/package.json
drwxr-xr-x root/root         0 2021-01-31 08:40 usr/lib64/node_modules/less/test/
-rw-r--r-- root/root       105 1985-10-26 09:15 usr/lib64/node_modules/less/test/.eslintrc.json
-rw-r--r-- root/root       136 1985-10-26 09:15 usr/lib64/node_modules/less/test/README.md
drwxr-xr-x root/root         0 2021-01-31 08:40 usr/lib64/node_modules/less/test/browser/
-rw-r--r-- root/root      8089 1985-10-26 09:15 usr/lib64/node_modules/less/test/browser/common.js
drwxr-xr-x root/root         0 2021-01-31 08:40 usr/lib64/node_modules/less/test/browser/css/
drwxr-xr-x root/root         0 2021-01-31 08:40 usr/lib64/node_modules/less/test/browser/css/global-vars/
-rw-r--r-- root/root        24 1985-10-26 09:15 usr/lib64/node_modules/less/test/browser/css/global-vars/simple.css
drwxr-xr-x root/root         0 2021-01-31 08:40 usr/lib64/node_modules/less/test/browser/css/modify-vars/
-rw-r--r-- root/root        99 1985-10-26 09:15 usr/lib64/node_modules/less/test/browser/css/modify-vars/simple.css
drwxr-xr-x root/root         0 2021-01-31 08:40 usr/lib64/node_modules/less/test/browser/css/plugin/
-rw-r--r-- root/root        77 1985-10-26 09:15 usr/lib64/node_modules/less/test/browser/css/plugin/plugin.css
drwxr-xr-x root/root         0 2021-01-31 08:40 usr/lib64/node_modules/less/test/browser/css/postProcessor/
-rw-r--r-- root/root        44 1985-10-26 09:15 usr/lib64/node_modules/less/test/browser/css/postProcessor/postProcessor.css
drwxr-xr-x root/root         0 2021-01-31 08:40 usr/lib64/node_modules/less/test/browser/css/relative-urls/
-rw-r--r-- root/root      1608 1985-10-26 09:15 usr/lib64/node_modules/less/test/browser/css/relative-urls/urls.css
drwxr-xr-x root/root         0 2021-01-31 08:40 usr/lib64/node_modules/less/test/browser/css/rewrite-urls/
-rw-r--r-- root/root      1602 1985-10-26 09:15 usr/lib64/node_modules/less/test/browser/css/rewrite-urls/urls.css
drwxr-xr-x root/root         0 2021-01-31 08:40 usr/lib64/node_modules/less/test/browser/css/rootpath/
drwxr-xr-x root/root         0 2021-01-31 08:40 usr/lib64/node_modules/less/test/browser/css/rootpath-relative/
-rw-r--r-- root/root      1468 1985-10-26 09:15 usr/lib64/node_modules/less/test/browser/css/rootpath-relative/urls.css
drwxr-xr-x root/root         0 2021-01-31 08:40 usr/lib64/node_modules/less/test/browser/css/rootpath-rewrite-urls/
-rw-r--r-- root/root      1468 1985-10-26 09:15 usr/lib64/node_modules/less/test/browser/css/rootpath-rewrite-urls/urls.css
-rw-r--r-- root/root      1238 1985-10-26 09:15 usr/lib64/node_modules/less/test/browser/css/rootpath/urls.css
-rw-r--r-- root/root      5007 1985-10-26 09:15 usr/lib64/node_modules/less/test/browser/css/urls.css
drwxr-xr-x root/root         0 2021-01-31 08:40 usr/lib64/node_modules/less/test/browser/generator/
-rw-r--r-- root/root      1659 1985-10-26 09:15 usr/lib64/node_modules/less/test/browser/generator/benchmark.config.js
-rw-r--r-- root/root      2195 1985-10-26 09:15 usr/lib64/node_modules/less/test/browser/generator/generate.js
-rw-r--r-- root/root      6810 1985-10-26 09:15 usr/lib64/node_modules/less/test/browser/generator/runner.config.js
-rw-r--r-- root/root        45 1985-10-26 09:15 usr/lib64/node_modules/less/test/browser/generator/runner.js
-rw-r--r-- root/root      2676 1985-10-26 09:15 usr/lib64/node_modules/less/test/browser/generator/template.js
drwxr-xr-x root/root         0 2021-01-31 08:40 usr/lib64/node_modules/less/test/browser/less/
drwxr-xr-x root/root         0 2021-01-31 08:40 usr/lib64/node_modules/less/test/browser/less/console-errors/
-rw-r--r-- root/root        26 1985-10-26 09:15 usr/lib64/node_modules/less/test/browser/less/console-errors/test-error.less
-rw-r--r-- root/root       159 1985-10-26 09:15 usr/lib64/node_modules/less/test/browser/less/console-errors/test-error.txt
drwxr-xr-x root/root         0 2021-01-31 08:40 usr/lib64/node_modules/less/test/browser/less/errors/
-rw-r--r-- root/root        60 1985-10-26 09:15 usr/lib64/node_modules/less/test/browser/less/errors/image-height-error.less
-rw-r--r-- root/root       236 1985-10-26 09:15 usr/lib64/node_modules/less/test/browser/less/errors/image-height-error.txt
-rw-r--r-- root/root        53 1985-10-26 09:15 usr/lib64/node_modules/less/test/browser/less/errors/image-size-error.less
-rw-r--r-- root/root       225 1985-10-26 09:15 usr/lib64/node_modules/less/test/browser/less/errors/image-size-error.txt
-rw-r--r-- root/root        56 1985-10-26 09:15 usr/lib64/node_modules/less/test/browser/less/errors/image-width-error.less
-rw-r--r-- root/root       231 1985-10-26 09:15 usr/lib64/node_modules/less/test/browser/less/errors/image-width-error.txt
drwxr-xr-x root/root         0 2021-01-31 08:40 usr/lib64/node_modules/less/test/browser/less/global-vars/
-rw-r--r-- root/root        32 1985-10-26 09:15 usr/lib64/node_modules/less/test/browser/less/global-vars/simple.less
drwxr-xr-x root/root         0 2021-01-31 08:40 usr/lib64/node_modules/less/test/browser/less/imports/
-rw-r--r-- root/root        62 1985-10-26 09:15 usr/lib64/node_modules/less/test/browser/less/imports/urls.less
-rw-r--r-- root/root        63 1985-10-26 09:15 usr/lib64/node_modules/less/test/browser/less/imports/urls2.less
drwxr-xr-x root/root         0 2021-01-31 08:40 usr/lib64/node_modules/less/test/browser/less/modify-vars/
drwxr-xr-x root/root         0 2021-01-31 08:40 usr/lib64/node_modules/less/test/browser/less/modify-vars/imports/
-rw-r--r-- root/root        52 1985-10-26 09:15 usr/lib64/node_modules/less/test/browser/less/modify-vars/imports/simple2.less
-rw-r--r-- root/root       111 1985-10-26 09:15 usr/lib64/node_modules/less/test/browser/less/modify-vars/simple.less
drwxr-xr-x root/root         0 2021-01-31 08:40 usr/lib64/node_modules/less/test/browser/less/nested-gradient-with-svg-gradient/
-rw-r--r-- root/root        80 1985-10-26 09:15 usr/lib64/node_modules/less/test/browser/less/nested-gradient-with-svg-gradient/mixin-consumer.less
-rw-r--r-- root/root       365 1985-10-26 09:15 usr/lib64/node_modules/less/test/browser/less/nested-gradient-with-svg-gradient/svg-gradient-mixin.less
drwxr-xr-x root/root         0 2021-01-31 08:40 usr/lib64/node_modules/less/test/browser/less/plugin/
-rw-r--r-- root/root        82 1985-10-26 09:15 usr/lib64/node_modules/less/test/browser/less/plugin/plugin.js
-rw-r--r-- root/root        43 1985-10-26 09:15 usr/lib64/node_modules/less/test/browser/less/plugin/plugin.less
drwxr-xr-x root/root         0 2021-01-31 08:40 usr/lib64/node_modules/less/test/browser/less/postProcessor/
-rw-r--r-- root/root        44 1985-10-26 09:15 usr/lib64/node_modules/less/test/browser/less/postProcessor/postProcessor.less
drwxr-xr-x root/root         0 2021-01-31 08:40 usr/lib64/node_modules/less/test/browser/less/relative-urls/
-rw-r--r-- root/root      1092 1985-10-26 09:15 usr/lib64/node_modules/less/test/browser/less/relative-urls/urls.less
drwxr-xr-x root/root         0 2021-01-31 08:40 usr/lib64/node_modules/less/test/browser/less/rewrite-urls/
-rw-r--r-- root/root      1092 1985-10-26 09:15 usr/lib64/node_modules/less/test/browser/less/rewrite-urls/urls.less
drwxr-xr-x root/root         0 2021-01-31 08:40 usr/lib64/node_modules/less/test/browser/less/rootpath/
drwxr-xr-x root/root         0 2021-01-31 08:40 usr/lib64/node_modules/less/test/browser/less/rootpath-relative/
-rw-r--r-- root/root      1056 1985-10-26 09:15 usr/lib64/node_modules/less/test/browser/less/rootpath-relative/urls.less
drwxr-xr-x root/root         0 2021-01-31 08:40 usr/lib64/node_modules/less/test/browser/less/rootpath-rewrite-urls/
-rw-r--r-- root/root      1056 1985-10-26 09:15 usr/lib64/node_modules/less/test/browser/less/rootpath-rewrite-urls/urls.less
-rw-r--r-- root/root      1056 1985-10-26 09:15 usr/lib64/node_modules/less/test/browser/less/rootpath/urls.less
-rw-r--r-- root/root      2146 1985-10-26 09:15 usr/lib64/node_modules/less/test/browser/less/urls.less
-rw-r--r-- root/root        87 1985-10-26 09:15 usr/lib64/node_modules/less/test/browser/runner-VisitorPlugin-options.js
-rw-r--r-- root/root        84 1985-10-26 09:15 usr/lib64/node_modules/less/test/browser/runner-VisitorPlugin.js
-rw-r--r-- root/root      1528 1985-10-26 09:15 usr/lib64/node_modules/less/test/browser/runner-browser-options.js
-rw-r--r-- root/root       309 1985-10-26 09:15 usr/lib64/node_modules/less/test/browser/runner-browser-spec.js
-rw-r--r-- root/root       135 1985-10-26 09:15 usr/lib64/node_modules/less/test/browser/runner-console-errors.js
-rw-r--r-- root/root       111 1985-10-26 09:15 usr/lib64/node_modules/less/test/browser/runner-errors-options.js
-rw-r--r-- root/root        81 1985-10-26 09:15 usr/lib64/node_modules/less/test/browser/runner-errors-spec.js
-rw-r--r-- root/root        93 1985-10-26 09:15 usr/lib64/node_modules/less/test/browser/runner-filemanagerPlugin-options.js
-rw-r--r-- root/root        88 1985-10-26 09:15 usr/lib64/node_modules/less/test/browser/runner-filemanagerPlugin.js
-rw-r--r-- root/root       117 1985-10-26 09:15 usr/lib64/node_modules/less/test/browser/runner-global-vars-options.js
-rw-r--r-- root/root        81 1985-10-26 09:15 usr/lib64/node_modules/less/test/browser/runner-global-vars-spec.js
-rw-r--r-- root/root       107 1985-10-26 09:15 usr/lib64/node_modules/less/test/browser/runner-legacy-options.js
-rw-r--r-- root/root        82 1985-10-26 09:15 usr/lib64/node_modules/less/test/browser/runner-legacy-spec.js
-rw-r--r-- root/root       399 1985-10-26 09:15 usr/lib64/node_modules/less/test/browser/runner-main-options.js
-rw-r--r-- root/root       210 1985-10-26 09:15 usr/lib64/node_modules/less/test/browser/runner-main-spec.js
-rw-r--r-- root/root        82 1985-10-26 09:15 usr/lib64/node_modules/less/test/browser/runner-modify-vars-options.js
-rw-r--r-- root/root       867 1985-10-26 09:15 usr/lib64/node_modules/less/test/browser/runner-modify-vars-spec.js
-rw-r--r-- root/root        84 1985-10-26 09:15 usr/lib64/node_modules/less/test/browser/runner-no-js-errors-options.js
-rw-r--r-- root/root       101 1985-10-26 09:15 usr/lib64/node_modules/less/test/browser/runner-no-js-errors-spec.js
-rw-r--r-- root/root        93 1985-10-26 09:15 usr/lib64/node_modules/less/test/browser/runner-postProcessorPlugin-options.js
-rw-r--r-- root/root        90 1985-10-26 09:15 usr/lib64/node_modules/less/test/browser/runner-postProcessorPlugin.js
-rw-r--r-- root/root        92 1985-10-26 09:15 usr/lib64/node_modules/less/test/browser/runner-preProcessorPlugin-options.js
-rw-r--r-- root/root        89 1985-10-26 09:15 usr/lib64/node_modules/less/test/browser/runner-preProcessorPlugin.js
-rw-r--r-- root/root        82 1985-10-26 09:15 usr/lib64/node_modules/less/test/browser/runner-production-options.js
-rw-r--r-- root/root       163 1985-10-26 09:15 usr/lib64/node_modules/less/test/browser/runner-production-spec.js
-rw-r--r-- root/root        83 1985-10-26 09:15 usr/lib64/node_modules/less/test/browser/runner-relative-urls-options.js
-rw-r--r-- root/root       100 1985-10-26 09:15 usr/lib64/node_modules/less/test/browser/runner-relative-urls-spec.js
-rw-r--r-- root/root        83 1985-10-26 09:15 usr/lib64/node_modules/less/test/browser/runner-rewrite-urls-options.js
-rw-r--r-- root/root        97 1985-10-26 09:15 usr/lib64/node_modules/less/test/browser/runner-rewrite-urls-spec.js
-rw-r--r-- root/root        95 1985-10-26 09:15 usr/lib64/node_modules/less/test/browser/runner-rootpath-options.js
-rw-r--r-- root/root       144 1985-10-26 09:15 usr/lib64/node_modules/less/test/browser/runner-rootpath-relative-options.js
-rw-r--r-- root/root       111 1985-10-26 09:15 usr/lib64/node_modules/less/test/browser/runner-rootpath-relative-spec.js
-rw-r--r-- root/root       144 1985-10-26 09:15 usr/lib64/node_modules/less/test/browser/runner-rootpath-rewrite-urls-options.js
-rw-r--r-- root/root       110 1985-10-26 09:15 usr/lib64/node_modules/less/test/browser/runner-rootpath-rewrite-urls-spec.js
-rw-r--r-- root/root       100 1985-10-26 09:15 usr/lib64/node_modules/less/test/browser/runner-rootpath-spec.js
-rw-r--r-- root/root       108 1985-10-26 09:15 usr/lib64/node_modules/less/test/browser/runner-strict-units-options.js
-rw-r--r-- root/root        88 1985-10-26 09:15 usr/lib64/node_modules/less/test/browser/runner-strict-units-spec.js
-rw-r--r-- root/root      4799 1985-10-26 09:15 usr/lib64/node_modules/less/test/index.js
-rw-r--r-- root/root     20825 1985-10-26 09:15 usr/lib64/node_modules/less/test/less-test.js
-rw-r--r-- root/root       703 1985-10-26 09:15 usr/lib64/node_modules/less/test/modify-vars.js
drwxr-xr-x root/root         0 2021-01-31 08:40 usr/lib64/node_modules/less/test/plugins/
drwxr-xr-x root/root         0 2021-01-31 08:40 usr/lib64/node_modules/less/test/plugins/filemanager/
-rw-r--r-- root/root       845 1985-10-26 09:15 usr/lib64/node_modules/less/test/plugins/filemanager/index.js
drwxr-xr-x root/root         0 2021-01-31 08:40 usr/lib64/node_modules/less/test/plugins/postprocess/
-rw-r--r-- root/root       398 1985-10-26 09:15 usr/lib64/node_modules/less/test/plugins/postprocess/index.js
drwxr-xr-x root/root         0 2021-01-31 08:40 usr/lib64/node_modules/less/test/plugins/preprocess/
-rw-r--r-- root/root       672 1985-10-26 09:15 usr/lib64/node_modules/less/test/plugins/preprocess/index.js
drwxr-xr-x root/root         0 2021-01-31 08:40 usr/lib64/node_modules/less/test/plugins/visitor/
-rw-r--r-- root/root       710 1985-10-26 09:15 usr/lib64/node_modules/less/test/plugins/visitor/index.js
drwxr-xr-x root/root         0 2021-01-31 08:40 usr/lib64/node_modules/less/test/sourcemaps/
drwxr-xr-x root/root         0 2021-01-31 08:40 usr/lib64/node_modules/less/test/sourcemaps-disable-annotation/
-rw-r--r-- root/root       165 1985-10-26 09:15 usr/lib64/node_modules/less/test/sourcemaps-disable-annotation/basic.json
-rw-r--r-- root/root      1048 1985-10-26 09:15 usr/lib64/node_modules/less/test/sourcemaps/basic.json
-rw-r--r-- root/root       177 1985-10-26 09:15 usr/lib64/node_modules/less/test/sourcemaps/custom-props.json
-rw-r--r-- root/root       600 1985-10-26 09:15 usr/lib64/node_modules/less/test/sourcemaps/index.html
-rw-r--r-- root/root       336 1985-10-26 09:15 usr/lib64/node_modules/less/test/test-es6.ts
-rw-r--r-- root/root       282 1985-10-26 09:15 usr/lib64/node_modules/less/tsconfig.json
drwxr-xr-x root/root         0 2021-01-31 08:40 usr/lib64/node_modules/root/
-rw-r--r-- root/root        69 2018-05-01 11:47 usr/lib64/node_modules/root/.travis.yml
-rw-r--r-- root/root      1078 2018-05-01 10:54 usr/lib64/node_modules/root/LICENSE
-rw-r--r-- root/root      3908 2018-05-01 10:54 usr/lib64/node_modules/root/README.md
-rw-r--r-- root/root      2693 2018-05-01 10:54 usr/lib64/node_modules/root/defaults.js
-rw-r--r-- root/root      7303 2018-05-01 10:54 usr/lib64/node_modules/root/index.js
drwxr-xr-x root/root         0 2021-01-31 08:40 usr/lib64/node_modules/root/node_modules/
drwxr-xr-x root/root         0 2021-01-31 08:40 usr/lib64/node_modules/root/node_modules/.bin/
drwxr-xr-x root/root         0 2021-01-31 08:40 usr/lib64/node_modules/root/node_modules/inherits/
-rw-r--r-- root/root       749 1985-10-26 09:15 usr/lib64/node_modules/root/node_modules/inherits/LICENSE
-rw-r--r-- root/root      1625 1985-10-26 09:15 usr/lib64/node_modules/root/node_modules/inherits/README.md
-rw-r--r-- root/root       250 1985-10-26 09:15 usr/lib64/node_modules/root/node_modules/inherits/inherits.js
-rw-r--r-- root/root       753 1985-10-26 09:15 usr/lib64/node_modules/root/node_modules/inherits/inherits_browser.js
-rw-r--r-- root/root       581 1985-10-26 09:15 usr/lib64/node_modules/root/node_modules/inherits/package.json
drwxr-xr-x root/root         0 2021-01-31 08:40 usr/lib64/node_modules/root/node_modules/murl/
-rw-r--r-- root/root      1124 2013-09-19 16:18 usr/lib64/node_modules/root/node_modules/murl/README.md
-rw-r--r-- root/root      2316 2013-09-20 16:59 usr/lib64/node_modules/root/node_modules/murl/index.js
-rw-r--r-- root/root       364 2013-09-20 18:56 usr/lib64/node_modules/root/node_modules/murl/package.json
drwxr-xr-x root/root         0 2021-01-31 08:40 usr/lib64/node_modules/root/node_modules/murl/tests/
-rwxr-xr-x root/root       884 2013-09-19 15:52 usr/lib64/node_modules/root/node_modules/murl/tests/index.js
-rw-r--r-- root/root       252 2013-09-19 15:52 usr/lib64/node_modules/root/node_modules/murl/tests/test-match-negative.js
-rw-r--r-- root/root       849 2013-09-19 15:52 usr/lib64/node_modules/root/node_modules/murl/tests/test-match-positive.js
-rw-r--r-- root/root       448 2013-09-19 16:18 usr/lib64/node_modules/root/node_modules/murl/tests/test-match-strict.js
-rw-r--r-- root/root       432 2013-09-19 16:12 usr/lib64/node_modules/root/node_modules/murl/tests/test-match.js
-rw-r--r-- root/root       656 2013-09-19 15:52 usr/lib64/node_modules/root/node_modules/murl/tests/test-replace.js
drwxr-xr-x root/root         0 2021-01-31 08:40 usr/lib64/node_modules/root/node_modules/network-address/
-rw-r--r-- root/root       373 2014-11-05 05:40 usr/lib64/node_modules/root/node_modules/network-address/README.md
-rwxr-xr-x root/root        55 2014-11-05 05:40 usr/lib64/node_modules/root/node_modules/network-address/cli.js
-rw-r--r-- root/root       312 2014-11-05 05:41 usr/lib64/node_modules/root/node_modules/network-address/index.js
-rw-r--r-- root/root       363 2014-11-05 05:43 usr/lib64/node_modules/root/node_modules/network-address/package.json
drwxr-xr-x root/root         0 2021-01-31 08:40 usr/lib64/node_modules/root/node_modules/protein/
-rw-r--r-- root/root      4235 2012-10-10 21:12 usr/lib64/node_modules/root/node_modules/protein/README.md
-rw-r--r-- root/root       456 2012-10-10 21:10 usr/lib64/node_modules/root/node_modules/protein/example.js
-rw-r--r-- root/root      1762 2012-10-10 20:43 usr/lib64/node_modules/root/node_modules/protein/index.js
-rw-r--r-- root/root       323 2012-10-10 21:08 usr/lib64/node_modules/root/node_modules/protein/package.json
drwxr-xr-x root/root         0 2021-01-31 08:40 usr/lib64/node_modules/root/node_modules/protein/tests/
-rwxr-xr-x root/root       876 2012-10-10 20:48 usr/lib64/node_modules/root/node_modules/protein/tests/index.js
-rw-r--r-- root/root       261 2012-10-10 21:07 usr/lib64/node_modules/root/node_modules/protein/tests/test-connect-compatible.js
-rw-r--r-- root/root       654 2012-10-10 21:02 usr/lib64/node_modules/root/node_modules/protein/tests/test-double-mixin.js
-rw-r--r-- root/root       364 2012-10-10 20:59 usr/lib64/node_modules/root/node_modules/protein/tests/test-getters-and-setters.js
-rw-r--r-- root/root       408 2012-10-10 20:56 usr/lib64/node_modules/root/node_modules/protein/tests/test-no-leaks.js
-rw-r--r-- root/root       300 2012-10-10 21:05 usr/lib64/node_modules/root/node_modules/protein/tests/test-prototypical.js
-rw-r--r-- root/root       268 2012-10-10 20:52 usr/lib64/node_modules/root/node_modules/protein/tests/test-simple-request.js
-rw-r--r-- root/root       273 2012-10-10 20:53 usr/lib64/node_modules/root/node_modules/protein/tests/test-simple-response.js
-rw-r--r-- root/root       515 2018-05-01 11:48 usr/lib64/node_modules/root/package.json
drwxr-xr-x root/root         0 2021-01-31 08:40 usr/lib64/node_modules/root/tests/
-rwxr-xr-x root/root      1008 2018-05-01 10:54 usr/lib64/node_modules/root/tests/index.js
-rw-r--r-- root/root       964 2018-05-01 10:54 usr/lib64/node_modules/root/tests/test-body-parsers.js
-rw-r--r-- root/root       850 2018-05-01 10:54 usr/lib64/node_modules/root/tests/test-errors.js
-rw-r--r-- root/root       534 2018-05-01 10:54 usr/lib64/node_modules/root/tests/test-flow-control.js
-rw-r--r-- root/root       916 2018-05-01 10:54 usr/lib64/node_modules/root/tests/test-fork.js
-rw-r--r-- root/root       742 2018-05-01 10:54 usr/lib64/node_modules/root/tests/test-match.js
-rw-r--r-- root/root       581 2018-05-01 10:54 usr/lib64/node_modules/root/tests/test-matches.js
-rw-r--r-- root/root       386 2018-05-01 10:54 usr/lib64/node_modules/root/tests/test-multi-listen.js
-rw-r--r-- root/root       652 2018-05-01 10:54 usr/lib64/node_modules/root/tests/test-plugins.js
-rw-r--r-- root/root       367 2018-05-01 10:54 usr/lib64/node_modules/root/tests/test-random-port-cluster.js
-rw-r--r-- root/root       303 2018-05-01 10:54 usr/lib64/node_modules/root/tests/test-random-port.js
-rw-r--r-- root/root       652 2018-05-01 10:54 usr/lib64/node_modules/root/tests/test-rewrite.js
-rw-r--r-- root/root       457 2018-05-01 10:54 usr/lib64/node_modules/root/tests/test-route-app.js
-rw-r--r-- root/root       607 2018-05-01 10:54 usr/lib64/node_modules/root/tests/test-route.js
-rw-r--r-- root/root      1175 2018-05-01 10:54 usr/lib64/node_modules/root/tests/test-routes.js
-rw-r--r-- root/root       508 2018-05-01 10:54 usr/lib64/node_modules/root/tests/test-sub-app-route.js
-rw-r--r-- root/root       933 2018-05-01 10:54 usr/lib64/node_modules/root/tests/test-urls.js


