++========================================
||
||   Package:  ./graphicsmagick/graphicsmagick-1.3.36-x86_64-3cf.txz
||
++========================================
drwxr-xr-x root/root         0 2021-05-22 10:00 ./
drwxr-xr-x root/root         0 2021-05-22 10:00 install/
-rw-r--r-- root/root       780 2021-05-22 10:00 install/doinst.sh
-rw-r--r-- root/root       972 2021-05-22 10:00 install/slack-desc
drwxr-xr-x root/root         0 2021-05-22 10:00 usr/
drwxr-xr-x root/root         0 2021-05-22 10:00 usr/bin/
-rwxr-xr-x root/root      1284 2021-05-22 10:00 usr/bin/GraphicsMagick++-config
-rwxr-xr-x root/root      1278 2021-05-22 10:00 usr/bin/GraphicsMagick-config
-rwxr-xr-x root/root      1239 2021-05-22 10:00 usr/bin/GraphicsMagickWand-config
-rwxr-xr-x root/root     14408 2021-05-22 10:00 usr/bin/gm
drwxr-xr-x root/root         0 2021-05-22 10:00 usr/doc/
drwxr-xr-x root/root         0 2021-05-22 10:00 usr/doc/graphicsmagick-1.3.36/
-rw-r--r-- root/root     46581 2020-12-26 17:34 usr/doc/graphicsmagick-1.3.36/ChangeLog
-rw-r--r-- root/root      9272 2021-05-22 10:00 usr/doc/graphicsmagick-1.3.36/ChangeLog.2001
-rw-r--r-- root/root     44788 2021-05-22 10:00 usr/doc/graphicsmagick-1.3.36/ChangeLog.2002
-rw-r--r-- root/root    179913 2021-05-22 10:00 usr/doc/graphicsmagick-1.3.36/ChangeLog.2003
-rw-r--r-- root/root     54583 2021-05-22 10:00 usr/doc/graphicsmagick-1.3.36/ChangeLog.2004
-rw-r--r-- root/root     33743 2021-05-22 10:00 usr/doc/graphicsmagick-1.3.36/ChangeLog.2005
-rw-r--r-- root/root      6324 2021-05-22 10:00 usr/doc/graphicsmagick-1.3.36/ChangeLog.2006
-rw-r--r-- root/root     34406 2021-05-22 10:00 usr/doc/graphicsmagick-1.3.36/ChangeLog.2007
-rw-r--r-- root/root     78162 2021-05-22 10:00 usr/doc/graphicsmagick-1.3.36/ChangeLog.2008
-rw-r--r-- root/root     62246 2021-05-22 10:00 usr/doc/graphicsmagick-1.3.36/ChangeLog.2009
-rw-r--r-- root/root     25092 2021-05-22 10:00 usr/doc/graphicsmagick-1.3.36/ChangeLog.2010
-rw-r--r-- root/root     22734 2021-05-22 10:00 usr/doc/graphicsmagick-1.3.36/ChangeLog.2011
-rw-r--r-- root/root     31647 2021-05-22 10:00 usr/doc/graphicsmagick-1.3.36/ChangeLog.2012
-rw-r--r-- root/root     20118 2021-05-22 10:00 usr/doc/graphicsmagick-1.3.36/ChangeLog.2013
-rw-r--r-- root/root     34151 2021-05-22 10:00 usr/doc/graphicsmagick-1.3.36/ChangeLog.2014
-rw-r--r-- root/root     72223 2021-05-22 10:00 usr/doc/graphicsmagick-1.3.36/ChangeLog.2015
-rw-r--r-- root/root     35472 2021-05-22 10:00 usr/doc/graphicsmagick-1.3.36/ChangeLog.2016
-rw-r--r-- root/root     43839 2021-05-22 10:00 usr/doc/graphicsmagick-1.3.36/ChangeLog.2017
-rw-r--r-- root/root    116537 2021-05-22 10:00 usr/doc/graphicsmagick-1.3.36/ChangeLog.2018
-rw-r--r-- root/root     53286 2021-05-22 10:00 usr/doc/graphicsmagick-1.3.36/ChangeLog.2019
-rw-r--r-- root/root     13128 2020-12-26 17:34 usr/doc/graphicsmagick-1.3.36/Copyright.txt
-rw-r--r-- root/root    174843 2020-12-26 17:34 usr/doc/graphicsmagick-1.3.36/NEWS.txt
-rw-r--r-- root/root     14808 2020-12-26 17:34 usr/doc/graphicsmagick-1.3.36/README.txt
-rw-r--r-- root/root      1690 2014-08-16 22:33 usr/doc/graphicsmagick-1.3.36/TODO.txt
-rw-r--r-- root/root      3726 2021-05-22 10:00 usr/doc/graphicsmagick-1.3.36/graphicsmagick.SlackBuild
drwxr-xr-x root/root         0 2021-05-22 10:00 usr/doc/graphicsmagick-1.3.36/www/
-rw-r--r-- root/root     24123 2021-05-22 10:00 usr/doc/graphicsmagick-1.3.36/www/ChangeLog-2001.html
-rw-r--r-- root/root     97399 2021-05-22 10:00 usr/doc/graphicsmagick-1.3.36/www/ChangeLog-2002.html
-rw-r--r-- root/root    263966 2021-05-22 10:00 usr/doc/graphicsmagick-1.3.36/www/ChangeLog-2003.html
-rw-r--r-- root/root     89749 2021-05-22 10:00 usr/doc/graphicsmagick-1.3.36/www/ChangeLog-2004.html
-rw-r--r-- root/root     59426 2021-05-22 10:00 usr/doc/graphicsmagick-1.3.36/www/ChangeLog-2005.html
-rw-r--r-- root/root     14782 2021-05-22 10:00 usr/doc/graphicsmagick-1.3.36/www/ChangeLog-2006.html
-rw-r--r-- root/root     59220 2021-05-22 10:00 usr/doc/graphicsmagick-1.3.36/www/ChangeLog-2007.html
-rw-r--r-- root/root    130818 2021-05-22 10:00 usr/doc/graphicsmagick-1.3.36/www/ChangeLog-2008.html
-rw-r--r-- root/root    108498 2021-05-22 10:00 usr/doc/graphicsmagick-1.3.36/www/ChangeLog-2009.html
-rw-r--r-- root/root     44087 2021-05-22 10:00 usr/doc/graphicsmagick-1.3.36/www/ChangeLog-2010.html
-rw-r--r-- root/root     41566 2021-05-22 10:00 usr/doc/graphicsmagick-1.3.36/www/ChangeLog-2011.html
-rw-r--r-- root/root     59786 2021-05-22 10:00 usr/doc/graphicsmagick-1.3.36/www/ChangeLog-2012.html
-rw-r--r-- root/root     36793 2021-05-22 10:00 usr/doc/graphicsmagick-1.3.36/www/ChangeLog-2013.html
-rw-r--r-- root/root     59048 2021-05-22 10:00 usr/doc/graphicsmagick-1.3.36/www/ChangeLog-2014.html
-rw-r--r-- root/root    114250 2021-05-22 10:00 usr/doc/graphicsmagick-1.3.36/www/ChangeLog-2015.html
-rw-r--r-- root/root     60592 2021-05-22 10:00 usr/doc/graphicsmagick-1.3.36/www/ChangeLog-2016.html
-rw-r--r-- root/root     74039 2021-05-22 10:00 usr/doc/graphicsmagick-1.3.36/www/ChangeLog-2017.html
-rw-r--r-- root/root    174953 2021-05-22 10:00 usr/doc/graphicsmagick-1.3.36/www/ChangeLog-2018.html
-rw-r--r-- root/root     86907 2021-05-22 10:00 usr/doc/graphicsmagick-1.3.36/www/ChangeLog-2019.html
-rw-r--r-- root/root     73505 2021-05-22 10:00 usr/doc/graphicsmagick-1.3.36/www/Changelog.html
-rw-r--r-- root/root      4701 2021-05-22 10:00 usr/doc/graphicsmagick-1.3.36/www/Changes.html
-rw-r--r-- root/root     15634 2021-05-22 10:00 usr/doc/graphicsmagick-1.3.36/www/Copyright.html
-rw-r--r-- root/root     48547 2021-05-22 10:00 usr/doc/graphicsmagick-1.3.36/www/FAQ.html
-rw-r--r-- root/root    382896 2021-05-22 10:00 usr/doc/graphicsmagick-1.3.36/www/GraphicsMagick.html
-rw-r--r-- root/root     15375 2021-05-22 10:00 usr/doc/graphicsmagick-1.3.36/www/Hg.html
-rw-r--r-- root/root     58744 2021-05-22 10:00 usr/doc/graphicsmagick-1.3.36/www/INSTALL-unix.html
-rw-r--r-- root/root     41297 2021-05-22 10:00 usr/doc/graphicsmagick-1.3.36/www/INSTALL-windows.html
-rw-r--r-- root/root      7346 2021-05-22 10:00 usr/doc/graphicsmagick-1.3.36/www/ImageMagickObject.html
drwxr-xr-x root/root         0 2021-05-22 10:00 usr/doc/graphicsmagick-1.3.36/www/Magick++/
-rw-r--r-- root/root      5250 2021-05-22 10:00 usr/doc/graphicsmagick-1.3.36/www/Magick++/Blob.html
-rw-r--r-- root/root      1838 2021-05-22 10:00 usr/doc/graphicsmagick-1.3.36/www/Magick++/Cache.png
-rw-r--r-- root/root    132275 2021-05-22 10:00 usr/doc/graphicsmagick-1.3.36/www/Magick++/ChangeLog.html
-rw-r--r-- root/root      4113 2021-05-22 10:00 usr/doc/graphicsmagick-1.3.36/www/Magick++/CoderInfo.html
-rw-r--r-- root/root     13346 2021-05-22 10:00 usr/doc/graphicsmagick-1.3.36/www/Magick++/Color.html
-rw-r--r-- root/root     52547 2021-05-22 10:00 usr/doc/graphicsmagick-1.3.36/www/Magick++/Drawable.html
-rw-r--r-- root/root      1438 2021-05-22 10:00 usr/doc/graphicsmagick-1.3.36/www/Magick++/Drawable_example_1.png
-rw-r--r-- root/root     38133 2021-05-22 10:00 usr/doc/graphicsmagick-1.3.36/www/Magick++/Enumerations.html
-rw-r--r-- root/root     10675 2021-05-22 10:00 usr/doc/graphicsmagick-1.3.36/www/Magick++/Exception.html
-rw-r--r-- root/root      3518 2021-05-22 10:00 usr/doc/graphicsmagick-1.3.36/www/Magick++/FormatCharacters.html
-rw-r--r-- root/root     11967 2021-05-22 10:00 usr/doc/graphicsmagick-1.3.36/www/Magick++/Geometry.html
-rw-r--r-- root/root    138867 2021-05-22 10:00 usr/doc/graphicsmagick-1.3.36/www/Magick++/Image.html
-rw-r--r-- root/root     23923 2021-05-22 10:00 usr/doc/graphicsmagick-1.3.36/www/Magick++/Image.png
-rw-r--r-- root/root      2773 2021-05-22 10:00 usr/doc/graphicsmagick-1.3.36/www/Magick++/ImageDesign.html
-rw-r--r-- root/root      9547 2021-05-22 10:00 usr/doc/graphicsmagick-1.3.36/www/Magick++/Montage.html
-rw-r--r-- root/root      4528 2021-05-22 10:00 usr/doc/graphicsmagick-1.3.36/www/Magick++/PixelPacket.html
-rw-r--r-- root/root      7035 2021-05-22 10:00 usr/doc/graphicsmagick-1.3.36/www/Magick++/Pixels.html
-rw-r--r-- root/root     90704 2021-05-22 10:00 usr/doc/graphicsmagick-1.3.36/www/Magick++/STL.html
-rw-r--r-- root/root      4099 2021-05-22 10:00 usr/doc/graphicsmagick-1.3.36/www/Magick++/TypeMetric.html
-rw-r--r-- root/root      3929 2021-05-22 10:00 usr/doc/graphicsmagick-1.3.36/www/Magick++/gm-188x120t.png
-rw-r--r-- root/root     14631 2021-05-22 10:00 usr/doc/graphicsmagick-1.3.36/www/Magick++/index.html
-rw-r--r-- root/root     20198 2021-05-22 10:00 usr/doc/graphicsmagick-1.3.36/www/Magick++/montage-sample-framed.jpg
-rw-r--r-- root/root       150 2021-05-22 10:00 usr/doc/graphicsmagick-1.3.36/www/Magick++/right_triangle.png
-rw-r--r-- root/root     14968 2021-05-22 10:00 usr/doc/graphicsmagick-1.3.36/www/Magick++/thumbnail-anatomy-framed.jpg
-rw-r--r-- root/root     12609 2021-05-22 10:00 usr/doc/graphicsmagick-1.3.36/www/Magick++/thumbnail-anatomy-plain.jpg
-rw-r--r-- root/root      9315 2021-05-22 10:00 usr/doc/graphicsmagick-1.3.36/www/Magick++/thumbnail-sample-framed.jpg
-rw-r--r-- root/root      7387 2021-05-22 10:00 usr/doc/graphicsmagick-1.3.36/www/Magick++/thumbnail-sample-plain.jpg
-rw-r--r-- root/root    204281 2021-05-22 10:00 usr/doc/graphicsmagick-1.3.36/www/NEWS.html
-rw-r--r-- root/root     13073 2021-05-22 10:00 usr/doc/graphicsmagick-1.3.36/www/OpenMP.html
-rw-r--r-- root/root     22489 2021-05-22 10:00 usr/doc/graphicsmagick-1.3.36/www/README.html
-rw-r--r-- root/root     42815 2021-05-22 10:00 usr/doc/graphicsmagick-1.3.36/www/animate.html
drwxr-xr-x root/root         0 2021-05-22 10:00 usr/doc/graphicsmagick-1.3.36/www/api/
-rw-r--r-- root/root      5053 2021-05-22 10:00 usr/doc/graphicsmagick-1.3.36/www/api/animate.html
-rw-r--r-- root/root      4864 2021-05-22 10:00 usr/doc/graphicsmagick-1.3.36/www/api/annotate.html
-rw-r--r-- root/root     12557 2021-05-22 10:00 usr/doc/graphicsmagick-1.3.36/www/api/api.html
-rw-r--r-- root/root      8590 2021-05-22 10:00 usr/doc/graphicsmagick-1.3.36/www/api/attribute.html
-rw-r--r-- root/root      3437 2021-05-22 10:00 usr/doc/graphicsmagick-1.3.36/www/api/average.html
-rw-r--r-- root/root     29298 2021-05-22 10:00 usr/doc/graphicsmagick-1.3.36/www/api/blob.html
-rw-r--r-- root/root      3856 2021-05-22 10:00 usr/doc/graphicsmagick-1.3.36/www/api/cdl.html
-rw-r--r-- root/root     11853 2021-05-22 10:00 usr/doc/graphicsmagick-1.3.36/www/api/channel.html
-rw-r--r-- root/root      6060 2021-05-22 10:00 usr/doc/graphicsmagick-1.3.36/www/api/color.html
-rw-r--r-- root/root      6179 2021-05-22 10:00 usr/doc/graphicsmagick-1.3.36/www/api/colormap.html
-rw-r--r-- root/root     15031 2021-05-22 10:00 usr/doc/graphicsmagick-1.3.36/www/api/compare.html
-rw-r--r-- root/root      4532 2021-05-22 10:00 usr/doc/graphicsmagick-1.3.36/www/api/composite.html
-rw-r--r-- root/root      5023 2021-05-22 10:00 usr/doc/graphicsmagick-1.3.36/www/api/confirm_access.html
-rw-r--r-- root/root     18264 2021-05-22 10:00 usr/doc/graphicsmagick-1.3.36/www/api/constitute.html
-rw-r--r-- root/root      6840 2021-05-22 10:00 usr/doc/graphicsmagick-1.3.36/www/api/decorate.html
-rw-r--r-- root/root     14601 2021-05-22 10:00 usr/doc/graphicsmagick-1.3.36/www/api/deprecate.html
-rw-r--r-- root/root      3150 2021-05-22 10:00 usr/doc/graphicsmagick-1.3.36/www/api/describe.html
-rw-r--r-- root/root      5667 2021-05-22 10:00 usr/doc/graphicsmagick-1.3.36/www/api/display.html
-rw-r--r-- root/root    136336 2021-05-22 10:00 usr/doc/graphicsmagick-1.3.36/www/api/draw.html
-rw-r--r-- root/root     46112 2021-05-22 10:00 usr/doc/graphicsmagick-1.3.36/www/api/effect.html
-rw-r--r-- root/root     11794 2021-05-22 10:00 usr/doc/graphicsmagick-1.3.36/www/api/enhance.html
-rw-r--r-- root/root     17922 2021-05-22 10:00 usr/doc/graphicsmagick-1.3.36/www/api/error.html
-rw-r--r-- root/root      8827 2021-05-22 10:00 usr/doc/graphicsmagick-1.3.36/www/api/export.html
-rw-r--r-- root/root     19694 2021-05-22 10:00 usr/doc/graphicsmagick-1.3.36/www/api/fx.html
-rw-r--r-- root/root      4177 2021-05-22 10:00 usr/doc/graphicsmagick-1.3.36/www/api/hclut.html
-rw-r--r-- root/root     49004 2021-05-22 10:00 usr/doc/graphicsmagick-1.3.36/www/api/image.html
-rw-r--r-- root/root      8883 2021-05-22 10:00 usr/doc/graphicsmagick-1.3.36/www/api/import.html
-rw-r--r-- root/root     23267 2021-05-22 10:00 usr/doc/graphicsmagick-1.3.36/www/api/list.html
-rw-r--r-- root/root     14243 2021-05-22 10:00 usr/doc/graphicsmagick-1.3.36/www/api/log.html
-rw-r--r-- root/root     20257 2021-05-22 10:00 usr/doc/graphicsmagick-1.3.36/www/api/magick.html
-rw-r--r-- root/root     10833 2021-05-22 10:00 usr/doc/graphicsmagick-1.3.36/www/api/memory.html
-rw-r--r-- root/root      7070 2021-05-22 10:00 usr/doc/graphicsmagick-1.3.36/www/api/monitor.html
-rw-r--r-- root/root      7036 2021-05-22 10:00 usr/doc/graphicsmagick-1.3.36/www/api/montage.html
-rw-r--r-- root/root      7595 2021-05-22 10:00 usr/doc/graphicsmagick-1.3.36/www/api/operator.html
-rw-r--r-- root/root     10168 2021-05-22 10:00 usr/doc/graphicsmagick-1.3.36/www/api/paint.html
-rw-r--r-- root/root     49950 2021-05-22 10:00 usr/doc/graphicsmagick-1.3.36/www/api/pixel_cache.html
-rw-r--r-- root/root     32117 2021-05-22 10:00 usr/doc/graphicsmagick-1.3.36/www/api/pixel_iterator.html
-rw-r--r-- root/root      3395 2021-05-22 10:00 usr/doc/graphicsmagick-1.3.36/www/api/plasma.html
-rw-r--r-- root/root     14232 2021-05-22 10:00 usr/doc/graphicsmagick-1.3.36/www/api/profile.html
-rw-r--r-- root/root     15744 2021-05-22 10:00 usr/doc/graphicsmagick-1.3.36/www/api/quantize.html
-rw-r--r-- root/root      7187 2021-05-22 10:00 usr/doc/graphicsmagick-1.3.36/www/api/registry.html
-rw-r--r-- root/root     11739 2021-05-22 10:00 usr/doc/graphicsmagick-1.3.36/www/api/render.html
-rw-r--r-- root/root     11791 2021-05-22 10:00 usr/doc/graphicsmagick-1.3.36/www/api/resize.html
-rw-r--r-- root/root      8397 2021-05-22 10:00 usr/doc/graphicsmagick-1.3.36/www/api/resource.html
-rw-r--r-- root/root      4696 2021-05-22 10:00 usr/doc/graphicsmagick-1.3.36/www/api/segment.html
-rw-r--r-- root/root      9741 2021-05-22 10:00 usr/doc/graphicsmagick-1.3.36/www/api/shear.html
-rw-r--r-- root/root      6938 2021-05-22 10:00 usr/doc/graphicsmagick-1.3.36/www/api/signature.html
-rw-r--r-- root/root      3579 2021-05-22 10:00 usr/doc/graphicsmagick-1.3.36/www/api/statistics.html
-rw-r--r-- root/root      4932 2021-05-22 10:00 usr/doc/graphicsmagick-1.3.36/www/api/texture.html
-rw-r--r-- root/root     19891 2021-05-22 10:00 usr/doc/graphicsmagick-1.3.36/www/api/transform.html
-rw-r--r-- root/root     88892 2021-05-22 10:00 usr/doc/graphicsmagick-1.3.36/www/api/types.html
-rw-r--r-- root/root     20419 2021-05-22 10:00 usr/doc/graphicsmagick-1.3.36/www/api/widget.html
-rw-r--r-- root/root      8729 2021-05-22 10:00 usr/doc/graphicsmagick-1.3.36/www/authors.html
-rw-r--r-- root/root     10846 2021-05-22 10:00 usr/doc/graphicsmagick-1.3.36/www/batch.html
-rw-r--r-- root/root     12049 2021-05-22 10:00 usr/doc/graphicsmagick-1.3.36/www/benchmark.html
-rw-r--r-- root/root      7269 2021-05-22 10:00 usr/doc/graphicsmagick-1.3.36/www/benchmarks.html
-rw-r--r-- root/root      2965 2021-05-22 10:00 usr/doc/graphicsmagick-1.3.36/www/bugs.html
-rw-r--r-- root/root     30910 2021-05-22 10:00 usr/doc/graphicsmagick-1.3.36/www/color.html
-rw-r--r-- root/root     18631 2021-05-22 10:00 usr/doc/graphicsmagick-1.3.36/www/compare.html
-rw-r--r-- root/root     40840 2021-05-22 10:00 usr/doc/graphicsmagick-1.3.36/www/composite.html
-rw-r--r-- root/root      8123 2021-05-22 10:00 usr/doc/graphicsmagick-1.3.36/www/configure-target-setup.png
-rw-r--r-- root/root     15760 2021-05-22 10:00 usr/doc/graphicsmagick-1.3.36/www/conjure.html
-rw-r--r-- root/root      7012 2021-05-22 10:00 usr/doc/graphicsmagick-1.3.36/www/contribute.html
-rw-r--r-- root/root     92298 2021-05-22 10:00 usr/doc/graphicsmagick-1.3.36/www/convert.html
-rw-r--r-- root/root    143823 2021-05-22 10:00 usr/doc/graphicsmagick-1.3.36/www/display.html
-rw-r--r-- root/root      8768 2021-05-22 10:00 usr/doc/graphicsmagick-1.3.36/www/docutils-api.css
-rw-r--r-- root/root     10187 2021-05-22 10:00 usr/doc/graphicsmagick-1.3.36/www/docutils-articles.css
-rw-r--r-- root/root      5715 2021-05-22 10:00 usr/doc/graphicsmagick-1.3.36/www/download.html
-rw-r--r-- root/root       922 2021-05-22 10:00 usr/doc/graphicsmagick-1.3.36/www/favicon.ico
-rw-r--r-- root/root     41537 2021-05-22 10:00 usr/doc/graphicsmagick-1.3.36/www/formats.html
-rw-r--r-- root/root    908187 2021-05-22 10:00 usr/doc/graphicsmagick-1.3.36/www/gm.html
-rw-r--r-- root/root     13708 2021-05-22 10:00 usr/doc/graphicsmagick-1.3.36/www/identify.html
drwxr-xr-x root/root         0 2021-05-22 10:00 usr/doc/graphicsmagick-1.3.36/www/images/
-rw-r--r-- root/root       332 2021-05-22 10:00 usr/doc/graphicsmagick-1.3.36/www/images/ball.png
-rw-r--r-- root/root       207 2021-05-22 10:00 usr/doc/graphicsmagick-1.3.36/www/images/banner_bg.png
-rw-r--r-- root/root      1458 2021-05-22 10:00 usr/doc/graphicsmagick-1.3.36/www/images/gm-107x76.gif
-rw-r--r-- root/root      1486 2021-05-22 10:00 usr/doc/graphicsmagick-1.3.36/www/images/gm-107x76.png
-rw-r--r-- root/root      2728 2021-05-22 10:00 usr/doc/graphicsmagick-1.3.36/www/images/gm-125x80t.png
-rw-r--r-- root/root       177 2021-05-22 10:00 usr/doc/graphicsmagick-1.3.36/www/images/right_triangle.png
-rw-r--r-- root/root       177 2021-05-22 10:00 usr/doc/graphicsmagick-1.3.36/www/images/right_triangle_option.png
-rw-r--r-- root/root     31055 2021-05-22 10:00 usr/doc/graphicsmagick-1.3.36/www/import.html
-rw-r--r-- root/root      9820 2021-05-22 10:00 usr/doc/graphicsmagick-1.3.36/www/index.html
-rw-r--r-- root/root     15145 2021-05-22 10:00 usr/doc/graphicsmagick-1.3.36/www/links.html
-rw-r--r-- root/root      2421 2021-05-22 10:00 usr/doc/graphicsmagick-1.3.36/www/magick.css
-rw-r--r-- root/root     17855 2021-05-22 10:00 usr/doc/graphicsmagick-1.3.36/www/miff.html
-rw-r--r-- root/root      3395 2021-05-22 10:00 usr/doc/graphicsmagick-1.3.36/www/mission.html
-rw-r--r-- root/root     83637 2021-05-22 10:00 usr/doc/graphicsmagick-1.3.36/www/mogrify.html
-rw-r--r-- root/root     55316 2021-05-22 10:00 usr/doc/graphicsmagick-1.3.36/www/montage.html
-rw-r--r-- root/root     32792 2021-05-22 10:00 usr/doc/graphicsmagick-1.3.36/www/motion-picture.html
-rw-r--r-- root/root     55759 2021-05-22 10:00 usr/doc/graphicsmagick-1.3.36/www/perl.html
-rw-r--r-- root/root      6111 2021-05-22 10:00 usr/doc/graphicsmagick-1.3.36/www/process.html
-rw-r--r-- root/root      5669 2021-05-22 10:00 usr/doc/graphicsmagick-1.3.36/www/programming.html
-rw-r--r-- root/root      3907 2021-05-22 10:00 usr/doc/graphicsmagick-1.3.36/www/project.html
-rw-r--r-- root/root     12092 2021-05-22 10:00 usr/doc/graphicsmagick-1.3.36/www/quantize.html
-rw-r--r-- root/root      2477 2021-05-22 10:00 usr/doc/graphicsmagick-1.3.36/www/reference.html
-rw-r--r-- root/root     20051 2021-05-22 10:00 usr/doc/graphicsmagick-1.3.36/www/security.html
-rw-r--r-- root/root      8669 2021-05-22 10:00 usr/doc/graphicsmagick-1.3.36/www/smile.c
-rw-r--r-- root/root      6217 2021-05-22 10:00 usr/doc/graphicsmagick-1.3.36/www/thanks.html
-rw-r--r-- root/root      4878 2021-05-22 10:00 usr/doc/graphicsmagick-1.3.36/www/time.html
-rw-r--r-- root/root     11881 2021-05-22 10:00 usr/doc/graphicsmagick-1.3.36/www/tools.html
-rw-r--r-- root/root      5110 2021-05-22 10:00 usr/doc/graphicsmagick-1.3.36/www/utilities.html
-rw-r--r-- root/root      5832 2021-05-22 10:00 usr/doc/graphicsmagick-1.3.36/www/version.html
drwxr-xr-x root/root         0 2021-05-22 10:00 usr/doc/graphicsmagick-1.3.36/www/wand/
-rw-r--r-- root/root    122712 2021-05-22 10:00 usr/doc/graphicsmagick-1.3.36/www/wand/drawing_wand.html
-rw-r--r-- root/root    260390 2021-05-22 10:00 usr/doc/graphicsmagick-1.3.36/www/wand/magick_wand.html
-rw-r--r-- root/root     38765 2021-05-22 10:00 usr/doc/graphicsmagick-1.3.36/www/wand/pixel_wand.html
-rw-r--r-- root/root      5181 2021-05-22 10:00 usr/doc/graphicsmagick-1.3.36/www/wand/wand.html
drwxr-xr-x root/root         0 2021-05-22 10:00 usr/include/
drwxr-xr-x root/root         0 2021-05-22 10:00 usr/include/GraphicsMagick/
drwxr-xr-x root/root         0 2021-05-22 10:00 usr/include/GraphicsMagick/Magick++/
-rw-r--r-- root/root       419 2021-05-22 10:00 usr/include/GraphicsMagick/Magick++.h
-rw-r--r-- root/root      2384 2021-05-22 10:00 usr/include/GraphicsMagick/Magick++/Blob.h
-rw-r--r-- root/root      1575 2021-05-22 10:00 usr/include/GraphicsMagick/Magick++/CoderInfo.h
-rw-r--r-- root/root     11956 2021-05-22 10:00 usr/include/GraphicsMagick/Magick++/Color.h
-rw-r--r-- root/root     65254 2021-05-22 10:00 usr/include/GraphicsMagick/Magick++/Drawable.h
-rw-r--r-- root/root      7922 2021-05-22 10:00 usr/include/GraphicsMagick/Magick++/Exception.h
-rw-r--r-- root/root      4972 2021-05-22 10:00 usr/include/GraphicsMagick/Magick++/Geometry.h
-rw-r--r-- root/root     62745 2021-05-22 10:00 usr/include/GraphicsMagick/Magick++/Image.h
-rw-r--r-- root/root     37737 2021-05-22 10:00 usr/include/GraphicsMagick/Magick++/Include.h
-rw-r--r-- root/root     11771 2021-05-22 10:00 usr/include/GraphicsMagick/Magick++/Montage.h
-rw-r--r-- root/root      3578 2021-05-22 10:00 usr/include/GraphicsMagick/Magick++/Pixels.h
-rw-r--r-- root/root     69029 2021-05-22 10:00 usr/include/GraphicsMagick/Magick++/STL.h
-rw-r--r-- root/root      1271 2021-05-22 10:00 usr/include/GraphicsMagick/Magick++/TypeMetric.h
drwxr-xr-x root/root         0 2021-05-22 10:00 usr/include/GraphicsMagick/magick/
-rw-r--r-- root/root      1843 2021-05-22 10:00 usr/include/GraphicsMagick/magick/analyze.h
-rw-r--r-- root/root      3711 2021-05-22 10:00 usr/include/GraphicsMagick/magick/api.h
-rw-r--r-- root/root      1573 2021-05-22 10:00 usr/include/GraphicsMagick/magick/attribute.h
-rw-r--r-- root/root       878 2021-05-22 10:00 usr/include/GraphicsMagick/magick/average.h
-rw-r--r-- root/root     17578 2021-05-22 10:00 usr/include/GraphicsMagick/magick/blob.h
-rw-r--r-- root/root       657 2021-05-22 10:00 usr/include/GraphicsMagick/magick/cdl.h
-rw-r--r-- root/root      1439 2021-05-22 10:00 usr/include/GraphicsMagick/magick/channel.h
-rw-r--r-- root/root      1557 2021-05-22 10:00 usr/include/GraphicsMagick/magick/color.h
-rw-r--r-- root/root      1489 2021-05-22 10:00 usr/include/GraphicsMagick/magick/color_lookup.h
-rw-r--r-- root/root      1266 2021-05-22 10:00 usr/include/GraphicsMagick/magick/colormap.h
-rw-r--r-- root/root      3965 2021-05-22 10:00 usr/include/GraphicsMagick/magick/colorspace.h
-rw-r--r-- root/root      2636 2021-05-22 10:00 usr/include/GraphicsMagick/magick/command.h
-rw-r--r-- root/root     12225 2021-05-22 10:00 usr/include/GraphicsMagick/magick/common.h
-rw-r--r-- root/root      3070 2021-05-22 10:00 usr/include/GraphicsMagick/magick/compare.h
-rw-r--r-- root/root      1923 2021-05-22 10:00 usr/include/GraphicsMagick/magick/composite.h
-rw-r--r-- root/root      2440 2021-05-22 10:00 usr/include/GraphicsMagick/magick/compress.h
-rw-r--r-- root/root      1578 2021-05-22 10:00 usr/include/GraphicsMagick/magick/confirm_access.h
-rw-r--r-- root/root      7673 2021-05-22 10:00 usr/include/GraphicsMagick/magick/constitute.h
-rw-r--r-- root/root       987 2021-05-22 10:00 usr/include/GraphicsMagick/magick/decorate.h
-rw-r--r-- root/root      3824 2021-05-22 10:00 usr/include/GraphicsMagick/magick/delegate.h
-rw-r--r-- root/root      2862 2021-05-22 10:00 usr/include/GraphicsMagick/magick/deprecate.h
-rw-r--r-- root/root       901 2021-05-22 10:00 usr/include/GraphicsMagick/magick/describe.h
-rw-r--r-- root/root     11693 2021-05-22 10:00 usr/include/GraphicsMagick/magick/draw.h
-rw-r--r-- root/root      3094 2021-05-22 10:00 usr/include/GraphicsMagick/magick/effect.h
-rw-r--r-- root/root      1132 2021-05-22 10:00 usr/include/GraphicsMagick/magick/enhance.h
-rw-r--r-- root/root      5199 2021-05-22 10:00 usr/include/GraphicsMagick/magick/enum_strings.h
-rw-r--r-- root/root     10051 2021-05-22 10:00 usr/include/GraphicsMagick/magick/error.h
-rw-r--r-- root/root       982 2021-05-22 10:00 usr/include/GraphicsMagick/magick/forward.h
-rw-r--r-- root/root      1510 2021-05-22 10:00 usr/include/GraphicsMagick/magick/fx.h
-rw-r--r-- root/root      1803 2021-05-22 10:00 usr/include/GraphicsMagick/magick/gem.h
-rw-r--r-- root/root       880 2021-05-22 10:00 usr/include/GraphicsMagick/magick/gradient.h
-rw-r--r-- root/root       774 2021-05-22 10:00 usr/include/GraphicsMagick/magick/hclut.h
-rw-r--r-- root/root     31547 2021-05-22 10:00 usr/include/GraphicsMagick/magick/image.h
-rw-r--r-- root/root      1741 2021-05-22 10:00 usr/include/GraphicsMagick/magick/list.h
-rw-r--r-- root/root      4068 2021-05-22 10:00 usr/include/GraphicsMagick/magick/log.h
-rw-r--r-- root/root      1004 2021-05-22 10:00 usr/include/GraphicsMagick/magick/magic.h
-rw-r--r-- root/root      4930 2021-05-22 10:00 usr/include/GraphicsMagick/magick/magick.h
-rw-r--r-- root/root       684 2021-05-22 10:00 usr/include/GraphicsMagick/magick/magick_config.h
-rw-r--r-- root/root      4540 2021-05-22 10:00 usr/include/GraphicsMagick/magick/magick_types.h
-rw-r--r-- root/root      1581 2021-05-22 10:00 usr/include/GraphicsMagick/magick/memory.h
-rw-r--r-- root/root       915 2021-05-22 10:00 usr/include/GraphicsMagick/magick/module.h
-rw-r--r-- root/root      1650 2021-05-22 10:00 usr/include/GraphicsMagick/magick/monitor.h
-rw-r--r-- root/root      1050 2021-05-22 10:00 usr/include/GraphicsMagick/magick/montage.h
-rw-r--r-- root/root      3275 2021-05-22 10:00 usr/include/GraphicsMagick/magick/operator.h
-rw-r--r-- root/root      1124 2021-05-22 10:00 usr/include/GraphicsMagick/magick/paint.h
-rw-r--r-- root/root      8364 2021-05-22 10:00 usr/include/GraphicsMagick/magick/pixel_cache.h
-rw-r--r-- root/root     12034 2021-05-22 10:00 usr/include/GraphicsMagick/magick/pixel_iterator.h
-rw-r--r-- root/root       911 2021-05-22 10:00 usr/include/GraphicsMagick/magick/plasma.h
-rw-r--r-- root/root      2526 2021-05-22 10:00 usr/include/GraphicsMagick/magick/profile.h
-rw-r--r-- root/root      1751 2021-05-22 10:00 usr/include/GraphicsMagick/magick/quantize.h
-rw-r--r-- root/root      1340 2021-05-22 10:00 usr/include/GraphicsMagick/magick/random.h
-rw-r--r-- root/root      1360 2021-05-22 10:00 usr/include/GraphicsMagick/magick/registry.h
-rw-r--r-- root/root      6055 2021-05-22 10:00 usr/include/GraphicsMagick/magick/render.h
-rw-r--r-- root/root      1448 2021-05-22 10:00 usr/include/GraphicsMagick/magick/resize.h
-rw-r--r-- root/root      1896 2021-05-22 10:00 usr/include/GraphicsMagick/magick/resource.h
-rw-r--r-- root/root      1107 2021-05-22 10:00 usr/include/GraphicsMagick/magick/shear.h
-rw-r--r-- root/root      1183 2021-05-22 10:00 usr/include/GraphicsMagick/magick/signature.h
-rw-r--r-- root/root      1491 2021-05-22 10:00 usr/include/GraphicsMagick/magick/statistics.h
-rw-r--r-- root/root     53460 2021-05-22 10:00 usr/include/GraphicsMagick/magick/symbols.h
-rw-r--r-- root/root      1050 2021-05-22 10:00 usr/include/GraphicsMagick/magick/texture.h
-rw-r--r-- root/root      1348 2021-05-22 10:00 usr/include/GraphicsMagick/magick/timer.h
-rw-r--r-- root/root      1714 2021-05-22 10:00 usr/include/GraphicsMagick/magick/transform.h
-rw-r--r-- root/root      1860 2021-05-22 10:00 usr/include/GraphicsMagick/magick/type.h
-rw-r--r-- root/root      5677 2021-05-22 10:00 usr/include/GraphicsMagick/magick/utility.h
-rw-r--r-- root/root      3147 2021-05-22 10:00 usr/include/GraphicsMagick/magick/version.h
drwxr-xr-x root/root         0 2021-05-22 10:00 usr/include/GraphicsMagick/wand/
-rw-r--r-- root/root     16964 2021-05-22 10:00 usr/include/GraphicsMagick/wand/drawing_wand.h
-rw-r--r-- root/root     16969 2021-05-22 10:00 usr/include/GraphicsMagick/wand/magick_wand.h
-rw-r--r-- root/root      3065 2021-05-22 10:00 usr/include/GraphicsMagick/wand/pixel_wand.h
-rw-r--r-- root/root      1202 2021-05-22 10:00 usr/include/GraphicsMagick/wand/wand_api.h
-rw-r--r-- root/root     22267 2021-05-22 10:00 usr/include/GraphicsMagick/wand/wand_symbols.h
drwxr-xr-x root/root         0 2021-05-22 10:00 usr/lib64/
drwxr-xr-x root/root         0 2021-05-22 10:00 usr/lib64/GraphicsMagick-1.3.36/
drwxr-xr-x root/root         0 2021-05-22 10:00 usr/lib64/GraphicsMagick-1.3.36/config/
-rw-r--r-- root/root      7645 2021-05-22 10:00 usr/lib64/GraphicsMagick-1.3.36/config/delegates.mgk
-rw-r--r-- root/root     10644 2021-05-22 10:00 usr/lib64/GraphicsMagick-1.3.36/config/type-ghostscript.mgk
-rw-r--r-- root/root      5253 2021-05-22 10:00 usr/lib64/GraphicsMagick-1.3.36/config/type-solaris.mgk
-rw-r--r-- root/root     15792 2021-05-22 10:00 usr/lib64/GraphicsMagick-1.3.36/config/type-windows.mgk
-rw-r--r-- root/root        86 2021-05-22 10:00 usr/lib64/GraphicsMagick-1.3.36/config/type.mgk
drwxr-xr-x root/root         0 2021-05-22 10:00 usr/lib64/GraphicsMagick-1.3.36/modules-Q8/
drwxr-xr-x root/root         0 2021-05-22 10:00 usr/lib64/GraphicsMagick-1.3.36/modules-Q8/coders/
-rwxr-xr-x root/root      1045 2021-05-22 10:00 usr/lib64/GraphicsMagick-1.3.36/modules-Q8/coders/art.la
-rwxr-xr-x root/root     14496 2021-05-22 10:00 usr/lib64/GraphicsMagick-1.3.36/modules-Q8/coders/art.so
-rwxr-xr-x root/root      1045 2021-05-22 10:00 usr/lib64/GraphicsMagick-1.3.36/modules-Q8/coders/avs.la
-rwxr-xr-x root/root     14528 2021-05-22 10:00 usr/lib64/GraphicsMagick-1.3.36/modules-Q8/coders/avs.so
-rwxr-xr-x root/root      1045 2021-05-22 10:00 usr/lib64/GraphicsMagick-1.3.36/modules-Q8/coders/bmp.la
-rwxr-xr-x root/root     43352 2021-05-22 10:00 usr/lib64/GraphicsMagick-1.3.36/modules-Q8/coders/bmp.so
-rwxr-xr-x root/root      1069 2021-05-22 10:00 usr/lib64/GraphicsMagick-1.3.36/modules-Q8/coders/braille.la
-rwxr-xr-x root/root     14408 2021-05-22 10:00 usr/lib64/GraphicsMagick-1.3.36/modules-Q8/coders/braille.so
-rwxr-xr-x root/root      1051 2021-05-22 10:00 usr/lib64/GraphicsMagick-1.3.36/modules-Q8/coders/cals.la
-rwxr-xr-x root/root     18680 2021-05-22 10:00 usr/lib64/GraphicsMagick-1.3.36/modules-Q8/coders/cals.so
-rwxr-xr-x root/root      1069 2021-05-22 10:00 usr/lib64/GraphicsMagick-1.3.36/modules-Q8/coders/caption.la
-rwxr-xr-x root/root     14464 2021-05-22 10:00 usr/lib64/GraphicsMagick-1.3.36/modules-Q8/coders/caption.so
-rwxr-xr-x root/root      1063 2021-05-22 10:00 usr/lib64/GraphicsMagick-1.3.36/modules-Q8/coders/cineon.la
-rwxr-xr-x root/root     35200 2021-05-22 10:00 usr/lib64/GraphicsMagick-1.3.36/modules-Q8/coders/cineon.so
-rwxr-xr-x root/root      1051 2021-05-22 10:00 usr/lib64/GraphicsMagick-1.3.36/modules-Q8/coders/cmyk.la
-rwxr-xr-x root/root     26896 2021-05-22 10:00 usr/lib64/GraphicsMagick-1.3.36/modules-Q8/coders/cmyk.so
-rwxr-xr-x root/root      1045 2021-05-22 10:00 usr/lib64/GraphicsMagick-1.3.36/modules-Q8/coders/cut.la
-rwxr-xr-x root/root     18648 2021-05-22 10:00 usr/lib64/GraphicsMagick-1.3.36/modules-Q8/coders/cut.so
-rwxr-xr-x root/root      1045 2021-05-22 10:00 usr/lib64/GraphicsMagick-1.3.36/modules-Q8/coders/dcm.la
-rwxr-xr-x root/root    109056 2021-05-22 10:00 usr/lib64/GraphicsMagick-1.3.36/modules-Q8/coders/dcm.so
-rwxr-xr-x root/root      1057 2021-05-22 10:00 usr/lib64/GraphicsMagick-1.3.36/modules-Q8/coders/dcraw.la
-rwxr-xr-x root/root     14368 2021-05-22 10:00 usr/lib64/GraphicsMagick-1.3.36/modules-Q8/coders/dcraw.so
-rwxr-xr-x root/root      1045 2021-05-22 10:00 usr/lib64/GraphicsMagick-1.3.36/modules-Q8/coders/dib.la
-rwxr-xr-x root/root     31032 2021-05-22 10:00 usr/lib64/GraphicsMagick-1.3.36/modules-Q8/coders/dib.so
-rwxr-xr-x root/root      1045 2021-05-22 10:00 usr/lib64/GraphicsMagick-1.3.36/modules-Q8/coders/dpx.la
-rwxr-xr-x root/root     72208 2021-05-22 10:00 usr/lib64/GraphicsMagick-1.3.36/modules-Q8/coders/dpx.so
-rwxr-xr-x root/root      1045 2021-05-22 10:00 usr/lib64/GraphicsMagick-1.3.36/modules-Q8/coders/ept.la
-rwxr-xr-x root/root     22904 2021-05-22 10:00 usr/lib64/GraphicsMagick-1.3.36/modules-Q8/coders/ept.so
-rwxr-xr-x root/root      1045 2021-05-22 10:00 usr/lib64/GraphicsMagick-1.3.36/modules-Q8/coders/fax.la
-rwxr-xr-x root/root     14480 2021-05-22 10:00 usr/lib64/GraphicsMagick-1.3.36/modules-Q8/coders/fax.so
-rwxr-xr-x root/root      1051 2021-05-22 10:00 usr/lib64/GraphicsMagick-1.3.36/modules-Q8/coders/fits.la
-rwxr-xr-x root/root     26928 2021-05-22 10:00 usr/lib64/GraphicsMagick-1.3.36/modules-Q8/coders/fits.so
-rwxr-xr-x root/root      1045 2021-05-22 10:00 usr/lib64/GraphicsMagick-1.3.36/modules-Q8/coders/gif.la
-rwxr-xr-x root/root     31080 2021-05-22 10:00 usr/lib64/GraphicsMagick-1.3.36/modules-Q8/coders/gif.so
-rwxr-xr-x root/root      1075 2021-05-22 10:00 usr/lib64/GraphicsMagick-1.3.36/modules-Q8/coders/gradient.la
-rwxr-xr-x root/root     14456 2021-05-22 10:00 usr/lib64/GraphicsMagick-1.3.36/modules-Q8/coders/gradient.so
-rwxr-xr-x root/root      1051 2021-05-22 10:00 usr/lib64/GraphicsMagick-1.3.36/modules-Q8/coders/gray.la
-rwxr-xr-x root/root     18672 2021-05-22 10:00 usr/lib64/GraphicsMagick-1.3.36/modules-Q8/coders/gray.so
-rwxr-xr-x root/root      1081 2021-05-22 10:00 usr/lib64/GraphicsMagick-1.3.36/modules-Q8/coders/histogram.la
-rwxr-xr-x root/root     14568 2021-05-22 10:00 usr/lib64/GraphicsMagick-1.3.36/modules-Q8/coders/histogram.so
-rwxr-xr-x root/root      1045 2021-05-22 10:00 usr/lib64/GraphicsMagick-1.3.36/modules-Q8/coders/hrz.la
-rwxr-xr-x root/root     14440 2021-05-22 10:00 usr/lib64/GraphicsMagick-1.3.36/modules-Q8/coders/hrz.so
-rwxr-xr-x root/root      1051 2021-05-22 10:00 usr/lib64/GraphicsMagick-1.3.36/modules-Q8/coders/html.la
-rwxr-xr-x root/root     14536 2021-05-22 10:00 usr/lib64/GraphicsMagick-1.3.36/modules-Q8/coders/html.so
-rwxr-xr-x root/root      1051 2021-05-22 10:00 usr/lib64/GraphicsMagick-1.3.36/modules-Q8/coders/icon.la
-rwxr-xr-x root/root     14568 2021-05-22 10:00 usr/lib64/GraphicsMagick-1.3.36/modules-Q8/coders/icon.so
-rwxr-xr-x root/root      1075 2021-05-22 10:00 usr/lib64/GraphicsMagick-1.3.36/modules-Q8/coders/identity.la
-rwxr-xr-x root/root     14384 2021-05-22 10:00 usr/lib64/GraphicsMagick-1.3.36/modules-Q8/coders/identity.so
-rwxr-xr-x root/root      1051 2021-05-22 10:00 usr/lib64/GraphicsMagick-1.3.36/modules-Q8/coders/info.la
-rwxr-xr-x root/root     14480 2021-05-22 10:00 usr/lib64/GraphicsMagick-1.3.36/modules-Q8/coders/info.so
-rwxr-xr-x root/root      1052 2021-05-22 10:00 usr/lib64/GraphicsMagick-1.3.36/modules-Q8/coders/jnx.la
-rwxr-xr-x root/root     18664 2021-05-22 10:00 usr/lib64/GraphicsMagick-1.3.36/modules-Q8/coders/jnx.so
-rwxr-xr-x root/root      1061 2021-05-22 10:00 usr/lib64/GraphicsMagick-1.3.36/modules-Q8/coders/jp2.la
-rwxr-xr-x root/root     27016 2021-05-22 10:00 usr/lib64/GraphicsMagick-1.3.36/modules-Q8/coders/jp2.so
-rwxr-xr-x root/root      1058 2021-05-22 10:00 usr/lib64/GraphicsMagick-1.3.36/modules-Q8/coders/jpeg.la
-rwxr-xr-x root/root     47688 2021-05-22 10:00 usr/lib64/GraphicsMagick-1.3.36/modules-Q8/coders/jpeg.so
-rwxr-xr-x root/root      1057 2021-05-22 10:00 usr/lib64/GraphicsMagick-1.3.36/modules-Q8/coders/label.la
-rwxr-xr-x root/root     14440 2021-05-22 10:00 usr/lib64/GraphicsMagick-1.3.36/modules-Q8/coders/label.so
-rwxr-xr-x root/root      1063 2021-05-22 10:00 usr/lib64/GraphicsMagick-1.3.36/modules-Q8/coders/locale.la
-rwxr-xr-x root/root     31000 2021-05-22 10:00 usr/lib64/GraphicsMagick-1.3.36/modules-Q8/coders/locale.so
-rwxr-xr-x root/root      1051 2021-05-22 10:00 usr/lib64/GraphicsMagick-1.3.36/modules-Q8/coders/logo.la
-rwxr-xr-x root/root     71912 2021-05-22 10:00 usr/lib64/GraphicsMagick-1.3.36/modules-Q8/coders/logo.so
-rwxr-xr-x root/root      1045 2021-05-22 10:00 usr/lib64/GraphicsMagick-1.3.36/modules-Q8/coders/mac.la
-rwxr-xr-x root/root     14464 2021-05-22 10:00 usr/lib64/GraphicsMagick-1.3.36/modules-Q8/coders/mac.so
-rwxr-xr-x root/root      1045 2021-05-22 10:00 usr/lib64/GraphicsMagick-1.3.36/modules-Q8/coders/map.la
-rwxr-xr-x root/root     14480 2021-05-22 10:00 usr/lib64/GraphicsMagick-1.3.36/modules-Q8/coders/map.so
-rwxr-xr-x root/root      1045 2021-05-22 10:00 usr/lib64/GraphicsMagick-1.3.36/modules-Q8/coders/mat.la
-rwxr-xr-x root/root     31160 2021-05-22 10:00 usr/lib64/GraphicsMagick-1.3.36/modules-Q8/coders/mat.so
-rwxr-xr-x root/root      1057 2021-05-22 10:00 usr/lib64/GraphicsMagick-1.3.36/modules-Q8/coders/matte.la
-rwxr-xr-x root/root     14416 2021-05-22 10:00 usr/lib64/GraphicsMagick-1.3.36/modules-Q8/coders/matte.so
-rwxr-xr-x root/root      1051 2021-05-22 10:00 usr/lib64/GraphicsMagick-1.3.36/modules-Q8/coders/meta.la
-rwxr-xr-x root/root     39256 2021-05-22 10:00 usr/lib64/GraphicsMagick-1.3.36/modules-Q8/coders/meta.so
-rwxr-xr-x root/root      1051 2021-05-22 10:00 usr/lib64/GraphicsMagick-1.3.36/modules-Q8/coders/miff.la
-rwxr-xr-x root/root     55984 2021-05-22 10:00 usr/lib64/GraphicsMagick-1.3.36/modules-Q8/coders/miff.so
-rwxr-xr-x root/root      1051 2021-05-22 10:00 usr/lib64/GraphicsMagick-1.3.36/modules-Q8/coders/mono.la
-rwxr-xr-x root/root     14488 2021-05-22 10:00 usr/lib64/GraphicsMagick-1.3.36/modules-Q8/coders/mono.so
-rwxr-xr-x root/root      1045 2021-05-22 10:00 usr/lib64/GraphicsMagick-1.3.36/modules-Q8/coders/mpc.la
-rwxr-xr-x root/root     35248 2021-05-22 10:00 usr/lib64/GraphicsMagick-1.3.36/modules-Q8/coders/mpc.so
-rwxr-xr-x root/root      1051 2021-05-22 10:00 usr/lib64/GraphicsMagick-1.3.36/modules-Q8/coders/mpeg.la
-rwxr-xr-x root/root     18648 2021-05-22 10:00 usr/lib64/GraphicsMagick-1.3.36/modules-Q8/coders/mpeg.so
-rwxr-xr-x root/root      1045 2021-05-22 10:00 usr/lib64/GraphicsMagick-1.3.36/modules-Q8/coders/mpr.la
-rwxr-xr-x root/root     14400 2021-05-22 10:00 usr/lib64/GraphicsMagick-1.3.36/modules-Q8/coders/mpr.so
-rwxr-xr-x root/root      1052 2021-05-22 10:00 usr/lib64/GraphicsMagick-1.3.36/modules-Q8/coders/msl.la
-rwxr-xr-x root/root     64448 2021-05-22 10:00 usr/lib64/GraphicsMagick-1.3.36/modules-Q8/coders/msl.so
-rwxr-xr-x root/root      1045 2021-05-22 10:00 usr/lib64/GraphicsMagick-1.3.36/modules-Q8/coders/mtv.la
-rwxr-xr-x root/root     14544 2021-05-22 10:00 usr/lib64/GraphicsMagick-1.3.36/modules-Q8/coders/mtv.so
-rwxr-xr-x root/root      1045 2021-05-22 10:00 usr/lib64/GraphicsMagick-1.3.36/modules-Q8/coders/mvg.la
-rwxr-xr-x root/root     14528 2021-05-22 10:00 usr/lib64/GraphicsMagick-1.3.36/modules-Q8/coders/mvg.so
-rwxr-xr-x root/root      1051 2021-05-22 10:00 usr/lib64/GraphicsMagick-1.3.36/modules-Q8/coders/null.la
-rwxr-xr-x root/root     14424 2021-05-22 10:00 usr/lib64/GraphicsMagick-1.3.36/modules-Q8/coders/null.so
-rwxr-xr-x root/root      1045 2021-05-22 10:00 usr/lib64/GraphicsMagick-1.3.36/modules-Q8/coders/otb.la
-rwxr-xr-x root/root     14512 2021-05-22 10:00 usr/lib64/GraphicsMagick-1.3.36/modules-Q8/coders/otb.so
-rwxr-xr-x root/root      1051 2021-05-22 10:00 usr/lib64/GraphicsMagick-1.3.36/modules-Q8/coders/palm.la
-rwxr-xr-x root/root     18632 2021-05-22 10:00 usr/lib64/GraphicsMagick-1.3.36/modules-Q8/coders/palm.so
-rwxr-xr-x root/root      1045 2021-05-22 10:00 usr/lib64/GraphicsMagick-1.3.36/modules-Q8/coders/pcd.la
-rwxr-xr-x root/root     27000 2021-05-22 10:00 usr/lib64/GraphicsMagick-1.3.36/modules-Q8/coders/pcd.so
-rwxr-xr-x root/root      1045 2021-05-22 10:00 usr/lib64/GraphicsMagick-1.3.36/modules-Q8/coders/pcl.la
-rwxr-xr-x root/root     18576 2021-05-22 10:00 usr/lib64/GraphicsMagick-1.3.36/modules-Q8/coders/pcl.so
-rwxr-xr-x root/root      1045 2021-05-22 10:00 usr/lib64/GraphicsMagick-1.3.36/modules-Q8/coders/pcx.la
-rwxr-xr-x root/root     31032 2021-05-22 10:00 usr/lib64/GraphicsMagick-1.3.36/modules-Q8/coders/pcx.so
-rwxr-xr-x root/root      1045 2021-05-22 10:00 usr/lib64/GraphicsMagick-1.3.36/modules-Q8/coders/pdb.la
-rwxr-xr-x root/root     26952 2021-05-22 10:00 usr/lib64/GraphicsMagick-1.3.36/modules-Q8/coders/pdb.so
-rwxr-xr-x root/root      1045 2021-05-22 10:00 usr/lib64/GraphicsMagick-1.3.36/modules-Q8/coders/pdf.la
-rwxr-xr-x root/root     39472 2021-05-22 10:00 usr/lib64/GraphicsMagick-1.3.36/modules-Q8/coders/pdf.so
-rwxr-xr-x root/root      1051 2021-05-22 10:00 usr/lib64/GraphicsMagick-1.3.36/modules-Q8/coders/pict.la
-rwxr-xr-x root/root     43424 2021-05-22 10:00 usr/lib64/GraphicsMagick-1.3.36/modules-Q8/coders/pict.so
-rwxr-xr-x root/root      1045 2021-05-22 10:00 usr/lib64/GraphicsMagick-1.3.36/modules-Q8/coders/pix.la
-rwxr-xr-x root/root     14520 2021-05-22 10:00 usr/lib64/GraphicsMagick-1.3.36/modules-Q8/coders/pix.so
-rwxr-xr-x root/root      1063 2021-05-22 10:00 usr/lib64/GraphicsMagick-1.3.36/modules-Q8/coders/plasma.la
-rwxr-xr-x root/root     14424 2021-05-22 10:00 usr/lib64/GraphicsMagick-1.3.36/modules-Q8/coders/plasma.so
-rwxr-xr-x root/root      1060 2021-05-22 10:00 usr/lib64/GraphicsMagick-1.3.36/modules-Q8/coders/png.la
-rwxr-xr-x root/root    126208 2021-05-22 10:00 usr/lib64/GraphicsMagick-1.3.36/modules-Q8/coders/png.so
-rwxr-xr-x root/root      1045 2021-05-22 10:00 usr/lib64/GraphicsMagick-1.3.36/modules-Q8/coders/pnm.la
-rwxr-xr-x root/root     39328 2021-05-22 10:00 usr/lib64/GraphicsMagick-1.3.36/modules-Q8/coders/pnm.so
-rwxr-xr-x root/root      1069 2021-05-22 10:00 usr/lib64/GraphicsMagick-1.3.36/modules-Q8/coders/preview.la
-rwxr-xr-x root/root     22968 2021-05-22 10:00 usr/lib64/GraphicsMagick-1.3.36/modules-Q8/coders/preview.so
-rwxr-xr-x root/root      1039 2021-05-22 10:00 usr/lib64/GraphicsMagick-1.3.36/modules-Q8/coders/ps.la
-rwxr-xr-x root/root     39360 2021-05-22 10:00 usr/lib64/GraphicsMagick-1.3.36/modules-Q8/coders/ps.so
-rwxr-xr-x root/root      1083 2021-05-22 10:00 usr/lib64/GraphicsMagick-1.3.36/modules-Q8/coders/ps2.la
-rwxr-xr-x root/root     31152 2021-05-22 10:00 usr/lib64/GraphicsMagick-1.3.36/modules-Q8/coders/ps2.so
-rwxr-xr-x root/root      1083 2021-05-22 10:00 usr/lib64/GraphicsMagick-1.3.36/modules-Q8/coders/ps3.la
-rwxr-xr-x root/root     39432 2021-05-22 10:00 usr/lib64/GraphicsMagick-1.3.36/modules-Q8/coders/ps3.so
-rwxr-xr-x root/root      1045 2021-05-22 10:00 usr/lib64/GraphicsMagick-1.3.36/modules-Q8/coders/pwp.la
-rwxr-xr-x root/root     14544 2021-05-22 10:00 usr/lib64/GraphicsMagick-1.3.36/modules-Q8/coders/pwp.so
-rwxr-xr-x root/root      1045 2021-05-22 10:00 usr/lib64/GraphicsMagick-1.3.36/modules-Q8/coders/rgb.la
-rwxr-xr-x root/root     26896 2021-05-22 10:00 usr/lib64/GraphicsMagick-1.3.36/modules-Q8/coders/rgb.so
-rwxr-xr-x root/root      1045 2021-05-22 10:00 usr/lib64/GraphicsMagick-1.3.36/modules-Q8/coders/rla.la
-rwxr-xr-x root/root     18608 2021-05-22 10:00 usr/lib64/GraphicsMagick-1.3.36/modules-Q8/coders/rla.so
-rwxr-xr-x root/root      1045 2021-05-22 10:00 usr/lib64/GraphicsMagick-1.3.36/modules-Q8/coders/rle.la
-rwxr-xr-x root/root     22744 2021-05-22 10:00 usr/lib64/GraphicsMagick-1.3.36/modules-Q8/coders/rle.so
-rwxr-xr-x root/root      1045 2021-05-22 10:00 usr/lib64/GraphicsMagick-1.3.36/modules-Q8/coders/sct.la
-rwxr-xr-x root/root     14464 2021-05-22 10:00 usr/lib64/GraphicsMagick-1.3.36/modules-Q8/coders/sct.so
-rwxr-xr-x root/root      1045 2021-05-22 10:00 usr/lib64/GraphicsMagick-1.3.36/modules-Q8/coders/sfw.la
-rwxr-xr-x root/root     14528 2021-05-22 10:00 usr/lib64/GraphicsMagick-1.3.36/modules-Q8/coders/sfw.so
-rwxr-xr-x root/root      1045 2021-05-22 10:00 usr/lib64/GraphicsMagick-1.3.36/modules-Q8/coders/sgi.la
-rwxr-xr-x root/root     31008 2021-05-22 10:00 usr/lib64/GraphicsMagick-1.3.36/modules-Q8/coders/sgi.so
-rwxr-xr-x root/root      1069 2021-05-22 10:00 usr/lib64/GraphicsMagick-1.3.36/modules-Q8/coders/stegano.la
-rwxr-xr-x root/root     14456 2021-05-22 10:00 usr/lib64/GraphicsMagick-1.3.36/modules-Q8/coders/stegano.so
-rwxr-xr-x root/root      1045 2021-05-22 10:00 usr/lib64/GraphicsMagick-1.3.36/modules-Q8/coders/sun.la
-rwxr-xr-x root/root     26896 2021-05-22 10:00 usr/lib64/GraphicsMagick-1.3.36/modules-Q8/coders/sun.so
-rwxr-xr-x root/root      1052 2021-05-22 10:00 usr/lib64/GraphicsMagick-1.3.36/modules-Q8/coders/svg.la
-rwxr-xr-x root/root     60096 2021-05-22 10:00 usr/lib64/GraphicsMagick-1.3.36/modules-Q8/coders/svg.so
-rwxr-xr-x root/root      1045 2021-05-22 10:00 usr/lib64/GraphicsMagick-1.3.36/modules-Q8/coders/tga.la
-rwxr-xr-x root/root     22808 2021-05-22 10:00 usr/lib64/GraphicsMagick-1.3.36/modules-Q8/coders/tga.so
-rwxr-xr-x root/root      1089 2021-05-22 10:00 usr/lib64/GraphicsMagick-1.3.36/modules-Q8/coders/tiff.la
-rwxr-xr-x root/root     76752 2021-05-22 10:00 usr/lib64/GraphicsMagick-1.3.36/modules-Q8/coders/tiff.so
-rwxr-xr-x root/root      1051 2021-05-22 10:00 usr/lib64/GraphicsMagick-1.3.36/modules-Q8/coders/tile.la
-rwxr-xr-x root/root     14408 2021-05-22 10:00 usr/lib64/GraphicsMagick-1.3.36/modules-Q8/coders/tile.so
-rwxr-xr-x root/root      1045 2021-05-22 10:00 usr/lib64/GraphicsMagick-1.3.36/modules-Q8/coders/tim.la
-rwxr-xr-x root/root     18656 2021-05-22 10:00 usr/lib64/GraphicsMagick-1.3.36/modules-Q8/coders/tim.so
-rwxr-xr-x root/root      1057 2021-05-22 10:00 usr/lib64/GraphicsMagick-1.3.36/modules-Q8/coders/topol.la
-rwxr-xr-x root/root     26880 2021-05-22 10:00 usr/lib64/GraphicsMagick-1.3.36/modules-Q8/coders/topol.so
-rwxr-xr-x root/root      1045 2021-05-22 10:00 usr/lib64/GraphicsMagick-1.3.36/modules-Q8/coders/ttf.la
-rwxr-xr-x root/root     14536 2021-05-22 10:00 usr/lib64/GraphicsMagick-1.3.36/modules-Q8/coders/ttf.so
-rwxr-xr-x root/root      1045 2021-05-22 10:00 usr/lib64/GraphicsMagick-1.3.36/modules-Q8/coders/txt.la
-rwxr-xr-x root/root     27064 2021-05-22 10:00 usr/lib64/GraphicsMagick-1.3.36/modules-Q8/coders/txt.so
-rwxr-xr-x root/root      1045 2021-05-22 10:00 usr/lib64/GraphicsMagick-1.3.36/modules-Q8/coders/uil.la
-rwxr-xr-x root/root     14472 2021-05-22 10:00 usr/lib64/GraphicsMagick-1.3.36/modules-Q8/coders/uil.so
-rwxr-xr-x root/root      1052 2021-05-22 10:00 usr/lib64/GraphicsMagick-1.3.36/modules-Q8/coders/url.la
-rwxr-xr-x root/root     14512 2021-05-22 10:00 usr/lib64/GraphicsMagick-1.3.36/modules-Q8/coders/url.so
-rwxr-xr-x root/root      1051 2021-05-22 10:00 usr/lib64/GraphicsMagick-1.3.36/modules-Q8/coders/uyvy.la
-rwxr-xr-x root/root     14456 2021-05-22 10:00 usr/lib64/GraphicsMagick-1.3.36/modules-Q8/coders/uyvy.so
-rwxr-xr-x root/root      1057 2021-05-22 10:00 usr/lib64/GraphicsMagick-1.3.36/modules-Q8/coders/vicar.la
-rwxr-xr-x root/root     18640 2021-05-22 10:00 usr/lib64/GraphicsMagick-1.3.36/modules-Q8/coders/vicar.so
-rwxr-xr-x root/root      1045 2021-05-22 10:00 usr/lib64/GraphicsMagick-1.3.36/modules-Q8/coders/vid.la
-rwxr-xr-x root/root     14568 2021-05-22 10:00 usr/lib64/GraphicsMagick-1.3.36/modules-Q8/coders/vid.so
-rwxr-xr-x root/root      1051 2021-05-22 10:00 usr/lib64/GraphicsMagick-1.3.36/modules-Q8/coders/viff.la
-rwxr-xr-x root/root     31048 2021-05-22 10:00 usr/lib64/GraphicsMagick-1.3.36/modules-Q8/coders/viff.so
-rwxr-xr-x root/root      1051 2021-05-22 10:00 usr/lib64/GraphicsMagick-1.3.36/modules-Q8/coders/wbmp.la
-rwxr-xr-x root/root     14512 2021-05-22 10:00 usr/lib64/GraphicsMagick-1.3.36/modules-Q8/coders/wbmp.so
-rwxr-xr-x root/root      1068 2021-05-22 10:00 usr/lib64/GraphicsMagick-1.3.36/modules-Q8/coders/webp.la
-rwxr-xr-x root/root     27024 2021-05-22 10:00 usr/lib64/GraphicsMagick-1.3.36/modules-Q8/coders/webp.so
-rwxr-xr-x root/root      1055 2021-05-22 10:00 usr/lib64/GraphicsMagick-1.3.36/modules-Q8/coders/wmf.la
-rwxr-xr-x root/root     43760 2021-05-22 10:00 usr/lib64/GraphicsMagick-1.3.36/modules-Q8/coders/wmf.so
-rwxr-xr-x root/root      1045 2021-05-22 10:00 usr/lib64/GraphicsMagick-1.3.36/modules-Q8/coders/wpg.la
-rwxr-xr-x root/root     35200 2021-05-22 10:00 usr/lib64/GraphicsMagick-1.3.36/modules-Q8/coders/wpg.so
-rwxr-xr-x root/root      1033 2021-05-22 10:00 usr/lib64/GraphicsMagick-1.3.36/modules-Q8/coders/x.la
-rwxr-xr-x root/root     14344 2021-05-22 10:00 usr/lib64/GraphicsMagick-1.3.36/modules-Q8/coders/x.so
-rwxr-xr-x root/root      1045 2021-05-22 10:00 usr/lib64/GraphicsMagick-1.3.36/modules-Q8/coders/xbm.la
-rwxr-xr-x root/root     18672 2021-05-22 10:00 usr/lib64/GraphicsMagick-1.3.36/modules-Q8/coders/xbm.so
-rwxr-xr-x root/root      1039 2021-05-22 10:00 usr/lib64/GraphicsMagick-1.3.36/modules-Q8/coders/xc.la
-rwxr-xr-x root/root     14424 2021-05-22 10:00 usr/lib64/GraphicsMagick-1.3.36/modules-Q8/coders/xc.so
-rwxr-xr-x root/root      1045 2021-05-22 10:00 usr/lib64/GraphicsMagick-1.3.36/modules-Q8/coders/xcf.la
-rwxr-xr-x root/root     26856 2021-05-22 10:00 usr/lib64/GraphicsMagick-1.3.36/modules-Q8/coders/xcf.so
-rwxr-xr-x root/root      1045 2021-05-22 10:00 usr/lib64/GraphicsMagick-1.3.36/modules-Q8/coders/xpm.la
-rwxr-xr-x root/root     27000 2021-05-22 10:00 usr/lib64/GraphicsMagick-1.3.36/modules-Q8/coders/xpm.so
-rwxr-xr-x root/root      1045 2021-05-22 10:00 usr/lib64/GraphicsMagick-1.3.36/modules-Q8/coders/xwd.la
-rwxr-xr-x root/root     22768 2021-05-22 10:00 usr/lib64/GraphicsMagick-1.3.36/modules-Q8/coders/xwd.so
-rwxr-xr-x root/root      1045 2021-05-22 10:00 usr/lib64/GraphicsMagick-1.3.36/modules-Q8/coders/yuv.la
-rwxr-xr-x root/root     18664 2021-05-22 10:00 usr/lib64/GraphicsMagick-1.3.36/modules-Q8/coders/yuv.so
drwxr-xr-x root/root         0 2021-05-22 10:00 usr/lib64/GraphicsMagick-1.3.36/modules-Q8/filters/
-rwxr-xr-x root/root      1070 2021-05-22 10:00 usr/lib64/GraphicsMagick-1.3.36/modules-Q8/filters/analyze.la
-rwxr-xr-x root/root     14344 2021-05-22 10:00 usr/lib64/GraphicsMagick-1.3.36/modules-Q8/filters/analyze.so
-rwxr-xr-x root/root    500680 2021-05-22 10:00 usr/lib64/libGraphicsMagick++.so.12.5.0
-rwxr-xr-x root/root   1729160 2021-05-22 10:00 usr/lib64/libGraphicsMagick.so.3.22.0
-rwxr-xr-x root/root    196432 2021-05-22 10:00 usr/lib64/libGraphicsMagickWand.so.2.9.5
drwxr-xr-x root/root         0 2021-05-22 10:00 usr/lib64/pkgconfig/
-rw-r--r-- root/root       261 2021-05-22 10:00 usr/lib64/pkgconfig/GraphicsMagick++.pc
-rw-r--r-- root/root       248 2021-05-22 10:00 usr/lib64/pkgconfig/GraphicsMagick.pc
-rw-r--r-- root/root       257 2021-05-22 10:00 usr/lib64/pkgconfig/GraphicsMagickWand.pc
drwxr-xr-x root/root         0 2021-05-22 10:00 usr/man/
drwxr-xr-x root/root         0 2021-05-22 10:00 usr/man/man1/
-rw-r--r-- root/root       738 2021-05-22 10:00 usr/man/man1/GraphicsMagick++-config.1.gz
-rw-r--r-- root/root       697 2021-05-22 10:00 usr/man/man1/GraphicsMagick-config.1.gz
-rw-r--r-- root/root       706 2021-05-22 10:00 usr/man/man1/GraphicsMagickWand-config.1.gz
-rw-r--r-- root/root     87418 2021-05-22 10:00 usr/man/man1/gm.1.gz
drwxr-xr-x root/root         0 2021-05-22 10:00 usr/man/man4/
-rw-r--r-- root/root      4463 2021-05-22 10:00 usr/man/man4/miff.4.gz
drwxr-xr-x root/root         0 2021-05-22 10:00 usr/man/man5/
-rw-r--r-- root/root      4422 2021-05-22 10:00 usr/man/man5/quantize.5.gz
drwxr-xr-x root/root         0 2021-05-22 10:00 usr/share/
drwxr-xr-x root/root         0 2021-05-22 10:00 usr/share/GraphicsMagick-1.3.36/
drwxr-xr-x root/root         0 2021-05-22 10:00 usr/share/GraphicsMagick-1.3.36/config/
-rw-r--r-- root/root       497 2021-05-22 10:00 usr/share/GraphicsMagick-1.3.36/config/colors.mgk
-rw-r--r-- root/root      2513 2021-05-22 10:00 usr/share/GraphicsMagick-1.3.36/config/log.mgk
-rw-r--r-- root/root       439 2021-05-22 10:00 usr/share/GraphicsMagick-1.3.36/config/modules.mgk


