++========================================
||
||   Package:  ./graphicsmagick/graphicsmagick-1.3.40-x86_64-1cf.txz
||
++========================================
drwxr-xr-x root/root         0 2023-01-16 14:24 ./
drwxr-xr-x root/root         0 2023-01-16 14:24 install/
-rw-r--r-- root/root       780 2023-01-16 14:24 install/doinst.sh
-rw-r--r-- root/root       972 2023-01-16 14:24 install/slack-desc
drwxr-xr-x root/root         0 2023-01-16 14:24 usr/
drwxr-xr-x root/root         0 2023-01-16 14:24 usr/bin/
-rwxr-xr-x root/root      1268 2023-01-16 14:24 usr/bin/GraphicsMagick++-config
-rwxr-xr-x root/root      1262 2023-01-16 14:24 usr/bin/GraphicsMagick-config
-rwxr-xr-x root/root      1239 2023-01-16 14:24 usr/bin/GraphicsMagickWand-config
-rwxr-xr-x root/root     14384 2023-01-16 14:24 usr/bin/gm
drwxr-xr-x root/root         0 2023-01-16 14:24 usr/doc/
drwxr-xr-x root/root         0 2023-01-16 14:24 usr/doc/graphicsmagick-1.3.40/
-rw-r--r-- root/root      3855 2023-01-14 16:40 usr/doc/graphicsmagick-1.3.40/ChangeLog
-rw-r--r-- root/root      9272 2023-01-16 14:24 usr/doc/graphicsmagick-1.3.40/ChangeLog.2001
-rw-r--r-- root/root     44788 2023-01-16 14:24 usr/doc/graphicsmagick-1.3.40/ChangeLog.2002
-rw-r--r-- root/root    179913 2023-01-16 14:24 usr/doc/graphicsmagick-1.3.40/ChangeLog.2003
-rw-r--r-- root/root     54583 2023-01-16 14:24 usr/doc/graphicsmagick-1.3.40/ChangeLog.2004
-rw-r--r-- root/root     33743 2023-01-16 14:24 usr/doc/graphicsmagick-1.3.40/ChangeLog.2005
-rw-r--r-- root/root      6324 2023-01-16 14:24 usr/doc/graphicsmagick-1.3.40/ChangeLog.2006
-rw-r--r-- root/root     34406 2023-01-16 14:24 usr/doc/graphicsmagick-1.3.40/ChangeLog.2007
-rw-r--r-- root/root     78162 2023-01-16 14:24 usr/doc/graphicsmagick-1.3.40/ChangeLog.2008
-rw-r--r-- root/root     62142 2023-01-16 14:24 usr/doc/graphicsmagick-1.3.40/ChangeLog.2009
-rw-r--r-- root/root     25092 2023-01-16 14:24 usr/doc/graphicsmagick-1.3.40/ChangeLog.2010
-rw-r--r-- root/root     22734 2023-01-16 14:24 usr/doc/graphicsmagick-1.3.40/ChangeLog.2011
-rw-r--r-- root/root     31648 2023-01-16 14:24 usr/doc/graphicsmagick-1.3.40/ChangeLog.2012
-rw-r--r-- root/root     20118 2023-01-16 14:24 usr/doc/graphicsmagick-1.3.40/ChangeLog.2013
-rw-r--r-- root/root     34151 2023-01-16 14:24 usr/doc/graphicsmagick-1.3.40/ChangeLog.2014
-rw-r--r-- root/root     72223 2023-01-16 14:24 usr/doc/graphicsmagick-1.3.40/ChangeLog.2015
-rw-r--r-- root/root     35472 2023-01-16 14:24 usr/doc/graphicsmagick-1.3.40/ChangeLog.2016
-rw-r--r-- root/root     43839 2023-01-16 14:24 usr/doc/graphicsmagick-1.3.40/ChangeLog.2017
-rw-r--r-- root/root    116537 2023-01-16 14:24 usr/doc/graphicsmagick-1.3.40/ChangeLog.2018
-rw-r--r-- root/root     53286 2023-01-16 14:24 usr/doc/graphicsmagick-1.3.40/ChangeLog.2019
-rw-r--r-- root/root     48944 2023-01-16 14:24 usr/doc/graphicsmagick-1.3.40/ChangeLog.2020
-rw-r--r-- root/root     13128 2022-03-26 19:52 usr/doc/graphicsmagick-1.3.40/Copyright.txt
-rw-r--r-- root/root    193787 2023-01-14 16:40 usr/doc/graphicsmagick-1.3.40/NEWS.txt
-rw-r--r-- root/root     15584 2023-01-14 16:40 usr/doc/graphicsmagick-1.3.40/README.txt
-rw-r--r-- root/root      1690 2022-03-26 18:45 usr/doc/graphicsmagick-1.3.40/TODO.txt
-rw-r--r-- root/root      4028 2023-01-16 14:24 usr/doc/graphicsmagick-1.3.40/graphicsmagick.SlackBuild
drwxr-xr-x root/root         0 2023-01-16 14:24 usr/doc/graphicsmagick-1.3.40/www/
-rw-r--r-- root/root     24480 2023-01-16 14:24 usr/doc/graphicsmagick-1.3.40/www/ChangeLog-2001.html
-rw-r--r-- root/root     99640 2023-01-16 14:24 usr/doc/graphicsmagick-1.3.40/www/ChangeLog-2002.html
-rw-r--r-- root/root    272046 2023-01-16 14:24 usr/doc/graphicsmagick-1.3.40/www/ChangeLog-2003.html
-rw-r--r-- root/root     91977 2023-01-16 14:24 usr/doc/graphicsmagick-1.3.40/www/ChangeLog-2004.html
-rw-r--r-- root/root     60560 2023-01-16 14:24 usr/doc/graphicsmagick-1.3.40/www/ChangeLog-2005.html
-rw-r--r-- root/root     14826 2023-01-16 14:24 usr/doc/graphicsmagick-1.3.40/www/ChangeLog-2006.html
-rw-r--r-- root/root     60641 2023-01-16 14:24 usr/doc/graphicsmagick-1.3.40/www/ChangeLog-2007.html
-rw-r--r-- root/root    133721 2023-01-16 14:24 usr/doc/graphicsmagick-1.3.40/www/ChangeLog-2008.html
-rw-r--r-- root/root    110845 2023-01-16 14:24 usr/doc/graphicsmagick-1.3.40/www/ChangeLog-2009.html
-rw-r--r-- root/root     46640 2023-01-16 14:24 usr/doc/graphicsmagick-1.3.40/www/ChangeLog-2010.html
-rw-r--r-- root/root     42254 2023-01-16 14:24 usr/doc/graphicsmagick-1.3.40/www/ChangeLog-2011.html
-rw-r--r-- root/root     60929 2023-01-16 14:24 usr/doc/graphicsmagick-1.3.40/www/ChangeLog-2012.html
-rw-r--r-- root/root     37375 2023-01-16 14:24 usr/doc/graphicsmagick-1.3.40/www/ChangeLog-2013.html
-rw-r--r-- root/root     60130 2023-01-16 14:24 usr/doc/graphicsmagick-1.3.40/www/ChangeLog-2014.html
-rw-r--r-- root/root    117627 2023-01-16 14:24 usr/doc/graphicsmagick-1.3.40/www/ChangeLog-2015.html
-rw-r--r-- root/root     61464 2023-01-16 14:24 usr/doc/graphicsmagick-1.3.40/www/ChangeLog-2016.html
-rw-r--r-- root/root     75378 2023-01-16 14:24 usr/doc/graphicsmagick-1.3.40/www/ChangeLog-2017.html
-rw-r--r-- root/root    177682 2023-01-16 14:24 usr/doc/graphicsmagick-1.3.40/www/ChangeLog-2018.html
-rw-r--r-- root/root     88736 2023-01-16 14:24 usr/doc/graphicsmagick-1.3.40/www/ChangeLog-2019.html
-rw-r--r-- root/root     78253 2023-01-16 14:24 usr/doc/graphicsmagick-1.3.40/www/ChangeLog-2020.html
-rw-r--r-- root/root     52174 2023-01-16 14:24 usr/doc/graphicsmagick-1.3.40/www/ChangeLog-2021.html
-rw-r--r-- root/root     75446 2023-01-16 14:24 usr/doc/graphicsmagick-1.3.40/www/ChangeLog-2022.html
-rw-r--r-- root/root      9407 2023-01-16 14:24 usr/doc/graphicsmagick-1.3.40/www/Changelog.html
-rw-r--r-- root/root      4968 2023-01-16 14:24 usr/doc/graphicsmagick-1.3.40/www/Changes.html
-rw-r--r-- root/root     15345 2023-01-16 14:24 usr/doc/graphicsmagick-1.3.40/www/Copyright.html
-rw-r--r-- root/root     48489 2023-01-16 14:24 usr/doc/graphicsmagick-1.3.40/www/FAQ.html
-rw-r--r-- root/root    386035 2023-01-16 14:24 usr/doc/graphicsmagick-1.3.40/www/GraphicsMagick.html
-rw-r--r-- root/root     16003 2023-01-16 14:24 usr/doc/graphicsmagick-1.3.40/www/Hg.html
-rw-r--r-- root/root     59003 2023-01-16 14:24 usr/doc/graphicsmagick-1.3.40/www/INSTALL-unix.html
-rw-r--r-- root/root     42106 2023-01-16 14:24 usr/doc/graphicsmagick-1.3.40/www/INSTALL-windows.html
-rw-r--r-- root/root      7166 2023-01-16 14:24 usr/doc/graphicsmagick-1.3.40/www/ImageMagickObject.html
drwxr-xr-x root/root         0 2023-01-16 14:24 usr/doc/graphicsmagick-1.3.40/www/Magick++/
-rw-r--r-- root/root      5066 2023-01-16 14:24 usr/doc/graphicsmagick-1.3.40/www/Magick++/Blob.html
-rw-r--r-- root/root      1838 2023-01-16 14:24 usr/doc/graphicsmagick-1.3.40/www/Magick++/Cache.png
-rw-r--r-- root/root    134457 2023-01-16 14:24 usr/doc/graphicsmagick-1.3.40/www/Magick++/ChangeLog.html
-rw-r--r-- root/root      3927 2023-01-16 14:24 usr/doc/graphicsmagick-1.3.40/www/Magick++/CoderInfo.html
-rw-r--r-- root/root     13256 2023-01-16 14:24 usr/doc/graphicsmagick-1.3.40/www/Magick++/Color.html
-rw-r--r-- root/root     52653 2023-01-16 14:24 usr/doc/graphicsmagick-1.3.40/www/Magick++/Drawable.html
-rw-r--r-- root/root      1438 2023-01-16 14:24 usr/doc/graphicsmagick-1.3.40/www/Magick++/Drawable_example_1.png
-rw-r--r-- root/root     40037 2023-01-16 14:24 usr/doc/graphicsmagick-1.3.40/www/Magick++/Enumerations.html
-rw-r--r-- root/root     10963 2023-01-16 14:24 usr/doc/graphicsmagick-1.3.40/www/Magick++/Exception.html
-rw-r--r-- root/root      3503 2023-01-16 14:24 usr/doc/graphicsmagick-1.3.40/www/Magick++/FormatCharacters.html
-rw-r--r-- root/root     12637 2023-01-16 14:24 usr/doc/graphicsmagick-1.3.40/www/Magick++/Geometry.html
-rw-r--r-- root/root    140310 2023-01-16 14:24 usr/doc/graphicsmagick-1.3.40/www/Magick++/Image.html
-rw-r--r-- root/root     23923 2023-01-16 14:24 usr/doc/graphicsmagick-1.3.40/www/Magick++/Image.png
-rw-r--r-- root/root      2591 2023-01-16 14:24 usr/doc/graphicsmagick-1.3.40/www/Magick++/ImageDesign.html
-rw-r--r-- root/root      9361 2023-01-16 14:24 usr/doc/graphicsmagick-1.3.40/www/Magick++/Montage.html
-rw-r--r-- root/root      4555 2023-01-16 14:24 usr/doc/graphicsmagick-1.3.40/www/Magick++/PixelPacket.html
-rw-r--r-- root/root      6849 2023-01-16 14:24 usr/doc/graphicsmagick-1.3.40/www/Magick++/Pixels.html
-rw-r--r-- root/root     90704 2023-01-16 14:24 usr/doc/graphicsmagick-1.3.40/www/Magick++/STL.html
-rw-r--r-- root/root      3913 2023-01-16 14:24 usr/doc/graphicsmagick-1.3.40/www/Magick++/TypeMetric.html
-rw-r--r-- root/root      3929 2023-01-16 14:24 usr/doc/graphicsmagick-1.3.40/www/Magick++/gm-188x120t.png
-rw-r--r-- root/root     14205 2023-01-16 14:24 usr/doc/graphicsmagick-1.3.40/www/Magick++/index.html
-rw-r--r-- root/root     20198 2023-01-16 14:24 usr/doc/graphicsmagick-1.3.40/www/Magick++/montage-sample-framed.jpg
-rw-r--r-- root/root       150 2023-01-16 14:24 usr/doc/graphicsmagick-1.3.40/www/Magick++/right_triangle.png
-rw-r--r-- root/root     14968 2023-01-16 14:24 usr/doc/graphicsmagick-1.3.40/www/Magick++/thumbnail-anatomy-framed.jpg
-rw-r--r-- root/root     12609 2023-01-16 14:24 usr/doc/graphicsmagick-1.3.40/www/Magick++/thumbnail-anatomy-plain.jpg
-rw-r--r-- root/root      9315 2023-01-16 14:24 usr/doc/graphicsmagick-1.3.40/www/Magick++/thumbnail-sample-framed.jpg
-rw-r--r-- root/root      7387 2023-01-16 14:24 usr/doc/graphicsmagick-1.3.40/www/Magick++/thumbnail-sample-plain.jpg
-rw-r--r-- root/root    237321 2023-01-16 14:24 usr/doc/graphicsmagick-1.3.40/www/NEWS.html
-rw-r--r-- root/root     12914 2023-01-16 14:24 usr/doc/graphicsmagick-1.3.40/www/OpenMP.html
-rw-r--r-- root/root     22683 2023-01-16 14:24 usr/doc/graphicsmagick-1.3.40/www/README.html
-rw-r--r-- root/root     42857 2023-01-16 14:24 usr/doc/graphicsmagick-1.3.40/www/animate.html
drwxr-xr-x root/root         0 2023-01-16 14:24 usr/doc/graphicsmagick-1.3.40/www/api/
-rw-r--r-- root/root      4935 2023-01-16 14:24 usr/doc/graphicsmagick-1.3.40/www/api/animate.html
-rw-r--r-- root/root      4730 2023-01-16 14:24 usr/doc/graphicsmagick-1.3.40/www/api/annotate.html
-rw-r--r-- root/root     12703 2023-01-16 14:24 usr/doc/graphicsmagick-1.3.40/www/api/api.html
-rw-r--r-- root/root      8475 2023-01-16 14:24 usr/doc/graphicsmagick-1.3.40/www/api/attribute.html
-rw-r--r-- root/root      3262 2023-01-16 14:24 usr/doc/graphicsmagick-1.3.40/www/api/average.html
-rw-r--r-- root/root     29545 2023-01-16 14:24 usr/doc/graphicsmagick-1.3.40/www/api/blob.html
-rw-r--r-- root/root      3681 2023-01-16 14:24 usr/doc/graphicsmagick-1.3.40/www/api/cdl.html
-rw-r--r-- root/root     11803 2023-01-16 14:24 usr/doc/graphicsmagick-1.3.40/www/api/channel.html
-rw-r--r-- root/root      5943 2023-01-16 14:24 usr/doc/graphicsmagick-1.3.40/www/api/color.html
-rw-r--r-- root/root      6046 2023-01-16 14:24 usr/doc/graphicsmagick-1.3.40/www/api/colormap.html
-rw-r--r-- root/root     15070 2023-01-16 14:24 usr/doc/graphicsmagick-1.3.40/www/api/compare.html
-rw-r--r-- root/root      4381 2023-01-16 14:24 usr/doc/graphicsmagick-1.3.40/www/api/composite.html
-rw-r--r-- root/root      4865 2023-01-16 14:24 usr/doc/graphicsmagick-1.3.40/www/api/confirm_access.html
-rw-r--r-- root/root     18320 2023-01-16 14:24 usr/doc/graphicsmagick-1.3.40/www/api/constitute.html
-rw-r--r-- root/root      6723 2023-01-16 14:24 usr/doc/graphicsmagick-1.3.40/www/api/decorate.html
-rw-r--r-- root/root     15310 2023-01-16 14:24 usr/doc/graphicsmagick-1.3.40/www/api/deprecate.html
-rw-r--r-- root/root      2983 2023-01-16 14:24 usr/doc/graphicsmagick-1.3.40/www/api/describe.html
-rw-r--r-- root/root      5549 2023-01-16 14:24 usr/doc/graphicsmagick-1.3.40/www/api/display.html
-rw-r--r-- root/root    138425 2023-01-16 14:24 usr/doc/graphicsmagick-1.3.40/www/api/draw.html
-rw-r--r-- root/root     46730 2023-01-16 14:24 usr/doc/graphicsmagick-1.3.40/www/api/effect.html
-rw-r--r-- root/root     11722 2023-01-16 14:24 usr/doc/graphicsmagick-1.3.40/www/api/enhance.html
-rw-r--r-- root/root     18000 2023-01-16 14:24 usr/doc/graphicsmagick-1.3.40/www/api/error.html
-rw-r--r-- root/root      8766 2023-01-16 14:24 usr/doc/graphicsmagick-1.3.40/www/api/export.html
-rw-r--r-- root/root     19809 2023-01-16 14:24 usr/doc/graphicsmagick-1.3.40/www/api/fx.html
-rw-r--r-- root/root      4002 2023-01-16 14:24 usr/doc/graphicsmagick-1.3.40/www/api/hclut.html
-rw-r--r-- root/root     50515 2023-01-16 14:24 usr/doc/graphicsmagick-1.3.40/www/api/image.html
-rw-r--r-- root/root      8822 2023-01-16 14:24 usr/doc/graphicsmagick-1.3.40/www/api/import.html
-rw-r--r-- root/root     23485 2023-01-16 14:24 usr/doc/graphicsmagick-1.3.40/www/api/list.html
-rw-r--r-- root/root     15083 2023-01-16 14:24 usr/doc/graphicsmagick-1.3.40/www/api/log.html
-rw-r--r-- root/root     20257 2023-01-16 14:24 usr/doc/graphicsmagick-1.3.40/www/api/magick.html
-rw-r--r-- root/root     10753 2023-01-16 14:24 usr/doc/graphicsmagick-1.3.40/www/api/memory.html
-rw-r--r-- root/root      6953 2023-01-16 14:24 usr/doc/graphicsmagick-1.3.40/www/api/monitor.html
-rw-r--r-- root/root      6912 2023-01-16 14:24 usr/doc/graphicsmagick-1.3.40/www/api/montage.html
-rw-r--r-- root/root      7517 2023-01-16 14:24 usr/doc/graphicsmagick-1.3.40/www/api/operator.html
-rw-r--r-- root/root     10116 2023-01-16 14:24 usr/doc/graphicsmagick-1.3.40/www/api/paint.html
-rw-r--r-- root/root     50448 2023-01-16 14:24 usr/doc/graphicsmagick-1.3.40/www/api/pixel_cache.html
-rw-r--r-- root/root     32790 2023-01-16 14:24 usr/doc/graphicsmagick-1.3.40/www/api/pixel_iterator.html
-rw-r--r-- root/root      3236 2023-01-16 14:24 usr/doc/graphicsmagick-1.3.40/www/api/plasma.html
-rw-r--r-- root/root     14240 2023-01-16 14:24 usr/doc/graphicsmagick-1.3.40/www/api/profile.html
-rw-r--r-- root/root     15715 2023-01-16 14:24 usr/doc/graphicsmagick-1.3.40/www/api/quantize.html
-rw-r--r-- root/root      7095 2023-01-16 14:24 usr/doc/graphicsmagick-1.3.40/www/api/registry.html
-rw-r--r-- root/root     11706 2023-01-16 14:24 usr/doc/graphicsmagick-1.3.40/www/api/render.html
-rw-r--r-- root/root     11789 2023-01-16 14:24 usr/doc/graphicsmagick-1.3.40/www/api/resize.html
-rw-r--r-- root/root      8291 2023-01-16 14:24 usr/doc/graphicsmagick-1.3.40/www/api/resource.html
-rw-r--r-- root/root      4553 2023-01-16 14:24 usr/doc/graphicsmagick-1.3.40/www/api/segment.html
-rw-r--r-- root/root      9665 2023-01-16 14:24 usr/doc/graphicsmagick-1.3.40/www/api/shear.html
-rw-r--r-- root/root      6807 2023-01-16 14:24 usr/doc/graphicsmagick-1.3.40/www/api/signature.html
-rw-r--r-- root/root      3412 2023-01-16 14:24 usr/doc/graphicsmagick-1.3.40/www/api/statistics.html
-rw-r--r-- root/root      4790 2023-01-16 14:24 usr/doc/graphicsmagick-1.3.40/www/api/texture.html
-rw-r--r-- root/root     19975 2023-01-16 14:24 usr/doc/graphicsmagick-1.3.40/www/api/transform.html
-rw-r--r-- root/root    100417 2023-01-16 14:24 usr/doc/graphicsmagick-1.3.40/www/api/types.html
-rw-r--r-- root/root     20720 2023-01-16 14:24 usr/doc/graphicsmagick-1.3.40/www/api/widget.html
-rw-r--r-- root/root      8926 2023-01-16 14:24 usr/doc/graphicsmagick-1.3.40/www/authors.html
-rw-r--r-- root/root     10856 2023-01-16 14:24 usr/doc/graphicsmagick-1.3.40/www/batch.html
-rw-r--r-- root/root     12059 2023-01-16 14:24 usr/doc/graphicsmagick-1.3.40/www/benchmark.html
-rw-r--r-- root/root      7127 2023-01-16 14:24 usr/doc/graphicsmagick-1.3.40/www/benchmarks.html
-rw-r--r-- root/root      2823 2023-01-16 14:24 usr/doc/graphicsmagick-1.3.40/www/bugs.html
-rw-r--r-- root/root     30910 2023-01-16 14:24 usr/doc/graphicsmagick-1.3.40/www/color.html
-rw-r--r-- root/root     19733 2023-01-16 14:24 usr/doc/graphicsmagick-1.3.40/www/compare.html
-rw-r--r-- root/root     40857 2023-01-16 14:24 usr/doc/graphicsmagick-1.3.40/www/composite.html
-rw-r--r-- root/root      8123 2023-01-16 14:24 usr/doc/graphicsmagick-1.3.40/www/configure-target-setup.png
-rw-r--r-- root/root     15770 2023-01-16 14:24 usr/doc/graphicsmagick-1.3.40/www/conjure.html
-rw-r--r-- root/root      6970 2023-01-16 14:24 usr/doc/graphicsmagick-1.3.40/www/contribute.html
-rw-r--r-- root/root     92327 2023-01-16 14:24 usr/doc/graphicsmagick-1.3.40/www/convert.html
-rw-r--r-- root/root    143950 2023-01-16 14:24 usr/doc/graphicsmagick-1.3.40/www/display.html
-rw-r--r-- root/root      8875 2023-01-16 14:24 usr/doc/graphicsmagick-1.3.40/www/docutils-api.css
-rw-r--r-- root/root     10498 2023-01-16 14:24 usr/doc/graphicsmagick-1.3.40/www/docutils-articles.css
-rw-r--r-- root/root      7354 2023-01-16 14:24 usr/doc/graphicsmagick-1.3.40/www/download.html
-rw-r--r-- root/root       922 2023-01-16 14:24 usr/doc/graphicsmagick-1.3.40/www/favicon.ico
-rw-r--r-- root/root     46698 2023-01-16 14:24 usr/doc/graphicsmagick-1.3.40/www/formats.html
-rw-r--r-- root/root    913012 2023-01-16 14:24 usr/doc/graphicsmagick-1.3.40/www/gm.html
-rw-r--r-- root/root     13725 2023-01-16 14:24 usr/doc/graphicsmagick-1.3.40/www/identify.html
drwxr-xr-x root/root         0 2023-01-16 14:24 usr/doc/graphicsmagick-1.3.40/www/images/
-rw-r--r-- root/root       332 2023-01-16 14:24 usr/doc/graphicsmagick-1.3.40/www/images/ball.png
-rw-r--r-- root/root       207 2023-01-16 14:24 usr/doc/graphicsmagick-1.3.40/www/images/banner_bg.png
-rw-r--r-- root/root      1458 2023-01-16 14:24 usr/doc/graphicsmagick-1.3.40/www/images/gm-107x76.gif
-rw-r--r-- root/root      1486 2023-01-16 14:24 usr/doc/graphicsmagick-1.3.40/www/images/gm-107x76.png
-rw-r--r-- root/root      2728 2023-01-16 14:24 usr/doc/graphicsmagick-1.3.40/www/images/gm-125x80t.png
-rw-r--r-- root/root       177 2023-01-16 14:24 usr/doc/graphicsmagick-1.3.40/www/images/right_triangle.png
-rw-r--r-- root/root       177 2023-01-16 14:24 usr/doc/graphicsmagick-1.3.40/www/images/right_triangle_option.png
-rw-r--r-- root/root     31072 2023-01-16 14:24 usr/doc/graphicsmagick-1.3.40/www/import.html
-rw-r--r-- root/root     10117 2023-01-16 14:24 usr/doc/graphicsmagick-1.3.40/www/index.html
-rw-r--r-- root/root     14871 2023-01-16 14:24 usr/doc/graphicsmagick-1.3.40/www/links.html
-rw-r--r-- root/root      2421 2023-01-16 14:24 usr/doc/graphicsmagick-1.3.40/www/magick.css
-rw-r--r-- root/root     18258 2023-01-16 14:24 usr/doc/graphicsmagick-1.3.40/www/miff.html
-rw-r--r-- root/root      3283 2023-01-16 14:24 usr/doc/graphicsmagick-1.3.40/www/mission.html
-rw-r--r-- root/root     83666 2023-01-16 14:24 usr/doc/graphicsmagick-1.3.40/www/mogrify.html
-rw-r--r-- root/root     55343 2023-01-16 14:24 usr/doc/graphicsmagick-1.3.40/www/montage.html
-rw-r--r-- root/root     32928 2023-01-16 14:24 usr/doc/graphicsmagick-1.3.40/www/motion-picture.html
-rw-r--r-- root/root     59914 2023-01-16 14:24 usr/doc/graphicsmagick-1.3.40/www/perl.html
-rw-r--r-- root/root      5929 2023-01-16 14:24 usr/doc/graphicsmagick-1.3.40/www/process.html
-rw-r--r-- root/root      5870 2023-01-16 14:24 usr/doc/graphicsmagick-1.3.40/www/programming.html
-rw-r--r-- root/root      3725 2023-01-16 14:24 usr/doc/graphicsmagick-1.3.40/www/project.html
-rw-r--r-- root/root     12013 2023-01-16 14:24 usr/doc/graphicsmagick-1.3.40/www/quantize.html
-rw-r--r-- root/root      2295 2023-01-16 14:24 usr/doc/graphicsmagick-1.3.40/www/reference.html
-rw-r--r-- root/root     19767 2023-01-16 14:24 usr/doc/graphicsmagick-1.3.40/www/security.html
-rw-r--r-- root/root      8669 2023-01-16 14:24 usr/doc/graphicsmagick-1.3.40/www/smile.c
-rw-r--r-- root/root      6259 2023-01-16 14:24 usr/doc/graphicsmagick-1.3.40/www/thanks.html
-rw-r--r-- root/root      4888 2023-01-16 14:24 usr/doc/graphicsmagick-1.3.40/www/time.html
-rw-r--r-- root/root     11752 2023-01-16 14:24 usr/doc/graphicsmagick-1.3.40/www/tools.html
-rw-r--r-- root/root      5098 2023-01-16 14:24 usr/doc/graphicsmagick-1.3.40/www/utilities.html
-rw-r--r-- root/root      6121 2023-01-16 14:24 usr/doc/graphicsmagick-1.3.40/www/version.html
drwxr-xr-x root/root         0 2023-01-16 14:24 usr/doc/graphicsmagick-1.3.40/www/wand/
-rw-r--r-- root/root    124812 2023-01-16 14:24 usr/doc/graphicsmagick-1.3.40/www/wand/drawing_wand.html
-rw-r--r-- root/root    264838 2023-01-16 14:24 usr/doc/graphicsmagick-1.3.40/www/wand/magick_wand.html
-rw-r--r-- root/root     39122 2023-01-16 14:24 usr/doc/graphicsmagick-1.3.40/www/wand/pixel_wand.html
-rw-r--r-- root/root      5016 2023-01-16 14:24 usr/doc/graphicsmagick-1.3.40/www/wand/wand.html
drwxr-xr-x root/root         0 2023-01-16 14:24 usr/include/
drwxr-xr-x root/root         0 2023-01-16 14:24 usr/include/GraphicsMagick/
drwxr-xr-x root/root         0 2023-01-16 14:24 usr/include/GraphicsMagick/Magick++/
-rw-r--r-- root/root       419 2023-01-16 14:24 usr/include/GraphicsMagick/Magick++.h
-rw-r--r-- root/root      2384 2023-01-16 14:24 usr/include/GraphicsMagick/Magick++/Blob.h
-rw-r--r-- root/root      1575 2023-01-16 14:24 usr/include/GraphicsMagick/Magick++/CoderInfo.h
-rw-r--r-- root/root     11956 2023-01-16 14:24 usr/include/GraphicsMagick/Magick++/Color.h
-rw-r--r-- root/root     65375 2023-01-16 14:24 usr/include/GraphicsMagick/Magick++/Drawable.h
-rw-r--r-- root/root      7922 2023-01-16 14:24 usr/include/GraphicsMagick/Magick++/Exception.h
-rw-r--r-- root/root      4972 2023-01-16 14:24 usr/include/GraphicsMagick/Magick++/Geometry.h
-rw-r--r-- root/root     62977 2023-01-16 14:24 usr/include/GraphicsMagick/Magick++/Image.h
-rw-r--r-- root/root     37770 2023-01-16 14:24 usr/include/GraphicsMagick/Magick++/Include.h
-rw-r--r-- root/root     11771 2023-01-16 14:24 usr/include/GraphicsMagick/Magick++/Montage.h
-rw-r--r-- root/root      3578 2023-01-16 14:24 usr/include/GraphicsMagick/Magick++/Pixels.h
-rw-r--r-- root/root     68959 2023-01-16 14:24 usr/include/GraphicsMagick/Magick++/STL.h
-rw-r--r-- root/root      1271 2023-01-16 14:24 usr/include/GraphicsMagick/Magick++/TypeMetric.h
drwxr-xr-x root/root         0 2023-01-16 14:24 usr/include/GraphicsMagick/magick/
-rw-r--r-- root/root      1843 2023-01-16 14:24 usr/include/GraphicsMagick/magick/analyze.h
-rw-r--r-- root/root      3711 2023-01-16 14:24 usr/include/GraphicsMagick/magick/api.h
-rw-r--r-- root/root      1573 2023-01-16 14:24 usr/include/GraphicsMagick/magick/attribute.h
-rw-r--r-- root/root       878 2023-01-16 14:24 usr/include/GraphicsMagick/magick/average.h
-rw-r--r-- root/root     17578 2023-01-16 14:24 usr/include/GraphicsMagick/magick/blob.h
-rw-r--r-- root/root       659 2023-01-16 14:24 usr/include/GraphicsMagick/magick/cdl.h
-rw-r--r-- root/root      1439 2023-01-16 14:24 usr/include/GraphicsMagick/magick/channel.h
-rw-r--r-- root/root      1557 2023-01-16 14:24 usr/include/GraphicsMagick/magick/color.h
-rw-r--r-- root/root      1489 2023-01-16 14:24 usr/include/GraphicsMagick/magick/color_lookup.h
-rw-r--r-- root/root      1266 2023-01-16 14:24 usr/include/GraphicsMagick/magick/colormap.h
-rw-r--r-- root/root      3965 2023-01-16 14:24 usr/include/GraphicsMagick/magick/colorspace.h
-rw-r--r-- root/root      2636 2023-01-16 14:24 usr/include/GraphicsMagick/magick/command.h
-rw-r--r-- root/root     13025 2023-01-16 14:24 usr/include/GraphicsMagick/magick/common.h
-rw-r--r-- root/root      3070 2023-01-16 14:24 usr/include/GraphicsMagick/magick/compare.h
-rw-r--r-- root/root      1923 2023-01-16 14:24 usr/include/GraphicsMagick/magick/composite.h
-rw-r--r-- root/root      2440 2023-01-16 14:24 usr/include/GraphicsMagick/magick/compress.h
-rw-r--r-- root/root      1578 2023-01-16 14:24 usr/include/GraphicsMagick/magick/confirm_access.h
-rw-r--r-- root/root      7673 2023-01-16 14:24 usr/include/GraphicsMagick/magick/constitute.h
-rw-r--r-- root/root       987 2023-01-16 14:24 usr/include/GraphicsMagick/magick/decorate.h
-rw-r--r-- root/root      3824 2023-01-16 14:24 usr/include/GraphicsMagick/magick/delegate.h
-rw-r--r-- root/root      2862 2023-01-16 14:24 usr/include/GraphicsMagick/magick/deprecate.h
-rw-r--r-- root/root       901 2023-01-16 14:24 usr/include/GraphicsMagick/magick/describe.h
-rw-r--r-- root/root     11693 2023-01-16 14:24 usr/include/GraphicsMagick/magick/draw.h
-rw-r--r-- root/root      3094 2023-01-16 14:24 usr/include/GraphicsMagick/magick/effect.h
-rw-r--r-- root/root      1132 2023-01-16 14:24 usr/include/GraphicsMagick/magick/enhance.h
-rw-r--r-- root/root      5396 2023-01-16 14:24 usr/include/GraphicsMagick/magick/enum_strings.h
-rw-r--r-- root/root     10051 2023-01-16 14:24 usr/include/GraphicsMagick/magick/error.h
-rw-r--r-- root/root       982 2023-01-16 14:24 usr/include/GraphicsMagick/magick/forward.h
-rw-r--r-- root/root      1510 2023-01-16 14:24 usr/include/GraphicsMagick/magick/fx.h
-rw-r--r-- root/root      1803 2023-01-16 14:24 usr/include/GraphicsMagick/magick/gem.h
-rw-r--r-- root/root       880 2023-01-16 14:24 usr/include/GraphicsMagick/magick/gradient.h
-rw-r--r-- root/root       774 2023-01-16 14:24 usr/include/GraphicsMagick/magick/hclut.h
-rw-r--r-- root/root     31074 2023-01-16 14:24 usr/include/GraphicsMagick/magick/image.h
-rw-r--r-- root/root      1741 2023-01-16 14:24 usr/include/GraphicsMagick/magick/list.h
-rw-r--r-- root/root      4128 2023-01-16 14:24 usr/include/GraphicsMagick/magick/log.h
-rw-r--r-- root/root      1004 2023-01-16 14:24 usr/include/GraphicsMagick/magick/magic.h
-rw-r--r-- root/root      4930 2023-01-16 14:24 usr/include/GraphicsMagick/magick/magick.h
-rw-r--r-- root/root       684 2023-01-16 14:24 usr/include/GraphicsMagick/magick/magick_config.h
-rw-r--r-- root/root      5922 2023-01-16 14:24 usr/include/GraphicsMagick/magick/magick_types.h
-rw-r--r-- root/root      1581 2023-01-16 14:24 usr/include/GraphicsMagick/magick/memory.h
-rw-r--r-- root/root       915 2023-01-16 14:24 usr/include/GraphicsMagick/magick/module.h
-rw-r--r-- root/root      1650 2023-01-16 14:24 usr/include/GraphicsMagick/magick/monitor.h
-rw-r--r-- root/root      1050 2023-01-16 14:24 usr/include/GraphicsMagick/magick/montage.h
-rw-r--r-- root/root      3275 2023-01-16 14:24 usr/include/GraphicsMagick/magick/operator.h
-rw-r--r-- root/root      1124 2023-01-16 14:24 usr/include/GraphicsMagick/magick/paint.h
-rw-r--r-- root/root      8364 2023-01-16 14:24 usr/include/GraphicsMagick/magick/pixel_cache.h
-rw-r--r-- root/root     12034 2023-01-16 14:24 usr/include/GraphicsMagick/magick/pixel_iterator.h
-rw-r--r-- root/root       911 2023-01-16 14:24 usr/include/GraphicsMagick/magick/plasma.h
-rw-r--r-- root/root      2549 2023-01-16 14:24 usr/include/GraphicsMagick/magick/profile.h
-rw-r--r-- root/root      1751 2023-01-16 14:24 usr/include/GraphicsMagick/magick/quantize.h
-rw-r--r-- root/root      1340 2023-01-16 14:24 usr/include/GraphicsMagick/magick/random.h
-rw-r--r-- root/root      1360 2023-01-16 14:24 usr/include/GraphicsMagick/magick/registry.h
-rw-r--r-- root/root      6055 2023-01-16 14:24 usr/include/GraphicsMagick/magick/render.h
-rw-r--r-- root/root      1448 2023-01-16 14:24 usr/include/GraphicsMagick/magick/resize.h
-rw-r--r-- root/root      1986 2023-01-16 14:24 usr/include/GraphicsMagick/magick/resource.h
-rw-r--r-- root/root      1107 2023-01-16 14:24 usr/include/GraphicsMagick/magick/shear.h
-rw-r--r-- root/root       709 2023-01-16 14:24 usr/include/GraphicsMagick/magick/signature.h
-rw-r--r-- root/root      1491 2023-01-16 14:24 usr/include/GraphicsMagick/magick/statistics.h
-rw-r--r-- root/root     54168 2023-01-16 14:24 usr/include/GraphicsMagick/magick/symbols.h
-rw-r--r-- root/root      1050 2023-01-16 14:24 usr/include/GraphicsMagick/magick/texture.h
-rw-r--r-- root/root      1348 2023-01-16 14:24 usr/include/GraphicsMagick/magick/timer.h
-rw-r--r-- root/root      1714 2023-01-16 14:24 usr/include/GraphicsMagick/magick/transform.h
-rw-r--r-- root/root      1860 2023-01-16 14:24 usr/include/GraphicsMagick/magick/type.h
-rw-r--r-- root/root      5654 2023-01-16 14:24 usr/include/GraphicsMagick/magick/utility.h
-rw-r--r-- root/root      3149 2023-01-16 14:24 usr/include/GraphicsMagick/magick/version.h
drwxr-xr-x root/root         0 2023-01-16 14:24 usr/include/GraphicsMagick/wand/
-rw-r--r-- root/root     16964 2023-01-16 14:24 usr/include/GraphicsMagick/wand/drawing_wand.h
-rw-r--r-- root/root     16968 2023-01-16 14:24 usr/include/GraphicsMagick/wand/magick_wand.h
-rw-r--r-- root/root      3065 2023-01-16 14:24 usr/include/GraphicsMagick/wand/pixel_wand.h
-rw-r--r-- root/root      1202 2023-01-16 14:24 usr/include/GraphicsMagick/wand/wand_api.h
-rw-r--r-- root/root     22267 2023-01-16 14:24 usr/include/GraphicsMagick/wand/wand_symbols.h
drwxr-xr-x root/root         0 2023-01-16 14:24 usr/lib64/
drwxr-xr-x root/root         0 2023-01-16 14:24 usr/lib64/GraphicsMagick-1.3.40/
drwxr-xr-x root/root         0 2023-01-16 14:24 usr/lib64/GraphicsMagick-1.3.40/config/
-rw-r--r-- root/root      7645 2023-01-16 14:24 usr/lib64/GraphicsMagick-1.3.40/config/delegates.mgk
-rw-r--r-- root/root     10644 2023-01-16 14:24 usr/lib64/GraphicsMagick-1.3.40/config/type-ghostscript.mgk
-rw-r--r-- root/root      5253 2023-01-16 14:24 usr/lib64/GraphicsMagick-1.3.40/config/type-solaris.mgk
-rw-r--r-- root/root     15792 2023-01-16 14:24 usr/lib64/GraphicsMagick-1.3.40/config/type-windows.mgk
-rw-r--r-- root/root        86 2023-01-16 14:24 usr/lib64/GraphicsMagick-1.3.40/config/type.mgk
drwxr-xr-x root/root         0 2023-01-16 14:24 usr/lib64/GraphicsMagick-1.3.40/modules-Q8/
drwxr-xr-x root/root         0 2023-01-16 14:24 usr/lib64/GraphicsMagick-1.3.40/modules-Q8/coders/
-rwxr-xr-x root/root      1029 2023-01-16 14:24 usr/lib64/GraphicsMagick-1.3.40/modules-Q8/coders/art.la
-rwxr-xr-x root/root     14416 2023-01-16 14:24 usr/lib64/GraphicsMagick-1.3.40/modules-Q8/coders/art.so
-rwxr-xr-x root/root      1029 2023-01-16 14:24 usr/lib64/GraphicsMagick-1.3.40/modules-Q8/coders/avs.la
-rwxr-xr-x root/root     14448 2023-01-16 14:24 usr/lib64/GraphicsMagick-1.3.40/modules-Q8/coders/avs.so
-rwxr-xr-x root/root      1029 2023-01-16 14:24 usr/lib64/GraphicsMagick-1.3.40/modules-Q8/coders/bmp.la
-rwxr-xr-x root/root     47368 2023-01-16 14:24 usr/lib64/GraphicsMagick-1.3.40/modules-Q8/coders/bmp.so
-rwxr-xr-x root/root      1053 2023-01-16 14:24 usr/lib64/GraphicsMagick-1.3.40/modules-Q8/coders/braille.la
-rwxr-xr-x root/root     14320 2023-01-16 14:24 usr/lib64/GraphicsMagick-1.3.40/modules-Q8/coders/braille.so
-rwxr-xr-x root/root      1035 2023-01-16 14:24 usr/lib64/GraphicsMagick-1.3.40/modules-Q8/coders/cals.la
-rwxr-xr-x root/root     18592 2023-01-16 14:24 usr/lib64/GraphicsMagick-1.3.40/modules-Q8/coders/cals.so
-rwxr-xr-x root/root      1053 2023-01-16 14:24 usr/lib64/GraphicsMagick-1.3.40/modules-Q8/coders/caption.la
-rwxr-xr-x root/root     14376 2023-01-16 14:24 usr/lib64/GraphicsMagick-1.3.40/modules-Q8/coders/caption.so
-rwxr-xr-x root/root      1047 2023-01-16 14:24 usr/lib64/GraphicsMagick-1.3.40/modules-Q8/coders/cineon.la
-rwxr-xr-x root/root     35120 2023-01-16 14:24 usr/lib64/GraphicsMagick-1.3.40/modules-Q8/coders/cineon.so
-rwxr-xr-x root/root      1035 2023-01-16 14:24 usr/lib64/GraphicsMagick-1.3.40/modules-Q8/coders/cmyk.la
-rwxr-xr-x root/root     26808 2023-01-16 14:24 usr/lib64/GraphicsMagick-1.3.40/modules-Q8/coders/cmyk.so
-rwxr-xr-x root/root      1029 2023-01-16 14:24 usr/lib64/GraphicsMagick-1.3.40/modules-Q8/coders/cut.la
-rwxr-xr-x root/root     18568 2023-01-16 14:24 usr/lib64/GraphicsMagick-1.3.40/modules-Q8/coders/cut.so
-rwxr-xr-x root/root      1029 2023-01-16 14:24 usr/lib64/GraphicsMagick-1.3.40/modules-Q8/coders/dcm.la
-rwxr-xr-x root/root    108968 2023-01-16 14:24 usr/lib64/GraphicsMagick-1.3.40/modules-Q8/coders/dcm.so
-rwxr-xr-x root/root      1041 2023-01-16 14:24 usr/lib64/GraphicsMagick-1.3.40/modules-Q8/coders/dcraw.la
-rwxr-xr-x root/root     14280 2023-01-16 14:24 usr/lib64/GraphicsMagick-1.3.40/modules-Q8/coders/dcraw.so
-rwxr-xr-x root/root      1029 2023-01-16 14:24 usr/lib64/GraphicsMagick-1.3.40/modules-Q8/coders/dib.la
-rwxr-xr-x root/root     30960 2023-01-16 14:24 usr/lib64/GraphicsMagick-1.3.40/modules-Q8/coders/dib.so
-rwxr-xr-x root/root      1029 2023-01-16 14:24 usr/lib64/GraphicsMagick-1.3.40/modules-Q8/coders/dpx.la
-rwxr-xr-x root/root     68032 2023-01-16 14:24 usr/lib64/GraphicsMagick-1.3.40/modules-Q8/coders/dpx.so
-rwxr-xr-x root/root      1029 2023-01-16 14:24 usr/lib64/GraphicsMagick-1.3.40/modules-Q8/coders/ept.la
-rwxr-xr-x root/root     22816 2023-01-16 14:24 usr/lib64/GraphicsMagick-1.3.40/modules-Q8/coders/ept.so
-rwxr-xr-x root/root      1029 2023-01-16 14:24 usr/lib64/GraphicsMagick-1.3.40/modules-Q8/coders/fax.la
-rwxr-xr-x root/root     14400 2023-01-16 14:24 usr/lib64/GraphicsMagick-1.3.40/modules-Q8/coders/fax.so
-rwxr-xr-x root/root      1035 2023-01-16 14:24 usr/lib64/GraphicsMagick-1.3.40/modules-Q8/coders/fits.la
-rwxr-xr-x root/root     26848 2023-01-16 14:24 usr/lib64/GraphicsMagick-1.3.40/modules-Q8/coders/fits.so
-rwxr-xr-x root/root      1029 2023-01-16 14:24 usr/lib64/GraphicsMagick-1.3.40/modules-Q8/coders/gif.la
-rwxr-xr-x root/root     31024 2023-01-16 14:24 usr/lib64/GraphicsMagick-1.3.40/modules-Q8/coders/gif.so
-rwxr-xr-x root/root      1059 2023-01-16 14:24 usr/lib64/GraphicsMagick-1.3.40/modules-Q8/coders/gradient.la
-rwxr-xr-x root/root     14368 2023-01-16 14:24 usr/lib64/GraphicsMagick-1.3.40/modules-Q8/coders/gradient.so
-rwxr-xr-x root/root      1035 2023-01-16 14:24 usr/lib64/GraphicsMagick-1.3.40/modules-Q8/coders/gray.la
-rwxr-xr-x root/root     22688 2023-01-16 14:24 usr/lib64/GraphicsMagick-1.3.40/modules-Q8/coders/gray.so
-rwxr-xr-x root/root      1065 2023-01-16 14:24 usr/lib64/GraphicsMagick-1.3.40/modules-Q8/coders/histogram.la
-rwxr-xr-x root/root     14480 2023-01-16 14:24 usr/lib64/GraphicsMagick-1.3.40/modules-Q8/coders/histogram.so
-rwxr-xr-x root/root      1029 2023-01-16 14:24 usr/lib64/GraphicsMagick-1.3.40/modules-Q8/coders/hrz.la
-rwxr-xr-x root/root     14360 2023-01-16 14:24 usr/lib64/GraphicsMagick-1.3.40/modules-Q8/coders/hrz.so
-rwxr-xr-x root/root      1035 2023-01-16 14:24 usr/lib64/GraphicsMagick-1.3.40/modules-Q8/coders/html.la
-rwxr-xr-x root/root     14448 2023-01-16 14:24 usr/lib64/GraphicsMagick-1.3.40/modules-Q8/coders/html.so
-rwxr-xr-x root/root      1035 2023-01-16 14:24 usr/lib64/GraphicsMagick-1.3.40/modules-Q8/coders/icon.la
-rwxr-xr-x root/root     14488 2023-01-16 14:24 usr/lib64/GraphicsMagick-1.3.40/modules-Q8/coders/icon.so
-rwxr-xr-x root/root      1059 2023-01-16 14:24 usr/lib64/GraphicsMagick-1.3.40/modules-Q8/coders/identity.la
-rwxr-xr-x root/root     14304 2023-01-16 14:24 usr/lib64/GraphicsMagick-1.3.40/modules-Q8/coders/identity.so
-rwxr-xr-x root/root      1035 2023-01-16 14:24 usr/lib64/GraphicsMagick-1.3.40/modules-Q8/coders/info.la
-rwxr-xr-x root/root     14392 2023-01-16 14:24 usr/lib64/GraphicsMagick-1.3.40/modules-Q8/coders/info.so
-rwxr-xr-x root/root      1036 2023-01-16 14:24 usr/lib64/GraphicsMagick-1.3.40/modules-Q8/coders/jnx.la
-rwxr-xr-x root/root     18584 2023-01-16 14:24 usr/lib64/GraphicsMagick-1.3.40/modules-Q8/coders/jnx.so
-rwxr-xr-x root/root      1045 2023-01-16 14:24 usr/lib64/GraphicsMagick-1.3.40/modules-Q8/coders/jp2.la
-rwxr-xr-x root/root     35264 2023-01-16 14:24 usr/lib64/GraphicsMagick-1.3.40/modules-Q8/coders/jp2.so
-rwxr-xr-x root/root      1042 2023-01-16 14:24 usr/lib64/GraphicsMagick-1.3.40/modules-Q8/coders/jpeg.la
-rwxr-xr-x root/root     47648 2023-01-16 14:24 usr/lib64/GraphicsMagick-1.3.40/modules-Q8/coders/jpeg.so
-rwxr-xr-x root/root      1041 2023-01-16 14:24 usr/lib64/GraphicsMagick-1.3.40/modules-Q8/coders/label.la
-rwxr-xr-x root/root     14352 2023-01-16 14:24 usr/lib64/GraphicsMagick-1.3.40/modules-Q8/coders/label.so
-rwxr-xr-x root/root      1047 2023-01-16 14:24 usr/lib64/GraphicsMagick-1.3.40/modules-Q8/coders/locale.la
-rwxr-xr-x root/root     30912 2023-01-16 14:24 usr/lib64/GraphicsMagick-1.3.40/modules-Q8/coders/locale.so
-rwxr-xr-x root/root      1035 2023-01-16 14:24 usr/lib64/GraphicsMagick-1.3.40/modules-Q8/coders/logo.la
-rwxr-xr-x root/root     71832 2023-01-16 14:24 usr/lib64/GraphicsMagick-1.3.40/modules-Q8/coders/logo.so
-rwxr-xr-x root/root      1029 2023-01-16 14:24 usr/lib64/GraphicsMagick-1.3.40/modules-Q8/coders/mac.la
-rwxr-xr-x root/root     14384 2023-01-16 14:24 usr/lib64/GraphicsMagick-1.3.40/modules-Q8/coders/mac.so
-rwxr-xr-x root/root      1029 2023-01-16 14:24 usr/lib64/GraphicsMagick-1.3.40/modules-Q8/coders/map.la
-rwxr-xr-x root/root     14392 2023-01-16 14:24 usr/lib64/GraphicsMagick-1.3.40/modules-Q8/coders/map.so
-rwxr-xr-x root/root      1029 2023-01-16 14:24 usr/lib64/GraphicsMagick-1.3.40/modules-Q8/coders/mat.la
-rwxr-xr-x root/root     35184 2023-01-16 14:24 usr/lib64/GraphicsMagick-1.3.40/modules-Q8/coders/mat.so
-rwxr-xr-x root/root      1041 2023-01-16 14:24 usr/lib64/GraphicsMagick-1.3.40/modules-Q8/coders/matte.la
-rwxr-xr-x root/root     14328 2023-01-16 14:24 usr/lib64/GraphicsMagick-1.3.40/modules-Q8/coders/matte.so
-rwxr-xr-x root/root      1035 2023-01-16 14:24 usr/lib64/GraphicsMagick-1.3.40/modules-Q8/coders/meta.la
-rwxr-xr-x root/root     39184 2023-01-16 14:24 usr/lib64/GraphicsMagick-1.3.40/modules-Q8/coders/meta.so
-rwxr-xr-x root/root      1035 2023-01-16 14:24 usr/lib64/GraphicsMagick-1.3.40/modules-Q8/coders/miff.la
-rwxr-xr-x root/root     55904 2023-01-16 14:24 usr/lib64/GraphicsMagick-1.3.40/modules-Q8/coders/miff.so
-rwxr-xr-x root/root      1035 2023-01-16 14:24 usr/lib64/GraphicsMagick-1.3.40/modules-Q8/coders/mono.la
-rwxr-xr-x root/root     14400 2023-01-16 14:24 usr/lib64/GraphicsMagick-1.3.40/modules-Q8/coders/mono.so
-rwxr-xr-x root/root      1029 2023-01-16 14:24 usr/lib64/GraphicsMagick-1.3.40/modules-Q8/coders/mpc.la
-rwxr-xr-x root/root     31072 2023-01-16 14:24 usr/lib64/GraphicsMagick-1.3.40/modules-Q8/coders/mpc.so
-rwxr-xr-x root/root      1035 2023-01-16 14:24 usr/lib64/GraphicsMagick-1.3.40/modules-Q8/coders/mpeg.la
-rwxr-xr-x root/root     18560 2023-01-16 14:24 usr/lib64/GraphicsMagick-1.3.40/modules-Q8/coders/mpeg.so
-rwxr-xr-x root/root      1029 2023-01-16 14:24 usr/lib64/GraphicsMagick-1.3.40/modules-Q8/coders/mpr.la
-rwxr-xr-x root/root     14312 2023-01-16 14:24 usr/lib64/GraphicsMagick-1.3.40/modules-Q8/coders/mpr.so
-rwxr-xr-x root/root      1036 2023-01-16 14:24 usr/lib64/GraphicsMagick-1.3.40/modules-Q8/coders/msl.la
-rwxr-xr-x root/root     80784 2023-01-16 14:24 usr/lib64/GraphicsMagick-1.3.40/modules-Q8/coders/msl.so
-rwxr-xr-x root/root      1029 2023-01-16 14:24 usr/lib64/GraphicsMagick-1.3.40/modules-Q8/coders/mtv.la
-rwxr-xr-x root/root     14464 2023-01-16 14:24 usr/lib64/GraphicsMagick-1.3.40/modules-Q8/coders/mtv.so
-rwxr-xr-x root/root      1029 2023-01-16 14:24 usr/lib64/GraphicsMagick-1.3.40/modules-Q8/coders/mvg.la
-rwxr-xr-x root/root     14440 2023-01-16 14:24 usr/lib64/GraphicsMagick-1.3.40/modules-Q8/coders/mvg.so
-rwxr-xr-x root/root      1035 2023-01-16 14:24 usr/lib64/GraphicsMagick-1.3.40/modules-Q8/coders/null.la
-rwxr-xr-x root/root     14336 2023-01-16 14:24 usr/lib64/GraphicsMagick-1.3.40/modules-Q8/coders/null.so
-rwxr-xr-x root/root      1029 2023-01-16 14:24 usr/lib64/GraphicsMagick-1.3.40/modules-Q8/coders/otb.la
-rwxr-xr-x root/root     14424 2023-01-16 14:24 usr/lib64/GraphicsMagick-1.3.40/modules-Q8/coders/otb.so
-rwxr-xr-x root/root      1035 2023-01-16 14:24 usr/lib64/GraphicsMagick-1.3.40/modules-Q8/coders/palm.la
-rwxr-xr-x root/root     18552 2023-01-16 14:24 usr/lib64/GraphicsMagick-1.3.40/modules-Q8/coders/palm.so
-rwxr-xr-x root/root      1029 2023-01-16 14:24 usr/lib64/GraphicsMagick-1.3.40/modules-Q8/coders/pcd.la
-rwxr-xr-x root/root     26920 2023-01-16 14:24 usr/lib64/GraphicsMagick-1.3.40/modules-Q8/coders/pcd.so
-rwxr-xr-x root/root      1029 2023-01-16 14:24 usr/lib64/GraphicsMagick-1.3.40/modules-Q8/coders/pcl.la
-rwxr-xr-x root/root     18496 2023-01-16 14:24 usr/lib64/GraphicsMagick-1.3.40/modules-Q8/coders/pcl.so
-rwxr-xr-x root/root      1029 2023-01-16 14:24 usr/lib64/GraphicsMagick-1.3.40/modules-Q8/coders/pcx.la
-rwxr-xr-x root/root     30952 2023-01-16 14:24 usr/lib64/GraphicsMagick-1.3.40/modules-Q8/coders/pcx.so
-rwxr-xr-x root/root      1029 2023-01-16 14:24 usr/lib64/GraphicsMagick-1.3.40/modules-Q8/coders/pdb.la
-rwxr-xr-x root/root     26872 2023-01-16 14:24 usr/lib64/GraphicsMagick-1.3.40/modules-Q8/coders/pdb.so
-rwxr-xr-x root/root      1029 2023-01-16 14:24 usr/lib64/GraphicsMagick-1.3.40/modules-Q8/coders/pdf.la
-rwxr-xr-x root/root     39400 2023-01-16 14:24 usr/lib64/GraphicsMagick-1.3.40/modules-Q8/coders/pdf.so
-rwxr-xr-x root/root      1035 2023-01-16 14:24 usr/lib64/GraphicsMagick-1.3.40/modules-Q8/coders/pict.la
-rwxr-xr-x root/root     43344 2023-01-16 14:24 usr/lib64/GraphicsMagick-1.3.40/modules-Q8/coders/pict.so
-rwxr-xr-x root/root      1029 2023-01-16 14:24 usr/lib64/GraphicsMagick-1.3.40/modules-Q8/coders/pix.la
-rwxr-xr-x root/root     14432 2023-01-16 14:24 usr/lib64/GraphicsMagick-1.3.40/modules-Q8/coders/pix.so
-rwxr-xr-x root/root      1047 2023-01-16 14:24 usr/lib64/GraphicsMagick-1.3.40/modules-Q8/coders/plasma.la
-rwxr-xr-x root/root     14336 2023-01-16 14:24 usr/lib64/GraphicsMagick-1.3.40/modules-Q8/coders/plasma.so
-rwxr-xr-x root/root      1044 2023-01-16 14:24 usr/lib64/GraphicsMagick-1.3.40/modules-Q8/coders/png.la
-rwxr-xr-x root/root    130240 2023-01-16 14:24 usr/lib64/GraphicsMagick-1.3.40/modules-Q8/coders/png.so
-rwxr-xr-x root/root      1029 2023-01-16 14:24 usr/lib64/GraphicsMagick-1.3.40/modules-Q8/coders/pnm.la
-rwxr-xr-x root/root     39256 2023-01-16 14:24 usr/lib64/GraphicsMagick-1.3.40/modules-Q8/coders/pnm.so
-rwxr-xr-x root/root      1053 2023-01-16 14:24 usr/lib64/GraphicsMagick-1.3.40/modules-Q8/coders/preview.la
-rwxr-xr-x root/root     22880 2023-01-16 14:24 usr/lib64/GraphicsMagick-1.3.40/modules-Q8/coders/preview.so
-rwxr-xr-x root/root      1023 2023-01-16 14:24 usr/lib64/GraphicsMagick-1.3.40/modules-Q8/coders/ps.la
-rwxr-xr-x root/root     39272 2023-01-16 14:24 usr/lib64/GraphicsMagick-1.3.40/modules-Q8/coders/ps.so
-rwxr-xr-x root/root      1085 2023-01-16 14:24 usr/lib64/GraphicsMagick-1.3.40/modules-Q8/coders/ps2.la
-rwxr-xr-x root/root     31072 2023-01-16 14:24 usr/lib64/GraphicsMagick-1.3.40/modules-Q8/coders/ps2.so
-rwxr-xr-x root/root      1085 2023-01-16 14:24 usr/lib64/GraphicsMagick-1.3.40/modules-Q8/coders/ps3.la
-rwxr-xr-x root/root     39360 2023-01-16 14:24 usr/lib64/GraphicsMagick-1.3.40/modules-Q8/coders/ps3.so
-rwxr-xr-x root/root      1029 2023-01-16 14:24 usr/lib64/GraphicsMagick-1.3.40/modules-Q8/coders/pwp.la
-rwxr-xr-x root/root     14456 2023-01-16 14:24 usr/lib64/GraphicsMagick-1.3.40/modules-Q8/coders/pwp.so
-rwxr-xr-x root/root      1029 2023-01-16 14:24 usr/lib64/GraphicsMagick-1.3.40/modules-Q8/coders/rgb.la
-rwxr-xr-x root/root     26808 2023-01-16 14:24 usr/lib64/GraphicsMagick-1.3.40/modules-Q8/coders/rgb.so
-rwxr-xr-x root/root      1029 2023-01-16 14:24 usr/lib64/GraphicsMagick-1.3.40/modules-Q8/coders/rla.la
-rwxr-xr-x root/root     18520 2023-01-16 14:24 usr/lib64/GraphicsMagick-1.3.40/modules-Q8/coders/rla.so
-rwxr-xr-x root/root      1029 2023-01-16 14:24 usr/lib64/GraphicsMagick-1.3.40/modules-Q8/coders/rle.la
-rwxr-xr-x root/root     22656 2023-01-16 14:24 usr/lib64/GraphicsMagick-1.3.40/modules-Q8/coders/rle.so
-rwxr-xr-x root/root      1029 2023-01-16 14:24 usr/lib64/GraphicsMagick-1.3.40/modules-Q8/coders/sct.la
-rwxr-xr-x root/root     14376 2023-01-16 14:24 usr/lib64/GraphicsMagick-1.3.40/modules-Q8/coders/sct.so
-rwxr-xr-x root/root      1029 2023-01-16 14:24 usr/lib64/GraphicsMagick-1.3.40/modules-Q8/coders/sfw.la
-rwxr-xr-x root/root     14448 2023-01-16 14:24 usr/lib64/GraphicsMagick-1.3.40/modules-Q8/coders/sfw.so
-rwxr-xr-x root/root      1029 2023-01-16 14:24 usr/lib64/GraphicsMagick-1.3.40/modules-Q8/coders/sgi.la
-rwxr-xr-x root/root     30928 2023-01-16 14:24 usr/lib64/GraphicsMagick-1.3.40/modules-Q8/coders/sgi.so
-rwxr-xr-x root/root      1053 2023-01-16 14:24 usr/lib64/GraphicsMagick-1.3.40/modules-Q8/coders/stegano.la
-rwxr-xr-x root/root     14368 2023-01-16 14:24 usr/lib64/GraphicsMagick-1.3.40/modules-Q8/coders/stegano.so
-rwxr-xr-x root/root      1029 2023-01-16 14:24 usr/lib64/GraphicsMagick-1.3.40/modules-Q8/coders/sun.la
-rwxr-xr-x root/root     26816 2023-01-16 14:24 usr/lib64/GraphicsMagick-1.3.40/modules-Q8/coders/sun.so
-rwxr-xr-x root/root      1036 2023-01-16 14:24 usr/lib64/GraphicsMagick-1.3.40/modules-Q8/coders/svg.la
-rwxr-xr-x root/root     64120 2023-01-16 14:24 usr/lib64/GraphicsMagick-1.3.40/modules-Q8/coders/svg.so
-rwxr-xr-x root/root      1029 2023-01-16 14:24 usr/lib64/GraphicsMagick-1.3.40/modules-Q8/coders/tga.la
-rwxr-xr-x root/root     26864 2023-01-16 14:24 usr/lib64/GraphicsMagick-1.3.40/modules-Q8/coders/tga.so
-rwxr-xr-x root/root      1091 2023-01-16 14:24 usr/lib64/GraphicsMagick-1.3.40/modules-Q8/coders/tiff.la
-rwxr-xr-x root/root     76672 2023-01-16 14:24 usr/lib64/GraphicsMagick-1.3.40/modules-Q8/coders/tiff.so
-rwxr-xr-x root/root      1035 2023-01-16 14:24 usr/lib64/GraphicsMagick-1.3.40/modules-Q8/coders/tile.la
-rwxr-xr-x root/root     14320 2023-01-16 14:24 usr/lib64/GraphicsMagick-1.3.40/modules-Q8/coders/tile.so
-rwxr-xr-x root/root      1029 2023-01-16 14:24 usr/lib64/GraphicsMagick-1.3.40/modules-Q8/coders/tim.la
-rwxr-xr-x root/root     18576 2023-01-16 14:24 usr/lib64/GraphicsMagick-1.3.40/modules-Q8/coders/tim.so
-rwxr-xr-x root/root      1041 2023-01-16 14:24 usr/lib64/GraphicsMagick-1.3.40/modules-Q8/coders/topol.la
-rwxr-xr-x root/root     26800 2023-01-16 14:24 usr/lib64/GraphicsMagick-1.3.40/modules-Q8/coders/topol.so
-rwxr-xr-x root/root      1029 2023-01-16 14:24 usr/lib64/GraphicsMagick-1.3.40/modules-Q8/coders/ttf.la
-rwxr-xr-x root/root     14448 2023-01-16 14:24 usr/lib64/GraphicsMagick-1.3.40/modules-Q8/coders/ttf.so
-rwxr-xr-x root/root      1029 2023-01-16 14:24 usr/lib64/GraphicsMagick-1.3.40/modules-Q8/coders/txt.la
-rwxr-xr-x root/root     26984 2023-01-16 14:24 usr/lib64/GraphicsMagick-1.3.40/modules-Q8/coders/txt.so
-rwxr-xr-x root/root      1029 2023-01-16 14:24 usr/lib64/GraphicsMagick-1.3.40/modules-Q8/coders/uil.la
-rwxr-xr-x root/root     14392 2023-01-16 14:24 usr/lib64/GraphicsMagick-1.3.40/modules-Q8/coders/uil.so
-rwxr-xr-x root/root      1036 2023-01-16 14:24 usr/lib64/GraphicsMagick-1.3.40/modules-Q8/coders/url.la
-rwxr-xr-x root/root     14424 2023-01-16 14:24 usr/lib64/GraphicsMagick-1.3.40/modules-Q8/coders/url.so
-rwxr-xr-x root/root      1035 2023-01-16 14:24 usr/lib64/GraphicsMagick-1.3.40/modules-Q8/coders/uyvy.la
-rwxr-xr-x root/root     14368 2023-01-16 14:24 usr/lib64/GraphicsMagick-1.3.40/modules-Q8/coders/uyvy.so
-rwxr-xr-x root/root      1041 2023-01-16 14:24 usr/lib64/GraphicsMagick-1.3.40/modules-Q8/coders/vicar.la
-rwxr-xr-x root/root     18560 2023-01-16 14:24 usr/lib64/GraphicsMagick-1.3.40/modules-Q8/coders/vicar.so
-rwxr-xr-x root/root      1029 2023-01-16 14:24 usr/lib64/GraphicsMagick-1.3.40/modules-Q8/coders/vid.la
-rwxr-xr-x root/root     14480 2023-01-16 14:24 usr/lib64/GraphicsMagick-1.3.40/modules-Q8/coders/vid.so
-rwxr-xr-x root/root      1035 2023-01-16 14:24 usr/lib64/GraphicsMagick-1.3.40/modules-Q8/coders/viff.la
-rwxr-xr-x root/root     35064 2023-01-16 14:24 usr/lib64/GraphicsMagick-1.3.40/modules-Q8/coders/viff.so
-rwxr-xr-x root/root      1035 2023-01-16 14:24 usr/lib64/GraphicsMagick-1.3.40/modules-Q8/coders/wbmp.la
-rwxr-xr-x root/root     14424 2023-01-16 14:24 usr/lib64/GraphicsMagick-1.3.40/modules-Q8/coders/wbmp.so
-rwxr-xr-x root/root      1063 2023-01-16 14:24 usr/lib64/GraphicsMagick-1.3.40/modules-Q8/coders/webp.la
-rwxr-xr-x root/root     26952 2023-01-16 14:24 usr/lib64/GraphicsMagick-1.3.40/modules-Q8/coders/webp.so
-rwxr-xr-x root/root      1039 2023-01-16 14:24 usr/lib64/GraphicsMagick-1.3.40/modules-Q8/coders/wmf.la
-rwxr-xr-x root/root     43672 2023-01-16 14:24 usr/lib64/GraphicsMagick-1.3.40/modules-Q8/coders/wmf.so
-rwxr-xr-x root/root      1029 2023-01-16 14:24 usr/lib64/GraphicsMagick-1.3.40/modules-Q8/coders/wpg.la
-rwxr-xr-x root/root     35104 2023-01-16 14:24 usr/lib64/GraphicsMagick-1.3.40/modules-Q8/coders/wpg.so
-rwxr-xr-x root/root      1017 2023-01-16 14:24 usr/lib64/GraphicsMagick-1.3.40/modules-Q8/coders/x.la
-rwxr-xr-x root/root     14256 2023-01-16 14:24 usr/lib64/GraphicsMagick-1.3.40/modules-Q8/coders/x.so
-rwxr-xr-x root/root      1029 2023-01-16 14:24 usr/lib64/GraphicsMagick-1.3.40/modules-Q8/coders/xbm.la
-rwxr-xr-x root/root     22688 2023-01-16 14:24 usr/lib64/GraphicsMagick-1.3.40/modules-Q8/coders/xbm.so
-rwxr-xr-x root/root      1023 2023-01-16 14:24 usr/lib64/GraphicsMagick-1.3.40/modules-Q8/coders/xc.la
-rwxr-xr-x root/root     14336 2023-01-16 14:24 usr/lib64/GraphicsMagick-1.3.40/modules-Q8/coders/xc.so
-rwxr-xr-x root/root      1029 2023-01-16 14:24 usr/lib64/GraphicsMagick-1.3.40/modules-Q8/coders/xcf.la
-rwxr-xr-x root/root     30872 2023-01-16 14:24 usr/lib64/GraphicsMagick-1.3.40/modules-Q8/coders/xcf.so
-rwxr-xr-x root/root      1029 2023-01-16 14:24 usr/lib64/GraphicsMagick-1.3.40/modules-Q8/coders/xpm.la
-rwxr-xr-x root/root     26936 2023-01-16 14:24 usr/lib64/GraphicsMagick-1.3.40/modules-Q8/coders/xpm.so
-rwxr-xr-x root/root      1029 2023-01-16 14:24 usr/lib64/GraphicsMagick-1.3.40/modules-Q8/coders/xwd.la
-rwxr-xr-x root/root     26784 2023-01-16 14:24 usr/lib64/GraphicsMagick-1.3.40/modules-Q8/coders/xwd.so
-rwxr-xr-x root/root      1029 2023-01-16 14:24 usr/lib64/GraphicsMagick-1.3.40/modules-Q8/coders/yuv.la
-rwxr-xr-x root/root     18584 2023-01-16 14:24 usr/lib64/GraphicsMagick-1.3.40/modules-Q8/coders/yuv.so
drwxr-xr-x root/root         0 2023-01-16 14:24 usr/lib64/GraphicsMagick-1.3.40/modules-Q8/filters/
-rwxr-xr-x root/root      1054 2023-01-16 14:24 usr/lib64/GraphicsMagick-1.3.40/modules-Q8/filters/analyze.la
-rwxr-xr-x root/root     14272 2023-01-16 14:24 usr/lib64/GraphicsMagick-1.3.40/modules-Q8/filters/analyze.so
-rwxr-xr-x root/root    496800 2023-01-16 14:24 usr/lib64/libGraphicsMagick++.so.12.7.0
-rwxr-xr-x root/root   1737384 2023-01-16 14:24 usr/lib64/libGraphicsMagick.so.3.24.2
-rwxr-xr-x root/root    192248 2023-01-16 14:24 usr/lib64/libGraphicsMagickWand.so.2.9.8
drwxr-xr-x root/root         0 2023-01-16 14:24 usr/lib64/pkgconfig/
-rw-r--r-- root/root       261 2023-01-16 14:24 usr/lib64/pkgconfig/GraphicsMagick++.pc
-rw-r--r-- root/root       248 2023-01-16 14:24 usr/lib64/pkgconfig/GraphicsMagick.pc
-rw-r--r-- root/root       257 2023-01-16 14:24 usr/lib64/pkgconfig/GraphicsMagickWand.pc
drwxr-xr-x root/root         0 2023-01-16 14:24 usr/man/
drwxr-xr-x root/root         0 2023-01-16 14:24 usr/man/man1/
-rw-r--r-- root/root       738 2023-01-16 14:24 usr/man/man1/GraphicsMagick++-config.1.gz
-rw-r--r-- root/root       697 2023-01-16 14:24 usr/man/man1/GraphicsMagick-config.1.gz
-rw-r--r-- root/root       706 2023-01-16 14:24 usr/man/man1/GraphicsMagickWand-config.1.gz
-rw-r--r-- root/root     88284 2023-01-16 14:24 usr/man/man1/gm.1.gz
drwxr-xr-x root/root         0 2023-01-16 14:24 usr/man/man4/
-rw-r--r-- root/root      4463 2023-01-16 14:24 usr/man/man4/miff.4.gz
drwxr-xr-x root/root         0 2023-01-16 14:24 usr/man/man5/
-rw-r--r-- root/root      4422 2023-01-16 14:24 usr/man/man5/quantize.5.gz
drwxr-xr-x root/root         0 2023-01-16 14:24 usr/share/
drwxr-xr-x root/root         0 2023-01-16 14:24 usr/share/GraphicsMagick-1.3.40/
drwxr-xr-x root/root         0 2023-01-16 14:24 usr/share/GraphicsMagick-1.3.40/config/
-rw-r--r-- root/root       497 2023-01-16 14:24 usr/share/GraphicsMagick-1.3.40/config/colors.mgk
-rw-r--r-- root/root      2513 2023-01-16 14:24 usr/share/GraphicsMagick-1.3.40/config/log.mgk
-rw-r--r-- root/root       439 2023-01-16 14:24 usr/share/GraphicsMagick-1.3.40/config/modules.mgk


