++========================================
||
||   Package:  ./gi-docgen/gi-docgen-2023.1-x86_64-1cf.txz
||
++========================================
drwxr-xr-x root/root         0 2023-02-06 16:58 ./
drwxr-xr-x root/root         0 2023-02-06 16:58 install/
-rw-r--r-- root/root       958 2023-02-06 16:58 install/slack-desc
-rw-r--r-- root/root        17 2023-02-06 16:58 install/slack-required
drwxr-xr-x root/root         0 2023-02-06 16:58 usr/
drwxr-xr-x root/root         0 2023-02-06 16:58 usr/bin/
-rwxr-xr-x root/root       971 2023-02-06 16:58 usr/bin/gi-docgen
drwxr-xr-x root/root         0 2023-02-06 16:58 usr/doc/
drwxr-xr-x root/root         0 2023-02-06 16:58 usr/doc/gi-docgen-2023.1/
-rw-r--r-- root/root       338 2023-01-06 20:02 usr/doc/gi-docgen-2023.1/CHANGES.md
-rw-r--r-- root/root      4184 2021-03-13 20:26 usr/doc/gi-docgen-2023.1/CONTRIBUTING.md
-rw-r--r-- root/root      2572 2022-11-12 22:47 usr/doc/gi-docgen-2023.1/README.md
-rw-r--r-- root/root     11150 2021-03-13 20:26 usr/doc/gi-docgen-2023.1/code-of-conduct.md
-rw-r--r-- root/root      3610 2023-02-06 16:58 usr/doc/gi-docgen-2023.1/gi-docgen.SlackBuild
drwxr-xr-x root/root         0 2023-02-06 16:58 usr/lib64/
drwxr-xr-x root/root         0 2023-02-06 16:58 usr/lib64/python3.9/
drwxr-xr-x root/root         0 2023-02-06 16:58 usr/lib64/python3.9/site-packages/
drwxr-xr-x root/root         0 2023-02-06 16:58 usr/lib64/python3.9/site-packages/gi_docgen-2023.1-py3.9.egg-info/
-rw-r--r-- root/root      4062 2023-02-06 16:58 usr/lib64/python3.9/site-packages/gi_docgen-2023.1-py3.9.egg-info/PKG-INFO
-rw-r--r-- root/root      4208 2023-02-06 16:58 usr/lib64/python3.9/site-packages/gi_docgen-2023.1-py3.9.egg-info/SOURCES.txt
-rw-r--r-- root/root         1 2023-02-06 16:58 usr/lib64/python3.9/site-packages/gi_docgen-2023.1-py3.9.egg-info/dependency_links.txt
-rw-r--r-- root/root        54 2023-02-06 16:58 usr/lib64/python3.9/site-packages/gi_docgen-2023.1-py3.9.egg-info/entry_points.txt
-rw-r--r-- root/root        85 2023-02-06 16:58 usr/lib64/python3.9/site-packages/gi_docgen-2023.1-py3.9.egg-info/requires.txt
-rw-r--r-- root/root         9 2023-02-06 16:58 usr/lib64/python3.9/site-packages/gi_docgen-2023.1-py3.9.egg-info/top_level.txt
drwxr-xr-x root/root         0 2023-02-06 16:58 usr/lib64/python3.9/site-packages/gidocgen/
-rw-r--r-- root/root       106 2020-11-01 22:35 usr/lib64/python3.9/site-packages/gidocgen/__init__.py
drwxr-xr-x root/root         0 2023-02-06 16:58 usr/lib64/python3.9/site-packages/gidocgen/__pycache__/
-rw-r--r-- root/root       146 2023-02-06 16:58 usr/lib64/python3.9/site-packages/gidocgen/__pycache__/__init__.cpython-39.pyc
-rw-r--r-- root/root     13380 2023-02-06 16:58 usr/lib64/python3.9/site-packages/gidocgen/__pycache__/config.cpython-39.pyc
-rw-r--r-- root/root       160 2023-02-06 16:58 usr/lib64/python3.9/site-packages/gidocgen/__pycache__/core.cpython-39.pyc
-rw-r--r-- root/root     10263 2023-02-06 16:58 usr/lib64/python3.9/site-packages/gidocgen/__pycache__/gdcheck.cpython-39.pyc
-rw-r--r-- root/root      2556 2023-02-06 16:58 usr/lib64/python3.9/site-packages/gidocgen/__pycache__/gdgendeps.cpython-39.pyc
-rw-r--r-- root/root     70774 2023-02-06 16:58 usr/lib64/python3.9/site-packages/gidocgen/__pycache__/gdgenerate.cpython-39.pyc
-rw-r--r-- root/root     12907 2023-02-06 16:58 usr/lib64/python3.9/site-packages/gidocgen/__pycache__/gdgenindices.cpython-39.pyc
-rw-r--r-- root/root     12749 2023-02-06 16:58 usr/lib64/python3.9/site-packages/gidocgen/__pycache__/gdindex.cpython-39.pyc
-rw-r--r-- root/root      9792 2023-02-06 16:58 usr/lib64/python3.9/site-packages/gidocgen/__pycache__/gdsearch.cpython-39.pyc
-rw-r--r-- root/root      4871 2023-02-06 16:58 usr/lib64/python3.9/site-packages/gidocgen/__pycache__/gdserver.cpython-39.pyc
-rw-r--r-- root/root      4072 2023-02-06 16:58 usr/lib64/python3.9/site-packages/gidocgen/__pycache__/gidocmain.cpython-39.pyc
-rw-r--r-- root/root      6068 2023-02-06 16:58 usr/lib64/python3.9/site-packages/gidocgen/__pycache__/log.cpython-39.pyc
-rw-r--r-- root/root      1766 2023-02-06 16:58 usr/lib64/python3.9/site-packages/gidocgen/__pycache__/mdext.cpython-39.pyc
-rw-r--r-- root/root     17437 2023-02-06 16:58 usr/lib64/python3.9/site-packages/gidocgen/__pycache__/utils.cpython-39.pyc
-rw-r--r-- root/root     10911 2022-11-29 14:14 usr/lib64/python3.9/site-packages/gidocgen/config.py
-rw-r--r-- root/root       146 2023-01-06 20:02 usr/lib64/python3.9/site-packages/gidocgen/core.py
-rw-r--r-- root/root     16276 2021-06-23 18:25 usr/lib64/python3.9/site-packages/gidocgen/gdcheck.py
-rw-r--r-- root/root      3013 2021-08-09 20:13 usr/lib64/python3.9/site-packages/gidocgen/gdgendeps.py
-rw-r--r-- root/root    125316 2023-01-06 19:58 usr/lib64/python3.9/site-packages/gidocgen/gdgenerate.py
-rw-r--r-- root/root     24935 2022-07-29 15:21 usr/lib64/python3.9/site-packages/gidocgen/gdgenindices.py
-rw-r--r-- root/root     20063 2021-06-07 19:45 usr/lib64/python3.9/site-packages/gidocgen/gdindex.py
-rw-r--r-- root/root     14029 2022-07-29 15:21 usr/lib64/python3.9/site-packages/gidocgen/gdsearch.py
-rw-r--r-- root/root      6047 2022-11-07 15:21 usr/lib64/python3.9/site-packages/gidocgen/gdserver.py
-rw-r--r-- root/root      5088 2022-11-07 14:48 usr/lib64/python3.9/site-packages/gidocgen/gidocmain.py
drwxr-xr-x root/root         0 2023-02-06 16:58 usr/lib64/python3.9/site-packages/gidocgen/gir/
-rw-r--r-- root/root      1110 2021-03-07 18:01 usr/lib64/python3.9/site-packages/gidocgen/gir/__init__.py
drwxr-xr-x root/root         0 2023-02-06 16:58 usr/lib64/python3.9/site-packages/gidocgen/gir/__pycache__/
-rw-r--r-- root/root       971 2023-02-06 16:58 usr/lib64/python3.9/site-packages/gidocgen/gir/__pycache__/__init__.cpython-39.pyc
-rw-r--r-- root/root     48846 2023-02-06 16:58 usr/lib64/python3.9/site-packages/gidocgen/gir/__pycache__/ast.cpython-39.pyc
-rw-r--r-- root/root     28695 2023-02-06 16:58 usr/lib64/python3.9/site-packages/gidocgen/gir/__pycache__/parser.cpython-39.pyc
-rw-r--r-- root/root     46518 2022-09-18 12:30 usr/lib64/python3.9/site-packages/gidocgen/gir/ast.py
-rw-r--r-- root/root     44239 2022-08-02 02:18 usr/lib64/python3.9/site-packages/gidocgen/gir/parser.py
-rw-r--r-- root/root      4962 2022-05-22 15:42 usr/lib64/python3.9/site-packages/gidocgen/log.py
-rw-r--r-- root/root      2202 2021-09-28 01:05 usr/lib64/python3.9/site-packages/gidocgen/mdext.py
-rw-r--r-- root/root         0 2022-07-29 15:21 usr/lib64/python3.9/site-packages/gidocgen/py.typed
drwxr-xr-x root/root         0 2023-02-06 16:58 usr/lib64/python3.9/site-packages/gidocgen/templates/
drwxr-xr-x root/root         0 2023-02-06 16:58 usr/lib64/python3.9/site-packages/gidocgen/templates/basic/
-rw-r--r-- root/root     36396 2021-02-18 20:34 usr/lib64/python3.9/site-packages/gidocgen/templates/basic/RedHatDisplay-Black.woff
-rw-r--r-- root/root     28457 2021-02-18 20:34 usr/lib64/python3.9/site-packages/gidocgen/templates/basic/RedHatDisplay-Black.woff2
-rw-r--r-- root/root     37464 2021-02-18 20:34 usr/lib64/python3.9/site-packages/gidocgen/templates/basic/RedHatDisplay-BlackItalic.woff
-rw-r--r-- root/root     29245 2021-02-18 20:34 usr/lib64/python3.9/site-packages/gidocgen/templates/basic/RedHatDisplay-BlackItalic.woff2
-rw-r--r-- root/root     36920 2021-02-18 20:34 usr/lib64/python3.9/site-packages/gidocgen/templates/basic/RedHatDisplay-Bold.woff
-rw-r--r-- root/root     29045 2021-02-18 20:34 usr/lib64/python3.9/site-packages/gidocgen/templates/basic/RedHatDisplay-Bold.woff2
-rw-r--r-- root/root     37944 2021-02-18 20:34 usr/lib64/python3.9/site-packages/gidocgen/templates/basic/RedHatDisplay-BoldItalic.woff
-rw-r--r-- root/root     29761 2021-02-18 20:34 usr/lib64/python3.9/site-packages/gidocgen/templates/basic/RedHatDisplay-BoldItalic.woff2
-rw-r--r-- root/root     37172 2021-02-18 20:34 usr/lib64/python3.9/site-packages/gidocgen/templates/basic/RedHatDisplay-Italic.woff
-rw-r--r-- root/root     29201 2021-02-18 20:34 usr/lib64/python3.9/site-packages/gidocgen/templates/basic/RedHatDisplay-Italic.woff2
-rw-r--r-- root/root     36532 2021-02-18 20:34 usr/lib64/python3.9/site-packages/gidocgen/templates/basic/RedHatDisplay-Medium.woff
-rw-r--r-- root/root     28661 2021-02-18 20:34 usr/lib64/python3.9/site-packages/gidocgen/templates/basic/RedHatDisplay-Medium.woff2
-rw-r--r-- root/root     37568 2021-02-18 20:34 usr/lib64/python3.9/site-packages/gidocgen/templates/basic/RedHatDisplay-MediumItalic.woff
-rw-r--r-- root/root     29497 2021-02-18 20:34 usr/lib64/python3.9/site-packages/gidocgen/templates/basic/RedHatDisplay-MediumItalic.woff2
-rw-r--r-- root/root     36432 2021-02-18 20:34 usr/lib64/python3.9/site-packages/gidocgen/templates/basic/RedHatDisplay-Regular.woff
-rw-r--r-- root/root     28745 2021-02-18 20:34 usr/lib64/python3.9/site-packages/gidocgen/templates/basic/RedHatDisplay-Regular.woff2
-rw-r--r-- root/root     36396 2021-02-18 20:34 usr/lib64/python3.9/site-packages/gidocgen/templates/basic/RedHatText-Bold.woff
-rw-r--r-- root/root     28541 2021-02-18 20:34 usr/lib64/python3.9/site-packages/gidocgen/templates/basic/RedHatText-Bold.woff2
-rw-r--r-- root/root     37384 2021-02-18 20:34 usr/lib64/python3.9/site-packages/gidocgen/templates/basic/RedHatText-BoldItalic.woff
-rw-r--r-- root/root     29217 2021-02-18 20:34 usr/lib64/python3.9/site-packages/gidocgen/templates/basic/RedHatText-BoldItalic.woff2
-rw-r--r-- root/root     37348 2021-02-18 20:34 usr/lib64/python3.9/site-packages/gidocgen/templates/basic/RedHatText-Italic.woff
-rw-r--r-- root/root     29381 2021-02-18 20:34 usr/lib64/python3.9/site-packages/gidocgen/templates/basic/RedHatText-Italic.woff2
-rw-r--r-- root/root     37096 2021-02-18 20:34 usr/lib64/python3.9/site-packages/gidocgen/templates/basic/RedHatText-Medium.woff
-rw-r--r-- root/root     29049 2021-02-18 20:34 usr/lib64/python3.9/site-packages/gidocgen/templates/basic/RedHatText-Medium.woff2
-rw-r--r-- root/root     37888 2021-02-18 20:34 usr/lib64/python3.9/site-packages/gidocgen/templates/basic/RedHatText-MediumItalic.woff
-rw-r--r-- root/root     29621 2021-02-18 20:34 usr/lib64/python3.9/site-packages/gidocgen/templates/basic/RedHatText-MediumItalic.woff2
-rw-r--r-- root/root     35980 2021-02-18 20:34 usr/lib64/python3.9/site-packages/gidocgen/templates/basic/RedHatText-Regular.woff
-rw-r--r-- root/root     28169 2021-02-18 20:34 usr/lib64/python3.9/site-packages/gidocgen/templates/basic/RedHatText-Regular.woff2
-rw-r--r-- root/root     58444 2021-06-07 19:44 usr/lib64/python3.9/site-packages/gidocgen/templates/basic/SourceCodePro-It.ttf.woff
-rw-r--r-- root/root     68152 2021-06-07 19:44 usr/lib64/python3.9/site-packages/gidocgen/templates/basic/SourceCodePro-Regular.ttf.woff
-rw-r--r-- root/root     68080 2021-06-07 19:44 usr/lib64/python3.9/site-packages/gidocgen/templates/basic/SourceCodePro-Semibold.ttf.woff
-rw-r--r-- root/root      2961 2022-11-23 21:05 usr/lib64/python3.9/site-packages/gidocgen/templates/basic/base.html
-rw-r--r-- root/root      1918 2021-09-06 23:42 usr/lib64/python3.9/site-packages/gidocgen/templates/basic/basic.toml
-rw-r--r-- root/root     31815 2022-11-07 13:06 usr/lib64/python3.9/site-packages/gidocgen/templates/basic/class.html
-rw-r--r-- root/root      9571 2022-11-07 13:06 usr/lib64/python3.9/site-packages/gidocgen/templates/basic/class_method.html
-rw-r--r-- root/root      3489 2022-11-07 13:06 usr/lib64/python3.9/site-packages/gidocgen/templates/basic/constant.html
-rw-r--r-- root/root      1747 2022-08-13 00:14 usr/lib64/python3.9/site-packages/gidocgen/templates/basic/content.html
-rw-r--r-- root/root      9299 2022-11-07 13:06 usr/lib64/python3.9/site-packages/gidocgen/templates/basic/ctor.html
-rw-r--r-- root/root      6817 2022-11-07 13:06 usr/lib64/python3.9/site-packages/gidocgen/templates/basic/enum.html
-rw-r--r-- root/root      4711 2022-05-22 14:41 usr/lib64/python3.9/site-packages/gidocgen/templates/basic/fonts.css
-rw-r--r-- root/root      9524 2022-11-07 13:06 usr/lib64/python3.9/site-packages/gidocgen/templates/basic/function.html
-rw-r--r-- root/root      6597 2021-06-07 19:45 usr/lib64/python3.9/site-packages/gidocgen/templates/basic/fzy.js
-rw-r--r-- root/root       471 2021-06-07 19:44 usr/lib64/python3.9/site-packages/gidocgen/templates/basic/go-up-symbolic.png
-rw-r--r-- root/root     16006 2023-01-06 19:58 usr/lib64/python3.9/site-packages/gidocgen/templates/basic/interface.html
-rw-r--r-- root/root      5542 2021-09-01 14:47 usr/lib64/python3.9/site-packages/gidocgen/templates/basic/main.js
-rw-r--r-- root/root      9694 2022-11-07 13:06 usr/lib64/python3.9/site-packages/gidocgen/templates/basic/method.html
-rw-r--r-- root/root      7508 2022-11-07 13:06 usr/lib64/python3.9/site-packages/gidocgen/templates/basic/namespace.html
-rw-r--r-- root/root      4661 2022-11-07 13:06 usr/lib64/python3.9/site-packages/gidocgen/templates/basic/property.html
-rw-r--r-- root/root     10177 2021-09-25 17:44 usr/lib64/python3.9/site-packages/gidocgen/templates/basic/search.js
-rw-r--r-- root/root      9155 2022-11-07 13:06 usr/lib64/python3.9/site-packages/gidocgen/templates/basic/signal.html
-rw-r--r-- root/root      5230 2021-09-06 23:42 usr/lib64/python3.9/site-packages/gidocgen/templates/basic/solarized-dark.css
-rw-r--r-- root/root      5230 2021-09-06 23:42 usr/lib64/python3.9/site-packages/gidocgen/templates/basic/solarized-light.css
-rw-r--r-- root/root      9411 2022-11-07 13:06 usr/lib64/python3.9/site-packages/gidocgen/templates/basic/struct.html
-rw-r--r-- root/root     18434 2022-11-07 13:06 usr/lib64/python3.9/site-packages/gidocgen/templates/basic/style.css
-rw-r--r-- root/root      9910 2022-11-07 13:06 usr/lib64/python3.9/site-packages/gidocgen/templates/basic/type_func.html
-rw-r--r-- root/root      9031 2022-11-07 13:06 usr/lib64/python3.9/site-packages/gidocgen/templates/basic/vfunc.html
-rw-r--r-- root/root     29961 2022-07-29 15:21 usr/lib64/python3.9/site-packages/gidocgen/utils.py
drwxr-xr-x root/root         0 2023-02-06 16:58 usr/man/
drwxr-xr-x root/root         0 2023-02-06 16:58 usr/man/man1/
-rw-r--r-- root/root      2015 2022-11-07 15:49 usr/man/man1/gi-docgen.1.gz
drwxr-xr-x root/root         0 2023-02-06 16:58 usr/share/
drwxr-xr-x root/root         0 2023-02-06 16:58 usr/share/pkgconfig/
-rw-r--r-- root/root        96 2023-02-06 16:58 usr/share/pkgconfig/gi-docgen.pc


