++========================================
||
||   Package:  ./libmemcached/libmemcached-1.0.18-x86_64-19cf.txz
||
++========================================
drwxr-xr-x root/root         0 2020-11-22 14:43 ./
drwxr-xr-x root/root         0 2020-11-22 14:43 install/
-rw-r--r-- root/root       928 2020-11-22 14:43 install/doinst.sh
-rw-r--r-- root/root       809 2020-11-22 14:43 install/slack-desc
drwxr-xr-x root/root         0 2020-11-22 14:43 usr/
drwxr-xr-x root/root         0 2020-11-22 14:43 usr/bin/
-rwxr-xr-x root/root     69056 2020-11-22 14:43 usr/bin/memcapable
-rwxr-xr-x root/root     27464 2020-11-22 14:43 usr/bin/memcat
-rwxr-xr-x root/root     27704 2020-11-22 14:43 usr/bin/memcp
-rwxr-xr-x root/root     23208 2020-11-22 14:43 usr/bin/memdump
-rwxr-xr-x root/root     14696 2020-11-22 14:43 usr/bin/memerror
-rwxr-xr-x root/root     23208 2020-11-22 14:43 usr/bin/memexist
-rwxr-xr-x root/root     23240 2020-11-22 14:43 usr/bin/memflush
-rwxr-xr-x root/root     14464 2020-11-22 14:43 usr/bin/memparse
-rwxr-xr-x root/root     23208 2020-11-22 14:43 usr/bin/memping
-rwxr-xr-x root/root     23272 2020-11-22 14:43 usr/bin/memrm
-rwxr-xr-x root/root     27928 2020-11-22 14:43 usr/bin/memslap
-rwxr-xr-x root/root     27560 2020-11-22 14:43 usr/bin/memstat
-rwxr-xr-x root/root     23272 2020-11-22 14:43 usr/bin/memtouch
drwxr-xr-x root/root         0 2020-11-22 14:43 usr/doc/
drwxr-xr-x root/root         0 2020-11-22 14:43 usr/doc/libmemcached-1.0.18/
-rw-r--r-- root/root       468 2014-02-09 12:52 usr/doc/libmemcached-1.0.18/AUTHORS
-rw-r--r-- root/root      1559 2014-02-09 12:52 usr/doc/libmemcached-1.0.18/COPYING
-rw-r--r-- root/root     21952 2014-02-09 12:52 usr/doc/libmemcached-1.0.18/ChangeLog
-rw-r--r-- root/root        14 2014-02-09 12:52 usr/doc/libmemcached-1.0.18/NEWS
-rw-r--r-- root/root      1461 2014-02-09 12:52 usr/doc/libmemcached-1.0.18/README
-rw-r--r-- root/root       630 2014-02-09 12:52 usr/doc/libmemcached-1.0.18/THANKS
-rw-r--r-- root/root       416 2014-02-09 12:52 usr/doc/libmemcached-1.0.18/TODO
-rw-r--r-- root/root      3501 2020-11-22 14:43 usr/doc/libmemcached-1.0.18/libmemcached.SlackBuild
drwxr-xr-x root/root         0 2020-11-22 14:43 usr/include/
drwxr-xr-x root/root         0 2020-11-22 14:43 usr/include/libhashkit/
drwxr-xr-x root/root         0 2020-11-22 14:43 usr/include/libhashkit-1.0/
-rw-r--r-- root/root      2806 2020-11-22 14:43 usr/include/libhashkit-1.0/algorithm.h
-rw-r--r-- root/root      1845 2020-11-22 14:43 usr/include/libhashkit-1.0/behavior.h
-rw-r--r-- root/root      1891 2020-11-22 14:43 usr/include/libhashkit-1.0/configure.h
-rw-r--r-- root/root      2127 2020-11-22 14:43 usr/include/libhashkit-1.0/digest.h
-rw-r--r-- root/root      2595 2020-11-22 14:43 usr/include/libhashkit-1.0/function.h
-rw-r--r-- root/root      1881 2020-11-22 14:43 usr/include/libhashkit-1.0/has.h
-rw-r--r-- root/root      3258 2020-11-22 14:43 usr/include/libhashkit-1.0/hashkit.h
-rw-r--r-- root/root      2800 2020-11-22 14:43 usr/include/libhashkit-1.0/hashkit.hpp
-rw-r--r-- root/root      1809 2020-11-22 14:43 usr/include/libhashkit-1.0/str_algorithm.h
-rw-r--r-- root/root      1886 2020-11-22 14:43 usr/include/libhashkit-1.0/strerror.h
-rw-r--r-- root/root      2088 2020-11-22 14:43 usr/include/libhashkit-1.0/string.h
-rw-r--r-- root/root      3042 2020-11-22 14:43 usr/include/libhashkit-1.0/types.h
-rw-r--r-- root/root      1284 2020-11-22 14:43 usr/include/libhashkit-1.0/visibility.h
-rw-r--r-- root/root      1706 2020-11-22 14:43 usr/include/libhashkit/hashkit.h
drwxr-xr-x root/root         0 2020-11-22 14:43 usr/include/libmemcached/
drwxr-xr-x root/root         0 2020-11-22 14:43 usr/include/libmemcached-1.0/
-rw-r--r-- root/root      2212 2020-11-22 14:43 usr/include/libmemcached-1.0/alloc.h
-rw-r--r-- root/root      2731 2020-11-22 14:43 usr/include/libmemcached-1.0/allocators.h
-rw-r--r-- root/root      2140 2020-11-22 14:43 usr/include/libmemcached-1.0/analyze.h
-rw-r--r-- root/root      5667 2020-11-22 14:43 usr/include/libmemcached-1.0/auto.h
-rw-r--r-- root/root      2068 2020-11-22 14:43 usr/include/libmemcached-1.0/basic_string.h
-rw-r--r-- root/root      3244 2020-11-22 14:43 usr/include/libmemcached-1.0/behavior.h
-rw-r--r-- root/root      2201 2020-11-22 14:43 usr/include/libmemcached-1.0/callback.h
-rw-r--r-- root/root      2341 2020-11-22 14:43 usr/include/libmemcached-1.0/callbacks.h
-rw-r--r-- root/root      1949 2020-11-22 14:43 usr/include/libmemcached-1.0/configure.h
-rw-r--r-- root/root      2446 2020-11-22 14:43 usr/include/libmemcached-1.0/defaults.h
-rw-r--r-- root/root      2276 2020-11-22 14:43 usr/include/libmemcached-1.0/delete.h
-rw-r--r-- root/root      2630 2020-11-22 14:43 usr/include/libmemcached-1.0/deprecated_types.h
-rw-r--r-- root/root      1950 2020-11-22 14:43 usr/include/libmemcached-1.0/dump.h
-rw-r--r-- root/root      1881 2020-11-22 14:43 usr/include/libmemcached-1.0/encoding_key.h
-rw-r--r-- root/root      2351 2020-11-22 14:43 usr/include/libmemcached-1.0/error.h
-rw-r--r-- root/root      1166 2020-11-22 14:43 usr/include/libmemcached-1.0/exception.hpp
-rw-r--r-- root/root      2100 2020-11-22 14:43 usr/include/libmemcached-1.0/exist.h
-rw-r--r-- root/root      2085 2020-11-22 14:43 usr/include/libmemcached-1.0/fetch.h
-rw-r--r-- root/root      1889 2020-11-22 14:43 usr/include/libmemcached-1.0/flush.h
-rw-r--r-- root/root      1878 2020-11-22 14:43 usr/include/libmemcached-1.0/flush_buffers.h
-rw-r--r-- root/root      4745 2020-11-22 14:43 usr/include/libmemcached-1.0/get.h
-rw-r--r-- root/root      2400 2020-11-22 14:43 usr/include/libmemcached-1.0/hash.h
-rw-r--r-- root/root      2010 2020-11-22 14:43 usr/include/libmemcached-1.0/limits.h
-rw-r--r-- root/root      5619 2020-11-22 14:43 usr/include/libmemcached-1.0/memcached.h
-rw-r--r-- root/root     29073 2020-11-22 14:43 usr/include/libmemcached-1.0/memcached.hpp
-rw-r--r-- root/root      1928 2020-11-22 14:43 usr/include/libmemcached-1.0/options.h
-rw-r--r-- root/root       424 2020-11-22 14:43 usr/include/libmemcached-1.0/parse.h
-rw-r--r-- root/root      2085 2020-11-22 14:43 usr/include/libmemcached-1.0/platform.h
-rw-r--r-- root/root      1855 2020-11-22 14:43 usr/include/libmemcached-1.0/quit.h
-rw-r--r-- root/root      3073 2020-11-22 14:43 usr/include/libmemcached-1.0/result.h
-rw-r--r-- root/root      3100 2020-11-22 14:43 usr/include/libmemcached-1.0/return.h
-rw-r--r-- root/root      2533 2020-11-22 14:43 usr/include/libmemcached-1.0/sasl.h
-rw-r--r-- root/root      4990 2020-11-22 14:43 usr/include/libmemcached-1.0/server.h
-rw-r--r-- root/root      2954 2020-11-22 14:43 usr/include/libmemcached-1.0/server_list.h
-rw-r--r-- root/root      2724 2020-11-22 14:43 usr/include/libmemcached-1.0/stats.h
-rw-r--r-- root/root      6482 2020-11-22 14:43 usr/include/libmemcached-1.0/storage.h
-rw-r--r-- root/root      1901 2020-11-22 14:43 usr/include/libmemcached-1.0/strerror.h
drwxr-xr-x root/root         0 2020-11-22 14:43 usr/include/libmemcached-1.0/struct/
-rw-r--r-- root/root      1869 2020-11-22 14:43 usr/include/libmemcached-1.0/struct/allocator.h
-rw-r--r-- root/root      1990 2020-11-22 14:43 usr/include/libmemcached-1.0/struct/analysis.h
-rw-r--r-- root/root      1816 2020-11-22 14:43 usr/include/libmemcached-1.0/struct/callback.h
-rw-r--r-- root/root      4167 2020-11-22 14:43 usr/include/libmemcached-1.0/struct/memcached.h
-rw-r--r-- root/root      2075 2020-11-22 14:43 usr/include/libmemcached-1.0/struct/result.h
-rw-r--r-- root/root      2019 2020-11-22 14:43 usr/include/libmemcached-1.0/struct/sasl.h
-rw-r--r-- root/root      3369 2020-11-22 14:43 usr/include/libmemcached-1.0/struct/server.h
-rw-r--r-- root/root      2614 2020-11-22 14:43 usr/include/libmemcached-1.0/struct/stat.h
-rw-r--r-- root/root      2171 2020-11-22 14:43 usr/include/libmemcached-1.0/struct/string.h
-rw-r--r-- root/root      2305 2020-11-22 14:43 usr/include/libmemcached-1.0/touch.h
-rw-r--r-- root/root      2693 2020-11-22 14:43 usr/include/libmemcached-1.0/triggers.h
drwxr-xr-x root/root         0 2020-11-22 14:43 usr/include/libmemcached-1.0/types/
-rw-r--r-- root/root      3136 2020-11-22 14:43 usr/include/libmemcached-1.0/types.h
-rw-r--r-- root/root      3214 2020-11-22 14:43 usr/include/libmemcached-1.0/types/behavior.h
-rw-r--r-- root/root      2140 2020-11-22 14:43 usr/include/libmemcached-1.0/types/callback.h
-rw-r--r-- root/root      1913 2020-11-22 14:43 usr/include/libmemcached-1.0/types/connection.h
-rw-r--r-- root/root      2130 2020-11-22 14:43 usr/include/libmemcached-1.0/types/hash.h
-rw-r--r-- root/root      3436 2020-11-22 14:43 usr/include/libmemcached-1.0/types/return.h
-rw-r--r-- root/root      2171 2020-11-22 14:43 usr/include/libmemcached-1.0/types/server_distribution.h
-rw-r--r-- root/root      1895 2020-11-22 14:43 usr/include/libmemcached-1.0/verbosity.h
-rw-r--r-- root/root      1932 2020-11-22 14:43 usr/include/libmemcached-1.0/version.h
-rw-r--r-- root/root      2050 2020-11-22 14:43 usr/include/libmemcached-1.0/visibility.h
-rw-r--r-- root/root      1713 2020-11-22 14:43 usr/include/libmemcached/memcached.h
-rw-r--r-- root/root      1717 2020-11-22 14:43 usr/include/libmemcached/memcached.hpp
-rw-r--r-- root/root      1714 2020-11-22 14:43 usr/include/libmemcached/util.h
drwxr-xr-x root/root         0 2020-11-22 14:43 usr/include/libmemcachedprotocol-0.0/
-rw-r--r-- root/root     25818 2020-11-22 14:43 usr/include/libmemcachedprotocol-0.0/binary.h
-rw-r--r-- root/root     17411 2020-11-22 14:43 usr/include/libmemcachedprotocol-0.0/callback.h
-rw-r--r-- root/root      7222 2020-11-22 14:43 usr/include/libmemcachedprotocol-0.0/handler.h
-rw-r--r-- root/root      2230 2020-11-22 14:43 usr/include/libmemcachedprotocol-0.0/vbucket.h
drwxr-xr-x root/root         0 2020-11-22 14:43 usr/include/libmemcachedutil-1.0/
-rw-r--r-- root/root      1909 2020-11-22 14:43 usr/include/libmemcachedutil-1.0/flush.h
-rw-r--r-- root/root      2061 2020-11-22 14:43 usr/include/libmemcachedutil-1.0/ostream.hpp
-rw-r--r-- root/root      2082 2020-11-22 14:43 usr/include/libmemcachedutil-1.0/pid.h
-rw-r--r-- root/root      2063 2020-11-22 14:43 usr/include/libmemcachedutil-1.0/ping.h
-rw-r--r-- root/root      3250 2020-11-22 14:43 usr/include/libmemcachedutil-1.0/pool.h
-rw-r--r-- root/root      1973 2020-11-22 14:43 usr/include/libmemcachedutil-1.0/util.h
-rw-r--r-- root/root      2063 2020-11-22 14:43 usr/include/libmemcachedutil-1.0/version.h
drwxr-xr-x root/root         0 2020-11-22 14:43 usr/lib64/
-rwxr-xr-x root/root     39040 2020-11-22 14:43 usr/lib64/libhashkit.so.2.0.0
-rwxr-xr-x root/root    199976 2020-11-22 14:43 usr/lib64/libmemcached.so.11.0.0
-rwxr-xr-x root/root     39496 2020-11-22 14:43 usr/lib64/libmemcachedprotocol.so.0.0.0
-rwxr-xr-x root/root     22800 2020-11-22 14:43 usr/lib64/libmemcachedutil.so.2.0.0
drwxr-xr-x root/root         0 2020-11-22 14:43 usr/lib64/pkgconfig/
-rw-r--r-- root/root       257 2020-11-22 14:43 usr/lib64/pkgconfig/libmemcached.pc
drwxr-xr-x root/root         0 2020-11-22 14:43 usr/man/
drwxr-xr-x root/root         0 2020-11-22 14:43 usr/man/man1/
-rw-r--r-- root/root      9310 2020-11-22 14:43 usr/man/man1/memaslap.1.gz
-rw-r--r-- root/root       898 2020-11-22 14:43 usr/man/man1/memcapable.1.gz
-rw-r--r-- root/root       850 2020-11-22 14:43 usr/man/man1/memcat.1.gz
-rw-r--r-- root/root       900 2020-11-22 14:43 usr/man/man1/memcp.1.gz
-rw-r--r-- root/root       739 2020-11-22 14:43 usr/man/man1/memdump.1.gz
-rw-r--r-- root/root       688 2020-11-22 14:43 usr/man/man1/memerror.1.gz
-rw-r--r-- root/root       789 2020-11-22 14:43 usr/man/man1/memexist.1.gz
-rw-r--r-- root/root       803 2020-11-22 14:43 usr/man/man1/memflush.1.gz
-rw-r--r-- root/root       693 2020-11-22 14:43 usr/man/man1/memparse.1.gz
-rw-r--r-- root/root       796 2020-11-22 14:43 usr/man/man1/memping.1.gz
-rw-r--r-- root/root       784 2020-11-22 14:43 usr/man/man1/memrm.1.gz
-rw-r--r-- root/root       849 2020-11-22 14:43 usr/man/man1/memslap.1.gz
-rw-r--r-- root/root       819 2020-11-22 14:43 usr/man/man1/memstat.1.gz
-rw-r--r-- root/root       781 2020-11-22 14:43 usr/man/man1/memtouch.1.gz
drwxr-xr-x root/root         0 2020-11-22 14:43 usr/man/man3/
-rw-r--r-- root/root      1072 2020-11-22 14:43 usr/man/man3/hashkit_clone.3.gz
-rw-r--r-- root/root       934 2020-11-22 14:43 usr/man/man3/hashkit_crc32.3.gz
-rw-r--r-- root/root      1069 2020-11-22 14:43 usr/man/man3/hashkit_create.3.gz
-rw-r--r-- root/root       936 2020-11-22 14:43 usr/man/man3/hashkit_fnv1_32.3.gz
-rw-r--r-- root/root       934 2020-11-22 14:43 usr/man/man3/hashkit_fnv1_64.3.gz
-rw-r--r-- root/root       940 2020-11-22 14:43 usr/man/man3/hashkit_fnv1a_32.3.gz
-rw-r--r-- root/root       939 2020-11-22 14:43 usr/man/man3/hashkit_fnv1a_64.3.gz
-rw-r--r-- root/root      1069 2020-11-22 14:43 usr/man/man3/hashkit_free.3.gz
-rw-r--r-- root/root       937 2020-11-22 14:43 usr/man/man3/hashkit_functions.3.gz
-rw-r--r-- root/root       931 2020-11-22 14:43 usr/man/man3/hashkit_hsieh.3.gz
-rw-r--r-- root/root      1081 2020-11-22 14:43 usr/man/man3/hashkit_is_allocated.3.gz
-rw-r--r-- root/root       937 2020-11-22 14:43 usr/man/man3/hashkit_jenkins.3.gz
-rw-r--r-- root/root       928 2020-11-22 14:43 usr/man/man3/hashkit_md5.3.gz
-rw-r--r-- root/root       933 2020-11-22 14:43 usr/man/man3/hashkit_murmur.3.gz
-rw-r--r-- root/root       813 2020-11-22 14:43 usr/man/man3/hashkit_value.3.gz
-rw-r--r-- root/root       674 2020-11-22 14:43 usr/man/man3/libhashkit.3.gz
-rw-r--r-- root/root      2800 2020-11-22 14:43 usr/man/man3/libmemcached.3.gz
-rw-r--r-- root/root      2371 2020-11-22 14:43 usr/man/man3/libmemcached_check_configuration.3.gz
-rw-r--r-- root/root      2362 2020-11-22 14:43 usr/man/man3/libmemcached_configuration.3.gz
-rw-r--r-- root/root      1496 2020-11-22 14:43 usr/man/man3/libmemcached_examples.3.gz
-rw-r--r-- root/root       847 2020-11-22 14:43 usr/man/man3/libmemcachedutil.3.gz
-rw-r--r-- root/root      2338 2020-11-22 14:43 usr/man/man3/memcached.3.gz
-rw-r--r-- root/root      2234 2020-11-22 14:43 usr/man/man3/memcached_add.3.gz
-rw-r--r-- root/root      2253 2020-11-22 14:43 usr/man/man3/memcached_add_by_key.3.gz
-rw-r--r-- root/root      1059 2020-11-22 14:43 usr/man/man3/memcached_analyze.3.gz
-rw-r--r-- root/root      1948 2020-11-22 14:43 usr/man/man3/memcached_append.3.gz
-rw-r--r-- root/root      1967 2020-11-22 14:43 usr/man/man3/memcached_append_by_key.3.gz
-rw-r--r-- root/root      4530 2020-11-22 14:43 usr/man/man3/memcached_behavior_get.3.gz
-rw-r--r-- root/root      4532 2020-11-22 14:43 usr/man/man3/memcached_behavior_set.3.gz
-rw-r--r-- root/root      2046 2020-11-22 14:43 usr/man/man3/memcached_callback_get.3.gz
-rw-r--r-- root/root      2044 2020-11-22 14:43 usr/man/man3/memcached_callback_set.3.gz
-rw-r--r-- root/root      1680 2020-11-22 14:43 usr/man/man3/memcached_cas.3.gz
-rw-r--r-- root/root      1686 2020-11-22 14:43 usr/man/man3/memcached_cas_by_key.3.gz
-rw-r--r-- root/root      1275 2020-11-22 14:43 usr/man/man3/memcached_clone.3.gz
-rw-r--r-- root/root      1275 2020-11-22 14:43 usr/man/man3/memcached_create.3.gz
-rw-r--r-- root/root      1342 2020-11-22 14:43 usr/man/man3/memcached_decrement.3.gz
-rw-r--r-- root/root      1371 2020-11-22 14:43 usr/man/man3/memcached_decrement_with_initial.3.gz
-rw-r--r-- root/root      1160 2020-11-22 14:43 usr/man/man3/memcached_delete.3.gz
-rw-r--r-- root/root      1178 2020-11-22 14:43 usr/man/man3/memcached_delete_by_key.3.gz
-rw-r--r-- root/root      1160 2020-11-22 14:43 usr/man/man3/memcached_destroy_sasl_auth_data.3.gz
-rw-r--r-- root/root      1030 2020-11-22 14:43 usr/man/man3/memcached_dump.3.gz
-rw-r--r-- root/root       844 2020-11-22 14:43 usr/man/man3/memcached_exist.3.gz
-rw-r--r-- root/root       861 2020-11-22 14:43 usr/man/man3/memcached_exist_by_key.3.gz
-rw-r--r-- root/root      1381 2020-11-22 14:43 usr/man/man3/memcached_fetch.3.gz
-rw-r--r-- root/root      2484 2020-11-22 14:43 usr/man/man3/memcached_fetch_execute.3.gz
-rw-r--r-- root/root      2481 2020-11-22 14:43 usr/man/man3/memcached_fetch_result.3.gz
-rw-r--r-- root/root       919 2020-11-22 14:43 usr/man/man3/memcached_flush_buffers.3.gz
-rw-r--r-- root/root      1272 2020-11-22 14:43 usr/man/man3/memcached_free.3.gz
-rw-r--r-- root/root      1234 2020-11-22 14:43 usr/man/man3/memcached_generate_hash.3.gz
-rw-r--r-- root/root      1245 2020-11-22 14:43 usr/man/man3/memcached_generate_hash_value.3.gz
-rw-r--r-- root/root      2462 2020-11-22 14:43 usr/man/man3/memcached_get.3.gz
-rw-r--r-- root/root      2481 2020-11-22 14:43 usr/man/man3/memcached_get_by_key.3.gz
-rw-r--r-- root/root      1437 2020-11-22 14:43 usr/man/man3/memcached_get_memory_allocators.3.gz
-rw-r--r-- root/root      1153 2020-11-22 14:43 usr/man/man3/memcached_get_sasl_callbacks.3.gz
-rw-r--r-- root/root       867 2020-11-22 14:43 usr/man/man3/memcached_get_user_data.3.gz
-rw-r--r-- root/root      1338 2020-11-22 14:43 usr/man/man3/memcached_increment.3.gz
-rw-r--r-- root/root      1361 2020-11-22 14:43 usr/man/man3/memcached_increment_with_initial.3.gz
-rw-r--r-- root/root       838 2020-11-22 14:43 usr/man/man3/memcached_last_error_message.3.gz
-rw-r--r-- root/root       998 2020-11-22 14:43 usr/man/man3/memcached_lib_version.3.gz
-rw-r--r-- root/root      2466 2020-11-22 14:43 usr/man/man3/memcached_mget.3.gz
-rw-r--r-- root/root      2484 2020-11-22 14:43 usr/man/man3/memcached_mget_by_key.3.gz
-rw-r--r-- root/root      2486 2020-11-22 14:43 usr/man/man3/memcached_mget_execute.3.gz
-rw-r--r-- root/root      2503 2020-11-22 14:43 usr/man/man3/memcached_mget_execute_by_key.3.gz
-rw-r--r-- root/root      1722 2020-11-22 14:43 usr/man/man3/memcached_pool.3.gz
-rw-r--r-- root/root      1753 2020-11-22 14:43 usr/man/man3/memcached_pool_behavior_get.3.gz
-rw-r--r-- root/root      1751 2020-11-22 14:43 usr/man/man3/memcached_pool_behavior_set.3.gz
-rw-r--r-- root/root      1737 2020-11-22 14:43 usr/man/man3/memcached_pool_create.3.gz
-rw-r--r-- root/root      1740 2020-11-22 14:43 usr/man/man3/memcached_pool_destroy.3.gz
-rw-r--r-- root/root      1737 2020-11-22 14:43 usr/man/man3/memcached_pool_fetch.3.gz
-rw-r--r-- root/root      1731 2020-11-22 14:43 usr/man/man3/memcached_pool_pop.3.gz
-rw-r--r-- root/root      1734 2020-11-22 14:43 usr/man/man3/memcached_pool_push.3.gz
-rw-r--r-- root/root      1742 2020-11-22 14:43 usr/man/man3/memcached_pool_release.3.gz
-rw-r--r-- root/root      1729 2020-11-22 14:43 usr/man/man3/memcached_pool_st.3.gz
-rw-r--r-- root/root      1949 2020-11-22 14:43 usr/man/man3/memcached_prepend.3.gz
-rw-r--r-- root/root      1966 2020-11-22 14:43 usr/man/man3/memcached_prepend_by_key.3.gz
-rw-r--r-- root/root      1019 2020-11-22 14:43 usr/man/man3/memcached_quit.3.gz
-rw-r--r-- root/root      2241 2020-11-22 14:43 usr/man/man3/memcached_replace.3.gz
-rw-r--r-- root/root      2259 2020-11-22 14:43 usr/man/man3/memcached_replace_by_key.3.gz
-rw-r--r-- root/root      1155 2020-11-22 14:43 usr/man/man3/memcached_sasl_set_auth_data.3.gz
-rw-r--r-- root/root      1715 2020-11-22 14:43 usr/man/man3/memcached_server_add.3.gz
-rw-r--r-- root/root      1718 2020-11-22 14:43 usr/man/man3/memcached_server_count.3.gz
-rw-r--r-- root/root      1723 2020-11-22 14:43 usr/man/man3/memcached_server_cursor.3.gz
-rw-r--r-- root/root      1717 2020-11-22 14:43 usr/man/man3/memcached_server_list.3.gz
-rw-r--r-- root/root      1379 2020-11-22 14:43 usr/man/man3/memcached_server_list_append.3.gz
-rw-r--r-- root/root      1375 2020-11-22 14:43 usr/man/man3/memcached_server_list_count.3.gz
-rw-r--r-- root/root      1375 2020-11-22 14:43 usr/man/man3/memcached_server_list_free.3.gz
-rw-r--r-- root/root      1716 2020-11-22 14:43 usr/man/man3/memcached_server_push.3.gz
-rw-r--r-- root/root      1370 2020-11-22 14:43 usr/man/man3/memcached_servers_parse.3.gz
-rw-r--r-- root/root      2233 2020-11-22 14:43 usr/man/man3/memcached_set.3.gz
-rw-r--r-- root/root      2250 2020-11-22 14:43 usr/man/man3/memcached_set_by_key.3.gz
-rw-r--r-- root/root      1434 2020-11-22 14:43 usr/man/man3/memcached_set_memory_allocators.3.gz
-rw-r--r-- root/root      1150 2020-11-22 14:43 usr/man/man3/memcached_set_sasl_callbacks.3.gz
-rw-r--r-- root/root       870 2020-11-22 14:43 usr/man/man3/memcached_set_user_data.3.gz
-rw-r--r-- root/root      1674 2020-11-22 14:43 usr/man/man3/memcached_stat.3.gz
-rw-r--r-- root/root      1694 2020-11-22 14:43 usr/man/man3/memcached_stat_execute.3.gz
-rw-r--r-- root/root      1697 2020-11-22 14:43 usr/man/man3/memcached_stat_get_keys.3.gz
-rw-r--r-- root/root      1696 2020-11-22 14:43 usr/man/man3/memcached_stat_get_value.3.gz
-rw-r--r-- root/root      1694 2020-11-22 14:43 usr/man/man3/memcached_stat_servername.3.gz
-rw-r--r-- root/root       833 2020-11-22 14:43 usr/man/man3/memcached_strerror.3.gz
-rw-r--r-- root/root       900 2020-11-22 14:43 usr/man/man3/memcached_touch.3.gz
-rw-r--r-- root/root       918 2020-11-22 14:43 usr/man/man3/memcached_touch_by_key.3.gz
-rw-r--r-- root/root       824 2020-11-22 14:43 usr/man/man3/memcached_verbosity.3.gz
-rw-r--r-- root/root       992 2020-11-22 14:43 usr/man/man3/memcached_version.3.gz
drwxr-xr-x root/root         0 2020-11-22 14:43 usr/share/
drwxr-xr-x root/root         0 2020-11-22 14:43 usr/share/aclocal/
-rw-r--r-- root/root      5462 2020-11-22 14:43 usr/share/aclocal/ax_libmemcached.m4


