++========================================
||
||   Package:  ./simplejson/simplejson-3.17.6-x86_64-1cf.txz
||
++========================================
drwxr-xr-x root/root         0 2021-11-17 14:49 ./
drwxr-xr-x root/root         0 2021-11-17 14:49 install/
-rw-r--r-- root/root       892 2021-11-17 14:49 install/slack-desc
drwxr-xr-x root/root         0 2021-11-17 14:49 usr/
drwxr-xr-x root/root         0 2021-11-17 14:49 usr/doc/
drwxr-xr-x root/root         0 2021-11-17 14:49 usr/doc/simplejson-3.17.6/
-rw-r--r-- root/root     25337 2021-11-16 16:59 usr/doc/simplejson-3.17.6/CHANGES.txt
-rw-r--r-- root/root     10375 2021-11-16 16:59 usr/doc/simplejson-3.17.6/LICENSE.txt
-rw-r--r-- root/root      3002 2021-11-16 16:59 usr/doc/simplejson-3.17.6/PKG-INFO
-rw-r--r-- root/root      1543 2021-11-16 16:59 usr/doc/simplejson-3.17.6/README.rst
-rw-r--r-- root/root      3194 2021-11-17 14:49 usr/doc/simplejson-3.17.6/simplejson.SlackBuild
drwxr-xr-x root/root         0 2021-11-17 14:49 usr/lib64/
drwxr-xr-x root/root         0 2021-11-17 14:49 usr/lib64/python3.9/
drwxr-xr-x root/root         0 2021-11-17 14:49 usr/lib64/python3.9/site-packages/
drwxr-xr-x root/root         0 2021-11-17 14:49 usr/lib64/python3.9/site-packages/simplejson/
drwxr-xr-x root/root         0 2021-11-17 14:49 usr/lib64/python3.9/site-packages/simplejson-3.17.6-py3.9.egg-info/
-rw-r--r-- root/root      3002 2021-11-17 14:49 usr/lib64/python3.9/site-packages/simplejson-3.17.6-py3.9.egg-info/PKG-INFO
-rw-r--r-- root/root      1574 2021-11-17 14:49 usr/lib64/python3.9/site-packages/simplejson-3.17.6-py3.9.egg-info/SOURCES.txt
-rw-r--r-- root/root         1 2021-11-17 14:49 usr/lib64/python3.9/site-packages/simplejson-3.17.6-py3.9.egg-info/dependency_links.txt
-rw-r--r-- root/root        11 2021-11-17 14:49 usr/lib64/python3.9/site-packages/simplejson-3.17.6-py3.9.egg-info/top_level.txt
-rw-r--r-- root/root     23744 2021-11-16 16:59 usr/lib64/python3.9/site-packages/simplejson/__init__.py
drwxr-xr-x root/root         0 2021-11-17 14:49 usr/lib64/python3.9/site-packages/simplejson/__pycache__/
-rw-r--r-- root/root     20435 2021-11-17 14:49 usr/lib64/python3.9/site-packages/simplejson/__pycache__/__init__.cpython-39.pyc
-rw-r--r-- root/root       934 2021-11-17 14:49 usr/lib64/python3.9/site-packages/simplejson/__pycache__/compat.cpython-39.pyc
-rw-r--r-- root/root     10524 2021-11-17 14:49 usr/lib64/python3.9/site-packages/simplejson/__pycache__/decoder.cpython-39.pyc
-rw-r--r-- root/root     18880 2021-11-17 14:49 usr/lib64/python3.9/site-packages/simplejson/__pycache__/encoder.cpython-39.pyc
-rw-r--r-- root/root      2003 2021-11-17 14:49 usr/lib64/python3.9/site-packages/simplejson/__pycache__/errors.cpython-39.pyc
-rw-r--r-- root/root      3861 2021-11-17 14:49 usr/lib64/python3.9/site-packages/simplejson/__pycache__/ordered_dict.cpython-39.pyc
-rw-r--r-- root/root       572 2021-11-17 14:49 usr/lib64/python3.9/site-packages/simplejson/__pycache__/raw_json.cpython-39.pyc
-rw-r--r-- root/root      2262 2021-11-17 14:49 usr/lib64/python3.9/site-packages/simplejson/__pycache__/scanner.cpython-39.pyc
-rw-r--r-- root/root      1227 2021-11-17 14:49 usr/lib64/python3.9/site-packages/simplejson/__pycache__/tool.cpython-39.pyc
-rwxr-xr-x root/root     49768 2021-11-17 14:49 usr/lib64/python3.9/site-packages/simplejson/_speedups.cpython-39-x86_64-linux-gnu.so
-rw-r--r-- root/root       815 2021-11-16 16:59 usr/lib64/python3.9/site-packages/simplejson/compat.py
-rw-r--r-- root/root     14519 2021-11-16 16:59 usr/lib64/python3.9/site-packages/simplejson/decoder.py
-rw-r--r-- root/root     29118 2021-11-16 16:59 usr/lib64/python3.9/site-packages/simplejson/encoder.py
-rw-r--r-- root/root      1779 2021-11-16 16:59 usr/lib64/python3.9/site-packages/simplejson/errors.py
-rw-r--r-- root/root      2945 2021-11-16 16:59 usr/lib64/python3.9/site-packages/simplejson/ordered_dict.py
-rw-r--r-- root/root       217 2021-11-16 16:59 usr/lib64/python3.9/site-packages/simplejson/raw_json.py
-rw-r--r-- root/root      2971 2021-11-16 16:59 usr/lib64/python3.9/site-packages/simplejson/scanner.py
drwxr-xr-x root/root         0 2021-11-17 14:49 usr/lib64/python3.9/site-packages/simplejson/tests/
-rw-r--r-- root/root      2512 2021-11-16 16:59 usr/lib64/python3.9/site-packages/simplejson/tests/__init__.py
drwxr-xr-x root/root         0 2021-11-17 14:49 usr/lib64/python3.9/site-packages/simplejson/tests/__pycache__/
-rw-r--r-- root/root      2901 2021-11-17 14:49 usr/lib64/python3.9/site-packages/simplejson/tests/__pycache__/__init__.cpython-39.pyc
-rw-r--r-- root/root       372 2021-11-17 14:49 usr/lib64/python3.9/site-packages/simplejson/tests/__pycache__/_cibw_runner.cpython-39.pyc
-rw-r--r-- root/root      1825 2021-11-17 14:49 usr/lib64/python3.9/site-packages/simplejson/tests/__pycache__/test_bigint_as_string.cpython-39.pyc
-rw-r--r-- root/root      2205 2021-11-17 14:49 usr/lib64/python3.9/site-packages/simplejson/tests/__pycache__/test_bitsize_int_as_string.cpython-39.pyc
-rw-r--r-- root/root      1645 2021-11-17 14:49 usr/lib64/python3.9/site-packages/simplejson/tests/__pycache__/test_check_circular.cpython-39.pyc
-rw-r--r-- root/root      2688 2021-11-17 14:49 usr/lib64/python3.9/site-packages/simplejson/tests/__pycache__/test_decimal.cpython-39.pyc
-rw-r--r-- root/root      5431 2021-11-17 14:49 usr/lib64/python3.9/site-packages/simplejson/tests/__pycache__/test_decode.cpython-39.pyc
-rw-r--r-- root/root       599 2021-11-17 14:49 usr/lib64/python3.9/site-packages/simplejson/tests/__pycache__/test_default.cpython-39.pyc
-rw-r--r-- root/root      8663 2021-11-17 14:49 usr/lib64/python3.9/site-packages/simplejson/tests/__pycache__/test_dump.cpython-39.pyc
-rw-r--r-- root/root      2307 2021-11-17 14:49 usr/lib64/python3.9/site-packages/simplejson/tests/__pycache__/test_encode_basestring_ascii.cpython-39.pyc
-rw-r--r-- root/root      1842 2021-11-17 14:49 usr/lib64/python3.9/site-packages/simplejson/tests/__pycache__/test_encode_for_html.cpython-39.pyc
-rw-r--r-- root/root      2383 2021-11-17 14:49 usr/lib64/python3.9/site-packages/simplejson/tests/__pycache__/test_errors.cpython-39.pyc
-rw-r--r-- root/root      3569 2021-11-17 14:49 usr/lib64/python3.9/site-packages/simplejson/tests/__pycache__/test_fail.cpython-39.pyc
-rw-r--r-- root/root      1965 2021-11-17 14:49 usr/lib64/python3.9/site-packages/simplejson/tests/__pycache__/test_float.cpython-39.pyc
-rw-r--r-- root/root      4634 2021-11-17 14:49 usr/lib64/python3.9/site-packages/simplejson/tests/__pycache__/test_for_json.cpython-39.pyc
-rw-r--r-- root/root      2279 2021-11-17 14:49 usr/lib64/python3.9/site-packages/simplejson/tests/__pycache__/test_indent.cpython-39.pyc
-rw-r--r-- root/root      2063 2021-11-17 14:49 usr/lib64/python3.9/site-packages/simplejson/tests/__pycache__/test_item_sort_key.cpython-39.pyc
-rw-r--r-- root/root      1400 2021-11-17 14:49 usr/lib64/python3.9/site-packages/simplejson/tests/__pycache__/test_iterable.cpython-39.pyc
-rw-r--r-- root/root      5678 2021-11-17 14:49 usr/lib64/python3.9/site-packages/simplejson/tests/__pycache__/test_namedtuple.cpython-39.pyc
-rw-r--r-- root/root      2022 2021-11-17 14:49 usr/lib64/python3.9/site-packages/simplejson/tests/__pycache__/test_pass1.cpython-39.pyc
-rw-r--r-- root/root       660 2021-11-17 14:49 usr/lib64/python3.9/site-packages/simplejson/tests/__pycache__/test_pass2.cpython-39.pyc
-rw-r--r-- root/root       755 2021-11-17 14:49 usr/lib64/python3.9/site-packages/simplejson/tests/__pycache__/test_pass3.cpython-39.pyc
-rw-r--r-- root/root      1409 2021-11-17 14:49 usr/lib64/python3.9/site-packages/simplejson/tests/__pycache__/test_raw_json.cpython-39.pyc
-rw-r--r-- root/root      2032 2021-11-17 14:49 usr/lib64/python3.9/site-packages/simplejson/tests/__pycache__/test_recursion.cpython-39.pyc
-rw-r--r-- root/root      5052 2021-11-17 14:49 usr/lib64/python3.9/site-packages/simplejson/tests/__pycache__/test_scanstring.cpython-39.pyc
-rw-r--r-- root/root      1252 2021-11-17 14:49 usr/lib64/python3.9/site-packages/simplejson/tests/__pycache__/test_separators.cpython-39.pyc
-rw-r--r-- root/root      4932 2021-11-17 14:49 usr/lib64/python3.9/site-packages/simplejson/tests/__pycache__/test_speedups.cpython-39.pyc
-rw-r--r-- root/root      1071 2021-11-17 14:49 usr/lib64/python3.9/site-packages/simplejson/tests/__pycache__/test_str_subclass.cpython-39.pyc
-rw-r--r-- root/root      1499 2021-11-17 14:49 usr/lib64/python3.9/site-packages/simplejson/tests/__pycache__/test_subclass.cpython-39.pyc
-rw-r--r-- root/root      3169 2021-11-17 14:49 usr/lib64/python3.9/site-packages/simplejson/tests/__pycache__/test_tool.cpython-39.pyc
-rw-r--r-- root/root      1388 2021-11-17 14:49 usr/lib64/python3.9/site-packages/simplejson/tests/__pycache__/test_tuple.cpython-39.pyc
-rw-r--r-- root/root      6574 2021-11-17 14:49 usr/lib64/python3.9/site-packages/simplejson/tests/__pycache__/test_unicode.cpython-39.pyc
-rw-r--r-- root/root       173 2021-11-16 16:59 usr/lib64/python3.9/site-packages/simplejson/tests/_cibw_runner.py
-rw-r--r-- root/root      2238 2021-11-16 16:59 usr/lib64/python3.9/site-packages/simplejson/tests/test_bigint_as_string.py
-rw-r--r-- root/root      2297 2021-11-16 16:59 usr/lib64/python3.9/site-packages/simplejson/tests/test_bitsize_int_as_string.py
-rw-r--r-- root/root       917 2021-11-16 16:59 usr/lib64/python3.9/site-packages/simplejson/tests/test_check_circular.py
-rw-r--r-- root/root      2544 2021-11-16 16:59 usr/lib64/python3.9/site-packages/simplejson/tests/test_decimal.py
-rw-r--r-- root/root      4835 2021-11-16 16:59 usr/lib64/python3.9/site-packages/simplejson/tests/test_decode.py
-rw-r--r-- root/root       221 2021-11-16 16:59 usr/lib64/python3.9/site-packages/simplejson/tests/test_default.py
-rw-r--r-- root/root     10356 2021-11-16 16:59 usr/lib64/python3.9/site-packages/simplejson/tests/test_dump.py
-rw-r--r-- root/root      2337 2021-11-16 16:59 usr/lib64/python3.9/site-packages/simplejson/tests/test_encode_basestring_ascii.py
-rw-r--r-- root/root      1515 2021-11-16 16:59 usr/lib64/python3.9/site-packages/simplejson/tests/test_encode_for_html.py
-rw-r--r-- root/root      2081 2021-11-16 16:59 usr/lib64/python3.9/site-packages/simplejson/tests/test_errors.py
-rw-r--r-- root/root      6346 2021-11-16 16:59 usr/lib64/python3.9/site-packages/simplejson/tests/test_fail.py
-rw-r--r-- root/root      1430 2021-11-16 16:59 usr/lib64/python3.9/site-packages/simplejson/tests/test_float.py
-rw-r--r-- root/root      2767 2021-11-16 16:59 usr/lib64/python3.9/site-packages/simplejson/tests/test_for_json.py
-rw-r--r-- root/root      2568 2021-11-16 16:59 usr/lib64/python3.9/site-packages/simplejson/tests/test_indent.py
-rw-r--r-- root/root      1376 2021-11-16 16:59 usr/lib64/python3.9/site-packages/simplejson/tests/test_item_sort_key.py
-rw-r--r-- root/root      1390 2021-11-16 16:59 usr/lib64/python3.9/site-packages/simplejson/tests/test_iterable.py
-rw-r--r-- root/root      5217 2021-11-16 16:59 usr/lib64/python3.9/site-packages/simplejson/tests/test_namedtuple.py
-rw-r--r-- root/root      1746 2021-11-16 16:59 usr/lib64/python3.9/site-packages/simplejson/tests/test_pass1.py
-rw-r--r-- root/root       386 2021-11-16 16:59 usr/lib64/python3.9/site-packages/simplejson/tests/test_pass2.py
-rw-r--r-- root/root       482 2021-11-16 16:59 usr/lib64/python3.9/site-packages/simplejson/tests/test_pass3.py
-rw-r--r-- root/root      1062 2021-11-16 16:59 usr/lib64/python3.9/site-packages/simplejson/tests/test_raw_json.py
-rw-r--r-- root/root      1679 2021-11-16 16:59 usr/lib64/python3.9/site-packages/simplejson/tests/test_recursion.py
-rw-r--r-- root/root      7398 2021-11-16 16:59 usr/lib64/python3.9/site-packages/simplejson/tests/test_scanstring.py
-rw-r--r-- root/root       942 2021-11-16 16:59 usr/lib64/python3.9/site-packages/simplejson/tests/test_separators.py
-rw-r--r-- root/root      4144 2021-11-16 16:59 usr/lib64/python3.9/site-packages/simplejson/tests/test_speedups.py
-rw-r--r-- root/root       740 2021-11-16 16:59 usr/lib64/python3.9/site-packages/simplejson/tests/test_str_subclass.py
-rw-r--r-- root/root      1124 2021-11-16 16:59 usr/lib64/python3.9/site-packages/simplejson/tests/test_subclass.py
-rw-r--r-- root/root      3304 2021-11-16 16:59 usr/lib64/python3.9/site-packages/simplejson/tests/test_tool.py
-rw-r--r-- root/root      1831 2021-11-16 16:59 usr/lib64/python3.9/site-packages/simplejson/tests/test_tuple.py
-rw-r--r-- root/root      7056 2021-11-16 16:59 usr/lib64/python3.9/site-packages/simplejson/tests/test_unicode.py
-rw-r--r-- root/root      1136 2021-11-16 16:59 usr/lib64/python3.9/site-packages/simplejson/tool.py


