++========================================
||
||   Package:  ./python-requests-oauthlib/python-requests-oauthlib-1.3.1-x86_64-2cf.txz
||
++========================================
drwxr-xr-x root/root         0 2022-07-31 10:53 ./
drwxr-xr-x root/root         0 2022-07-31 10:53 install/
-rw-r--r-- root/root       928 2022-07-31 10:53 install/slack-desc
-rw-r--r-- root/root        16 2022-07-31 10:53 install/slack-required
drwxr-xr-x root/root         0 2022-07-31 10:53 usr/
drwxr-xr-x root/root         0 2022-07-31 10:53 usr/doc/
drwxr-xr-x root/root         0 2022-07-31 10:53 usr/doc/python-requests-oauthlib-1.3.1/
-rw-r--r-- root/root       740 2022-01-29 19:52 usr/doc/python-requests-oauthlib-1.3.1/AUTHORS.rst
-rw-r--r-- root/root      6208 2022-01-29 19:52 usr/doc/python-requests-oauthlib-1.3.1/HISTORY.rst
-rw-r--r-- root/root      2541 2022-01-29 19:52 usr/doc/python-requests-oauthlib-1.3.1/README.rst
-rw-r--r-- root/root      3541 2022-07-31 10:53 usr/doc/python-requests-oauthlib-1.3.1/python-requests-oauthlib.SlackBuild
-rw-r--r-- root/root        46 2022-01-29 19:52 usr/doc/python-requests-oauthlib-1.3.1/requirements.txt
drwxr-xr-x root/root         0 2022-07-31 10:53 usr/lib64/
drwxr-xr-x root/root         0 2022-07-31 10:53 usr/lib64/python3.9/
drwxr-xr-x root/root         0 2022-07-31 10:53 usr/lib64/python3.9/site-packages/
drwxr-xr-x root/root         0 2022-07-31 10:53 usr/lib64/python3.9/site-packages/requests_oauthlib/
drwxr-xr-x root/root         0 2022-07-31 10:53 usr/lib64/python3.9/site-packages/requests_oauthlib-1.3.1-py3.9.egg-info/
-rw-r--r-- root/root      9953 2022-07-31 10:53 usr/lib64/python3.9/site-packages/requests_oauthlib-1.3.1-py3.9.egg-info/PKG-INFO
-rw-r--r-- root/root      1643 2022-07-31 10:53 usr/lib64/python3.9/site-packages/requests_oauthlib-1.3.1-py3.9.egg-info/SOURCES.txt
-rw-r--r-- root/root         1 2022-07-31 10:53 usr/lib64/python3.9/site-packages/requests_oauthlib-1.3.1-py3.9.egg-info/dependency_links.txt
-rw-r--r-- root/root         1 2022-01-29 19:52 usr/lib64/python3.9/site-packages/requests_oauthlib-1.3.1-py3.9.egg-info/not-zip-safe
-rw-r--r-- root/root        68 2022-07-31 10:53 usr/lib64/python3.9/site-packages/requests_oauthlib-1.3.1-py3.9.egg-info/requires.txt
-rw-r--r-- root/root        18 2022-07-31 10:53 usr/lib64/python3.9/site-packages/requests_oauthlib-1.3.1-py3.9.egg-info/top_level.txt
-rw-r--r-- root/root       529 2022-01-29 19:52 usr/lib64/python3.9/site-packages/requests_oauthlib/__init__.py
drwxr-xr-x root/root         0 2022-07-31 10:53 usr/lib64/python3.9/site-packages/requests_oauthlib/__pycache__/
-rw-r--r-- root/root       687 2022-07-31 10:53 usr/lib64/python3.9/site-packages/requests_oauthlib/__pycache__/__init__.cpython-39.pyc
-rw-r--r-- root/root      2538 2022-07-31 10:53 usr/lib64/python3.9/site-packages/requests_oauthlib/__pycache__/oauth1_auth.cpython-39.pyc
-rw-r--r-- root/root     16437 2022-07-31 10:53 usr/lib64/python3.9/site-packages/requests_oauthlib/__pycache__/oauth1_session.cpython-39.pyc
-rw-r--r-- root/root      1850 2022-07-31 10:53 usr/lib64/python3.9/site-packages/requests_oauthlib/__pycache__/oauth2_auth.cpython-39.pyc
-rw-r--r-- root/root     16082 2022-07-31 10:53 usr/lib64/python3.9/site-packages/requests_oauthlib/__pycache__/oauth2_session.cpython-39.pyc
drwxr-xr-x root/root         0 2022-07-31 10:53 usr/lib64/python3.9/site-packages/requests_oauthlib/compliance_fixes/
-rw-r--r-- root/root       398 2022-01-29 19:52 usr/lib64/python3.9/site-packages/requests_oauthlib/compliance_fixes/__init__.py
drwxr-xr-x root/root         0 2022-07-31 10:53 usr/lib64/python3.9/site-packages/requests_oauthlib/compliance_fixes/__pycache__/
-rw-r--r-- root/root       665 2022-07-31 10:53 usr/lib64/python3.9/site-packages/requests_oauthlib/compliance_fixes/__pycache__/__init__.cpython-39.pyc
-rw-r--r-- root/root       779 2022-07-31 10:53 usr/lib64/python3.9/site-packages/requests_oauthlib/compliance_fixes/__pycache__/douban.cpython-39.pyc
-rw-r--r-- root/root       824 2022-07-31 10:53 usr/lib64/python3.9/site-packages/requests_oauthlib/compliance_fixes/__pycache__/ebay.cpython-39.pyc
-rw-r--r-- root/root      1054 2022-07-31 10:53 usr/lib64/python3.9/site-packages/requests_oauthlib/compliance_fixes/__pycache__/facebook.cpython-39.pyc
-rw-r--r-- root/root      1140 2022-07-31 10:53 usr/lib64/python3.9/site-packages/requests_oauthlib/compliance_fixes/__pycache__/fitbit.cpython-39.pyc
-rw-r--r-- root/root       882 2022-07-31 10:53 usr/lib64/python3.9/site-packages/requests_oauthlib/compliance_fixes/__pycache__/instagram.cpython-39.pyc
-rw-r--r-- root/root      1024 2022-07-31 10:53 usr/lib64/python3.9/site-packages/requests_oauthlib/compliance_fixes/__pycache__/mailchimp.cpython-39.pyc
-rw-r--r-- root/root      1110 2022-07-31 10:53 usr/lib64/python3.9/site-packages/requests_oauthlib/compliance_fixes/__pycache__/plentymarkets.cpython-39.pyc
-rw-r--r-- root/root       956 2022-07-31 10:53 usr/lib64/python3.9/site-packages/requests_oauthlib/compliance_fixes/__pycache__/slack.cpython-39.pyc
-rw-r--r-- root/root       775 2022-07-31 10:53 usr/lib64/python3.9/site-packages/requests_oauthlib/compliance_fixes/__pycache__/weibo.cpython-39.pyc
-rw-r--r-- root/root       472 2022-01-29 19:52 usr/lib64/python3.9/site-packages/requests_oauthlib/compliance_fixes/douban.py
-rw-r--r-- root/root       890 2022-01-29 19:52 usr/lib64/python3.9/site-packages/requests_oauthlib/compliance_fixes/ebay.py
-rw-r--r-- root/root      1119 2022-01-29 19:52 usr/lib64/python3.9/site-packages/requests_oauthlib/compliance_fixes/facebook.py
-rw-r--r-- root/root       905 2022-01-29 19:52 usr/lib64/python3.9/site-packages/requests_oauthlib/compliance_fixes/fitbit.py
-rw-r--r-- root/root       948 2022-01-29 19:52 usr/lib64/python3.9/site-packages/requests_oauthlib/compliance_fixes/instagram.py
-rw-r--r-- root/root       757 2022-01-29 19:52 usr/lib64/python3.9/site-packages/requests_oauthlib/compliance_fixes/mailchimp.py
-rw-r--r-- root/root       796 2022-01-29 19:52 usr/lib64/python3.9/site-packages/requests_oauthlib/compliance_fixes/plentymarkets.py
-rw-r--r-- root/root      1453 2022-01-29 19:52 usr/lib64/python3.9/site-packages/requests_oauthlib/compliance_fixes/slack.py
-rw-r--r-- root/root       444 2022-01-29 19:52 usr/lib64/python3.9/site-packages/requests_oauthlib/compliance_fixes/weibo.py
-rw-r--r-- root/root      3737 2022-01-29 19:52 usr/lib64/python3.9/site-packages/requests_oauthlib/oauth1_auth.py
-rw-r--r-- root/root     17055 2022-01-29 19:52 usr/lib64/python3.9/site-packages/requests_oauthlib/oauth1_session.py
-rw-r--r-- root/root      1548 2022-01-29 19:52 usr/lib64/python3.9/site-packages/requests_oauthlib/oauth2_auth.py
-rw-r--r-- root/root     21992 2022-01-29 19:52 usr/lib64/python3.9/site-packages/requests_oauthlib/oauth2_session.py


