++========================================
||
||   Package:  ./capstone/capstone-5.0_rc2-x86_64-1cf.txz
||
++========================================
drwxr-xr-x root/root         0 2022-09-04 14:50 ./
drwxr-xr-x root/root         0 2022-09-04 14:50 install/
-rw-r--r-- root/root        99 2022-09-04 14:50 install/doinst.sh
-rw-r--r-- root/root       723 2022-09-04 14:50 install/slack-desc
drwxr-xr-x root/root         0 2022-09-04 14:50 usr/
drwxr-xr-x root/root         0 2022-09-04 14:50 usr/bin/
-rwxr-xr-x root/root   6668920 2022-09-04 14:50 usr/bin/cstool
drwxr-xr-x root/root         0 2022-09-04 14:50 usr/doc/
drwxr-xr-x root/root         0 2022-09-04 14:50 usr/doc/capstone-5.0_rc2/
-rw-r--r-- root/root      5919 2022-02-28 15:48 usr/doc/capstone-5.0_rc2/COMPILE.TXT
-rw-r--r-- root/root      5430 2022-02-28 15:48 usr/doc/capstone-5.0_rc2/COMPILE_CMAKE.TXT
-rw-r--r-- root/root      5335 2022-02-28 15:48 usr/doc/capstone-5.0_rc2/COMPILE_MSVC.TXT
-rw-r--r-- root/root      3029 2022-02-28 15:48 usr/doc/capstone-5.0_rc2/CREDITS.TXT
-rw-r--r-- root/root     23651 2022-02-28 15:48 usr/doc/capstone-5.0_rc2/ChangeLog
-rw-r--r-- root/root      3909 2022-02-28 15:48 usr/doc/capstone-5.0_rc2/HACK.TXT
-rw-r--r-- root/root      1687 2022-02-28 15:48 usr/doc/capstone-5.0_rc2/LICENSE.TXT
-rw-r--r-- root/root      3331 2022-02-28 15:48 usr/doc/capstone-5.0_rc2/LICENSE_LLVM.TXT
-rw-r--r-- root/root      2812 2022-02-28 15:48 usr/doc/capstone-5.0_rc2/README.md
-rw-r--r-- root/root       637 2022-02-28 15:48 usr/doc/capstone-5.0_rc2/SPONSORS.TXT
-rw-r--r-- root/root      4077 2022-09-04 14:50 usr/doc/capstone-5.0_rc2/capstone.SlackBuild
drwxr-xr-x root/root         0 2022-09-04 14:50 usr/include/
drwxr-xr-x root/root         0 2022-09-04 14:50 usr/include/capstone/
-rw-r--r-- root/root     19787 2022-09-04 14:50 usr/include/capstone/arm.h
-rw-r--r-- root/root     60518 2022-09-04 14:50 usr/include/capstone/arm64.h
-rw-r--r-- root/root      4068 2022-09-04 14:50 usr/include/capstone/bpf.h
-rw-r--r-- root/root     30867 2022-09-04 14:50 usr/include/capstone/capstone.h
-rw-r--r-- root/root      4386 2022-09-04 14:50 usr/include/capstone/evm.h
-rw-r--r-- root/root     12320 2022-09-04 14:50 usr/include/capstone/m680x.h
-rw-r--r-- root/root     13855 2022-09-04 14:50 usr/include/capstone/m68k.h
-rw-r--r-- root/root     17044 2022-09-04 14:50 usr/include/capstone/mips.h
-rw-r--r-- root/root      5787 2022-09-04 14:50 usr/include/capstone/mos65xx.h
-rw-r--r-- root/root      4010 2022-09-04 14:50 usr/include/capstone/platform.h
-rw-r--r-- root/root     37560 2022-09-04 14:50 usr/include/capstone/ppc.h
-rw-r--r-- root/root     12649 2022-09-04 14:50 usr/include/capstone/riscv.h
-rw-r--r-- root/root     11297 2022-09-04 14:50 usr/include/capstone/sparc.h
-rw-r--r-- root/root     44631 2022-09-04 14:50 usr/include/capstone/systemz.h
-rw-r--r-- root/root      8262 2022-09-04 14:50 usr/include/capstone/tms320c64x.h
-rw-r--r-- root/root      6191 2022-09-04 14:50 usr/include/capstone/wasm.h
-rw-r--r-- root/root     43055 2022-09-04 14:50 usr/include/capstone/x86.h
-rw-r--r-- root/root      4919 2022-09-04 14:50 usr/include/capstone/xcore.h
drwxr-xr-x root/root         0 2022-09-04 14:50 usr/lib64/
-rw-r--r-- root/root  10311982 2022-09-04 14:50 usr/lib64/libcapstone.a
-rwxr-xr-x root/root   8594144 2022-09-04 14:50 usr/lib64/libcapstone.so.5
drwxr-xr-x root/root         0 2022-09-04 14:50 usr/lib64/pkgconfig/
-rw-r--r-- root/root       311 2022-09-04 14:50 usr/lib64/pkgconfig/capstone.pc
drwxr-xr-x root/root         0 2022-09-04 14:50 usr/lib64/python3.9/
drwxr-xr-x root/root         0 2022-09-04 14:50 usr/lib64/python3.9/site-packages/
drwxr-xr-x root/root         0 2022-09-04 14:50 usr/lib64/python3.9/site-packages/capstone/
drwxr-xr-x root/root         0 2022-09-04 14:50 usr/lib64/python3.9/site-packages/capstone-5.0.0-py3.9.egg-info/
-rw-r--r-- root/root       505 2022-09-04 14:50 usr/lib64/python3.9/site-packages/capstone-5.0.0-py3.9.egg-info/PKG-INFO
-rw-r--r-- root/root      1554 2022-09-04 14:50 usr/lib64/python3.9/site-packages/capstone-5.0.0-py3.9.egg-info/SOURCES.txt
-rw-r--r-- root/root         1 2022-09-04 14:50 usr/lib64/python3.9/site-packages/capstone-5.0.0-py3.9.egg-info/dependency_links.txt
-rw-r--r-- root/root         9 2022-09-04 14:50 usr/lib64/python3.9/site-packages/capstone-5.0.0-py3.9.egg-info/top_level.txt
-rw-r--r-- root/root         1 2022-09-04 14:50 usr/lib64/python3.9/site-packages/capstone-5.0.0-py3.9.egg-info/zip-safe
-rw-r--r-- root/root     40019 2022-02-28 15:48 usr/lib64/python3.9/site-packages/capstone/__init__.py
drwxr-xr-x root/root         0 2022-09-04 14:50 usr/lib64/python3.9/site-packages/capstone/__pycache__/
-rw-r--r-- root/root     25685 2022-09-04 14:50 usr/lib64/python3.9/site-packages/capstone/__pycache__/__init__.cpython-39.pyc
-rw-r--r-- root/root      2565 2022-09-04 14:50 usr/lib64/python3.9/site-packages/capstone/__pycache__/arm.cpython-39.pyc
-rw-r--r-- root/root      2778 2022-09-04 14:50 usr/lib64/python3.9/site-packages/capstone/__pycache__/arm64.cpython-39.pyc
-rw-r--r-- root/root     74027 2022-09-04 14:50 usr/lib64/python3.9/site-packages/capstone/__pycache__/arm64_const.cpython-39.pyc
-rw-r--r-- root/root     21571 2022-09-04 14:50 usr/lib64/python3.9/site-packages/capstone/__pycache__/arm_const.cpython-39.pyc
-rw-r--r-- root/root      2198 2022-09-04 14:50 usr/lib64/python3.9/site-packages/capstone/__pycache__/bpf.cpython-39.pyc
-rw-r--r-- root/root      2591 2022-09-04 14:50 usr/lib64/python3.9/site-packages/capstone/__pycache__/bpf_const.cpython-39.pyc
-rw-r--r-- root/root       611 2022-09-04 14:50 usr/lib64/python3.9/site-packages/capstone/__pycache__/evm.cpython-39.pyc
-rw-r--r-- root/root      4087 2022-09-04 14:50 usr/lib64/python3.9/site-packages/capstone/__pycache__/evm_const.cpython-39.pyc
-rw-r--r-- root/root      2825 2022-09-04 14:50 usr/lib64/python3.9/site-packages/capstone/__pycache__/m680x.cpython-39.pyc
-rw-r--r-- root/root     11389 2022-09-04 14:50 usr/lib64/python3.9/site-packages/capstone/__pycache__/m680x_const.cpython-39.pyc
-rw-r--r-- root/root      3102 2022-09-04 14:50 usr/lib64/python3.9/site-packages/capstone/__pycache__/m68k.cpython-39.pyc
-rw-r--r-- root/root     13304 2022-09-04 14:50 usr/lib64/python3.9/site-packages/capstone/__pycache__/m68k_const.cpython-39.pyc
-rw-r--r-- root/root      1615 2022-09-04 14:50 usr/lib64/python3.9/site-packages/capstone/__pycache__/mips.cpython-39.pyc
-rw-r--r-- root/root     23532 2022-09-04 14:50 usr/lib64/python3.9/site-packages/capstone/__pycache__/mips_const.cpython-39.pyc
-rw-r--r-- root/root      1512 2022-09-04 14:50 usr/lib64/python3.9/site-packages/capstone/__pycache__/mos65xx.cpython-39.pyc
-rw-r--r-- root/root      4069 2022-09-04 14:50 usr/lib64/python3.9/site-packages/capstone/__pycache__/mos65xx_const.cpython-39.pyc
-rw-r--r-- root/root      2048 2022-09-04 14:50 usr/lib64/python3.9/site-packages/capstone/__pycache__/ppc.cpython-39.pyc
-rw-r--r-- root/root     58344 2022-09-04 14:50 usr/lib64/python3.9/site-packages/capstone/__pycache__/ppc_const.cpython-39.pyc
-rw-r--r-- root/root      1663 2022-09-04 14:50 usr/lib64/python3.9/site-packages/capstone/__pycache__/riscv.cpython-39.pyc
-rw-r--r-- root/root     12313 2022-09-04 14:50 usr/lib64/python3.9/site-packages/capstone/__pycache__/riscv_const.cpython-39.pyc
-rw-r--r-- root/root      1700 2022-09-04 14:50 usr/lib64/python3.9/site-packages/capstone/__pycache__/sparc.cpython-39.pyc
-rw-r--r-- root/root     11658 2022-09-04 14:50 usr/lib64/python3.9/site-packages/capstone/__pycache__/sparc_const.cpython-39.pyc
-rw-r--r-- root/root      1693 2022-09-04 14:50 usr/lib64/python3.9/site-packages/capstone/__pycache__/systemz.cpython-39.pyc
-rw-r--r-- root/root     75647 2022-09-04 14:50 usr/lib64/python3.9/site-packages/capstone/__pycache__/sysz_const.cpython-39.pyc
-rw-r--r-- root/root      2239 2022-09-04 14:50 usr/lib64/python3.9/site-packages/capstone/__pycache__/tms320c64x.cpython-39.pyc
-rw-r--r-- root/root      8232 2022-09-04 14:50 usr/lib64/python3.9/site-packages/capstone/__pycache__/tms320c64x_const.cpython-39.pyc
-rw-r--r-- root/root      5890 2022-09-04 14:50 usr/lib64/python3.9/site-packages/capstone/__pycache__/wasm_const.cpython-39.pyc
-rw-r--r-- root/root      2628 2022-09-04 14:50 usr/lib64/python3.9/site-packages/capstone/__pycache__/x86.cpython-39.pyc
-rw-r--r-- root/root     59569 2022-09-04 14:50 usr/lib64/python3.9/site-packages/capstone/__pycache__/x86_const.cpython-39.pyc
-rw-r--r-- root/root      1666 2022-09-04 14:50 usr/lib64/python3.9/site-packages/capstone/__pycache__/xcore.cpython-39.pyc
-rw-r--r-- root/root      4195 2022-09-04 14:50 usr/lib64/python3.9/site-packages/capstone/__pycache__/xcore_const.cpython-39.pyc
-rw-r--r-- root/root      2018 2022-02-28 15:48 usr/lib64/python3.9/site-packages/capstone/arm.py
-rw-r--r-- root/root      1955 2022-02-28 15:48 usr/lib64/python3.9/site-packages/capstone/arm64.py
-rw-r--r-- root/root     57495 2022-02-28 15:48 usr/lib64/python3.9/site-packages/capstone/arm64_const.py
-rw-r--r-- root/root     16403 2022-02-28 15:48 usr/lib64/python3.9/site-packages/capstone/arm_const.py
-rw-r--r-- root/root      1369 2022-02-28 15:48 usr/lib64/python3.9/site-packages/capstone/bpf.py
-rw-r--r-- root/root      1965 2022-02-28 15:48 usr/lib64/python3.9/site-packages/capstone/bpf_const.py
-rw-r--r-- root/root       366 2022-02-28 15:48 usr/lib64/python3.9/site-packages/capstone/evm.py
-rw-r--r-- root/root      3079 2022-02-28 15:48 usr/lib64/python3.9/site-packages/capstone/evm_const.py
drwxr-xr-x root/root         0 2022-09-04 14:50 usr/lib64/python3.9/site-packages/capstone/include/
drwxr-xr-x root/root         0 2022-09-04 14:50 usr/lib64/python3.9/site-packages/capstone/include/capstone/
-rw-r--r-- root/root     19787 2022-02-28 15:48 usr/lib64/python3.9/site-packages/capstone/include/capstone/arm.h
-rw-r--r-- root/root     60518 2022-02-28 15:48 usr/lib64/python3.9/site-packages/capstone/include/capstone/arm64.h
-rw-r--r-- root/root      4068 2022-02-28 15:48 usr/lib64/python3.9/site-packages/capstone/include/capstone/bpf.h
-rw-r--r-- root/root     30867 2022-02-28 15:48 usr/lib64/python3.9/site-packages/capstone/include/capstone/capstone.h
-rw-r--r-- root/root      4386 2022-02-28 15:48 usr/lib64/python3.9/site-packages/capstone/include/capstone/evm.h
-rw-r--r-- root/root     12320 2022-02-28 15:48 usr/lib64/python3.9/site-packages/capstone/include/capstone/m680x.h
-rw-r--r-- root/root     13855 2022-02-28 15:48 usr/lib64/python3.9/site-packages/capstone/include/capstone/m68k.h
-rw-r--r-- root/root     17044 2022-02-28 15:48 usr/lib64/python3.9/site-packages/capstone/include/capstone/mips.h
-rw-r--r-- root/root      5787 2022-02-28 15:48 usr/lib64/python3.9/site-packages/capstone/include/capstone/mos65xx.h
-rw-r--r-- root/root      4010 2022-02-28 15:48 usr/lib64/python3.9/site-packages/capstone/include/capstone/platform.h
-rw-r--r-- root/root     37560 2022-02-28 15:48 usr/lib64/python3.9/site-packages/capstone/include/capstone/ppc.h
-rw-r--r-- root/root     12649 2022-02-28 15:48 usr/lib64/python3.9/site-packages/capstone/include/capstone/riscv.h
-rw-r--r-- root/root     11297 2022-02-28 15:48 usr/lib64/python3.9/site-packages/capstone/include/capstone/sparc.h
-rw-r--r-- root/root     44631 2022-02-28 15:48 usr/lib64/python3.9/site-packages/capstone/include/capstone/systemz.h
-rw-r--r-- root/root      8262 2022-02-28 15:48 usr/lib64/python3.9/site-packages/capstone/include/capstone/tms320c64x.h
-rw-r--r-- root/root      6191 2022-02-28 15:48 usr/lib64/python3.9/site-packages/capstone/include/capstone/wasm.h
-rw-r--r-- root/root     43055 2022-02-28 15:48 usr/lib64/python3.9/site-packages/capstone/include/capstone/x86.h
-rw-r--r-- root/root      4919 2022-02-28 15:48 usr/lib64/python3.9/site-packages/capstone/include/capstone/xcore.h
drwxr-xr-x root/root         0 2022-09-04 14:50 usr/lib64/python3.9/site-packages/capstone/lib/
-rw-r--r-- root/root  10311982 2022-09-04 14:50 usr/lib64/python3.9/site-packages/capstone/lib/libcapstone.a
-rwxr-xr-x root/root   8594144 2022-09-04 14:50 usr/lib64/python3.9/site-packages/capstone/lib/libcapstone.so
-rw-r--r-- root/root      1977 2022-02-28 15:48 usr/lib64/python3.9/site-packages/capstone/m680x.py
-rw-r--r-- root/root      8408 2022-02-28 15:48 usr/lib64/python3.9/site-packages/capstone/m680x_const.py
-rw-r--r-- root/root      2260 2022-02-28 15:48 usr/lib64/python3.9/site-packages/capstone/m68k.py
-rw-r--r-- root/root      9942 2022-02-28 15:48 usr/lib64/python3.9/site-packages/capstone/m68k_const.py
-rw-r--r-- root/root       953 2022-02-28 15:48 usr/lib64/python3.9/site-packages/capstone/mips.py
-rw-r--r-- root/root     17669 2022-02-28 15:48 usr/lib64/python3.9/site-packages/capstone/mips_const.py
-rw-r--r-- root/root       952 2022-02-28 15:48 usr/lib64/python3.9/site-packages/capstone/mos65xx.py
-rw-r--r-- root/root      3179 2022-02-28 15:48 usr/lib64/python3.9/site-packages/capstone/mos65xx_const.py
-rw-r--r-- root/root      1321 2022-02-28 15:48 usr/lib64/python3.9/site-packages/capstone/ppc.py
-rw-r--r-- root/root     42044 2022-02-28 15:48 usr/lib64/python3.9/site-packages/capstone/ppc_const.py
-rw-r--r-- root/root      1026 2022-02-28 15:48 usr/lib64/python3.9/site-packages/capstone/riscv.py
-rw-r--r-- root/root     10308 2022-02-28 15:48 usr/lib64/python3.9/site-packages/capstone/riscv_const.py
-rw-r--r-- root/root      1076 2022-02-28 15:48 usr/lib64/python3.9/site-packages/capstone/sparc.py
-rw-r--r-- root/root      9247 2022-02-28 15:48 usr/lib64/python3.9/site-packages/capstone/sparc_const.py
-rw-r--r-- root/root      1064 2022-02-28 15:48 usr/lib64/python3.9/site-packages/capstone/systemz.py
-rw-r--r-- root/root     53706 2022-02-28 15:48 usr/lib64/python3.9/site-packages/capstone/sysz_const.py
-rw-r--r-- root/root      1606 2022-02-28 15:48 usr/lib64/python3.9/site-packages/capstone/tms320c64x.py
-rw-r--r-- root/root      6918 2022-02-28 15:48 usr/lib64/python3.9/site-packages/capstone/tms320c64x_const.py
-rw-r--r-- root/root      4879 2022-02-28 15:48 usr/lib64/python3.9/site-packages/capstone/wasm_const.py
-rw-r--r-- root/root      2433 2022-02-28 15:48 usr/lib64/python3.9/site-packages/capstone/x86.py
-rw-r--r-- root/root     43705 2022-02-28 15:48 usr/lib64/python3.9/site-packages/capstone/x86_const.py
-rw-r--r-- root/root      1032 2022-02-28 15:48 usr/lib64/python3.9/site-packages/capstone/xcore.py
-rw-r--r-- root/root      3201 2022-02-28 15:48 usr/lib64/python3.9/site-packages/capstone/xcore_const.py


