++========================================
||
||   Package:  ./hunspell-it/hunspell-it-2.4-x86_64-2cf.txz
||
++========================================
drwxr-xr-x root/root         0 2020-10-05 11:34 ./
drwxr-xr-x root/root         0 2020-10-05 11:34 install/
-rw-r--r-- root/root       720 2020-10-05 11:34 install/doinst.sh
-rw-r--r-- root/root       715 2020-10-05 11:34 install/slack-desc
drwxr-xr-x root/root         0 2020-10-05 11:34 usr/
drwxr-xr-x root/root         0 2020-10-05 11:34 usr/doc/
drwxr-xr-x root/root         0 2020-10-05 11:34 usr/doc/hunspell-it-2.4/
-rw-r--r-- root/root      3232 2020-10-05 11:34 usr/doc/hunspell-it-2.4/hunspell-it.SlackBuild
-rw-r--r-- root/root      5302 2007-09-01 17:00 usr/doc/hunspell-it-2.4/it_IT_AUTHORS
-rw-r--r-- root/root     34695 2007-09-01 17:00 usr/doc/hunspell-it-2.4/it_IT_COPYING
-rw-r--r-- root/root      9391 2007-09-01 16:57 usr/doc/hunspell-it-2.4/it_IT_ChangeLog
-rw-r--r-- root/root      3099 2007-09-01 17:31 usr/doc/hunspell-it-2.4/it_IT_README.1st
-rw-r--r-- root/root     18501 2007-09-01 17:02 usr/doc/hunspell-it-2.4/it_IT_README.txt
-rw-r--r-- root/root      1099 2007-09-01 17:01 usr/doc/hunspell-it-2.4/it_IT_license.txt
-rw-r--r-- root/root     16027 2007-07-28 14:58 usr/doc/hunspell-it-2.4/it_IT_notes.txt
-rw-r--r-- root/root      2283 2007-09-01 17:30 usr/doc/hunspell-it-2.4/it_IT_todo.txt
drwxr-xr-x root/root         0 2020-10-05 11:34 usr/share/
drwxr-xr-x root/root         0 2020-10-05 11:34 usr/share/hunspell/
-rw-r--r-- root/root     80174 2020-10-05 11:34 usr/share/hunspell/it_IT.aff
-rw-r--r-- root/root   1290961 2020-10-05 11:34 usr/share/hunspell/it_IT.dic
drwxr-xr-x root/root         0 2020-10-05 11:34 usr/share/myspell/
drwxr-xr-x root/root         0 2020-10-05 11:34 usr/share/myspell/dicts/


