++========================================
||
||   Package:  ./neomutt/neomutt-20210205-x86_64-1cf.txz
||
++========================================
drwxr-xr-x root/root         0 2021-02-05 15:47 ./
drwxr-xr-x root/root         0 2021-02-05 15:47 etc/
drwxr-xr-x root/root         0 2021-02-05 15:47 etc/neomutt/
-rw-r--r-- root/root    196143 2021-02-05 15:47 etc/neomutt/neomuttrc.new
drwxr-xr-x root/root         0 2021-02-05 15:47 install/
-rw-r--r-- root/root       555 2021-02-05 15:47 install/doinst.sh
-rw-r--r-- root/root       948 2021-02-05 15:47 install/slack-desc
drwxr-xr-x root/root         0 2021-02-05 15:47 usr/
drwxr-xr-x root/root         0 2021-02-05 15:47 usr/bin/
-rwxr-xr-x root/root   1454632 2021-02-05 15:47 usr/bin/neomutt
drwxr-xr-x root/root         0 2021-02-05 15:47 usr/doc/
drwxr-xr-x root/root         0 2021-02-05 15:47 usr/doc/neomutt-20210205/
-rw-r--r-- root/root     12167 2021-02-05 15:47 usr/doc/neomutt-20210205/AUTHORS.md
-rw-r--r-- root/root      3348 2021-02-05 15:47 usr/doc/neomutt-20210205/CODE_OF_CONDUCT.md
-rw-r--r-- root/root      2601 2021-02-05 15:47 usr/doc/neomutt-20210205/CONTRIBUTING.md
-rw-r--r-- root/root     78935 2021-02-05 15:47 usr/doc/neomutt-20210205/ChangeLog.md
-rw-r--r-- root/root      6910 2021-02-05 15:47 usr/doc/neomutt-20210205/INSTALL.md
-rw-r--r-- root/root     17863 2021-02-05 15:47 usr/doc/neomutt-20210205/LICENSE.md
-rw-r--r-- root/root      6133 2021-02-05 15:47 usr/doc/neomutt-20210205/README.md
-rw-r--r-- root/root       429 2021-02-05 15:47 usr/doc/neomutt-20210205/SECURITY.md
-rw-r--r-- root/root    122917 2021-02-05 15:47 usr/doc/neomutt-20210205/advancedusage.html
drwxr-xr-x root/root         0 2021-02-05 15:47 usr/doc/neomutt-20210205/colorschemes/
-rw-r--r-- root/root      8193 2021-02-05 15:47 usr/doc/neomutt-20210205/colorschemes/neonwolf-256.neomuttrc
-rw-r--r-- root/root     11459 2021-02-05 15:47 usr/doc/neomutt-20210205/colorschemes/solarized-dark-256.neomuttrc
-rw-r--r-- root/root      4038 2021-02-05 15:47 usr/doc/neomutt-20210205/colorschemes/vombatidae.neomuttrc
-rw-r--r-- root/root      2716 2021-02-05 15:47 usr/doc/neomutt-20210205/colorschemes/zenburn.neomuttrc
-rw-r--r-- root/root    175934 2021-02-05 15:47 usr/doc/neomutt-20210205/configuration.html
-rw-r--r-- root/root    131583 2021-02-05 15:47 usr/doc/neomutt-20210205/gettingstarted.html
drwxr-xr-x root/root         0 2021-02-05 15:47 usr/doc/neomutt-20210205/hcache-bench/
-rw-r--r-- root/root      2946 2021-02-05 15:47 usr/doc/neomutt-20210205/hcache-bench/README.md
-rw-r--r-- root/root      3359 2021-02-05 15:47 usr/doc/neomutt-20210205/hcache-bench/neomutt-hcache-bench.sh
-rw-r--r-- root/root       188 2021-02-05 15:47 usr/doc/neomutt-20210205/hcache-bench/neomuttrc
-rw-r--r-- root/root    109634 2021-02-05 15:47 usr/doc/neomutt-20210205/index.html
-rw-r--r-- root/root     11056 2021-02-05 15:47 usr/doc/neomutt-20210205/intro.html
drwxr-xr-x root/root         0 2021-02-05 15:47 usr/doc/neomutt-20210205/keybase/
-rw-r--r-- root/root      1210 2021-02-05 15:47 usr/doc/neomutt-20210205/keybase/LICENSE
-rw-r--r-- root/root      1687 2021-02-05 15:47 usr/doc/neomutt-20210205/keybase/README.md
-rw-r--r-- root/root     57502 2021-02-05 15:47 usr/doc/neomutt-20210205/keybase/attachmentView.png
-rwxr-xr-x root/root        72 2021-02-05 15:47 usr/doc/neomutt-20210205/keybase/decrypt.sh
-rwxr-xr-x root/root      2208 2021-02-05 15:47 usr/doc/neomutt-20210205/keybase/install.sh
-rw-r--r-- root/root      2136 2021-02-05 15:47 usr/doc/neomutt-20210205/keybase/keybase.py
-rw-r--r-- root/root       210 2021-02-05 15:47 usr/doc/neomutt-20210205/keybase/neomuttrc
-rw-r--r-- root/root     54395 2021-02-05 15:47 usr/doc/neomutt-20210205/keybase/pagerMode.png
-rwxr-xr-x root/root        52 2021-02-05 15:47 usr/doc/neomutt-20210205/keybase/pgpdecrypt.sh
-rwxr-xr-x root/root        52 2021-02-05 15:47 usr/doc/neomutt-20210205/keybase/pgpverify.sh
-rwxr-xr-x root/root        71 2021-02-05 15:47 usr/doc/neomutt-20210205/keybase/verify.sh
drwxr-xr-x root/root         0 2021-02-05 15:47 usr/doc/neomutt-20210205/logo/
-rw-r--r-- root/root      9929 2021-02-05 15:47 usr/doc/neomutt-20210205/logo/neomutt-128.png
-rw-r--r-- root/root     19498 2021-02-05 15:47 usr/doc/neomutt-20210205/logo/neomutt-256.png
-rw-r--r-- root/root      1883 2021-02-05 15:47 usr/doc/neomutt-20210205/logo/neomutt-32.png
-rw-r--r-- root/root      4471 2021-02-05 15:47 usr/doc/neomutt-20210205/logo/neomutt-64.png
-rw-r--r-- root/root     11989 2021-02-05 15:47 usr/doc/neomutt-20210205/logo/neomutt.svg
drwxr-xr-x root/root         0 2021-02-05 15:47 usr/doc/neomutt-20210205/lua/
-rw-r--r-- root/root       216 2021-02-05 15:47 usr/doc/neomutt-20210205/lua/test_lua-api_runner.neomuttrc
-rw-r--r-- root/root      2684 2021-02-05 15:47 usr/doc/neomutt-20210205/lua/test_lua-api_spec.lua
-rw-r--r-- root/root   1330867 2021-02-05 15:47 usr/doc/neomutt-20210205/manual.html
-rw-r--r-- root/root    773612 2021-02-05 15:47 usr/doc/neomutt-20210205/manual.txt
-rw-r--r-- root/root      3154 2021-02-05 15:47 usr/doc/neomutt-20210205/mime.types
-rw-r--r-- root/root     73905 2021-02-05 15:47 usr/doc/neomutt-20210205/mimesupport.html
-rw-r--r-- root/root      5243 2021-02-05 15:47 usr/doc/neomutt-20210205/miscellany.html
-rw-r--r-- root/root      4206 2021-02-05 15:47 usr/doc/neomutt-20210205/neomutt.SlackBuild
-rw-r--r-- root/root    275331 2021-02-05 15:47 usr/doc/neomutt-20210205/optionalfeatures.html
-rw-r--r-- root/root    489338 2021-02-05 15:47 usr/doc/neomutt-20210205/reference.html
drwxr-xr-x root/root         0 2021-02-05 15:47 usr/doc/neomutt-20210205/samples/
-rw-r--r-- root/root       433 2021-02-05 15:47 usr/doc/neomutt-20210205/samples/Mush.rc
-rw-r--r-- root/root      1015 2021-02-05 15:47 usr/doc/neomutt-20210205/samples/Pine.rc
-rw-r--r-- root/root       606 2021-02-05 15:47 usr/doc/neomutt-20210205/samples/Tin.rc
-rw-r--r-- root/root       611 2021-02-05 15:47 usr/doc/neomutt-20210205/samples/colors.default
-rw-r--r-- root/root       605 2021-02-05 15:47 usr/doc/neomutt-20210205/samples/colors.linux
-rw-r--r-- root/root      5476 2021-02-05 15:47 usr/doc/neomutt-20210205/samples/gpg.rc
-rw-r--r-- root/root      1016 2021-02-05 15:47 usr/doc/neomutt-20210205/samples/mairix_filter.pl
-rw-r--r-- root/root       126 2021-02-05 15:47 usr/doc/neomutt-20210205/samples/sample.mailcap
-rw-r--r-- root/root     13001 2021-02-05 15:47 usr/doc/neomutt-20210205/samples/sample.neomuttrc
-rw-r--r-- root/root      2987 2021-02-05 15:47 usr/doc/neomutt-20210205/samples/sample.neomuttrc-starter
-rw-r--r-- root/root     13535 2021-02-05 15:47 usr/doc/neomutt-20210205/samples/sample.neomuttrc-tlr
-rw-r--r-- root/root      4133 2021-02-05 15:47 usr/doc/neomutt-20210205/samples/smime.rc
-rw-r--r-- root/root      3496 2021-02-05 15:47 usr/doc/neomutt-20210205/samples/smime_keys_test.pl
-rw-r--r-- root/root     10367 2021-02-05 15:47 usr/doc/neomutt-20210205/security.html
-rw-r--r-- root/root      4247 2021-02-05 15:47 usr/doc/neomutt-20210205/smime-notes.txt
-rw-r--r-- root/root      9667 2021-02-05 15:47 usr/doc/neomutt-20210205/tuning.html
drwxr-xr-x root/root         0 2021-02-05 15:47 usr/doc/neomutt-20210205/vim-keys/
-rw-r--r-- root/root       265 2021-02-05 15:47 usr/doc/neomutt-20210205/vim-keys/README.md
-rw-r--r-- root/root      1487 2021-02-05 15:47 usr/doc/neomutt-20210205/vim-keys/vim-keys.rc
drwxr-xr-x root/root         0 2021-02-05 15:47 usr/libexec/
drwxr-xr-x root/root         0 2021-02-05 15:47 usr/libexec/neomutt/
-rwxr-xr-x root/root     14352 2021-02-05 15:47 usr/libexec/neomutt/pgpewrap
-rwxr-xr-x root/root     31079 2021-02-05 15:47 usr/libexec/neomutt/smime_keys
drwxr-xr-x root/root         0 2021-02-05 15:47 usr/man/
drwxr-xr-x root/root         0 2021-02-05 15:47 usr/man/man1/
-rw-r--r-- root/root      4810 2021-02-05 15:47 usr/man/man1/neomutt.1.gz
-rw-r--r-- root/root       888 2021-02-05 15:47 usr/man/man1/pgpewrap_neomutt.1.gz
-rw-r--r-- root/root      1256 2021-02-05 15:47 usr/man/man1/smime_keys_neomutt.1.gz
drwxr-xr-x root/root         0 2021-02-05 15:47 usr/man/man5/
-rw-r--r-- root/root      2432 2021-02-05 15:47 usr/man/man5/mbox_neomutt.5.gz
-rw-r--r-- root/root      1720 2021-02-05 15:47 usr/man/man5/mmdf_neomutt.5.gz
-rw-r--r-- root/root     64746 2021-02-05 15:47 usr/man/man5/neomuttrc.5.gz
drwxr-xr-x root/root         0 2021-02-05 15:47 usr/share/
drwxr-xr-x root/root         0 2021-02-05 15:47 usr/share/applications/
-rw-r--r-- root/root       228 2021-02-05 15:47 usr/share/applications/neomutt.desktop
drwxr-xr-x root/root         0 2021-02-05 15:47 usr/share/icons/
drwxr-xr-x root/root         0 2021-02-05 15:47 usr/share/icons/hicolor/
drwxr-xr-x root/root         0 2021-02-05 15:47 usr/share/icons/hicolor/128x128/
drwxr-xr-x root/root         0 2021-02-05 15:47 usr/share/icons/hicolor/128x128/apps/
-rw-r--r-- root/root      9929 2021-02-05 15:47 usr/share/icons/hicolor/128x128/apps/neomutt.png
drwxr-xr-x root/root         0 2021-02-05 15:47 usr/share/icons/hicolor/256x256/
drwxr-xr-x root/root         0 2021-02-05 15:47 usr/share/icons/hicolor/256x256/apps/
-rw-r--r-- root/root     19498 2021-02-05 15:47 usr/share/icons/hicolor/256x256/apps/neomutt.png
drwxr-xr-x root/root         0 2021-02-05 15:47 usr/share/icons/hicolor/32x32/
drwxr-xr-x root/root         0 2021-02-05 15:47 usr/share/icons/hicolor/32x32/apps/
-rw-r--r-- root/root      1883 2021-02-05 15:47 usr/share/icons/hicolor/32x32/apps/neomutt.png
drwxr-xr-x root/root         0 2021-02-05 15:47 usr/share/icons/hicolor/64x64/
drwxr-xr-x root/root         0 2021-02-05 15:47 usr/share/icons/hicolor/64x64/apps/
-rw-r--r-- root/root      4471 2021-02-05 15:47 usr/share/icons/hicolor/64x64/apps/neomutt.png
drwxr-xr-x root/root         0 2021-02-05 15:47 usr/share/locale/
drwxr-xr-x root/root         0 2021-02-05 15:47 usr/share/locale/bg/
drwxr-xr-x root/root         0 2021-02-05 15:47 usr/share/locale/bg/LC_MESSAGES/
-rw-r--r-- root/root     75241 2021-02-05 15:47 usr/share/locale/bg/LC_MESSAGES/neomutt.mo
drwxr-xr-x root/root         0 2021-02-05 15:47 usr/share/locale/ca/
drwxr-xr-x root/root         0 2021-02-05 15:47 usr/share/locale/ca/LC_MESSAGES/
-rw-r--r-- root/root     94711 2021-02-05 15:47 usr/share/locale/ca/LC_MESSAGES/neomutt.mo
drwxr-xr-x root/root         0 2021-02-05 15:47 usr/share/locale/cs/
drwxr-xr-x root/root         0 2021-02-05 15:47 usr/share/locale/cs/LC_MESSAGES/
-rw-r--r-- root/root    145542 2021-02-05 15:47 usr/share/locale/cs/LC_MESSAGES/neomutt.mo
drwxr-xr-x root/root         0 2021-02-05 15:47 usr/share/locale/da/
drwxr-xr-x root/root         0 2021-02-05 15:47 usr/share/locale/da/LC_MESSAGES/
-rw-r--r-- root/root     87159 2021-02-05 15:47 usr/share/locale/da/LC_MESSAGES/neomutt.mo
drwxr-xr-x root/root         0 2021-02-05 15:47 usr/share/locale/de/
drwxr-xr-x root/root         0 2021-02-05 15:47 usr/share/locale/de/LC_MESSAGES/
-rw-r--r-- root/root    134484 2021-02-05 15:47 usr/share/locale/de/LC_MESSAGES/neomutt.mo
drwxr-xr-x root/root         0 2021-02-05 15:47 usr/share/locale/el/
drwxr-xr-x root/root         0 2021-02-05 15:47 usr/share/locale/el/LC_MESSAGES/
-rw-r--r-- root/root     80689 2021-02-05 15:47 usr/share/locale/el/LC_MESSAGES/neomutt.mo
drwxr-xr-x root/root         0 2021-02-05 15:47 usr/share/locale/en_GB/
drwxr-xr-x root/root         0 2021-02-05 15:47 usr/share/locale/en_GB/LC_MESSAGES/
-rw-r--r-- root/root    134454 2021-02-05 15:47 usr/share/locale/en_GB/LC_MESSAGES/neomutt.mo
drwxr-xr-x root/root         0 2021-02-05 15:47 usr/share/locale/eo/
drwxr-xr-x root/root         0 2021-02-05 15:47 usr/share/locale/eo/LC_MESSAGES/
-rw-r--r-- root/root     81709 2021-02-05 15:47 usr/share/locale/eo/LC_MESSAGES/neomutt.mo
drwxr-xr-x root/root         0 2021-02-05 15:47 usr/share/locale/es/
drwxr-xr-x root/root         0 2021-02-05 15:47 usr/share/locale/es/LC_MESSAGES/
-rw-r--r-- root/root    138128 2021-02-05 15:47 usr/share/locale/es/LC_MESSAGES/neomutt.mo
drwxr-xr-x root/root         0 2021-02-05 15:47 usr/share/locale/et/
drwxr-xr-x root/root         0 2021-02-05 15:47 usr/share/locale/et/LC_MESSAGES/
-rw-r--r-- root/root     52015 2021-02-05 15:47 usr/share/locale/et/LC_MESSAGES/neomutt.mo
drwxr-xr-x root/root         0 2021-02-05 15:47 usr/share/locale/eu/
drwxr-xr-x root/root         0 2021-02-05 15:47 usr/share/locale/eu/LC_MESSAGES/
-rw-r--r-- root/root     68911 2021-02-05 15:47 usr/share/locale/eu/LC_MESSAGES/neomutt.mo
drwxr-xr-x root/root         0 2021-02-05 15:47 usr/share/locale/fi/
drwxr-xr-x root/root         0 2021-02-05 15:47 usr/share/locale/fi/LC_MESSAGES/
-rw-r--r-- root/root    122316 2021-02-05 15:47 usr/share/locale/fi/LC_MESSAGES/neomutt.mo
drwxr-xr-x root/root         0 2021-02-05 15:47 usr/share/locale/fr/
drwxr-xr-x root/root         0 2021-02-05 15:47 usr/share/locale/fr/LC_MESSAGES/
-rw-r--r-- root/root    110181 2021-02-05 15:47 usr/share/locale/fr/LC_MESSAGES/neomutt.mo
drwxr-xr-x root/root         0 2021-02-05 15:47 usr/share/locale/ga/
drwxr-xr-x root/root         0 2021-02-05 15:47 usr/share/locale/ga/LC_MESSAGES/
-rw-r--r-- root/root     70590 2021-02-05 15:47 usr/share/locale/ga/LC_MESSAGES/neomutt.mo
drwxr-xr-x root/root         0 2021-02-05 15:47 usr/share/locale/gl/
drwxr-xr-x root/root         0 2021-02-05 15:47 usr/share/locale/gl/LC_MESSAGES/
-rw-r--r-- root/root     48925 2021-02-05 15:47 usr/share/locale/gl/LC_MESSAGES/neomutt.mo
drwxr-xr-x root/root         0 2021-02-05 15:47 usr/share/locale/hu/
drwxr-xr-x root/root         0 2021-02-05 15:47 usr/share/locale/hu/LC_MESSAGES/
-rw-r--r-- root/root     56822 2021-02-05 15:47 usr/share/locale/hu/LC_MESSAGES/neomutt.mo
drwxr-xr-x root/root         0 2021-02-05 15:47 usr/share/locale/id/
drwxr-xr-x root/root         0 2021-02-05 15:47 usr/share/locale/id/LC_MESSAGES/
-rw-r--r-- root/root     67824 2021-02-05 15:47 usr/share/locale/id/LC_MESSAGES/neomutt.mo
drwxr-xr-x root/root         0 2021-02-05 15:47 usr/share/locale/it/
drwxr-xr-x root/root         0 2021-02-05 15:47 usr/share/locale/it/LC_MESSAGES/
-rw-r--r-- root/root     73241 2021-02-05 15:47 usr/share/locale/it/LC_MESSAGES/neomutt.mo
drwxr-xr-x root/root         0 2021-02-05 15:47 usr/share/locale/ja/
drwxr-xr-x root/root         0 2021-02-05 15:47 usr/share/locale/ja/LC_MESSAGES/
-rw-r--r-- root/root    103447 2021-02-05 15:47 usr/share/locale/ja/LC_MESSAGES/neomutt.mo
drwxr-xr-x root/root         0 2021-02-05 15:47 usr/share/locale/ko/
drwxr-xr-x root/root         0 2021-02-05 15:47 usr/share/locale/ko/LC_MESSAGES/
-rw-r--r-- root/root     55770 2021-02-05 15:47 usr/share/locale/ko/LC_MESSAGES/neomutt.mo
drwxr-xr-x root/root         0 2021-02-05 15:47 usr/share/locale/lt/
drwxr-xr-x root/root         0 2021-02-05 15:47 usr/share/locale/lt/LC_MESSAGES/
-rw-r--r-- root/root    142075 2021-02-05 15:47 usr/share/locale/lt/LC_MESSAGES/neomutt.mo
drwxr-xr-x root/root         0 2021-02-05 15:47 usr/share/locale/nl/
drwxr-xr-x root/root         0 2021-02-05 15:47 usr/share/locale/nl/LC_MESSAGES/
-rw-r--r-- root/root     83449 2021-02-05 15:47 usr/share/locale/nl/LC_MESSAGES/neomutt.mo
drwxr-xr-x root/root         0 2021-02-05 15:47 usr/share/locale/pl/
drwxr-xr-x root/root         0 2021-02-05 15:47 usr/share/locale/pl/LC_MESSAGES/
-rw-r--r-- root/root    120191 2021-02-05 15:47 usr/share/locale/pl/LC_MESSAGES/neomutt.mo
drwxr-xr-x root/root         0 2021-02-05 15:47 usr/share/locale/pt_BR/
drwxr-xr-x root/root         0 2021-02-05 15:47 usr/share/locale/pt_BR/LC_MESSAGES/
-rw-r--r-- root/root    132157 2021-02-05 15:47 usr/share/locale/pt_BR/LC_MESSAGES/neomutt.mo
drwxr-xr-x root/root         0 2021-02-05 15:47 usr/share/locale/ru/
drwxr-xr-x root/root         0 2021-02-05 15:47 usr/share/locale/ru/LC_MESSAGES/
-rw-r--r-- root/root    118788 2021-02-05 15:47 usr/share/locale/ru/LC_MESSAGES/neomutt.mo
drwxr-xr-x root/root         0 2021-02-05 15:47 usr/share/locale/sk/
drwxr-xr-x root/root         0 2021-02-05 15:47 usr/share/locale/sk/LC_MESSAGES/
-rw-r--r-- root/root    124680 2021-02-05 15:47 usr/share/locale/sk/LC_MESSAGES/neomutt.mo
drwxr-xr-x root/root         0 2021-02-05 15:47 usr/share/locale/sv/
drwxr-xr-x root/root         0 2021-02-05 15:47 usr/share/locale/sv/LC_MESSAGES/
-rw-r--r-- root/root     68523 2021-02-05 15:47 usr/share/locale/sv/LC_MESSAGES/neomutt.mo
drwxr-xr-x root/root         0 2021-02-05 15:47 usr/share/locale/tr/
drwxr-xr-x root/root         0 2021-02-05 15:47 usr/share/locale/tr/LC_MESSAGES/
-rw-r--r-- root/root     91556 2021-02-05 15:47 usr/share/locale/tr/LC_MESSAGES/neomutt.mo
drwxr-xr-x root/root         0 2021-02-05 15:47 usr/share/locale/uk/
drwxr-xr-x root/root         0 2021-02-05 15:47 usr/share/locale/uk/LC_MESSAGES/
-rw-r--r-- root/root    111590 2021-02-05 15:47 usr/share/locale/uk/LC_MESSAGES/neomutt.mo
drwxr-xr-x root/root         0 2021-02-05 15:47 usr/share/locale/zh_CN/
drwxr-xr-x root/root         0 2021-02-05 15:47 usr/share/locale/zh_CN/LC_MESSAGES/
-rw-r--r-- root/root    124879 2021-02-05 15:47 usr/share/locale/zh_CN/LC_MESSAGES/neomutt.mo
drwxr-xr-x root/root         0 2021-02-05 15:47 usr/share/locale/zh_TW/
drwxr-xr-x root/root         0 2021-02-05 15:47 usr/share/locale/zh_TW/LC_MESSAGES/
-rw-r--r-- root/root     47048 2021-02-05 15:47 usr/share/locale/zh_TW/LC_MESSAGES/neomutt.mo


