++========================================
||
||   Package:  ./mystiq/mystiq-20.03.23-x86_64-1cf.txz
||
++========================================
drwxr-xr-x root/root         0 2020-03-22 11:34 ./
drwxr-xr-x root/root         0 2020-03-22 11:34 install/
-rw-r--r-- root/root       535 2020-03-22 11:34 install/doinst.sh
-rw-r--r-- root/root       962 2020-03-22 11:34 install/slack-desc
drwxr-xr-x root/root         0 2020-03-22 11:34 usr/
drwxr-xr-x root/root         0 2020-03-22 11:34 usr/bin/
-rwxr-xr-x root/root   1375904 2020-03-22 11:34 usr/bin/mystiq
drwxr-xr-x root/root         0 2020-03-22 11:34 usr/doc/
drwxr-xr-x root/root         0 2020-03-22 11:34 usr/doc/mystiq-20.03.23/
-rw-r--r-- root/root      3350 2020-03-22 00:20 usr/doc/mystiq-20.03.23/CODE_OF_CONDUCT.md
-rw-r--r-- root/root      4873 2020-03-22 00:20 usr/doc/mystiq-20.03.23/CONTRIBUTING.md
-rw-r--r-- root/root      4888 2020-03-22 00:20 usr/doc/mystiq-20.03.23/INSTALL
-rw-r--r-- root/root     35149 2020-03-22 00:20 usr/doc/mystiq-20.03.23/LICENSE
-rw-r--r-- root/root      6599 2020-03-22 00:20 usr/doc/mystiq-20.03.23/README.md
-rw-r--r-- root/root      3650 2020-03-22 11:34 usr/doc/mystiq-20.03.23/mystiq.SlackBuild
drwxr-xr-x root/root         0 2020-03-22 11:34 usr/man/
drwxr-xr-x root/root         0 2020-03-22 11:34 usr/man/man1/
-rw-r--r-- root/root       722 2020-03-22 00:20 usr/man/man1/mystiq.1.gz
drwxr-xr-x root/root         0 2020-03-22 11:34 usr/share/
drwxr-xr-x root/root         0 2020-03-22 11:34 usr/share/applications/
-rwxr-xr-x root/root      4164 2020-03-22 00:20 usr/share/applications/mystiq.desktop
drwxr-xr-x root/root         0 2020-03-22 11:34 usr/share/icons/
drwxr-xr-x root/root         0 2020-03-22 11:34 usr/share/icons/hicolor/
drwxr-xr-x root/root         0 2020-03-22 11:34 usr/share/icons/hicolor/scalable/
drwxr-xr-x root/root         0 2020-03-22 11:34 usr/share/icons/hicolor/scalable/apps/
-rwxr-xr-x root/root     13522 2020-03-22 00:20 usr/share/icons/hicolor/scalable/apps/mystiq.svg
drwxr-xr-x root/root         0 2020-03-22 11:34 usr/share/metainfo/
-rw-r--r-- root/root      5623 2020-03-22 00:20 usr/share/metainfo/mystiq.appdata.xml


