++========================================
||
||   Package:  ./luceneplusplus/luceneplusplus-3.0.8-x86_64-8cf.txz
||
++========================================
drwxr-xr-x root/root         0 2022-12-17 11:50 ./
drwxr-xr-x root/root         0 2022-12-17 11:50 install/
-rw-r--r-- root/root       206 2022-12-17 11:50 install/doinst.sh
-rw-r--r-- root/root       839 2022-12-17 11:50 install/slack-desc
drwxr-xr-x root/root         0 2022-12-17 11:50 usr/
drwxr-xr-x root/root         0 2022-12-17 11:50 usr/doc/
drwxr-xr-x root/root         0 2022-12-17 11:50 usr/doc/luceneplusplus-3.0.8/
-rw-r--r-- root/root        47 2020-12-29 13:10 usr/doc/luceneplusplus-3.0.8/AUTHORS
-rw-r--r-- root/root      3635 2020-12-29 13:10 usr/doc/luceneplusplus-3.0.8/COPYING
-rw-r--r-- root/root     35147 2020-12-29 13:10 usr/doc/luceneplusplus-3.0.8/GPL.license
-rw-r--r-- root/root      7649 2020-12-29 13:10 usr/doc/luceneplusplus-3.0.8/LGPL.license
-rw-r--r-- root/root       114 2020-12-29 13:10 usr/doc/luceneplusplus-3.0.8/README.PACKAGE
-rw-r--r-- root/root      2243 2020-12-29 13:10 usr/doc/luceneplusplus-3.0.8/README.md
-rw-r--r-- root/root      4168 2022-12-17 11:50 usr/doc/luceneplusplus-3.0.8/luceneplusplus.SlackBuild
drwxr-xr-x root/root         0 2022-12-17 11:50 usr/include/
drwxr-xr-x root/root         0 2022-12-17 11:50 usr/include/lucene++/
-rw-r--r-- root/root      3952 2020-12-29 13:10 usr/include/lucene++/ASCIIFoldingFilter.h
-rw-r--r-- root/root      1265 2020-12-29 13:10 usr/include/lucene++/AbstractAllTermDocs.h
-rw-r--r-- root/root      9688 2020-12-29 13:10 usr/include/lucene++/AbstractField.h
-rw-r--r-- root/root       715 2020-12-29 13:10 usr/include/lucene++/AllTermDocs.h
-rw-r--r-- root/root      3460 2020-12-29 13:10 usr/include/lucene++/Analyzer.h
-rw-r--r-- root/root      3082 2020-12-29 13:10 usr/include/lucene++/Array.h
-rw-r--r-- root/root      2067 2020-12-29 13:10 usr/include/lucene++/Attribute.h
-rw-r--r-- root/root      7346 2020-12-29 13:10 usr/include/lucene++/AttributeSource.h
-rw-r--r-- root/root      1153 2020-12-29 13:10 usr/include/lucene++/AveragePayloadFunction.h
-rw-r--r-- root/root       800 2020-12-29 13:10 usr/include/lucene++/Base64.h
-rw-r--r-- root/root      1098 2020-12-29 13:10 usr/include/lucene++/BaseCharFilter.h
-rw-r--r-- root/root      2181 2020-12-29 13:10 usr/include/lucene++/BitSet.h
-rw-r--r-- root/root      2849 2020-12-29 13:10 usr/include/lucene++/BitUtil.h
-rw-r--r-- root/root      2859 2020-12-29 13:10 usr/include/lucene++/BitVector.h
-rw-r--r-- root/root      1792 2020-12-29 13:10 usr/include/lucene++/BooleanClause.h
-rw-r--r-- root/root      3798 2020-12-29 13:10 usr/include/lucene++/BooleanQuery.h
-rw-r--r-- root/root      5354 2020-12-29 13:10 usr/include/lucene++/BooleanScorer.h
-rw-r--r-- root/root      5772 2020-12-29 13:10 usr/include/lucene++/BooleanScorer2.h
-rw-r--r-- root/root      1671 2020-12-29 13:10 usr/include/lucene++/BufferedDeletes.h
-rw-r--r-- root/root      3985 2020-12-29 13:10 usr/include/lucene++/BufferedIndexInput.h
-rw-r--r-- root/root      2345 2020-12-29 13:10 usr/include/lucene++/BufferedIndexOutput.h
-rw-r--r-- root/root      1694 2020-12-29 13:10 usr/include/lucene++/BufferedReader.h
-rw-r--r-- root/root      2343 2020-12-29 13:10 usr/include/lucene++/ByteBlockPool.h
-rw-r--r-- root/root      1814 2020-12-29 13:10 usr/include/lucene++/ByteFieldSource.h
-rw-r--r-- root/root      1674 2020-12-29 13:10 usr/include/lucene++/ByteSliceReader.h
-rw-r--r-- root/root      1179 2020-12-29 13:10 usr/include/lucene++/ByteSliceWriter.h
-rw-r--r-- root/root      1505 2020-12-29 13:10 usr/include/lucene++/CachingSpanFilter.h
-rw-r--r-- root/root      1247 2020-12-29 13:10 usr/include/lucene++/CachingTokenFilter.h
-rw-r--r-- root/root      2971 2020-12-29 13:10 usr/include/lucene++/CachingWrapperFilter.h
-rw-r--r-- root/root      1732 2020-12-29 13:10 usr/include/lucene++/CharArraySet.h
-rw-r--r-- root/root       988 2020-12-29 13:10 usr/include/lucene++/CharBlockPool.h
-rw-r--r-- root/root      1432 2020-12-29 13:10 usr/include/lucene++/CharFilter.h
-rw-r--r-- root/root      1283 2020-12-29 13:10 usr/include/lucene++/CharFolder.h
-rw-r--r-- root/root      1180 2020-12-29 13:10 usr/include/lucene++/CharReader.h
-rw-r--r-- root/root      1225 2020-12-29 13:10 usr/include/lucene++/CharStream.h
-rw-r--r-- root/root      1775 2020-12-29 13:10 usr/include/lucene++/CharTokenizer.h
-rw-r--r-- root/root     10469 2020-12-29 13:10 usr/include/lucene++/CheckIndex.h
-rw-r--r-- root/root      1992 2020-12-29 13:10 usr/include/lucene++/ChecksumIndexInput.h
-rw-r--r-- root/root      2132 2020-12-29 13:10 usr/include/lucene++/ChecksumIndexOutput.h
-rw-r--r-- root/root      1568 2020-12-29 13:10 usr/include/lucene++/CloseableThreadLocal.h
-rw-r--r-- root/root       820 2020-12-29 13:10 usr/include/lucene++/Collator.h
-rw-r--r-- root/root      7497 2020-12-29 13:10 usr/include/lucene++/Collection.h
-rw-r--r-- root/root      6004 2020-12-29 13:10 usr/include/lucene++/Collector.h
-rw-r--r-- root/root      1327 2020-12-29 13:10 usr/include/lucene++/ComplexExplanation.h
-rw-r--r-- root/root      3939 2020-12-29 13:10 usr/include/lucene++/CompoundFileReader.h
-rw-r--r-- root/root      2594 2020-12-29 13:10 usr/include/lucene++/CompoundFileWriter.h
-rw-r--r-- root/root      1785 2020-12-29 13:10 usr/include/lucene++/CompressionTools.h
-rw-r--r-- root/root      3222 2020-12-29 13:10 usr/include/lucene++/ConcurrentMergeScheduler.h
-rw-r--r-- root/root      2762 2022-12-17 11:44 usr/include/lucene++/Config.h
-rw-r--r-- root/root       995 2020-12-29 13:10 usr/include/lucene++/ConjunctionScorer.h
-rw-r--r-- root/root      1459 2020-12-29 13:10 usr/include/lucene++/ConstantScoreQuery.h
-rw-r--r-- root/root      2685 2020-12-29 13:10 usr/include/lucene++/Constants.h
-rw-r--r-- root/root      4404 2020-12-29 13:10 usr/include/lucene++/CustomScoreProvider.h
-rw-r--r-- root/root      6291 2020-12-29 13:10 usr/include/lucene++/CustomScoreQuery.h
-rw-r--r-- root/root      1165 2020-12-29 13:10 usr/include/lucene++/CycleCheck.h
-rw-r--r-- root/root      2393 2020-12-29 13:10 usr/include/lucene++/DateField.h
-rw-r--r-- root/root      4984 2020-12-29 13:10 usr/include/lucene++/DateTools.h
-rw-r--r-- root/root      2038 2020-12-29 13:10 usr/include/lucene++/DefaultSimilarity.h
-rw-r--r-- root/root      2142 2020-12-29 13:10 usr/include/lucene++/DefaultSkipListReader.h
-rw-r--r-- root/root      1706 2020-12-29 13:10 usr/include/lucene++/DefaultSkipListWriter.h
-rw-r--r-- root/root      4736 2020-12-29 13:10 usr/include/lucene++/Directory.h
-rw-r--r-- root/root     12599 2020-12-29 13:10 usr/include/lucene++/DirectoryReader.h
-rw-r--r-- root/root      4584 2020-12-29 13:10 usr/include/lucene++/DisjunctionMaxQuery.h
-rw-r--r-- root/root      2406 2020-12-29 13:10 usr/include/lucene++/DisjunctionMaxScorer.h
-rw-r--r-- root/root      4026 2020-12-29 13:10 usr/include/lucene++/DisjunctionSumScorer.h
-rw-r--r-- root/root       904 2020-12-29 13:10 usr/include/lucene++/DocConsumer.h
-rw-r--r-- root/root       930 2020-12-29 13:10 usr/include/lucene++/DocConsumerPerThread.h
-rw-r--r-- root/root      1465 2020-12-29 13:10 usr/include/lucene++/DocFieldConsumer.h
-rw-r--r-- root/root       796 2020-12-29 13:10 usr/include/lucene++/DocFieldConsumerPerField.h
-rw-r--r-- root/root       827 2020-12-29 13:10 usr/include/lucene++/DocFieldConsumerPerThread.h
-rw-r--r-- root/root      2173 2020-12-29 13:10 usr/include/lucene++/DocFieldConsumers.h
-rw-r--r-- root/root      1109 2020-12-29 13:10 usr/include/lucene++/DocFieldConsumersPerField.h
-rw-r--r-- root/root      1237 2020-12-29 13:10 usr/include/lucene++/DocFieldConsumersPerThread.h
-rw-r--r-- root/root      1407 2020-12-29 13:10 usr/include/lucene++/DocFieldProcessor.h
-rw-r--r-- root/root      1015 2020-12-29 13:10 usr/include/lucene++/DocFieldProcessorPerField.h
-rw-r--r-- root/root      2618 2020-12-29 13:10 usr/include/lucene++/DocFieldProcessorPerThread.h
-rw-r--r-- root/root      1087 2020-12-29 13:10 usr/include/lucene++/DocIdBitSet.h
-rw-r--r-- root/root      1433 2020-12-29 13:10 usr/include/lucene++/DocIdSet.h
-rw-r--r-- root/root      2962 2020-12-29 13:10 usr/include/lucene++/DocIdSetIterator.h
-rw-r--r-- root/root      1630 2020-12-29 13:10 usr/include/lucene++/DocInverter.h
-rw-r--r-- root/root      1473 2020-12-29 13:10 usr/include/lucene++/DocInverterPerField.h
-rw-r--r-- root/root      1866 2020-12-29 13:10 usr/include/lucene++/DocInverterPerThread.h
-rw-r--r-- root/root      3726 2020-12-29 13:10 usr/include/lucene++/DocValues.h
-rw-r--r-- root/root      7217 2020-12-29 13:10 usr/include/lucene++/Document.h
-rw-r--r-- root/root     19228 2020-12-29 13:10 usr/include/lucene++/DocumentsWriter.h
-rw-r--r-- root/root      1295 2020-12-29 13:10 usr/include/lucene++/DocumentsWriterThreadState.h
-rw-r--r-- root/root      2277 2020-12-29 13:10 usr/include/lucene++/DoubleFieldSource.h
-rw-r--r-- root/root       791 2020-12-29 13:10 usr/include/lucene++/ExactPhraseScorer.h
-rw-r--r-- root/root      2596 2020-12-29 13:10 usr/include/lucene++/Explanation.h
-rw-r--r-- root/root      5556 2020-12-29 13:10 usr/include/lucene++/FSDirectory.h
-rw-r--r-- root/root      1125 2020-12-29 13:10 usr/include/lucene++/FSLockFactory.h
-rw-r--r-- root/root      1674 2020-12-29 13:10 usr/include/lucene++/FastCharStream.h
-rw-r--r-- root/root      7492 2020-12-29 13:10 usr/include/lucene++/Field.h
-rw-r--r-- root/root     11649 2020-12-29 13:10 usr/include/lucene++/FieldCache.h
-rw-r--r-- root/root      5578 2020-12-29 13:10 usr/include/lucene++/FieldCacheImpl.h
-rw-r--r-- root/root      6782 2020-12-29 13:10 usr/include/lucene++/FieldCacheRangeFilter.h
-rw-r--r-- root/root      6140 2020-12-29 13:10 usr/include/lucene++/FieldCacheSanityChecker.h
-rw-r--r-- root/root      2594 2020-12-29 13:10 usr/include/lucene++/FieldCacheSource.h
-rw-r--r-- root/root      3443 2020-12-29 13:10 usr/include/lucene++/FieldCacheTermsFilter.h
-rw-r--r-- root/root     12517 2020-12-29 13:10 usr/include/lucene++/FieldComparator.h
-rw-r--r-- root/root       974 2020-12-29 13:10 usr/include/lucene++/FieldComparatorSource.h
-rw-r--r-- root/root      1718 2020-12-29 13:10 usr/include/lucene++/FieldDoc.h
-rw-r--r-- root/root      1913 2020-12-29 13:10 usr/include/lucene++/FieldDocSortedHitQueue.h
-rw-r--r-- root/root      1486 2020-12-29 13:10 usr/include/lucene++/FieldInfo.h
-rw-r--r-- root/root      7305 2020-12-29 13:10 usr/include/lucene++/FieldInfos.h
-rw-r--r-- root/root      1898 2020-12-29 13:10 usr/include/lucene++/FieldInvertState.h
-rw-r--r-- root/root      3149 2020-12-29 13:10 usr/include/lucene++/FieldMaskingSpanQuery.h
-rw-r--r-- root/root      3035 2020-12-29 13:10 usr/include/lucene++/FieldScoreQuery.h
-rw-r--r-- root/root      3148 2020-12-29 13:10 usr/include/lucene++/FieldSelector.h
-rw-r--r-- root/root      1981 2020-12-29 13:10 usr/include/lucene++/FieldSortedTermVectorMapper.h
-rw-r--r-- root/root      2533 2020-12-29 13:10 usr/include/lucene++/FieldValueHitQueue.h
-rw-r--r-- root/root      7668 2020-12-29 13:10 usr/include/lucene++/Fieldable.h
-rw-r--r-- root/root      5907 2020-12-29 13:10 usr/include/lucene++/FieldsReader.h
-rw-r--r-- root/root      2299 2020-12-29 13:10 usr/include/lucene++/FieldsWriter.h
-rw-r--r-- root/root      1340 2020-12-29 13:10 usr/include/lucene++/FileReader.h
-rw-r--r-- root/root      2901 2020-12-29 13:10 usr/include/lucene++/FileSwitchDirectory.h
-rw-r--r-- root/root      2137 2020-12-29 13:10 usr/include/lucene++/FileUtils.h
-rw-r--r-- root/root      1645 2020-12-29 13:10 usr/include/lucene++/Filter.h
-rw-r--r-- root/root      4921 2020-12-29 13:10 usr/include/lucene++/FilterIndexReader.h
-rw-r--r-- root/root      2307 2020-12-29 13:10 usr/include/lucene++/FilterManager.h
-rw-r--r-- root/root      1943 2020-12-29 13:10 usr/include/lucene++/FilteredDocIdSet.h
-rw-r--r-- root/root      1440 2020-12-29 13:10 usr/include/lucene++/FilteredDocIdSetIterator.h
-rw-r--r-- root/root      2035 2020-12-29 13:10 usr/include/lucene++/FilteredQuery.h
-rw-r--r-- root/root      1941 2020-12-29 13:10 usr/include/lucene++/FilteredTermEnum.h
-rw-r--r-- root/root      1420 2020-12-29 13:10 usr/include/lucene++/FlagsAttribute.h
-rw-r--r-- root/root       930 2020-12-29 13:10 usr/include/lucene++/FormatPostingsDocsConsumer.h
-rw-r--r-- root/root      1703 2020-12-29 13:10 usr/include/lucene++/FormatPostingsDocsWriter.h
-rw-r--r-- root/root      1046 2020-12-29 13:10 usr/include/lucene++/FormatPostingsFieldsConsumer.h
-rw-r--r-- root/root      1250 2020-12-29 13:10 usr/include/lucene++/FormatPostingsFieldsWriter.h
-rw-r--r-- root/root       981 2020-12-29 13:10 usr/include/lucene++/FormatPostingsPositionsConsumer.h
-rw-r--r-- root/root      1309 2020-12-29 13:10 usr/include/lucene++/FormatPostingsPositionsWriter.h
-rw-r--r-- root/root       965 2020-12-29 13:10 usr/include/lucene++/FormatPostingsTermsConsumer.h
-rw-r--r-- root/root      1382 2020-12-29 13:10 usr/include/lucene++/FormatPostingsTermsWriter.h
-rw-r--r-- root/root      1215 2020-12-29 13:10 usr/include/lucene++/FreqProxFieldMergeState.h
-rw-r--r-- root/root      1999 2020-12-29 13:10 usr/include/lucene++/FreqProxTermsWriter.h
-rw-r--r-- root/root      1642 2020-12-29 13:10 usr/include/lucene++/FreqProxTermsWriterPerField.h
-rw-r--r-- root/root      1069 2020-12-29 13:10 usr/include/lucene++/FreqProxTermsWriterPerThread.h
-rw-r--r-- root/root      2951 2020-12-29 13:10 usr/include/lucene++/FuzzyQuery.h
-rw-r--r-- root/root      4903 2020-12-29 13:10 usr/include/lucene++/FuzzyTermEnum.h
-rw-r--r-- root/root      4466 2020-12-29 13:10 usr/include/lucene++/HashMap.h
-rw-r--r-- root/root      2752 2020-12-29 13:10 usr/include/lucene++/HashSet.h
-rw-r--r-- root/root       862 2020-12-29 13:10 usr/include/lucene++/HitQueue.h
-rw-r--r-- root/root      1634 2020-12-29 13:10 usr/include/lucene++/HitQueueBase.h
-rw-r--r-- root/root      1388 2020-12-29 13:10 usr/include/lucene++/ISOLatin1AccentFilter.h
-rw-r--r-- root/root      3075 2020-12-29 13:10 usr/include/lucene++/IndexCommit.h
-rw-r--r-- root/root      3551 2020-12-29 13:10 usr/include/lucene++/IndexDeletionPolicy.h
-rw-r--r-- root/root      7989 2020-12-29 13:10 usr/include/lucene++/IndexFileDeleter.h
-rw-r--r-- root/root      1109 2020-12-29 13:10 usr/include/lucene++/IndexFileNameFilter.h
-rw-r--r-- root/root      4024 2020-12-29 13:10 usr/include/lucene++/IndexFileNames.h
-rw-r--r-- root/root      5210 2020-12-29 13:10 usr/include/lucene++/IndexInput.h
-rw-r--r-- root/root      3936 2020-12-29 13:10 usr/include/lucene++/IndexOutput.h
-rw-r--r-- root/root     32710 2020-12-29 13:10 usr/include/lucene++/IndexReader.h
-rw-r--r-- root/root      4775 2020-12-29 13:10 usr/include/lucene++/IndexSearcher.h
-rw-r--r-- root/root     59826 2020-12-29 13:10 usr/include/lucene++/IndexWriter.h
-rw-r--r-- root/root      1562 2020-12-29 13:10 usr/include/lucene++/InfoStream.h
-rw-r--r-- root/root      1234 2020-12-29 13:10 usr/include/lucene++/InputStreamReader.h
-rw-r--r-- root/root      1005 2020-12-29 13:10 usr/include/lucene++/IntBlockPool.h
-rw-r--r-- root/root      1801 2020-12-29 13:10 usr/include/lucene++/IntFieldSource.h
-rw-r--r-- root/root      1303 2020-12-29 13:10 usr/include/lucene++/InvertedDocConsumer.h
-rw-r--r-- root/root      1276 2020-12-29 13:10 usr/include/lucene++/InvertedDocConsumerPerField.h
-rw-r--r-- root/root       903 2020-12-29 13:10 usr/include/lucene++/InvertedDocConsumerPerThread.h
-rw-r--r-- root/root      1060 2020-12-29 13:10 usr/include/lucene++/InvertedDocEndConsumer.h
-rw-r--r-- root/root       720 2020-12-29 13:10 usr/include/lucene++/InvertedDocEndConsumerPerField.h
-rw-r--r-- root/root       913 2020-12-29 13:10 usr/include/lucene++/InvertedDocEndConsumerPerThread.h
-rw-r--r-- root/root      1130 2020-12-29 13:10 usr/include/lucene++/KeepOnlyLastCommitDeletionPolicy.h
-rw-r--r-- root/root       895 2020-12-29 13:10 usr/include/lucene++/KeywordAnalyzer.h
-rw-r--r-- root/root      1246 2020-12-29 13:10 usr/include/lucene++/KeywordTokenizer.h
-rw-r--r-- root/root       988 2020-12-29 13:10 usr/include/lucene++/LengthFilter.h
-rw-r--r-- root/root      1470 2020-12-29 13:10 usr/include/lucene++/LetterTokenizer.h
-rw-r--r-- root/root       780 2020-12-29 13:10 usr/include/lucene++/LoadFirstFieldSelector.h
-rw-r--r-- root/root      1737 2020-12-29 13:10 usr/include/lucene++/Lock.h
-rw-r--r-- root/root      2016 2020-12-29 13:10 usr/include/lucene++/LockFactory.h
-rw-r--r-- root/root      2546 2020-12-29 13:10 usr/include/lucene++/LogByteSizeMergePolicy.h
-rw-r--r-- root/root      1643 2020-12-29 13:10 usr/include/lucene++/LogDocMergePolicy.h
-rw-r--r-- root/root      7814 2020-12-29 13:10 usr/include/lucene++/LogMergePolicy.h
-rw-r--r-- root/root       757 2020-12-29 13:10 usr/include/lucene++/LowerCaseFilter.h
-rw-r--r-- root/root      1678 2020-12-29 13:10 usr/include/lucene++/LowerCaseTokenizer.h
-rw-r--r-- root/root      9523 2020-12-29 13:10 usr/include/lucene++/Lucene.h
-rw-r--r-- root/root       672 2020-12-29 13:10 usr/include/lucene++/LuceneAllocator.h
-rw-r--r-- root/root      4431 2020-12-29 13:10 usr/include/lucene++/LuceneException.h
-rw-r--r-- root/root      6459 2020-12-29 13:10 usr/include/lucene++/LuceneFactory.h
-rw-r--r-- root/root      3166 2020-12-29 13:10 usr/include/lucene++/LuceneHeaders.h
-rw-r--r-- root/root      1991 2020-12-29 13:10 usr/include/lucene++/LuceneObject.h
-rw-r--r-- root/root      1089 2020-12-29 13:10 usr/include/lucene++/LuceneSignal.h
-rw-r--r-- root/root      1228 2020-12-29 13:10 usr/include/lucene++/LuceneSync.h
-rw-r--r-- root/root      2458 2020-12-29 13:10 usr/include/lucene++/LuceneThread.h
-rw-r--r-- root/root     20274 2020-12-29 13:10 usr/include/lucene++/LuceneTypes.h
-rw-r--r-- root/root      1841 2020-12-29 13:10 usr/include/lucene++/MMapDirectory.h
-rw-r--r-- root/root      3085 2020-12-29 13:10 usr/include/lucene++/Map.h
-rw-r--r-- root/root      1458 2020-12-29 13:10 usr/include/lucene++/MapFieldSelector.h
-rw-r--r-- root/root      2272 2020-12-29 13:10 usr/include/lucene++/MapOfSets.h
-rw-r--r-- root/root      1493 2020-12-29 13:10 usr/include/lucene++/MappingCharFilter.h
-rw-r--r-- root/root      1222 2020-12-29 13:10 usr/include/lucene++/MatchAllDocsQuery.h
-rw-r--r-- root/root      1148 2020-12-29 13:10 usr/include/lucene++/MaxPayloadFunction.h
-rw-r--r-- root/root      1466 2020-12-29 13:10 usr/include/lucene++/MergeDocIDRemapper.h
-rw-r--r-- root/root      5914 2020-12-29 13:10 usr/include/lucene++/MergePolicy.h
-rw-r--r-- root/root       976 2020-12-29 13:10 usr/include/lucene++/MergeScheduler.h
-rw-r--r-- root/root      1052 2020-12-29 13:10 usr/include/lucene++/MinPayloadFunction.h
-rw-r--r-- root/root      5733 2020-12-29 13:10 usr/include/lucene++/MiscUtils.h
-rw-r--r-- root/root      6186 2020-12-29 13:10 usr/include/lucene++/MultiFieldQueryParser.h
-rw-r--r-- root/root      4356 2020-12-29 13:10 usr/include/lucene++/MultiLevelSkipListReader.h
-rw-r--r-- root/root      2877 2020-12-29 13:10 usr/include/lucene++/MultiLevelSkipListWriter.h
-rw-r--r-- root/root      2734 2020-12-29 13:10 usr/include/lucene++/MultiPhraseQuery.h
-rw-r--r-- root/root      5663 2020-12-29 13:10 usr/include/lucene++/MultiReader.h
-rw-r--r-- root/root      2666 2020-12-29 13:10 usr/include/lucene++/MultiSearcher.h
-rw-r--r-- root/root      7968 2020-12-29 13:10 usr/include/lucene++/MultiTermQuery.h
-rw-r--r-- root/root      2287 2020-12-29 13:10 usr/include/lucene++/MultiTermQueryWrapperFilter.h
-rw-r--r-- root/root      1566 2020-12-29 13:10 usr/include/lucene++/MultipleTermPositions.h
-rw-r--r-- root/root      1657 2020-12-29 13:10 usr/include/lucene++/NativeFSLockFactory.h
-rw-r--r-- root/root      3421 2020-12-29 13:10 usr/include/lucene++/NearSpansOrdered.h
-rw-r--r-- root/root      1928 2020-12-29 13:10 usr/include/lucene++/NearSpansUnordered.h
-rw-r--r-- root/root      1207 2020-12-29 13:10 usr/include/lucene++/NoLockFactory.h
-rw-r--r-- root/root      1123 2020-12-29 13:10 usr/include/lucene++/NormalizeCharMap.h
-rw-r--r-- root/root      1462 2020-12-29 13:10 usr/include/lucene++/NormsWriter.h
-rw-r--r-- root/root      1405 2020-12-29 13:10 usr/include/lucene++/NormsWriterPerField.h
-rw-r--r-- root/root      1087 2020-12-29 13:10 usr/include/lucene++/NormsWriterPerThread.h
-rw-r--r-- root/root      2098 2020-12-29 13:10 usr/include/lucene++/NumberTools.h
-rw-r--r-- root/root      7633 2020-12-29 13:10 usr/include/lucene++/NumericField.h
-rw-r--r-- root/root      4538 2020-12-29 13:10 usr/include/lucene++/NumericRangeFilter.h
-rw-r--r-- root/root     11396 2020-12-29 13:10 usr/include/lucene++/NumericRangeQuery.h
-rw-r--r-- root/root      5298 2020-12-29 13:10 usr/include/lucene++/NumericTokenStream.h
-rw-r--r-- root/root      9479 2020-12-29 13:10 usr/include/lucene++/NumericUtils.h
-rw-r--r-- root/root      1795 2020-12-29 13:10 usr/include/lucene++/OffsetAttribute.h
-rw-r--r-- root/root      8521 2020-12-29 13:10 usr/include/lucene++/OpenBitSet.h
-rw-r--r-- root/root      2196 2020-12-29 13:10 usr/include/lucene++/OpenBitSetDISI.h
-rw-r--r-- root/root      1595 2020-12-29 13:10 usr/include/lucene++/OpenBitSetIterator.h
-rw-r--r-- root/root      2049 2020-12-29 13:10 usr/include/lucene++/OrdFieldSource.h
-rw-r--r-- root/root      1730 2020-12-29 13:10 usr/include/lucene++/ParallelMultiSearcher.h
-rw-r--r-- root/root      7808 2020-12-29 13:10 usr/include/lucene++/ParallelReader.h
-rw-r--r-- root/root      3043 2020-12-29 13:10 usr/include/lucene++/Payload.h
-rw-r--r-- root/root      1312 2020-12-29 13:10 usr/include/lucene++/PayloadAttribute.h
-rw-r--r-- root/root      2187 2020-12-29 13:10 usr/include/lucene++/PayloadFunction.h
-rw-r--r-- root/root      3134 2020-12-29 13:10 usr/include/lucene++/PayloadNearQuery.h
-rw-r--r-- root/root      1273 2020-12-29 13:10 usr/include/lucene++/PayloadSpanUtil.h
-rw-r--r-- root/root      1547 2020-12-29 13:10 usr/include/lucene++/PayloadTermQuery.h
-rw-r--r-- root/root      2881 2020-12-29 13:10 usr/include/lucene++/PerFieldAnalyzerWrapper.h
-rw-r--r-- root/root      1198 2020-12-29 13:10 usr/include/lucene++/PhrasePositions.h
-rw-r--r-- root/root      2977 2020-12-29 13:10 usr/include/lucene++/PhraseQuery.h
-rw-r--r-- root/root       714 2020-12-29 13:10 usr/include/lucene++/PhraseQueue.h
-rw-r--r-- root/root      2494 2020-12-29 13:10 usr/include/lucene++/PhraseScorer.h
-rw-r--r-- root/root      1550 2020-12-29 13:10 usr/include/lucene++/PorterStemFilter.h
-rw-r--r-- root/root      4295 2020-12-29 13:10 usr/include/lucene++/PorterStemmer.h
-rw-r--r-- root/root      2734 2020-12-29 13:10 usr/include/lucene++/PositionBasedTermVectorMapper.h
-rw-r--r-- root/root      2409 2020-12-29 13:10 usr/include/lucene++/PositionIncrementAttribute.h
-rw-r--r-- root/root      1118 2020-12-29 13:10 usr/include/lucene++/PositiveScoresOnlyCollector.h
-rw-r--r-- root/root       803 2020-12-29 13:10 usr/include/lucene++/PrefixFilter.h
-rw-r--r-- root/root      1415 2020-12-29 13:10 usr/include/lucene++/PrefixQuery.h
-rw-r--r-- root/root      1113 2020-12-29 13:10 usr/include/lucene++/PrefixTermEnum.h
-rw-r--r-- root/root      6756 2020-12-29 13:10 usr/include/lucene++/PriorityQueue.h
-rw-r--r-- root/root      4497 2020-12-29 13:10 usr/include/lucene++/Query.h
-rw-r--r-- root/root      2347 2020-12-29 13:10 usr/include/lucene++/QueryParseError.h
-rw-r--r-- root/root     19628 2020-12-29 13:10 usr/include/lucene++/QueryParser.h
-rw-r--r-- root/root      3891 2020-12-29 13:10 usr/include/lucene++/QueryParserCharStream.h
-rw-r--r-- root/root      1751 2020-12-29 13:10 usr/include/lucene++/QueryParserConstants.h
-rw-r--r-- root/root      2794 2020-12-29 13:10 usr/include/lucene++/QueryParserToken.h
-rw-r--r-- root/root      3838 2020-12-29 13:10 usr/include/lucene++/QueryParserTokenManager.h
-rw-r--r-- root/root      1247 2020-12-29 13:10 usr/include/lucene++/QueryTermVector.h
-rw-r--r-- root/root      1354 2020-12-29 13:10 usr/include/lucene++/QueryWrapperFilter.h
-rw-r--r-- root/root      2849 2020-12-29 13:10 usr/include/lucene++/RAMDirectory.h
-rw-r--r-- root/root      1524 2020-12-29 13:10 usr/include/lucene++/RAMFile.h
-rw-r--r-- root/root      2065 2020-12-29 13:10 usr/include/lucene++/RAMInputStream.h
-rw-r--r-- root/root      2151 2020-12-29 13:10 usr/include/lucene++/RAMOutputStream.h
-rw-r--r-- root/root       801 2020-12-29 13:10 usr/include/lucene++/Random.h
-rw-r--r-- root/root      1182 2020-12-29 13:10 usr/include/lucene++/RawPostingList.h
-rw-r--r-- root/root      1360 2020-12-29 13:10 usr/include/lucene++/ReadOnlyDirectoryReader.h
-rw-r--r-- root/root       727 2020-12-29 13:10 usr/include/lucene++/ReadOnlySegmentReader.h
-rw-r--r-- root/root      1640 2020-12-29 13:10 usr/include/lucene++/Reader.h
-rw-r--r-- root/root      1554 2020-12-29 13:10 usr/include/lucene++/ReaderUtil.h
-rw-r--r-- root/root      1847 2020-12-29 13:10 usr/include/lucene++/ReqExclScorer.h
-rw-r--r-- root/root      1342 2020-12-29 13:10 usr/include/lucene++/ReqOptSumScorer.h
-rw-r--r-- root/root      1086 2020-12-29 13:10 usr/include/lucene++/ReusableStringReader.h
-rw-r--r-- root/root      1971 2020-12-29 13:10 usr/include/lucene++/ReverseOrdFieldSource.h
-rw-r--r-- root/root      1810 2020-12-29 13:10 usr/include/lucene++/ScoreCachingWrappingScorer.h
-rw-r--r-- root/root       866 2020-12-29 13:10 usr/include/lucene++/ScoreDoc.h
-rw-r--r-- root/root      3147 2020-12-29 13:10 usr/include/lucene++/Scorer.h
-rw-r--r-- root/root      2533 2020-12-29 13:10 usr/include/lucene++/ScorerDocQueue.h
-rw-r--r-- root/root      5296 2020-12-29 13:10 usr/include/lucene++/Searchable.h
-rw-r--r-- root/root      4586 2020-12-29 13:10 usr/include/lucene++/Searcher.h
-rw-r--r-- root/root      6506 2020-12-29 13:10 usr/include/lucene++/SegmentInfo.h
-rw-r--r-- root/root      1316 2020-12-29 13:10 usr/include/lucene++/SegmentInfoCollection.h
-rw-r--r-- root/root      7924 2020-12-29 13:10 usr/include/lucene++/SegmentInfos.h
-rw-r--r-- root/root      1077 2020-12-29 13:10 usr/include/lucene++/SegmentMergeInfo.h
-rw-r--r-- root/root       780 2020-12-29 13:10 usr/include/lucene++/SegmentMergeQueue.h
-rw-r--r-- root/root      5748 2020-12-29 13:10 usr/include/lucene++/SegmentMerger.h
-rw-r--r-- root/root      8254 2020-12-29 13:10 usr/include/lucene++/SegmentReader.h
-rw-r--r-- root/root      2295 2020-12-29 13:10 usr/include/lucene++/SegmentTermDocs.h
-rw-r--r-- root/root      2743 2020-12-29 13:10 usr/include/lucene++/SegmentTermEnum.h
-rw-r--r-- root/root      1644 2020-12-29 13:10 usr/include/lucene++/SegmentTermPositionVector.h
-rw-r--r-- root/root      2684 2020-12-29 13:10 usr/include/lucene++/SegmentTermPositions.h
-rw-r--r-- root/root      1623 2020-12-29 13:10 usr/include/lucene++/SegmentTermVector.h
-rw-r--r-- root/root      1152 2020-12-29 13:10 usr/include/lucene++/SegmentWriteState.h
-rw-r--r-- root/root      1000 2020-12-29 13:10 usr/include/lucene++/SerialMergeScheduler.h
-rw-r--r-- root/root      3239 2020-12-29 13:10 usr/include/lucene++/Set.h
-rw-r--r-- root/root      1735 2020-12-29 13:10 usr/include/lucene++/SetBasedFieldSelector.h
-rw-r--r-- root/root     31647 2020-12-29 13:10 usr/include/lucene++/Similarity.h
-rw-r--r-- root/root      1464 2020-12-29 13:10 usr/include/lucene++/SimilarityDelegator.h
-rw-r--r-- root/root       856 2020-12-29 13:10 usr/include/lucene++/SimpleAnalyzer.h
-rw-r--r-- root/root      1527 2020-12-29 13:10 usr/include/lucene++/SimpleFSDirectory.h
-rw-r--r-- root/root      1443 2020-12-29 13:10 usr/include/lucene++/SimpleFSLockFactory.h
-rw-r--r-- root/root      2310 2020-12-29 13:10 usr/include/lucene++/SimpleLRUCache.h
-rw-r--r-- root/root      1560 2020-12-29 13:10 usr/include/lucene++/SingleInstanceLockFactory.h
-rw-r--r-- root/root      1093 2020-12-29 13:10 usr/include/lucene++/SingleTermEnum.h
-rw-r--r-- root/root      3577 2020-12-29 13:10 usr/include/lucene++/SloppyPhraseScorer.h
-rw-r--r-- root/root      1027 2020-12-29 13:10 usr/include/lucene++/SmallDouble.h
-rw-r--r-- root/root      1935 2020-12-29 13:10 usr/include/lucene++/SnapshotDeletionPolicy.h
-rw-r--r-- root/root      4921 2020-12-29 13:10 usr/include/lucene++/Sort.h
-rw-r--r-- root/root      6402 2020-12-29 13:10 usr/include/lucene++/SortField.h
-rw-r--r-- root/root      2261 2020-12-29 13:10 usr/include/lucene++/SortedTermVectorMapper.h
-rw-r--r-- root/root      3134 2020-12-29 13:10 usr/include/lucene++/SortedVIntList.h
-rw-r--r-- root/root      1499 2020-12-29 13:10 usr/include/lucene++/SpanFilter.h
-rw-r--r-- root/root      1984 2020-12-29 13:10 usr/include/lucene++/SpanFilterResult.h
-rw-r--r-- root/root      1524 2020-12-29 13:10 usr/include/lucene++/SpanFirstQuery.h
-rw-r--r-- root/root      1974 2020-12-29 13:10 usr/include/lucene++/SpanNearQuery.h
-rw-r--r-- root/root      1526 2020-12-29 13:10 usr/include/lucene++/SpanNotQuery.h
-rw-r--r-- root/root      1359 2020-12-29 13:10 usr/include/lucene++/SpanOrQuery.h
-rw-r--r-- root/root       907 2020-12-29 13:10 usr/include/lucene++/SpanQuery.h
-rw-r--r-- root/root      1616 2020-12-29 13:10 usr/include/lucene++/SpanQueryFilter.h
-rw-r--r-- root/root      1336 2020-12-29 13:10 usr/include/lucene++/SpanScorer.h
-rw-r--r-- root/root      1214 2020-12-29 13:10 usr/include/lucene++/SpanTermQuery.h
-rw-r--r-- root/root      1279 2020-12-29 13:10 usr/include/lucene++/SpanWeight.h
-rw-r--r-- root/root      3016 2020-12-29 13:10 usr/include/lucene++/Spans.h
-rw-r--r-- root/root      3276 2020-12-29 13:10 usr/include/lucene++/StandardAnalyzer.h
-rw-r--r-- root/root      1093 2020-12-29 13:10 usr/include/lucene++/StandardFilter.h
-rw-r--r-- root/root      3961 2020-12-29 13:10 usr/include/lucene++/StandardTokenizer.h
-rw-r--r-- root/root      6665 2020-12-29 13:10 usr/include/lucene++/StandardTokenizerImpl.h
-rw-r--r-- root/root      1886 2020-12-29 13:10 usr/include/lucene++/StopAnalyzer.h
-rw-r--r-- root/root      3125 2020-12-29 13:10 usr/include/lucene++/StopFilter.h
-rw-r--r-- root/root      1990 2020-12-29 13:10 usr/include/lucene++/StoredFieldsWriter.h
-rw-r--r-- root/root      1074 2020-12-29 13:10 usr/include/lucene++/StoredFieldsWriterPerThread.h
-rw-r--r-- root/root      1228 2020-12-29 13:10 usr/include/lucene++/StringReader.h
-rw-r--r-- root/root      3186 2020-12-29 13:10 usr/include/lucene++/StringUtils.h
-rw-r--r-- root/root      1521 2020-12-29 13:10 usr/include/lucene++/Synchronize.h
-rw-r--r-- root/root      5712 2020-12-29 13:10 usr/include/lucene++/TeeSinkTokenFilter.h
-rw-r--r-- root/root      2190 2020-12-29 13:10 usr/include/lucene++/Term.h
-rw-r--r-- root/root      3792 2020-12-29 13:10 usr/include/lucene++/TermAttribute.h
-rw-r--r-- root/root      1347 2020-12-29 13:10 usr/include/lucene++/TermBuffer.h
-rw-r--r-- root/root      2351 2020-12-29 13:10 usr/include/lucene++/TermDocs.h
-rw-r--r-- root/root      1132 2020-12-29 13:10 usr/include/lucene++/TermEnum.h
-rw-r--r-- root/root      2370 2020-12-29 13:10 usr/include/lucene++/TermFreqVector.h
-rw-r--r-- root/root      1001 2020-12-29 13:10 usr/include/lucene++/TermInfo.h
-rw-r--r-- root/root      2686 2020-12-29 13:10 usr/include/lucene++/TermInfosReader.h
-rw-r--r-- root/root      3664 2020-12-29 13:10 usr/include/lucene++/TermInfosWriter.h
-rw-r--r-- root/root      1565 2020-12-29 13:10 usr/include/lucene++/TermPositionVector.h
-rw-r--r-- root/root      2459 2020-12-29 13:10 usr/include/lucene++/TermPositions.h
-rw-r--r-- root/root      1292 2020-12-29 13:10 usr/include/lucene++/TermQuery.h
-rw-r--r-- root/root      2900 2020-12-29 13:10 usr/include/lucene++/TermRangeFilter.h
-rw-r--r-- root/root      3533 2020-12-29 13:10 usr/include/lucene++/TermRangeQuery.h
-rw-r--r-- root/root      2282 2020-12-29 13:10 usr/include/lucene++/TermRangeTermEnum.h
-rw-r--r-- root/root      2508 2020-12-29 13:10 usr/include/lucene++/TermScorer.h
-rw-r--r-- root/root      1092 2020-12-29 13:10 usr/include/lucene++/TermSpans.h
-rw-r--r-- root/root      1545 2020-12-29 13:10 usr/include/lucene++/TermVectorEntry.h
-rw-r--r-- root/root       878 2020-12-29 13:10 usr/include/lucene++/TermVectorEntryFreqSortedComparator.h
-rw-r--r-- root/root      3453 2020-12-29 13:10 usr/include/lucene++/TermVectorMapper.h
-rw-r--r-- root/root      1779 2020-12-29 13:10 usr/include/lucene++/TermVectorOffsetInfo.h
-rw-r--r-- root/root      5833 2020-12-29 13:10 usr/include/lucene++/TermVectorsReader.h
-rw-r--r-- root/root      2973 2020-12-29 13:10 usr/include/lucene++/TermVectorsTermsWriter.h
-rw-r--r-- root/root      1844 2020-12-29 13:10 usr/include/lucene++/TermVectorsTermsWriterPerField.h
-rw-r--r-- root/root      1476 2020-12-29 13:10 usr/include/lucene++/TermVectorsTermsWriterPerThread.h
-rw-r--r-- root/root      1395 2020-12-29 13:10 usr/include/lucene++/TermVectorsWriter.h
-rw-r--r-- root/root      2626 2020-12-29 13:10 usr/include/lucene++/TermsHash.h
-rw-r--r-- root/root      1193 2020-12-29 13:10 usr/include/lucene++/TermsHashConsumer.h
-rw-r--r-- root/root      1193 2020-12-29 13:10 usr/include/lucene++/TermsHashConsumerPerField.h
-rw-r--r-- root/root       887 2020-12-29 13:10 usr/include/lucene++/TermsHashConsumerPerThread.h
-rw-r--r-- root/root      3055 2020-12-29 13:10 usr/include/lucene++/TermsHashPerField.h
-rw-r--r-- root/root      1838 2020-12-29 13:10 usr/include/lucene++/TermsHashPerThread.h
-rw-r--r-- root/root      1079 2020-12-29 13:10 usr/include/lucene++/TestPoint.h
-rw-r--r-- root/root      2253 2020-12-29 13:10 usr/include/lucene++/ThreadPool.h
-rw-r--r-- root/root      3676 2020-12-29 13:10 usr/include/lucene++/TimeLimitingCollector.h
-rw-r--r-- root/root     17584 2020-12-29 13:10 usr/include/lucene++/Token.h
-rw-r--r-- root/root      1306 2020-12-29 13:10 usr/include/lucene++/TokenFilter.h
-rw-r--r-- root/root      5784 2020-12-29 13:10 usr/include/lucene++/TokenStream.h
-rw-r--r-- root/root      2438 2020-12-29 13:10 usr/include/lucene++/Tokenizer.h
-rw-r--r-- root/root      1430 2020-12-29 13:10 usr/include/lucene++/TopDocs.h
-rw-r--r-- root/root      4110 2020-12-29 13:10 usr/include/lucene++/TopDocsCollector.h
-rw-r--r-- root/root      3342 2020-12-29 13:10 usr/include/lucene++/TopFieldCollector.h
-rw-r--r-- root/root      1113 2020-12-29 13:10 usr/include/lucene++/TopFieldDocs.h
-rw-r--r-- root/root      1962 2020-12-29 13:10 usr/include/lucene++/TopScoreDocCollector.h
-rw-r--r-- root/root      1220 2020-12-29 13:10 usr/include/lucene++/TypeAttribute.h
-rw-r--r-- root/root      3444 2020-12-29 13:10 usr/include/lucene++/UTF8Stream.h
-rw-r--r-- root/root      2578 2020-12-29 13:10 usr/include/lucene++/UnicodeUtils.h
-rw-r--r-- root/root      1681 2020-12-29 13:10 usr/include/lucene++/ValueSource.h
-rw-r--r-- root/root      1674 2020-12-29 13:10 usr/include/lucene++/ValueSourceQuery.h
-rw-r--r-- root/root      3159 2020-12-29 13:10 usr/include/lucene++/VariantUtils.h
-rw-r--r-- root/root      4067 2020-12-29 13:10 usr/include/lucene++/Weight.h
-rw-r--r-- root/root       841 2020-12-29 13:10 usr/include/lucene++/WhitespaceAnalyzer.h
-rw-r--r-- root/root      1334 2020-12-29 13:10 usr/include/lucene++/WhitespaceTokenizer.h
-rw-r--r-- root/root      1732 2020-12-29 13:10 usr/include/lucene++/WildcardQuery.h
-rw-r--r-- root/root      1602 2020-12-29 13:10 usr/include/lucene++/WildcardTermEnum.h
-rw-r--r-- root/root      2031 2020-12-29 13:10 usr/include/lucene++/WordlistLoader.h
-rw-r--r-- root/root       833 2020-12-29 13:10 usr/include/lucene++/targetver.h
drwxr-xr-x root/root         0 2022-12-17 11:50 usr/lib64/
drwxr-xr-x root/root         0 2022-12-17 11:50 usr/lib64/cmake/
drwxr-xr-x root/root         0 2022-12-17 11:50 usr/lib64/cmake/liblucene++/
drwxr-xr-x root/root         0 2022-12-17 11:50 usr/lib64/cmake/liblucene++-contrib/
-rw-r--r-- root/root      2100 2022-12-17 11:44 usr/lib64/cmake/liblucene++-contrib/liblucene++-contribConfig.cmake
-rw-r--r-- root/root      2878 2022-12-17 11:44 usr/lib64/cmake/liblucene++-contrib/liblucene++-contribConfigVersion.cmake
-rw-r--r-- root/root      2022 2022-12-17 11:44 usr/lib64/cmake/liblucene++/liblucene++Config.cmake
-rw-r--r-- root/root      2878 2022-12-17 11:44 usr/lib64/cmake/liblucene++/liblucene++ConfigVersion.cmake
-rwxr-xr-x root/root   1846160 2022-12-17 11:50 usr/lib64/liblucene++-contrib.so
-rwxr-xr-x root/root   6871440 2022-12-17 11:50 usr/lib64/liblucene++.so.3.0.8
drwxr-xr-x root/root         0 2022-12-17 11:50 usr/lib64/pkgconfig/
-rw-r--r-- root/root       341 2022-12-17 11:44 usr/lib64/pkgconfig/liblucene++-contrib.pc
-rw-r--r-- root/root       277 2022-12-17 11:44 usr/lib64/pkgconfig/liblucene++.pc


