++========================================
||
||   Package:  ./collectd/collectd-5.11.0-x86_64-6cf.txz
||
++========================================
drwxr-xr-x root/root         0 2020-07-07 10:21 ./
drwxr-xr-x root/root         0 2020-07-07 10:21 etc/
drwxr-xr-x root/root         0 2020-07-07 10:21 etc/collectd/
-rw-r----- root/root     48709 2020-07-07 10:21 etc/collectd/collectd.conf.new
-rw-r--r-- root/root        64 2020-07-07 10:21 etc/collectd/collection.conf.new
drwxr-xr-x root/root         0 2020-07-07 10:21 etc/rc.d/
-rw-r--r-- root/root       630 2020-07-01 16:35 etc/rc.d/rc.collectd.new
drwxr-xr-x root/root         0 2020-07-07 10:21 install/
-rw-r--r-- root/root       915 2020-07-07 10:21 install/doinst.sh
-rw-r--r-- root/root       979 2020-07-07 10:21 install/slack-desc
drwxr-xr-x root/root         0 2020-07-07 10:21 usr/
drwxr-xr-x root/root         0 2020-07-07 10:21 usr/bin/
-rwxr-xr-x root/root     18640 2020-07-07 10:21 usr/bin/collectd-nagios
-rwxr-xr-x root/root     18704 2020-07-07 10:21 usr/bin/collectd-tg
-rwxr-xr-x root/root     18640 2020-07-07 10:21 usr/bin/collectdctl
drwxr-xr-x root/root         0 2020-07-07 10:21 usr/doc/
drwxr-xr-x root/root         0 2020-07-07 10:21 usr/doc/collectd-5.11.0/
-rw-r--r-- root/root      9713 2020-03-19 09:52 usr/doc/collectd-5.11.0/AUTHORS
-rw-r--r-- root/root     19648 2020-03-08 16:57 usr/doc/collectd-5.11.0/COPYING
-rw-r--r-- root/root    233023 2020-03-19 09:52 usr/doc/collectd-5.11.0/ChangeLog
-rw-r--r-- root/root     39960 2020-03-08 16:57 usr/doc/collectd-5.11.0/README
-rw-r--r-- root/root      4442 2020-07-07 10:21 usr/doc/collectd-5.11.0/collectd.SlackBuild
drwxr-xr-x root/root         0 2020-07-07 10:21 usr/doc/collectd-5.11.0/examples/
drwxr-xr-x root/root         0 2020-03-08 16:57 usr/doc/collectd-5.11.0/examples/SpamAssassin/
-rw-r--r-- root/root      5553 2020-03-08 16:57 usr/doc/collectd-5.11.0/examples/SpamAssassin/Collectd.pm
-rw-r--r-- root/root       104 2020-03-08 16:57 usr/doc/collectd-5.11.0/examples/SpamAssassin/example.cf
-rwxr-xr-x root/root      1106 2020-03-08 16:57 usr/doc/collectd-5.11.0/examples/add_rra.sh
drwxr-xr-x root/root         0 2020-03-08 16:57 usr/doc/collectd-5.11.0/examples/aix/
-rw-r--r-- root/root      2766 2020-03-08 16:57 usr/doc/collectd-5.11.0/examples/aix/collectd.spec
-rwxr-xr-x root/root      1589 2020-03-08 16:57 usr/doc/collectd-5.11.0/examples/aix/init.d-collectd
-rw-r--r-- root/root      6063 2020-03-08 16:57 usr/doc/collectd-5.11.0/examples/collectd2html.pl
-rw-r--r-- root/root      9638 2020-03-08 16:57 usr/doc/collectd-5.11.0/examples/collectd_network.py
-rw-r--r-- root/root      3661 2020-03-08 16:57 usr/doc/collectd-5.11.0/examples/collectd_unix_sock.rb
-rw-r--r-- root/root      8067 2020-03-08 16:57 usr/doc/collectd-5.11.0/examples/collectd_unixsock.py
-rwxr-xr-x root/root    106094 2020-03-19 09:52 usr/doc/collectd-5.11.0/examples/collection.cgi
-rw-r--r-- root/root        86 2020-03-08 16:57 usr/doc/collectd-5.11.0/examples/collection.conf
drwxr-xr-x root/root         0 2020-03-08 16:57 usr/doc/collectd-5.11.0/examples/collection3/
-rw-r--r-- root/root      1259 2020-03-08 16:57 usr/doc/collectd-5.11.0/examples/collection3/README
drwxr-xr-x root/root         0 2020-03-08 16:57 usr/doc/collectd-5.11.0/examples/collection3/bin/
-rw-r--r-- root/root        44 2020-03-08 16:57 usr/doc/collectd-5.11.0/examples/collection3/bin/.htaccess
-rwxr-xr-x root/root      6682 2020-03-08 16:57 usr/doc/collectd-5.11.0/examples/collection3/bin/graph.cgi
-rwxr-xr-x root/root     11875 2020-03-08 16:57 usr/doc/collectd-5.11.0/examples/collection3/bin/index.cgi
-rwxr-xr-x root/root      2873 2020-03-08 16:57 usr/doc/collectd-5.11.0/examples/collection3/bin/json.cgi
drwxr-xr-x root/root         0 2020-03-08 16:57 usr/doc/collectd-5.11.0/examples/collection3/etc/
-rw-r--r-- root/root        14 2020-03-08 16:57 usr/doc/collectd-5.11.0/examples/collection3/etc/.htaccess
-rw-r--r-- root/root     18831 2020-03-08 16:57 usr/doc/collectd-5.11.0/examples/collection3/etc/collection.conf
drwxr-xr-x root/root         0 2020-03-08 16:57 usr/doc/collectd-5.11.0/examples/collection3/lib/
-rw-r--r-- root/root        14 2020-03-08 16:57 usr/doc/collectd-5.11.0/examples/collection3/lib/.htaccess
drwxr-xr-x root/root         0 2020-03-08 16:57 usr/doc/collectd-5.11.0/examples/collection3/lib/Collectd/
-rw-r--r-- root/root      3086 2020-03-08 16:57 usr/doc/collectd-5.11.0/examples/collection3/lib/Collectd/Config.pm
drwxr-xr-x root/root         0 2020-03-08 16:57 usr/doc/collectd-5.11.0/examples/collection3/lib/Collectd/Graph/
-rw-r--r-- root/root     15735 2020-03-08 16:57 usr/doc/collectd-5.11.0/examples/collection3/lib/Collectd/Graph/Common.pm
-rw-r--r-- root/root      3061 2020-03-08 16:57 usr/doc/collectd-5.11.0/examples/collection3/lib/Collectd/Graph/Config.pm
drwxr-xr-x root/root         0 2020-03-08 16:57 usr/doc/collectd-5.11.0/examples/collection3/lib/Collectd/Graph/Type/
-rw-r--r-- root/root     11336 2020-03-08 16:57 usr/doc/collectd-5.11.0/examples/collection3/lib/Collectd/Graph/Type.pm
-rw-r--r-- root/root      3483 2020-03-08 16:57 usr/doc/collectd-5.11.0/examples/collection3/lib/Collectd/Graph/Type/ArcCounts.pm
-rw-r--r-- root/root      2587 2020-03-08 16:57 usr/doc/collectd-5.11.0/examples/collection3/lib/Collectd/Graph/Type/Df.pm
-rw-r--r-- root/root      4365 2020-03-08 16:57 usr/doc/collectd-5.11.0/examples/collection3/lib/Collectd/Graph/Type/GenericIO.pm
-rw-r--r-- root/root      5303 2020-03-08 16:57 usr/doc/collectd-5.11.0/examples/collection3/lib/Collectd/Graph/Type/GenericStacked.pm
-rw-r--r-- root/root      4245 2020-03-08 16:57 usr/doc/collectd-5.11.0/examples/collection3/lib/Collectd/Graph/Type/JavaMemory.pm
-rw-r--r-- root/root      1955 2020-03-08 16:57 usr/doc/collectd-5.11.0/examples/collection3/lib/Collectd/Graph/Type/Load.pm
-rw-r--r-- root/root      3201 2020-03-08 16:57 usr/doc/collectd-5.11.0/examples/collection3/lib/Collectd/Graph/Type/PsCputime.pm
-rw-r--r-- root/root      5211 2020-03-08 16:57 usr/doc/collectd-5.11.0/examples/collection3/lib/Collectd/Graph/Type/TableSize.pm
-rw-r--r-- root/root      2729 2020-03-08 16:57 usr/doc/collectd-5.11.0/examples/collection3/lib/Collectd/Graph/Type/Wirkleistung.pm
-rw-r--r-- root/root      5699 2020-03-08 16:57 usr/doc/collectd-5.11.0/examples/collection3/lib/Collectd/Graph/TypeLoader.pm
drwxr-xr-x root/root         0 2020-03-08 16:57 usr/doc/collectd-5.11.0/examples/collection3/share/
-rw-r--r-- root/root        33 2020-03-08 16:57 usr/doc/collectd-5.11.0/examples/collection3/share/.htaccess
-rw-r--r-- root/root      6196 2020-03-08 16:57 usr/doc/collectd-5.11.0/examples/collection3/share/navigate.js
-rw-r--r-- root/root       279 2020-03-08 16:57 usr/doc/collectd-5.11.0/examples/collection3/share/shortcut-icon.png
-rw-r--r-- root/root      1054 2020-03-08 16:57 usr/doc/collectd-5.11.0/examples/collection3/share/style.css
drwxr-xr-x root/root         0 2020-03-08 16:57 usr/doc/collectd-5.11.0/examples/curl_json/
-rw-r--r-- root/root       608 2020-03-08 16:57 usr/doc/collectd-5.11.0/examples/curl_json/php-fpm.conf
-rwxr-xr-x root/root      9196 2020-03-08 16:57 usr/doc/collectd-5.11.0/examples/cussh.pl
drwxr-xr-x root/root         0 2020-03-08 16:57 usr/doc/collectd-5.11.0/examples/docker/
-rw-r--r-- root/root       113 2020-03-08 16:57 usr/doc/collectd-5.11.0/examples/docker/50docker-apt-conf
-rw-r--r-- root/root       614 2020-03-08 16:57 usr/doc/collectd-5.11.0/examples/docker/Dockerfile
-rw-r--r-- root/root       293 2020-03-08 16:57 usr/doc/collectd-5.11.0/examples/docker/collectd.conf
drwxr-xr-x root/root         0 2020-03-08 16:57 usr/doc/collectd-5.11.0/examples/docker/collectd.conf.d/
-rw-r--r-- root/root        63 2020-03-08 16:57 usr/doc/collectd-5.11.0/examples/docker/collectd.conf.d/sample.conf
drwxr-xr-x root/root         0 2020-03-08 16:57 usr/doc/collectd-5.11.0/examples/docker/rootfs_prefix/
-rw-r--r-- root/root        14 2020-03-08 16:57 usr/doc/collectd-5.11.0/examples/docker/rootfs_prefix/.gitignore
-rw-r--r-- root/root       110 2020-03-08 16:57 usr/doc/collectd-5.11.0/examples/docker/rootfs_prefix/Makefile
-rw-r--r-- root/root      2905 2020-03-08 16:57 usr/doc/collectd-5.11.0/examples/docker/rootfs_prefix/rootfs_prefix.c
drwxr-xr-x root/root         0 2020-03-08 16:57 usr/doc/collectd-5.11.0/examples/examples/
-rw-r--r-- root/root      4421 2020-03-08 16:57 usr/doc/collectd-5.11.0/examples/examples/MyPlugin.pm
-rw-r--r-- root/root      6469 2020-03-08 16:57 usr/doc/collectd-5.11.0/examples/examples/myplugin.c
-rwxr-xr-x root/root      1920 2020-03-08 16:57 usr/doc/collectd-5.11.0/examples/exec-ksm.sh
-rw-r--r-- root/root        98 2020-03-08 16:57 usr/doc/collectd-5.11.0/examples/exec-munin.conf
-rwxr-xr-x root/root      6386 2020-03-08 16:57 usr/doc/collectd-5.11.0/examples/exec-munin.px
-rw-r--r-- root/root       266 2020-03-08 16:57 usr/doc/collectd-5.11.0/examples/exec-nagios.conf
-rwxr-xr-x root/root     11325 2020-03-08 16:57 usr/doc/collectd-5.11.0/examples/exec-nagios.px
-rwxr-xr-x root/root      1784 2020-03-08 16:57 usr/doc/collectd-5.11.0/examples/exec-smartctl
-rwxr-xr-x root/root       522 2020-03-08 16:57 usr/doc/collectd-5.11.0/examples/format.sh
drwxr-xr-x root/root         0 2020-03-08 16:57 usr/doc/collectd-5.11.0/examples/iptables/
-rwxr-xr-x root/root       856 2020-03-08 16:57 usr/doc/collectd-5.11.0/examples/iptables/accounting.sh
-rwxr-xr-x root/root     11739 2020-03-08 16:57 usr/doc/collectd-5.11.0/examples/migrate-3-4.px
-rwxr-xr-x root/root      7002 2020-03-08 16:57 usr/doc/collectd-5.11.0/examples/migrate-4-5.px
-rw-r--r-- root/root      1677 2020-03-08 16:57 usr/doc/collectd-5.11.0/examples/network-proxy.py
drwxr-xr-x root/root         0 2020-03-08 16:57 usr/doc/collectd-5.11.0/examples/oracle/
-rw-r--r-- root/root      8166 2020-03-08 16:57 usr/doc/collectd-5.11.0/examples/oracle/create_schema.ddl
-rw-r--r-- root/root      1534 2020-03-08 16:57 usr/doc/collectd-5.11.0/examples/oracle/db_systat.sql
drwxr-xr-x root/root         0 2020-03-08 16:57 usr/doc/collectd-5.11.0/examples/php-collection/
-rw-r--r-- root/root     29333 2020-03-08 16:57 usr/doc/collectd-5.11.0/examples/php-collection/browser.js
-rw-r--r-- root/root      2145 2020-03-08 16:57 usr/doc/collectd-5.11.0/examples/php-collection/config.php
-rw-r--r-- root/root      2526 2020-03-08 16:57 usr/doc/collectd-5.11.0/examples/php-collection/definitions.local.php
-rw-r--r-- root/root     75097 2020-03-08 16:57 usr/doc/collectd-5.11.0/examples/php-collection/definitions.php
-rw-r--r-- root/root     27344 2020-03-08 16:57 usr/doc/collectd-5.11.0/examples/php-collection/functions.php
-rw-r--r-- root/root      8142 2020-03-08 16:57 usr/doc/collectd-5.11.0/examples/php-collection/graph.php
-rw-r--r-- root/root     16571 2020-03-08 16:57 usr/doc/collectd-5.11.0/examples/php-collection/index.php
drwxr-xr-x root/root         0 2020-03-08 16:57 usr/doc/collectd-5.11.0/examples/postgresql/
-rw-r--r-- root/root      8292 2020-03-08 16:57 usr/doc/collectd-5.11.0/examples/postgresql/collectd_insert.sql
drwxr-xr-x root/root         0 2020-03-08 16:57 usr/doc/collectd-5.11.0/examples/python/
-rw-r--r-- root/root      1020 2020-03-08 16:57 usr/doc/collectd-5.11.0/examples/python/getsigchld.py
drwxr-xr-x root/root         0 2020-03-19 09:52 usr/doc/collectd-5.11.0/examples/redhat/
-rw-r--r-- root/root     82321 2020-03-19 09:52 usr/doc/collectd-5.11.0/examples/redhat/collectd.spec
-rw-r--r-- root/root       132 2020-03-08 16:57 usr/doc/collectd-5.11.0/examples/redhat/collection3.conf
-rw-r--r-- root/root      2120 2020-03-08 16:57 usr/doc/collectd-5.11.0/examples/redhat/init.d-collectd
-rw-r--r-- root/root       189 2020-03-08 16:57 usr/doc/collectd-5.11.0/examples/redhat/php-collection.conf
-rwxr-xr-x root/root     18496 2020-03-08 16:57 usr/doc/collectd-5.11.0/examples/rrd_filter.px
drwxr-xr-x root/root         0 2020-03-08 16:57 usr/doc/collectd-5.11.0/examples/sles10.1/
-rw-r--r-- root/root      7663 2020-03-08 16:57 usr/doc/collectd-5.11.0/examples/sles10.1/collectd.spec
-rwxr-xr-x root/root      1322 2020-03-08 16:57 usr/doc/collectd-5.11.0/examples/sles10.1/init.d-collectd
-rw-r--r-- root/root     12767 2020-03-08 16:57 usr/doc/collectd-5.11.0/examples/snmp-data.conf
-rwxr-xr-x root/root      9348 2020-03-08 16:57 usr/doc/collectd-5.11.0/examples/snmp-probe-host.px
drwxr-xr-x root/root         0 2020-03-08 16:57 usr/doc/collectd-5.11.0/examples/solaris-smf/
-rw-r--r-- root/root     11282 2020-03-08 16:57 usr/doc/collectd-5.11.0/examples/solaris-smf/README
-rwxr-xr-x root/root       790 2020-03-08 16:57 usr/doc/collectd-5.11.0/examples/solaris-smf/collectd
-rw-r--r-- root/root      1493 2020-03-08 16:57 usr/doc/collectd-5.11.0/examples/solaris-smf/collectd.xml
-rw-r--r-- root/root      1354 2020-03-08 16:57 usr/doc/collectd-5.11.0/examples/systemd.collectd.service
-rw-r--r-- root/root      1930 2020-03-08 16:57 usr/doc/collectd-5.11.0/examples/upstart.collectd.conf
-rwxr-xr-x root/root      1220 2020-03-08 16:57 usr/doc/collectd-5.11.0/examples/wiki2changelog.pl
drwxr-xr-x root/root         0 2020-07-07 10:21 usr/include/
drwxr-xr-x root/root         0 2020-07-07 10:21 usr/include/collectd/
-rw-r--r-- root/root      3545 2020-07-07 10:21 usr/include/collectd/client.h
-rw-r--r-- root/root      2029 2020-07-07 10:21 usr/include/collectd/lcc_features.h
-rw-r--r-- root/root      2735 2020-07-07 10:21 usr/include/collectd/network.h
-rw-r--r-- root/root      2438 2020-07-07 10:21 usr/include/collectd/network_buffer.h
-rw-r--r-- root/root      2086 2020-07-07 10:21 usr/include/collectd/network_parse.h
-rw-r--r-- root/root      3418 2020-07-07 10:21 usr/include/collectd/server.h
-rw-r--r-- root/root      3007 2020-07-07 10:21 usr/include/collectd/types.h
drwxr-xr-x root/root         0 2020-07-07 10:21 usr/lib64/
drwxr-xr-x root/root         0 2020-07-07 10:21 usr/lib64/collectd/
-rwxr-xr-x root/root       954 2020-07-07 10:21 usr/lib64/collectd/aggregation.la
-rwxr-xr-x root/root     30912 2020-07-07 10:21 usr/lib64/collectd/aggregation.so
-rwxr-xr-x root/root       927 2020-07-07 10:21 usr/lib64/collectd/apache.la
-rwxr-xr-x root/root     18536 2020-07-07 10:21 usr/lib64/collectd/apache.so
-rwxr-xr-x root/root       920 2020-07-07 10:21 usr/lib64/collectd/apcups.la
-rwxr-xr-x root/root     14416 2020-07-07 10:21 usr/lib64/collectd/apcups.so
-rwxr-xr-x root/root       934 2020-07-07 10:21 usr/lib64/collectd/ascent.la
-rwxr-xr-x root/root     18664 2020-07-07 10:21 usr/lib64/collectd/ascent.so
-rwxr-xr-x root/root       926 2020-07-07 10:21 usr/lib64/collectd/battery.la
-rwxr-xr-x root/root     18456 2020-07-07 10:21 usr/lib64/collectd/battery.so
-rwxr-xr-x root/root       922 2020-07-07 10:21 usr/lib64/collectd/bind.la
-rwxr-xr-x root/root     35096 2020-07-07 10:21 usr/lib64/collectd/bind.so
-rwxr-xr-x root/root       938 2020-07-07 10:21 usr/lib64/collectd/buddyinfo.la
-rwxr-xr-x root/root     14440 2020-07-07 10:21 usr/lib64/collectd/buddyinfo.so
-rwxr-xr-x root/root       979 2020-07-07 10:21 usr/lib64/collectd/capabilities.la
-rwxr-xr-x root/root     22800 2020-07-07 10:21 usr/lib64/collectd/capabilities.so
-rwxr-xr-x root/root       915 2020-07-07 10:21 usr/lib64/collectd/ceph.la
-rwxr-xr-x root/root     31144 2020-07-07 10:21 usr/lib64/collectd/ceph.so
-rwxr-xr-x root/root       926 2020-07-07 10:21 usr/lib64/collectd/cgroups.la
-rwxr-xr-x root/root     18672 2020-07-07 10:21 usr/lib64/collectd/cgroups.so
-rwxr-xr-x root/root       956 2020-07-07 10:21 usr/lib64/collectd/check_uptime.la
-rwxr-xr-x root/root     14384 2020-07-07 10:21 usr/lib64/collectd/check_uptime.so
-rwxr-xr-x root/root       924 2020-07-07 10:21 usr/lib64/collectd/chrony.la
-rwxr-xr-x root/root     18600 2020-07-07 10:21 usr/lib64/collectd/chrony.so
-rwxr-xr-x root/root       969 2020-07-07 10:21 usr/lib64/collectd/connectivity.la
-rwxr-xr-x root/root     26960 2020-07-07 10:21 usr/lib64/collectd/connectivity.so
-rwxr-xr-x root/root       938 2020-07-07 10:21 usr/lib64/collectd/conntrack.la
-rwxr-xr-x root/root     14264 2020-07-07 10:21 usr/lib64/collectd/conntrack.so
-rwxr-xr-x root/root       962 2020-07-07 10:21 usr/lib64/collectd/contextswitch.la
-rwxr-xr-x root/root     14296 2020-07-07 10:21 usr/lib64/collectd/contextswitch.so
-rwxr-xr-x root/root       913 2020-07-07 10:21 usr/lib64/collectd/cpu.la
-rwxr-xr-x root/root     18624 2020-07-07 10:21 usr/lib64/collectd/cpu.so
-rwxr-xr-x root/root       926 2020-07-07 10:21 usr/lib64/collectd/cpufreq.la
-rwxr-xr-x root/root     14336 2020-07-07 10:21 usr/lib64/collectd/cpufreq.so
-rwxr-xr-x root/root       932 2020-07-07 10:21 usr/lib64/collectd/cpusleep.la
-rwxr-xr-x root/root     14248 2020-07-07 10:21 usr/lib64/collectd/cpusleep.so
-rwxr-xr-x root/root       902 2020-07-07 10:21 usr/lib64/collectd/csv.la
-rwxr-xr-x root/root     14464 2020-07-07 10:21 usr/lib64/collectd/csv.so
-rwxr-xr-x root/root       925 2020-07-07 10:21 usr/lib64/collectd/curl.la
-rwxr-xr-x root/root     51776 2020-07-07 10:21 usr/lib64/collectd/curl.so
-rwxr-xr-x root/root       952 2020-07-07 10:21 usr/lib64/collectd/curl_json.la
-rwxr-xr-x root/root     31336 2020-07-07 10:21 usr/lib64/collectd/curl_json.so
-rwxr-xr-x root/root       946 2020-07-07 10:21 usr/lib64/collectd/curl_xml.la
-rwxr-xr-x root/root     31056 2020-07-07 10:21 usr/lib64/collectd/curl_xml.so
-rwxr-xr-x root/root       908 2020-07-07 10:21 usr/lib64/collectd/dbi.la
-rwxr-xr-x root/root     35096 2020-07-07 10:21 usr/lib64/collectd/dbi.so
-rwxr-xr-x root/root       896 2020-07-07 10:21 usr/lib64/collectd/df.la
-rwxr-xr-x root/root     22824 2020-07-07 10:21 usr/lib64/collectd/df.so
-rwxr-xr-x root/root       926 2020-07-07 10:21 usr/lib64/collectd/disk.la
-rwxr-xr-x root/root     18624 2020-07-07 10:21 usr/lib64/collectd/disk.so
-rwxr-xr-x root/root       909 2020-07-07 10:21 usr/lib64/collectd/dns.la
-rwxr-xr-x root/root     22728 2020-07-07 10:21 usr/lib64/collectd/dns.so
-rwxr-xr-x root/root       978 2020-07-07 10:21 usr/lib64/collectd/dpdk_telemetry.la
-rwxr-xr-x root/root     14448 2020-07-07 10:21 usr/lib64/collectd/dpdk_telemetry.so
-rwxr-xr-x root/root       908 2020-07-07 10:21 usr/lib64/collectd/drbd.la
-rwxr-xr-x root/root     14400 2020-07-07 10:21 usr/lib64/collectd/drbd.so
-rwxr-xr-x root/root       914 2020-07-07 10:21 usr/lib64/collectd/email.la
-rwxr-xr-x root/root     22816 2020-07-07 10:21 usr/lib64/collectd/email.so
-rwxr-xr-x root/root       926 2020-07-07 10:21 usr/lib64/collectd/entropy.la
-rwxr-xr-x root/root     14248 2020-07-07 10:21 usr/lib64/collectd/entropy.so
-rwxr-xr-x root/root       926 2020-07-07 10:21 usr/lib64/collectd/ethstat.la
-rwxr-xr-x root/root     14416 2020-07-07 10:21 usr/lib64/collectd/ethstat.so
-rwxr-xr-x root/root       918 2020-07-07 10:21 usr/lib64/collectd/exec.la
-rwxr-xr-x root/root     68264 2020-07-07 10:21 usr/lib64/collectd/exec.so
-rwxr-xr-x root/root       926 2020-07-07 10:21 usr/lib64/collectd/fhcount.la
-rwxr-xr-x root/root     14336 2020-07-07 10:21 usr/lib64/collectd/fhcount.so
-rwxr-xr-x root/root       938 2020-07-07 10:21 usr/lib64/collectd/filecount.la
-rwxr-xr-x root/root     14360 2020-07-07 10:21 usr/lib64/collectd/filecount.so
-rwxr-xr-x root/root       926 2020-07-07 10:21 usr/lib64/collectd/fscache.la
-rwxr-xr-x root/root     14312 2020-07-07 10:21 usr/lib64/collectd/fscache.so
-rwxr-xr-x root/root       926 2020-07-07 10:21 usr/lib64/collectd/hddtemp.la
-rwxr-xr-x root/root     14416 2020-07-07 10:21 usr/lib64/collectd/hddtemp.so
-rwxr-xr-x root/root       938 2020-07-07 10:21 usr/lib64/collectd/hugepages.la
-rwxr-xr-x root/root     14376 2020-07-07 10:21 usr/lib64/collectd/hugepages.so
-rwxr-xr-x root/root       949 2020-07-07 10:21 usr/lib64/collectd/interface.la
-rwxr-xr-x root/root     14440 2020-07-07 10:21 usr/lib64/collectd/interface.so
-rwxr-xr-x root/root       902 2020-07-07 10:21 usr/lib64/collectd/ipc.la
-rwxr-xr-x root/root     14296 2020-07-07 10:21 usr/lib64/collectd/ipc.so
-rwxr-xr-x root/root       948 2020-07-07 10:21 usr/lib64/collectd/iptables.la
-rwxr-xr-x root/root     14480 2020-07-07 10:21 usr/lib64/collectd/iptables.so
-rwxr-xr-x root/root       908 2020-07-07 10:21 usr/lib64/collectd/ipvs.la
-rwxr-xr-x root/root     14336 2020-07-07 10:21 usr/lib64/collectd/ipvs.so
-rwxr-xr-x root/root       902 2020-07-07 10:21 usr/lib64/collectd/irq.la
-rwxr-xr-x root/root     14432 2020-07-07 10:21 usr/lib64/collectd/irq.so
-rwxr-xr-x root/root       919 2020-07-07 10:21 usr/lib64/collectd/load.la
-rwxr-xr-x root/root     14296 2020-07-07 10:21 usr/lib64/collectd/load.so
-rwxr-xr-x root/root       963 2020-07-07 10:21 usr/lib64/collectd/log_logstash.la
-rwxr-xr-x root/root     14448 2020-07-07 10:21 usr/lib64/collectd/log_logstash.so
-rwxr-xr-x root/root       926 2020-07-07 10:21 usr/lib64/collectd/logfile.la
-rwxr-xr-x root/root     14432 2020-07-07 10:21 usr/lib64/collectd/logfile.so
-rwxr-xr-x root/root       942 2020-07-07 10:21 usr/lib64/collectd/logparser.la
-rwxr-xr-x root/root     43232 2020-07-07 10:21 usr/lib64/collectd/logparser.so
-rwxr-xr-x root/root       917 2020-07-07 10:21 usr/lib64/collectd/lua.la
-rwxr-xr-x root/root     22928 2020-07-07 10:21 usr/lib64/collectd/lua.so
-rwxr-xr-x root/root       926 2020-07-07 10:21 usr/lib64/collectd/madwifi.la
-rwxr-xr-x root/root     31032 2020-07-07 10:21 usr/lib64/collectd/madwifi.so
-rwxr-xr-x root/root       998 2020-07-07 10:21 usr/lib64/collectd/match_empty_counter.la
-rwxr-xr-x root/root     14224 2020-07-07 10:21 usr/lib64/collectd/match_empty_counter.so
-rwxr-xr-x root/root       956 2020-07-07 10:21 usr/lib64/collectd/match_hashed.la
-rwxr-xr-x root/root     14264 2020-07-07 10:21 usr/lib64/collectd/match_hashed.so
-rwxr-xr-x root/root       950 2020-07-07 10:21 usr/lib64/collectd/match_regex.la
-rwxr-xr-x root/root     14360 2020-07-07 10:21 usr/lib64/collectd/match_regex.so
-rwxr-xr-x root/root       968 2020-07-07 10:21 usr/lib64/collectd/match_timediff.la
-rwxr-xr-x root/root     14264 2020-07-07 10:21 usr/lib64/collectd/match_timediff.so
-rwxr-xr-x root/root       950 2020-07-07 10:21 usr/lib64/collectd/match_value.la
-rwxr-xr-x root/root     14280 2020-07-07 10:21 usr/lib64/collectd/match_value.so
-rwxr-xr-x root/root       914 2020-07-07 10:21 usr/lib64/collectd/mbmon.la
-rwxr-xr-x root/root     14408 2020-07-07 10:21 usr/lib64/collectd/mbmon.so
-rwxr-xr-x root/root       920 2020-07-07 10:21 usr/lib64/collectd/mcelog.la
-rwxr-xr-x root/root     27280 2020-07-07 10:21 usr/lib64/collectd/mcelog.so
-rwxr-xr-x root/root       896 2020-07-07 10:21 usr/lib64/collectd/md.la
-rwxr-xr-x root/root     14464 2020-07-07 10:21 usr/lib64/collectd/md.so
-rwxr-xr-x root/root       960 2020-07-07 10:21 usr/lib64/collectd/memcachec.la
-rwxr-xr-x root/root     43472 2020-07-07 10:21 usr/lib64/collectd/memcachec.so
-rwxr-xr-x root/root       938 2020-07-07 10:21 usr/lib64/collectd/memcached.la
-rwxr-xr-x root/root     18576 2020-07-07 10:21 usr/lib64/collectd/memcached.so
-rwxr-xr-x root/root       931 2020-07-07 10:21 usr/lib64/collectd/memory.la
-rwxr-xr-x root/root     14352 2020-07-07 10:21 usr/lib64/collectd/memory.so
-rwxr-xr-x root/root       944 2020-07-07 10:21 usr/lib64/collectd/multimeter.la
-rwxr-xr-x root/root     14376 2020-07-07 10:21 usr/lib64/collectd/multimeter.so
-rwxr-xr-x root/root       938 2020-07-07 10:21 usr/lib64/collectd/mysql.la
-rwxr-xr-x root/root     32232 2020-07-07 10:21 usr/lib64/collectd/mysql.so
-rwxr-xr-x root/root       932 2020-07-07 10:21 usr/lib64/collectd/netlink.la
-rwxr-xr-x root/root     22912 2020-07-07 10:21 usr/lib64/collectd/netlink.so
-rwxr-xr-x root/root       947 2020-07-07 10:21 usr/lib64/collectd/network.la
-rwxr-xr-x root/root     51904 2020-07-07 10:21 usr/lib64/collectd/network.so
-rwxr-xr-x root/root       902 2020-07-07 10:21 usr/lib64/collectd/nfs.la
-rwxr-xr-x root/root     19880 2020-07-07 10:21 usr/lib64/collectd/nfs.so
-rwxr-xr-x root/root       921 2020-07-07 10:21 usr/lib64/collectd/nginx.la
-rwxr-xr-x root/root     14456 2020-07-07 10:21 usr/lib64/collectd/nginx.so
-rwxr-xr-x root/root      1038 2020-07-07 10:21 usr/lib64/collectd/notify_desktop.la
-rwxr-xr-x root/root     14392 2020-07-07 10:21 usr/lib64/collectd/notify_desktop.so
-rwxr-xr-x root/root       964 2020-07-07 10:21 usr/lib64/collectd/notify_email.la
-rwxr-xr-x root/root     18712 2020-07-07 10:21 usr/lib64/collectd/notify_email.so
-rwxr-xr-x root/root       962 2020-07-07 10:21 usr/lib64/collectd/notify_nagios.la
-rwxr-xr-x root/root     14328 2020-07-07 10:21 usr/lib64/collectd/notify_nagios.so
-rwxr-xr-x root/root       908 2020-07-07 10:21 usr/lib64/collectd/ntpd.la
-rwxr-xr-x root/root     18640 2020-07-07 10:21 usr/lib64/collectd/ntpd.so
-rwxr-xr-x root/root       908 2020-07-07 10:21 usr/lib64/collectd/numa.la
-rwxr-xr-x root/root     14328 2020-07-07 10:21 usr/lib64/collectd/numa.so
-rwxr-xr-x root/root       914 2020-07-07 10:21 usr/lib64/collectd/olsrd.la
-rwxr-xr-x root/root     18600 2020-07-07 10:21 usr/lib64/collectd/olsrd.so
-rwxr-xr-x root/root       939 2020-07-07 10:21 usr/lib64/collectd/openldap.la
-rwxr-xr-x root/root     18584 2020-07-07 10:21 usr/lib64/collectd/openldap.so
-rwxr-xr-x root/root       926 2020-07-07 10:21 usr/lib64/collectd/openvpn.la
-rwxr-xr-x root/root     18544 2020-07-07 10:21 usr/lib64/collectd/openvpn.so
-rwxr-xr-x root/root       951 2020-07-07 10:21 usr/lib64/collectd/ovs_events.la
-rwxr-xr-x root/root     35864 2020-07-07 10:21 usr/lib64/collectd/ovs_events.so
-rwxr-xr-x root/root       945 2020-07-07 10:21 usr/lib64/collectd/ovs_stats.la
-rwxr-xr-x root/root     44032 2020-07-07 10:21 usr/lib64/collectd/ovs_stats.so
-rwxr-xr-x root/root       950 2020-07-07 10:21 usr/lib64/collectd/pcie_errors.la
-rwxr-xr-x root/root     26896 2020-07-07 10:21 usr/lib64/collectd/pcie_errors.so
-rwxr-xr-x root/root       990 2020-07-07 10:21 usr/lib64/collectd/perl.la
-rwxr-xr-x root/root     59960 2020-07-07 10:21 usr/lib64/collectd/perl.so
-rwxr-xr-x root/root       927 2020-07-07 10:21 usr/lib64/collectd/pinba.la
-rwxr-xr-x root/root     26880 2020-07-07 10:21 usr/lib64/collectd/pinba.so
-rwxr-xr-x root/root       920 2020-07-07 10:21 usr/lib64/collectd/ping.la
-rwxr-xr-x root/root     22856 2020-07-07 10:21 usr/lib64/collectd/ping.so
-rwxr-xr-x root/root       980 2020-07-07 10:21 usr/lib64/collectd/postgresql.la
-rwxr-xr-x root/root     43464 2020-07-07 10:21 usr/lib64/collectd/postgresql.so
-rwxr-xr-x root/root       932 2020-07-07 10:21 usr/lib64/collectd/powerdns.la
-rwxr-xr-x root/root     30984 2020-07-07 10:21 usr/lib64/collectd/powerdns.so
-rwxr-xr-x root/root       944 2020-07-07 10:21 usr/lib64/collectd/processes.la
-rwxr-xr-x root/root     35232 2020-07-07 10:21 usr/lib64/collectd/processes.so
-rwxr-xr-x root/root       945 2020-07-07 10:21 usr/lib64/collectd/procevent.la
-rwxr-xr-x root/root     31096 2020-07-07 10:21 usr/lib64/collectd/procevent.so
-rwxr-xr-x root/root       938 2020-07-07 10:21 usr/lib64/collectd/protocols.la
-rwxr-xr-x root/root     14464 2020-07-07 10:21 usr/lib64/collectd/protocols.so
-rwxr-xr-x root/root       956 2020-07-07 10:21 usr/lib64/collectd/python.la
-rwxr-xr-x root/root     87568 2020-07-07 10:21 usr/lib64/collectd/python.so
-rwxr-xr-x root/root       924 2020-07-07 10:21 usr/lib64/collectd/redis.la
-rwxr-xr-x root/root     18552 2020-07-07 10:21 usr/lib64/collectd/redis.so
-rwxr-xr-x root/root       944 2020-07-07 10:21 usr/lib64/collectd/rrdcached.la
-rwxr-xr-x root/root     31192 2020-07-07 10:21 usr/lib64/collectd/rrdcached.so
-rwxr-xr-x root/root       932 2020-07-07 10:21 usr/lib64/collectd/rrdtool.la
-rwxr-xr-x root/root     35528 2020-07-07 10:21 usr/lib64/collectd/rrdtool.so
-rwxr-xr-x root/root       936 2020-07-07 10:21 usr/lib64/collectd/sensors.la
-rwxr-xr-x root/root     14528 2020-07-07 10:21 usr/lib64/collectd/sensors.so
-rwxr-xr-x root/root       920 2020-07-07 10:21 usr/lib64/collectd/serial.la
-rwxr-xr-x root/root     14304 2020-07-07 10:21 usr/lib64/collectd/serial.so
-rwxr-xr-x root/root       932 2020-07-07 10:21 usr/lib64/collectd/smart.la
-rwxr-xr-x root/root     22880 2020-07-07 10:21 usr/lib64/collectd/smart.so
-rwxr-xr-x root/root       918 2020-07-07 10:21 usr/lib64/collectd/snmp.la
-rwxr-xr-x root/root     39224 2020-07-07 10:21 usr/lib64/collectd/snmp.so
-rwxr-xr-x root/root       959 2020-07-07 10:21 usr/lib64/collectd/snmp_agent.la
-rwxr-xr-x root/root     39480 2020-07-07 10:21 usr/lib64/collectd/snmp_agent.so
-rwxr-xr-x root/root       930 2020-07-07 10:21 usr/lib64/collectd/statsd.la
-rwxr-xr-x root/root     47664 2020-07-07 10:21 usr/lib64/collectd/statsd.so
-rwxr-xr-x root/root       919 2020-07-07 10:21 usr/lib64/collectd/swap.la
-rwxr-xr-x root/root     14384 2020-07-07 10:21 usr/lib64/collectd/swap.so
-rwxr-xr-x root/root       932 2020-07-07 10:21 usr/lib64/collectd/synproxy.la
-rwxr-xr-x root/root     14368 2020-07-07 10:21 usr/lib64/collectd/synproxy.so
-rwxr-xr-x root/root       939 2020-07-07 10:21 usr/lib64/collectd/sysevent.la
-rwxr-xr-x root/root     31040 2020-07-07 10:21 usr/lib64/collectd/sysevent.so
-rwxr-xr-x root/root       920 2020-07-07 10:21 usr/lib64/collectd/syslog.la
-rwxr-xr-x root/root     14336 2020-07-07 10:21 usr/lib64/collectd/syslog.so
-rwxr-xr-x root/root       914 2020-07-07 10:21 usr/lib64/collectd/table.la
-rwxr-xr-x root/root     18520 2020-07-07 10:21 usr/lib64/collectd/table.so
-rwxr-xr-x root/root       918 2020-07-07 10:21 usr/lib64/collectd/tail.la
-rwxr-xr-x root/root     47512 2020-07-07 10:21 usr/lib64/collectd/tail.so
-rwxr-xr-x root/root       932 2020-07-07 10:21 usr/lib64/collectd/tail_csv.la
-rwxr-xr-x root/root     18552 2020-07-07 10:21 usr/lib64/collectd/tail_csv.so
-rwxr-xr-x root/root       998 2020-07-07 10:21 usr/lib64/collectd/target_notification.la
-rwxr-xr-x root/root     14304 2020-07-07 10:21 usr/lib64/collectd/target_notification.so
-rwxr-xr-x root/root       968 2020-07-07 10:21 usr/lib64/collectd/target_replace.la
-rwxr-xr-x root/root     18472 2020-07-07 10:21 usr/lib64/collectd/target_replace.so
-rwxr-xr-x root/root       956 2020-07-07 10:21 usr/lib64/collectd/target_scale.la
-rwxr-xr-x root/root     14336 2020-07-07 10:21 usr/lib64/collectd/target_scale.so
-rwxr-xr-x root/root       944 2020-07-07 10:21 usr/lib64/collectd/target_set.la
-rwxr-xr-x root/root     14368 2020-07-07 10:21 usr/lib64/collectd/target_set.so
-rwxr-xr-x root/root       980 2020-07-07 10:21 usr/lib64/collectd/target_v5upgrade.la
-rwxr-xr-x root/root     14240 2020-07-07 10:21 usr/lib64/collectd/target_v5upgrade.so
-rwxr-xr-x root/root       932 2020-07-07 10:21 usr/lib64/collectd/tcpconns.la
-rwxr-xr-x root/root     14544 2020-07-07 10:21 usr/lib64/collectd/tcpconns.so
-rwxr-xr-x root/root       944 2020-07-07 10:21 usr/lib64/collectd/teamspeak2.la
-rwxr-xr-x root/root     18584 2020-07-07 10:21 usr/lib64/collectd/teamspeak2.so
-rwxr-xr-x root/root       902 2020-07-07 10:21 usr/lib64/collectd/ted.la
-rwxr-xr-x root/root     14400 2020-07-07 10:21 usr/lib64/collectd/ted.so
-rwxr-xr-x root/root       926 2020-07-07 10:21 usr/lib64/collectd/thermal.la
-rwxr-xr-x root/root     14456 2020-07-07 10:21 usr/lib64/collectd/thermal.so
-rwxr-xr-x root/root       938 2020-07-07 10:21 usr/lib64/collectd/threshold.la
-rwxr-xr-x root/root     18584 2020-07-07 10:21 usr/lib64/collectd/threshold.so
-rwxr-xr-x root/root       938 2020-07-07 10:21 usr/lib64/collectd/turbostat.la
-rwxr-xr-x root/root     30984 2020-07-07 10:21 usr/lib64/collectd/turbostat.so
-rwxr-xr-x root/root       902 2020-07-07 10:21 usr/lib64/collectd/ubi.la
-rwxr-xr-x root/root     14432 2020-07-07 10:21 usr/lib64/collectd/ubi.so
-rwxr-xr-x root/root       942 2020-07-07 10:21 usr/lib64/collectd/unixsock.la
-rwxr-xr-x root/root     60096 2020-07-07 10:21 usr/lib64/collectd/unixsock.so
-rwxr-xr-x root/root       920 2020-07-07 10:21 usr/lib64/collectd/uptime.la
-rwxr-xr-x root/root     14264 2020-07-07 10:21 usr/lib64/collectd/uptime.so
-rwxr-xr-x root/root       925 2020-07-07 10:21 usr/lib64/collectd/users.la
-rwxr-xr-x root/root     14256 2020-07-07 10:21 usr/lib64/collectd/users.so
-rwxr-xr-x root/root       908 2020-07-07 10:21 usr/lib64/collectd/uuid.la
-rwxr-xr-x root/root     14344 2020-07-07 10:21 usr/lib64/collectd/uuid.so
-rwxr-xr-x root/root       922 2020-07-07 10:21 usr/lib64/collectd/virt.la
-rwxr-xr-x root/root     57360 2020-07-07 10:21 usr/lib64/collectd/virt.so
-rwxr-xr-x root/root       908 2020-07-07 10:21 usr/lib64/collectd/vmem.la
-rwxr-xr-x root/root     14344 2020-07-07 10:21 usr/lib64/collectd/vmem.so
-rwxr-xr-x root/root       926 2020-07-07 10:21 usr/lib64/collectd/vserver.la
-rwxr-xr-x root/root     14360 2020-07-07 10:21 usr/lib64/collectd/vserver.so
-rwxr-xr-x root/root       932 2020-07-07 10:21 usr/lib64/collectd/wireless.la
-rwxr-xr-x root/root     14336 2020-07-07 10:21 usr/lib64/collectd/wireless.so
-rwxr-xr-x root/root       968 2020-07-07 10:21 usr/lib64/collectd/write_graphite.la
-rwxr-xr-x root/root     22728 2020-07-07 10:21 usr/lib64/collectd/write_graphite.so
-rwxr-xr-x root/root       958 2020-07-07 10:21 usr/lib64/collectd/write_http.la
-rwxr-xr-x root/root     39360 2020-07-07 10:21 usr/lib64/collectd/write_http.so
-rwxr-xr-x root/root       992 2020-07-07 10:21 usr/lib64/collectd/write_influxdb_udp.la
-rwxr-xr-x root/root     18608 2020-07-07 10:21 usr/lib64/collectd/write_influxdb_udp.so
-rwxr-xr-x root/root       945 2020-07-07 10:21 usr/lib64/collectd/write_log.la
-rwxr-xr-x root/root     22712 2020-07-07 10:21 usr/lib64/collectd/write_log.so
-rwxr-xr-x root/root      1006 2020-07-07 10:21 usr/lib64/collectd/write_prometheus.la
-rwxr-xr-x root/root     43432 2020-07-07 10:21 usr/lib64/collectd/write_prometheus.so
-rwxr-xr-x root/root       960 2020-07-07 10:21 usr/lib64/collectd/write_redis.la
-rwxr-xr-x root/root     14376 2020-07-07 10:21 usr/lib64/collectd/write_redis.so
-rwxr-xr-x root/root       950 2020-07-07 10:21 usr/lib64/collectd/write_sensu.la
-rwxr-xr-x root/root     22704 2020-07-07 10:21 usr/lib64/collectd/write_sensu.so
-rwxr-xr-x root/root      1015 2020-07-07 10:21 usr/lib64/collectd/write_stackdriver.la
-rwxr-xr-x root/root     47616 2020-07-07 10:21 usr/lib64/collectd/write_stackdriver.so
-rwxr-xr-x root/root       956 2020-07-07 10:21 usr/lib64/collectd/write_syslog.la
-rwxr-xr-x root/root     18592 2020-07-07 10:21 usr/lib64/collectd/write_syslog.so
-rwxr-xr-x root/root       944 2020-07-07 10:21 usr/lib64/collectd/write_tsdb.la
-rwxr-xr-x root/root     18584 2020-07-07 10:21 usr/lib64/collectd/write_tsdb.so
-rwxr-xr-x root/root       971 2020-07-07 10:21 usr/lib64/collectd/xmms.la
-rwxr-xr-x root/root     14248 2020-07-07 10:21 usr/lib64/collectd/xmms.so
-rwxr-xr-x root/root       926 2020-07-07 10:21 usr/lib64/collectd/zfs_arc.la
-rwxr-xr-x root/root     18496 2020-07-07 10:21 usr/lib64/collectd/zfs_arc.so
-rwxr-xr-x root/root       938 2020-07-07 10:21 usr/lib64/collectd/zookeeper.la
-rwxr-xr-x root/root     14400 2020-07-07 10:21 usr/lib64/collectd/zookeeper.so
-rwxr-xr-x root/root     43392 2020-07-07 10:21 usr/lib64/libcollectdclient.so.1.1.0
drwxr-xr-x root/root         0 2020-07-07 10:21 usr/lib64/perl5/
drwxr-xr-x root/root         0 2020-07-07 10:21 usr/lib64/perl5/vendor_perl/
drwxr-xr-x root/root         0 2020-07-07 10:21 usr/lib64/perl5/vendor_perl/auto/
drwxr-xr-x root/root         0 2020-07-07 10:21 usr/lib64/perl5/vendor_perl/auto/Collectd/
-rw-r--r-- root/root       282 2020-07-07 10:21 usr/lib64/perl5/vendor_perl/auto/Collectd/.packlist
drwxr-xr-x root/root         0 2020-07-07 10:21 usr/lib64/pkgconfig/
-rw-r--r-- root/root       272 2020-07-07 10:21 usr/lib64/pkgconfig/libcollectdclient.pc
drwxr-xr-x root/root         0 2020-07-07 10:21 usr/man/
drwxr-xr-x root/root         0 2020-07-07 10:21 usr/man/man1/
-rw-r--r-- root/root      3561 2020-07-07 10:21 usr/man/man1/collectd-nagios.1.gz
-rw-r--r-- root/root      2476 2020-07-07 10:21 usr/man/man1/collectd-tg.1.gz
-rw-r--r-- root/root      4123 2020-07-07 10:21 usr/man/man1/collectd.1.gz
-rw-r--r-- root/root      3881 2020-07-07 10:21 usr/man/man1/collectdctl.1.gz
-rw-r--r-- root/root      2538 2020-07-07 10:21 usr/man/man1/collectdmon.1.gz
drwxr-xr-x root/root         0 2020-07-07 10:21 usr/man/man3/
-rw-r--r-- root/root      3221 2020-07-07 10:21 usr/man/man3/Collectd::Unixsock.3.gz
drwxr-xr-x root/root         0 2020-07-07 10:21 usr/man/man5/
-rw-r--r-- root/root      2635 2020-07-07 10:21 usr/man/man5/collectd-email.5.gz
-rw-r--r-- root/root      6317 2020-07-07 10:21 usr/man/man5/collectd-exec.5.gz
-rw-r--r-- root/root      8002 2020-07-07 10:21 usr/man/man5/collectd-java.5.gz
-rw-r--r-- root/root      3535 2020-07-07 10:21 usr/man/man5/collectd-lua.5.gz
-rw-r--r-- root/root     10313 2020-07-07 10:21 usr/man/man5/collectd-perl.5.gz
-rw-r--r-- root/root     10899 2020-07-07 10:21 usr/man/man5/collectd-python.5.gz
-rw-r--r-- root/root      6948 2020-07-07 10:21 usr/man/man5/collectd-snmp.5.gz
-rw-r--r-- root/root      4709 2020-07-07 10:21 usr/man/man5/collectd-threshold.5.gz
-rw-r--r-- root/root      5706 2020-07-07 10:21 usr/man/man5/collectd-unixsock.5.gz
-rw-r--r-- root/root    137037 2020-07-07 10:21 usr/man/man5/collectd.conf.5.gz
-rw-r--r-- root/root      2861 2020-07-07 10:21 usr/man/man5/types.db.5.gz
drwxr-xr-x root/root         0 2020-07-07 10:21 usr/sbin/
-rwxr-xr-x root/root    220720 2020-07-07 10:21 usr/sbin/collectd
-rwxr-xr-x root/root     14576 2020-07-07 10:21 usr/sbin/collectdmon
drwxr-xr-x root/root         0 2020-07-07 10:21 usr/share/
drwxr-xr-x root/root         0 2020-07-07 10:21 usr/share/collectd/
-rw-r--r-- root/root      8221 2020-07-07 10:21 usr/share/collectd/postgresql_default.conf
-rw-r--r-- root/root     14092 2020-07-07 10:21 usr/share/collectd/types.db
drwxr-xr-x root/root         0 2020-07-07 10:21 usr/share/perl5/
drwxr-xr-x root/root         0 2020-07-07 10:21 usr/share/perl5/vendor_perl/
drwxr-xr-x root/root         0 2020-07-07 10:21 usr/share/perl5/vendor_perl/Collectd/
-r--r--r-- root/root     12910 2020-07-07 10:21 usr/share/perl5/vendor_perl/Collectd.pm
drwxr-xr-x root/root         0 2020-07-07 10:21 usr/share/perl5/vendor_perl/Collectd/Plugins/
-r--r--r-- root/root      6948 2020-07-07 10:21 usr/share/perl5/vendor_perl/Collectd/Plugins/OpenVZ.pm
-r--r--r-- root/root     15798 2020-07-07 10:21 usr/share/perl5/vendor_perl/Collectd/Unixsock.pm
drwxr-xr-x root/root         0 2020-07-07 10:21 var/
drwxr-xr-x root/root         0 2020-07-07 10:21 var/lib/
drwxr-xr-x root/root         0 2020-07-07 10:21 var/lib/collectd/
drwxr-xr-x root/root         0 2020-07-07 10:21 var/log/
drwxr-xr-x root/root         0 2020-07-07 10:21 var/run/


