++========================================
||
||   Package:  ./avahi/avahi-0.8-x86_64-2cf.txz
||
++========================================
drwxr-xr-x root/root         0 2022-07-27 13:56 ./
drwxr-xr-x root/root         0 2022-07-27 13:56 etc/
drwxr-xr-x root/root         0 2022-07-27 13:56 etc/avahi/
-rw-r--r-- root/root      1807 2022-07-27 13:56 etc/avahi/avahi-daemon.conf.new
-rwxr-xr-x root/root      2743 2022-07-27 13:56 etc/avahi/avahi-dnsconfd.action
-rw-r--r-- root/root      1121 2022-07-27 13:56 etc/avahi/hosts
drwxr-xr-x root/root         0 2022-07-27 13:56 etc/avahi/services/
-rw-r--r-- root/root      1075 2022-07-27 13:56 etc/avahi/services/sftp-ssh.service
-rw-r--r-- root/root      1071 2022-07-27 13:56 etc/avahi/services/ssh.service
drwxr-xr-x root/root         0 2022-07-27 13:56 etc/rc.d/
-rwxr-xr-x root/root      1569 2022-07-27 13:56 etc/rc.d/rc.avahidaemon.new
-rwxr-xr-x root/root      1627 2022-07-27 13:56 etc/rc.d/rc.avahidnsconfd.new
drwxr-xr-x root/root         0 2022-07-27 13:56 install/
-rw-r--r-- root/root      4585 2022-07-27 13:56 install/doinst.sh
-rw-r--r-- root/root      1058 2022-07-27 13:56 install/slack-desc
-rw-r--r-- root/root        19 2022-07-27 13:56 install/slack-required
drwxr-xr-x root/root         0 2022-07-27 13:56 run/
drwxr-xr-x root/root         0 2022-07-27 13:56 usr/
drwxr-xr-x root/root         0 2022-07-27 13:56 usr/bin/
-rwxr-xr-x root/root      7242 2022-07-27 13:56 usr/bin/avahi-bookmarks
-rwxr-xr-x root/root     42944 2022-07-27 13:56 usr/bin/avahi-browse
-rwxr-xr-x root/root     34424 2022-07-27 13:56 usr/bin/avahi-discover-standalone
-rwxr-xr-x root/root     33632 2022-07-27 13:56 usr/bin/avahi-publish
-rwxr-xr-x root/root     33056 2022-07-27 13:56 usr/bin/avahi-resolve
-rwxr-xr-x root/root     24232 2022-07-27 13:56 usr/bin/avahi-set-host-name
-rwxr-xr-x root/root     28808 2022-07-27 13:56 usr/bin/bssh
drwxr-xr-x root/root         0 2022-07-27 13:56 usr/doc/
drwxr-xr-x root/root         0 2022-07-27 13:56 usr/doc/avahi-0.8/
-rw-r--r-- root/root      3155 2015-04-01 06:58 usr/doc/avahi-0.8/API-CHANGES-0.6
-rw-r--r-- root/root       406 2015-04-01 06:58 usr/doc/avahi-0.8/AUTHORS
-rw-r--r-- root/root       649 2015-04-01 06:58 usr/doc/avahi-0.8/COMPAT-LAYERS
-rw-r--r-- root/root       502 2015-04-01 06:58 usr/doc/avahi-0.8/DBUS-API
-rw-r--r-- root/root      2876 2015-04-01 06:58 usr/doc/avahi-0.8/HACKING
-rw-r--r-- root/root      2003 2015-04-01 06:58 usr/doc/avahi-0.8/INSTALL
-rw-r--r-- root/root     26527 2015-04-01 06:58 usr/doc/avahi-0.8/LICENSE
-rw-r--r-- root/root       374 2015-04-01 06:58 usr/doc/avahi-0.8/MALLOC
-rw-r--r-- root/root     41688 2020-02-18 07:49 usr/doc/avahi-0.8/NEWS
-rw-r--r-- root/root       633 2015-10-10 02:38 usr/doc/avahi-0.8/README
-rw-r--r-- root/root      5168 2015-10-10 02:29 usr/doc/avahi-0.8/TODO
-rw-r--r-- root/root     37301 2015-04-01 06:58 usr/doc/avahi-0.8/avahi-poll.dia
-rw-r--r-- root/root      5470 2022-07-27 13:56 usr/doc/avahi-0.8/avahi.SlackBuild
-rw-r--r-- root/root     51894 2015-04-01 06:58 usr/doc/avahi-0.8/overview.dia
-rw-r--r-- root/root     33517 2015-04-01 06:58 usr/doc/avahi-0.8/server-states.dia
drwxr-xr-x root/root         0 2022-07-27 13:56 usr/include/
drwxr-xr-x root/root         0 2022-07-27 13:56 usr/include/avahi-client/
-rw-r--r-- root/root      5119 2022-07-27 13:56 usr/include/avahi-client/client.h
-rw-r--r-- root/root     11963 2022-07-27 13:56 usr/include/avahi-client/lookup.h
-rw-r--r-- root/root      8889 2022-07-27 13:56 usr/include/avahi-client/publish.h
drwxr-xr-x root/root         0 2022-07-27 13:56 usr/include/avahi-common/
-rw-r--r-- root/root      4046 2022-07-27 13:56 usr/include/avahi-common/address.h
-rw-r--r-- root/root      1607 2022-07-27 13:56 usr/include/avahi-common/alternative.h
-rw-r--r-- root/root      1287 2022-07-27 13:56 usr/include/avahi-common/cdecl.h
-rw-r--r-- root/root     17269 2022-07-27 13:56 usr/include/avahi-common/defs.h
-rw-r--r-- root/root      4725 2022-07-27 13:56 usr/include/avahi-common/domain.h
-rw-r--r-- root/root      5197 2022-07-27 13:56 usr/include/avahi-common/error.h
-rw-r--r-- root/root      2226 2022-07-27 13:56 usr/include/avahi-common/gccmacro.h
-rw-r--r-- root/root      3106 2022-07-27 13:56 usr/include/avahi-common/llist.h
-rw-r--r-- root/root      3210 2022-07-27 13:56 usr/include/avahi-common/malloc.h
-rw-r--r-- root/root      1545 2022-07-27 13:56 usr/include/avahi-common/rlist.h
-rw-r--r-- root/root      3498 2022-07-27 13:56 usr/include/avahi-common/simple-watch.h
-rw-r--r-- root/root      7097 2022-07-27 13:56 usr/include/avahi-common/strlst.h
-rw-r--r-- root/root      3252 2022-07-27 13:56 usr/include/avahi-common/thread-watch.h
-rw-r--r-- root/root      1994 2022-07-27 13:56 usr/include/avahi-common/timeval.h
-rw-r--r-- root/root      3751 2022-07-27 13:56 usr/include/avahi-common/watch.h
drwxr-xr-x root/root         0 2022-07-27 13:56 usr/include/avahi-compat-libdns_sd/
-rw-r--r-- root/root     77551 2022-07-27 13:56 usr/include/avahi-compat-libdns_sd/dns_sd.h
drwxr-xr-x root/root         0 2022-07-27 13:56 usr/include/avahi-core/
-rw-r--r-- root/root      9089 2022-07-27 13:56 usr/include/avahi-core/core.h
-rw-r--r-- root/root      2569 2022-07-27 13:56 usr/include/avahi-core/log.h
-rw-r--r-- root/root     15066 2022-07-27 13:56 usr/include/avahi-core/lookup.h
-rw-r--r-- root/root      8076 2022-07-27 13:56 usr/include/avahi-core/publish.h
-rw-r--r-- root/root      6545 2022-07-27 13:56 usr/include/avahi-core/rr.h
drwxr-xr-x root/root         0 2022-07-27 13:56 usr/include/avahi-glib/
-rw-r--r-- root/root      1258 2022-07-27 13:56 usr/include/avahi-glib/glib-malloc.h
-rw-r--r-- root/root      1827 2022-07-27 13:56 usr/include/avahi-glib/glib-watch.h
drwxr-xr-x root/root         0 2022-07-27 13:56 usr/include/avahi-gobject/
-rw-r--r-- root/root      2629 2022-07-27 13:56 usr/include/avahi-gobject/ga-client.h
-rw-r--r-- root/root      7747 2022-07-27 13:56 usr/include/avahi-gobject/ga-entry-group.h
-rw-r--r-- root/root      4056 2022-07-27 13:56 usr/include/avahi-gobject/ga-enums.h
-rw-r--r-- root/root      1068 2022-07-27 13:56 usr/include/avahi-gobject/ga-error.h
-rw-r--r-- root/root      2653 2022-07-27 13:56 usr/include/avahi-gobject/ga-record-browser.h
-rw-r--r-- root/root      2540 2022-07-27 13:56 usr/include/avahi-gobject/ga-service-browser.h
-rw-r--r-- root/root      2799 2022-07-27 13:56 usr/include/avahi-gobject/ga-service-resolver.h
drwxr-xr-x root/root         0 2022-07-27 13:56 usr/include/avahi-libevent/
-rw-r--r-- root/root      1661 2022-07-27 13:56 usr/include/avahi-libevent/libevent-watch.h
drwxr-xr-x root/root         0 2022-07-27 13:56 usr/include/avahi-qt5/
-rw-r--r-- root/root      1094 2022-07-27 13:56 usr/include/avahi-qt5/qt-watch.h
drwxr-xr-x root/root         0 2022-07-27 13:56 usr/include/avahi-ui/
-rw-r--r-- root/root      7128 2022-07-27 13:56 usr/include/avahi-ui/avahi-ui.h
drwxr-xr-x root/root         0 2022-07-27 13:56 usr/lib64/
drwxr-xr-x root/root         0 2022-07-27 13:56 usr/lib64/avahi/
drwxr-xr-x root/root         0 2022-07-27 13:56 usr/lib64/girepository-1.0/
-rw-r--r-- root/root      8452 2022-07-27 13:56 usr/lib64/girepository-1.0/Avahi-0.6.typelib
-rw-r--r-- root/root      1300 2022-07-27 13:56 usr/lib64/girepository-1.0/AvahiCore-0.6.typelib
-rwxr-xr-x root/root     86432 2022-07-27 13:56 usr/lib64/libavahi-client.so.3.2.9
-rwxr-xr-x root/root     69224 2022-07-27 13:56 usr/lib64/libavahi-common.so.3.5.4
-rwxr-xr-x root/root    266672 2022-07-27 13:56 usr/lib64/libavahi-core.so.7.1.0
-rwxr-xr-x root/root     19536 2022-07-27 13:56 usr/lib64/libavahi-glib.so.1.0.2
-rwxr-xr-x root/root     65304 2022-07-27 13:56 usr/lib64/libavahi-gobject.so.0.0.5
-rwxr-xr-x root/root     17824 2022-07-27 13:56 usr/lib64/libavahi-libevent.so.1.0.0
-rwxr-xr-x root/root     25816 2022-07-27 13:56 usr/lib64/libavahi-qt5.so.1.0.2
-rwxr-xr-x root/root     70224 2022-07-27 13:56 usr/lib64/libavahi-ui-gtk3.so.0.1.4
-rwxr-xr-x root/root     50040 2022-07-27 13:56 usr/lib64/libdns_sd.so.1.0.0
drwxr-xr-x root/root         0 2022-07-27 13:56 usr/lib64/pkgconfig/
-rw-r--r-- root/root       259 2022-07-27 13:56 usr/lib64/pkgconfig/avahi-client.pc
-rw-r--r-- root/root       281 2022-07-27 13:56 usr/lib64/pkgconfig/avahi-compat-libdns_sd.pc
-rw-r--r-- root/root       257 2022-07-27 13:56 usr/lib64/pkgconfig/avahi-core.pc
-rw-r--r-- root/root       257 2022-07-27 13:56 usr/lib64/pkgconfig/avahi-glib.pc
-rw-r--r-- root/root       315 2022-07-27 13:56 usr/lib64/pkgconfig/avahi-gobject.pc
-rw-r--r-- root/root       275 2022-07-27 13:56 usr/lib64/pkgconfig/avahi-libevent.pc
-rw-r--r-- root/root       262 2022-07-27 13:56 usr/lib64/pkgconfig/avahi-qt5.pc
-rw-r--r-- root/root       292 2022-07-27 13:56 usr/lib64/pkgconfig/avahi-ui-gtk3.pc
drwxr-xr-x root/root         0 2022-07-27 13:56 usr/lib64/python2.7/
drwxr-xr-x root/root         0 2022-07-27 13:56 usr/lib64/python2.7/site-packages/
drwxr-xr-x root/root         0 2022-07-27 13:56 usr/lib64/python2.7/site-packages/avahi/
-rw-r--r-- root/root      3539 2022-07-27 13:56 usr/lib64/python2.7/site-packages/avahi/__init__.py
-rw-r--r-- root/root      3849 2022-07-27 13:56 usr/lib64/python2.7/site-packages/avahi/__init__.pyc
-rw-r--r-- root/root      3849 2022-07-27 13:56 usr/lib64/python2.7/site-packages/avahi/__init__.pyo
drwxr-xr-x root/root         0 2022-07-27 13:56 usr/man/
drwxr-xr-x root/root         0 2022-07-27 13:56 usr/man/man1/
-rw-r--r-- root/root       890 2022-07-27 13:56 usr/man/man1/avahi-bookmarks.1.gz
-rw-r--r-- root/root      1084 2022-07-27 13:56 usr/man/man1/avahi-browse.1.gz
-rw-r--r-- root/root      1069 2022-07-27 13:56 usr/man/man1/avahi-publish.1.gz
-rw-r--r-- root/root       637 2022-07-27 13:56 usr/man/man1/avahi-resolve.1.gz
-rw-r--r-- root/root       453 2022-07-27 13:56 usr/man/man1/avahi-set-host-name.1.gz
drwxr-xr-x root/root         0 2022-07-27 13:56 usr/man/man5/
-rw-r--r-- root/root      4264 2022-07-27 13:56 usr/man/man5/avahi-daemon.conf.5.gz
-rw-r--r-- root/root       532 2022-07-27 13:56 usr/man/man5/avahi.hosts.5.gz
-rw-r--r-- root/root      1552 2022-07-27 13:56 usr/man/man5/avahi.service.5.gz
drwxr-xr-x root/root         0 2022-07-27 13:56 usr/man/man8/
-rw-r--r-- root/root      1645 2022-07-27 13:56 usr/man/man8/avahi-daemon.8.gz
-rw-r--r-- root/root       800 2022-07-27 13:56 usr/man/man8/avahi-dnsconfd.8.gz
-rw-r--r-- root/root       723 2022-07-27 13:56 usr/man/man8/avahi-dnsconfd.action.8.gz
drwxr-xr-x root/root         0 2022-07-27 13:56 usr/sbin/
-rwxr-xr-x root/root    183168 2022-07-27 13:56 usr/sbin/avahi-daemon
-rwxr-xr-x root/root     33744 2022-07-27 13:56 usr/sbin/avahi-dnsconfd
drwxr-xr-x root/root         0 2022-07-27 13:56 usr/share/
drwxr-xr-x root/root         0 2022-07-27 13:56 usr/share/applications/
-rw-r--r-- root/root      3899 2022-07-27 13:56 usr/share/applications/bssh.desktop
-rw-r--r-- root/root      3833 2022-07-27 13:56 usr/share/applications/bvnc.desktop
drwxr-xr-x root/root         0 2022-07-27 13:56 usr/share/avahi/
-rw-r--r-- root/root       612 2022-07-27 13:56 usr/share/avahi/avahi-service.dtd
drwxr-xr-x root/root         0 2022-07-27 13:56 usr/share/avahi/interfaces/
-rw-r--r-- root/root      4101 2022-07-27 13:56 usr/share/avahi/interfaces/avahi-discover.ui
drwxr-xr-x root/root         0 2022-07-27 13:56 usr/share/dbus-1/
drwxr-xr-x root/root         0 2022-07-27 13:56 usr/share/dbus-1/interfaces/
-rw-r--r-- root/root      1635 2022-07-27 13:56 usr/share/dbus-1/interfaces/org.freedesktop.Avahi.AddressResolver.xml
-rw-r--r-- root/root      1728 2022-07-27 13:56 usr/share/dbus-1/interfaces/org.freedesktop.Avahi.DomainBrowser.xml
-rw-r--r-- root/root      3596 2022-07-27 13:56 usr/share/dbus-1/interfaces/org.freedesktop.Avahi.EntryGroup.xml
-rw-r--r-- root/root      1636 2022-07-27 13:56 usr/share/dbus-1/interfaces/org.freedesktop.Avahi.HostNameResolver.xml
-rw-r--r-- root/root      1934 2022-07-27 13:56 usr/share/dbus-1/interfaces/org.freedesktop.Avahi.RecordBrowser.xml
-rw-r--r-- root/root     14334 2022-07-27 13:56 usr/share/dbus-1/interfaces/org.freedesktop.Avahi.Server.xml
-rw-r--r-- root/root      1865 2022-07-27 13:56 usr/share/dbus-1/interfaces/org.freedesktop.Avahi.ServiceBrowser.xml
-rw-r--r-- root/root      1888 2022-07-27 13:56 usr/share/dbus-1/interfaces/org.freedesktop.Avahi.ServiceResolver.xml
-rw-r--r-- root/root      1801 2022-07-27 13:56 usr/share/dbus-1/interfaces/org.freedesktop.Avahi.ServiceTypeBrowser.xml
drwxr-xr-x root/root         0 2022-07-27 13:56 usr/share/dbus-1/system.d/
-rw-r--r-- root/root      1144 2022-07-27 13:56 usr/share/dbus-1/system.d/avahi-dbus.conf
drwxr-xr-x root/root         0 2022-07-27 13:56 usr/share/gir-1.0/
-rw-r--r-- root/root     57041 2022-07-27 13:56 usr/share/gir-1.0/Avahi-0.6.gir
-rw-r--r-- root/root      2329 2022-07-27 13:56 usr/share/gir-1.0/AvahiCore-0.6.gir
drwxr-xr-x root/root         0 2022-07-27 13:56 usr/share/locale/
drwxr-xr-x root/root         0 2022-07-27 13:56 usr/share/locale/ach/
drwxr-xr-x root/root         0 2022-07-27 13:56 usr/share/locale/ach/LC_MESSAGES/
-rw-r--r-- root/root       412 2022-07-27 13:56 usr/share/locale/ach/LC_MESSAGES/avahi.mo
drwxr-xr-x root/root         0 2022-07-27 13:56 usr/share/locale/ar/
drwxr-xr-x root/root         0 2022-07-27 13:56 usr/share/locale/ar/LC_MESSAGES/
-rw-r--r-- root/root      6907 2022-07-27 13:56 usr/share/locale/ar/LC_MESSAGES/avahi.mo
drwxr-xr-x root/root         0 2022-07-27 13:56 usr/share/locale/bg/
drwxr-xr-x root/root         0 2022-07-27 13:56 usr/share/locale/bg/LC_MESSAGES/
-rw-r--r-- root/root     21435 2022-07-27 13:56 usr/share/locale/bg/LC_MESSAGES/avahi.mo
drwxr-xr-x root/root         0 2022-07-27 13:56 usr/share/locale/ca/
drwxr-xr-x root/root         0 2022-07-27 13:56 usr/share/locale/ca/LC_MESSAGES/
-rw-r--r-- root/root     17663 2022-07-27 13:56 usr/share/locale/ca/LC_MESSAGES/avahi.mo
drwxr-xr-x root/root         0 2022-07-27 13:56 usr/share/locale/cs/
drwxr-xr-x root/root         0 2022-07-27 13:56 usr/share/locale/cs/LC_MESSAGES/
-rw-r--r-- root/root     13140 2022-07-27 13:56 usr/share/locale/cs/LC_MESSAGES/avahi.mo
drwxr-xr-x root/root         0 2022-07-27 13:56 usr/share/locale/da/
drwxr-xr-x root/root         0 2022-07-27 13:56 usr/share/locale/da/LC_MESSAGES/
-rw-r--r-- root/root     16741 2022-07-27 13:56 usr/share/locale/da/LC_MESSAGES/avahi.mo
drwxr-xr-x root/root         0 2022-07-27 13:56 usr/share/locale/de/
drwxr-xr-x root/root         0 2022-07-27 13:56 usr/share/locale/de/LC_MESSAGES/
-rw-r--r-- root/root     17399 2022-07-27 13:56 usr/share/locale/de/LC_MESSAGES/avahi.mo
drwxr-xr-x root/root         0 2022-07-27 13:56 usr/share/locale/el/
drwxr-xr-x root/root         0 2022-07-27 13:56 usr/share/locale/el/LC_MESSAGES/
-rw-r--r-- root/root     21783 2022-07-27 13:56 usr/share/locale/el/LC_MESSAGES/avahi.mo
drwxr-xr-x root/root         0 2022-07-27 13:56 usr/share/locale/en_AU/
drwxr-xr-x root/root         0 2022-07-27 13:56 usr/share/locale/en_AU/LC_MESSAGES/
-rw-r--r-- root/root       526 2022-07-27 13:56 usr/share/locale/en_AU/LC_MESSAGES/avahi.mo
drwxr-xr-x root/root         0 2022-07-27 13:56 usr/share/locale/en_CA/
drwxr-xr-x root/root         0 2022-07-27 13:56 usr/share/locale/en_CA/LC_MESSAGES/
-rw-r--r-- root/root       305 2022-07-27 13:56 usr/share/locale/en_CA/LC_MESSAGES/avahi.mo
drwxr-xr-x root/root         0 2022-07-27 13:56 usr/share/locale/en_GB/
drwxr-xr-x root/root         0 2022-07-27 13:56 usr/share/locale/en_GB/LC_MESSAGES/
-rw-r--r-- root/root     16272 2022-07-27 13:56 usr/share/locale/en_GB/LC_MESSAGES/avahi.mo
drwxr-xr-x root/root         0 2022-07-27 13:56 usr/share/locale/en_NZ/
drwxr-xr-x root/root         0 2022-07-27 13:56 usr/share/locale/en_NZ/LC_MESSAGES/
-rw-r--r-- root/root     14220 2022-07-27 13:56 usr/share/locale/en_NZ/LC_MESSAGES/avahi.mo
drwxr-xr-x root/root         0 2022-07-27 13:56 usr/share/locale/eo/
drwxr-xr-x root/root         0 2022-07-27 13:56 usr/share/locale/eo/LC_MESSAGES/
-rw-r--r-- root/root      4046 2022-07-27 13:56 usr/share/locale/eo/LC_MESSAGES/avahi.mo
drwxr-xr-x root/root         0 2022-07-27 13:56 usr/share/locale/es/
drwxr-xr-x root/root         0 2022-07-27 13:56 usr/share/locale/es/LC_MESSAGES/
-rw-r--r-- root/root     17415 2022-07-27 13:56 usr/share/locale/es/LC_MESSAGES/avahi.mo
drwxr-xr-x root/root         0 2022-07-27 13:56 usr/share/locale/et/
drwxr-xr-x root/root         0 2022-07-27 13:56 usr/share/locale/et/LC_MESSAGES/
-rw-r--r-- root/root      9657 2022-07-27 13:56 usr/share/locale/et/LC_MESSAGES/avahi.mo
drwxr-xr-x root/root         0 2022-07-27 13:56 usr/share/locale/fa/
drwxr-xr-x root/root         0 2022-07-27 13:56 usr/share/locale/fa/LC_MESSAGES/
-rw-r--r-- root/root      5845 2022-07-27 13:56 usr/share/locale/fa/LC_MESSAGES/avahi.mo
drwxr-xr-x root/root         0 2022-07-27 13:56 usr/share/locale/fi/
drwxr-xr-x root/root         0 2022-07-27 13:56 usr/share/locale/fi/LC_MESSAGES/
-rw-r--r-- root/root     15951 2022-07-27 13:56 usr/share/locale/fi/LC_MESSAGES/avahi.mo
drwxr-xr-x root/root         0 2022-07-27 13:56 usr/share/locale/fo/
drwxr-xr-x root/root         0 2022-07-27 13:56 usr/share/locale/fo/LC_MESSAGES/
-rw-r--r-- root/root      8623 2022-07-27 13:56 usr/share/locale/fo/LC_MESSAGES/avahi.mo
drwxr-xr-x root/root         0 2022-07-27 13:56 usr/share/locale/fr/
drwxr-xr-x root/root         0 2022-07-27 13:56 usr/share/locale/fr/LC_MESSAGES/
-rw-r--r-- root/root     17409 2022-07-27 13:56 usr/share/locale/fr/LC_MESSAGES/avahi.mo
drwxr-xr-x root/root         0 2022-07-27 13:56 usr/share/locale/gl/
drwxr-xr-x root/root         0 2022-07-27 13:56 usr/share/locale/gl/LC_MESSAGES/
-rw-r--r-- root/root     17992 2022-07-27 13:56 usr/share/locale/gl/LC_MESSAGES/avahi.mo
drwxr-xr-x root/root         0 2022-07-27 13:56 usr/share/locale/he/
drwxr-xr-x root/root         0 2022-07-27 13:56 usr/share/locale/he/LC_MESSAGES/
-rw-r--r-- root/root      7843 2022-07-27 13:56 usr/share/locale/he/LC_MESSAGES/avahi.mo
drwxr-xr-x root/root         0 2022-07-27 13:56 usr/share/locale/hu/
drwxr-xr-x root/root         0 2022-07-27 13:56 usr/share/locale/hu/LC_MESSAGES/
-rw-r--r-- root/root     17821 2022-07-27 13:56 usr/share/locale/hu/LC_MESSAGES/avahi.mo
drwxr-xr-x root/root         0 2022-07-27 13:56 usr/share/locale/id/
drwxr-xr-x root/root         0 2022-07-27 13:56 usr/share/locale/id/LC_MESSAGES/
-rw-r--r-- root/root     16508 2022-07-27 13:56 usr/share/locale/id/LC_MESSAGES/avahi.mo
drwxr-xr-x root/root         0 2022-07-27 13:56 usr/share/locale/it/
drwxr-xr-x root/root         0 2022-07-27 13:56 usr/share/locale/it/LC_MESSAGES/
-rw-r--r-- root/root     17366 2022-07-27 13:56 usr/share/locale/it/LC_MESSAGES/avahi.mo
drwxr-xr-x root/root         0 2022-07-27 13:56 usr/share/locale/ja/
drwxr-xr-x root/root         0 2022-07-27 13:56 usr/share/locale/ja/LC_MESSAGES/
-rw-r--r-- root/root     19023 2022-07-27 13:56 usr/share/locale/ja/LC_MESSAGES/avahi.mo
drwxr-xr-x root/root         0 2022-07-27 13:56 usr/share/locale/ko/
drwxr-xr-x root/root         0 2022-07-27 13:56 usr/share/locale/ko/LC_MESSAGES/
-rw-r--r-- root/root       419 2022-07-27 13:56 usr/share/locale/ko/LC_MESSAGES/avahi.mo
drwxr-xr-x root/root         0 2022-07-27 13:56 usr/share/locale/lv/
drwxr-xr-x root/root         0 2022-07-27 13:56 usr/share/locale/lv/LC_MESSAGES/
-rw-r--r-- root/root     16858 2022-07-27 13:56 usr/share/locale/lv/LC_MESSAGES/avahi.mo
drwxr-xr-x root/root         0 2022-07-27 13:56 usr/share/locale/ms/
drwxr-xr-x root/root         0 2022-07-27 13:56 usr/share/locale/ms/LC_MESSAGES/
-rw-r--r-- root/root      2468 2022-07-27 13:56 usr/share/locale/ms/LC_MESSAGES/avahi.mo
drwxr-xr-x root/root         0 2022-07-27 13:56 usr/share/locale/nl/
drwxr-xr-x root/root         0 2022-07-27 13:56 usr/share/locale/nl/LC_MESSAGES/
-rw-r--r-- root/root     16548 2022-07-27 13:56 usr/share/locale/nl/LC_MESSAGES/avahi.mo
drwxr-xr-x root/root         0 2022-07-27 13:56 usr/share/locale/oc/
drwxr-xr-x root/root         0 2022-07-27 13:56 usr/share/locale/oc/LC_MESSAGES/
-rw-r--r-- root/root     17491 2022-07-27 13:56 usr/share/locale/oc/LC_MESSAGES/avahi.mo
drwxr-xr-x root/root         0 2022-07-27 13:56 usr/share/locale/pl/
drwxr-xr-x root/root         0 2022-07-27 13:56 usr/share/locale/pl/LC_MESSAGES/
-rw-r--r-- root/root     17861 2022-07-27 13:56 usr/share/locale/pl/LC_MESSAGES/avahi.mo
drwxr-xr-x root/root         0 2022-07-27 13:56 usr/share/locale/pt_BR/
drwxr-xr-x root/root         0 2022-07-27 13:56 usr/share/locale/pt_BR/LC_MESSAGES/
-rw-r--r-- root/root     17347 2022-07-27 13:56 usr/share/locale/pt_BR/LC_MESSAGES/avahi.mo
drwxr-xr-x root/root         0 2022-07-27 13:56 usr/share/locale/ro/
drwxr-xr-x root/root         0 2022-07-27 13:56 usr/share/locale/ro/LC_MESSAGES/
-rw-r--r-- root/root     17054 2022-07-27 13:56 usr/share/locale/ro/LC_MESSAGES/avahi.mo
drwxr-xr-x root/root         0 2022-07-27 13:56 usr/share/locale/ru/
drwxr-xr-x root/root         0 2022-07-27 13:56 usr/share/locale/ru/LC_MESSAGES/
-rw-r--r-- root/root     20792 2022-07-27 13:56 usr/share/locale/ru/LC_MESSAGES/avahi.mo
drwxr-xr-x root/root         0 2022-07-27 13:56 usr/share/locale/sk/
drwxr-xr-x root/root         0 2022-07-27 13:56 usr/share/locale/sk/LC_MESSAGES/
-rw-r--r-- root/root     17434 2022-07-27 13:56 usr/share/locale/sk/LC_MESSAGES/avahi.mo
drwxr-xr-x root/root         0 2022-07-27 13:56 usr/share/locale/sl/
drwxr-xr-x root/root         0 2022-07-27 13:56 usr/share/locale/sl/LC_MESSAGES/
-rw-r--r-- root/root     17219 2022-07-27 13:56 usr/share/locale/sl/LC_MESSAGES/avahi.mo
drwxr-xr-x root/root         0 2022-07-27 13:56 usr/share/locale/sr/
drwxr-xr-x root/root         0 2022-07-27 13:56 usr/share/locale/sr/LC_MESSAGES/
-rw-r--r-- root/root     21702 2022-07-27 13:56 usr/share/locale/sr/LC_MESSAGES/avahi.mo
drwxr-xr-x root/root         0 2022-07-27 13:56 usr/share/locale/sr@latin/
drwxr-xr-x root/root         0 2022-07-27 13:56 usr/share/locale/sr@latin/LC_MESSAGES/
-rw-r--r-- root/root     17413 2022-07-27 13:56 usr/share/locale/sr@latin/LC_MESSAGES/avahi.mo
drwxr-xr-x root/root         0 2022-07-27 13:56 usr/share/locale/sv/
drwxr-xr-x root/root         0 2022-07-27 13:56 usr/share/locale/sv/LC_MESSAGES/
-rw-r--r-- root/root     17014 2022-07-27 13:56 usr/share/locale/sv/LC_MESSAGES/avahi.mo
drwxr-xr-x root/root         0 2022-07-27 13:56 usr/share/locale/tr/
drwxr-xr-x root/root         0 2022-07-27 13:56 usr/share/locale/tr/LC_MESSAGES/
-rw-r--r-- root/root     17181 2022-07-27 13:56 usr/share/locale/tr/LC_MESSAGES/avahi.mo
drwxr-xr-x root/root         0 2022-07-27 13:56 usr/share/locale/uk/
drwxr-xr-x root/root         0 2022-07-27 13:56 usr/share/locale/uk/LC_MESSAGES/
-rw-r--r-- root/root     21863 2022-07-27 13:56 usr/share/locale/uk/LC_MESSAGES/avahi.mo
drwxr-xr-x root/root         0 2022-07-27 13:56 usr/share/locale/zh_CN/
drwxr-xr-x root/root         0 2022-07-27 13:56 usr/share/locale/zh_CN/LC_MESSAGES/
-rw-r--r-- root/root     15737 2022-07-27 13:56 usr/share/locale/zh_CN/LC_MESSAGES/avahi.mo
drwxr-xr-x root/root         0 2022-07-27 13:56 usr/share/locale/zh_TW/
drwxr-xr-x root/root         0 2022-07-27 13:56 usr/share/locale/zh_TW/LC_MESSAGES/
-rw-r--r-- root/root     16045 2022-07-27 13:56 usr/share/locale/zh_TW/LC_MESSAGES/avahi.mo


