++========================================
||
||   Package:  ./dnsperf/dnsperf-2.9.0-x86_64-1cf.txz
||
++========================================
drwxr-xr-x root/root         0 2021-12-08 12:46 ./
drwxr-xr-x root/root         0 2021-12-08 12:46 install/
-rw-r--r-- root/root       946 2021-12-08 12:46 install/slack-desc
drwxr-xr-x root/root         0 2021-12-08 12:46 usr/
drwxr-xr-x root/root         0 2021-12-08 12:46 usr/bin/
-rwxr-xr-x root/root    107864 2021-12-08 12:46 usr/bin/dnsperf
-rwxr-xr-x root/root    104176 2021-12-08 12:46 usr/bin/resperf
-rwxr-xr-x root/root      2624 2021-12-08 12:46 usr/bin/resperf-report
drwxr-xr-x root/root         0 2021-12-08 12:46 usr/doc/
drwxr-xr-x root/root         0 2021-12-08 12:46 usr/doc/dnsperf-2.9.0/
-rw-r--r-- root/root     22316 2021-12-08 11:48 usr/doc/dnsperf-2.9.0/CHANGES
-rw-r--r-- root/root     10143 2019-02-19 11:08 usr/doc/dnsperf-2.9.0/LICENSE
-rw-r--r-- root/root      4185 2021-08-09 14:25 usr/doc/dnsperf-2.9.0/README.md
-rw-r--r-- root/root      4249 2021-12-08 12:46 usr/doc/dnsperf-2.9.0/dnsperf.SlackBuild
drwxr-xr-x root/root         0 2021-12-08 12:46 usr/man/
drwxr-xr-x root/root         0 2021-12-08 12:46 usr/man/man1/
-rw-r--r-- root/root      4965 2021-12-08 12:46 usr/man/man1/dnsperf.1.gz
-rw-r--r-- root/root     10047 2021-12-08 12:46 usr/man/man1/resperf.1.gz


