++========================================
||
||   Package:  ./p7zip/p7zip-17.04-x86_64-2cf.txz
||
++========================================
drwxr-xr-x root/root         0 2022-07-31 10:19 ./
drwxr-xr-x root/root         0 2022-07-31 10:19 install/
-rw-r--r-- root/root       748 2022-07-31 10:19 install/slack-desc
-rw-r--r-- root/root         6 2022-07-31 10:19 install/slack-required
drwxr-xr-x root/root         0 2022-07-31 10:19 usr/
drwxr-xr-x root/root         0 2022-07-31 10:19 usr/bin/
-rwxr-xr-x root/root        38 2022-07-31 10:19 usr/bin/7z
-rwxr-xr-x root/root        39 2022-07-31 10:19 usr/bin/7za
-rwxr-xr-x root/root        39 2022-07-31 10:19 usr/bin/7zr
-rwxr-xr-x root/root      2512 2022-07-31 10:19 usr/bin/p7zip
drwxr-xr-x root/root         0 2022-07-31 10:19 usr/doc/
drwxr-xr-x root/root         0 2022-07-31 10:19 usr/doc/p7zip-17.04/
-rw-r--r-- root/root      5339 2022-07-31 10:19 usr/doc/p7zip-17.04/7zC.txt
-rw-r--r-- root/root      7104 2022-07-31 10:19 usr/doc/p7zip-17.04/7zFormat.txt
-rw-r--r-- root/root     41186 2022-07-31 10:19 usr/doc/p7zip-17.04/ChangeLog
-rw-r--r-- root/root      1886 2022-07-31 10:19 usr/doc/p7zip-17.04/License.txt
drwxr-xr-x root/root         0 2022-07-31 10:19 usr/doc/p7zip-17.04/MANUAL/
-rw-r--r-- root/root    107552 2022-07-31 10:19 usr/doc/p7zip-17.04/MANUAL/7-zip.chm
drwxr-xr-x root/root         0 2022-07-31 10:19 usr/doc/p7zip-17.04/MANUAL/cmdline/
drwxr-xr-x root/root         0 2022-07-31 10:19 usr/doc/p7zip-17.04/MANUAL/cmdline/commands/
-rw-r--r-- root/root      3124 2022-07-31 10:19 usr/doc/p7zip-17.04/MANUAL/cmdline/commands/add.htm
-rw-r--r-- root/root      3044 2022-07-31 10:19 usr/doc/p7zip-17.04/MANUAL/cmdline/commands/bench.htm
-rw-r--r-- root/root      1723 2022-07-31 10:19 usr/doc/p7zip-17.04/MANUAL/cmdline/commands/delete.htm
-rw-r--r-- root/root      3581 2022-07-31 10:19 usr/doc/p7zip-17.04/MANUAL/cmdline/commands/extract.htm
-rw-r--r-- root/root      2522 2022-07-31 10:19 usr/doc/p7zip-17.04/MANUAL/cmdline/commands/extract_full.htm
-rw-r--r-- root/root      1772 2022-07-31 10:19 usr/doc/p7zip-17.04/MANUAL/cmdline/commands/hash.htm
-rw-r--r-- root/root      1634 2022-07-31 10:19 usr/doc/p7zip-17.04/MANUAL/cmdline/commands/index.htm
-rw-r--r-- root/root      2097 2022-07-31 10:19 usr/doc/p7zip-17.04/MANUAL/cmdline/commands/list.htm
-rw-r--r-- root/root      1370 2022-07-31 10:19 usr/doc/p7zip-17.04/MANUAL/cmdline/commands/rename.htm
-rw-r--r-- root/root      2618 2022-07-31 10:19 usr/doc/p7zip-17.04/MANUAL/cmdline/commands/style.css
-rw-r--r-- root/root      1411 2022-07-31 10:19 usr/doc/p7zip-17.04/MANUAL/cmdline/commands/test.htm
-rw-r--r-- root/root      2267 2022-07-31 10:19 usr/doc/p7zip-17.04/MANUAL/cmdline/commands/update.htm
-rw-r--r-- root/root       827 2022-07-31 10:19 usr/doc/p7zip-17.04/MANUAL/cmdline/exit_codes.htm
-rw-r--r-- root/root       893 2022-07-31 10:19 usr/doc/p7zip-17.04/MANUAL/cmdline/index.htm
-rw-r--r-- root/root      2618 2022-07-31 10:19 usr/doc/p7zip-17.04/MANUAL/cmdline/style.css
drwxr-xr-x root/root         0 2022-07-31 10:19 usr/doc/p7zip-17.04/MANUAL/cmdline/switches/
-rw-r--r-- root/root      1393 2022-07-31 10:19 usr/doc/p7zip-17.04/MANUAL/cmdline/switches/ar_exclude.htm
-rw-r--r-- root/root      2373 2022-07-31 10:19 usr/doc/p7zip-17.04/MANUAL/cmdline/switches/ar_include.htm
-rw-r--r-- root/root      1346 2022-07-31 10:19 usr/doc/p7zip-17.04/MANUAL/cmdline/switches/ar_no.htm
-rw-r--r-- root/root      1876 2022-07-31 10:19 usr/doc/p7zip-17.04/MANUAL/cmdline/switches/bb.htm
-rw-r--r-- root/root      1930 2022-07-31 10:19 usr/doc/p7zip-17.04/MANUAL/cmdline/switches/bs.htm
-rw-r--r-- root/root      1936 2022-07-31 10:19 usr/doc/p7zip-17.04/MANUAL/cmdline/switches/charset.htm
-rw-r--r-- root/root      1904 2022-07-31 10:19 usr/doc/p7zip-17.04/MANUAL/cmdline/switches/exclude.htm
-rw-r--r-- root/root      2822 2022-07-31 10:19 usr/doc/p7zip-17.04/MANUAL/cmdline/switches/include.htm
-rw-r--r-- root/root      5749 2022-07-31 10:19 usr/doc/p7zip-17.04/MANUAL/cmdline/switches/index.htm
-rw-r--r-- root/root      2129 2022-07-31 10:19 usr/doc/p7zip-17.04/MANUAL/cmdline/switches/large_pages.htm
-rw-r--r-- root/root       766 2022-07-31 10:19 usr/doc/p7zip-17.04/MANUAL/cmdline/switches/list_tech.htm
-rw-r--r-- root/root     35473 2022-07-31 10:19 usr/doc/p7zip-17.04/MANUAL/cmdline/switches/method.htm
-rw-r--r-- root/root      1309 2022-07-31 10:19 usr/doc/p7zip-17.04/MANUAL/cmdline/switches/output_dir.htm
-rw-r--r-- root/root      1460 2022-07-31 10:19 usr/doc/p7zip-17.04/MANUAL/cmdline/switches/overwrite.htm
-rw-r--r-- root/root      1325 2022-07-31 10:19 usr/doc/p7zip-17.04/MANUAL/cmdline/switches/password.htm
-rw-r--r-- root/root      2501 2022-07-31 10:19 usr/doc/p7zip-17.04/MANUAL/cmdline/switches/recurse.htm
-rw-r--r-- root/root      1378 2022-07-31 10:19 usr/doc/p7zip-17.04/MANUAL/cmdline/switches/sa.htm
-rw-r--r-- root/root       872 2022-07-31 10:19 usr/doc/p7zip-17.04/MANUAL/cmdline/switches/scc.htm
-rw-r--r-- root/root      1227 2022-07-31 10:19 usr/doc/p7zip-17.04/MANUAL/cmdline/switches/scrc.htm
-rw-r--r-- root/root       915 2022-07-31 10:19 usr/doc/p7zip-17.04/MANUAL/cmdline/switches/sdel.htm
-rw-r--r-- root/root      5418 2022-07-31 10:19 usr/doc/p7zip-17.04/MANUAL/cmdline/switches/sfx.htm
-rw-r--r-- root/root       971 2022-07-31 10:19 usr/doc/p7zip-17.04/MANUAL/cmdline/switches/shared.htm
-rw-r--r-- root/root      1329 2022-07-31 10:19 usr/doc/p7zip-17.04/MANUAL/cmdline/switches/sni.htm
-rw-r--r-- root/root      2172 2022-07-31 10:19 usr/doc/p7zip-17.04/MANUAL/cmdline/switches/sns.htm
-rw-r--r-- root/root      2345 2022-07-31 10:19 usr/doc/p7zip-17.04/MANUAL/cmdline/switches/spf.htm
-rw-r--r-- root/root      1416 2022-07-31 10:19 usr/doc/p7zip-17.04/MANUAL/cmdline/switches/ssc.htm
-rw-r--r-- root/root      1538 2022-07-31 10:19 usr/doc/p7zip-17.04/MANUAL/cmdline/switches/stdin.htm
-rw-r--r-- root/root      1384 2022-07-31 10:19 usr/doc/p7zip-17.04/MANUAL/cmdline/switches/stdout.htm
-rw-r--r-- root/root       939 2022-07-31 10:19 usr/doc/p7zip-17.04/MANUAL/cmdline/switches/stl.htm
-rw-r--r-- root/root       647 2022-07-31 10:19 usr/doc/p7zip-17.04/MANUAL/cmdline/switches/stop_switch.htm
-rw-r--r-- root/root      1344 2022-07-31 10:19 usr/doc/p7zip-17.04/MANUAL/cmdline/switches/stx.htm
-rw-r--r-- root/root      2618 2022-07-31 10:19 usr/doc/p7zip-17.04/MANUAL/cmdline/switches/style.css
-rw-r--r-- root/root      3652 2022-07-31 10:19 usr/doc/p7zip-17.04/MANUAL/cmdline/switches/type.htm
-rw-r--r-- root/root      7987 2022-07-31 10:19 usr/doc/p7zip-17.04/MANUAL/cmdline/switches/update.htm
-rw-r--r-- root/root      1276 2022-07-31 10:19 usr/doc/p7zip-17.04/MANUAL/cmdline/switches/volume.htm
-rw-r--r-- root/root      1666 2022-07-31 10:19 usr/doc/p7zip-17.04/MANUAL/cmdline/switches/working_dir.htm
-rw-r--r-- root/root      1207 2022-07-31 10:19 usr/doc/p7zip-17.04/MANUAL/cmdline/switches/yes.htm
-rw-r--r-- root/root      3948 2022-07-31 10:19 usr/doc/p7zip-17.04/MANUAL/cmdline/syntax.htm
drwxr-xr-x root/root         0 2022-07-31 10:19 usr/doc/p7zip-17.04/MANUAL/fm/
-rw-r--r-- root/root       497 2022-07-31 10:19 usr/doc/p7zip-17.04/MANUAL/fm/about.htm
-rw-r--r-- root/root      2066 2022-07-31 10:19 usr/doc/p7zip-17.04/MANUAL/fm/benchmark.htm
-rw-r--r-- root/root      1806 2022-07-31 10:19 usr/doc/p7zip-17.04/MANUAL/fm/index.htm
-rw-r--r-- root/root      9156 2022-07-31 10:19 usr/doc/p7zip-17.04/MANUAL/fm/menu.htm
-rw-r--r-- root/root      6090 2022-07-31 10:19 usr/doc/p7zip-17.04/MANUAL/fm/options.htm
drwxr-xr-x root/root         0 2022-07-31 10:19 usr/doc/p7zip-17.04/MANUAL/fm/plugins/
drwxr-xr-x root/root         0 2022-07-31 10:19 usr/doc/p7zip-17.04/MANUAL/fm/plugins/7-zip/
-rw-r--r-- root/root     12536 2022-07-31 10:19 usr/doc/p7zip-17.04/MANUAL/fm/plugins/7-zip/add.htm
-rw-r--r-- root/root      3053 2022-07-31 10:19 usr/doc/p7zip-17.04/MANUAL/fm/plugins/7-zip/extract.htm
-rw-r--r-- root/root      2225 2022-07-31 10:19 usr/doc/p7zip-17.04/MANUAL/fm/plugins/7-zip/index.htm
-rw-r--r-- root/root      2618 2022-07-31 10:19 usr/doc/p7zip-17.04/MANUAL/fm/plugins/7-zip/style.css
-rw-r--r-- root/root       511 2022-07-31 10:19 usr/doc/p7zip-17.04/MANUAL/fm/plugins/index.htm
-rw-r--r-- root/root      2618 2022-07-31 10:19 usr/doc/p7zip-17.04/MANUAL/fm/plugins/style.css
-rw-r--r-- root/root      2618 2022-07-31 10:19 usr/doc/p7zip-17.04/MANUAL/fm/style.css
drwxr-xr-x root/root         0 2022-07-31 10:19 usr/doc/p7zip-17.04/MANUAL/general/
-rw-r--r-- root/root      5691 2022-07-31 10:19 usr/doc/p7zip-17.04/MANUAL/general/7z.htm
-rw-r--r-- root/root      5891 2022-07-31 10:19 usr/doc/p7zip-17.04/MANUAL/general/faq.htm
-rw-r--r-- root/root      4744 2022-07-31 10:19 usr/doc/p7zip-17.04/MANUAL/general/formats.htm
-rw-r--r-- root/root       762 2022-07-31 10:19 usr/doc/p7zip-17.04/MANUAL/general/index.htm
-rw-r--r-- root/root       812 2022-07-31 10:19 usr/doc/p7zip-17.04/MANUAL/general/license.htm
-rw-r--r-- root/root      2093 2022-07-31 10:19 usr/doc/p7zip-17.04/MANUAL/general/performance.htm
-rw-r--r-- root/root      2618 2022-07-31 10:19 usr/doc/p7zip-17.04/MANUAL/general/style.css
-rw-r--r-- root/root      1564 2022-07-31 10:19 usr/doc/p7zip-17.04/MANUAL/general/thanks.htm
-rw-r--r-- root/root      1136 2022-07-31 10:19 usr/doc/p7zip-17.04/MANUAL/start.htm
-rw-r--r-- root/root      2618 2022-07-31 10:19 usr/doc/p7zip-17.04/MANUAL/style.css
-rw-r--r-- root/root      2834 2022-07-31 10:19 usr/doc/p7zip-17.04/Methods.txt
-rw-r--r-- root/root     12076 2022-07-31 10:19 usr/doc/p7zip-17.04/README
-rw-r--r-- root/root   1234944 2022-07-31 10:19 usr/doc/p7zip-17.04/Struct.EAP
-rw-r--r-- root/root        64 2022-07-31 10:19 usr/doc/p7zip-17.04/Struct.ldb
-rw-r--r-- root/root     26530 2022-07-31 10:19 usr/doc/p7zip-17.04/copying.txt
-rw-r--r-- root/root     10033 2022-07-31 10:19 usr/doc/p7zip-17.04/lzma.txt
drwxr-xr-x root/root         0 2022-07-31 10:19 usr/doc/p7zip-17.04/mc-vfs/
-rw-r--r-- root/root       450 2022-07-31 10:19 usr/doc/p7zip-17.04/mc-vfs/readme
-rw-r--r-- root/root       731 2022-07-31 10:19 usr/doc/p7zip-17.04/mc-vfs/readme.u7z
-rw-r--r-- root/root      4508 2022-07-31 10:19 usr/doc/p7zip-17.04/p7zip.SlackBuild
-rw-r--r-- root/root      5163 2022-07-31 10:19 usr/doc/p7zip-17.04/readme.txt
-rw-r--r-- root/root     16555 2022-07-31 10:19 usr/doc/p7zip-17.04/src-history.txt
-rw-r--r-- root/root      1921 2022-07-31 10:19 usr/doc/p7zip-17.04/unRarLicense.txt
drwxr-xr-x root/root         0 2022-07-31 10:19 usr/lib64/
drwxr-xr-x root/root         0 2022-07-31 10:19 usr/lib64/p7zip/
-rwxr-xr-x root/root    545280 2022-07-31 10:19 usr/lib64/p7zip/7z
-rwxr-xr-x root/root   4750992 2022-07-31 10:19 usr/lib64/p7zip/7z.so
-rwxr-xr-x root/root    429320 2022-07-31 10:19 usr/lib64/p7zip/7zCon.sfx
-rwxr-xr-x root/root   3369968 2022-07-31 10:19 usr/lib64/p7zip/7za
-rwxr-xr-x root/root   1004352 2022-07-31 10:19 usr/lib64/p7zip/7zr
drwxr-xr-x root/root         0 2022-07-31 10:19 usr/lib64/p7zip/Codecs/
-rwxr-xr-x root/root    118016 2022-07-31 10:19 usr/lib64/p7zip/Codecs/Rar.so
drwxr-xr-x root/root         0 2022-07-31 10:19 usr/man/
drwxr-xr-x root/root         0 2022-07-31 10:19 usr/man/man1/
-rw-r--r-- root/root      1963 2022-07-31 10:19 usr/man/man1/7z.1.gz
-rw-r--r-- root/root      1994 2022-07-31 10:19 usr/man/man1/7za.1.gz
-rw-r--r-- root/root      1958 2022-07-31 10:19 usr/man/man1/7zr.1.gz
-rw-r--r-- root/root       555 2022-07-31 10:19 usr/man/man1/p7zip.1.gz
drwxr-xr-x root/root         0 2022-07-31 10:19 usr/share/
drwxr-xr-x root/root         0 2022-07-31 10:19 usr/share/mc/
drwxr-xr-x root/root         0 2022-07-31 10:19 usr/share/mc/extfs/
-rwxr-xr-x root/root      3372 2022-07-31 10:19 usr/share/mc/extfs/u7z


