++========================================
||
||   Package:  ./google-webdesigner-bin/google-webdesigner-bin-12.0.0.0719_1-x86_64-2cf.txz
||
++========================================
drwxr-xr-x root/root         0 2021-08-11 09:16 ./
drwxr-xr-x root/root         0 2021-08-11 09:16 install/
-rw-r--r-- root/root       516 2021-08-11 09:16 install/doinst.sh
-rw-r--r-- root/root      1073 2021-08-11 09:16 install/slack-desc
drwxr-xr-x root/root         0 2021-07-21 19:48 opt/
drwxr-xr-x root/root         0 2021-07-21 19:48 opt/google/
drwxr-xr-x root/root         0 2021-07-21 19:49 opt/google/webdesigner/
-rw-r--r-- root/root   1977036 2021-07-21 19:48 opt/google/webdesigner/cef.pak
-rw-r--r-- root/root    215513 2021-07-21 19:48 opt/google/webdesigner/cef_100_percent.pak
-rw-r--r-- root/root    292528 2021-07-21 19:48 opt/google/webdesigner/cef_200_percent.pak
-rw-r--r-- root/root   1324256 2021-07-21 19:48 opt/google/webdesigner/cef_extensions.pak
-rwxr-xr-x root/root   1692728 2021-07-21 19:48 opt/google/webdesigner/chrome-sandbox
drwxr-xr-x root/root         0 2021-07-21 19:49 opt/google/webdesigner/cron/
-rwxr-xr-x root/root     14866 2021-07-21 19:49 opt/google/webdesigner/cron/google-webdesigner
-rw-r--r-- root/root   2253677 2021-07-21 19:48 opt/google/webdesigner/devtools_resources.pak
-rw-r--r-- root/root  10413552 2021-07-21 19:48 opt/google/webdesigner/icudtl.dat
-rw-r--r-- root/root    330032 2021-07-21 19:49 opt/google/webdesigner/libEGL.so
-rw-r--r-- root/root   7263696 2021-07-21 19:49 opt/google/webdesigner/libGLESv2.so
-rw-r--r-- root/root 165359200 2021-07-21 19:49 opt/google/webdesigner/libcef.so
drwxr-xr-x root/root         0 2021-07-21 19:48 opt/google/webdesigner/locales/
-rw-r--r-- root/root    429056 2021-07-21 19:48 opt/google/webdesigner/locales/am.pak
-rw-r--r-- root/root    451462 2021-07-21 19:48 opt/google/webdesigner/locales/ar.pak
-rw-r--r-- root/root    488513 2021-07-21 19:48 opt/google/webdesigner/locales/bg.pak
-rw-r--r-- root/root    636817 2021-07-21 19:48 opt/google/webdesigner/locales/bn.pak
-rw-r--r-- root/root    301385 2021-07-21 19:48 opt/google/webdesigner/locales/ca.pak
-rw-r--r-- root/root    307568 2021-07-21 19:48 opt/google/webdesigner/locales/cs.pak
-rw-r--r-- root/root    277568 2021-07-21 19:48 opt/google/webdesigner/locales/da.pak
-rw-r--r-- root/root    299206 2021-07-21 19:48 opt/google/webdesigner/locales/de.pak
-rw-r--r-- root/root    535291 2021-07-21 19:48 opt/google/webdesigner/locales/el.pak
-rw-r--r-- root/root    244542 2021-07-21 19:48 opt/google/webdesigner/locales/en-GB.pak
-rw-r--r-- root/root    247252 2021-07-21 19:48 opt/google/webdesigner/locales/en-US.pak
-rw-r--r-- root/root    295491 2021-07-21 19:48 opt/google/webdesigner/locales/es-419.pak
-rw-r--r-- root/root    299400 2021-07-21 19:48 opt/google/webdesigner/locales/es.pak
-rw-r--r-- root/root    267311 2021-07-21 19:48 opt/google/webdesigner/locales/et.pak
-rw-r--r-- root/root    430827 2021-07-21 19:48 opt/google/webdesigner/locales/fa.pak
-rw-r--r-- root/root    275088 2021-07-21 19:48 opt/google/webdesigner/locales/fi.pak
-rw-r--r-- root/root    306769 2021-07-21 19:48 opt/google/webdesigner/locales/fil.pak
-rw-r--r-- root/root    325308 2021-07-21 19:48 opt/google/webdesigner/locales/fr.pak
-rw-r--r-- root/root    608437 2021-07-21 19:48 opt/google/webdesigner/locales/gu.pak
-rw-r--r-- root/root    376624 2021-07-21 19:48 opt/google/webdesigner/locales/he.pak
-rw-r--r-- root/root    632648 2021-07-21 19:48 opt/google/webdesigner/locales/hi.pak
-rw-r--r-- root/root    295575 2021-07-21 19:48 opt/google/webdesigner/locales/hr.pak
-rw-r--r-- root/root    317861 2021-07-21 19:48 opt/google/webdesigner/locales/hu.pak
-rw-r--r-- root/root    264958 2021-07-21 19:48 opt/google/webdesigner/locales/id.pak
-rw-r--r-- root/root    290396 2021-07-21 19:48 opt/google/webdesigner/locales/it.pak
-rw-r--r-- root/root    359525 2021-07-21 19:48 opt/google/webdesigner/locales/ja.pak
-rw-r--r-- root/root    709407 2021-07-21 19:48 opt/google/webdesigner/locales/kn.pak
-rw-r--r-- root/root    302187 2021-07-21 19:48 opt/google/webdesigner/locales/ko.pak
-rw-r--r-- root/root    318015 2021-07-21 19:48 opt/google/webdesigner/locales/lt.pak
-rw-r--r-- root/root    316028 2021-07-21 19:48 opt/google/webdesigner/locales/lv.pak
-rw-r--r-- root/root    746344 2021-07-21 19:48 opt/google/webdesigner/locales/ml.pak
-rw-r--r-- root/root    596294 2021-07-21 19:48 opt/google/webdesigner/locales/mr.pak
-rw-r--r-- root/root    275762 2021-07-21 19:48 opt/google/webdesigner/locales/ms.pak
-rw-r--r-- root/root    270624 2021-07-21 19:48 opt/google/webdesigner/locales/nb.pak
-rw-r--r-- root/root    281600 2021-07-21 19:48 opt/google/webdesigner/locales/nl.pak
-rw-r--r-- root/root    307657 2021-07-21 19:48 opt/google/webdesigner/locales/pl.pak
-rw-r--r-- root/root    291358 2021-07-21 19:48 opt/google/webdesigner/locales/pt-BR.pak
-rw-r--r-- root/root    295583 2021-07-21 19:48 opt/google/webdesigner/locales/pt-PT.pak
-rw-r--r-- root/root    302712 2021-07-21 19:48 opt/google/webdesigner/locales/ro.pak
-rw-r--r-- root/root    487769 2021-07-21 19:48 opt/google/webdesigner/locales/ru.pak
-rw-r--r-- root/root    313120 2021-07-21 19:48 opt/google/webdesigner/locales/sk.pak
-rw-r--r-- root/root    299524 2021-07-21 19:48 opt/google/webdesigner/locales/sl.pak
-rw-r--r-- root/root    461133 2021-07-21 19:48 opt/google/webdesigner/locales/sr.pak
-rw-r--r-- root/root    272305 2021-07-21 19:48 opt/google/webdesigner/locales/sv.pak
-rw-r--r-- root/root    279109 2021-07-21 19:48 opt/google/webdesigner/locales/sw.pak
-rw-r--r-- root/root    718841 2021-07-21 19:48 opt/google/webdesigner/locales/ta.pak
-rw-r--r-- root/root    671892 2021-07-21 19:48 opt/google/webdesigner/locales/te.pak
-rw-r--r-- root/root    568123 2021-07-21 19:48 opt/google/webdesigner/locales/th.pak
-rw-r--r-- root/root    289481 2021-07-21 19:48 opt/google/webdesigner/locales/tr.pak
-rw-r--r-- root/root    486169 2021-07-21 19:48 opt/google/webdesigner/locales/uk.pak
-rw-r--r-- root/root    338892 2021-07-21 19:48 opt/google/webdesigner/locales/vi.pak
-rw-r--r-- root/root    250930 2021-07-21 19:48 opt/google/webdesigner/locales/zh-CN.pak
-rw-r--r-- root/root    249997 2021-07-21 19:48 opt/google/webdesigner/locales/zh-TW.pak
drwxr-xr-x root/root         0 2021-07-21 19:48 opt/google/webdesigner/resources/
-rw-r--r-- root/root      2388 2021-07-21 19:48 opt/google/webdesigner/resources/product_logo_128.png
-rw-r--r-- root/root       406 2021-07-21 19:48 opt/google/webdesigner/resources/product_logo_16.png
-rw-r--r-- root/root       700 2021-07-21 19:48 opt/google/webdesigner/resources/product_logo_32.png
-rw-r--r-- root/root      1009 2021-07-21 19:48 opt/google/webdesigner/resources/product_logo_48.png
-rw-r--r-- root/root      1194 2021-07-21 19:48 opt/google/webdesigner/resources/product_logo_64.png
-rw-r--r-- root/root     47441 2021-07-21 19:48 opt/google/webdesigner/snapshot_blob.bin
drwxr-xr-x root/root         0 2021-07-21 19:49 opt/google/webdesigner/swiftshader/
-rw-r--r-- root/root    355408 2021-07-21 19:49 opt/google/webdesigner/swiftshader/libEGL.so
-rw-r--r-- root/root   2581536 2021-07-21 19:49 opt/google/webdesigner/swiftshader/libGLESv2.so
-rw-r--r-- root/root    163785 2021-07-21 19:48 opt/google/webdesigner/v8_context_snapshot.bin
-rwxr-xr-x root/root   2587816 2021-07-21 19:49 opt/google/webdesigner/webdesigner
drwxr-xr-x root/root         0 2021-08-11 09:16 usr/
drwxr-xr-x root/root         0 2021-08-11 09:16 usr/bin/
drwxr-xr-x root/root         0 2021-08-11 09:16 usr/doc/
drwxr-xr-x root/root         0 2021-08-11 09:16 usr/doc/google-webdesigner-bin-12.0.0.0719_1/
-rw-r--r-- root/root       165 2021-07-21 19:49 usr/doc/google-webdesigner-bin-12.0.0.0719_1/changelog.gz
-rw-r--r-- root/root       209 2021-07-21 19:49 usr/doc/google-webdesigner-bin-12.0.0.0719_1/copyright
-rw-r--r-- root/root      3265 2021-08-11 09:16 usr/doc/google-webdesigner-bin-12.0.0.0719_1/google-webdesigner-bin.SlackBuild
drwxr-xr-x root/root         0 2021-08-11 09:16 usr/share/
drwxr-xr-x root/root         0 2021-07-21 19:49 usr/share/applications/
-rw-r--r-- root/root       349 2021-07-21 19:49 usr/share/applications/google-webdesigner.desktop
drwxr-xr-x root/root         0 2021-08-11 09:16 usr/share/icons/
drwxr-xr-x root/root         0 2021-08-11 09:16 usr/share/icons/hicolor/
drwxr-xr-x root/root         0 2021-08-11 09:16 usr/share/icons/hicolor/128x128/
drwxr-xr-x root/root         0 2021-08-11 09:16 usr/share/icons/hicolor/128x128/apps/
-rw-r--r-- root/root      2388 2021-08-11 09:16 usr/share/icons/hicolor/128x128/apps/google-webdesigner.png
drwxr-xr-x root/root         0 2021-08-11 09:16 usr/share/icons/hicolor/16x16/
drwxr-xr-x root/root         0 2021-08-11 09:16 usr/share/icons/hicolor/16x16/apps/
-rw-r--r-- root/root       406 2021-08-11 09:16 usr/share/icons/hicolor/16x16/apps/google-webdesigner.png
drwxr-xr-x root/root         0 2021-08-11 09:16 usr/share/icons/hicolor/32x32/
drwxr-xr-x root/root         0 2021-08-11 09:16 usr/share/icons/hicolor/32x32/apps/
-rw-r--r-- root/root       700 2021-08-11 09:16 usr/share/icons/hicolor/32x32/apps/google-webdesigner.png
drwxr-xr-x root/root         0 2021-08-11 09:16 usr/share/icons/hicolor/48x48/
drwxr-xr-x root/root         0 2021-08-11 09:16 usr/share/icons/hicolor/48x48/apps/
-rw-r--r-- root/root      1009 2021-08-11 09:16 usr/share/icons/hicolor/48x48/apps/google-webdesigner.png
drwxr-xr-x root/root         0 2021-08-11 09:16 usr/share/icons/hicolor/64x64/
drwxr-xr-x root/root         0 2021-08-11 09:16 usr/share/icons/hicolor/64x64/apps/
-rw-r--r-- root/root      1194 2021-08-11 09:16 usr/share/icons/hicolor/64x64/apps/google-webdesigner.png


