++========================================
||
||   Package:  ./libvirt-glib/libvirt-glib-4.0.0-x86_64-1cf.txz
||
++========================================
drwxr-xr-x root/root         0 2021-02-17 10:24 ./
drwxr-xr-x root/root         0 2021-02-17 10:24 install/
-rw-r--r-- root/root       753 2021-02-17 10:24 install/doinst.sh
-rw-r--r-- root/root       802 2021-02-17 10:24 install/slack-desc
drwxr-xr-x root/root         0 2021-02-17 10:24 usr/
drwxr-xr-x root/root         0 2021-02-17 10:24 usr/doc/
drwxr-xr-x root/root         0 2021-02-17 10:24 usr/doc/libvirt-glib-4.0.0/
-rw-r--r-- root/root       387 2021-02-15 13:23 usr/doc/libvirt-glib-4.0.0/AUTHORS
-rw-r--r-- root/root     26530 2021-02-15 13:23 usr/doc/libvirt-glib-4.0.0/COPYING
-rw-r--r-- root/root      3420 2021-02-15 13:23 usr/doc/libvirt-glib-4.0.0/README
-rw-r--r-- root/root      3981 2021-02-17 10:24 usr/doc/libvirt-glib-4.0.0/libvirt-glib.SlackBuild
drwxr-xr-x root/root         0 2021-02-17 10:24 usr/include/
drwxr-xr-x root/root         0 2021-02-17 10:24 usr/include/libvirt-gconfig-1.0/
drwxr-xr-x root/root         0 2021-02-17 10:24 usr/include/libvirt-gconfig-1.0/libvirt-gconfig/
-rw-r--r-- root/root      3077 2021-02-15 13:23 usr/include/libvirt-gconfig-1.0/libvirt-gconfig/libvirt-gconfig-capabilities-cpu-feature.h
-rw-r--r-- root/root      3139 2021-02-15 13:23 usr/include/libvirt-gconfig-1.0/libvirt-gconfig/libvirt-gconfig-capabilities-cpu-model.h
-rw-r--r-- root/root      3857 2021-02-15 13:23 usr/include/libvirt-gconfig-1.0/libvirt-gconfig/libvirt-gconfig-capabilities-cpu-topology.h
-rw-r--r-- root/root      3527 2021-02-15 13:23 usr/include/libvirt-gconfig-1.0/libvirt-gconfig/libvirt-gconfig-capabilities-cpu.h
-rw-r--r-- root/root      3089 2021-02-15 13:23 usr/include/libvirt-gconfig-1.0/libvirt-gconfig/libvirt-gconfig-capabilities-guest-arch.h
-rw-r--r-- root/root      3111 2021-02-15 13:23 usr/include/libvirt-gconfig-1.0/libvirt-gconfig/libvirt-gconfig-capabilities-guest-domain.h
-rw-r--r-- root/root      2981 2021-02-15 13:23 usr/include/libvirt-gconfig-1.0/libvirt-gconfig/libvirt-gconfig-capabilities-guest-feature.h
-rw-r--r-- root/root      3042 2021-02-15 13:23 usr/include/libvirt-gconfig-1.0/libvirt-gconfig/libvirt-gconfig-capabilities-guest.h
-rw-r--r-- root/root      3075 2021-02-15 13:23 usr/include/libvirt-gconfig-1.0/libvirt-gconfig/libvirt-gconfig-capabilities-host-secmodel.h
-rw-r--r-- root/root      2956 2021-02-15 13:23 usr/include/libvirt-gconfig-1.0/libvirt-gconfig/libvirt-gconfig-capabilities-host.h
-rw-r--r-- root/root      2897 2021-02-15 13:23 usr/include/libvirt-gconfig-1.0/libvirt-gconfig/libvirt-gconfig-capabilities.h
-rw-r--r-- root/root      4044 2021-02-15 13:23 usr/include/libvirt-gconfig-1.0/libvirt-gconfig/libvirt-gconfig-domain-address-pci.h
-rw-r--r-- root/root      3145 2021-02-15 13:23 usr/include/libvirt-gconfig-1.0/libvirt-gconfig/libvirt-gconfig-domain-address-usb.h
-rw-r--r-- root/root      2488 2021-02-15 13:23 usr/include/libvirt-gconfig-1.0/libvirt-gconfig/libvirt-gconfig-domain-address.h
-rw-r--r-- root/root      2808 2021-02-15 13:23 usr/include/libvirt-gconfig-1.0/libvirt-gconfig/libvirt-gconfig-domain-capabilities-os.h
-rw-r--r-- root/root      3026 2021-02-15 13:23 usr/include/libvirt-gconfig-1.0/libvirt-gconfig/libvirt-gconfig-domain-capabilities.h
-rw-r--r-- root/root      3459 2021-02-15 13:23 usr/include/libvirt-gconfig-1.0/libvirt-gconfig/libvirt-gconfig-domain-channel.h
-rw-r--r-- root/root      3360 2021-02-15 13:23 usr/include/libvirt-gconfig-1.0/libvirt-gconfig/libvirt-gconfig-domain-chardev-source-pty.h
-rw-r--r-- root/root      3559 2021-02-15 13:23 usr/include/libvirt-gconfig-1.0/libvirt-gconfig/libvirt-gconfig-domain-chardev-source-spiceport.h
-rw-r--r-- root/root      3279 2021-02-15 13:23 usr/include/libvirt-gconfig-1.0/libvirt-gconfig/libvirt-gconfig-domain-chardev-source-spicevmc.h
-rw-r--r-- root/root      3173 2021-02-15 13:23 usr/include/libvirt-gconfig-1.0/libvirt-gconfig/libvirt-gconfig-domain-chardev-source-unix.h
-rw-r--r-- root/root      2684 2021-02-15 13:23 usr/include/libvirt-gconfig-1.0/libvirt-gconfig/libvirt-gconfig-domain-chardev-source.h
-rw-r--r-- root/root      2835 2021-02-15 13:23 usr/include/libvirt-gconfig-1.0/libvirt-gconfig/libvirt-gconfig-domain-chardev.h
-rw-r--r-- root/root      3715 2021-02-15 13:23 usr/include/libvirt-gconfig-1.0/libvirt-gconfig/libvirt-gconfig-domain-clock.h
-rw-r--r-- root/root      3223 2021-02-15 13:23 usr/include/libvirt-gconfig-1.0/libvirt-gconfig/libvirt-gconfig-domain-console.h
-rw-r--r-- root/root      4016 2021-02-15 13:23 usr/include/libvirt-gconfig-1.0/libvirt-gconfig/libvirt-gconfig-domain-controller-usb.h
-rw-r--r-- root/root      3222 2021-02-15 13:23 usr/include/libvirt-gconfig-1.0/libvirt-gconfig/libvirt-gconfig-domain-controller.h
-rw-r--r-- root/root      3414 2021-02-15 13:23 usr/include/libvirt-gconfig-1.0/libvirt-gconfig/libvirt-gconfig-domain-cpu-feature.h
-rw-r--r-- root/root      2765 2021-02-15 13:23 usr/include/libvirt-gconfig-1.0/libvirt-gconfig/libvirt-gconfig-domain-cpu-model.h
-rw-r--r-- root/root      3657 2021-02-15 13:23 usr/include/libvirt-gconfig-1.0/libvirt-gconfig/libvirt-gconfig-domain-cpu.h
-rw-r--r-- root/root      2538 2021-02-15 13:23 usr/include/libvirt-gconfig-1.0/libvirt-gconfig/libvirt-gconfig-domain-device.h
-rw-r--r-- root/root      6349 2021-02-15 13:23 usr/include/libvirt-gconfig-1.0/libvirt-gconfig/libvirt-gconfig-domain-disk-driver.h
-rw-r--r-- root/root      7438 2021-02-15 13:23 usr/include/libvirt-gconfig-1.0/libvirt-gconfig/libvirt-gconfig-domain-disk.h
-rw-r--r-- root/root      4755 2021-02-15 13:23 usr/include/libvirt-gconfig-1.0/libvirt-gconfig/libvirt-gconfig-domain-filesys.h
-rw-r--r-- root/root      3594 2021-02-15 13:23 usr/include/libvirt-gconfig-1.0/libvirt-gconfig/libvirt-gconfig-domain-graphics-desktop.h
-rw-r--r-- root/root      3823 2021-02-15 13:23 usr/include/libvirt-gconfig-1.0/libvirt-gconfig/libvirt-gconfig-domain-graphics-rdp.h
-rw-r--r-- root/root      3374 2021-02-15 13:23 usr/include/libvirt-gconfig-1.0/libvirt-gconfig/libvirt-gconfig-domain-graphics-sdl.h
-rw-r--r-- root/root      4718 2021-02-15 13:23 usr/include/libvirt-gconfig-1.0/libvirt-gconfig/libvirt-gconfig-domain-graphics-spice.h
-rw-r--r-- root/root      3701 2021-02-15 13:23 usr/include/libvirt-gconfig-1.0/libvirt-gconfig/libvirt-gconfig-domain-graphics-vnc.h
-rw-r--r-- root/root      2530 2021-02-15 13:23 usr/include/libvirt-gconfig-1.0/libvirt-gconfig/libvirt-gconfig-domain-graphics.h
-rw-r--r-- root/root      3920 2021-02-15 13:23 usr/include/libvirt-gconfig-1.0/libvirt-gconfig/libvirt-gconfig-domain-hostdev-pci.h
-rw-r--r-- root/root      3243 2021-02-15 13:23 usr/include/libvirt-gconfig-1.0/libvirt-gconfig/libvirt-gconfig-domain-hostdev.h
-rw-r--r-- root/root      3487 2021-02-15 13:23 usr/include/libvirt-gconfig-1.0/libvirt-gconfig/libvirt-gconfig-domain-input.h
-rw-r--r-- root/root      3223 2021-02-15 13:23 usr/include/libvirt-gconfig-1.0/libvirt-gconfig/libvirt-gconfig-domain-interface-bridge.h
-rw-r--r-- root/root      3926 2021-02-15 13:23 usr/include/libvirt-gconfig-1.0/libvirt-gconfig/libvirt-gconfig-domain-interface-filterref-parameter.h
-rw-r--r-- root/root      3724 2021-02-15 13:23 usr/include/libvirt-gconfig-1.0/libvirt-gconfig/libvirt-gconfig-domain-interface-filterref.h
-rw-r--r-- root/root      3243 2021-02-15 13:23 usr/include/libvirt-gconfig-1.0/libvirt-gconfig/libvirt-gconfig-domain-interface-network.h
-rw-r--r-- root/root      2994 2021-02-15 13:23 usr/include/libvirt-gconfig-1.0/libvirt-gconfig/libvirt-gconfig-domain-interface-user.h
-rw-r--r-- root/root      4152 2021-02-15 13:23 usr/include/libvirt-gconfig-1.0/libvirt-gconfig/libvirt-gconfig-domain-interface.h
-rw-r--r-- root/root      3153 2021-02-15 13:23 usr/include/libvirt-gconfig-1.0/libvirt-gconfig/libvirt-gconfig-domain-memballoon.h
-rw-r--r-- root/root      4843 2021-02-15 13:23 usr/include/libvirt-gconfig-1.0/libvirt-gconfig/libvirt-gconfig-domain-os.h
-rw-r--r-- root/root      2772 2021-02-15 13:23 usr/include/libvirt-gconfig-1.0/libvirt-gconfig/libvirt-gconfig-domain-parallel.h
-rw-r--r-- root/root      3440 2021-02-15 13:23 usr/include/libvirt-gconfig-1.0/libvirt-gconfig/libvirt-gconfig-domain-power-management.h
-rw-r--r-- root/root      3167 2021-02-15 13:23 usr/include/libvirt-gconfig-1.0/libvirt-gconfig/libvirt-gconfig-domain-redirdev.h
-rw-r--r-- root/root      3239 2021-02-15 13:23 usr/include/libvirt-gconfig-1.0/libvirt-gconfig/libvirt-gconfig-domain-seclabel.h
-rw-r--r-- root/root      2702 2021-02-15 13:23 usr/include/libvirt-gconfig-1.0/libvirt-gconfig/libvirt-gconfig-domain-serial.h
-rw-r--r-- root/root      4013 2021-02-15 13:23 usr/include/libvirt-gconfig-1.0/libvirt-gconfig/libvirt-gconfig-domain-smartcard-host-certificates.h
-rw-r--r-- root/root      2968 2021-02-15 13:23 usr/include/libvirt-gconfig-1.0/libvirt-gconfig/libvirt-gconfig-domain-smartcard-host.h
-rw-r--r-- root/root      3424 2021-02-15 13:23 usr/include/libvirt-gconfig-1.0/libvirt-gconfig/libvirt-gconfig-domain-smartcard-passthrough.h
-rw-r--r-- root/root      2721 2021-02-15 13:23 usr/include/libvirt-gconfig-1.0/libvirt-gconfig/libvirt-gconfig-domain-smartcard.h
-rw-r--r-- root/root      4034 2021-02-15 13:23 usr/include/libvirt-gconfig-1.0/libvirt-gconfig/libvirt-gconfig-domain-snapshot-disk.h
-rw-r--r-- root/root      5881 2021-02-15 13:23 usr/include/libvirt-gconfig-1.0/libvirt-gconfig/libvirt-gconfig-domain-snapshot.h
-rw-r--r-- root/root      3096 2021-02-15 13:23 usr/include/libvirt-gconfig-1.0/libvirt-gconfig/libvirt-gconfig-domain-sound.h
-rw-r--r-- root/root      2824 2021-02-15 13:23 usr/include/libvirt-gconfig-1.0/libvirt-gconfig/libvirt-gconfig-domain-timer-hpet.h
-rw-r--r-- root/root      2784 2021-02-15 13:23 usr/include/libvirt-gconfig-1.0/libvirt-gconfig/libvirt-gconfig-domain-timer-pit.h
-rw-r--r-- root/root      2764 2021-02-15 13:23 usr/include/libvirt-gconfig-1.0/libvirt-gconfig/libvirt-gconfig-domain-timer-rtc.h
-rw-r--r-- root/root      3069 2021-02-15 13:23 usr/include/libvirt-gconfig-1.0/libvirt-gconfig/libvirt-gconfig-domain-timer.h
-rw-r--r-- root/root      3904 2021-02-15 13:23 usr/include/libvirt-gconfig-1.0/libvirt-gconfig/libvirt-gconfig-domain-video.h
-rw-r--r-- root/root      7570 2021-02-15 13:23 usr/include/libvirt-gconfig-1.0/libvirt-gconfig/libvirt-gconfig-domain.h
-rw-r--r-- root/root      7425 2021-02-17 10:24 usr/include/libvirt-gconfig-1.0/libvirt-gconfig/libvirt-gconfig-enum-types.h
-rw-r--r-- root/root      1310 2021-02-15 13:23 usr/include/libvirt-gconfig-1.0/libvirt-gconfig/libvirt-gconfig-helpers.h
-rw-r--r-- root/root      2558 2021-02-15 13:23 usr/include/libvirt-gconfig-1.0/libvirt-gconfig/libvirt-gconfig-interface.h
-rw-r--r-- root/root      1378 2021-02-15 13:23 usr/include/libvirt-gconfig-1.0/libvirt-gconfig/libvirt-gconfig-main.h
-rw-r--r-- root/root      2723 2021-02-15 13:23 usr/include/libvirt-gconfig-1.0/libvirt-gconfig/libvirt-gconfig-network-filter.h
-rw-r--r-- root/root      2486 2021-02-15 13:23 usr/include/libvirt-gconfig-1.0/libvirt-gconfig/libvirt-gconfig-network.h
-rw-r--r-- root/root      2615 2021-02-15 13:23 usr/include/libvirt-gconfig-1.0/libvirt-gconfig/libvirt-gconfig-node-device.h
-rw-r--r-- root/root      3012 2021-02-15 13:23 usr/include/libvirt-gconfig-1.0/libvirt-gconfig/libvirt-gconfig-object.h
-rw-r--r-- root/root      2450 2021-02-15 13:23 usr/include/libvirt-gconfig-1.0/libvirt-gconfig/libvirt-gconfig-secret.h
-rw-r--r-- root/root      3809 2021-02-15 13:23 usr/include/libvirt-gconfig-1.0/libvirt-gconfig/libvirt-gconfig-storage-permissions.h
-rw-r--r-- root/root      4889 2021-02-15 13:23 usr/include/libvirt-gconfig-1.0/libvirt-gconfig/libvirt-gconfig-storage-pool-source.h
-rw-r--r-- root/root      3420 2021-02-15 13:23 usr/include/libvirt-gconfig-1.0/libvirt-gconfig/libvirt-gconfig-storage-pool-target.h
-rw-r--r-- root/root      4928 2021-02-15 13:23 usr/include/libvirt-gconfig-1.0/libvirt-gconfig/libvirt-gconfig-storage-pool.h
-rw-r--r-- root/root      3437 2021-02-15 13:23 usr/include/libvirt-gconfig-1.0/libvirt-gconfig/libvirt-gconfig-storage-vol-backing-store.h
-rw-r--r-- root/root      3609 2021-02-15 13:23 usr/include/libvirt-gconfig-1.0/libvirt-gconfig/libvirt-gconfig-storage-vol-target.h
-rw-r--r-- root/root      3458 2021-02-15 13:23 usr/include/libvirt-gconfig-1.0/libvirt-gconfig/libvirt-gconfig-storage-vol.h
-rw-r--r-- root/root      6374 2021-02-15 13:23 usr/include/libvirt-gconfig-1.0/libvirt-gconfig/libvirt-gconfig.h
drwxr-xr-x root/root         0 2021-02-17 10:24 usr/include/libvirt-glib-1.0/
drwxr-xr-x root/root         0 2021-02-17 10:24 usr/include/libvirt-glib-1.0/libvirt-glib/
-rw-r--r-- root/root      2270 2021-02-15 13:23 usr/include/libvirt-glib-1.0/libvirt-glib/libvirt-glib-error.h
-rw-r--r-- root/root      1057 2021-02-15 13:23 usr/include/libvirt-glib-1.0/libvirt-glib/libvirt-glib-event.h
-rw-r--r-- root/root      1335 2021-02-15 13:23 usr/include/libvirt-glib-1.0/libvirt-glib/libvirt-glib-main.h
-rw-r--r-- root/root      1047 2021-02-15 13:23 usr/include/libvirt-glib-1.0/libvirt-glib/libvirt-glib.h
drwxr-xr-x root/root         0 2021-02-17 10:24 usr/include/libvirt-gobject-1.0/
drwxr-xr-x root/root         0 2021-02-17 10:24 usr/include/libvirt-gobject-1.0/libvirt-gobject/
-rw-r--r-- root/root     14041 2021-02-15 13:23 usr/include/libvirt-gobject-1.0/libvirt-gobject/libvirt-gobject-connection.h
-rw-r--r-- root/root      2481 2021-02-15 13:23 usr/include/libvirt-gobject-1.0/libvirt-gobject/libvirt-gobject-domain-device.h
-rw-r--r-- root/root      2992 2021-02-15 13:23 usr/include/libvirt-gobject-1.0/libvirt-gobject/libvirt-gobject-domain-disk.h
-rw-r--r-- root/root      2896 2021-02-15 13:23 usr/include/libvirt-gobject-1.0/libvirt-gobject/libvirt-gobject-domain-interface.h
-rw-r--r-- root/root      5467 2021-02-15 13:23 usr/include/libvirt-gobject-1.0/libvirt-gobject/libvirt-gobject-domain-snapshot.h
-rw-r--r-- root/root     18778 2021-02-15 13:23 usr/include/libvirt-gobject-1.0/libvirt-gobject/libvirt-gobject-domain.h
-rw-r--r-- root/root      2718 2021-02-17 10:24 usr/include/libvirt-gobject-1.0/libvirt-gobject/libvirt-gobject-enums.h
-rw-r--r-- root/root      2602 2021-02-15 13:23 usr/include/libvirt-gobject-1.0/libvirt-gobject/libvirt-gobject-interface.h
-rw-r--r-- root/root      1378 2021-02-15 13:23 usr/include/libvirt-gobject-1.0/libvirt-gobject/libvirt-gobject-main.h
-rw-r--r-- root/root      2732 2021-02-15 13:23 usr/include/libvirt-gobject-1.0/libvirt-gobject/libvirt-gobject-manager.h
-rw-r--r-- root/root      3394 2021-02-15 13:23 usr/include/libvirt-gobject-1.0/libvirt-gobject/libvirt-gobject-network-dhcp-lease.h
-rw-r--r-- root/root      2789 2021-02-15 13:23 usr/include/libvirt-gobject-1.0/libvirt-gobject/libvirt-gobject-network-filter.h
-rw-r--r-- root/root      2813 2021-02-15 13:23 usr/include/libvirt-gobject-1.0/libvirt-gobject/libvirt-gobject-network.h
-rw-r--r-- root/root      2609 2021-02-15 13:23 usr/include/libvirt-gobject-1.0/libvirt-gobject/libvirt-gobject-node-device.h
-rw-r--r-- root/root      2477 2021-02-15 13:23 usr/include/libvirt-gobject-1.0/libvirt-gobject/libvirt-gobject-secret.h
-rw-r--r-- root/root      8119 2021-02-15 13:23 usr/include/libvirt-gobject-1.0/libvirt-gobject/libvirt-gobject-storage-pool.h
-rw-r--r-- root/root      5068 2021-02-15 13:23 usr/include/libvirt-gobject-1.0/libvirt-gobject/libvirt-gobject-storage-vol.h
-rw-r--r-- root/root      5210 2021-02-15 13:23 usr/include/libvirt-gobject-1.0/libvirt-gobject/libvirt-gobject-stream.h
-rw-r--r-- root/root      2081 2021-02-15 13:23 usr/include/libvirt-gobject-1.0/libvirt-gobject/libvirt-gobject.h
drwxr-xr-x root/root         0 2021-02-17 10:24 usr/lib64/
drwxr-xr-x root/root         0 2021-02-17 10:24 usr/lib64/girepository-1.0/
-rw-r--r-- root/root     94584 2021-02-17 10:24 usr/lib64/girepository-1.0/LibvirtGConfig-1.0.typelib
-rw-r--r-- root/root       840 2021-02-17 10:24 usr/lib64/girepository-1.0/LibvirtGLib-1.0.typelib
-rw-r--r-- root/root     36468 2021-02-17 10:24 usr/lib64/girepository-1.0/LibvirtGObject-1.0.typelib
-rwxr-xr-x root/root    295040 2021-02-17 10:24 usr/lib64/libvirt-gconfig-1.0.so.0.4000.0
-rwxr-xr-x root/root     22808 2021-02-17 10:24 usr/lib64/libvirt-glib-1.0.so.0.4000.0
-rwxr-xr-x root/root    197600 2021-02-17 10:24 usr/lib64/libvirt-gobject-1.0.so.0.4000.0
drwxr-xr-x root/root         0 2021-02-17 10:24 usr/lib64/pkgconfig/
-rw-r--r-- root/root       260 2021-02-17 10:24 usr/lib64/pkgconfig/libvirt-gconfig-1.0.pc
-rw-r--r-- root/root       234 2021-02-17 10:24 usr/lib64/pkgconfig/libvirt-glib-1.0.pc
-rw-r--r-- root/root       323 2021-02-17 10:24 usr/lib64/pkgconfig/libvirt-gobject-1.0.pc
drwxr-xr-x root/root         0 2021-02-17 10:24 usr/share/
drwxr-xr-x root/root         0 2021-02-17 10:24 usr/share/gir-1.0/
-rw-r--r-- root/root    704019 2021-02-17 10:24 usr/share/gir-1.0/LibvirtGConfig-1.0.gir
-rw-r--r-- root/root     22997 2021-02-17 10:24 usr/share/gir-1.0/LibvirtGLib-1.0.gir
-rw-r--r-- root/root    378383 2021-02-17 10:24 usr/share/gir-1.0/LibvirtGObject-1.0.gir
drwxr-xr-x root/root         0 2021-02-17 10:24 usr/share/gtk-doc/
drwxr-xr-x root/root         0 2021-02-17 10:24 usr/share/gtk-doc/html/
drwxr-xr-x root/root         0 2021-02-17 10:24 usr/share/gtk-doc/html/Libvirt-gconfig/
-rw-r--r-- root/root      9589 2021-02-17 10:24 usr/share/gtk-doc/html/Libvirt-gconfig/GVirConfigCapabilities.html
-rw-r--r-- root/root     68206 2021-02-17 10:24 usr/share/gtk-doc/html/Libvirt-gconfig/GVirConfigDomain.html
-rw-r--r-- root/root     29381 2021-02-17 10:24 usr/share/gtk-doc/html/Libvirt-gconfig/GVirConfigDomainSnapshot.html
-rw-r--r-- root/root      6792 2021-02-17 10:24 usr/share/gtk-doc/html/Libvirt-gconfig/GVirConfigInterface.html
-rw-r--r-- root/root      6654 2021-02-17 10:24 usr/share/gtk-doc/html/Libvirt-gconfig/GVirConfigNetwork.html
-rw-r--r-- root/root      7046 2021-02-17 10:24 usr/share/gtk-doc/html/Libvirt-gconfig/GVirConfigNetworkFilter.html
-rw-r--r-- root/root      6826 2021-02-17 10:24 usr/share/gtk-doc/html/Libvirt-gconfig/GVirConfigNodeDevice.html
-rw-r--r-- root/root     16019 2021-02-17 10:24 usr/share/gtk-doc/html/Libvirt-gconfig/GVirConfigObject.html
-rw-r--r-- root/root      6585 2021-02-17 10:24 usr/share/gtk-doc/html/Libvirt-gconfig/GVirConfigSecret.html
-rw-r--r-- root/root     33308 2021-02-17 10:24 usr/share/gtk-doc/html/Libvirt-gconfig/GVirConfigStoragePool.html
-rw-r--r-- root/root     13451 2021-02-17 10:24 usr/share/gtk-doc/html/Libvirt-gconfig/GVirConfigStorageVol.html
-rw-r--r-- root/root     27889 2021-02-17 10:24 usr/share/gtk-doc/html/Libvirt-gconfig/Libvirt-gconfig.devhelp2
-rw-r--r-- root/root      3863 2021-02-17 10:24 usr/share/gtk-doc/html/Libvirt-gconfig/annotation-glossary.html
-rw-r--r-- root/root    112477 2021-02-17 10:24 usr/share/gtk-doc/html/Libvirt-gconfig/api-index-full.html
-rw-r--r-- root/root      3189 2021-02-17 10:24 usr/share/gtk-doc/html/Libvirt-gconfig/ch01.html
-rw-r--r-- root/root       256 2021-02-17 10:24 usr/share/gtk-doc/html/Libvirt-gconfig/home.png
-rw-r--r-- root/root      2897 2021-02-17 10:24 usr/share/gtk-doc/html/Libvirt-gconfig/index.html
-rw-r--r-- root/root       395 2021-02-17 10:24 usr/share/gtk-doc/html/Libvirt-gconfig/left-insensitive.png
-rw-r--r-- root/root       262 2021-02-17 10:24 usr/share/gtk-doc/html/Libvirt-gconfig/left.png
-rw-r--r-- root/root     13412 2021-02-17 10:24 usr/share/gtk-doc/html/Libvirt-gconfig/object-tree.html
-rw-r--r-- root/root       373 2021-02-17 10:24 usr/share/gtk-doc/html/Libvirt-gconfig/right-insensitive.png
-rw-r--r-- root/root       261 2021-02-17 10:24 usr/share/gtk-doc/html/Libvirt-gconfig/right.png
-rw-r--r-- root/root     12058 2021-02-17 10:24 usr/share/gtk-doc/html/Libvirt-gconfig/style.css
-rw-r--r-- root/root       374 2021-02-17 10:24 usr/share/gtk-doc/html/Libvirt-gconfig/up-insensitive.png
-rw-r--r-- root/root       260 2021-02-17 10:24 usr/share/gtk-doc/html/Libvirt-gconfig/up.png
drwxr-xr-x root/root         0 2021-02-17 10:24 usr/share/gtk-doc/html/Libvirt-glib/
-rw-r--r-- root/root     24073 2021-02-17 10:24 usr/share/gtk-doc/html/Libvirt-glib/Libvirt-glib-Error-reporting.html
-rw-r--r-- root/root      8459 2021-02-17 10:24 usr/share/gtk-doc/html/Libvirt-glib/Libvirt-glib-Event-loop.html
-rw-r--r-- root/root     12416 2021-02-17 10:24 usr/share/gtk-doc/html/Libvirt-glib/Libvirt-glib-Library-initialization.html
-rw-r--r-- root/root      2000 2021-02-17 10:24 usr/share/gtk-doc/html/Libvirt-glib/Libvirt-glib.devhelp2
-rw-r--r-- root/root      3579 2021-02-17 10:24 usr/share/gtk-doc/html/Libvirt-glib/annotation-glossary.html
-rw-r--r-- root/root      5273 2021-02-17 10:24 usr/share/gtk-doc/html/Libvirt-glib/api-index-full.html
-rw-r--r-- root/root      2266 2021-02-17 10:24 usr/share/gtk-doc/html/Libvirt-glib/ch01.html
-rw-r--r-- root/root       256 2021-02-17 10:24 usr/share/gtk-doc/html/Libvirt-glib/home.png
-rw-r--r-- root/root      1844 2021-02-17 10:24 usr/share/gtk-doc/html/Libvirt-glib/index.html
-rw-r--r-- root/root       395 2021-02-17 10:24 usr/share/gtk-doc/html/Libvirt-glib/left-insensitive.png
-rw-r--r-- root/root       262 2021-02-17 10:24 usr/share/gtk-doc/html/Libvirt-glib/left.png
-rw-r--r-- root/root       373 2021-02-17 10:24 usr/share/gtk-doc/html/Libvirt-glib/right-insensitive.png
-rw-r--r-- root/root       261 2021-02-17 10:24 usr/share/gtk-doc/html/Libvirt-glib/right.png
-rw-r--r-- root/root     12058 2021-02-17 10:24 usr/share/gtk-doc/html/Libvirt-glib/style.css
-rw-r--r-- root/root       374 2021-02-17 10:24 usr/share/gtk-doc/html/Libvirt-glib/up-insensitive.png
-rw-r--r-- root/root       260 2021-02-17 10:24 usr/share/gtk-doc/html/Libvirt-glib/up.png
drwxr-xr-x root/root         0 2021-02-17 10:24 usr/share/gtk-doc/html/Libvirt-gobject/
-rw-r--r-- root/root    146679 2021-02-17 10:24 usr/share/gtk-doc/html/Libvirt-gobject/GVirConnection.html
-rw-r--r-- root/root    142857 2021-02-17 10:24 usr/share/gtk-doc/html/Libvirt-gobject/GVirDomain.html
-rw-r--r-- root/root     33778 2021-02-17 10:24 usr/share/gtk-doc/html/Libvirt-gobject/GVirDomainSnapshot.html
-rw-r--r-- root/root      8053 2021-02-17 10:24 usr/share/gtk-doc/html/Libvirt-gobject/GVirInterface.html
-rw-r--r-- root/root     11172 2021-02-17 10:24 usr/share/gtk-doc/html/Libvirt-gobject/GVirManager.html
-rw-r--r-- root/root     11513 2021-02-17 10:24 usr/share/gtk-doc/html/Libvirt-gobject/GVirNetwork.html
-rw-r--r-- root/root      8302 2021-02-17 10:24 usr/share/gtk-doc/html/Libvirt-gobject/GVirNetworkFilter.html
-rw-r--r-- root/root      7338 2021-02-17 10:24 usr/share/gtk-doc/html/Libvirt-gobject/GVirNodeDevice.html
-rw-r--r-- root/root      7886 2021-02-17 10:24 usr/share/gtk-doc/html/Libvirt-gobject/GVirSecret.html
-rw-r--r-- root/root     70711 2021-02-17 10:24 usr/share/gtk-doc/html/Libvirt-gobject/GVirStoragePool.html
-rw-r--r-- root/root     26431 2021-02-17 10:24 usr/share/gtk-doc/html/Libvirt-gobject/GVirStorageVol.html
-rw-r--r-- root/root     36154 2021-02-17 10:24 usr/share/gtk-doc/html/Libvirt-gobject/GVirStream.html
-rw-r--r-- root/root     38372 2021-02-17 10:24 usr/share/gtk-doc/html/Libvirt-gobject/Libvirt-gobject.devhelp2
-rw-r--r-- root/root      5232 2021-02-17 10:24 usr/share/gtk-doc/html/Libvirt-gobject/annotation-glossary.html
-rw-r--r-- root/root     61716 2021-02-17 10:24 usr/share/gtk-doc/html/Libvirt-gobject/api-index-full.html
-rw-r--r-- root/root      3168 2021-02-17 10:24 usr/share/gtk-doc/html/Libvirt-gobject/ch01.html
-rw-r--r-- root/root       256 2021-02-17 10:24 usr/share/gtk-doc/html/Libvirt-gobject/home.png
-rw-r--r-- root/root      2882 2021-02-17 10:24 usr/share/gtk-doc/html/Libvirt-gobject/index.html
-rw-r--r-- root/root       395 2021-02-17 10:24 usr/share/gtk-doc/html/Libvirt-gobject/left-insensitive.png
-rw-r--r-- root/root       262 2021-02-17 10:24 usr/share/gtk-doc/html/Libvirt-gobject/left.png
-rw-r--r-- root/root      4356 2021-02-17 10:24 usr/share/gtk-doc/html/Libvirt-gobject/object-tree.html
-rw-r--r-- root/root       373 2021-02-17 10:24 usr/share/gtk-doc/html/Libvirt-gobject/right-insensitive.png
-rw-r--r-- root/root       261 2021-02-17 10:24 usr/share/gtk-doc/html/Libvirt-gobject/right.png
-rw-r--r-- root/root     12058 2021-02-17 10:24 usr/share/gtk-doc/html/Libvirt-gobject/style.css
-rw-r--r-- root/root       374 2021-02-17 10:24 usr/share/gtk-doc/html/Libvirt-gobject/up-insensitive.png
-rw-r--r-- root/root       260 2021-02-17 10:24 usr/share/gtk-doc/html/Libvirt-gobject/up.png
drwxr-xr-x root/root         0 2021-02-17 10:24 usr/share/locale/
drwxr-xr-x root/root         0 2021-02-17 10:24 usr/share/locale/ca/
drwxr-xr-x root/root         0 2021-02-17 10:24 usr/share/locale/ca/LC_MESSAGES/
-rw-r--r-- root/root      3309 2021-02-17 10:24 usr/share/locale/ca/LC_MESSAGES/libvirt-glib.mo
drwxr-xr-x root/root         0 2021-02-17 10:24 usr/share/locale/cs/
drwxr-xr-x root/root         0 2021-02-17 10:24 usr/share/locale/cs/LC_MESSAGES/
-rw-r--r-- root/root      3270 2021-02-17 10:24 usr/share/locale/cs/LC_MESSAGES/libvirt-glib.mo
drwxr-xr-x root/root         0 2021-02-17 10:24 usr/share/locale/de/
drwxr-xr-x root/root         0 2021-02-17 10:24 usr/share/locale/de/LC_MESSAGES/
-rw-r--r-- root/root      3386 2021-02-17 10:24 usr/share/locale/de/LC_MESSAGES/libvirt-glib.mo
drwxr-xr-x root/root         0 2021-02-17 10:24 usr/share/locale/en_GB/
drwxr-xr-x root/root         0 2021-02-17 10:24 usr/share/locale/en_GB/LC_MESSAGES/
-rw-r--r-- root/root      2623 2021-02-17 10:24 usr/share/locale/en_GB/LC_MESSAGES/libvirt-glib.mo
drwxr-xr-x root/root         0 2021-02-17 10:24 usr/share/locale/es/
drwxr-xr-x root/root         0 2021-02-17 10:24 usr/share/locale/es/LC_MESSAGES/
-rw-r--r-- root/root      3365 2021-02-17 10:24 usr/share/locale/es/LC_MESSAGES/libvirt-glib.mo
drwxr-xr-x root/root         0 2021-02-17 10:24 usr/share/locale/fi/
drwxr-xr-x root/root         0 2021-02-17 10:24 usr/share/locale/fi/LC_MESSAGES/
-rw-r--r-- root/root      3174 2021-02-17 10:24 usr/share/locale/fi/LC_MESSAGES/libvirt-glib.mo
drwxr-xr-x root/root         0 2021-02-17 10:24 usr/share/locale/fr/
drwxr-xr-x root/root         0 2021-02-17 10:24 usr/share/locale/fr/LC_MESSAGES/
-rw-r--r-- root/root      3390 2021-02-17 10:24 usr/share/locale/fr/LC_MESSAGES/libvirt-glib.mo
drwxr-xr-x root/root         0 2021-02-17 10:24 usr/share/locale/hi/
drwxr-xr-x root/root         0 2021-02-17 10:24 usr/share/locale/hi/LC_MESSAGES/
-rw-r--r-- root/root      4206 2021-02-17 10:24 usr/share/locale/hi/LC_MESSAGES/libvirt-glib.mo
drwxr-xr-x root/root         0 2021-02-17 10:24 usr/share/locale/id/
drwxr-xr-x root/root         0 2021-02-17 10:24 usr/share/locale/id/LC_MESSAGES/
-rw-r--r-- root/root      3131 2021-02-17 10:24 usr/share/locale/id/LC_MESSAGES/libvirt-glib.mo
drwxr-xr-x root/root         0 2021-02-17 10:24 usr/share/locale/it/
drwxr-xr-x root/root         0 2021-02-17 10:24 usr/share/locale/it/LC_MESSAGES/
-rw-r--r-- root/root      3330 2021-02-17 10:24 usr/share/locale/it/LC_MESSAGES/libvirt-glib.mo
drwxr-xr-x root/root         0 2021-02-17 10:24 usr/share/locale/ja/
drwxr-xr-x root/root         0 2021-02-17 10:24 usr/share/locale/ja/LC_MESSAGES/
-rw-r--r-- root/root      3097 2021-02-17 10:24 usr/share/locale/ja/LC_MESSAGES/libvirt-glib.mo
drwxr-xr-x root/root         0 2021-02-17 10:24 usr/share/locale/pl/
drwxr-xr-x root/root         0 2021-02-17 10:24 usr/share/locale/pl/LC_MESSAGES/
-rw-r--r-- root/root      3358 2021-02-17 10:24 usr/share/locale/pl/LC_MESSAGES/libvirt-glib.mo
drwxr-xr-x root/root         0 2021-02-17 10:24 usr/share/locale/pt_BR/
drwxr-xr-x root/root         0 2021-02-17 10:24 usr/share/locale/pt_BR/LC_MESSAGES/
-rw-r--r-- root/root      2905 2021-02-17 10:24 usr/share/locale/pt_BR/LC_MESSAGES/libvirt-glib.mo
drwxr-xr-x root/root         0 2021-02-17 10:24 usr/share/locale/ru/
drwxr-xr-x root/root         0 2021-02-17 10:24 usr/share/locale/ru/LC_MESSAGES/
-rw-r--r-- root/root       667 2021-02-17 10:24 usr/share/locale/ru/LC_MESSAGES/libvirt-glib.mo
drwxr-xr-x root/root         0 2021-02-17 10:24 usr/share/locale/tr/
drwxr-xr-x root/root         0 2021-02-17 10:24 usr/share/locale/tr/LC_MESSAGES/
-rw-r--r-- root/root      3098 2021-02-17 10:24 usr/share/locale/tr/LC_MESSAGES/libvirt-glib.mo
drwxr-xr-x root/root         0 2021-02-17 10:24 usr/share/locale/uk/
drwxr-xr-x root/root         0 2021-02-17 10:24 usr/share/locale/uk/LC_MESSAGES/
-rw-r--r-- root/root      4125 2021-02-17 10:24 usr/share/locale/uk/LC_MESSAGES/libvirt-glib.mo
drwxr-xr-x root/root         0 2021-02-17 10:24 usr/share/vala/
drwxr-xr-x root/root         0 2021-02-17 10:24 usr/share/vala/vapi/
-rw-r--r-- root/root        23 2021-02-17 10:24 usr/share/vala/vapi/libvirt-gconfig-1.0.deps
-rw-r--r-- root/root     57860 2021-02-17 10:24 usr/share/vala/vapi/libvirt-gconfig-1.0.vapi
-rw-r--r-- root/root         9 2021-02-17 10:24 usr/share/vala/vapi/libvirt-glib-1.0.deps
-rw-r--r-- root/root       985 2021-02-17 10:24 usr/share/vala/vapi/libvirt-glib-1.0.vapi
-rw-r--r-- root/root        57 2021-02-17 10:24 usr/share/vala/vapi/libvirt-gobject-1.0.deps
-rw-r--r-- root/root     26489 2021-02-17 10:24 usr/share/vala/vapi/libvirt-gobject-1.0.vapi


