++========================================
||
||   Package:  ./xbill/xbill-2.1-x86_64-3cf.txz
||
++========================================
drwxr-xr-x root/root         0 2020-10-05 13:32 ./
drwxr-xr-x root/root         0 2020-10-05 13:32 install/
-rw-r--r-- root/root       666 2020-10-05 13:32 install/slack-desc
drwxr-xr-x root/root         0 2020-10-05 13:32 usr/
drwxr-xr-x root/root         0 2020-10-05 13:32 usr/bin/
-rwxr-xr-x root/root     53904 2020-10-05 13:32 usr/bin/xbill
drwxr-xr-x root/root         0 2020-10-05 13:32 usr/doc/
drwxr-xr-x root/root         0 2020-10-05 13:32 usr/doc/xbill-2.1/
-rw-r--r-- root/root      7506 2001-11-16 08:05 usr/doc/xbill-2.1/ChangeLog
-rw-r--r-- root/root      2111 2001-10-28 23:15 usr/doc/xbill-2.1/README
-rw-r--r-- root/root       934 2001-11-16 08:03 usr/doc/xbill-2.1/README.Ports
-rw-r--r-- root/root      3674 2020-10-05 13:32 usr/doc/xbill-2.1/xbill.SlackBuild
drwxr-xr-x root/root         0 2020-10-05 13:32 usr/man/
drwxr-xr-x root/root         0 2020-10-05 13:32 usr/man/man6/
-rw-r--r-- root/root      1500 2020-10-05 13:32 usr/man/man6/xbill.6.gz
drwxr-xr-x root/root         0 2020-10-05 13:32 usr/share/
drwxr-xr-x root/root         0 2020-10-05 13:32 usr/share/xbill/
drwxr-xr-x root/root         0 2020-10-05 13:32 usr/share/xbill/bitmaps/
-rw-r--r-- root/root       571 2020-10-05 13:32 usr/share/xbill/bitmaps/apple.xbm
-rw-r--r-- root/root       565 2020-10-05 13:32 usr/share/xbill/bitmaps/bsd.xbm
-rw-r--r-- root/root       450 2020-10-05 13:32 usr/share/xbill/bitmaps/bucket.xbm
-rw-r--r-- root/root       255 2020-10-05 13:32 usr/share/xbill/bitmaps/hand_down.xbm
-rw-r--r-- root/root       305 2020-10-05 13:32 usr/share/xbill/bitmaps/hand_down_mask.xbm
-rw-r--r-- root/root       249 2020-10-05 13:32 usr/share/xbill/bitmaps/hand_up.xbm
-rw-r--r-- root/root       299 2020-10-05 13:32 usr/share/xbill/bitmaps/hand_up_mask.xbm
-rw-r--r-- root/root       568 2020-10-05 13:32 usr/share/xbill/bitmaps/hurd.xbm
-rw-r--r-- root/root       571 2020-10-05 13:32 usr/share/xbill/bitmaps/linux.xbm
-rw-r--r-- root/root       568 2020-10-05 13:32 usr/share/xbill/bitmaps/next.xbm
-rw-r--r-- root/root       565 2020-10-05 13:32 usr/share/xbill/bitmaps/os2.xbm
-rw-r--r-- root/root       568 2020-10-05 13:32 usr/share/xbill/bitmaps/palm.xbm
-rw-r--r-- root/root       574 2020-10-05 13:32 usr/share/xbill/bitmaps/redhat.xbm
-rw-r--r-- root/root       565 2020-10-05 13:32 usr/share/xbill/bitmaps/sgi.xbm
-rw-r--r-- root/root       565 2020-10-05 13:32 usr/share/xbill/bitmaps/sun.xbm
drwxr-xr-x root/root         0 2020-10-05 13:32 usr/share/xbill/pixmaps/
-rw-r--r-- root/root     43052 2020-10-05 13:32 usr/share/xbill/pixmaps/about.xpm
-rw-r--r-- root/root       927 2020-10-05 13:32 usr/share/xbill/pixmaps/apple.xpm
-rw-r--r-- root/root      2715 2020-10-05 13:32 usr/share/xbill/pixmaps/billA_0.xpm
-rw-r--r-- root/root      2715 2020-10-05 13:32 usr/share/xbill/pixmaps/billA_1.xpm
-rw-r--r-- root/root      2716 2020-10-05 13:32 usr/share/xbill/pixmaps/billA_10.xpm
-rw-r--r-- root/root      2716 2020-10-05 13:32 usr/share/xbill/pixmaps/billA_11.xpm
-rw-r--r-- root/root      2716 2020-10-05 13:32 usr/share/xbill/pixmaps/billA_12.xpm
-rw-r--r-- root/root      2715 2020-10-05 13:32 usr/share/xbill/pixmaps/billA_2.xpm
-rw-r--r-- root/root      2715 2020-10-05 13:32 usr/share/xbill/pixmaps/billA_3.xpm
-rw-r--r-- root/root      2715 2020-10-05 13:32 usr/share/xbill/pixmaps/billA_4.xpm
-rw-r--r-- root/root      2700 2020-10-05 13:32 usr/share/xbill/pixmaps/billA_5.xpm
-rw-r--r-- root/root      2715 2020-10-05 13:32 usr/share/xbill/pixmaps/billA_6.xpm
-rw-r--r-- root/root      2715 2020-10-05 13:32 usr/share/xbill/pixmaps/billA_7.xpm
-rw-r--r-- root/root      2715 2020-10-05 13:32 usr/share/xbill/pixmaps/billA_8.xpm
-rw-r--r-- root/root      2715 2020-10-05 13:32 usr/share/xbill/pixmaps/billA_9.xpm
-rw-r--r-- root/root      1237 2020-10-05 13:32 usr/share/xbill/pixmaps/billD_0.xpm
-rw-r--r-- root/root      1252 2020-10-05 13:32 usr/share/xbill/pixmaps/billD_1.xpm
-rw-r--r-- root/root      1222 2020-10-05 13:32 usr/share/xbill/pixmaps/billD_2.xpm
-rw-r--r-- root/root      1192 2020-10-05 13:32 usr/share/xbill/pixmaps/billD_3.xpm
-rw-r--r-- root/root      1162 2020-10-05 13:32 usr/share/xbill/pixmaps/billD_4.xpm
-rw-r--r-- root/root      1237 2020-10-05 13:32 usr/share/xbill/pixmaps/billL_0.xpm
-rw-r--r-- root/root      1237 2020-10-05 13:32 usr/share/xbill/pixmaps/billL_1.xpm
-rw-r--r-- root/root      1237 2020-10-05 13:32 usr/share/xbill/pixmaps/billL_2.xpm
-rw-r--r-- root/root      1237 2020-10-05 13:32 usr/share/xbill/pixmaps/billR_0.xpm
-rw-r--r-- root/root      1237 2020-10-05 13:32 usr/share/xbill/pixmaps/billR_1.xpm
-rw-r--r-- root/root      1237 2020-10-05 13:32 usr/share/xbill/pixmaps/billR_2.xpm
-rw-r--r-- root/root      1075 2020-10-05 13:32 usr/share/xbill/pixmaps/bsd.xpm
-rw-r--r-- root/root      2918 2020-10-05 13:32 usr/share/xbill/pixmaps/bsdcpu.xpm
-rw-r--r-- root/root       947 2020-10-05 13:32 usr/share/xbill/pixmaps/bucket.xpm
-rw-r--r-- root/root      1075 2020-10-05 13:32 usr/share/xbill/pixmaps/hurd.xpm
-rw-r--r-- root/root      3042 2020-10-05 13:32 usr/share/xbill/pixmaps/icon.xpm
-rw-r--r-- root/root      1132 2020-10-05 13:32 usr/share/xbill/pixmaps/linux.xpm
-rw-r--r-- root/root     17725 2020-10-05 13:32 usr/share/xbill/pixmaps/logo.xpm
-rw-r--r-- root/root      2858 2020-10-05 13:32 usr/share/xbill/pixmaps/maccpu.xpm
-rw-r--r-- root/root       956 2020-10-05 13:32 usr/share/xbill/pixmaps/next.xpm
-rw-r--r-- root/root      2798 2020-10-05 13:32 usr/share/xbill/pixmaps/nextcpu.xpm
-rw-r--r-- root/root       925 2020-10-05 13:32 usr/share/xbill/pixmaps/os2.xpm
-rw-r--r-- root/root      2842 2020-10-05 13:32 usr/share/xbill/pixmaps/os2cpu.xpm
-rw-r--r-- root/root       896 2020-10-05 13:32 usr/share/xbill/pixmaps/palm.xpm
-rw-r--r-- root/root      2889 2020-10-05 13:32 usr/share/xbill/pixmaps/palmcpu.xpm
-rw-r--r-- root/root       852 2020-10-05 13:32 usr/share/xbill/pixmaps/redhat.xpm
-rw-r--r-- root/root       895 2020-10-05 13:32 usr/share/xbill/pixmaps/sgi.xpm
-rw-r--r-- root/root      2858 2020-10-05 13:32 usr/share/xbill/pixmaps/sgicpu.xpm
-rw-r--r-- root/root       662 2020-10-05 13:32 usr/share/xbill/pixmaps/spark_0.xpm
-rw-r--r-- root/root       662 2020-10-05 13:32 usr/share/xbill/pixmaps/spark_1.xpm
-rw-r--r-- root/root       865 2020-10-05 13:32 usr/share/xbill/pixmaps/sun.xpm
-rw-r--r-- root/root      2812 2020-10-05 13:32 usr/share/xbill/pixmaps/suncpu.xpm
-rw-r--r-- root/root      2995 2020-10-05 13:32 usr/share/xbill/pixmaps/toaster.xpm
-rw-r--r-- root/root      1306 2020-10-05 13:32 usr/share/xbill/pixmaps/wingdows.xpm
drwxr-xr-x root/root         0 2020-10-05 13:32 var/
drwxr-xr-x root/root         0 2020-10-05 13:32 var/games/
drwxr-xr-x root/root         0 2020-10-05 13:32 var/games/xbill/
-rw-rw-rw- root/root       327 2020-10-05 13:32 var/games/xbill/scores


