++========================================
||
||   Package:  ./gstreamermm/gstreamermm-1.10.0-x86_64-1cf.txz
||
++========================================
drwxr-xr-x root/root         0 2019-11-30 16:00 ./
drwxr-xr-x root/root         0 2019-11-30 16:00 install/
-rw-r--r-- root/root       252 2019-11-30 16:00 install/doinst.sh
-rw-r--r-- root/root       788 2019-11-30 16:00 install/slack-desc
drwxr-xr-x root/root         0 2019-11-30 16:00 usr/
drwxr-xr-x root/root         0 2019-11-30 16:00 usr/doc/
drwxr-xr-x root/root         0 2019-11-30 16:00 usr/doc/gstreamermm-1.10.0/
-rw-r--r-- root/root       493 2017-10-20 11:26 usr/doc/gstreamermm-1.10.0/AUTHORS
-rw-r--r-- root/root     26537 2017-10-20 14:01 usr/doc/gstreamermm-1.10.0/COPYING
-rw-r--r-- root/root     17987 2017-10-20 11:26 usr/doc/gstreamermm-1.10.0/COPYING.examples
-rw-r--r-- root/root     17987 2017-10-20 11:26 usr/doc/gstreamermm-1.10.0/COPYING.tools
-rw-r--r-- root/root    478450 2017-10-21 13:59 usr/doc/gstreamermm-1.10.0/ChangeLog
-rw-r--r-- root/root     17308 2017-10-21 13:51 usr/doc/gstreamermm-1.10.0/NEWS
-rw-r--r-- root/root      1922 2017-10-20 11:26 usr/doc/gstreamermm-1.10.0/README
-rw-r--r-- root/root      3806 2019-11-30 16:00 usr/doc/gstreamermm-1.10.0/gstreamermm.SlackBuild
drwxr-xr-x root/root         0 2019-11-30 16:00 usr/include/
drwxr-xr-x root/root         0 2019-11-30 16:00 usr/include/gstreamermm-1.0/
drwxr-xr-x root/root         0 2019-11-30 16:00 usr/include/gstreamermm-1.0/gstreamermm/
-rw-r--r-- root/root      7592 2019-11-30 16:00 usr/include/gstreamermm-1.0/gstreamermm.h
-rw-r--r-- root/root      4127 2019-11-30 16:00 usr/include/gstreamermm-1.0/gstreamermm/adder.h
-rw-r--r-- root/root      9027 2019-11-30 16:00 usr/include/gstreamermm-1.0/gstreamermm/allocator.h
-rw-r--r-- root/root      4586 2019-11-30 16:00 usr/include/gstreamermm-1.0/gstreamermm/alsasink.h
-rw-r--r-- root/root      4552 2019-11-30 16:00 usr/include/gstreamermm-1.0/gstreamermm/alsasrc.h
-rw-r--r-- root/root     11638 2019-11-30 16:00 usr/include/gstreamermm-1.0/gstreamermm/appsink.h
-rw-r--r-- root/root     15181 2019-11-30 16:00 usr/include/gstreamermm-1.0/gstreamermm/appsrc.h
-rw-r--r-- root/root      5585 2019-11-30 16:00 usr/include/gstreamermm-1.0/gstreamermm/atomicqueue.h
-rw-r--r-- root/root     17118 2019-11-30 16:00 usr/include/gstreamermm-1.0/gstreamermm/audiobasesink.h
-rw-r--r-- root/root     10368 2019-11-30 16:00 usr/include/gstreamermm-1.0/gstreamermm/audiobasesrc.h
-rw-r--r-- root/root      8993 2019-11-30 16:00 usr/include/gstreamermm-1.0/gstreamermm/audiocdsrc.h
-rw-r--r-- root/root      6733 2019-11-30 16:00 usr/include/gstreamermm-1.0/gstreamermm/audioclock.h
-rw-r--r-- root/root      6801 2019-11-30 16:00 usr/include/gstreamermm-1.0/gstreamermm/audioconvert.h
-rw-r--r-- root/root      4477 2019-11-30 16:00 usr/include/gstreamermm-1.0/gstreamermm/audiofilter.h
-rw-r--r-- root/root     14629 2019-11-30 16:00 usr/include/gstreamermm-1.0/gstreamermm/audioformat.h
-rw-r--r-- root/root      8943 2019-11-30 16:00 usr/include/gstreamermm-1.0/gstreamermm/audioinfo.h
-rw-r--r-- root/root      6286 2019-11-30 16:00 usr/include/gstreamermm-1.0/gstreamermm/audiorate.h
-rw-r--r-- root/root     29618 2019-11-30 16:00 usr/include/gstreamermm-1.0/gstreamermm/audioringbuffer.h
-rw-r--r-- root/root      5286 2019-11-30 16:00 usr/include/gstreamermm-1.0/gstreamermm/audiosink.h
-rw-r--r-- root/root      5048 2019-11-30 16:00 usr/include/gstreamermm-1.0/gstreamermm/audiosrc.h
-rw-r--r-- root/root      8849 2019-11-30 16:00 usr/include/gstreamermm-1.0/gstreamermm/audiotestsrc.h
-rw-r--r-- root/root     29461 2019-11-30 16:00 usr/include/gstreamermm-1.0/gstreamermm/basesink.h
-rw-r--r-- root/root     24258 2019-11-30 16:00 usr/include/gstreamermm-1.0/gstreamermm/basesrc.h
-rw-r--r-- root/root     21414 2019-11-30 16:00 usr/include/gstreamermm-1.0/gstreamermm/basetransform.h
-rw-r--r-- root/root     27059 2019-11-30 16:00 usr/include/gstreamermm-1.0/gstreamermm/bin.h
-rw-r--r-- root/root     30488 2019-11-30 16:00 usr/include/gstreamermm-1.0/gstreamermm/buffer.h
-rw-r--r-- root/root      7200 2019-11-30 16:00 usr/include/gstreamermm-1.0/gstreamermm/bufferlist.h
-rw-r--r-- root/root     21438 2019-11-30 16:00 usr/include/gstreamermm-1.0/gstreamermm/bus.h
-rw-r--r-- root/root     24492 2019-11-30 16:00 usr/include/gstreamermm-1.0/gstreamermm/caps.h
-rw-r--r-- root/root      8055 2019-11-30 16:00 usr/include/gstreamermm-1.0/gstreamermm/capsfeatures.h
-rw-r--r-- root/root      5446 2019-11-30 16:00 usr/include/gstreamermm-1.0/gstreamermm/capsfilter.h
-rw-r--r-- root/root      7471 2019-11-30 16:00 usr/include/gstreamermm-1.0/gstreamermm/cdparanoiasrc.h
-rw-r--r-- root/root      1452 2019-11-30 16:00 usr/include/gstreamermm-1.0/gstreamermm/check.h
-rw-r--r-- root/root     10590 2019-11-30 16:00 usr/include/gstreamermm-1.0/gstreamermm/childproxy.h
-rw-r--r-- root/root     28042 2019-11-30 16:00 usr/include/gstreamermm-1.0/gstreamermm/clock.h
-rw-r--r-- root/root      4173 2019-11-30 16:00 usr/include/gstreamermm-1.0/gstreamermm/clockoverlay.h
-rw-r--r-- root/root      8622 2019-11-30 16:00 usr/include/gstreamermm-1.0/gstreamermm/clockutils.h
-rw-r--r-- root/root      8629 2019-11-30 16:00 usr/include/gstreamermm-1.0/gstreamermm/colorbalance.h
-rw-r--r-- root/root      4796 2019-11-30 16:00 usr/include/gstreamermm-1.0/gstreamermm/colorbalancechannel.h
-rw-r--r-- root/root      4236 2019-11-30 16:00 usr/include/gstreamermm-1.0/gstreamermm/concat.h
-rw-r--r-- root/root      5355 2019-11-30 16:00 usr/include/gstreamermm-1.0/gstreamermm/context.h
-rw-r--r-- root/root     13385 2019-11-30 16:00 usr/include/gstreamermm-1.0/gstreamermm/decodebin.h
-rw-r--r-- root/root      8912 2019-11-30 16:00 usr/include/gstreamermm-1.0/gstreamermm/discoverer.h
-rw-r--r-- root/root     27783 2019-11-30 16:00 usr/include/gstreamermm-1.0/gstreamermm/discovererinfo.h
-rw-r--r-- root/root      7683 2019-11-30 16:00 usr/include/gstreamermm-1.0/gstreamermm/downloadbuffer.h
-rw-r--r-- root/root     57189 2019-11-30 16:00 usr/include/gstreamermm-1.0/gstreamermm/element.h
-rw-r--r-- root/root     12560 2019-11-30 16:00 usr/include/gstreamermm-1.0/gstreamermm/elementfactory.h
-rw-r--r-- root/root      9451 2019-11-30 16:00 usr/include/gstreamermm-1.0/gstreamermm/encodebin.h
-rw-r--r-- root/root      9313 2019-11-30 16:00 usr/include/gstreamermm-1.0/gstreamermm/encodingprofile.h
-rw-r--r-- root/root      7211 2019-11-30 16:00 usr/include/gstreamermm-1.0/gstreamermm/enums.h
-rw-r--r-- root/root     20718 2019-11-30 16:00 usr/include/gstreamermm-1.0/gstreamermm/error.h
-rw-r--r-- root/root     58130 2019-11-30 16:00 usr/include/gstreamermm-1.0/gstreamermm/event.h
-rw-r--r-- root/root      8825 2019-11-30 16:00 usr/include/gstreamermm-1.0/gstreamermm/fakesink.h
-rw-r--r-- root/root     14097 2019-11-30 16:00 usr/include/gstreamermm-1.0/gstreamermm/fakesrc.h
-rw-r--r-- root/root      3909 2019-11-30 16:00 usr/include/gstreamermm-1.0/gstreamermm/fdsink.h
-rw-r--r-- root/root      4451 2019-11-30 16:00 usr/include/gstreamermm-1.0/gstreamermm/fdsrc.h
-rw-r--r-- root/root      6307 2019-11-30 16:00 usr/include/gstreamermm-1.0/gstreamermm/filesink.h
-rw-r--r-- root/root      3967 2019-11-30 16:00 usr/include/gstreamermm-1.0/gstreamermm/filesrc.h
-rw-r--r-- root/root      5274 2019-11-30 16:00 usr/include/gstreamermm-1.0/gstreamermm/format.h
-rw-r--r-- root/root      3895 2019-11-30 16:00 usr/include/gstreamermm-1.0/gstreamermm/funnel.h
-rw-r--r-- root/root      8974 2019-11-30 16:00 usr/include/gstreamermm-1.0/gstreamermm/ghostpad.h
-rw-r--r-- root/root      4517 2019-11-30 16:00 usr/include/gstreamermm-1.0/gstreamermm/giosink.h
-rw-r--r-- root/root      4477 2019-11-30 16:00 usr/include/gstreamermm-1.0/gstreamermm/giosrc.h
-rw-r--r-- root/root      4205 2019-11-30 16:00 usr/include/gstreamermm-1.0/gstreamermm/giostreamsink.h
-rw-r--r-- root/root      4160 2019-11-30 16:00 usr/include/gstreamermm-1.0/gstreamermm/giostreamsrc.h
-rw-r--r-- root/root      1136 2019-11-30 16:00 usr/include/gstreamermm-1.0/gstreamermm/handle_error.h
-rw-r--r-- root/root     10716 2019-11-30 16:00 usr/include/gstreamermm-1.0/gstreamermm/identity.h
-rw-r--r-- root/root      9053 2019-11-30 16:00 usr/include/gstreamermm-1.0/gstreamermm/init.h
-rw-r--r-- root/root      6774 2019-11-30 16:00 usr/include/gstreamermm-1.0/gstreamermm/inputselector.h
-rw-r--r-- root/root     16062 2019-11-30 16:00 usr/include/gstreamermm-1.0/gstreamermm/iterator.h
-rw-r--r-- root/root      4714 2019-11-30 16:00 usr/include/gstreamermm-1.0/gstreamermm/mapinfo.h
-rw-r--r-- root/root     12931 2019-11-30 16:00 usr/include/gstreamermm-1.0/gstreamermm/memory.h
-rw-r--r-- root/root     68773 2019-11-30 16:00 usr/include/gstreamermm-1.0/gstreamermm/message.h
-rw-r--r-- root/root     11863 2019-11-30 16:00 usr/include/gstreamermm-1.0/gstreamermm/miniobject.h
-rw-r--r-- root/root      7236 2019-11-30 16:00 usr/include/gstreamermm-1.0/gstreamermm/multifdsink.h
-rw-r--r-- root/root     11236 2019-11-30 16:00 usr/include/gstreamermm-1.0/gstreamermm/multiqueue.h
-rw-r--r-- root/root      8676 2019-11-30 16:00 usr/include/gstreamermm-1.0/gstreamermm/multisocketsink.h
-rw-r--r-- root/root     13739 2019-11-30 16:00 usr/include/gstreamermm-1.0/gstreamermm/navigation.h
-rw-r--r-- root/root      8779 2019-11-30 16:00 usr/include/gstreamermm-1.0/gstreamermm/netclientclock.h
-rw-r--r-- root/root     16475 2019-11-30 16:00 usr/include/gstreamermm-1.0/gstreamermm/object.h
-rw-r--r-- root/root      3406 2019-11-30 16:00 usr/include/gstreamermm-1.0/gstreamermm/oggdemux.h
-rw-r--r-- root/root      5627 2019-11-30 16:00 usr/include/gstreamermm-1.0/gstreamermm/oggmux.h
-rw-r--r-- root/root      6074 2019-11-30 16:00 usr/include/gstreamermm-1.0/gstreamermm/outputselector.h
-rw-r--r-- root/root     65087 2019-11-30 16:00 usr/include/gstreamermm-1.0/gstreamermm/pad.h
-rw-r--r-- root/root     14840 2019-11-30 16:00 usr/include/gstreamermm-1.0/gstreamermm/padtemplate.h
-rw-r--r-- root/root      5508 2019-11-30 16:00 usr/include/gstreamermm-1.0/gstreamermm/parse.h
-rw-r--r-- root/root     14284 2019-11-30 16:00 usr/include/gstreamermm-1.0/gstreamermm/pipeline.h
-rw-r--r-- root/root     27168 2019-11-30 16:00 usr/include/gstreamermm-1.0/gstreamermm/playbin.h
-rw-r--r-- root/root     14067 2019-11-30 16:00 usr/include/gstreamermm-1.0/gstreamermm/playsink.h
-rw-r--r-- root/root     19788 2019-11-30 16:00 usr/include/gstreamermm-1.0/gstreamermm/plugin.h
-rw-r--r-- root/root      6922 2019-11-30 16:00 usr/include/gstreamermm-1.0/gstreamermm/pluginfeature.h
-rw-r--r-- root/root      8266 2019-11-30 16:00 usr/include/gstreamermm-1.0/gstreamermm/preset.h
drwxr-xr-x root/root         0 2019-11-30 16:00 usr/include/gstreamermm-1.0/gstreamermm/private/
-rw-r--r-- root/root      1138 2019-11-30 16:00 usr/include/gstreamermm-1.0/gstreamermm/private/adder_p.h
-rw-r--r-- root/root      1266 2019-11-30 16:00 usr/include/gstreamermm-1.0/gstreamermm/private/allocator_p.h
-rw-r--r-- root/root      1165 2019-11-30 16:00 usr/include/gstreamermm-1.0/gstreamermm/private/alsasink_p.h
-rw-r--r-- root/root      1169 2019-11-30 16:00 usr/include/gstreamermm-1.0/gstreamermm/private/alsasrc_p.h
-rw-r--r-- root/root      1157 2019-11-30 16:00 usr/include/gstreamermm-1.0/gstreamermm/private/appsink_p.h
-rw-r--r-- root/root      1146 2019-11-30 16:00 usr/include/gstreamermm-1.0/gstreamermm/private/appsrc_p.h
-rw-r--r-- root/root      1299 2019-11-30 16:00 usr/include/gstreamermm-1.0/gstreamermm/private/audiobasesink_p.h
-rw-r--r-- root/root      1200 2019-11-30 16:00 usr/include/gstreamermm-1.0/gstreamermm/private/audiobasesrc_p.h
-rw-r--r-- root/root      1318 2019-11-30 16:00 usr/include/gstreamermm-1.0/gstreamermm/private/audiocdsrc_p.h
-rw-r--r-- root/root      1110 2019-11-30 16:00 usr/include/gstreamermm-1.0/gstreamermm/private/audioclock_p.h
-rw-r--r-- root/root      1212 2019-11-30 16:00 usr/include/gstreamermm-1.0/gstreamermm/private/audioconvert_p.h
-rw-r--r-- root/root      1212 2019-11-30 16:00 usr/include/gstreamermm-1.0/gstreamermm/private/audiofilter_p.h
-rw-r--r-- root/root       168 2019-11-30 16:00 usr/include/gstreamermm-1.0/gstreamermm/private/audioformat_p.h
-rw-r--r-- root/root       162 2019-11-30 16:00 usr/include/gstreamermm-1.0/gstreamermm/private/audioinfo_p.h
-rw-r--r-- root/root      1170 2019-11-30 16:00 usr/include/gstreamermm-1.0/gstreamermm/private/audiorate_p.h
-rw-r--r-- root/root      2070 2019-11-30 16:00 usr/include/gstreamermm-1.0/gstreamermm/private/audioringbuffer_p.h
-rw-r--r-- root/root      1593 2019-11-30 16:00 usr/include/gstreamermm-1.0/gstreamermm/private/audiosink_p.h
-rw-r--r-- root/root      1587 2019-11-30 16:00 usr/include/gstreamermm-1.0/gstreamermm/private/audiosrc_p.h
-rw-r--r-- root/root      1194 2019-11-30 16:00 usr/include/gstreamermm-1.0/gstreamermm/private/audiotestsrc_p.h
-rw-r--r-- root/root      2532 2019-11-30 16:00 usr/include/gstreamermm-1.0/gstreamermm/private/basesink_p.h
-rw-r--r-- root/root      2607 2019-11-30 16:00 usr/include/gstreamermm-1.0/gstreamermm/private/basesrc_p.h
-rw-r--r-- root/root      3182 2019-11-30 16:00 usr/include/gstreamermm-1.0/gstreamermm/private/basetransform_p.h
-rw-r--r-- root/root      1510 2019-11-30 16:00 usr/include/gstreamermm-1.0/gstreamermm/private/bin_p.h
-rw-r--r-- root/root       201 2019-11-30 16:00 usr/include/gstreamermm-1.0/gstreamermm/private/buffer_p.h
-rw-r--r-- root/root       213 2019-11-30 16:00 usr/include/gstreamermm-1.0/gstreamermm/private/bufferlist_p.h
-rw-r--r-- root/root      1200 2019-11-30 16:00 usr/include/gstreamermm-1.0/gstreamermm/private/bus_p.h
-rw-r--r-- root/root       147 2019-11-30 16:00 usr/include/gstreamermm-1.0/gstreamermm/private/caps_p.h
-rw-r--r-- root/root       171 2019-11-30 16:00 usr/include/gstreamermm-1.0/gstreamermm/private/capsfeatures_p.h
-rw-r--r-- root/root      1196 2019-11-30 16:00 usr/include/gstreamermm-1.0/gstreamermm/private/capsfilter_p.h
-rw-r--r-- root/root      1202 2019-11-30 16:00 usr/include/gstreamermm-1.0/gstreamermm/private/cdparanoiasrc_p.h
-rw-r--r-- root/root      1406 2019-11-30 16:00 usr/include/gstreamermm-1.0/gstreamermm/private/childproxy_p.h
-rw-r--r-- root/root      1598 2019-11-30 16:00 usr/include/gstreamermm-1.0/gstreamermm/private/clock_p.h
-rw-r--r-- root/root      1194 2019-11-30 16:00 usr/include/gstreamermm-1.0/gstreamermm/private/clockoverlay_p.h
-rw-r--r-- root/root       165 2019-11-30 16:00 usr/include/gstreamermm-1.0/gstreamermm/private/clockutils_p.h
-rw-r--r-- root/root      1460 2019-11-30 16:00 usr/include/gstreamermm-1.0/gstreamermm/private/colorbalance_p.h
-rw-r--r-- root/root      1238 2019-11-30 16:00 usr/include/gstreamermm-1.0/gstreamermm/private/colorbalancechannel_p.h
-rw-r--r-- root/root      1146 2019-11-30 16:00 usr/include/gstreamermm-1.0/gstreamermm/private/concat_p.h
-rw-r--r-- root/root       156 2019-11-30 16:00 usr/include/gstreamermm-1.0/gstreamermm/private/context_p.h
-rw-r--r-- root/root      1158 2019-11-30 16:00 usr/include/gstreamermm-1.0/gstreamermm/private/decodebin_p.h
-rw-r--r-- root/root      1368 2019-11-30 16:00 usr/include/gstreamermm-1.0/gstreamermm/private/discoverer_p.h
-rw-r--r-- root/root       225 2019-11-30 16:00 usr/include/gstreamermm-1.0/gstreamermm/private/discovererinfo_p.h
-rw-r--r-- root/root      1210 2019-11-30 16:00 usr/include/gstreamermm-1.0/gstreamermm/private/downloadbuffer_p.h
-rw-r--r-- root/root      2440 2019-11-30 16:00 usr/include/gstreamermm-1.0/gstreamermm/private/element_p.h
-rw-r--r-- root/root      1143 2019-11-30 16:00 usr/include/gstreamermm-1.0/gstreamermm/private/elementfactory_p.h
-rw-r--r-- root/root      1158 2019-11-30 16:00 usr/include/gstreamermm-1.0/gstreamermm/private/encodebin_p.h
-rw-r--r-- root/root      1135 2019-11-30 16:00 usr/include/gstreamermm-1.0/gstreamermm/private/encodingprofile_p.h
-rw-r--r-- root/root       150 2019-11-30 16:00 usr/include/gstreamermm-1.0/gstreamermm/private/enums_p.h
-rw-r--r-- root/root       150 2019-11-30 16:00 usr/include/gstreamermm-1.0/gstreamermm/private/error_p.h
-rw-r--r-- root/root       198 2019-11-30 16:00 usr/include/gstreamermm-1.0/gstreamermm/private/event_p.h
-rw-r--r-- root/root      1165 2019-11-30 16:00 usr/include/gstreamermm-1.0/gstreamermm/private/fakesink_p.h
-rw-r--r-- root/root      1154 2019-11-30 16:00 usr/include/gstreamermm-1.0/gstreamermm/private/fakesrc_p.h
-rw-r--r-- root/root      1149 2019-11-30 16:00 usr/include/gstreamermm-1.0/gstreamermm/private/fdsink_p.h
-rw-r--r-- root/root      1138 2019-11-30 16:00 usr/include/gstreamermm-1.0/gstreamermm/private/fdsrc_p.h
-rw-r--r-- root/root      1165 2019-11-30 16:00 usr/include/gstreamermm-1.0/gstreamermm/private/filesink_p.h
-rw-r--r-- root/root      1154 2019-11-30 16:00 usr/include/gstreamermm-1.0/gstreamermm/private/filesrc_p.h
-rw-r--r-- root/root       153 2019-11-30 16:00 usr/include/gstreamermm-1.0/gstreamermm/private/format_p.h
-rw-r--r-- root/root      1146 2019-11-30 16:00 usr/include/gstreamermm-1.0/gstreamermm/private/funnel_p.h
-rw-r--r-- root/root      1065 2019-11-30 16:00 usr/include/gstreamermm-1.0/gstreamermm/private/ghostpad_p.h
-rw-r--r-- root/root      1157 2019-11-30 16:00 usr/include/gstreamermm-1.0/gstreamermm/private/giosink_p.h
-rw-r--r-- root/root      1146 2019-11-30 16:00 usr/include/gstreamermm-1.0/gstreamermm/private/giosrc_p.h
-rw-r--r-- root/root      1205 2019-11-30 16:00 usr/include/gstreamermm-1.0/gstreamermm/private/giostreamsink_p.h
-rw-r--r-- root/root      1194 2019-11-30 16:00 usr/include/gstreamermm-1.0/gstreamermm/private/giostreamsrc_p.h
-rw-r--r-- root/root      1180 2019-11-30 16:00 usr/include/gstreamermm-1.0/gstreamermm/private/identity_p.h
-rw-r--r-- root/root      1202 2019-11-30 16:00 usr/include/gstreamermm-1.0/gstreamermm/private/inputselector_p.h
-rw-r--r-- root/root       159 2019-11-30 16:00 usr/include/gstreamermm-1.0/gstreamermm/private/iterator_p.h
-rw-r--r-- root/root       156 2019-11-30 16:00 usr/include/gstreamermm-1.0/gstreamermm/private/mapinfo_p.h
-rw-r--r-- root/root       201 2019-11-30 16:00 usr/include/gstreamermm-1.0/gstreamermm/private/memory_p.h
-rw-r--r-- root/root       204 2019-11-30 16:00 usr/include/gstreamermm-1.0/gstreamermm/private/message_p.h
-rw-r--r-- root/root       165 2019-11-30 16:00 usr/include/gstreamermm-1.0/gstreamermm/private/miniobject_p.h
-rw-r--r-- root/root      1189 2019-11-30 16:00 usr/include/gstreamermm-1.0/gstreamermm/private/multifdsink_p.h
-rw-r--r-- root/root      1178 2019-11-30 16:00 usr/include/gstreamermm-1.0/gstreamermm/private/multiqueue_p.h
-rw-r--r-- root/root      1221 2019-11-30 16:00 usr/include/gstreamermm-1.0/gstreamermm/private/multisocketsink_p.h
-rw-r--r-- root/root      1069 2019-11-30 16:00 usr/include/gstreamermm-1.0/gstreamermm/private/navigation_p.h
-rw-r--r-- root/root      1137 2019-11-30 16:00 usr/include/gstreamermm-1.0/gstreamermm/private/netclientclock_p.h
-rw-r--r-- root/root      1141 2019-11-30 16:00 usr/include/gstreamermm-1.0/gstreamermm/private/object_p.h
-rw-r--r-- root/root      1162 2019-11-30 16:00 usr/include/gstreamermm-1.0/gstreamermm/private/oggdemux_p.h
-rw-r--r-- root/root      1146 2019-11-30 16:00 usr/include/gstreamermm-1.0/gstreamermm/private/oggmux_p.h
-rw-r--r-- root/root      1210 2019-11-30 16:00 usr/include/gstreamermm-1.0/gstreamermm/private/outputselector_p.h
-rw-r--r-- root/root      1187 2019-11-30 16:00 usr/include/gstreamermm-1.0/gstreamermm/private/pad_p.h
-rw-r--r-- root/root      1205 2019-11-30 16:00 usr/include/gstreamermm-1.0/gstreamermm/private/padtemplate_p.h
-rw-r--r-- root/root       150 2019-11-30 16:00 usr/include/gstreamermm-1.0/gstreamermm/private/parse_p.h
-rw-r--r-- root/root      1102 2019-11-30 16:00 usr/include/gstreamermm-1.0/gstreamermm/private/pipeline_p.h
-rw-r--r-- root/root      1157 2019-11-30 16:00 usr/include/gstreamermm-1.0/gstreamermm/private/playbin_p.h
-rw-r--r-- root/root      1150 2019-11-30 16:00 usr/include/gstreamermm-1.0/gstreamermm/private/playsink_p.h
-rw-r--r-- root/root      1058 2019-11-30 16:00 usr/include/gstreamermm-1.0/gstreamermm/private/plugin_p.h
-rw-r--r-- root/root      1114 2019-11-30 16:00 usr/include/gstreamermm-1.0/gstreamermm/private/pluginfeature_p.h
-rw-r--r-- root/root      1678 2019-11-30 16:00 usr/include/gstreamermm-1.0/gstreamermm/private/preset_p.h
-rw-r--r-- root/root      1069 2019-11-30 16:00 usr/include/gstreamermm-1.0/gstreamermm/private/pushsrc_p.h
-rw-r--r-- root/root       198 2019-11-30 16:00 usr/include/gstreamermm-1.0/gstreamermm/private/query_p.h
-rw-r--r-- root/root      1146 2019-11-30 16:00 usr/include/gstreamermm-1.0/gstreamermm/private/queue2_p.h
-rw-r--r-- root/root      1138 2019-11-30 16:00 usr/include/gstreamermm-1.0/gstreamermm/private/queue_p.h
-rw-r--r-- root/root      1079 2019-11-30 16:00 usr/include/gstreamermm-1.0/gstreamermm/private/registry_p.h
-rw-r--r-- root/root       153 2019-11-30 16:00 usr/include/gstreamermm-1.0/gstreamermm/private/sample_p.h
-rw-r--r-- root/root       165 2019-11-30 16:00 usr/include/gstreamermm-1.0/gstreamermm/private/sdpmessage_p.h
-rw-r--r-- root/root       156 2019-11-30 16:00 usr/include/gstreamermm-1.0/gstreamermm/private/segment_p.h
-rw-r--r-- root/root      1170 2019-11-30 16:00 usr/include/gstreamermm-1.0/gstreamermm/private/socketsrc_p.h
-rw-r--r-- root/root      1202 2019-11-30 16:00 usr/include/gstreamermm-1.0/gstreamermm/private/streamiddemux_p.h
-rw-r--r-- root/root      1242 2019-11-30 16:00 usr/include/gstreamermm-1.0/gstreamermm/private/streamsynchronizer_p.h
-rw-r--r-- root/root       996 2019-11-30 16:00 usr/include/gstreamermm-1.0/gstreamermm/private/streamvolume_p.h
-rw-r--r-- root/root       162 2019-11-30 16:00 usr/include/gstreamermm-1.0/gstreamermm/private/structure_p.h
-rw-r--r-- root/root      1206 2019-11-30 16:00 usr/include/gstreamermm-1.0/gstreamermm/private/subtitleoverlay_p.h
-rw-r--r-- root/root      1095 2019-11-30 16:00 usr/include/gstreamermm-1.0/gstreamermm/private/systemclock_p.h
-rw-r--r-- root/root       156 2019-11-30 16:00 usr/include/gstreamermm-1.0/gstreamermm/private/taglist_p.h
-rw-r--r-- root/root       972 2019-11-30 16:00 usr/include/gstreamermm-1.0/gstreamermm/private/tagsetter_p.h
-rw-r--r-- root/root      1042 2019-11-30 16:00 usr/include/gstreamermm-1.0/gstreamermm/private/task_p.h
-rw-r--r-- root/root      1397 2019-11-30 16:00 usr/include/gstreamermm-1.0/gstreamermm/private/taskpool_p.h
-rw-r--r-- root/root      1205 2019-11-30 16:00 usr/include/gstreamermm-1.0/gstreamermm/private/tcpclientsink_p.h
-rw-r--r-- root/root      1194 2019-11-30 16:00 usr/include/gstreamermm-1.0/gstreamermm/private/tcpclientsrc_p.h
-rw-r--r-- root/root      1226 2019-11-30 16:00 usr/include/gstreamermm-1.0/gstreamermm/private/tcpserversink_p.h
-rw-r--r-- root/root      1194 2019-11-30 16:00 usr/include/gstreamermm-1.0/gstreamermm/private/tcpserversrc_p.h
-rw-r--r-- root/root      1122 2019-11-30 16:00 usr/include/gstreamermm-1.0/gstreamermm/private/tee_p.h
-rw-r--r-- root/root      1186 2019-11-30 16:00 usr/include/gstreamermm-1.0/gstreamermm/private/textoverlay_p.h
-rw-r--r-- root/root      1178 2019-11-30 16:00 usr/include/gstreamermm-1.0/gstreamermm/private/textrender_p.h
-rw-r--r-- root/root      1170 2019-11-30 16:00 usr/include/gstreamermm-1.0/gstreamermm/private/theoradec_p.h
-rw-r--r-- root/root      1170 2019-11-30 16:00 usr/include/gstreamermm-1.0/gstreamermm/private/theoraenc_p.h
-rw-r--r-- root/root      1186 2019-11-30 16:00 usr/include/gstreamermm-1.0/gstreamermm/private/theoraparse_p.h
-rw-r--r-- root/root      1186 2019-11-30 16:00 usr/include/gstreamermm-1.0/gstreamermm/private/timeoverlay_p.h
-rw-r--r-- root/root       192 2019-11-30 16:00 usr/include/gstreamermm-1.0/gstreamermm/private/toc_p.h
-rw-r--r-- root/root       972 2019-11-30 16:00 usr/include/gstreamermm-1.0/gstreamermm/private/tocsetter_p.h
-rw-r--r-- root/root       159 2019-11-30 16:00 usr/include/gstreamermm-1.0/gstreamermm/private/typefind_p.h
-rw-r--r-- root/root      1218 2019-11-30 16:00 usr/include/gstreamermm-1.0/gstreamermm/private/typefindelement_p.h
-rw-r--r-- root/root      1151 2019-11-30 16:00 usr/include/gstreamermm-1.0/gstreamermm/private/typefindfactory_p.h
-rw-r--r-- root/root      1182 2019-11-30 16:00 usr/include/gstreamermm-1.0/gstreamermm/private/uridecodebin_p.h
-rw-r--r-- root/root      1268 2019-11-30 16:00 usr/include/gstreamermm-1.0/gstreamermm/private/urihandler_p.h
-rw-r--r-- root/root       150 2019-11-30 16:00 usr/include/gstreamermm-1.0/gstreamermm/private/value_p.h
-rw-r--r-- root/root       162 2019-11-30 16:00 usr/include/gstreamermm-1.0/gstreamermm/private/valuelist_p.h
-rw-r--r-- root/root      1138 2019-11-30 16:00 usr/include/gstreamermm-1.0/gstreamermm/private/valve_p.h
-rw-r--r-- root/root       168 2019-11-30 16:00 usr/include/gstreamermm-1.0/gstreamermm/private/videochroma_p.h
-rw-r--r-- root/root      1212 2019-11-30 16:00 usr/include/gstreamermm-1.0/gstreamermm/private/videoconvert_p.h
-rw-r--r-- root/root       168 2019-11-30 16:00 usr/include/gstreamermm-1.0/gstreamermm/private/videoformat_p.h
-rw-r--r-- root/root       165 2019-11-30 16:00 usr/include/gstreamermm-1.0/gstreamermm/private/videoframe_p.h
-rw-r--r-- root/root       162 2019-11-30 16:00 usr/include/gstreamermm-1.0/gstreamermm/private/videoinfo_p.h
-rw-r--r-- root/root      1722 2019-11-30 16:00 usr/include/gstreamermm-1.0/gstreamermm/private/videoorientation_p.h
-rw-r--r-- root/root      1350 2019-11-30 16:00 usr/include/gstreamermm-1.0/gstreamermm/private/videooverlay_p.h
-rw-r--r-- root/root      1188 2019-11-30 16:00 usr/include/gstreamermm-1.0/gstreamermm/private/videorate_p.h
-rw-r--r-- root/root      1196 2019-11-30 16:00 usr/include/gstreamermm-1.0/gstreamermm/private/videoscale_p.h
-rw-r--r-- root/root      1093 2019-11-30 16:00 usr/include/gstreamermm-1.0/gstreamermm/private/videosink_p.h
-rw-r--r-- root/root      1194 2019-11-30 16:00 usr/include/gstreamermm-1.0/gstreamermm/private/videotestsrc_p.h
-rw-r--r-- root/root      1164 2019-11-30 16:00 usr/include/gstreamermm-1.0/gstreamermm/private/volume_p.h
-rw-r--r-- root/root      1170 2019-11-30 16:00 usr/include/gstreamermm-1.0/gstreamermm/private/vorbisdec_p.h
-rw-r--r-- root/root      1170 2019-11-30 16:00 usr/include/gstreamermm-1.0/gstreamermm/private/vorbisenc_p.h
-rw-r--r-- root/root      1186 2019-11-30 16:00 usr/include/gstreamermm-1.0/gstreamermm/private/vorbisparse_p.h
-rw-r--r-- root/root      1182 2019-11-30 16:00 usr/include/gstreamermm-1.0/gstreamermm/private/vorbistag_p.h
-rw-r--r-- root/root      1184 2019-11-30 16:00 usr/include/gstreamermm-1.0/gstreamermm/private/ximagesink_p.h
-rw-r--r-- root/root      1192 2019-11-30 16:00 usr/include/gstreamermm-1.0/gstreamermm/private/xvimagesink_p.h
-rw-r--r-- root/root      4355 2019-11-30 16:00 usr/include/gstreamermm-1.0/gstreamermm/pushsrc.h
-rw-r--r-- root/root     51837 2019-11-30 16:00 usr/include/gstreamermm-1.0/gstreamermm/query.h
-rw-r--r-- root/root     10600 2019-11-30 16:00 usr/include/gstreamermm-1.0/gstreamermm/queue.h
-rw-r--r-- root/root     11710 2019-11-30 16:00 usr/include/gstreamermm-1.0/gstreamermm/queue2.h
-rw-r--r-- root/root      4930 2019-11-30 16:00 usr/include/gstreamermm-1.0/gstreamermm/register.h
-rw-r--r-- root/root     15803 2019-11-30 16:00 usr/include/gstreamermm-1.0/gstreamermm/registry.h
-rw-r--r-- root/root      5286 2019-11-30 16:00 usr/include/gstreamermm-1.0/gstreamermm/sample.h
-rw-r--r-- root/root      8834 2019-11-30 16:00 usr/include/gstreamermm-1.0/gstreamermm/sdpmessage.h
-rw-r--r-- root/root     24769 2019-11-30 16:00 usr/include/gstreamermm-1.0/gstreamermm/segment.h
-rw-r--r-- root/root      5388 2019-11-30 16:00 usr/include/gstreamermm-1.0/gstreamermm/socketsrc.h
-rw-r--r-- root/root      3937 2019-11-30 16:00 usr/include/gstreamermm-1.0/gstreamermm/streamiddemux.h
-rw-r--r-- root/root      3826 2019-11-30 16:00 usr/include/gstreamermm-1.0/gstreamermm/streamsynchronizer.h
-rw-r--r-- root/root      6918 2019-11-30 16:00 usr/include/gstreamermm-1.0/gstreamermm/streamvolume.h
-rw-r--r-- root/root     20989 2019-11-30 16:00 usr/include/gstreamermm-1.0/gstreamermm/structure.h
-rw-r--r-- root/root      5763 2019-11-30 16:00 usr/include/gstreamermm-1.0/gstreamermm/subtitleoverlay.h
-rw-r--r-- root/root      4314 2019-11-30 16:00 usr/include/gstreamermm-1.0/gstreamermm/systemclock.h
-rw-r--r-- root/root     24782 2019-11-30 16:00 usr/include/gstreamermm-1.0/gstreamermm/taglist.h
-rw-r--r-- root/root      8689 2019-11-30 16:00 usr/include/gstreamermm-1.0/gstreamermm/tagsetter.h
-rw-r--r-- root/root     10903 2019-11-30 16:00 usr/include/gstreamermm-1.0/gstreamermm/task.h
-rw-r--r-- root/root      5197 2019-11-30 16:00 usr/include/gstreamermm-1.0/gstreamermm/taskpool.h
-rw-r--r-- root/root      4685 2019-11-30 16:00 usr/include/gstreamermm-1.0/gstreamermm/tcpclientsink.h
-rw-r--r-- root/root      4661 2019-11-30 16:00 usr/include/gstreamermm-1.0/gstreamermm/tcpclientsrc.h
-rw-r--r-- root/root      5005 2019-11-30 16:00 usr/include/gstreamermm-1.0/gstreamermm/tcpserversink.h
-rw-r--r-- root/root      4949 2019-11-30 16:00 usr/include/gstreamermm-1.0/gstreamermm/tcpserversrc.h
-rw-r--r-- root/root      7135 2019-11-30 16:00 usr/include/gstreamermm-1.0/gstreamermm/tee.h
-rw-r--r-- root/root      3532 2019-11-30 16:00 usr/include/gstreamermm-1.0/gstreamermm/textoverlay.h
-rw-r--r-- root/root     10380 2019-11-30 16:00 usr/include/gstreamermm-1.0/gstreamermm/textrender.h
-rw-r--r-- root/root      3448 2019-11-30 16:00 usr/include/gstreamermm-1.0/gstreamermm/theoradec.h
-rw-r--r-- root/root     11285 2019-11-30 16:00 usr/include/gstreamermm-1.0/gstreamermm/theoraenc.h
-rw-r--r-- root/root      3532 2019-11-30 16:00 usr/include/gstreamermm-1.0/gstreamermm/theoraparse.h
-rw-r--r-- root/root      4634 2019-11-30 16:00 usr/include/gstreamermm-1.0/gstreamermm/timeoverlay.h
-rw-r--r-- root/root     14281 2019-11-30 16:00 usr/include/gstreamermm-1.0/gstreamermm/toc.h
-rw-r--r-- root/root      5369 2019-11-30 16:00 usr/include/gstreamermm-1.0/gstreamermm/tocsetter.h
-rw-r--r-- root/root     11995 2019-11-30 16:00 usr/include/gstreamermm-1.0/gstreamermm/typefind.h
-rw-r--r-- root/root      5376 2019-11-30 16:00 usr/include/gstreamermm-1.0/gstreamermm/typefindelement.h
-rw-r--r-- root/root      5829 2019-11-30 16:00 usr/include/gstreamermm-1.0/gstreamermm/typefindfactory.h
-rw-r--r-- root/root     12908 2019-11-30 16:00 usr/include/gstreamermm-1.0/gstreamermm/uridecodebin.h
-rw-r--r-- root/root     11571 2019-11-30 16:00 usr/include/gstreamermm-1.0/gstreamermm/urihandler.h
-rw-r--r-- root/root      7679 2019-11-30 16:00 usr/include/gstreamermm-1.0/gstreamermm/value.h
-rw-r--r-- root/root      2174 2019-11-30 16:00 usr/include/gstreamermm-1.0/gstreamermm/valuelist.h
-rw-r--r-- root/root      3849 2019-11-30 16:00 usr/include/gstreamermm-1.0/gstreamermm/valve.h
-rw-r--r-- root/root      1324 2019-11-30 16:00 usr/include/gstreamermm-1.0/gstreamermm/version.h
-rw-r--r-- root/root      9773 2019-11-30 16:00 usr/include/gstreamermm-1.0/gstreamermm/videochroma.h
-rw-r--r-- root/root     15318 2019-11-30 16:00 usr/include/gstreamermm-1.0/gstreamermm/videoconvert.h
-rw-r--r-- root/root     11019 2019-11-30 16:00 usr/include/gstreamermm-1.0/gstreamermm/videoformat.h
-rw-r--r-- root/root     16323 2019-11-30 16:00 usr/include/gstreamermm-1.0/gstreamermm/videoframe.h
-rw-r--r-- root/root     20749 2019-11-30 16:00 usr/include/gstreamermm-1.0/gstreamermm/videoinfo.h
-rw-r--r-- root/root      6707 2019-11-30 16:00 usr/include/gstreamermm-1.0/gstreamermm/videoorientation.h
-rw-r--r-- root/root      9994 2019-11-30 16:00 usr/include/gstreamermm-1.0/gstreamermm/videooverlay.h
-rw-r--r-- root/root      8069 2019-11-30 16:00 usr/include/gstreamermm-1.0/gstreamermm/videorate.h
-rw-r--r-- root/root      7868 2019-11-30 16:00 usr/include/gstreamermm-1.0/gstreamermm/videoscale.h
-rw-r--r-- root/root      5524 2019-11-30 16:00 usr/include/gstreamermm-1.0/gstreamermm/videosink.h
-rw-r--r-- root/root     15155 2019-11-30 16:00 usr/include/gstreamermm-1.0/gstreamermm/videotestsrc.h
-rw-r--r-- root/root      4397 2019-11-30 16:00 usr/include/gstreamermm-1.0/gstreamermm/volume.h
-rw-r--r-- root/root      3448 2019-11-30 16:00 usr/include/gstreamermm-1.0/gstreamermm/vorbisdec.h
-rw-r--r-- root/root      7048 2019-11-30 16:00 usr/include/gstreamermm-1.0/gstreamermm/vorbisenc.h
-rw-r--r-- root/root      3532 2019-11-30 16:00 usr/include/gstreamermm-1.0/gstreamermm/vorbisparse.h
-rw-r--r-- root/root      3514 2019-11-30 16:00 usr/include/gstreamermm-1.0/gstreamermm/vorbistag.h
-rw-r--r-- root/root      1237 2019-11-30 16:00 usr/include/gstreamermm-1.0/gstreamermm/wrap_init.h
-rw-r--r-- root/root      7804 2019-11-30 16:00 usr/include/gstreamermm-1.0/gstreamermm/ximagesink.h
-rw-r--r-- root/root     13001 2019-11-30 16:00 usr/include/gstreamermm-1.0/gstreamermm/xvimagesink.h
drwxr-xr-x root/root         0 2019-11-30 16:00 usr/lib64/
drwxr-xr-x root/root         0 2019-11-30 16:00 usr/lib64/gstreamermm-1.0/
drwxr-xr-x root/root         0 2019-11-30 16:00 usr/lib64/gstreamermm-1.0/gen/
-rwxr-xr-x root/root     72816 2019-11-30 16:00 usr/lib64/gstreamermm-1.0/gen/generate_plugin_gmmproc_file
drwxr-xr-x root/root         0 2019-11-30 16:00 usr/lib64/gstreamermm-1.0/gen/m4/
-rw-r--r-- root/root      5112 2019-11-30 16:00 usr/lib64/gstreamermm-1.0/gen/m4/class_boxedtype_extra.m4
-rw-r--r-- root/root       207 2019-11-30 16:00 usr/lib64/gstreamermm-1.0/gen/m4/convert.m4
-rw-r--r-- root/root     20842 2019-11-30 16:00 usr/lib64/gstreamermm-1.0/gen/m4/convert_gst.m4
-rw-r--r-- root/root       237 2019-11-30 16:00 usr/lib64/gstreamermm-1.0/gen/m4/plugingen.m4
-rw-r--r-- root/root      6056 2019-11-30 16:00 usr/lib64/gstreamermm-1.0/gen/m4/plugingen_base.m4
-rw-r--r-- root/root      8345 2019-11-30 16:00 usr/lib64/gstreamermm-1.0/gen/m4/plugingen_gstreamermm.m4
-rw-r--r-- root/root       319 2019-11-30 16:00 usr/lib64/gstreamermm-1.0/gen/m4/shared.m4
drwxr-xr-x root/root         0 2019-11-30 16:00 usr/lib64/gstreamermm-1.0/include/
-rw-r--r-- root/root      1269 2019-11-30 16:00 usr/lib64/gstreamermm-1.0/include/gstreamermmconfig.h
-rwxr-xr-x root/root   2110632 2019-11-30 16:00 usr/lib64/libgstreamermm-1.0.so.1.0.0
drwxr-xr-x root/root         0 2019-11-30 16:00 usr/lib64/pkgconfig/
-rw-r--r-- root/root      1072 2019-11-30 16:00 usr/lib64/pkgconfig/gstreamermm-1.0.pc


