++========================================
||
||   Package:  ./suricata/suricata-5.0.3-x86_64-2cf.txz
||
++========================================
drwxr-xr-x root/root         0 2020-05-05 15:18 ./
drwxr-xr-x root/root         0 2020-05-05 15:18 etc/
drwxr-xr-x root/root         0 2020-05-05 15:18 etc/rc.d/
-rw-r--r-- root/root      1090 2020-05-05 15:18 etc/rc.d/rc.suricata.new
drwxr-xr-x root/root         0 2020-05-05 15:18 etc/suricata/
-rw------- root/root      4258 2020-05-05 15:18 etc/suricata/classification.config.new
-rw------- root/root      1375 2020-05-05 15:18 etc/suricata/reference.config.new
drwxr-xr-x root/root         0 2020-05-05 15:18 etc/suricata/rules/
-rw-r--r-- root/root      1858 2020-05-05 15:18 etc/suricata/rules/app-layer-events.rules
-rw-r--r-- root/root     19982 2020-05-05 15:18 etc/suricata/rules/decoder-events.rules
-rw-r--r-- root/root       468 2020-05-05 15:18 etc/suricata/rules/dhcp-events.rules
-rw-r--r-- root/root      1221 2020-05-05 15:18 etc/suricata/rules/dnp3-events.rules
-rw-r--r-- root/root      1777 2020-05-05 15:18 etc/suricata/rules/dns-events.rules
-rw-r--r-- root/root      4003 2020-05-05 15:18 etc/suricata/rules/files.rules
-rw-r--r-- root/root     13173 2020-05-05 15:18 etc/suricata/rules/http-events.rules
-rw-r--r-- root/root      2717 2020-05-05 15:18 etc/suricata/rules/ipsec-events.rules
-rw-r--r-- root/root       585 2020-05-05 15:18 etc/suricata/rules/kerberos-events.rules
-rw-r--r-- root/root      2078 2020-05-05 15:18 etc/suricata/rules/modbus-events.rules
-rw-r--r-- root/root       558 2020-05-05 15:18 etc/suricata/rules/nfs-events.rules
-rw-r--r-- root/root       558 2020-05-05 15:18 etc/suricata/rules/ntp-events.rules
-rw-r--r-- root/root      1315 2020-05-05 15:18 etc/suricata/rules/smb-events.rules
-rw-r--r-- root/root      5167 2020-05-05 15:18 etc/suricata/rules/smtp-events.rules
-rw-r--r-- root/root     12820 2020-05-05 15:18 etc/suricata/rules/stream-events.rules
-rw-r--r-- root/root      5217 2020-05-05 15:18 etc/suricata/rules/tls-events.rules
-rw------- root/root     70485 2020-05-05 15:18 etc/suricata/suricata.yaml.new
-rw------- root/root      1644 2020-05-05 15:18 etc/suricata/threshold.config.new
drwxr-xr-x root/root         0 2020-05-05 15:18 install/
-rw-r--r-- root/root       473 2020-05-05 15:18 install/doinst.sh
-rw-r--r-- root/root       884 2020-05-05 15:18 install/slack-desc
drwxr-xr-x root/root         0 2020-05-05 15:18 usr/
drwxr-xr-x root/root         0 2020-05-05 15:18 usr/bin/
-rwxr-xr-x root/root   5194392 2020-05-05 15:18 usr/bin/suricata
-rwxr-xr-x root/root      1412 2020-05-05 15:18 usr/bin/suricatactl
-rwxr-xr-x root/root      3163 2020-05-05 15:18 usr/bin/suricatasc
drwxr-xr-x root/root         0 2020-05-05 15:18 usr/doc/
drwxr-xr-x root/root         0 2020-05-05 15:18 usr/doc/suricata/
drwxr-xr-x root/root         0 2020-05-05 15:18 usr/doc/suricata-5.0.3/
-rw-r--r-- root/root     18092 2020-04-28 12:06 usr/doc/suricata-5.0.3/COPYING
-rw-r--r-- root/root     87946 2020-04-28 12:06 usr/doc/suricata-5.0.3/ChangeLog
-rw-r--r-- root/root     18092 2020-04-28 12:06 usr/doc/suricata-5.0.3/LICENSE
-rw-r--r-- root/root      4437 2020-05-05 15:18 usr/doc/suricata-5.0.3/suricata.SlackBuild
-rw-r--r-- root/root       124 2020-05-05 15:18 usr/doc/suricata/AUTHORS
-rw-r--r-- root/root      3636 2020-05-05 15:18 usr/doc/suricata/Basic_Setup.txt
-rw-r--r-- root/root      3049 2020-05-05 15:18 usr/doc/suricata/GITGUIDE
-rw-r--r-- root/root       505 2020-05-05 15:18 usr/doc/suricata/INSTALL
-rw-r--r-- root/root      6685 2020-05-05 15:18 usr/doc/suricata/INSTALL.PF_RING
-rw-r--r-- root/root      6056 2020-05-05 15:18 usr/doc/suricata/INSTALL.WINDOWS
-rw-r--r-- root/root        31 2020-05-05 15:18 usr/doc/suricata/NEWS
-rw-r--r-- root/root         0 2020-05-05 15:18 usr/doc/suricata/README
-rw-r--r-- root/root      3082 2020-05-05 15:18 usr/doc/suricata/Setting_up_IPSinline_for_Linux.txt
-rw-r--r-- root/root        75 2020-05-05 15:18 usr/doc/suricata/TODO
-rw-r--r-- root/root       435 2020-05-05 15:18 usr/doc/suricata/Third_Party_Installation_Guides.txt
drwxr-xr-x root/root         0 2020-05-05 15:18 usr/lib64/
drwxr-xr-x root/root         0 2020-05-05 15:18 usr/lib64/python3.8/
drwxr-xr-x root/root         0 2020-05-05 15:18 usr/lib64/python3.8/site-packages/
drwxr-xr-x root/root         0 2020-05-05 15:18 usr/lib64/python3.8/site-packages/suricata/
-rw-r--r-- root/root       728 2020-05-05 15:18 usr/lib64/python3.8/site-packages/suricata-5.0.3-py3.8.egg-info
-rw-r--r-- root/root         0 2020-04-28 12:06 usr/lib64/python3.8/site-packages/suricata/__init__.py
drwxr-xr-x root/root         0 2020-05-05 15:18 usr/lib64/python3.8/site-packages/suricata/__pycache__/
-rw-r--r-- root/root       171 2020-05-05 15:18 usr/lib64/python3.8/site-packages/suricata/__pycache__/__init__.cpython-38.pyc
drwxr-xr-x root/root         0 2020-05-05 15:18 usr/lib64/python3.8/site-packages/suricata/config/
-rw-r--r-- root/root         0 2020-04-28 12:06 usr/lib64/python3.8/site-packages/suricata/config/__init__.py
drwxr-xr-x root/root         0 2020-05-05 15:18 usr/lib64/python3.8/site-packages/suricata/config/__pycache__/
-rw-r--r-- root/root       178 2020-05-05 15:18 usr/lib64/python3.8/site-packages/suricata/config/__pycache__/__init__.cpython-38.pyc
-rw-r--r-- root/root       288 2020-05-05 15:18 usr/lib64/python3.8/site-packages/suricata/config/__pycache__/defaults.cpython-38.pyc
-rw-r--r-- root/root       103 2020-05-05 15:16 usr/lib64/python3.8/site-packages/suricata/config/defaults.py
drwxr-xr-x root/root         0 2020-05-05 15:18 usr/lib64/python3.8/site-packages/suricata/ctl/
-rw-r--r-- root/root         0 2020-04-28 12:06 usr/lib64/python3.8/site-packages/suricata/ctl/__init__.py
drwxr-xr-x root/root         0 2020-05-05 15:18 usr/lib64/python3.8/site-packages/suricata/ctl/__pycache__/
-rw-r--r-- root/root       175 2020-05-05 15:18 usr/lib64/python3.8/site-packages/suricata/ctl/__pycache__/__init__.cpython-38.pyc
-rw-r--r-- root/root      3622 2020-05-05 15:18 usr/lib64/python3.8/site-packages/suricata/ctl/__pycache__/filestore.cpython-38.pyc
-rw-r--r-- root/root      1905 2020-05-05 15:18 usr/lib64/python3.8/site-packages/suricata/ctl/__pycache__/loghandler.cpython-38.pyc
-rw-r--r-- root/root      1197 2020-05-05 15:18 usr/lib64/python3.8/site-packages/suricata/ctl/__pycache__/main.cpython-38.pyc
-rw-r--r-- root/root       865 2020-05-05 15:18 usr/lib64/python3.8/site-packages/suricata/ctl/__pycache__/test_filestore.cpython-38.pyc
-rw-r--r-- root/root      4080 2020-04-28 12:06 usr/lib64/python3.8/site-packages/suricata/ctl/filestore.py
-rw-r--r-- root/root      2731 2020-04-28 12:06 usr/lib64/python3.8/site-packages/suricata/ctl/loghandler.py
-rw-r--r-- root/root      1600 2020-04-28 12:06 usr/lib64/python3.8/site-packages/suricata/ctl/main.py
-rw-r--r-- root/root       597 2020-04-28 12:06 usr/lib64/python3.8/site-packages/suricata/ctl/test_filestore.py
drwxr-xr-x root/root         0 2020-05-05 15:18 usr/lib64/python3.8/site-packages/suricata/sc/
-rw-r--r-- root/root        37 2020-04-28 12:06 usr/lib64/python3.8/site-packages/suricata/sc/__init__.py
drwxr-xr-x root/root         0 2020-05-05 15:18 usr/lib64/python3.8/site-packages/suricata/sc/__pycache__/
-rw-r--r-- root/root       213 2020-05-05 15:18 usr/lib64/python3.8/site-packages/suricata/sc/__pycache__/__init__.cpython-38.pyc
-rw-r--r-- root/root      1317 2020-05-05 15:18 usr/lib64/python3.8/site-packages/suricata/sc/__pycache__/specs.cpython-38.pyc
-rw-r--r-- root/root      7430 2020-05-05 15:18 usr/lib64/python3.8/site-packages/suricata/sc/__pycache__/suricatasc.cpython-38.pyc
-rw-r--r-- root/root      3791 2020-04-28 12:06 usr/lib64/python3.8/site-packages/suricata/sc/specs.py
-rw-r--r-- root/root      9211 2020-04-28 12:06 usr/lib64/python3.8/site-packages/suricata/sc/suricatasc.py
drwxr-xr-x root/root         0 2020-05-05 15:18 usr/lib64/python3.8/site-packages/suricatasc/
-rw-r--r-- root/root        26 2020-04-28 12:06 usr/lib64/python3.8/site-packages/suricatasc/__init__.py
drwxr-xr-x root/root         0 2020-05-05 15:18 usr/lib64/python3.8/site-packages/suricatasc/__pycache__/
-rw-r--r-- root/root       201 2020-05-05 15:18 usr/lib64/python3.8/site-packages/suricatasc/__pycache__/__init__.cpython-38.pyc
drwxr-xr-x root/root         0 2020-05-05 15:18 usr/man/
drwxr-xr-x root/root         0 2020-05-05 15:18 usr/man/man1/
-rw-r--r-- root/root      3448 2020-05-05 15:18 usr/man/man1/suricata.1.gz
drwxr-xr-x root/root         0 2020-05-05 15:18 usr/suricata/
-rw-r--r-- root/root      4258 2020-05-05 15:18 usr/suricata/classification.config
-rw-r--r-- root/root      1375 2020-05-05 15:18 usr/suricata/reference.config
drwxr-xr-x root/root         0 2020-05-05 15:18 usr/suricata/rules/
-rw-r--r-- root/root      1858 2020-05-05 15:18 usr/suricata/rules/app-layer-events.rules
-rw-r--r-- root/root     19982 2020-05-05 15:18 usr/suricata/rules/decoder-events.rules
-rw-r--r-- root/root       468 2020-05-05 15:18 usr/suricata/rules/dhcp-events.rules
-rw-r--r-- root/root      1221 2020-05-05 15:18 usr/suricata/rules/dnp3-events.rules
-rw-r--r-- root/root      1777 2020-05-05 15:18 usr/suricata/rules/dns-events.rules
-rw-r--r-- root/root      4003 2020-05-05 15:18 usr/suricata/rules/files.rules
-rw-r--r-- root/root     13173 2020-05-05 15:18 usr/suricata/rules/http-events.rules
-rw-r--r-- root/root      2717 2020-05-05 15:18 usr/suricata/rules/ipsec-events.rules
-rw-r--r-- root/root       585 2020-05-05 15:18 usr/suricata/rules/kerberos-events.rules
-rw-r--r-- root/root      2078 2020-05-05 15:18 usr/suricata/rules/modbus-events.rules
-rw-r--r-- root/root       558 2020-05-05 15:18 usr/suricata/rules/nfs-events.rules
-rw-r--r-- root/root       558 2020-05-05 15:18 usr/suricata/rules/ntp-events.rules
-rw-r--r-- root/root      1315 2020-05-05 15:18 usr/suricata/rules/smb-events.rules
-rw-r--r-- root/root      5167 2020-05-05 15:18 usr/suricata/rules/smtp-events.rules
-rw-r--r-- root/root     12820 2020-05-05 15:18 usr/suricata/rules/stream-events.rules
-rw-r--r-- root/root      5217 2020-05-05 15:18 usr/suricata/rules/tls-events.rules
drwxr-xr-x root/root         0 2020-05-05 15:18 var/
drwxr-xr-x root/root         0 2020-05-05 15:18 var/log/
drwxr-xr-x root/root         0 2020-05-05 15:18 var/log/suricata/
drwxr-xr-x root/root         0 2020-05-05 15:18 var/log/suricata/certs/
drwxr-xr-x root/root         0 2020-05-05 15:18 var/log/suricata/files/
drwxr-xr-x root/root         0 2020-05-05 15:18 var/run/
drwxrwx--- root/root         0 2020-05-05 15:18 var/run/suricata/


