++========================================
||
||   Package:  ./birdtray/birdtray-1.9.0-x86_64-1cf.txz
||
++========================================
drwxr-xr-x root/root         0 2020-12-04 17:28 ./
drwxr-xr-x root/root         0 2020-12-04 17:28 install/
-rw-r--r-- root/root       738 2020-12-04 17:28 install/slack-desc
drwxr-xr-x root/root         0 2020-12-04 17:28 usr/
drwxr-xr-x root/root         0 2020-12-04 17:28 usr/bin/
-rwxr-xr-x root/root    605832 2020-12-04 17:28 usr/bin/birdtray
drwxr-xr-x root/root         0 2020-12-04 17:28 usr/doc/
drwxr-xr-x root/root         0 2020-12-04 17:28 usr/doc/birdtray-1.9.0/
-rw-r--r-- root/root      9366 2020-10-20 19:33 usr/doc/birdtray-1.9.0/CMakeLists.txt
-rw-r--r-- root/root     35141 2020-10-20 19:33 usr/doc/birdtray-1.9.0/LICENSE.txt
-rw-r--r-- root/root      5724 2020-10-20 19:33 usr/doc/birdtray-1.9.0/README.md
-rw-r--r-- root/root      3774 2020-12-04 17:28 usr/doc/birdtray-1.9.0/birdtray.SlackBuild
drwxr-xr-x root/root         0 2020-12-04 17:28 usr/share/
drwxr-xr-x root/root         0 2020-12-04 17:28 usr/share/applications/
-rw-r--r-- root/root      2255 2020-10-20 19:33 usr/share/applications/com.ulduzsoft.Birdtray.desktop
drwxr-xr-x root/root         0 2020-12-04 17:28 usr/share/icons/
drwxr-xr-x root/root         0 2020-12-04 17:28 usr/share/icons/hicolor/
drwxr-xr-x root/root         0 2020-12-04 17:28 usr/share/icons/hicolor/128x128/
drwxr-xr-x root/root         0 2020-12-04 17:28 usr/share/icons/hicolor/128x128/apps/
-rw-r--r-- root/root     12518 2020-10-20 19:33 usr/share/icons/hicolor/128x128/apps/com.ulduzsoft.Birdtray.png
drwxr-xr-x root/root         0 2020-12-04 17:28 usr/share/icons/hicolor/32x32/
drwxr-xr-x root/root         0 2020-12-04 17:28 usr/share/icons/hicolor/32x32/apps/
-rw-r--r-- root/root      2147 2020-10-20 19:33 usr/share/icons/hicolor/32x32/apps/com.ulduzsoft.Birdtray.png
drwxr-xr-x root/root         0 2020-12-04 17:28 usr/share/icons/hicolor/48x48/
drwxr-xr-x root/root         0 2020-12-04 17:28 usr/share/icons/hicolor/48x48/apps/
-rw-r--r-- root/root      3726 2020-10-20 19:33 usr/share/icons/hicolor/48x48/apps/com.ulduzsoft.Birdtray.png
drwxr-xr-x root/root         0 2020-12-04 17:28 usr/share/icons/hicolor/64x64/
drwxr-xr-x root/root         0 2020-12-04 17:28 usr/share/icons/hicolor/64x64/apps/
-rw-r--r-- root/root      5335 2020-10-20 19:33 usr/share/icons/hicolor/64x64/apps/com.ulduzsoft.Birdtray.png
drwxr-xr-x root/root         0 2020-12-04 17:28 usr/share/icons/hicolor/scalable/
drwxr-xr-x root/root         0 2020-12-04 17:28 usr/share/icons/hicolor/scalable/apps/
-rw-r--r-- root/root     17176 2020-10-20 19:33 usr/share/icons/hicolor/scalable/apps/com.ulduzsoft.Birdtray.svg
drwxr-xr-x root/root         0 2020-12-04 17:28 usr/share/metainfo/
-rw-r--r-- root/root      3114 2020-10-20 19:33 usr/share/metainfo/com.ulduzsoft.Birdtray.appdata.xml
drwxr-xr-x root/root         0 2020-12-04 17:28 usr/share/ulduzsoft/
drwxr-xr-x root/root         0 2020-12-04 17:28 usr/share/ulduzsoft/birdtray/
drwxr-xr-x root/root         0 2020-12-04 17:28 usr/share/ulduzsoft/birdtray/translations/
-rw-r--r-- root/root       559 2020-12-04 17:27 usr/share/ulduzsoft/birdtray/translations/dynamic_de.qm
-rw-r--r-- root/root       539 2020-12-04 17:27 usr/share/ulduzsoft/birdtray/translations/dynamic_en.qm
-rw-r--r-- root/root       611 2020-12-04 17:27 usr/share/ulduzsoft/birdtray/translations/dynamic_es.qm
-rw-r--r-- root/root       577 2020-12-04 17:27 usr/share/ulduzsoft/birdtray/translations/dynamic_it.qm
-rw-r--r-- root/root       617 2020-12-04 17:27 usr/share/ulduzsoft/birdtray/translations/dynamic_nl.qm
-rw-r--r-- root/root       579 2020-12-04 17:27 usr/share/ulduzsoft/birdtray/translations/dynamic_pl.qm
-rw-r--r-- root/root       573 2020-12-04 17:27 usr/share/ulduzsoft/birdtray/translations/dynamic_pt.qm
-rw-r--r-- root/root       566 2020-12-04 17:27 usr/share/ulduzsoft/birdtray/translations/dynamic_ru.qm
-rw-r--r-- root/root       540 2020-12-04 17:27 usr/share/ulduzsoft/birdtray/translations/dynamic_sv.qm
-rw-r--r-- root/root       577 2020-12-04 17:27 usr/share/ulduzsoft/birdtray/translations/dynamic_tr.qm
-rw-r--r-- root/root     43420 2020-12-04 17:27 usr/share/ulduzsoft/birdtray/translations/main_de.qm
-rw-r--r-- root/root       480 2020-12-04 17:27 usr/share/ulduzsoft/birdtray/translations/main_en.qm
-rw-r--r-- root/root     38877 2020-12-04 17:27 usr/share/ulduzsoft/birdtray/translations/main_es.qm
-rw-r--r-- root/root     42782 2020-12-04 17:27 usr/share/ulduzsoft/birdtray/translations/main_it.qm
-rw-r--r-- root/root     41164 2020-12-04 17:27 usr/share/ulduzsoft/birdtray/translations/main_nl.qm
-rw-r--r-- root/root     40991 2020-12-04 17:27 usr/share/ulduzsoft/birdtray/translations/main_pl.qm
-rw-r--r-- root/root     41894 2020-12-04 17:27 usr/share/ulduzsoft/birdtray/translations/main_pt.qm
-rw-r--r-- root/root     41731 2020-12-04 17:27 usr/share/ulduzsoft/birdtray/translations/main_ru.qm
-rw-r--r-- root/root     37404 2020-12-04 17:27 usr/share/ulduzsoft/birdtray/translations/main_sv.qm
-rw-r--r-- root/root     23068 2020-12-04 17:27 usr/share/ulduzsoft/birdtray/translations/main_tr.qm


