++========================================
||
||   Package:  ./virt-manager/virt-manager-4.1.0-x86_64-1cf.txz
||
++========================================
drwxr-xr-x root/root         0 2023-01-17 12:50 ./
drwxr-xr-x root/root         0 2023-01-17 12:50 install/
-rw-r--r-- root/root       613 2023-01-17 12:50 install/doinst.sh
-rw-r--r-- root/root       737 2023-01-17 12:50 install/slack-desc
-rw-r--r-- root/root        79 2023-01-17 12:50 install/slack-required
drwxr-xr-x root/root         0 2023-01-17 12:50 usr/
drwxr-xr-x root/root         0 2023-01-17 12:50 usr/bin/
-rwxr-xr-x root/root       138 2023-01-17 12:50 usr/bin/virt-clone
-rwxr-xr-x root/root       142 2023-01-17 12:50 usr/bin/virt-install
-rwxr-xr-x root/root       145 2023-01-17 12:50 usr/bin/virt-manager
-rwxr-xr-x root/root       134 2023-01-17 12:50 usr/bin/virt-xml
drwxr-xr-x root/root         0 2023-01-17 12:50 usr/doc/
drwxr-xr-x root/root         0 2023-01-17 12:50 usr/doc/virt-manager-4.1.0/
-rw-r--r-- root/root      4654 2022-04-05 20:42 usr/doc/virt-manager-4.1.0/CONTRIBUTING.md
-rw-r--r-- root/root     18092 2022-04-05 20:42 usr/doc/virt-manager-4.1.0/COPYING
-rw-r--r-- root/root     10438 2022-08-04 21:07 usr/doc/virt-manager-4.1.0/DESIGN.md
-rw-r--r-- root/root      1389 2022-04-05 20:42 usr/doc/virt-manager-4.1.0/INSTALL.md
-rw-r--r-- root/root     29158 2022-08-04 21:53 usr/doc/virt-manager-4.1.0/NEWS.md
-rw-r--r-- root/root      1262 2022-04-05 20:42 usr/doc/virt-manager-4.1.0/README.md
-rw-r--r-- root/root      3732 2023-01-17 12:50 usr/doc/virt-manager-4.1.0/virt-manager.SlackBuild
drwxr-xr-x root/root         0 2023-01-17 12:50 usr/man/
drwxr-xr-x root/root         0 2023-01-17 12:50 usr/man/man1/
-rw-r--r-- root/root      3063 2023-01-17 12:50 usr/man/man1/virt-clone.1.gz
-rw-r--r-- root/root     22122 2023-01-17 12:50 usr/man/man1/virt-install.1.gz
-rw-r--r-- root/root      1469 2023-01-17 12:50 usr/man/man1/virt-manager.1.gz
-rw-r--r-- root/root      5351 2023-01-17 12:50 usr/man/man1/virt-xml.1.gz
drwxr-xr-x root/root         0 2023-01-17 12:50 usr/share/
drwxr-xr-x root/root         0 2023-01-17 12:50 usr/share/applications/
-rw-r--r-- root/root      3771 2023-01-17 12:50 usr/share/applications/virt-manager.desktop
drwxr-xr-x root/root         0 2023-01-17 12:50 usr/share/bash-completion/
drwxr-xr-x root/root         0 2023-01-17 12:50 usr/share/bash-completion/completions/
-rw-r--r-- root/root      1135 2023-01-17 12:50 usr/share/bash-completion/completions/virt-clone
-rw-r--r-- root/root      1137 2023-01-17 12:50 usr/share/bash-completion/completions/virt-install
-rw-r--r-- root/root      1133 2023-01-17 12:50 usr/share/bash-completion/completions/virt-xml
drwxr-xr-x root/root         0 2023-01-17 12:50 usr/share/glib-2.0/
drwxr-xr-x root/root         0 2023-01-17 12:50 usr/share/glib-2.0/schemas/
-rw-r--r-- root/root      5516 2023-01-17 12:50 usr/share/glib-2.0/schemas/gschemas.compiled
-rw-r--r-- root/root     14106 2022-04-05 20:42 usr/share/glib-2.0/schemas/org.virt-manager.virt-manager.gschema.xml
drwxr-xr-x root/root         0 2023-01-17 12:50 usr/share/icons/
drwxr-xr-x root/root         0 2023-01-17 12:50 usr/share/icons/hicolor/
drwxr-xr-x root/root         0 2023-01-17 12:50 usr/share/icons/hicolor/16x16/
drwxr-xr-x root/root         0 2023-01-17 12:50 usr/share/icons/hicolor/16x16/apps/
-rw-r--r-- root/root       932 2020-07-28 22:59 usr/share/icons/hicolor/16x16/apps/virt-manager.png
drwxr-xr-x root/root         0 2023-01-17 12:50 usr/share/icons/hicolor/22x22/
drwxr-xr-x root/root         0 2023-01-17 12:50 usr/share/icons/hicolor/22x22/apps/
-rw-r--r-- root/root      1363 2020-07-28 22:59 usr/share/icons/hicolor/22x22/apps/virt-manager.png
drwxr-xr-x root/root         0 2023-01-17 12:50 usr/share/icons/hicolor/24x24/
drwxr-xr-x root/root         0 2023-01-17 12:50 usr/share/icons/hicolor/24x24/apps/
-rw-r--r-- root/root      1416 2020-07-28 22:59 usr/share/icons/hicolor/24x24/apps/virt-manager.png
drwxr-xr-x root/root         0 2023-01-17 12:50 usr/share/icons/hicolor/256x256/
drwxr-xr-x root/root         0 2023-01-17 12:50 usr/share/icons/hicolor/256x256/apps/
-rw-r--r-- root/root     13705 2020-07-28 22:59 usr/share/icons/hicolor/256x256/apps/virt-manager.png
drwxr-xr-x root/root         0 2023-01-17 12:50 usr/share/icons/hicolor/32x32/
drwxr-xr-x root/root         0 2023-01-17 12:50 usr/share/icons/hicolor/32x32/apps/
-rw-r--r-- root/root      1826 2020-07-28 22:59 usr/share/icons/hicolor/32x32/apps/virt-manager.png
drwxr-xr-x root/root         0 2023-01-17 12:50 usr/share/icons/hicolor/48x48/
drwxr-xr-x root/root         0 2023-01-17 12:50 usr/share/icons/hicolor/48x48/apps/
-rw-r--r-- root/root      2793 2020-07-28 22:59 usr/share/icons/hicolor/48x48/apps/virt-manager.png
-rw-r--r-- root/root       244 2023-01-17 12:50 usr/share/icons/hicolor/icon-theme.cache
drwxr-xr-x root/root         0 2023-01-17 12:50 usr/share/locale/
drwxr-xr-x root/root         0 2023-01-17 12:50 usr/share/locale/as/
drwxr-xr-x root/root         0 2023-01-17 12:50 usr/share/locale/as/LC_MESSAGES/
-rw-r--r-- root/root    104743 2023-01-17 12:50 usr/share/locale/as/LC_MESSAGES/virt-manager.mo
drwxr-xr-x root/root         0 2023-01-17 12:50 usr/share/locale/bg/
drwxr-xr-x root/root         0 2023-01-17 12:50 usr/share/locale/bg/LC_MESSAGES/
-rw-r--r-- root/root      4573 2023-01-17 12:50 usr/share/locale/bg/LC_MESSAGES/virt-manager.mo
drwxr-xr-x root/root         0 2023-01-17 12:50 usr/share/locale/bn_IN/
drwxr-xr-x root/root         0 2023-01-17 12:50 usr/share/locale/bn_IN/LC_MESSAGES/
-rw-r--r-- root/root    111777 2023-01-17 12:50 usr/share/locale/bn_IN/LC_MESSAGES/virt-manager.mo
drwxr-xr-x root/root         0 2023-01-17 12:50 usr/share/locale/bs/
drwxr-xr-x root/root         0 2023-01-17 12:50 usr/share/locale/bs/LC_MESSAGES/
-rw-r--r-- root/root      2631 2023-01-17 12:50 usr/share/locale/bs/LC_MESSAGES/virt-manager.mo
drwxr-xr-x root/root         0 2023-01-17 12:50 usr/share/locale/ca/
drwxr-xr-x root/root         0 2023-01-17 12:50 usr/share/locale/ca/LC_MESSAGES/
-rw-r--r-- root/root     97182 2023-01-17 12:50 usr/share/locale/ca/LC_MESSAGES/virt-manager.mo
drwxr-xr-x root/root         0 2023-01-17 12:50 usr/share/locale/cs/
drwxr-xr-x root/root         0 2023-01-17 12:50 usr/share/locale/cs/LC_MESSAGES/
-rw-r--r-- root/root    145378 2023-01-17 12:50 usr/share/locale/cs/LC_MESSAGES/virt-manager.mo
drwxr-xr-x root/root         0 2023-01-17 12:50 usr/share/locale/da/
drwxr-xr-x root/root         0 2023-01-17 12:50 usr/share/locale/da/LC_MESSAGES/
-rw-r--r-- root/root     19472 2023-01-17 12:50 usr/share/locale/da/LC_MESSAGES/virt-manager.mo
drwxr-xr-x root/root         0 2023-01-17 12:50 usr/share/locale/de/
drwxr-xr-x root/root         0 2023-01-17 12:50 usr/share/locale/de/LC_MESSAGES/
-rw-r--r-- root/root    106354 2023-01-17 12:50 usr/share/locale/de/LC_MESSAGES/virt-manager.mo
drwxr-xr-x root/root         0 2023-01-17 12:50 usr/share/locale/en_GB/
drwxr-xr-x root/root         0 2023-01-17 12:50 usr/share/locale/en_GB/LC_MESSAGES/
-rw-r--r-- root/root     85972 2023-01-17 12:50 usr/share/locale/en_GB/LC_MESSAGES/virt-manager.mo
drwxr-xr-x root/root         0 2023-01-17 12:50 usr/share/locale/es/
drwxr-xr-x root/root         0 2023-01-17 12:50 usr/share/locale/es/LC_MESSAGES/
-rw-r--r-- root/root    112887 2023-01-17 12:50 usr/share/locale/es/LC_MESSAGES/virt-manager.mo
drwxr-xr-x root/root         0 2023-01-17 12:50 usr/share/locale/fi/
drwxr-xr-x root/root         0 2023-01-17 12:50 usr/share/locale/fi/LC_MESSAGES/
-rw-r--r-- root/root    140716 2023-01-17 12:50 usr/share/locale/fi/LC_MESSAGES/virt-manager.mo
drwxr-xr-x root/root         0 2023-01-17 12:50 usr/share/locale/fr/
drwxr-xr-x root/root         0 2023-01-17 12:50 usr/share/locale/fr/LC_MESSAGES/
-rw-r--r-- root/root    126673 2023-01-17 12:50 usr/share/locale/fr/LC_MESSAGES/virt-manager.mo
drwxr-xr-x root/root         0 2023-01-17 12:50 usr/share/locale/fur/
drwxr-xr-x root/root         0 2023-01-17 12:50 usr/share/locale/fur/LC_MESSAGES/
-rw-r--r-- root/root    118366 2023-01-17 12:50 usr/share/locale/fur/LC_MESSAGES/virt-manager.mo
drwxr-xr-x root/root         0 2023-01-17 12:50 usr/share/locale/gu/
drwxr-xr-x root/root         0 2023-01-17 12:50 usr/share/locale/gu/LC_MESSAGES/
-rw-r--r-- root/root     96593 2023-01-17 12:50 usr/share/locale/gu/LC_MESSAGES/virt-manager.mo
drwxr-xr-x root/root         0 2023-01-17 12:50 usr/share/locale/hi/
drwxr-xr-x root/root         0 2023-01-17 12:50 usr/share/locale/hi/LC_MESSAGES/
-rw-r--r-- root/root     65293 2023-01-17 12:50 usr/share/locale/hi/LC_MESSAGES/virt-manager.mo
drwxr-xr-x root/root         0 2023-01-17 12:50 usr/share/locale/hr/
drwxr-xr-x root/root         0 2023-01-17 12:50 usr/share/locale/hr/LC_MESSAGES/
-rw-r--r-- root/root     40256 2023-01-17 12:50 usr/share/locale/hr/LC_MESSAGES/virt-manager.mo
drwxr-xr-x root/root         0 2023-01-17 12:50 usr/share/locale/hu/
drwxr-xr-x root/root         0 2023-01-17 12:50 usr/share/locale/hu/LC_MESSAGES/
-rw-r--r-- root/root     60749 2023-01-17 12:50 usr/share/locale/hu/LC_MESSAGES/virt-manager.mo
drwxr-xr-x root/root         0 2023-01-17 12:50 usr/share/locale/id/
drwxr-xr-x root/root         0 2023-01-17 12:50 usr/share/locale/id/LC_MESSAGES/
-rw-r--r-- root/root     12644 2023-01-17 12:50 usr/share/locale/id/LC_MESSAGES/virt-manager.mo
drwxr-xr-x root/root         0 2023-01-17 12:50 usr/share/locale/is/
drwxr-xr-x root/root         0 2023-01-17 12:50 usr/share/locale/is/LC_MESSAGES/
-rw-r--r-- root/root      1215 2023-01-17 12:50 usr/share/locale/is/LC_MESSAGES/virt-manager.mo
drwxr-xr-x root/root         0 2023-01-17 12:50 usr/share/locale/it/
drwxr-xr-x root/root         0 2023-01-17 12:50 usr/share/locale/it/LC_MESSAGES/
-rw-r--r-- root/root    137208 2023-01-17 12:50 usr/share/locale/it/LC_MESSAGES/virt-manager.mo
drwxr-xr-x root/root         0 2023-01-17 12:50 usr/share/locale/ja/
drwxr-xr-x root/root         0 2023-01-17 12:50 usr/share/locale/ja/LC_MESSAGES/
-rw-r--r-- root/root    155883 2023-01-17 12:50 usr/share/locale/ja/LC_MESSAGES/virt-manager.mo
drwxr-xr-x root/root         0 2023-01-17 12:50 usr/share/locale/ka/
drwxr-xr-x root/root         0 2023-01-17 12:50 usr/share/locale/ka/LC_MESSAGES/
-rw-r--r-- root/root    143907 2023-01-17 12:50 usr/share/locale/ka/LC_MESSAGES/virt-manager.mo
drwxr-xr-x root/root         0 2023-01-17 12:50 usr/share/locale/kab/
drwxr-xr-x root/root         0 2023-01-17 12:50 usr/share/locale/kab/LC_MESSAGES/
-rw-r--r-- root/root       526 2023-01-17 12:50 usr/share/locale/kab/LC_MESSAGES/virt-manager.mo
drwxr-xr-x root/root         0 2023-01-17 12:50 usr/share/locale/kn/
drwxr-xr-x root/root         0 2023-01-17 12:50 usr/share/locale/kn/LC_MESSAGES/
-rw-r--r-- root/root    114449 2023-01-17 12:50 usr/share/locale/kn/LC_MESSAGES/virt-manager.mo
drwxr-xr-x root/root         0 2023-01-17 12:50 usr/share/locale/ko/
drwxr-xr-x root/root         0 2023-01-17 12:50 usr/share/locale/ko/LC_MESSAGES/
-rw-r--r-- root/root    146003 2023-01-17 12:50 usr/share/locale/ko/LC_MESSAGES/virt-manager.mo
drwxr-xr-x root/root         0 2023-01-17 12:50 usr/share/locale/ml/
drwxr-xr-x root/root         0 2023-01-17 12:50 usr/share/locale/ml/LC_MESSAGES/
-rw-r--r-- root/root    105179 2023-01-17 12:50 usr/share/locale/ml/LC_MESSAGES/virt-manager.mo
drwxr-xr-x root/root         0 2023-01-17 12:50 usr/share/locale/mr/
drwxr-xr-x root/root         0 2023-01-17 12:50 usr/share/locale/mr/LC_MESSAGES/
-rw-r--r-- root/root    102742 2023-01-17 12:50 usr/share/locale/mr/LC_MESSAGES/virt-manager.mo
drwxr-xr-x root/root         0 2023-01-17 12:50 usr/share/locale/ms/
drwxr-xr-x root/root         0 2023-01-17 12:50 usr/share/locale/ms/LC_MESSAGES/
-rw-r--r-- root/root      1424 2023-01-17 12:50 usr/share/locale/ms/LC_MESSAGES/virt-manager.mo
drwxr-xr-x root/root         0 2023-01-17 12:50 usr/share/locale/nb/
drwxr-xr-x root/root         0 2023-01-17 12:50 usr/share/locale/nb/LC_MESSAGES/
-rw-r--r-- root/root      2484 2023-01-17 12:50 usr/share/locale/nb/LC_MESSAGES/virt-manager.mo
drwxr-xr-x root/root         0 2023-01-17 12:50 usr/share/locale/nl/
drwxr-xr-x root/root         0 2023-01-17 12:50 usr/share/locale/nl/LC_MESSAGES/
-rw-r--r-- root/root     54163 2023-01-17 12:50 usr/share/locale/nl/LC_MESSAGES/virt-manager.mo
drwxr-xr-x root/root         0 2023-01-17 12:50 usr/share/locale/or/
drwxr-xr-x root/root         0 2023-01-17 12:50 usr/share/locale/or/LC_MESSAGES/
-rw-r--r-- root/root     76219 2023-01-17 12:50 usr/share/locale/or/LC_MESSAGES/virt-manager.mo
drwxr-xr-x root/root         0 2023-01-17 12:50 usr/share/locale/pa/
drwxr-xr-x root/root         0 2023-01-17 12:50 usr/share/locale/pa/LC_MESSAGES/
-rw-r--r-- root/root     76169 2023-01-17 12:50 usr/share/locale/pa/LC_MESSAGES/virt-manager.mo
drwxr-xr-x root/root         0 2023-01-17 12:50 usr/share/locale/pl/
drwxr-xr-x root/root         0 2023-01-17 12:50 usr/share/locale/pl/LC_MESSAGES/
-rw-r--r-- root/root    146804 2023-01-17 12:50 usr/share/locale/pl/LC_MESSAGES/virt-manager.mo
drwxr-xr-x root/root         0 2023-01-17 12:50 usr/share/locale/pt/
drwxr-xr-x root/root         0 2023-01-17 12:50 usr/share/locale/pt/LC_MESSAGES/
-rw-r--r-- root/root     88598 2023-01-17 12:50 usr/share/locale/pt/LC_MESSAGES/virt-manager.mo
drwxr-xr-x root/root         0 2023-01-17 12:50 usr/share/locale/pt_BR/
drwxr-xr-x root/root         0 2023-01-17 12:50 usr/share/locale/pt_BR/LC_MESSAGES/
-rw-r--r-- root/root    133055 2023-01-17 12:50 usr/share/locale/pt_BR/LC_MESSAGES/virt-manager.mo
drwxr-xr-x root/root         0 2023-01-17 12:50 usr/share/locale/ro/
drwxr-xr-x root/root         0 2023-01-17 12:50 usr/share/locale/ro/LC_MESSAGES/
-rw-r--r-- root/root      2887 2023-01-17 12:50 usr/share/locale/ro/LC_MESSAGES/virt-manager.mo
drwxr-xr-x root/root         0 2023-01-17 12:50 usr/share/locale/ru/
drwxr-xr-x root/root         0 2023-01-17 12:50 usr/share/locale/ru/LC_MESSAGES/
-rw-r--r-- root/root    175337 2023-01-17 12:50 usr/share/locale/ru/LC_MESSAGES/virt-manager.mo
drwxr-xr-x root/root         0 2023-01-17 12:50 usr/share/locale/si/
drwxr-xr-x root/root         0 2023-01-17 12:50 usr/share/locale/si/LC_MESSAGES/
-rw-r--r-- root/root       568 2023-01-17 12:50 usr/share/locale/si/LC_MESSAGES/virt-manager.mo
drwxr-xr-x root/root         0 2023-01-17 12:50 usr/share/locale/sk/
drwxr-xr-x root/root         0 2023-01-17 12:50 usr/share/locale/sk/LC_MESSAGES/
-rw-r--r-- root/root     48809 2023-01-17 12:50 usr/share/locale/sk/LC_MESSAGES/virt-manager.mo
drwxr-xr-x root/root         0 2023-01-17 12:50 usr/share/locale/sr/
drwxr-xr-x root/root         0 2023-01-17 12:50 usr/share/locale/sr/LC_MESSAGES/
-rw-r--r-- root/root     25043 2023-01-17 12:50 usr/share/locale/sr/LC_MESSAGES/virt-manager.mo
drwxr-xr-x root/root         0 2023-01-17 12:50 usr/share/locale/sr@latin/
drwxr-xr-x root/root         0 2023-01-17 12:50 usr/share/locale/sr@latin/LC_MESSAGES/
-rw-r--r-- root/root      5746 2023-01-17 12:50 usr/share/locale/sr@latin/LC_MESSAGES/virt-manager.mo
drwxr-xr-x root/root         0 2023-01-17 12:50 usr/share/locale/sv/
drwxr-xr-x root/root         0 2023-01-17 12:50 usr/share/locale/sv/LC_MESSAGES/
-rw-r--r-- root/root    138758 2023-01-17 12:50 usr/share/locale/sv/LC_MESSAGES/virt-manager.mo
drwxr-xr-x root/root         0 2023-01-17 12:50 usr/share/locale/ta/
drwxr-xr-x root/root         0 2023-01-17 12:50 usr/share/locale/ta/LC_MESSAGES/
-rw-r--r-- root/root    115927 2023-01-17 12:50 usr/share/locale/ta/LC_MESSAGES/virt-manager.mo
drwxr-xr-x root/root         0 2023-01-17 12:50 usr/share/locale/te/
drwxr-xr-x root/root         0 2023-01-17 12:50 usr/share/locale/te/LC_MESSAGES/
-rw-r--r-- root/root    106078 2023-01-17 12:50 usr/share/locale/te/LC_MESSAGES/virt-manager.mo
drwxr-xr-x root/root         0 2023-01-17 12:50 usr/share/locale/tr/
drwxr-xr-x root/root         0 2023-01-17 12:50 usr/share/locale/tr/LC_MESSAGES/
-rw-r--r-- root/root    142776 2023-01-17 12:50 usr/share/locale/tr/LC_MESSAGES/virt-manager.mo
drwxr-xr-x root/root         0 2023-01-17 12:50 usr/share/locale/uk/
drwxr-xr-x root/root         0 2023-01-17 12:50 usr/share/locale/uk/LC_MESSAGES/
-rw-r--r-- root/root    190563 2023-01-17 12:50 usr/share/locale/uk/LC_MESSAGES/virt-manager.mo
drwxr-xr-x root/root         0 2023-01-17 12:50 usr/share/locale/zh_CN/
drwxr-xr-x root/root         0 2023-01-17 12:50 usr/share/locale/zh_CN/LC_MESSAGES/
-rw-r--r-- root/root    124848 2023-01-17 12:50 usr/share/locale/zh_CN/LC_MESSAGES/virt-manager.mo
drwxr-xr-x root/root         0 2023-01-17 12:50 usr/share/locale/zh_TW/
drwxr-xr-x root/root         0 2023-01-17 12:50 usr/share/locale/zh_TW/LC_MESSAGES/
-rw-r--r-- root/root    131277 2023-01-17 12:50 usr/share/locale/zh_TW/LC_MESSAGES/virt-manager.mo
drwxr-xr-x root/root         0 2023-01-17 12:50 usr/share/metainfo/
-rw-r--r-- root/root     26278 2023-01-17 12:50 usr/share/metainfo/virt-manager.appdata.xml
drwxr-xr-x root/root         0 2023-01-17 12:50 usr/share/virt-manager/
drwxr-xr-x root/root         0 2023-01-17 12:50 usr/share/virt-manager/icons/
drwxr-xr-x root/root         0 2023-01-17 12:50 usr/share/virt-manager/icons/hicolor/
drwxr-xr-x root/root         0 2023-01-17 12:50 usr/share/virt-manager/icons/hicolor/16x16/
drwxr-xr-x root/root         0 2023-01-17 12:50 usr/share/virt-manager/icons/hicolor/16x16/actions/
-rw-r--r-- root/root       570 2020-07-28 22:59 usr/share/virt-manager/icons/hicolor/16x16/actions/icon_console.png
-rw-r--r-- root/root       702 2020-07-28 22:59 usr/share/virt-manager/icons/hicolor/16x16/actions/vm_new.png
drwxr-xr-x root/root         0 2023-01-17 12:50 usr/share/virt-manager/icons/hicolor/22x22/
drwxr-xr-x root/root         0 2023-01-17 12:50 usr/share/virt-manager/icons/hicolor/22x22/actions/
-rw-r--r-- root/root       716 2020-07-28 22:59 usr/share/virt-manager/icons/hicolor/22x22/actions/icon_console.png
-rw-r--r-- root/root       915 2020-07-28 22:59 usr/share/virt-manager/icons/hicolor/22x22/actions/icon_details.png
-rw-r--r-- root/root      1042 2020-07-28 22:59 usr/share/virt-manager/icons/hicolor/22x22/actions/vm_new.png
drwxr-xr-x root/root         0 2023-01-17 12:50 usr/share/virt-manager/icons/hicolor/22x22/devices/
-rw-r--r-- root/root      1147 2020-07-28 22:59 usr/share/virt-manager/icons/hicolor/22x22/devices/device_cpu.png
-rw-r--r-- root/root       783 2020-07-28 22:59 usr/share/virt-manager/icons/hicolor/22x22/devices/device_mem.png
-rw-r--r-- root/root       945 2020-07-28 22:59 usr/share/virt-manager/icons/hicolor/22x22/devices/device_pci.png
-rw-r--r-- root/root      1043 2020-07-28 22:59 usr/share/virt-manager/icons/hicolor/22x22/devices/device_serial.png
-rw-r--r-- root/root      1168 2020-07-28 22:59 usr/share/virt-manager/icons/hicolor/22x22/devices/device_usb.png
drwxr-xr-x root/root         0 2023-01-17 12:50 usr/share/virt-manager/icons/hicolor/22x22/status/
-rw-r--r-- root/root       785 2020-07-28 22:59 usr/share/virt-manager/icons/hicolor/22x22/status/state_paused.png
-rw-r--r-- root/root       882 2020-07-28 22:59 usr/share/virt-manager/icons/hicolor/22x22/status/state_running.png
-rw-r--r-- root/root       596 2020-07-28 22:59 usr/share/virt-manager/icons/hicolor/22x22/status/state_shutoff.png
drwxr-xr-x root/root         0 2023-01-17 12:50 usr/share/virt-manager/icons/hicolor/24x24/
drwxr-xr-x root/root         0 2023-01-17 12:50 usr/share/virt-manager/icons/hicolor/24x24/actions/
-rw-r--r-- root/root       742 2020-07-28 22:59 usr/share/virt-manager/icons/hicolor/24x24/actions/icon_console.png
-rw-r--r-- root/root       790 2020-07-28 22:59 usr/share/virt-manager/icons/hicolor/24x24/actions/vm_clone_wizard.png
-rw-r--r-- root/root      1212 2020-07-28 22:59 usr/share/virt-manager/icons/hicolor/24x24/actions/vm_new.png
drwxr-xr-x root/root         0 2023-01-17 12:50 usr/share/virt-manager/icons/hicolor/32x32/
drwxr-xr-x root/root         0 2023-01-17 12:50 usr/share/virt-manager/icons/hicolor/32x32/actions/
-rw-r--r-- root/root      1084 2020-07-28 22:59 usr/share/virt-manager/icons/hicolor/32x32/actions/icon_console.png
-rw-r--r-- root/root      1602 2020-07-28 22:59 usr/share/virt-manager/icons/hicolor/32x32/actions/vm_new.png
drwxr-xr-x root/root         0 2023-01-17 12:50 usr/share/virt-manager/icons/hicolor/32x32/status/
-rw-r--r-- root/root       921 2020-07-28 22:59 usr/share/virt-manager/icons/hicolor/32x32/status/state_paused.png
-rw-r--r-- root/root      1112 2020-07-28 22:59 usr/share/virt-manager/icons/hicolor/32x32/status/state_running.png
-rw-r--r-- root/root       828 2020-07-28 22:59 usr/share/virt-manager/icons/hicolor/32x32/status/state_shutoff.png
drwxr-xr-x root/root         0 2023-01-17 12:50 usr/share/virt-manager/icons/hicolor/48x48/
drwxr-xr-x root/root         0 2023-01-17 12:50 usr/share/virt-manager/icons/hicolor/48x48/actions/
-rw-r--r-- root/root      1545 2020-07-28 22:59 usr/share/virt-manager/icons/hicolor/48x48/actions/vm_clone_wizard.png
-rw-r--r-- root/root      2116 2020-07-28 22:59 usr/share/virt-manager/icons/hicolor/48x48/actions/vm_delete_wizard.png
-rw-r--r-- root/root      1953 2020-07-28 22:59 usr/share/virt-manager/icons/hicolor/48x48/actions/vm_import_wizard.png
-rw-r--r-- root/root      2149 2020-07-28 22:59 usr/share/virt-manager/icons/hicolor/48x48/actions/vm_new_wizard.png
drwxr-xr-x root/root         0 2023-01-17 12:50 usr/share/virt-manager/ui/
-rw-r--r-- root/root      2226 2022-04-05 20:42 usr/share/virt-manager/ui/about.ui
-rw-r--r-- root/root     92312 2022-08-04 21:07 usr/share/virt-manager/ui/addhardware.ui
-rw-r--r-- root/root     19709 2022-04-05 20:42 usr/share/virt-manager/ui/addstorage.ui
-rw-r--r-- root/root      8914 2022-04-05 20:42 usr/share/virt-manager/ui/asyncjob.ui
-rw-r--r-- root/root     38655 2022-04-05 20:42 usr/share/virt-manager/ui/clone.ui
-rw-r--r-- root/root      5752 2022-04-05 20:42 usr/share/virt-manager/ui/connectauth.ui
-rw-r--r-- root/root     12993 2022-04-05 20:42 usr/share/virt-manager/ui/console.ui
-rw-r--r-- root/root     16039 2022-04-05 20:42 usr/share/virt-manager/ui/createconn.ui
-rw-r--r-- root/root     51490 2022-04-05 20:42 usr/share/virt-manager/ui/createnet.ui
-rw-r--r-- root/root     26908 2022-04-05 20:42 usr/share/virt-manager/ui/createpool.ui
-rw-r--r-- root/root    161195 2022-04-05 20:42 usr/share/virt-manager/ui/createvm.ui
-rw-r--r-- root/root     28771 2022-04-05 20:42 usr/share/virt-manager/ui/createvol.ui
-rw-r--r-- root/root     11047 2022-04-05 20:42 usr/share/virt-manager/ui/delete.ui
-rw-r--r-- root/root    304023 2022-08-04 21:07 usr/share/virt-manager/ui/details.ui
-rw-r--r-- root/root     11906 2022-04-05 20:42 usr/share/virt-manager/ui/fsdetails.ui
-rw-r--r-- root/root     17489 2022-04-05 20:42 usr/share/virt-manager/ui/gfxdetails.ui
-rw-r--r-- root/root     22821 2022-04-05 20:42 usr/share/virt-manager/ui/host.ui
-rw-r--r-- root/root     36317 2022-04-05 20:42 usr/share/virt-manager/ui/hostnets.ui
-rw-r--r-- root/root     35796 2022-04-05 20:42 usr/share/virt-manager/ui/hoststorage.ui
-rw-r--r-- root/root     23772 2022-04-05 20:42 usr/share/virt-manager/ui/manager.ui
-rw-r--r-- root/root     42468 2022-04-05 20:42 usr/share/virt-manager/ui/migrate.ui
-rw-r--r-- root/root      7631 2022-04-05 20:42 usr/share/virt-manager/ui/netlist.ui
-rw-r--r-- root/root      6238 2022-04-05 20:42 usr/share/virt-manager/ui/oslist.ui
-rw-r--r-- root/root     55723 2022-04-05 20:42 usr/share/virt-manager/ui/preferences.ui
-rw-r--r-- root/root     29025 2022-04-05 20:42 usr/share/virt-manager/ui/snapshots.ui
-rw-r--r-- root/root     14867 2022-04-05 20:42 usr/share/virt-manager/ui/snapshotsnew.ui
-rw-r--r-- root/root      1112 2022-04-05 20:42 usr/share/virt-manager/ui/storagebrowse.ui
-rw-r--r-- root/root      7553 2022-04-13 15:47 usr/share/virt-manager/ui/tpmdetails.ui
-rw-r--r-- root/root     30238 2022-04-05 20:42 usr/share/virt-manager/ui/vmwindow.ui
-rw-r--r-- root/root      3874 2022-04-05 20:42 usr/share/virt-manager/ui/vsockdetails.ui
-rw-r--r-- root/root      5357 2022-04-05 20:42 usr/share/virt-manager/ui/xmleditor.ui
drwxr-xr-x root/root         0 2023-01-17 12:50 usr/share/virt-manager/virtManager/
-rw-r--r-- root/root       210 2020-09-14 16:37 usr/share/virt-manager/virtManager/__init__.py
-rw-r--r-- root/root      1302 2021-06-09 00:19 usr/share/virt-manager/virtManager/about.py
-rw-r--r-- root/root     56967 2022-08-04 21:07 usr/share/virt-manager/virtManager/addhardware.py
-rw-r--r-- root/root     10247 2022-04-05 20:42 usr/share/virt-manager/virtManager/asyncjob.py
-rw-r--r-- root/root     11913 2021-06-09 00:19 usr/share/virt-manager/virtManager/baseclass.py
-rw-r--r-- root/root     20656 2022-04-05 20:42 usr/share/virt-manager/virtManager/clone.py
-rw-r--r-- root/root     22895 2022-04-05 20:42 usr/share/virt-manager/virtManager/config.py
-rw-r--r-- root/root     49417 2022-08-04 21:07 usr/share/virt-manager/virtManager/connection.py
-rw-r--r-- root/root      1864 2021-06-09 00:19 usr/share/virt-manager/virtManager/connmanager.py
-rw-r--r-- root/root      9260 2021-06-09 00:19 usr/share/virt-manager/virtManager/createconn.py
-rw-r--r-- root/root     16196 2021-06-09 00:19 usr/share/virt-manager/virtManager/createnet.py
-rw-r--r-- root/root     13232 2021-06-09 00:19 usr/share/virt-manager/virtManager/createpool.py
-rw-r--r-- root/root     77042 2022-04-05 20:42 usr/share/virt-manager/virtManager/createvm.py
-rw-r--r-- root/root     11045 2021-06-09 00:19 usr/share/virt-manager/virtManager/createvol.py
-rw-r--r-- root/root     19558 2022-04-05 20:42 usr/share/virt-manager/virtManager/delete.py
drwxr-xr-x root/root         0 2023-01-17 12:50 usr/share/virt-manager/virtManager/details/
-rw-r--r-- root/root         0 2020-09-14 16:37 usr/share/virt-manager/virtManager/details/__init__.py
-rw-r--r-- root/root     35637 2022-04-13 15:47 usr/share/virt-manager/virtManager/details/console.py
-rw-r--r-- root/root     93868 2022-08-04 21:07 usr/share/virt-manager/virtManager/details/details.py
-rw-r--r-- root/root     11857 2022-04-05 20:42 usr/share/virt-manager/virtManager/details/serialcon.py
-rw-r--r-- root/root     24983 2022-04-05 20:42 usr/share/virt-manager/virtManager/details/snapshots.py
-rw-r--r-- root/root      9062 2021-06-09 00:19 usr/share/virt-manager/virtManager/details/sshtunnels.py
-rw-r--r-- root/root     26059 2022-04-13 15:47 usr/share/virt-manager/virtManager/details/viewers.py
drwxr-xr-x root/root         0 2023-01-17 12:50 usr/share/virt-manager/virtManager/device/
-rw-r--r-- root/root         0 2020-09-14 16:37 usr/share/virt-manager/virtManager/device/__init__.py
-rw-r--r-- root/root     12542 2022-04-05 20:42 usr/share/virt-manager/virtManager/device/addstorage.py
-rw-r--r-- root/root      9930 2022-04-05 20:42 usr/share/virt-manager/virtManager/device/fsdetails.py
-rw-r--r-- root/root     11835 2022-04-05 20:42 usr/share/virt-manager/virtManager/device/gfxdetails.py
-rw-r--r-- root/root      5963 2021-06-09 00:19 usr/share/virt-manager/virtManager/device/mediacombo.py
-rw-r--r-- root/root     13043 2022-04-05 20:42 usr/share/virt-manager/virtManager/device/netlist.py
-rw-r--r-- root/root      5421 2022-04-05 20:42 usr/share/virt-manager/virtManager/device/tpmdetails.py
-rw-r--r-- root/root      2133 2021-06-09 00:19 usr/share/virt-manager/virtManager/device/vsockdetails.py
-rw-r--r-- root/root     16330 2021-06-09 00:19 usr/share/virt-manager/virtManager/engine.py
-rw-r--r-- root/root     13646 2022-04-05 20:42 usr/share/virt-manager/virtManager/error.py
-rw-r--r-- root/root      7086 2022-04-05 20:42 usr/share/virt-manager/virtManager/host.py
-rw-r--r-- root/root     13063 2022-04-05 20:42 usr/share/virt-manager/virtManager/hostnets.py
-rw-r--r-- root/root     23754 2022-04-05 20:42 usr/share/virt-manager/virtManager/hoststorage.py
drwxr-xr-x root/root         0 2023-01-17 12:50 usr/share/virt-manager/virtManager/lib/
-rw-r--r-- root/root         0 2020-09-14 16:37 usr/share/virt-manager/virtManager/lib/__init__.py
-rw-r--r-- root/root      7443 2021-06-09 00:19 usr/share/virt-manager/virtManager/lib/connectauth.py
-rw-r--r-- root/root     12780 2021-06-09 00:19 usr/share/virt-manager/virtManager/lib/graphwidgets.py
-rw-r--r-- root/root     11821 2021-06-09 00:19 usr/share/virt-manager/virtManager/lib/inspection.py
-rw-r--r-- root/root      6281 2022-04-05 20:42 usr/share/virt-manager/virtManager/lib/keyring.py
-rw-r--r-- root/root      8484 2021-06-09 00:19 usr/share/virt-manager/virtManager/lib/libvirtenummap.py
-rw-r--r-- root/root      2810 2021-06-09 00:19 usr/share/virt-manager/virtManager/lib/module_trace.py
-rw-r--r-- root/root     15803 2022-04-05 20:42 usr/share/virt-manager/virtManager/lib/statsmanager.py
-rw-r--r-- root/root      9738 2022-04-05 20:42 usr/share/virt-manager/virtManager/lib/testmock.py
-rw-r--r-- root/root      5408 2022-02-17 22:14 usr/share/virt-manager/virtManager/lib/uiutil.py
-rw-r--r-- root/root     36224 2022-04-05 20:42 usr/share/virt-manager/virtManager/manager.py
-rw-r--r-- root/root     14273 2021-07-29 17:44 usr/share/virt-manager/virtManager/migrate.py
drwxr-xr-x root/root         0 2023-01-17 12:50 usr/share/virt-manager/virtManager/object/
-rw-r--r-- root/root         0 2020-09-14 16:37 usr/share/virt-manager/virtManager/object/__init__.py
-rw-r--r-- root/root     63186 2022-08-04 21:07 usr/share/virt-manager/virtManager/object/domain.py
-rw-r--r-- root/root     12770 2022-04-05 20:42 usr/share/virt-manager/virtManager/object/libvirtobject.py
-rw-r--r-- root/root      4765 2022-04-05 20:42 usr/share/virt-manager/virtManager/object/network.py
-rw-r--r-- root/root      2758 2022-04-05 20:42 usr/share/virt-manager/virtManager/object/nodedev.py
-rw-r--r-- root/root      8740 2022-04-05 20:42 usr/share/virt-manager/virtManager/object/storagepool.py
-rw-r--r-- root/root      7299 2022-04-05 20:42 usr/share/virt-manager/virtManager/oslist.py
-rw-r--r-- root/root     17264 2022-04-05 20:42 usr/share/virt-manager/virtManager/preferences.py
-rw-r--r-- root/root      5159 2022-02-19 19:39 usr/share/virt-manager/virtManager/storagebrowse.py
-rw-r--r-- root/root     15594 2022-04-05 20:42 usr/share/virt-manager/virtManager/systray.py
-rw-r--r-- root/root      9469 2022-08-04 21:07 usr/share/virt-manager/virtManager/virtmanager.py
-rw-r--r-- root/root     10932 2022-04-05 20:42 usr/share/virt-manager/virtManager/vmmenu.py
-rw-r--r-- root/root     26430 2022-08-04 21:07 usr/share/virt-manager/virtManager/vmwindow.py
-rw-r--r-- root/root      6942 2021-06-09 00:19 usr/share/virt-manager/virtManager/xmleditor.py
drwxr-xr-x root/root         0 2023-01-17 12:50 usr/share/virt-manager/virtinst/
-rw-r--r-- root/root      1733 2021-06-09 00:19 usr/share/virt-manager/virtinst/__init__.py
-rw-r--r-- root/root     14160 2022-04-05 20:42 usr/share/virt-manager/virtinst/_progresspriv.py
-rw-r--r-- root/root      2429 2022-08-04 21:53 usr/share/virt-manager/virtinst/buildconfig.py
-rw-r--r-- root/root     10185 2022-08-04 21:07 usr/share/virt-manager/virtinst/capabilities.py
-rw-r--r-- root/root    173082 2022-08-04 21:07 usr/share/virt-manager/virtinst/cli.py
-rw-r--r-- root/root     18890 2022-04-05 20:42 usr/share/virt-manager/virtinst/cloner.py
-rw-r--r-- root/root     14248 2022-08-04 21:07 usr/share/virt-manager/virtinst/connection.py
drwxr-xr-x root/root         0 2023-01-17 12:50 usr/share/virt-manager/virtinst/devices/
-rw-r--r-- root/root      1019 2022-04-05 20:42 usr/share/virt-manager/virtinst/devices/__init__.py
-rw-r--r-- root/root       287 2022-04-05 20:42 usr/share/virt-manager/virtinst/devices/audio.py
-rw-r--r-- root/root      5335 2022-08-04 21:07 usr/share/virt-manager/virtinst/devices/char.py
-rw-r--r-- root/root      3970 2022-04-05 20:42 usr/share/virt-manager/virtinst/devices/controller.py
-rw-r--r-- root/root      6459 2022-04-05 20:42 usr/share/virt-manager/virtinst/devices/device.py
-rw-r--r-- root/root     34218 2022-08-04 21:07 usr/share/virt-manager/virtinst/devices/disk.py
-rw-r--r-- root/root      5212 2022-04-05 20:42 usr/share/virt-manager/virtinst/devices/filesystem.py
-rw-r--r-- root/root      6695 2022-04-05 20:42 usr/share/virt-manager/virtinst/devices/graphics.py
-rw-r--r-- root/root      4689 2022-04-05 20:42 usr/share/virt-manager/virtinst/devices/hostdev.py
-rw-r--r-- root/root      1534 2022-04-05 20:42 usr/share/virt-manager/virtinst/devices/input.py
-rw-r--r-- root/root      9516 2022-04-05 20:42 usr/share/virt-manager/virtinst/devices/interface.py
-rw-r--r-- root/root      1174 2021-06-09 00:19 usr/share/virt-manager/virtinst/devices/iommu.py
-rw-r--r-- root/root       694 2022-04-05 20:42 usr/share/virt-manager/virtinst/devices/memballoon.py
-rw-r--r-- root/root      1513 2022-04-05 20:42 usr/share/virt-manager/virtinst/devices/memory.py
-rw-r--r-- root/root      1253 2020-09-14 16:37 usr/share/virt-manager/virtinst/devices/panic.py
-rw-r--r-- root/root       712 2020-09-14 16:37 usr/share/virt-manager/virtinst/devices/redirdev.py
-rw-r--r-- root/root       936 2020-09-21 04:11 usr/share/virt-manager/virtinst/devices/rng.py
-rw-r--r-- root/root      1031 2022-04-05 20:42 usr/share/virt-manager/virtinst/devices/shmem.py
-rw-r--r-- root/root      1019 2020-09-14 16:37 usr/share/virt-manager/virtinst/devices/smartcard.py
-rw-r--r-- root/root       892 2022-04-05 20:42 usr/share/virt-manager/virtinst/devices/sound.py
-rw-r--r-- root/root      2753 2022-04-05 20:42 usr/share/virt-manager/virtinst/devices/tpm.py
-rw-r--r-- root/root      2341 2022-04-05 20:42 usr/share/virt-manager/virtinst/devices/video.py
-rw-r--r-- root/root       662 2020-09-14 16:37 usr/share/virt-manager/virtinst/devices/vsock.py
-rw-r--r-- root/root      1094 2020-09-14 16:37 usr/share/virt-manager/virtinst/devices/watchdog.py
-rw-r--r-- root/root     24384 2022-04-13 15:47 usr/share/virt-manager/virtinst/diskbackend.py
drwxr-xr-x root/root         0 2023-01-17 12:50 usr/share/virt-manager/virtinst/domain/
-rw-r--r-- root/root       836 2020-09-21 04:11 usr/share/virt-manager/virtinst/domain/__init__.py
-rw-r--r-- root/root       951 2020-09-21 04:11 usr/share/virt-manager/virtinst/domain/blkiotune.py
-rw-r--r-- root/root      2218 2020-09-21 04:11 usr/share/virt-manager/virtinst/domain/clock.py
-rw-r--r-- root/root     15718 2022-08-04 21:07 usr/share/virt-manager/virtinst/domain/cpu.py
-rw-r--r-- root/root      4838 2022-04-05 20:42 usr/share/virt-manager/virtinst/domain/cputune.py
-rw-r--r-- root/root      3220 2022-04-05 20:42 usr/share/virt-manager/virtinst/domain/features.py
-rw-r--r-- root/root       827 2020-09-14 16:37 usr/share/virt-manager/virtinst/domain/idmap.py
-rw-r--r-- root/root       404 2020-09-21 04:11 usr/share/virt-manager/virtinst/domain/keywrap.py
-rw-r--r-- root/root      1397 2022-08-04 21:07 usr/share/virt-manager/virtinst/domain/launch_security.py
-rw-r--r-- root/root      1239 2022-08-04 21:07 usr/share/virt-manager/virtinst/domain/memorybacking.py
-rw-r--r-- root/root       704 2020-09-14 16:37 usr/share/virt-manager/virtinst/domain/memtune.py
-rw-r--r-- root/root       615 2020-09-14 16:37 usr/share/virt-manager/virtinst/domain/metadata.py
-rw-r--r-- root/root       857 2020-09-21 04:11 usr/share/virt-manager/virtinst/domain/numatune.py
-rw-r--r-- root/root      5538 2022-04-05 20:42 usr/share/virt-manager/virtinst/domain/os.py
-rw-r--r-- root/root      1161 2020-09-14 16:37 usr/share/virt-manager/virtinst/domain/pm.py
-rw-r--r-- root/root       523 2022-04-05 20:42 usr/share/virt-manager/virtinst/domain/resource.py
-rw-r--r-- root/root      1673 2022-04-05 20:42 usr/share/virt-manager/virtinst/domain/seclabel.py
-rw-r--r-- root/root      2853 2022-03-01 18:11 usr/share/virt-manager/virtinst/domain/sysinfo.py
-rw-r--r-- root/root       692 2020-09-14 16:37 usr/share/virt-manager/virtinst/domain/vcpus.py
-rw-r--r-- root/root       792 2020-09-14 16:37 usr/share/virt-manager/virtinst/domain/xmlnsqemu.py
-rw-r--r-- root/root     14728 2022-08-04 21:07 usr/share/virt-manager/virtinst/domcapabilities.py
-rw-r--r-- root/root      1952 2020-09-14 16:37 usr/share/virt-manager/virtinst/generatename.py
-rw-r--r-- root/root     41344 2022-08-04 21:07 usr/share/virt-manager/virtinst/guest.py
drwxr-xr-x root/root         0 2023-01-17 12:50 usr/share/virt-manager/virtinst/install/
-rw-r--r-- root/root         0 2020-09-14 16:37 usr/share/virt-manager/virtinst/install/__init__.py
-rw-r--r-- root/root      4567 2022-04-13 15:47 usr/share/virt-manager/virtinst/install/cloudinit.py
-rw-r--r-- root/root     25544 2022-04-13 15:47 usr/share/virt-manager/virtinst/install/installer.py
-rw-r--r-- root/root      4100 2022-04-05 20:42 usr/share/virt-manager/virtinst/install/installerinject.py
-rw-r--r-- root/root     11253 2021-06-09 00:19 usr/share/virt-manager/virtinst/install/installertreemedia.py
-rw-r--r-- root/root     14771 2021-06-09 00:19 usr/share/virt-manager/virtinst/install/unattended.py
-rw-r--r-- root/root     31484 2023-01-17 12:50 usr/share/virt-manager/virtinst/install/urldetect.py
-rw-r--r-- root/root     11336 2022-08-03 16:09 usr/share/virt-manager/virtinst/install/urlfetcher.py
-rw-r--r-- root/root      4178 2022-04-05 20:42 usr/share/virt-manager/virtinst/install/volumeupload.py
-rw-r--r-- root/root       536 2020-09-21 04:11 usr/share/virt-manager/virtinst/logger.py
-rw-r--r-- root/root      3103 2020-09-14 16:37 usr/share/virt-manager/virtinst/network.py
-rw-r--r-- root/root      5634 2022-04-05 20:42 usr/share/virt-manager/virtinst/nodedev.py
-rw-r--r-- root/root     22085 2022-08-04 21:07 usr/share/virt-manager/virtinst/osdict.py
-rw-r--r-- root/root      2105 2021-06-09 00:19 usr/share/virt-manager/virtinst/pollhelpers.py
-rw-r--r-- root/root      1174 2022-04-05 20:42 usr/share/virt-manager/virtinst/progress.py
-rw-r--r-- root/root       819 2020-09-14 16:37 usr/share/virt-manager/virtinst/snapshot.py
-rw-r--r-- root/root     24780 2022-08-04 21:07 usr/share/virt-manager/virtinst/storage.py
-rw-r--r-- root/root     11960 2022-04-05 20:42 usr/share/virt-manager/virtinst/support.py
-rw-r--r-- root/root      6720 2021-06-09 00:19 usr/share/virt-manager/virtinst/uri.py
-rw-r--r-- root/root      7713 2022-04-05 20:42 usr/share/virt-manager/virtinst/virtclone.py
-rw-r--r-- root/root     41239 2022-08-04 21:07 usr/share/virt-manager/virtinst/virtinstall.py
-rw-r--r-- root/root     19004 2022-08-04 21:07 usr/share/virt-manager/virtinst/virtxml.py
-rw-r--r-- root/root     13876 2022-02-25 21:15 usr/share/virt-manager/virtinst/xmlapi.py
-rw-r--r-- root/root     29915 2022-04-13 15:47 usr/share/virt-manager/virtinst/xmlbuilder.py
-rw-r--r-- root/root      2344 2022-08-04 21:07 usr/share/virt-manager/virtinst/xmlutil.py


