++========================================
||
||   Package:  ./virt-viewer/virt-viewer-10.0-x86_64-1cf.txz
||
++========================================
drwxr-xr-x root/root         0 2021-04-22 12:07 ./
drwxr-xr-x root/root         0 2021-04-22 12:07 etc/
drwxr-xr-x root/root         0 2021-04-22 12:07 etc/bash_completion.d/
-rw-r--r-- root/root      3063 2021-04-20 19:06 etc/bash_completion.d/virt-viewer
drwxr-xr-x root/root         0 2021-04-22 12:07 install/
-rw-r--r-- root/root       534 2021-04-22 12:07 install/doinst.sh
-rw-r--r-- root/root      1195 2021-04-22 12:07 install/slack-desc
drwxr-xr-x root/root         0 2021-04-22 12:07 usr/
drwxr-xr-x root/root         0 2021-04-22 12:07 usr/bin/
-rwxr-xr-x root/root    406304 2021-04-22 12:07 usr/bin/remote-viewer
-rwxr-xr-x root/root    406272 2021-04-22 12:07 usr/bin/virt-viewer
drwxr-xr-x root/root         0 2021-04-22 12:07 usr/doc/
drwxr-xr-x root/root         0 2021-04-22 12:07 usr/doc/virt-viewer-10.0/
-rw-r--r-- root/root       538 2021-04-20 19:06 usr/doc/virt-viewer-10.0/AUTHORS
-rw-r--r-- root/root     18002 2021-04-20 19:06 usr/doc/virt-viewer-10.0/COPYING
-rw-r--r-- root/root         0 2021-04-22 12:07 usr/doc/virt-viewer-10.0/ChangeLog
-rw-r--r-- root/root     20336 2021-04-20 19:06 usr/doc/virt-viewer-10.0/NEWS
-rw-r--r-- root/root      1248 2021-04-20 19:06 usr/doc/virt-viewer-10.0/README.md
-rw-r--r-- root/root      4179 2021-04-22 12:07 usr/doc/virt-viewer-10.0/virt-viewer.SlackBuild
drwxr-xr-x root/root         0 2021-04-22 12:07 usr/man/
drwxr-xr-x root/root         0 2021-04-22 12:07 usr/man/man1/
-rw-r--r-- root/root      8149 2021-04-22 12:07 usr/man/man1/remote-viewer.1.gz
-rw-r--r-- root/root      6179 2021-04-22 12:07 usr/man/man1/virt-viewer.1.gz
drwxr-xr-x root/root         0 2021-04-22 12:07 usr/share/
drwxr-xr-x root/root         0 2021-04-22 12:07 usr/share/applications/
-rw-r--r-- root/root      3506 2021-04-22 12:07 usr/share/applications/remote-viewer.desktop
drwxr-xr-x root/root         0 2021-04-22 12:07 usr/share/icons/
drwxr-xr-x root/root         0 2021-04-22 12:07 usr/share/icons/hicolor/
drwxr-xr-x root/root         0 2021-04-22 12:07 usr/share/icons/hicolor/16x16/
drwxr-xr-x root/root         0 2021-04-22 12:07 usr/share/icons/hicolor/16x16/apps/
-rw-r--r-- root/root       662 2021-04-20 19:06 usr/share/icons/hicolor/16x16/apps/virt-viewer.png
drwxr-xr-x root/root         0 2021-04-22 12:07 usr/share/icons/hicolor/22x22/
drwxr-xr-x root/root         0 2021-04-22 12:07 usr/share/icons/hicolor/22x22/apps/
-rw-r--r-- root/root       966 2021-04-20 19:06 usr/share/icons/hicolor/22x22/apps/virt-viewer.png
drwxr-xr-x root/root         0 2021-04-22 12:07 usr/share/icons/hicolor/24x24/
drwxr-xr-x root/root         0 2021-04-22 12:07 usr/share/icons/hicolor/24x24/apps/
-rw-r--r-- root/root      1181 2021-04-20 19:06 usr/share/icons/hicolor/24x24/apps/virt-viewer.png
drwxr-xr-x root/root         0 2021-04-22 12:07 usr/share/icons/hicolor/256x256/
drwxr-xr-x root/root         0 2021-04-22 12:07 usr/share/icons/hicolor/256x256/apps/
-rw-r--r-- root/root     18113 2021-04-20 19:06 usr/share/icons/hicolor/256x256/apps/virt-viewer.png
drwxr-xr-x root/root         0 2021-04-22 12:07 usr/share/icons/hicolor/32x32/
drwxr-xr-x root/root         0 2021-04-22 12:07 usr/share/icons/hicolor/32x32/apps/
-rw-r--r-- root/root      1596 2021-04-20 19:06 usr/share/icons/hicolor/32x32/apps/virt-viewer.png
drwxr-xr-x root/root         0 2021-04-22 12:07 usr/share/icons/hicolor/48x48/
drwxr-xr-x root/root         0 2021-04-22 12:07 usr/share/icons/hicolor/48x48/apps/
-rw-r--r-- root/root      2542 2021-04-20 19:06 usr/share/icons/hicolor/48x48/apps/virt-viewer.png
drwxr-xr-x root/root         0 2021-04-22 12:07 usr/share/icons/hicolor/scalable/
drwxr-xr-x root/root         0 2021-04-22 12:07 usr/share/icons/hicolor/scalable/apps/
-rw-r--r-- root/root     24076 2021-04-20 19:06 usr/share/icons/hicolor/scalable/apps/virt-viewer.svg
drwxr-xr-x root/root         0 2021-04-22 12:07 usr/share/locale/
drwxr-xr-x root/root         0 2021-04-22 12:07 usr/share/locale/as/
drwxr-xr-x root/root         0 2021-04-22 12:07 usr/share/locale/as/LC_MESSAGES/
-rw-r--r-- root/root      7576 2021-04-22 12:07 usr/share/locale/as/LC_MESSAGES/virt-viewer.mo
drwxr-xr-x root/root         0 2021-04-22 12:07 usr/share/locale/bg/
drwxr-xr-x root/root         0 2021-04-22 12:07 usr/share/locale/bg/LC_MESSAGES/
-rw-r--r-- root/root      6255 2021-04-22 12:07 usr/share/locale/bg/LC_MESSAGES/virt-viewer.mo
drwxr-xr-x root/root         0 2021-04-22 12:07 usr/share/locale/bn/
drwxr-xr-x root/root         0 2021-04-22 12:07 usr/share/locale/bn/LC_MESSAGES/
-rw-r--r-- root/root      5649 2021-04-22 12:07 usr/share/locale/bn/LC_MESSAGES/virt-viewer.mo
drwxr-xr-x root/root         0 2021-04-22 12:07 usr/share/locale/bn_IN/
drwxr-xr-x root/root         0 2021-04-22 12:07 usr/share/locale/bn_IN/LC_MESSAGES/
-rw-r--r-- root/root      8315 2021-04-22 12:07 usr/share/locale/bn_IN/LC_MESSAGES/virt-viewer.mo
drwxr-xr-x root/root         0 2021-04-22 12:07 usr/share/locale/ca/
drwxr-xr-x root/root         0 2021-04-22 12:07 usr/share/locale/ca/LC_MESSAGES/
-rw-r--r-- root/root     11620 2021-04-22 12:07 usr/share/locale/ca/LC_MESSAGES/virt-viewer.mo
drwxr-xr-x root/root         0 2021-04-22 12:07 usr/share/locale/cs/
drwxr-xr-x root/root         0 2021-04-22 12:07 usr/share/locale/cs/LC_MESSAGES/
-rw-r--r-- root/root     15661 2021-04-22 12:07 usr/share/locale/cs/LC_MESSAGES/virt-viewer.mo
drwxr-xr-x root/root         0 2021-04-22 12:07 usr/share/locale/de/
drwxr-xr-x root/root         0 2021-04-22 12:07 usr/share/locale/de/LC_MESSAGES/
-rw-r--r-- root/root      9678 2021-04-22 12:07 usr/share/locale/de/LC_MESSAGES/virt-viewer.mo
drwxr-xr-x root/root         0 2021-04-22 12:07 usr/share/locale/es/
drwxr-xr-x root/root         0 2021-04-22 12:07 usr/share/locale/es/LC_MESSAGES/
-rw-r--r-- root/root     11427 2021-04-22 12:07 usr/share/locale/es/LC_MESSAGES/virt-viewer.mo
drwxr-xr-x root/root         0 2021-04-22 12:07 usr/share/locale/eu/
drwxr-xr-x root/root         0 2021-04-22 12:07 usr/share/locale/eu/LC_MESSAGES/
-rw-r--r-- root/root       774 2021-04-22 12:07 usr/share/locale/eu/LC_MESSAGES/virt-viewer.mo
drwxr-xr-x root/root         0 2021-04-22 12:07 usr/share/locale/fi/
drwxr-xr-x root/root         0 2021-04-22 12:07 usr/share/locale/fi/LC_MESSAGES/
-rw-r--r-- root/root     15269 2021-04-22 12:07 usr/share/locale/fi/LC_MESSAGES/virt-viewer.mo
drwxr-xr-x root/root         0 2021-04-22 12:07 usr/share/locale/fr/
drwxr-xr-x root/root         0 2021-04-22 12:07 usr/share/locale/fr/LC_MESSAGES/
-rw-r--r-- root/root     14344 2021-04-22 12:07 usr/share/locale/fr/LC_MESSAGES/virt-viewer.mo
drwxr-xr-x root/root         0 2021-04-22 12:07 usr/share/locale/gu/
drwxr-xr-x root/root         0 2021-04-22 12:07 usr/share/locale/gu/LC_MESSAGES/
-rw-r--r-- root/root      7736 2021-04-22 12:07 usr/share/locale/gu/LC_MESSAGES/virt-viewer.mo
drwxr-xr-x root/root         0 2021-04-22 12:07 usr/share/locale/hi/
drwxr-xr-x root/root         0 2021-04-22 12:07 usr/share/locale/hi/LC_MESSAGES/
-rw-r--r-- root/root      6798 2021-04-22 12:07 usr/share/locale/hi/LC_MESSAGES/virt-viewer.mo
drwxr-xr-x root/root         0 2021-04-22 12:07 usr/share/locale/hu/
drwxr-xr-x root/root         0 2021-04-22 12:07 usr/share/locale/hu/LC_MESSAGES/
-rw-r--r-- root/root     12744 2021-04-22 12:07 usr/share/locale/hu/LC_MESSAGES/virt-viewer.mo
drwxr-xr-x root/root         0 2021-04-22 12:07 usr/share/locale/id/
drwxr-xr-x root/root         0 2021-04-22 12:07 usr/share/locale/id/LC_MESSAGES/
-rw-r--r-- root/root      4545 2021-04-22 12:07 usr/share/locale/id/LC_MESSAGES/virt-viewer.mo
drwxr-xr-x root/root         0 2021-04-22 12:07 usr/share/locale/it/
drwxr-xr-x root/root         0 2021-04-22 12:07 usr/share/locale/it/LC_MESSAGES/
-rw-r--r-- root/root     15385 2021-04-22 12:07 usr/share/locale/it/LC_MESSAGES/virt-viewer.mo
drwxr-xr-x root/root         0 2021-04-22 12:07 usr/share/locale/ja/
drwxr-xr-x root/root         0 2021-04-22 12:07 usr/share/locale/ja/LC_MESSAGES/
-rw-r--r-- root/root     12422 2021-04-22 12:07 usr/share/locale/ja/LC_MESSAGES/virt-viewer.mo
drwxr-xr-x root/root         0 2021-04-22 12:07 usr/share/locale/kn/
drwxr-xr-x root/root         0 2021-04-22 12:07 usr/share/locale/kn/LC_MESSAGES/
-rw-r--r-- root/root      8511 2021-04-22 12:07 usr/share/locale/kn/LC_MESSAGES/virt-viewer.mo
drwxr-xr-x root/root         0 2021-04-22 12:07 usr/share/locale/ko/
drwxr-xr-x root/root         0 2021-04-22 12:07 usr/share/locale/ko/LC_MESSAGES/
-rw-r--r-- root/root     15660 2021-04-22 12:07 usr/share/locale/ko/LC_MESSAGES/virt-viewer.mo
drwxr-xr-x root/root         0 2021-04-22 12:07 usr/share/locale/ml/
drwxr-xr-x root/root         0 2021-04-22 12:07 usr/share/locale/ml/LC_MESSAGES/
-rw-r--r-- root/root      9427 2021-04-22 12:07 usr/share/locale/ml/LC_MESSAGES/virt-viewer.mo
drwxr-xr-x root/root         0 2021-04-22 12:07 usr/share/locale/mr/
drwxr-xr-x root/root         0 2021-04-22 12:07 usr/share/locale/mr/LC_MESSAGES/
-rw-r--r-- root/root      7331 2021-04-22 12:07 usr/share/locale/mr/LC_MESSAGES/virt-viewer.mo
drwxr-xr-x root/root         0 2021-04-22 12:07 usr/share/locale/nb/
drwxr-xr-x root/root         0 2021-04-22 12:07 usr/share/locale/nb/LC_MESSAGES/
-rw-r--r-- root/root      1652 2021-04-22 12:07 usr/share/locale/nb/LC_MESSAGES/virt-viewer.mo
drwxr-xr-x root/root         0 2021-04-22 12:07 usr/share/locale/nl/
drwxr-xr-x root/root         0 2021-04-22 12:07 usr/share/locale/nl/LC_MESSAGES/
-rw-r--r-- root/root     13475 2021-04-22 12:07 usr/share/locale/nl/LC_MESSAGES/virt-viewer.mo
drwxr-xr-x root/root         0 2021-04-22 12:07 usr/share/locale/or/
drwxr-xr-x root/root         0 2021-04-22 12:07 usr/share/locale/or/LC_MESSAGES/
-rw-r--r-- root/root      7533 2021-04-22 12:07 usr/share/locale/or/LC_MESSAGES/virt-viewer.mo
drwxr-xr-x root/root         0 2021-04-22 12:07 usr/share/locale/pa/
drwxr-xr-x root/root         0 2021-04-22 12:07 usr/share/locale/pa/LC_MESSAGES/
-rw-r--r-- root/root      6680 2021-04-22 12:07 usr/share/locale/pa/LC_MESSAGES/virt-viewer.mo
drwxr-xr-x root/root         0 2021-04-22 12:07 usr/share/locale/pl/
drwxr-xr-x root/root         0 2021-04-22 12:07 usr/share/locale/pl/LC_MESSAGES/
-rw-r--r-- root/root     15746 2021-04-22 12:07 usr/share/locale/pl/LC_MESSAGES/virt-viewer.mo
drwxr-xr-x root/root         0 2021-04-22 12:07 usr/share/locale/pt/
drwxr-xr-x root/root         0 2021-04-22 12:07 usr/share/locale/pt/LC_MESSAGES/
-rw-r--r-- root/root       562 2021-04-22 12:07 usr/share/locale/pt/LC_MESSAGES/virt-viewer.mo
drwxr-xr-x root/root         0 2021-04-22 12:07 usr/share/locale/pt_BR/
drwxr-xr-x root/root         0 2021-04-22 12:07 usr/share/locale/pt_BR/LC_MESSAGES/
-rw-r--r-- root/root     11284 2021-04-22 12:07 usr/share/locale/pt_BR/LC_MESSAGES/virt-viewer.mo
drwxr-xr-x root/root         0 2021-04-22 12:07 usr/share/locale/ru/
drwxr-xr-x root/root         0 2021-04-22 12:07 usr/share/locale/ru/LC_MESSAGES/
-rw-r--r-- root/root     17833 2021-04-22 12:07 usr/share/locale/ru/LC_MESSAGES/virt-viewer.mo
drwxr-xr-x root/root         0 2021-04-22 12:07 usr/share/locale/si/
drwxr-xr-x root/root         0 2021-04-22 12:07 usr/share/locale/si/LC_MESSAGES/
-rw-r--r-- root/root       361 2021-04-22 12:07 usr/share/locale/si/LC_MESSAGES/virt-viewer.mo
drwxr-xr-x root/root         0 2021-04-22 12:07 usr/share/locale/sk/
drwxr-xr-x root/root         0 2021-04-22 12:07 usr/share/locale/sk/LC_MESSAGES/
-rw-r--r-- root/root      1319 2021-04-22 12:07 usr/share/locale/sk/LC_MESSAGES/virt-viewer.mo
drwxr-xr-x root/root         0 2021-04-22 12:07 usr/share/locale/sv/
drwxr-xr-x root/root         0 2021-04-22 12:07 usr/share/locale/sv/LC_MESSAGES/
-rw-r--r-- root/root     14799 2021-04-22 12:07 usr/share/locale/sv/LC_MESSAGES/virt-viewer.mo
drwxr-xr-x root/root         0 2021-04-22 12:07 usr/share/locale/ta/
drwxr-xr-x root/root         0 2021-04-22 12:07 usr/share/locale/ta/LC_MESSAGES/
-rw-r--r-- root/root      8131 2021-04-22 12:07 usr/share/locale/ta/LC_MESSAGES/virt-viewer.mo
drwxr-xr-x root/root         0 2021-04-22 12:07 usr/share/locale/te/
drwxr-xr-x root/root         0 2021-04-22 12:07 usr/share/locale/te/LC_MESSAGES/
-rw-r--r-- root/root      7665 2021-04-22 12:07 usr/share/locale/te/LC_MESSAGES/virt-viewer.mo
drwxr-xr-x root/root         0 2021-04-22 12:07 usr/share/locale/tr/
drwxr-xr-x root/root         0 2021-04-22 12:07 usr/share/locale/tr/LC_MESSAGES/
-rw-r--r-- root/root     15244 2021-04-22 12:07 usr/share/locale/tr/LC_MESSAGES/virt-viewer.mo
drwxr-xr-x root/root         0 2021-04-22 12:07 usr/share/locale/uk/
drwxr-xr-x root/root         0 2021-04-22 12:07 usr/share/locale/uk/LC_MESSAGES/
-rw-r--r-- root/root     20281 2021-04-22 12:07 usr/share/locale/uk/LC_MESSAGES/virt-viewer.mo
drwxr-xr-x root/root         0 2021-04-22 12:07 usr/share/locale/zh_CN/
drwxr-xr-x root/root         0 2021-04-22 12:07 usr/share/locale/zh_CN/LC_MESSAGES/
-rw-r--r-- root/root     12609 2021-04-22 12:07 usr/share/locale/zh_CN/LC_MESSAGES/virt-viewer.mo
drwxr-xr-x root/root         0 2021-04-22 12:07 usr/share/locale/zh_TW/
drwxr-xr-x root/root         0 2021-04-22 12:07 usr/share/locale/zh_TW/LC_MESSAGES/
-rw-r--r-- root/root      7351 2021-04-22 12:07 usr/share/locale/zh_TW/LC_MESSAGES/virt-viewer.mo
drwxr-xr-x root/root         0 2021-04-22 12:07 usr/share/metainfo/
-rw-r--r-- root/root     12864 2021-04-22 12:07 usr/share/metainfo/remote-viewer.appdata.xml
drwxr-xr-x root/root         0 2021-04-22 12:07 usr/share/mime/
drwxr-xr-x root/root         0 2021-04-22 12:07 usr/share/mime/packages/
-rw-r--r-- root/root      1265 2021-04-22 12:07 usr/share/mime/packages/virt-viewer-mime.xml


