++========================================
||
||   Package:  ./accounts-qml-module/accounts-qml-module-0.7-x86_64-1cf.txz
||
++========================================
drwxr-xr-x root/root         0 2020-02-24 16:08 ./
drwxr-xr-x root/root         0 2020-02-24 16:08 install/
-rw-r--r-- root/root      1029 2020-02-24 16:08 install/slack-desc
drwxr-xr-x root/root         0 2020-02-24 16:08 usr/
drwxr-xr-x root/root         0 2020-02-24 16:08 usr/bin/
-rwxr-xr-x root/root    224936 2020-02-24 16:08 usr/bin/tst_plugin
drwxr-xr-x root/root         0 2020-02-24 16:08 usr/doc/
drwxr-xr-x root/root         0 2020-02-24 16:08 usr/doc/accounts-qml-module-0.7/
-rw-r--r-- root/root     26434 2016-06-08 09:26 usr/doc/accounts-qml-module-0.7/COPYING
-rw-r--r-- root/root       892 2016-06-08 09:26 usr/doc/accounts-qml-module-0.7/README.md
-rw-r--r-- root/root      3518 2020-02-24 16:08 usr/doc/accounts-qml-module-0.7/accounts-qml-module.SlackBuild
drwxr-xr-x root/root         0 2020-02-24 16:08 usr/lib64/
drwxr-xr-x root/root         0 2020-02-24 16:08 usr/lib64/qt5/
drwxr-xr-x root/root         0 2020-02-24 16:08 usr/lib64/qt5/qml/
drwxr-xr-x root/root         0 2020-02-24 16:08 usr/lib64/qt5/qml/Ubuntu/
drwxr-xr-x root/root         0 2020-02-24 16:08 usr/lib64/qt5/qml/Ubuntu/OnlineAccounts/
-rwxr-xr-x root/root    251040 2020-02-24 16:08 usr/lib64/qt5/qml/Ubuntu/OnlineAccounts/libAccounts.so
-rw-r--r-- root/root      7719 2020-02-24 16:08 usr/lib64/qt5/qml/Ubuntu/OnlineAccounts/plugin.qmltypes
-rw-r--r-- root/root        70 2020-02-24 16:07 usr/lib64/qt5/qml/Ubuntu/OnlineAccounts/qmldir
drwxr-xr-x root/root         0 2020-02-24 16:08 usr/share/
drwxr-xr-x root/root         0 2020-02-24 16:08 usr/share/accounts-qml-module/
drwxr-xr-x root/root         0 2020-02-24 16:08 usr/share/accounts-qml-module/doc/
drwxr-xr-x root/root         0 2020-02-24 16:08 usr/share/accounts-qml-module/doc/html/
-rw-r--r-- root/root        71 2016-06-08 09:26 usr/share/accounts-qml-module/doc/html/.gitignore
drwxr-xr-x root/root         0 2020-02-24 16:08 usr/share/accounts-qml-module/doc/html/images/
-rw-r--r-- root/root     18958 2020-02-24 16:08 usr/share/accounts-qml-module/doc/html/onlineaccounts-qml-api.index
-rw-r--r-- root/root      2074 2020-02-24 16:08 usr/share/accounts-qml-module/doc/html/qml-ubuntu-onlineaccounts-account-members.html
-rw-r--r-- root/root      9375 2020-02-24 16:08 usr/share/accounts-qml-module/doc/html/qml-ubuntu-onlineaccounts-account.html
-rw-r--r-- root/root      3269 2020-02-24 16:08 usr/share/accounts-qml-module/doc/html/qml-ubuntu-onlineaccounts-accountservice-members.html
-rw-r--r-- root/root     20732 2020-02-24 16:08 usr/share/accounts-qml-module/doc/html/qml-ubuntu-onlineaccounts-accountservice.html
-rw-r--r-- root/root      1854 2020-02-24 16:08 usr/share/accounts-qml-module/doc/html/qml-ubuntu-onlineaccounts-accountservicemodel-members.html
-rw-r--r-- root/root     14359 2020-02-24 16:08 usr/share/accounts-qml-module/doc/html/qml-ubuntu-onlineaccounts-accountservicemodel.html
-rw-r--r-- root/root      1117 2020-02-24 16:08 usr/share/accounts-qml-module/doc/html/qml-ubuntu-onlineaccounts-application-members.html
-rw-r--r-- root/root      3664 2020-02-24 16:08 usr/share/accounts-qml-module/doc/html/qml-ubuntu-onlineaccounts-application.html
-rw-r--r-- root/root      1135 2020-02-24 16:08 usr/share/accounts-qml-module/doc/html/qml-ubuntu-onlineaccounts-applicationmodel-members.html
-rw-r--r-- root/root      4524 2020-02-24 16:08 usr/share/accounts-qml-module/doc/html/qml-ubuntu-onlineaccounts-applicationmodel.html
-rw-r--r-- root/root      2044 2020-02-24 16:08 usr/share/accounts-qml-module/doc/html/qml-ubuntu-onlineaccounts-credentials-members.html
-rw-r--r-- root/root     10490 2020-02-24 16:08 usr/share/accounts-qml-module/doc/html/qml-ubuntu-onlineaccounts-credentials.html
-rw-r--r-- root/root       981 2020-02-24 16:08 usr/share/accounts-qml-module/doc/html/qml-ubuntu-onlineaccounts-manager-members.html
-rw-r--r-- root/root      3150 2020-02-24 16:08 usr/share/accounts-qml-module/doc/html/qml-ubuntu-onlineaccounts-manager.html
-rw-r--r-- root/root      1123 2020-02-24 16:08 usr/share/accounts-qml-module/doc/html/qml-ubuntu-onlineaccounts-providermodel-members.html
-rw-r--r-- root/root      4237 2020-02-24 16:08 usr/share/accounts-qml-module/doc/html/qml-ubuntu-onlineaccounts-providermodel.html
drwxr-xr-x root/root         0 2020-02-24 16:08 usr/share/accounts-qml-module/doc/html/style/
-rw-r--r-- root/root     13289 2020-02-24 16:08 usr/share/accounts-qml-module/doc/html/style/qtquick.css
-rw-r--r-- root/root      2391 2020-02-24 16:08 usr/share/accounts-qml-module/doc/html/ubuntu-onlineaccounts-qmlmodule.html


