++========================================
||
||   Package:  ./httpie/httpie-2.4.0-x86_64-1cf.txz
||
++========================================
drwxr-xr-x root/root         0 2021-02-06 14:36 ./
drwxr-xr-x root/root         0 2021-02-06 14:36 etc/
drwxr-xr-x root/root         0 2021-02-06 14:36 etc/bash_completion.d/
-rw-r--r-- root/root       731 2021-02-06 14:36 etc/bash_completion.d/httpie
drwxr-xr-x root/root         0 2021-02-06 14:36 install/
-rw-r--r-- root/root       130 2021-02-06 14:36 install/doinst.sh
-rw-r--r-- root/root      1008 2021-02-06 14:36 install/slack-desc
drwxr-xr-x root/root         0 2021-02-06 14:36 usr/
drwxr-xr-x root/root         0 2021-02-06 14:36 usr/bin/
-rwxr-xr-x root/root       949 2021-02-06 14:36 usr/bin/http
-rwxr-xr-x root/root       951 2021-02-06 14:36 usr/bin/https
drwxr-xr-x root/root         0 2021-02-06 14:36 usr/doc/
drwxr-xr-x root/root         0 2021-02-06 14:36 usr/doc/httpie-2.4.0/
-rw-r--r-- root/root      1702 2021-02-06 10:52 usr/doc/httpie-2.4.0/AUTHORS.rst
-rw-r--r-- root/root     19109 2021-02-06 11:07 usr/doc/httpie-2.4.0/CHANGELOG.rst
-rw-r--r-- root/root      1534 2021-02-03 15:26 usr/doc/httpie-2.4.0/LICENSE
-rw-r--r-- root/root     59907 2021-02-06 11:12 usr/doc/httpie-2.4.0/README.rst
-rw-r--r-- root/root      3323 2021-02-06 14:36 usr/doc/httpie-2.4.0/httpie.SlackBuild
drwxr-xr-x root/root         0 2021-02-06 14:36 usr/lib64/
drwxr-xr-x root/root         0 2021-02-06 14:36 usr/lib64/python3.9/
drwxr-xr-x root/root         0 2021-02-06 14:36 usr/lib64/python3.9/site-packages/
drwxr-xr-x root/root         0 2021-02-06 14:36 usr/lib64/python3.9/site-packages/httpie/
drwxr-xr-x root/root         0 2021-02-06 14:36 usr/lib64/python3.9/site-packages/httpie-2.4.0-py3.9.egg-info/
-rw-r--r-- root/root     78732 2021-02-06 14:36 usr/lib64/python3.9/site-packages/httpie-2.4.0-py3.9.egg-info/PKG-INFO
-rw-r--r-- root/root      3619 2021-02-06 14:36 usr/lib64/python3.9/site-packages/httpie-2.4.0-py3.9.egg-info/SOURCES.txt
-rw-r--r-- root/root         1 2021-02-06 14:36 usr/lib64/python3.9/site-packages/httpie-2.4.0-py3.9.egg-info/dependency_links.txt
-rw-r--r-- root/root        76 2021-02-06 14:36 usr/lib64/python3.9/site-packages/httpie-2.4.0-py3.9.egg-info/entry_points.txt
-rw-r--r-- root/root       109 2021-02-06 14:36 usr/lib64/python3.9/site-packages/httpie-2.4.0-py3.9.egg-info/requires.txt
-rw-r--r-- root/root         7 2021-02-06 14:36 usr/lib64/python3.9/site-packages/httpie-2.4.0-py3.9.egg-info/top_level.txt
-rw-r--r-- root/root       132 2021-02-06 11:09 usr/lib64/python3.9/site-packages/httpie/__init__.py
-rw-r--r-- root/root       380 2021-02-03 15:26 usr/lib64/python3.9/site-packages/httpie/__main__.py
drwxr-xr-x root/root         0 2021-02-06 14:36 usr/lib64/python3.9/site-packages/httpie/__pycache__/
-rw-r--r-- root/root       292 2021-02-06 14:36 usr/lib64/python3.9/site-packages/httpie/__pycache__/__init__.cpython-39.pyc
-rw-r--r-- root/root       590 2021-02-06 14:36 usr/lib64/python3.9/site-packages/httpie/__pycache__/__main__.cpython-39.pyc
-rw-r--r-- root/root      7305 2021-02-06 14:36 usr/lib64/python3.9/site-packages/httpie/__pycache__/client.cpython-39.pyc
-rw-r--r-- root/root       218 2021-02-06 14:36 usr/lib64/python3.9/site-packages/httpie/__pycache__/compat.cpython-39.pyc
-rw-r--r-- root/root      4290 2021-02-06 14:36 usr/lib64/python3.9/site-packages/httpie/__pycache__/config.cpython-39.pyc
-rw-r--r-- root/root      4006 2021-02-06 14:36 usr/lib64/python3.9/site-packages/httpie/__pycache__/context.cpython-39.pyc
-rw-r--r-- root/root      6322 2021-02-06 14:36 usr/lib64/python3.9/site-packages/httpie/__pycache__/core.cpython-39.pyc
-rw-r--r-- root/root     11891 2021-02-06 14:36 usr/lib64/python3.9/site-packages/httpie/__pycache__/downloads.cpython-39.pyc
-rw-r--r-- root/root      5065 2021-02-06 14:36 usr/lib64/python3.9/site-packages/httpie/__pycache__/models.cpython-39.pyc
-rw-r--r-- root/root      4401 2021-02-06 14:36 usr/lib64/python3.9/site-packages/httpie/__pycache__/sessions.cpython-39.pyc
-rw-r--r-- root/root      2033 2021-02-06 14:36 usr/lib64/python3.9/site-packages/httpie/__pycache__/ssl.cpython-39.pyc
-rw-r--r-- root/root      1108 2021-02-06 14:36 usr/lib64/python3.9/site-packages/httpie/__pycache__/status.cpython-39.pyc
-rw-r--r-- root/root      3526 2021-02-06 14:36 usr/lib64/python3.9/site-packages/httpie/__pycache__/uploads.cpython-39.pyc
-rw-r--r-- root/root      4064 2021-02-06 14:36 usr/lib64/python3.9/site-packages/httpie/__pycache__/utils.cpython-39.pyc
drwxr-xr-x root/root         0 2021-02-06 14:36 usr/lib64/python3.9/site-packages/httpie/cli/
-rw-r--r-- root/root         0 2021-02-03 15:26 usr/lib64/python3.9/site-packages/httpie/cli/__init__.py
drwxr-xr-x root/root         0 2021-02-06 14:36 usr/lib64/python3.9/site-packages/httpie/cli/__pycache__/
-rw-r--r-- root/root       148 2021-02-06 14:36 usr/lib64/python3.9/site-packages/httpie/cli/__pycache__/__init__.cpython-39.pyc
-rw-r--r-- root/root     11635 2021-02-06 14:36 usr/lib64/python3.9/site-packages/httpie/cli/__pycache__/argparser.cpython-39.pyc
-rw-r--r-- root/root      7199 2021-02-06 14:36 usr/lib64/python3.9/site-packages/httpie/cli/__pycache__/argtypes.cpython-39.pyc
-rw-r--r-- root/root      2090 2021-02-06 14:36 usr/lib64/python3.9/site-packages/httpie/cli/__pycache__/constants.cpython-39.pyc
-rw-r--r-- root/root     17412 2021-02-06 14:36 usr/lib64/python3.9/site-packages/httpie/cli/__pycache__/definition.cpython-39.pyc
-rw-r--r-- root/root      2175 2021-02-06 14:36 usr/lib64/python3.9/site-packages/httpie/cli/__pycache__/dicts.cpython-39.pyc
-rw-r--r-- root/root       315 2021-02-06 14:36 usr/lib64/python3.9/site-packages/httpie/cli/__pycache__/exceptions.cpython-39.pyc
-rw-r--r-- root/root      4541 2021-02-06 14:36 usr/lib64/python3.9/site-packages/httpie/cli/__pycache__/requestitems.cpython-39.pyc
-rw-r--r-- root/root     17105 2021-02-03 15:26 usr/lib64/python3.9/site-packages/httpie/cli/argparser.py
-rw-r--r-- root/root      7110 2021-02-03 15:26 usr/lib64/python3.9/site-packages/httpie/cli/argtypes.py
-rw-r--r-- root/root      2725 2021-02-03 15:26 usr/lib64/python3.9/site-packages/httpie/cli/constants.py
-rw-r--r-- root/root     21708 2021-02-03 15:26 usr/lib64/python3.9/site-packages/httpie/cli/definition.py
-rw-r--r-- root/root      1374 2021-02-03 15:47 usr/lib64/python3.9/site-packages/httpie/cli/dicts.py
-rw-r--r-- root/root        38 2021-02-03 15:26 usr/lib64/python3.9/site-packages/httpie/cli/exceptions.py
-rw-r--r-- root/root      4792 2021-02-03 15:26 usr/lib64/python3.9/site-packages/httpie/cli/requestitems.py
-rw-r--r-- root/root     10553 2021-02-06 10:52 usr/lib64/python3.9/site-packages/httpie/client.py
-rw-r--r-- root/root        63 2021-02-03 15:26 usr/lib64/python3.9/site-packages/httpie/compat.py
-rw-r--r-- root/root      3834 2021-02-03 15:26 usr/lib64/python3.9/site-packages/httpie/config.py
-rw-r--r-- root/root      3997 2021-02-03 15:26 usr/lib64/python3.9/site-packages/httpie/context.py
-rw-r--r-- root/root      9000 2021-02-03 15:26 usr/lib64/python3.9/site-packages/httpie/core.py
-rw-r--r-- root/root     14965 2021-02-03 15:26 usr/lib64/python3.9/site-packages/httpie/downloads.py
-rw-r--r-- root/root      4000 2021-02-03 15:26 usr/lib64/python3.9/site-packages/httpie/models.py
drwxr-xr-x root/root         0 2021-02-06 14:36 usr/lib64/python3.9/site-packages/httpie/output/
-rw-r--r-- root/root         0 2021-02-03 15:26 usr/lib64/python3.9/site-packages/httpie/output/__init__.py
drwxr-xr-x root/root         0 2021-02-06 14:36 usr/lib64/python3.9/site-packages/httpie/output/__pycache__/
-rw-r--r-- root/root       151 2021-02-06 14:36 usr/lib64/python3.9/site-packages/httpie/output/__pycache__/__init__.cpython-39.pyc
-rw-r--r-- root/root      2182 2021-02-06 14:36 usr/lib64/python3.9/site-packages/httpie/output/__pycache__/processing.cpython-39.pyc
-rw-r--r-- root/root      6519 2021-02-06 14:36 usr/lib64/python3.9/site-packages/httpie/output/__pycache__/streams.cpython-39.pyc
-rw-r--r-- root/root      3360 2021-02-06 14:36 usr/lib64/python3.9/site-packages/httpie/output/__pycache__/writer.cpython-39.pyc
drwxr-xr-x root/root         0 2021-02-06 14:36 usr/lib64/python3.9/site-packages/httpie/output/formatters/
-rw-r--r-- root/root         0 2021-02-03 15:26 usr/lib64/python3.9/site-packages/httpie/output/formatters/__init__.py
drwxr-xr-x root/root         0 2021-02-06 14:36 usr/lib64/python3.9/site-packages/httpie/output/formatters/__pycache__/
-rw-r--r-- root/root       162 2021-02-06 14:36 usr/lib64/python3.9/site-packages/httpie/output/formatters/__pycache__/__init__.cpython-39.pyc
-rw-r--r-- root/root      6393 2021-02-06 14:36 usr/lib64/python3.9/site-packages/httpie/output/formatters/__pycache__/colors.cpython-39.pyc
-rw-r--r-- root/root      1176 2021-02-06 14:36 usr/lib64/python3.9/site-packages/httpie/output/formatters/__pycache__/headers.cpython-39.pyc
-rw-r--r-- root/root      1313 2021-02-06 14:36 usr/lib64/python3.9/site-packages/httpie/output/formatters/__pycache__/json.cpython-39.pyc
-rw-r--r-- root/root      8729 2021-02-03 15:26 usr/lib64/python3.9/site-packages/httpie/output/formatters/colors.py
-rw-r--r-- root/root       556 2021-02-03 15:26 usr/lib64/python3.9/site-packages/httpie/output/formatters/headers.py
-rw-r--r-- root/root      1070 2021-02-03 15:26 usr/lib64/python3.9/site-packages/httpie/output/formatters/json.py
-rw-r--r-- root/root      1610 2021-02-03 15:26 usr/lib64/python3.9/site-packages/httpie/output/processing.py
-rw-r--r-- root/root      6445 2021-02-03 15:26 usr/lib64/python3.9/site-packages/httpie/output/streams.py
-rw-r--r-- root/root      4477 2021-02-03 15:26 usr/lib64/python3.9/site-packages/httpie/output/writer.py
drwxr-xr-x root/root         0 2021-02-06 14:36 usr/lib64/python3.9/site-packages/httpie/plugins/
-rw-r--r-- root/root       230 2021-02-03 15:26 usr/lib64/python3.9/site-packages/httpie/plugins/__init__.py
drwxr-xr-x root/root         0 2021-02-06 14:36 usr/lib64/python3.9/site-packages/httpie/plugins/__pycache__/
-rw-r--r-- root/root       418 2021-02-06 14:36 usr/lib64/python3.9/site-packages/httpie/plugins/__pycache__/__init__.cpython-39.pyc
-rw-r--r-- root/root      3889 2021-02-06 14:36 usr/lib64/python3.9/site-packages/httpie/plugins/__pycache__/base.cpython-39.pyc
-rw-r--r-- root/root      2142 2021-02-06 14:36 usr/lib64/python3.9/site-packages/httpie/plugins/__pycache__/builtin.cpython-39.pyc
-rw-r--r-- root/root      3643 2021-02-06 14:36 usr/lib64/python3.9/site-packages/httpie/plugins/__pycache__/manager.cpython-39.pyc
-rw-r--r-- root/root       577 2021-02-06 14:36 usr/lib64/python3.9/site-packages/httpie/plugins/__pycache__/registry.cpython-39.pyc
-rw-r--r-- root/root      4054 2021-02-03 15:26 usr/lib64/python3.9/site-packages/httpie/plugins/base.py
-rw-r--r-- root/root      1558 2021-02-03 15:26 usr/lib64/python3.9/site-packages/httpie/plugins/builtin.py
-rw-r--r-- root/root      2195 2021-02-03 15:26 usr/lib64/python3.9/site-packages/httpie/plugins/manager.py
-rw-r--r-- root/root       496 2021-02-03 15:26 usr/lib64/python3.9/site-packages/httpie/plugins/registry.py
-rw-r--r-- root/root      4990 2021-02-03 15:26 usr/lib64/python3.9/site-packages/httpie/sessions.py
-rw-r--r-- root/root      1883 2021-02-03 15:26 usr/lib64/python3.9/site-packages/httpie/ssl.py
-rw-r--r-- root/root       987 2021-02-03 15:26 usr/lib64/python3.9/site-packages/httpie/status.py
-rw-r--r-- root/root      4116 2021-02-03 15:26 usr/lib64/python3.9/site-packages/httpie/uploads.py
-rw-r--r-- root/root      3374 2021-02-06 10:58 usr/lib64/python3.9/site-packages/httpie/utils.py


