++========================================
||
||   Package:  ./apachetop/apachetop-0.19.7-x86_64-2cf.txz
||
++========================================
drwxr-xr-x root/root         0 2022-07-27 13:54 ./
drwxr-xr-x root/root         0 2022-07-27 13:54 install/
-rw-r--r-- root/root       927 2022-07-27 13:54 install/slack-desc
-rw-r--r-- root/root         5 2022-07-27 13:54 install/slack-required
drwxr-xr-x root/root         0 2022-07-27 13:54 usr/
drwxr-xr-x root/root         0 2022-07-27 13:54 usr/bin/
-rwxr-xr-x root/root     48016 2022-07-27 13:54 usr/bin/apachetop
drwxr-xr-x root/root         0 2022-07-27 13:54 usr/doc/
drwxr-xr-x root/root         0 2022-07-27 13:54 usr/doc/apachetop-0.19.7/
-rw-r--r-- root/root       143 2015-05-21 17:19 usr/doc/apachetop-0.19.7/AUTHORS
-rw-r--r-- root/root        12 2015-05-18 02:22 usr/doc/apachetop-0.19.7/COPYING
-rw-r--r-- root/root     12151 2019-07-20 10:31 usr/doc/apachetop-0.19.7/ChangeLog
-rw-r--r-- root/root      3030 2018-04-12 23:35 usr/doc/apachetop-0.19.7/INSTALL
-rw-r--r-- root/root       873 2015-05-18 02:22 usr/doc/apachetop-0.19.7/LICENSE
-rw-r--r-- root/root        14 2015-06-10 23:02 usr/doc/apachetop-0.19.7/NEWS
-rw-r--r-- root/root      7409 2015-05-18 02:22 usr/doc/apachetop-0.19.7/README
-rw-r--r-- root/root      3974 2022-07-27 13:54 usr/doc/apachetop-0.19.7/apachetop.SlackBuild
drwxr-xr-x root/root         0 2022-07-27 13:54 usr/man/
drwxr-xr-x root/root         0 2022-07-27 13:54 usr/man/man1/
-rw-r--r-- root/root      1124 2022-07-27 13:54 usr/man/man1/apachetop.1.gz


