++========================================
||
||   Package:  ./rchardet/rchardet-1.8.0-x86_64-3cf.txz
||
++========================================
drwxr-xr-x root/root         0 2021-01-02 18:28 ./
drwxr-xr-x root/root         0 2021-01-02 18:28 install/
-rw-r--r-- root/root       723 2021-01-02 18:28 install/slack-desc
drwxr-xr-x root/root         0 2021-01-02 18:28 usr/
drwxr-xr-x root/root         0 2021-01-02 18:28 usr/doc/
drwxr-xr-x root/root         0 2021-01-02 18:28 usr/doc/rchardet-1.8.0/
-rw-r--r-- root/root      2627 2021-01-02 18:28 usr/doc/rchardet-1.8.0/rchardet.SlackBuild
drwxr-xr-x root/root         0 2021-01-02 18:28 usr/lib64/
drwxr-xr-x root/root         0 2021-01-02 18:28 usr/lib64/ruby/
drwxr-xr-x root/root         0 2021-01-02 18:28 usr/lib64/ruby/gems/
drwxr-xr-x root/root         0 2021-01-02 18:28 usr/lib64/ruby/gems/3.0.0/
drwxr-xr-x root/root         0 2021-01-02 18:28 usr/lib64/ruby/gems/3.0.0/build_info/
drwxr-xr-x root/root         0 2021-01-02 18:28 usr/lib64/ruby/gems/3.0.0/cache/
-rw-r--r-- root/root    153600 2021-01-02 18:28 usr/lib64/ruby/gems/3.0.0/cache/rchardet-1.8.0.gem
drwxr-xr-x root/root         0 2021-01-02 18:28 usr/lib64/ruby/gems/3.0.0/doc/
drwxr-xr-x root/root         0 2021-01-02 18:28 usr/lib64/ruby/gems/3.0.0/doc/rchardet-1.8.0/
drwxr-xr-x root/root         0 2021-01-02 18:28 usr/lib64/ruby/gems/3.0.0/doc/rchardet-1.8.0/ri/
drwxr-xr-x root/root         0 2021-01-02 18:28 usr/lib64/ruby/gems/3.0.0/doc/rchardet-1.8.0/ri/CharDet/
drwxr-xr-x root/root         0 2021-01-02 18:28 usr/lib64/ruby/gems/3.0.0/doc/rchardet-1.8.0/ri/CharDet/Big5DistributionAnalysis/
-rw-r--r-- root/root       538 2021-01-02 18:28 usr/lib64/ruby/gems/3.0.0/doc/rchardet-1.8.0/ri/CharDet/Big5DistributionAnalysis/cdesc-Big5DistributionAnalysis.ri
-rw-r--r-- root/root       300 2021-01-02 18:28 usr/lib64/ruby/gems/3.0.0/doc/rchardet-1.8.0/ri/CharDet/Big5DistributionAnalysis/get_order-i.ri
-rw-r--r-- root/root       285 2021-01-02 18:28 usr/lib64/ruby/gems/3.0.0/doc/rchardet-1.8.0/ri/CharDet/Big5DistributionAnalysis/new-c.ri
drwxr-xr-x root/root         0 2021-01-02 18:28 usr/lib64/ruby/gems/3.0.0/doc/rchardet-1.8.0/ri/CharDet/Big5Prober/
-rw-r--r-- root/root       494 2021-01-02 18:28 usr/lib64/ruby/gems/3.0.0/doc/rchardet-1.8.0/ri/CharDet/Big5Prober/cdesc-Big5Prober.ri
-rw-r--r-- root/root       276 2021-01-02 18:28 usr/lib64/ruby/gems/3.0.0/doc/rchardet-1.8.0/ri/CharDet/Big5Prober/get_charset_name-i.ri
-rw-r--r-- root/root       251 2021-01-02 18:28 usr/lib64/ruby/gems/3.0.0/doc/rchardet-1.8.0/ri/CharDet/Big5Prober/new-c.ri
drwxr-xr-x root/root         0 2021-01-02 18:28 usr/lib64/ruby/gems/3.0.0/doc/rchardet-1.8.0/ri/CharDet/CharDistributionAnalysis/
-rw-r--r-- root/root       593 2021-01-02 18:28 usr/lib64/ruby/gems/3.0.0/doc/rchardet-1.8.0/ri/CharDet/CharDistributionAnalysis/cdesc-CharDistributionAnalysis.ri
-rw-r--r-- root/root       300 2021-01-02 18:28 usr/lib64/ruby/gems/3.0.0/doc/rchardet-1.8.0/ri/CharDet/CharDistributionAnalysis/feed-i.ri
-rw-r--r-- root/root       306 2021-01-02 18:28 usr/lib64/ruby/gems/3.0.0/doc/rchardet-1.8.0/ri/CharDet/CharDistributionAnalysis/get_confidence-i.ri
-rw-r--r-- root/root       300 2021-01-02 18:28 usr/lib64/ruby/gems/3.0.0/doc/rchardet-1.8.0/ri/CharDet/CharDistributionAnalysis/get_order-i.ri
-rw-r--r-- root/root       308 2021-01-02 18:28 usr/lib64/ruby/gems/3.0.0/doc/rchardet-1.8.0/ri/CharDet/CharDistributionAnalysis/got_enough_data-i.ri
-rw-r--r-- root/root       285 2021-01-02 18:28 usr/lib64/ruby/gems/3.0.0/doc/rchardet-1.8.0/ri/CharDet/CharDistributionAnalysis/new-c.ri
-rw-r--r-- root/root       288 2021-01-02 18:28 usr/lib64/ruby/gems/3.0.0/doc/rchardet-1.8.0/ri/CharDet/CharDistributionAnalysis/reset-i.ri
drwxr-xr-x root/root         0 2021-01-02 18:28 usr/lib64/ruby/gems/3.0.0/doc/rchardet-1.8.0/ri/CharDet/CharSetGroupProber/
-rw-r--r-- root/root       603 2021-01-02 18:28 usr/lib64/ruby/gems/3.0.0/doc/rchardet-1.8.0/ri/CharDet/CharSetGroupProber/cdesc-CharSetGroupProber.ri
-rw-r--r-- root/root       280 2021-01-02 18:28 usr/lib64/ruby/gems/3.0.0/doc/rchardet-1.8.0/ri/CharDet/CharSetGroupProber/feed-i.ri
-rw-r--r-- root/root       300 2021-01-02 18:28 usr/lib64/ruby/gems/3.0.0/doc/rchardet-1.8.0/ri/CharDet/CharSetGroupProber/get_charset_name-i.ri
-rw-r--r-- root/root       296 2021-01-02 18:28 usr/lib64/ruby/gems/3.0.0/doc/rchardet-1.8.0/ri/CharDet/CharSetGroupProber/get_confidence-i.ri
-rw-r--r-- root/root       275 2021-01-02 18:28 usr/lib64/ruby/gems/3.0.0/doc/rchardet-1.8.0/ri/CharDet/CharSetGroupProber/new-c.ri
-rw-r--r-- root/root       280 2021-01-02 18:28 usr/lib64/ruby/gems/3.0.0/doc/rchardet-1.8.0/ri/CharDet/CharSetGroupProber/probers-i.ri
-rw-r--r-- root/root       278 2021-01-02 18:28 usr/lib64/ruby/gems/3.0.0/doc/rchardet-1.8.0/ri/CharDet/CharSetGroupProber/reset-i.ri
drwxr-xr-x root/root         0 2021-01-02 18:28 usr/lib64/ruby/gems/3.0.0/doc/rchardet-1.8.0/ri/CharDet/CharSetProber/
-rw-r--r-- root/root       263 2021-01-02 18:28 usr/lib64/ruby/gems/3.0.0/doc/rchardet-1.8.0/ri/CharDet/CharSetProber/active-i.ri
-rw-r--r-- root/root       705 2021-01-02 18:28 usr/lib64/ruby/gems/3.0.0/doc/rchardet-1.8.0/ri/CharDet/CharSetProber/cdesc-CharSetProber.ri
-rw-r--r-- root/root       265 2021-01-02 18:28 usr/lib64/ruby/gems/3.0.0/doc/rchardet-1.8.0/ri/CharDet/CharSetProber/feed-i.ri
-rw-r--r-- root/root       297 2021-01-02 18:28 usr/lib64/ruby/gems/3.0.0/doc/rchardet-1.8.0/ri/CharDet/CharSetProber/filter_high_bit_only-i.ri
-rw-r--r-- root/root       311 2021-01-02 18:28 usr/lib64/ruby/gems/3.0.0/doc/rchardet-1.8.0/ri/CharDet/CharSetProber/filter_with_english_letters-i.ri
-rw-r--r-- root/root       317 2021-01-02 18:28 usr/lib64/ruby/gems/3.0.0/doc/rchardet-1.8.0/ri/CharDet/CharSetProber/filter_without_english_letters-i.ri
-rw-r--r-- root/root       285 2021-01-02 18:28 usr/lib64/ruby/gems/3.0.0/doc/rchardet-1.8.0/ri/CharDet/CharSetProber/get_charset_name-i.ri
-rw-r--r-- root/root       281 2021-01-02 18:28 usr/lib64/ruby/gems/3.0.0/doc/rchardet-1.8.0/ri/CharDet/CharSetProber/get_confidence-i.ri
-rw-r--r-- root/root       271 2021-01-02 18:28 usr/lib64/ruby/gems/3.0.0/doc/rchardet-1.8.0/ri/CharDet/CharSetProber/get_state-i.ri
-rw-r--r-- root/root       260 2021-01-02 18:28 usr/lib64/ruby/gems/3.0.0/doc/rchardet-1.8.0/ri/CharDet/CharSetProber/new-c.ri
-rw-r--r-- root/root       263 2021-01-02 18:28 usr/lib64/ruby/gems/3.0.0/doc/rchardet-1.8.0/ri/CharDet/CharSetProber/reset-i.ri
drwxr-xr-x root/root         0 2021-01-02 18:28 usr/lib64/ruby/gems/3.0.0/doc/rchardet-1.8.0/ri/CharDet/CodingStateMachine/
-rw-r--r-- root/root       278 2021-01-02 18:28 usr/lib64/ruby/gems/3.0.0/doc/rchardet-1.8.0/ri/CharDet/CodingStateMachine/active-i.ri
-rw-r--r-- root/root       614 2021-01-02 18:28 usr/lib64/ruby/gems/3.0.0/doc/rchardet-1.8.0/ri/CharDet/CodingStateMachine/cdesc-CodingStateMachine.ri
-rw-r--r-- root/root       316 2021-01-02 18:28 usr/lib64/ruby/gems/3.0.0/doc/rchardet-1.8.0/ri/CharDet/CodingStateMachine/get_coding_state_machine-i.ri
-rw-r--r-- root/root       306 2021-01-02 18:28 usr/lib64/ruby/gems/3.0.0/doc/rchardet-1.8.0/ri/CharDet/CodingStateMachine/get_current_charlen-i.ri
-rw-r--r-- root/root       277 2021-01-02 18:28 usr/lib64/ruby/gems/3.0.0/doc/rchardet-1.8.0/ri/CharDet/CodingStateMachine/new-c.ri
-rw-r--r-- root/root       289 2021-01-02 18:28 usr/lib64/ruby/gems/3.0.0/doc/rchardet-1.8.0/ri/CharDet/CodingStateMachine/next_state-i.ri
-rw-r--r-- root/root       278 2021-01-02 18:28 usr/lib64/ruby/gems/3.0.0/doc/rchardet-1.8.0/ri/CharDet/CodingStateMachine/reset-i.ri
drwxr-xr-x root/root         0 2021-01-02 18:28 usr/lib64/ruby/gems/3.0.0/doc/rchardet-1.8.0/ri/CharDet/EUCJPContextAnalysis/
-rw-r--r-- root/root       495 2021-01-02 18:28 usr/lib64/ruby/gems/3.0.0/doc/rchardet-1.8.0/ri/CharDet/EUCJPContextAnalysis/cdesc-EUCJPContextAnalysis.ri
-rw-r--r-- root/root       282 2021-01-02 18:28 usr/lib64/ruby/gems/3.0.0/doc/rchardet-1.8.0/ri/CharDet/EUCJPContextAnalysis/get_order-i.ri
drwxr-xr-x root/root         0 2021-01-02 18:28 usr/lib64/ruby/gems/3.0.0/doc/rchardet-1.8.0/ri/CharDet/EUCJPDistributionAnalysis/
-rw-r--r-- root/root       540 2021-01-02 18:28 usr/lib64/ruby/gems/3.0.0/doc/rchardet-1.8.0/ri/CharDet/EUCJPDistributionAnalysis/cdesc-EUCJPDistributionAnalysis.ri
-rw-r--r-- root/root       302 2021-01-02 18:28 usr/lib64/ruby/gems/3.0.0/doc/rchardet-1.8.0/ri/CharDet/EUCJPDistributionAnalysis/get_order-i.ri
-rw-r--r-- root/root       287 2021-01-02 18:28 usr/lib64/ruby/gems/3.0.0/doc/rchardet-1.8.0/ri/CharDet/EUCJPDistributionAnalysis/new-c.ri
drwxr-xr-x root/root         0 2021-01-02 18:28 usr/lib64/ruby/gems/3.0.0/doc/rchardet-1.8.0/ri/CharDet/EUCJPProber/
-rw-r--r-- root/root       554 2021-01-02 18:28 usr/lib64/ruby/gems/3.0.0/doc/rchardet-1.8.0/ri/CharDet/EUCJPProber/cdesc-EUCJPProber.ri
-rw-r--r-- root/root       259 2021-01-02 18:28 usr/lib64/ruby/gems/3.0.0/doc/rchardet-1.8.0/ri/CharDet/EUCJPProber/feed-i.ri
-rw-r--r-- root/root       279 2021-01-02 18:28 usr/lib64/ruby/gems/3.0.0/doc/rchardet-1.8.0/ri/CharDet/EUCJPProber/get_charset_name-i.ri
-rw-r--r-- root/root       275 2021-01-02 18:28 usr/lib64/ruby/gems/3.0.0/doc/rchardet-1.8.0/ri/CharDet/EUCJPProber/get_confidence-i.ri
-rw-r--r-- root/root       254 2021-01-02 18:28 usr/lib64/ruby/gems/3.0.0/doc/rchardet-1.8.0/ri/CharDet/EUCJPProber/new-c.ri
-rw-r--r-- root/root       257 2021-01-02 18:28 usr/lib64/ruby/gems/3.0.0/doc/rchardet-1.8.0/ri/CharDet/EUCJPProber/reset-i.ri
drwxr-xr-x root/root         0 2021-01-02 18:28 usr/lib64/ruby/gems/3.0.0/doc/rchardet-1.8.0/ri/CharDet/EUCKRDistributionAnalysis/
-rw-r--r-- root/root       540 2021-01-02 18:28 usr/lib64/ruby/gems/3.0.0/doc/rchardet-1.8.0/ri/CharDet/EUCKRDistributionAnalysis/cdesc-EUCKRDistributionAnalysis.ri
-rw-r--r-- root/root       302 2021-01-02 18:28 usr/lib64/ruby/gems/3.0.0/doc/rchardet-1.8.0/ri/CharDet/EUCKRDistributionAnalysis/get_order-i.ri
-rw-r--r-- root/root       287 2021-01-02 18:28 usr/lib64/ruby/gems/3.0.0/doc/rchardet-1.8.0/ri/CharDet/EUCKRDistributionAnalysis/new-c.ri
drwxr-xr-x root/root         0 2021-01-02 18:28 usr/lib64/ruby/gems/3.0.0/doc/rchardet-1.8.0/ri/CharDet/EUCKRProber/
-rw-r--r-- root/root       498 2021-01-02 18:28 usr/lib64/ruby/gems/3.0.0/doc/rchardet-1.8.0/ri/CharDet/EUCKRProber/cdesc-EUCKRProber.ri
-rw-r--r-- root/root       279 2021-01-02 18:28 usr/lib64/ruby/gems/3.0.0/doc/rchardet-1.8.0/ri/CharDet/EUCKRProber/get_charset_name-i.ri
-rw-r--r-- root/root       254 2021-01-02 18:28 usr/lib64/ruby/gems/3.0.0/doc/rchardet-1.8.0/ri/CharDet/EUCKRProber/new-c.ri
drwxr-xr-x root/root         0 2021-01-02 18:28 usr/lib64/ruby/gems/3.0.0/doc/rchardet-1.8.0/ri/CharDet/EUCTWDistributionAnalysis/
-rw-r--r-- root/root       565 2021-01-02 18:28 usr/lib64/ruby/gems/3.0.0/doc/rchardet-1.8.0/ri/CharDet/EUCTWDistributionAnalysis/cdesc-EUCTWDistributionAnalysis.ri
-rw-r--r-- root/root       308 2021-01-02 18:28 usr/lib64/ruby/gems/3.0.0/doc/rchardet-1.8.0/ri/CharDet/EUCTWDistributionAnalysis/get_confidence-i.ri
-rw-r--r-- root/root       302 2021-01-02 18:28 usr/lib64/ruby/gems/3.0.0/doc/rchardet-1.8.0/ri/CharDet/EUCTWDistributionAnalysis/get_order-i.ri
-rw-r--r-- root/root       287 2021-01-02 18:28 usr/lib64/ruby/gems/3.0.0/doc/rchardet-1.8.0/ri/CharDet/EUCTWDistributionAnalysis/new-c.ri
drwxr-xr-x root/root         0 2021-01-02 18:28 usr/lib64/ruby/gems/3.0.0/doc/rchardet-1.8.0/ri/CharDet/EUCTWProber/
-rw-r--r-- root/root       498 2021-01-02 18:28 usr/lib64/ruby/gems/3.0.0/doc/rchardet-1.8.0/ri/CharDet/EUCTWProber/cdesc-EUCTWProber.ri
-rw-r--r-- root/root       279 2021-01-02 18:28 usr/lib64/ruby/gems/3.0.0/doc/rchardet-1.8.0/ri/CharDet/EUCTWProber/get_charset_name-i.ri
-rw-r--r-- root/root       254 2021-01-02 18:28 usr/lib64/ruby/gems/3.0.0/doc/rchardet-1.8.0/ri/CharDet/EUCTWProber/new-c.ri
drwxr-xr-x root/root         0 2021-01-02 18:28 usr/lib64/ruby/gems/3.0.0/doc/rchardet-1.8.0/ri/CharDet/EscCharSetProber/
-rw-r--r-- root/root       560 2021-01-02 18:28 usr/lib64/ruby/gems/3.0.0/doc/rchardet-1.8.0/ri/CharDet/EscCharSetProber/cdesc-EscCharSetProber.ri
-rw-r--r-- root/root       267 2021-01-02 18:28 usr/lib64/ruby/gems/3.0.0/doc/rchardet-1.8.0/ri/CharDet/EscCharSetProber/feed-i.ri
-rw-r--r-- root/root       287 2021-01-02 18:28 usr/lib64/ruby/gems/3.0.0/doc/rchardet-1.8.0/ri/CharDet/EscCharSetProber/get_charset_name-i.ri
-rw-r--r-- root/root       283 2021-01-02 18:28 usr/lib64/ruby/gems/3.0.0/doc/rchardet-1.8.0/ri/CharDet/EscCharSetProber/get_confidence-i.ri
-rw-r--r-- root/root       262 2021-01-02 18:28 usr/lib64/ruby/gems/3.0.0/doc/rchardet-1.8.0/ri/CharDet/EscCharSetProber/new-c.ri
-rw-r--r-- root/root       265 2021-01-02 18:28 usr/lib64/ruby/gems/3.0.0/doc/rchardet-1.8.0/ri/CharDet/EscCharSetProber/reset-i.ri
drwxr-xr-x root/root         0 2021-01-02 18:28 usr/lib64/ruby/gems/3.0.0/doc/rchardet-1.8.0/ri/CharDet/GB18030DistributionAnalysis/
-rw-r--r-- root/root       544 2021-01-02 18:28 usr/lib64/ruby/gems/3.0.0/doc/rchardet-1.8.0/ri/CharDet/GB18030DistributionAnalysis/cdesc-GB18030DistributionAnalysis.ri
-rw-r--r-- root/root       306 2021-01-02 18:28 usr/lib64/ruby/gems/3.0.0/doc/rchardet-1.8.0/ri/CharDet/GB18030DistributionAnalysis/get_order-i.ri
-rw-r--r-- root/root       291 2021-01-02 18:28 usr/lib64/ruby/gems/3.0.0/doc/rchardet-1.8.0/ri/CharDet/GB18030DistributionAnalysis/new-c.ri
drwxr-xr-x root/root         0 2021-01-02 18:28 usr/lib64/ruby/gems/3.0.0/doc/rchardet-1.8.0/ri/CharDet/GB18030Prober/
-rw-r--r-- root/root       506 2021-01-02 18:28 usr/lib64/ruby/gems/3.0.0/doc/rchardet-1.8.0/ri/CharDet/GB18030Prober/cdesc-GB18030Prober.ri
-rw-r--r-- root/root       285 2021-01-02 18:28 usr/lib64/ruby/gems/3.0.0/doc/rchardet-1.8.0/ri/CharDet/GB18030Prober/get_charset_name-i.ri
-rw-r--r-- root/root       260 2021-01-02 18:28 usr/lib64/ruby/gems/3.0.0/doc/rchardet-1.8.0/ri/CharDet/GB18030Prober/new-c.ri
drwxr-xr-x root/root         0 2021-01-02 18:28 usr/lib64/ruby/gems/3.0.0/doc/rchardet-1.8.0/ri/CharDet/HebrewProber/
-rw-r--r-- root/root       623 2021-01-02 18:28 usr/lib64/ruby/gems/3.0.0/doc/rchardet-1.8.0/ri/CharDet/HebrewProber/cdesc-HebrewProber.ri
-rw-r--r-- root/root       262 2021-01-02 18:28 usr/lib64/ruby/gems/3.0.0/doc/rchardet-1.8.0/ri/CharDet/HebrewProber/feed-i.ri
-rw-r--r-- root/root       282 2021-01-02 18:28 usr/lib64/ruby/gems/3.0.0/doc/rchardet-1.8.0/ri/CharDet/HebrewProber/get_charset_name-i.ri
-rw-r--r-- root/root       268 2021-01-02 18:28 usr/lib64/ruby/gems/3.0.0/doc/rchardet-1.8.0/ri/CharDet/HebrewProber/get_state-i.ri
-rw-r--r-- root/root       267 2021-01-02 18:28 usr/lib64/ruby/gems/3.0.0/doc/rchardet-1.8.0/ri/CharDet/HebrewProber/is_final-i.ri
-rw-r--r-- root/root       275 2021-01-02 18:28 usr/lib64/ruby/gems/3.0.0/doc/rchardet-1.8.0/ri/CharDet/HebrewProber/is_non_final-i.ri
-rw-r--r-- root/root       257 2021-01-02 18:28 usr/lib64/ruby/gems/3.0.0/doc/rchardet-1.8.0/ri/CharDet/HebrewProber/new-c.ri
-rw-r--r-- root/root       260 2021-01-02 18:28 usr/lib64/ruby/gems/3.0.0/doc/rchardet-1.8.0/ri/CharDet/HebrewProber/reset-i.ri
-rw-r--r-- root/root       311 2021-01-02 18:28 usr/lib64/ruby/gems/3.0.0/doc/rchardet-1.8.0/ri/CharDet/HebrewProber/set_model_probers-i.ri
drwxr-xr-x root/root         0 2021-01-02 18:28 usr/lib64/ruby/gems/3.0.0/doc/rchardet-1.8.0/ri/CharDet/JapaneseContextAnalysis/
-rw-r--r-- root/root       571 2021-01-02 18:28 usr/lib64/ruby/gems/3.0.0/doc/rchardet-1.8.0/ri/CharDet/JapaneseContextAnalysis/cdesc-JapaneseContextAnalysis.ri
-rw-r--r-- root/root       284 2021-01-02 18:28 usr/lib64/ruby/gems/3.0.0/doc/rchardet-1.8.0/ri/CharDet/JapaneseContextAnalysis/feed-i.ri
-rw-r--r-- root/root       294 2021-01-02 18:28 usr/lib64/ruby/gems/3.0.0/doc/rchardet-1.8.0/ri/CharDet/JapaneseContextAnalysis/get_confidence-i.ri
-rw-r--r-- root/root       288 2021-01-02 18:28 usr/lib64/ruby/gems/3.0.0/doc/rchardet-1.8.0/ri/CharDet/JapaneseContextAnalysis/get_order-i.ri
-rw-r--r-- root/root       296 2021-01-02 18:28 usr/lib64/ruby/gems/3.0.0/doc/rchardet-1.8.0/ri/CharDet/JapaneseContextAnalysis/got_enough_data-i.ri
-rw-r--r-- root/root       273 2021-01-02 18:28 usr/lib64/ruby/gems/3.0.0/doc/rchardet-1.8.0/ri/CharDet/JapaneseContextAnalysis/new-c.ri
-rw-r--r-- root/root       276 2021-01-02 18:28 usr/lib64/ruby/gems/3.0.0/doc/rchardet-1.8.0/ri/CharDet/JapaneseContextAnalysis/reset-i.ri
drwxr-xr-x root/root         0 2021-01-02 18:28 usr/lib64/ruby/gems/3.0.0/doc/rchardet-1.8.0/ri/CharDet/Latin1Prober/
-rw-r--r-- root/root       558 2021-01-02 18:28 usr/lib64/ruby/gems/3.0.0/doc/rchardet-1.8.0/ri/CharDet/Latin1Prober/cdesc-Latin1Prober.ri
-rw-r--r-- root/root       262 2021-01-02 18:28 usr/lib64/ruby/gems/3.0.0/doc/rchardet-1.8.0/ri/CharDet/Latin1Prober/feed-i.ri
-rw-r--r-- root/root       282 2021-01-02 18:28 usr/lib64/ruby/gems/3.0.0/doc/rchardet-1.8.0/ri/CharDet/Latin1Prober/get_charset_name-i.ri
-rw-r--r-- root/root       278 2021-01-02 18:28 usr/lib64/ruby/gems/3.0.0/doc/rchardet-1.8.0/ri/CharDet/Latin1Prober/get_confidence-i.ri
-rw-r--r-- root/root       257 2021-01-02 18:28 usr/lib64/ruby/gems/3.0.0/doc/rchardet-1.8.0/ri/CharDet/Latin1Prober/new-c.ri
-rw-r--r-- root/root       260 2021-01-02 18:28 usr/lib64/ruby/gems/3.0.0/doc/rchardet-1.8.0/ri/CharDet/Latin1Prober/reset-i.ri
drwxr-xr-x root/root         0 2021-01-02 18:28 usr/lib64/ruby/gems/3.0.0/doc/rchardet-1.8.0/ri/CharDet/MBCSGroupProber/
-rw-r--r-- root/root       492 2021-01-02 18:28 usr/lib64/ruby/gems/3.0.0/doc/rchardet-1.8.0/ri/CharDet/MBCSGroupProber/cdesc-MBCSGroupProber.ri
-rw-r--r-- root/root       266 2021-01-02 18:28 usr/lib64/ruby/gems/3.0.0/doc/rchardet-1.8.0/ri/CharDet/MBCSGroupProber/new-c.ri
drwxr-xr-x root/root         0 2021-01-02 18:28 usr/lib64/ruby/gems/3.0.0/doc/rchardet-1.8.0/ri/CharDet/MultiByteCharSetProber/
-rw-r--r-- root/root       584 2021-01-02 18:28 usr/lib64/ruby/gems/3.0.0/doc/rchardet-1.8.0/ri/CharDet/MultiByteCharSetProber/cdesc-MultiByteCharSetProber.ri
-rw-r--r-- root/root       285 2021-01-02 18:28 usr/lib64/ruby/gems/3.0.0/doc/rchardet-1.8.0/ri/CharDet/MultiByteCharSetProber/feed-i.ri
-rw-r--r-- root/root       305 2021-01-02 18:28 usr/lib64/ruby/gems/3.0.0/doc/rchardet-1.8.0/ri/CharDet/MultiByteCharSetProber/get_charset_name-i.ri
-rw-r--r-- root/root       301 2021-01-02 18:28 usr/lib64/ruby/gems/3.0.0/doc/rchardet-1.8.0/ri/CharDet/MultiByteCharSetProber/get_confidence-i.ri
-rw-r--r-- root/root       280 2021-01-02 18:28 usr/lib64/ruby/gems/3.0.0/doc/rchardet-1.8.0/ri/CharDet/MultiByteCharSetProber/new-c.ri
-rw-r--r-- root/root       283 2021-01-02 18:28 usr/lib64/ruby/gems/3.0.0/doc/rchardet-1.8.0/ri/CharDet/MultiByteCharSetProber/reset-i.ri
drwxr-xr-x root/root         0 2021-01-02 18:28 usr/lib64/ruby/gems/3.0.0/doc/rchardet-1.8.0/ri/CharDet/SBCSGroupProber/
-rw-r--r-- root/root       492 2021-01-02 18:28 usr/lib64/ruby/gems/3.0.0/doc/rchardet-1.8.0/ri/CharDet/SBCSGroupProber/cdesc-SBCSGroupProber.ri
-rw-r--r-- root/root       266 2021-01-02 18:28 usr/lib64/ruby/gems/3.0.0/doc/rchardet-1.8.0/ri/CharDet/SBCSGroupProber/new-c.ri
drwxr-xr-x root/root         0 2021-01-02 18:28 usr/lib64/ruby/gems/3.0.0/doc/rchardet-1.8.0/ri/CharDet/SJISContextAnalysis/
-rw-r--r-- root/root       493 2021-01-02 18:28 usr/lib64/ruby/gems/3.0.0/doc/rchardet-1.8.0/ri/CharDet/SJISContextAnalysis/cdesc-SJISContextAnalysis.ri
-rw-r--r-- root/root       280 2021-01-02 18:28 usr/lib64/ruby/gems/3.0.0/doc/rchardet-1.8.0/ri/CharDet/SJISContextAnalysis/get_order-i.ri
drwxr-xr-x root/root         0 2021-01-02 18:28 usr/lib64/ruby/gems/3.0.0/doc/rchardet-1.8.0/ri/CharDet/SJISDistributionAnalysis/
-rw-r--r-- root/root       538 2021-01-02 18:28 usr/lib64/ruby/gems/3.0.0/doc/rchardet-1.8.0/ri/CharDet/SJISDistributionAnalysis/cdesc-SJISDistributionAnalysis.ri
-rw-r--r-- root/root       300 2021-01-02 18:28 usr/lib64/ruby/gems/3.0.0/doc/rchardet-1.8.0/ri/CharDet/SJISDistributionAnalysis/get_order-i.ri
-rw-r--r-- root/root       285 2021-01-02 18:28 usr/lib64/ruby/gems/3.0.0/doc/rchardet-1.8.0/ri/CharDet/SJISDistributionAnalysis/new-c.ri
drwxr-xr-x root/root         0 2021-01-02 18:28 usr/lib64/ruby/gems/3.0.0/doc/rchardet-1.8.0/ri/CharDet/SJISProber/
-rw-r--r-- root/root       559 2021-01-02 18:28 usr/lib64/ruby/gems/3.0.0/doc/rchardet-1.8.0/ri/CharDet/SJISProber/cdesc-SJISProber.ri
-rw-r--r-- root/root       256 2021-01-02 18:28 usr/lib64/ruby/gems/3.0.0/doc/rchardet-1.8.0/ri/CharDet/SJISProber/feed-i.ri
-rw-r--r-- root/root       276 2021-01-02 18:28 usr/lib64/ruby/gems/3.0.0/doc/rchardet-1.8.0/ri/CharDet/SJISProber/get_charset_name-i.ri
-rw-r--r-- root/root       272 2021-01-02 18:28 usr/lib64/ruby/gems/3.0.0/doc/rchardet-1.8.0/ri/CharDet/SJISProber/get_confidence-i.ri
-rw-r--r-- root/root       251 2021-01-02 18:28 usr/lib64/ruby/gems/3.0.0/doc/rchardet-1.8.0/ri/CharDet/SJISProber/new-c.ri
-rw-r--r-- root/root       254 2021-01-02 18:28 usr/lib64/ruby/gems/3.0.0/doc/rchardet-1.8.0/ri/CharDet/SJISProber/reset-i.ri
drwxr-xr-x root/root         0 2021-01-02 18:28 usr/lib64/ruby/gems/3.0.0/doc/rchardet-1.8.0/ri/CharDet/SingleByteCharSetProber/
-rw-r--r-- root/root       640 2021-01-02 18:28 usr/lib64/ruby/gems/3.0.0/doc/rchardet-1.8.0/ri/CharDet/SingleByteCharSetProber/cdesc-SingleByteCharSetProber.ri
-rw-r--r-- root/root       287 2021-01-02 18:28 usr/lib64/ruby/gems/3.0.0/doc/rchardet-1.8.0/ri/CharDet/SingleByteCharSetProber/feed-i.ri
-rw-r--r-- root/root       307 2021-01-02 18:28 usr/lib64/ruby/gems/3.0.0/doc/rchardet-1.8.0/ri/CharDet/SingleByteCharSetProber/get_charset_name-i.ri
-rw-r--r-- root/root       303 2021-01-02 18:28 usr/lib64/ruby/gems/3.0.0/doc/rchardet-1.8.0/ri/CharDet/SingleByteCharSetProber/get_confidence-i.ri
-rw-r--r-- root/root       319 2021-01-02 18:28 usr/lib64/ruby/gems/3.0.0/doc/rchardet-1.8.0/ri/CharDet/SingleByteCharSetProber/new-c.ri
-rw-r--r-- root/root       285 2021-01-02 18:28 usr/lib64/ruby/gems/3.0.0/doc/rchardet-1.8.0/ri/CharDet/SingleByteCharSetProber/reset-i.ri
drwxr-xr-x root/root         0 2021-01-02 18:28 usr/lib64/ruby/gems/3.0.0/doc/rchardet-1.8.0/ri/CharDet/UTF8Prober/
-rw-r--r-- root/root       550 2021-01-02 18:28 usr/lib64/ruby/gems/3.0.0/doc/rchardet-1.8.0/ri/CharDet/UTF8Prober/cdesc-UTF8Prober.ri
-rw-r--r-- root/root       256 2021-01-02 18:28 usr/lib64/ruby/gems/3.0.0/doc/rchardet-1.8.0/ri/CharDet/UTF8Prober/feed-i.ri
-rw-r--r-- root/root       276 2021-01-02 18:28 usr/lib64/ruby/gems/3.0.0/doc/rchardet-1.8.0/ri/CharDet/UTF8Prober/get_charset_name-i.ri
-rw-r--r-- root/root       272 2021-01-02 18:28 usr/lib64/ruby/gems/3.0.0/doc/rchardet-1.8.0/ri/CharDet/UTF8Prober/get_confidence-i.ri
-rw-r--r-- root/root       251 2021-01-02 18:28 usr/lib64/ruby/gems/3.0.0/doc/rchardet-1.8.0/ri/CharDet/UTF8Prober/new-c.ri
-rw-r--r-- root/root       254 2021-01-02 18:28 usr/lib64/ruby/gems/3.0.0/doc/rchardet-1.8.0/ri/CharDet/UTF8Prober/reset-i.ri
drwxr-xr-x root/root         0 2021-01-02 18:28 usr/lib64/ruby/gems/3.0.0/doc/rchardet-1.8.0/ri/CharDet/UniversalDetector/
-rw-r--r-- root/root       574 2021-01-02 18:28 usr/lib64/ruby/gems/3.0.0/doc/rchardet-1.8.0/ri/CharDet/UniversalDetector/cdesc-UniversalDetector.ri
-rw-r--r-- root/root       275 2021-01-02 18:28 usr/lib64/ruby/gems/3.0.0/doc/rchardet-1.8.0/ri/CharDet/UniversalDetector/close-i.ri
-rw-r--r-- root/root       270 2021-01-02 18:28 usr/lib64/ruby/gems/3.0.0/doc/rchardet-1.8.0/ri/CharDet/UniversalDetector/done-i.ri
-rw-r--r-- root/root       277 2021-01-02 18:28 usr/lib64/ruby/gems/3.0.0/doc/rchardet-1.8.0/ri/CharDet/UniversalDetector/feed-i.ri
-rw-r--r-- root/root       272 2021-01-02 18:28 usr/lib64/ruby/gems/3.0.0/doc/rchardet-1.8.0/ri/CharDet/UniversalDetector/new-c.ri
-rw-r--r-- root/root       275 2021-01-02 18:28 usr/lib64/ruby/gems/3.0.0/doc/rchardet-1.8.0/ri/CharDet/UniversalDetector/reset-i.ri
-rw-r--r-- root/root       274 2021-01-02 18:28 usr/lib64/ruby/gems/3.0.0/doc/rchardet-1.8.0/ri/CharDet/UniversalDetector/result-i.ri
-rw-r--r-- root/root     57113 2021-01-02 18:28 usr/lib64/ruby/gems/3.0.0/doc/rchardet-1.8.0/ri/CharDet/cdesc-CharDet.ri
-rw-r--r-- root/root       236 2021-01-02 18:28 usr/lib64/ruby/gems/3.0.0/doc/rchardet-1.8.0/ri/CharDet/detect-c.ri
-rw-r--r-- root/root      4308 2021-01-02 18:28 usr/lib64/ruby/gems/3.0.0/doc/rchardet-1.8.0/ri/cache.ri
drwxr-xr-x root/root         0 2021-01-02 18:28 usr/lib64/ruby/gems/3.0.0/extensions/
drwxr-xr-x root/root         0 2021-01-02 18:28 usr/lib64/ruby/gems/3.0.0/gems/
drwxr-xr-x root/root         0 2021-01-02 18:28 usr/lib64/ruby/gems/3.0.0/gems/rchardet-1.8.0/
drwxr-xr-x root/root         0 2021-01-02 18:28 usr/lib64/ruby/gems/3.0.0/gems/rchardet-1.8.0/lib/
drwxr-xr-x root/root         0 2021-01-02 18:28 usr/lib64/ruby/gems/3.0.0/gems/rchardet-1.8.0/lib/rchardet/
-rw-r--r-- root/root      2185 2021-01-02 18:28 usr/lib64/ruby/gems/3.0.0/gems/rchardet-1.8.0/lib/rchardet.rb
-rw-r--r-- root/root     82645 2021-01-02 18:28 usr/lib64/ruby/gems/3.0.0/gems/rchardet-1.8.0/lib/rchardet/big5freq.rb
-rw-r--r-- root/root      1508 2021-01-02 18:28 usr/lib64/ruby/gems/3.0.0/gems/rchardet-1.8.0/lib/rchardet/big5prober.rb
-rw-r--r-- root/root      7933 2021-01-02 18:28 usr/lib64/ruby/gems/3.0.0/gems/rchardet-1.8.0/lib/rchardet/chardistribution.rb
-rw-r--r-- root/root      3040 2021-01-02 18:28 usr/lib64/ruby/gems/3.0.0/gems/rchardet-1.8.0/lib/rchardet/charsetgroupprober.rb
-rw-r--r-- root/root      1892 2021-01-02 18:28 usr/lib64/ruby/gems/3.0.0/gems/rchardet-1.8.0/lib/rchardet/charsetprober.rb
-rw-r--r-- root/root      2106 2021-01-02 18:28 usr/lib64/ruby/gems/3.0.0/gems/rchardet-1.8.0/lib/rchardet/codingstatemachine.rb
-rw-r--r-- root/root      1405 2021-01-02 18:28 usr/lib64/ruby/gems/3.0.0/gems/rchardet-1.8.0/lib/rchardet/constants.rb
-rw-r--r-- root/root      2673 2021-01-02 18:28 usr/lib64/ruby/gems/3.0.0/gems/rchardet-1.8.0/lib/rchardet/escprober.rb
-rw-r--r-- root/root      8071 2021-01-02 18:28 usr/lib64/ruby/gems/3.0.0/gems/rchardet-1.8.0/lib/rchardet/escsm.rb
-rw-r--r-- root/root      2789 2021-01-02 18:28 usr/lib64/ruby/gems/3.0.0/gems/rchardet-1.8.0/lib/rchardet/eucjpprober.rb
-rw-r--r-- root/root     46017 2021-01-02 18:28 usr/lib64/ruby/gems/3.0.0/gems/rchardet-1.8.0/lib/rchardet/euckrfreq.rb
-rw-r--r-- root/root      1496 2021-01-02 18:28 usr/lib64/ruby/gems/3.0.0/gems/rchardet-1.8.0/lib/rchardet/euckrprober.rb
-rw-r--r-- root/root     34922 2021-01-02 18:28 usr/lib64/ruby/gems/3.0.0/gems/rchardet-1.8.0/lib/rchardet/euctwfreq.rb
-rw-r--r-- root/root      1496 2021-01-02 18:28 usr/lib64/ruby/gems/3.0.0/gems/rchardet-1.8.0/lib/rchardet/euctwprober.rb
-rw-r--r-- root/root     36060 2021-01-02 18:28 usr/lib64/ruby/gems/3.0.0/gems/rchardet-1.8.0/lib/rchardet/gb18030freq.rb
-rw-r--r-- root/root      1501 2021-01-02 18:28 usr/lib64/ruby/gems/3.0.0/gems/rchardet-1.8.0/lib/rchardet/gb18030prober.rb
-rw-r--r-- root/root     12836 2021-01-02 18:28 usr/lib64/ruby/gems/3.0.0/gems/rchardet-1.8.0/lib/rchardet/hebrewprober.rb
-rw-r--r-- root/root     47363 2021-01-02 18:28 usr/lib64/ruby/gems/3.0.0/gems/rchardet-1.8.0/lib/rchardet/jisfreq.rb
-rw-r--r-- root/root     19745 2021-01-02 18:28 usr/lib64/ruby/gems/3.0.0/gems/rchardet-1.8.0/lib/rchardet/jpcntx.rb
-rw-r--r-- root/root     12888 2021-01-02 18:28 usr/lib64/ruby/gems/3.0.0/gems/rchardet-1.8.0/lib/rchardet/langbulgarianmodel.rb
-rw-r--r-- root/root     17950 2021-01-02 18:28 usr/lib64/ruby/gems/3.0.0/gems/rchardet-1.8.0/lib/rchardet/langcyrillicmodel.rb
-rw-r--r-- root/root     13401 2021-01-02 18:28 usr/lib64/ruby/gems/3.0.0/gems/rchardet-1.8.0/lib/rchardet/langgreekmodel.rb
-rw-r--r-- root/root     11393 2021-01-02 18:28 usr/lib64/ruby/gems/3.0.0/gems/rchardet-1.8.0/lib/rchardet/langhebrewmodel.rb
-rw-r--r-- root/root     12641 2021-01-02 18:28 usr/lib64/ruby/gems/3.0.0/gems/rchardet-1.8.0/lib/rchardet/langhungarianmodel.rb
-rw-r--r-- root/root     11351 2021-01-02 18:28 usr/lib64/ruby/gems/3.0.0/gems/rchardet-1.8.0/lib/rchardet/langthaimodel.rb
-rw-r--r-- root/root      5074 2021-01-02 18:28 usr/lib64/ruby/gems/3.0.0/gems/rchardet-1.8.0/lib/rchardet/latin1prober.rb
-rw-r--r-- root/root      2722 2021-01-02 18:28 usr/lib64/ruby/gems/3.0.0/gems/rchardet-1.8.0/lib/rchardet/mbcharsetprober.rb
-rw-r--r-- root/root      1696 2021-01-02 18:28 usr/lib64/ruby/gems/3.0.0/gems/rchardet-1.8.0/lib/rchardet/mbcsgroupprober.rb
-rw-r--r-- root/root     18235 2021-01-02 18:28 usr/lib64/ruby/gems/3.0.0/gems/rchardet-1.8.0/lib/rchardet/mbcssm.rb
-rw-r--r-- root/root      3970 2021-01-02 18:28 usr/lib64/ruby/gems/3.0.0/gems/rchardet-1.8.0/lib/rchardet/sbcharsetprober.rb
-rw-r--r-- root/root      2683 2021-01-02 18:28 usr/lib64/ruby/gems/3.0.0/gems/rchardet-1.8.0/lib/rchardet/sbcsgroupprober.rb
-rw-r--r-- root/root      2816 2021-01-02 18:28 usr/lib64/ruby/gems/3.0.0/gems/rchardet-1.8.0/lib/rchardet/sjisprober.rb
-rw-r--r-- root/root      6335 2021-01-02 18:28 usr/lib64/ruby/gems/3.0.0/gems/rchardet-1.8.0/lib/rchardet/universaldetector.rb
-rw-r--r-- root/root      2356 2021-01-02 18:28 usr/lib64/ruby/gems/3.0.0/gems/rchardet-1.8.0/lib/rchardet/utf8prober.rb
-rw-r--r-- root/root        39 2021-01-02 18:28 usr/lib64/ruby/gems/3.0.0/gems/rchardet-1.8.0/lib/rchardet/version.rb
drwxr-xr-x root/root         0 2021-01-02 18:28 usr/lib64/ruby/gems/3.0.0/plugins/
drwxr-xr-x root/root         0 2021-01-02 18:28 usr/lib64/ruby/gems/3.0.0/specifications/
-rw-r--r-- root/root       836 2021-01-02 18:28 usr/lib64/ruby/gems/3.0.0/specifications/rchardet-1.8.0.gemspec


