++========================================
||
||   Package:  ./pynvim/pynvim-0.4.3-x86_64-1cf.txz
||
++========================================
drwxr-xr-x root/root         0 2021-02-26 10:16 ./
drwxr-xr-x root/root         0 2021-02-26 10:16 install/
-rw-r--r-- root/root       793 2021-02-26 10:16 install/slack-desc
drwxr-xr-x root/root         0 2021-02-26 10:16 usr/
drwxr-xr-x root/root         0 2021-02-26 10:16 usr/doc/
drwxr-xr-x root/root         0 2021-02-26 10:16 usr/doc/pynvim-0.4.3/
-rw-r--r-- root/root     11310 2014-09-16 10:43 usr/doc/pynvim-0.4.3/LICENSE
-rw-r--r-- root/root      4946 2021-02-25 16:16 usr/doc/pynvim-0.4.3/README.md
-rw-r--r-- root/root      3167 2021-02-26 10:16 usr/doc/pynvim-0.4.3/pynvim.SlackBuild
drwxr-xr-x root/root         0 2021-02-26 10:16 usr/lib64/
drwxr-xr-x root/root         0 2021-02-26 10:16 usr/lib64/python3.9/
drwxr-xr-x root/root         0 2021-02-26 10:16 usr/lib64/python3.9/site-packages/
drwxr-xr-x root/root         0 2021-02-26 10:16 usr/lib64/python3.9/site-packages/neovim/
-rw-r--r-- root/root       174 2018-12-05 13:50 usr/lib64/python3.9/site-packages/neovim/__init__.py
drwxr-xr-x root/root         0 2021-02-26 10:16 usr/lib64/python3.9/site-packages/neovim/__pycache__/
-rw-r--r-- root/root       317 2021-02-26 10:16 usr/lib64/python3.9/site-packages/neovim/__pycache__/__init__.cpython-39.pyc
drwxr-xr-x root/root         0 2021-02-26 10:16 usr/lib64/python3.9/site-packages/neovim/api/
-rw-r--r-- root/root       177 2018-12-05 13:50 usr/lib64/python3.9/site-packages/neovim/api/__init__.py
drwxr-xr-x root/root         0 2021-02-26 10:16 usr/lib64/python3.9/site-packages/neovim/api/__pycache__/
-rw-r--r-- root/root       342 2021-02-26 10:16 usr/lib64/python3.9/site-packages/neovim/api/__pycache__/__init__.cpython-39.pyc
drwxr-xr-x root/root         0 2021-02-26 10:16 usr/lib64/python3.9/site-packages/pynvim/
drwxr-xr-x root/root         0 2021-02-26 10:16 usr/lib64/python3.9/site-packages/pynvim-0.4.3-py3.9.egg-info/
-rw-r--r-- root/root       351 2021-02-26 10:16 usr/lib64/python3.9/site-packages/pynvim-0.4.3-py3.9.egg-info/PKG-INFO
-rw-r--r-- root/root      1548 2021-02-26 10:16 usr/lib64/python3.9/site-packages/pynvim-0.4.3-py3.9.egg-info/SOURCES.txt
-rw-r--r-- root/root         1 2021-02-26 10:16 usr/lib64/python3.9/site-packages/pynvim-0.4.3-py3.9.egg-info/dependency_links.txt
-rw-r--r-- root/root         1 2018-03-04 16:54 usr/lib64/python3.9/site-packages/pynvim-0.4.3-py3.9.egg-info/not-zip-safe
-rw-r--r-- root/root        66 2021-02-26 10:16 usr/lib64/python3.9/site-packages/pynvim-0.4.3-py3.9.egg-info/requires.txt
-rw-r--r-- root/root        14 2021-02-26 10:16 usr/lib64/python3.9/site-packages/pynvim-0.4.3-py3.9.egg-info/top_level.txt
-rw-r--r-- root/root      5573 2021-02-25 16:16 usr/lib64/python3.9/site-packages/pynvim/__init__.py
drwxr-xr-x root/root         0 2021-02-26 10:16 usr/lib64/python3.9/site-packages/pynvim/__pycache__/
-rw-r--r-- root/root      4920 2021-02-26 10:16 usr/lib64/python3.9/site-packages/pynvim/__pycache__/__init__.cpython-39.pyc
-rw-r--r-- root/root      1428 2021-02-26 10:16 usr/lib64/python3.9/site-packages/pynvim/__pycache__/compat.cpython-39.pyc
-rw-r--r-- root/root      1967 2021-02-26 10:16 usr/lib64/python3.9/site-packages/pynvim/__pycache__/util.cpython-39.pyc
drwxr-xr-x root/root         0 2021-02-26 10:16 usr/lib64/python3.9/site-packages/pynvim/api/
-rw-r--r-- root/root       429 2021-02-25 16:16 usr/lib64/python3.9/site-packages/pynvim/api/__init__.py
drwxr-xr-x root/root         0 2021-02-26 10:16 usr/lib64/python3.9/site-packages/pynvim/api/__pycache__/
-rw-r--r-- root/root       608 2021-02-26 10:16 usr/lib64/python3.9/site-packages/pynvim/api/__pycache__/__init__.cpython-39.pyc
-rw-r--r-- root/root      7630 2021-02-26 10:16 usr/lib64/python3.9/site-packages/pynvim/api/__pycache__/buffer.cpython-39.pyc
-rw-r--r-- root/root      8016 2021-02-26 10:16 usr/lib64/python3.9/site-packages/pynvim/api/__pycache__/common.cpython-39.pyc
-rw-r--r-- root/root     21663 2021-02-26 10:16 usr/lib64/python3.9/site-packages/pynvim/api/__pycache__/nvim.cpython-39.pyc
-rw-r--r-- root/root      1537 2021-02-26 10:16 usr/lib64/python3.9/site-packages/pynvim/api/__pycache__/tabpage.cpython-39.pyc
-rw-r--r-- root/root      2673 2021-02-26 10:16 usr/lib64/python3.9/site-packages/pynvim/api/__pycache__/window.cpython-39.pyc
-rw-r--r-- root/root      7205 2021-02-25 16:16 usr/lib64/python3.9/site-packages/pynvim/api/buffer.py
-rw-r--r-- root/root      6631 2021-02-25 16:16 usr/lib64/python3.9/site-packages/pynvim/api/common.py
-rw-r--r-- root/root     20017 2021-02-25 16:16 usr/lib64/python3.9/site-packages/pynvim/api/nvim.py
-rw-r--r-- root/root      1016 2021-02-25 16:16 usr/lib64/python3.9/site-packages/pynvim/api/tabpage.py
-rw-r--r-- root/root      1983 2021-02-25 16:16 usr/lib64/python3.9/site-packages/pynvim/api/window.py
-rw-r--r-- root/root      1666 2021-02-25 16:16 usr/lib64/python3.9/site-packages/pynvim/compat.py
drwxr-xr-x root/root         0 2021-02-26 10:16 usr/lib64/python3.9/site-packages/pynvim/msgpack_rpc/
-rw-r--r-- root/root      1499 2021-02-25 16:16 usr/lib64/python3.9/site-packages/pynvim/msgpack_rpc/__init__.py
drwxr-xr-x root/root         0 2021-02-26 10:16 usr/lib64/python3.9/site-packages/pynvim/msgpack_rpc/__pycache__/
-rw-r--r-- root/root      1870 2021-02-26 10:16 usr/lib64/python3.9/site-packages/pynvim/msgpack_rpc/__pycache__/__init__.cpython-39.pyc
-rw-r--r-- root/root      5170 2021-02-26 10:16 usr/lib64/python3.9/site-packages/pynvim/msgpack_rpc/__pycache__/async_session.cpython-39.pyc
-rw-r--r-- root/root      2599 2021-02-26 10:16 usr/lib64/python3.9/site-packages/pynvim/msgpack_rpc/__pycache__/msgpack_stream.cpython-39.pyc
-rw-r--r-- root/root      8684 2021-02-26 10:16 usr/lib64/python3.9/site-packages/pynvim/msgpack_rpc/__pycache__/session.cpython-39.pyc
-rw-r--r-- root/root      4763 2020-01-28 23:39 usr/lib64/python3.9/site-packages/pynvim/msgpack_rpc/async_session.py
drwxr-xr-x root/root         0 2021-02-26 10:16 usr/lib64/python3.9/site-packages/pynvim/msgpack_rpc/event_loop/
-rw-r--r-- root/root       804 2021-02-25 16:16 usr/lib64/python3.9/site-packages/pynvim/msgpack_rpc/event_loop/__init__.py
drwxr-xr-x root/root         0 2021-02-26 10:16 usr/lib64/python3.9/site-packages/pynvim/msgpack_rpc/event_loop/__pycache__/
-rw-r--r-- root/root       602 2021-02-26 10:16 usr/lib64/python3.9/site-packages/pynvim/msgpack_rpc/event_loop/__pycache__/__init__.cpython-39.pyc
-rw-r--r-- root/root      6342 2021-02-26 10:16 usr/lib64/python3.9/site-packages/pynvim/msgpack_rpc/event_loop/__pycache__/asyncio.cpython-39.pyc
-rw-r--r-- root/root      7297 2021-02-26 10:16 usr/lib64/python3.9/site-packages/pynvim/msgpack_rpc/event_loop/__pycache__/base.cpython-39.pyc
-rw-r--r-- root/root      5053 2021-02-26 10:16 usr/lib64/python3.9/site-packages/pynvim/msgpack_rpc/event_loop/__pycache__/uv.cpython-39.pyc
-rw-r--r-- root/root      5505 2021-02-25 16:16 usr/lib64/python3.9/site-packages/pynvim/msgpack_rpc/event_loop/asyncio.py
-rw-r--r-- root/root      6966 2021-02-25 16:16 usr/lib64/python3.9/site-packages/pynvim/msgpack_rpc/event_loop/base.py
-rw-r--r-- root/root      4059 2021-02-25 16:16 usr/lib64/python3.9/site-packages/pynvim/msgpack_rpc/event_loop/uv.py
-rw-r--r-- root/root      2006 2021-02-25 16:16 usr/lib64/python3.9/site-packages/pynvim/msgpack_rpc/msgpack_stream.py
-rw-r--r-- root/root      8472 2021-02-25 16:16 usr/lib64/python3.9/site-packages/pynvim/msgpack_rpc/session.py
drwxr-xr-x root/root         0 2021-02-26 10:16 usr/lib64/python3.9/site-packages/pynvim/plugin/
-rw-r--r-- root/root       358 2021-02-25 16:16 usr/lib64/python3.9/site-packages/pynvim/plugin/__init__.py
drwxr-xr-x root/root         0 2021-02-26 10:16 usr/lib64/python3.9/site-packages/pynvim/plugin/__pycache__/
-rw-r--r-- root/root       496 2021-02-26 10:16 usr/lib64/python3.9/site-packages/pynvim/plugin/__pycache__/__init__.cpython-39.pyc
-rw-r--r-- root/root      4123 2021-02-26 10:16 usr/lib64/python3.9/site-packages/pynvim/plugin/__pycache__/decorators.cpython-39.pyc
-rw-r--r-- root/root      8099 2021-02-26 10:16 usr/lib64/python3.9/site-packages/pynvim/plugin/__pycache__/host.cpython-39.pyc
-rw-r--r-- root/root      8861 2021-02-26 10:16 usr/lib64/python3.9/site-packages/pynvim/plugin/__pycache__/script_host.cpython-39.pyc
-rw-r--r-- root/root      4627 2021-02-25 16:16 usr/lib64/python3.9/site-packages/pynvim/plugin/decorators.py
-rw-r--r-- root/root     10359 2021-02-25 16:16 usr/lib64/python3.9/site-packages/pynvim/plugin/host.py
-rw-r--r-- root/root      9308 2021-02-25 16:16 usr/lib64/python3.9/site-packages/pynvim/plugin/script_host.py
-rw-r--r-- root/root      1336 2021-02-25 16:18 usr/lib64/python3.9/site-packages/pynvim/util.py


