++========================================
||
||   Package:  ./dpkg/dpkg-1.21.9-x86_64-1cf.txz
||
++========================================
drwxr-xr-x root/root         0 2022-07-02 10:35 ./
drwxr-xr-x root/root         0 2022-07-02 10:35 etc/
drwxr-xr-x root/root         0 2022-07-02 10:35 etc/dpkg/
drwxr-xr-x root/root         0 2022-07-02 10:35 etc/dpkg/dpkg.cfg.d/
drwxr-xr-x root/root         0 2022-07-02 10:35 etc/dpkg/dselect.cfg.d/
drwxr-xr-x root/root         0 2022-07-02 10:35 install/
-rw-r--r-- root/root       922 2022-07-02 10:35 install/slack-desc
drwxr-xr-x root/root         0 2022-07-02 10:35 usr/
drwxr-xr-x root/root         0 2022-07-02 10:35 usr/bin/
-rwxr-xr-x root/root    294568 2022-07-02 10:35 usr/bin/dpkg
-rwxr-xr-x root/root     13832 2022-07-02 10:35 usr/bin/dpkg-architecture
-rwxr-xr-x root/root      7565 2022-07-02 10:35 usr/bin/dpkg-buildflags
-rwxr-xr-x root/root     32366 2022-07-02 10:35 usr/bin/dpkg-buildpackage
-rwxr-xr-x root/root      7624 2022-07-02 10:35 usr/bin/dpkg-checkbuilddeps
-rwxr-xr-x root/root    151008 2022-07-02 10:35 usr/bin/dpkg-deb
-rwxr-xr-x root/root      2782 2022-07-02 10:35 usr/bin/dpkg-distaddfile
-rwxr-xr-x root/root    146800 2022-07-02 10:35 usr/bin/dpkg-divert
-rwxr-xr-x root/root     17104 2022-07-02 10:35 usr/bin/dpkg-genbuildinfo
-rwxr-xr-x root/root     17838 2022-07-02 10:35 usr/bin/dpkg-genchanges
-rwxr-xr-x root/root     14532 2022-07-02 10:35 usr/bin/dpkg-gencontrol
-rwxr-xr-x root/root     10902 2022-07-02 10:35 usr/bin/dpkg-gensymbols
-rwxr-xr-x root/root     21205 2022-07-02 10:35 usr/bin/dpkg-maintscript-helper
-rwxr-xr-x root/root      9095 2022-07-02 10:35 usr/bin/dpkg-mergechangelogs
-rwxr-xr-x root/root      6789 2022-07-02 10:35 usr/bin/dpkg-name
-rwxr-xr-x root/root      4947 2022-07-02 10:35 usr/bin/dpkg-parsechangelog
-rwxr-xr-x root/root    155016 2022-07-02 10:35 usr/bin/dpkg-query
-rwxr-xr-x root/root      4185 2022-07-02 10:35 usr/bin/dpkg-realpath
-rwxr-xr-x root/root      8703 2022-07-02 10:35 usr/bin/dpkg-scanpackages
-rwxr-xr-x root/root      9174 2022-07-02 10:35 usr/bin/dpkg-scansources
-rwxr-xr-x root/root     31700 2022-07-02 10:35 usr/bin/dpkg-shlibdeps
-rwxr-xr-x root/root     23117 2022-07-02 10:35 usr/bin/dpkg-source
-rwxr-xr-x root/root    117888 2022-07-02 10:35 usr/bin/dpkg-split
-rwxr-xr-x root/root     56120 2022-07-02 10:35 usr/bin/dpkg-statoverride
-rwxr-xr-x root/root     76872 2022-07-02 10:35 usr/bin/dpkg-trigger
-rwxr-xr-x root/root      3262 2022-07-02 10:35 usr/bin/dpkg-vendor
-rwxr-xr-x root/root    229224 2022-07-02 10:35 usr/bin/dselect
drwxr-xr-x root/root         0 2022-07-02 10:35 usr/doc/
drwxr-xr-x root/root         0 2022-07-02 10:35 usr/doc/dpkg-1.21.9/
-rw-r--r-- root/root        67 2022-07-01 11:25 usr/doc/dpkg-1.21.9/ABOUT-NLS
-rw-r--r-- root/root      1314 2022-06-18 19:57 usr/doc/dpkg-1.21.9/AUTHORS
-rw-r--r-- root/root     17987 2022-01-07 14:08 usr/doc/dpkg-1.21.9/COPYING
-rw-r--r-- root/root   4205748 2022-07-01 11:25 usr/doc/dpkg-1.21.9/ChangeLog
-rw-r--r-- root/root    641329 2022-06-18 19:57 usr/doc/dpkg-1.21.9/ChangeLog.old
-rw-r--r-- root/root        62 2022-01-07 14:02 usr/doc/dpkg-1.21.9/NEWS
-rw-r--r-- root/root      4184 2022-06-30 06:12 usr/doc/dpkg-1.21.9/README
-rw-r--r-- root/root      1550 2022-07-02 10:35 usr/doc/dpkg-1.21.9/README.api
-rw-r--r-- root/root      5757 2022-07-02 10:35 usr/doc/dpkg-1.21.9/README.feature-removal-schedule
-rw-r--r-- root/root      9007 2022-06-18 19:57 usr/doc/dpkg-1.21.9/THANKS
-rw-r--r-- root/root      5324 2022-06-18 19:57 usr/doc/dpkg-1.21.9/TODO
-rw-r--r-- root/root      4057 2022-07-02 10:35 usr/doc/dpkg-1.21.9/dpkg.SlackBuild
drwxr-xr-x root/root         0 2022-07-02 10:35 usr/doc/dpkg-1.21.9/spec/
-rw-r--r-- root/root      1094 2022-07-02 10:35 usr/doc/dpkg-1.21.9/spec/frontend-api.txt
-rw-r--r-- root/root      3164 2022-07-02 10:35 usr/doc/dpkg-1.21.9/spec/protected-field.txt
-rw-r--r-- root/root      7296 2022-07-02 10:35 usr/doc/dpkg-1.21.9/spec/rootless-builds.txt
-rw-r--r-- root/root     36616 2022-07-02 10:35 usr/doc/dpkg-1.21.9/spec/triggers.txt
drwxr-xr-x root/root         0 2022-07-02 10:35 usr/include/
drwxr-xr-x root/root         0 2022-07-02 10:35 usr/include/dpkg/
-rw-r--r-- root/root      2752 2022-07-02 10:35 usr/include/dpkg/ar.h
-rw-r--r-- root/root      1994 2022-07-02 10:35 usr/include/dpkg/arch.h
-rw-r--r-- root/root      1694 2022-07-02 10:35 usr/include/dpkg/atomic-file.h
-rw-r--r-- root/root      3179 2022-07-02 10:35 usr/include/dpkg/buffer.h
-rw-r--r-- root/root      2521 2022-07-02 10:35 usr/include/dpkg/c-ctype.h
-rw-r--r-- root/root      2200 2022-07-02 10:35 usr/include/dpkg/color.h
-rw-r--r-- root/root      1818 2022-07-02 10:35 usr/include/dpkg/command.h
-rw-r--r-- root/root      2455 2022-07-02 10:35 usr/include/dpkg/compress.h
-rw-r--r-- root/root      1846 2022-07-02 10:35 usr/include/dpkg/db-ctrl.h
-rw-r--r-- root/root      2898 2022-07-02 10:35 usr/include/dpkg/db-fsys.h
-rw-r--r-- root/root      1498 2022-07-02 10:35 usr/include/dpkg/deb-version.h
-rw-r--r-- root/root      1684 2022-07-02 10:35 usr/include/dpkg/debug.h
-rw-r--r-- root/root      1292 2022-07-02 10:35 usr/include/dpkg/dir.h
-rw-r--r-- root/root     13760 2022-07-02 10:35 usr/include/dpkg/dpkg-db.h
-rw-r--r-- root/root      4958 2022-07-02 10:35 usr/include/dpkg/dpkg.h
-rw-r--r-- root/root      2757 2022-07-02 10:35 usr/include/dpkg/ehandle.h
-rw-r--r-- root/root      1838 2022-07-02 10:35 usr/include/dpkg/error.h
-rw-r--r-- root/root      1220 2022-07-02 10:35 usr/include/dpkg/fdio.h
-rw-r--r-- root/root      1867 2022-07-02 10:35 usr/include/dpkg/file.h
-rw-r--r-- root/root      6337 2022-07-02 10:35 usr/include/dpkg/fsys.h
-rw-r--r-- root/root      1188 2022-07-02 10:35 usr/include/dpkg/glob.h
-rw-r--r-- root/root      4242 2022-07-02 10:35 usr/include/dpkg/macros.h
-rw-r--r-- root/root      1422 2022-07-02 10:35 usr/include/dpkg/namevalue.h
-rw-r--r-- root/root      2631 2022-07-02 10:35 usr/include/dpkg/options.h
-rw-r--r-- root/root      1208 2022-07-02 10:35 usr/include/dpkg/pager.h
-rw-r--r-- root/root      4978 2022-07-02 10:35 usr/include/dpkg/parsedump.h
-rw-r--r-- root/root      1533 2022-07-02 10:35 usr/include/dpkg/path.h
-rw-r--r-- root/root      1812 2022-07-02 10:35 usr/include/dpkg/pkg-array.h
-rw-r--r-- root/root      1280 2022-07-02 10:35 usr/include/dpkg/pkg-files.h
-rw-r--r-- root/root      1653 2022-07-02 10:35 usr/include/dpkg/pkg-format.h
-rw-r--r-- root/root      1306 2022-07-02 10:35 usr/include/dpkg/pkg-list.h
-rw-r--r-- root/root      1645 2022-07-02 10:35 usr/include/dpkg/pkg-queue.h
-rw-r--r-- root/root      1490 2022-07-02 10:35 usr/include/dpkg/pkg-show.h
-rw-r--r-- root/root      2625 2022-07-02 10:35 usr/include/dpkg/pkg-spec.h
-rw-r--r-- root/root      1549 2022-07-02 10:35 usr/include/dpkg/pkg.h
-rw-r--r-- root/root      1098 2022-07-02 10:35 usr/include/dpkg/progname.h
-rw-r--r-- root/root      1080 2022-07-02 10:35 usr/include/dpkg/program.h
-rw-r--r-- root/root      1299 2022-07-02 10:35 usr/include/dpkg/progress.h
-rw-r--r-- root/root      1676 2022-07-02 10:35 usr/include/dpkg/report.h
-rw-r--r-- root/root      1932 2022-07-02 10:35 usr/include/dpkg/string.h
-rw-r--r-- root/root      1795 2022-07-02 10:35 usr/include/dpkg/subproc.h
-rw-r--r-- root/root      3076 2022-07-02 10:35 usr/include/dpkg/tarfn.h
-rw-r--r-- root/root      2272 2022-07-02 10:35 usr/include/dpkg/treewalk.h
-rw-r--r-- root/root      2015 2022-07-02 10:35 usr/include/dpkg/trigdeferred.h
-rw-r--r-- root/root      4523 2022-07-02 10:35 usr/include/dpkg/triglib.h
-rw-r--r-- root/root      4194 2022-07-02 10:35 usr/include/dpkg/varbuf.h
-rw-r--r-- root/root      2712 2022-07-02 10:35 usr/include/dpkg/version.h
drwxr-xr-x root/root         0 2022-07-02 10:35 usr/lib64/
-rw-r--r-- root/root    462010 2022-07-02 10:35 usr/lib64/libdpkg.a
drwxr-xr-x root/root         0 2022-07-02 10:35 usr/lib64/pkgconfig/
-rw-r--r-- root/root       247 2022-07-02 10:35 usr/lib64/pkgconfig/libdpkg.pc
drwxr-xr-x root/root         0 2022-07-02 10:35 usr/libexec/
drwxr-xr-x root/root         0 2022-07-02 10:35 usr/libexec/dpkg/
-rwxr-xr-x root/root      2569 2022-07-02 10:35 usr/libexec/dpkg/dpkg-db-backup
drwxr-xr-x root/root         0 2022-07-02 10:35 usr/libexec/dpkg/methods/
drwxr-xr-x root/root         0 2022-07-02 10:35 usr/libexec/dpkg/methods/file/
-rw-r--r-- root/root       372 2022-07-02 10:35 usr/libexec/dpkg/methods/file/desc.file
-rwxr-xr-x root/root      3589 2022-07-02 10:35 usr/libexec/dpkg/methods/file/install
-rw-r--r-- root/root        52 2022-07-02 10:35 usr/libexec/dpkg/methods/file/names
-rwxr-xr-x root/root      8111 2022-07-02 10:35 usr/libexec/dpkg/methods/file/setup
-rwxr-xr-x root/root      2103 2022-07-02 10:35 usr/libexec/dpkg/methods/file/update
drwxr-xr-x root/root         0 2022-07-02 10:35 usr/libexec/dpkg/methods/ftp/
-rw-r--r-- root/root       121 2022-07-02 10:35 usr/libexec/dpkg/methods/ftp/desc.ftp
-rwxr-xr-x root/root     17200 2022-07-02 10:35 usr/libexec/dpkg/methods/ftp/install
-rw-r--r-- root/root        26 2022-07-02 10:35 usr/libexec/dpkg/methods/ftp/names
-rwxr-xr-x root/root      4460 2022-07-02 10:35 usr/libexec/dpkg/methods/ftp/setup
-rwxr-xr-x root/root      6934 2022-07-02 10:35 usr/libexec/dpkg/methods/ftp/update
drwxr-xr-x root/root         0 2022-07-02 10:35 usr/libexec/dpkg/methods/media/
-rw-r--r-- root/root       169 2022-07-02 10:35 usr/libexec/dpkg/methods/media/desc.media
-rwxr-xr-x root/root      7975 2022-07-02 10:35 usr/libexec/dpkg/methods/media/install
-rw-r--r-- root/root        58 2022-07-02 10:35 usr/libexec/dpkg/methods/media/names
-rwxr-xr-x root/root     13705 2022-07-02 10:35 usr/libexec/dpkg/methods/media/setup
-rwxr-xr-x root/root      2725 2022-07-02 10:35 usr/libexec/dpkg/methods/media/update
drwxr-xr-x root/root         0 2022-07-02 10:35 usr/man/
drwxr-xr-x root/root         0 2022-07-02 10:35 usr/man/man1/
-rw-r--r-- root/root      5695 2022-07-02 10:35 usr/man/man1/dpkg-architecture.1.gz
-rw-r--r-- root/root      9317 2022-07-02 10:35 usr/man/man1/dpkg-buildflags.1.gz
-rw-r--r-- root/root      8221 2022-07-02 10:35 usr/man/man1/dpkg-buildpackage.1.gz
-rw-r--r-- root/root      2255 2022-07-02 10:35 usr/man/man1/dpkg-checkbuilddeps.1.gz
-rw-r--r-- root/root      5175 2022-07-02 10:35 usr/man/man1/dpkg-deb.1.gz
-rw-r--r-- root/root      1809 2022-07-02 10:35 usr/man/man1/dpkg-distaddfile.1.gz
-rw-r--r-- root/root      3530 2022-07-02 10:35 usr/man/man1/dpkg-divert.1.gz
-rw-r--r-- root/root      2897 2022-07-02 10:35 usr/man/man1/dpkg-genbuildinfo.1.gz
-rw-r--r-- root/root      3089 2022-07-02 10:35 usr/man/man1/dpkg-genchanges.1.gz
-rw-r--r-- root/root      3081 2022-07-02 10:35 usr/man/man1/dpkg-gencontrol.1.gz
-rw-r--r-- root/root      4957 2022-07-02 10:35 usr/man/man1/dpkg-gensymbols.1.gz
-rw-r--r-- root/root      4980 2022-07-02 10:35 usr/man/man1/dpkg-maintscript-helper.1.gz
-rw-r--r-- root/root      2564 2022-07-02 10:35 usr/man/man1/dpkg-mergechangelogs.1.gz
-rw-r--r-- root/root      2735 2022-07-02 10:35 usr/man/man1/dpkg-name.1.gz
-rw-r--r-- root/root      4130 2022-07-02 10:35 usr/man/man1/dpkg-parsechangelog.1.gz
-rw-r--r-- root/root      6363 2022-07-02 10:35 usr/man/man1/dpkg-query.1.gz
-rw-r--r-- root/root      1918 2022-07-02 10:35 usr/man/man1/dpkg-realpath.1.gz
-rw-r--r-- root/root      2753 2022-07-02 10:35 usr/man/man1/dpkg-scanpackages.1.gz
-rw-r--r-- root/root      2434 2022-07-02 10:35 usr/man/man1/dpkg-scansources.1.gz
-rw-r--r-- root/root      6748 2022-07-02 10:35 usr/man/man1/dpkg-shlibdeps.1.gz
-rw-r--r-- root/root     13207 2022-07-02 10:35 usr/man/man1/dpkg-source.1.gz
-rw-r--r-- root/root      3917 2022-07-02 10:35 usr/man/man1/dpkg-split.1.gz
-rw-r--r-- root/root      3354 2022-07-02 10:35 usr/man/man1/dpkg-statoverride.1.gz
-rw-r--r-- root/root      2628 2022-07-02 10:35 usr/man/man1/dpkg-trigger.1.gz
-rw-r--r-- root/root      1859 2022-07-02 10:35 usr/man/man1/dpkg-vendor.1.gz
-rw-r--r-- root/root     16735 2022-07-02 10:35 usr/man/man1/dpkg.1.gz
-rw-r--r-- root/root      8461 2022-07-02 10:35 usr/man/man1/dselect.1.gz
drwxr-xr-x root/root         0 2022-07-02 10:35 usr/man/man3/
-rw-r--r-- root/root      2915 2022-07-02 10:35 usr/man/man3/Dpkg.3perl.gz
-rw-r--r-- root/root      2298 2022-07-02 10:35 usr/man/man3/Dpkg::Arch.3perl.gz
-rw-r--r-- root/root      1489 2022-07-02 10:35 usr/man/man3/Dpkg::Build::Env.3perl.gz
-rw-r--r-- root/root      1460 2022-07-02 10:35 usr/man/man3/Dpkg::Build::Info.3perl.gz
-rw-r--r-- root/root      1891 2022-07-02 10:35 usr/man/man3/Dpkg::Build::Types.3perl.gz
-rw-r--r-- root/root      2796 2022-07-02 10:35 usr/man/man3/Dpkg::BuildFlags.3perl.gz
-rw-r--r-- root/root      2484 2022-07-02 10:35 usr/man/man3/Dpkg::BuildOptions.3perl.gz
-rw-r--r-- root/root      1580 2022-07-02 10:35 usr/man/man3/Dpkg::BuildProfiles.3perl.gz
-rw-r--r-- root/root      4058 2022-07-02 10:35 usr/man/man3/Dpkg::Changelog.3perl.gz
-rw-r--r-- root/root      1779 2022-07-02 10:35 usr/man/man3/Dpkg::Changelog::Debian.3perl.gz
-rw-r--r-- root/root      2529 2022-07-02 10:35 usr/man/man3/Dpkg::Changelog::Entry.3perl.gz
-rw-r--r-- root/root      2606 2022-07-02 10:35 usr/man/man3/Dpkg::Changelog::Entry::Debian.3perl.gz
-rw-r--r-- root/root      2158 2022-07-02 10:35 usr/man/man3/Dpkg::Changelog::Parse.3perl.gz
-rw-r--r-- root/root      3175 2022-07-02 10:35 usr/man/man3/Dpkg::Checksums.3perl.gz
-rw-r--r-- root/root      2196 2022-07-02 10:35 usr/man/man3/Dpkg::Compression.3perl.gz
-rw-r--r-- root/root      3285 2022-07-02 10:35 usr/man/man3/Dpkg::Compression::FileHandle.3perl.gz
-rw-r--r-- root/root      2148 2022-07-02 10:35 usr/man/man3/Dpkg::Compression::Process.3perl.gz
-rw-r--r-- root/root      2163 2022-07-02 10:35 usr/man/man3/Dpkg::Conf.3perl.gz
-rw-r--r-- root/root      2503 2022-07-02 10:35 usr/man/man3/Dpkg::Control.3perl.gz
-rw-r--r-- root/root      1376 2022-07-02 10:35 usr/man/man3/Dpkg::Control::Changelog.3perl.gz
-rw-r--r-- root/root      1342 2022-07-02 10:35 usr/man/man3/Dpkg::Control::Fields.3perl.gz
-rw-r--r-- root/root      3158 2022-07-02 10:35 usr/man/man3/Dpkg::Control::FieldsCore.3perl.gz
-rw-r--r-- root/root      1271 2022-07-02 10:35 usr/man/man3/Dpkg::Control::Hash.3perl.gz
-rw-r--r-- root/root      3077 2022-07-02 10:35 usr/man/man3/Dpkg::Control::HashCore.3perl.gz
-rw-r--r-- root/root      2134 2022-07-02 10:35 usr/man/man3/Dpkg::Control::Info.3perl.gz
-rw-r--r-- root/root      1482 2022-07-02 10:35 usr/man/man3/Dpkg::Control::Tests.3perl.gz
-rw-r--r-- root/root      1553 2022-07-02 10:35 usr/man/man3/Dpkg::Control::Tests::Entry.3perl.gz
-rw-r--r-- root/root      1331 2022-07-02 10:35 usr/man/man3/Dpkg::Control::Types.3perl.gz
-rw-r--r-- root/root      3422 2022-07-02 10:35 usr/man/man3/Dpkg::Deps.3perl.gz
-rw-r--r-- root/root      1708 2022-07-02 10:35 usr/man/man3/Dpkg::Deps::AND.3perl.gz
-rw-r--r-- root/root      1904 2022-07-02 10:35 usr/man/man3/Dpkg::Deps::KnownFacts.3perl.gz
-rw-r--r-- root/root      2021 2022-07-02 10:35 usr/man/man3/Dpkg::Deps::Multiple.3perl.gz
-rw-r--r-- root/root      1718 2022-07-02 10:35 usr/man/man3/Dpkg::Deps::OR.3perl.gz
-rw-r--r-- root/root      3064 2022-07-02 10:35 usr/man/man3/Dpkg::Deps::Simple.3perl.gz
-rw-r--r-- root/root      1510 2022-07-02 10:35 usr/man/man3/Dpkg::Deps::Union.3perl.gz
-rw-r--r-- root/root      1431 2022-07-02 10:35 usr/man/man3/Dpkg::Exit.3perl.gz
-rw-r--r-- root/root      2303 2022-07-02 10:35 usr/man/man3/Dpkg::Gettext.3perl.gz
-rw-r--r-- root/root      2782 2022-07-02 10:35 usr/man/man3/Dpkg::IPC.3perl.gz
-rw-r--r-- root/root      3252 2022-07-02 10:35 usr/man/man3/Dpkg::Index.3perl.gz
-rw-r--r-- root/root      1971 2022-07-02 10:35 usr/man/man3/Dpkg::Interface::Storable.3perl.gz
-rw-r--r-- root/root      2517 2022-07-02 10:35 usr/man/man3/Dpkg::Path.3perl.gz
-rw-r--r-- root/root      2009 2022-07-02 10:35 usr/man/man3/Dpkg::Source::Format.3perl.gz
-rw-r--r-- root/root      2924 2022-07-02 10:35 usr/man/man3/Dpkg::Source::Package.3perl.gz
-rw-r--r-- root/root      2947 2022-07-02 10:35 usr/man/man3/Dpkg::Substvars.3perl.gz
-rw-r--r-- root/root      2190 2022-07-02 10:35 usr/man/man3/Dpkg::Vendor.3perl.gz
-rw-r--r-- root/root      1244 2022-07-02 10:35 usr/man/man3/Dpkg::Vendor::Debian.3perl.gz
-rw-r--r-- root/root      2998 2022-07-02 10:35 usr/man/man3/Dpkg::Vendor::Default.3perl.gz
-rw-r--r-- root/root      1465 2022-07-02 10:35 usr/man/man3/Dpkg::Vendor::Ubuntu.3perl.gz
-rw-r--r-- root/root      3631 2022-07-02 10:35 usr/man/man3/Dpkg::Version.3perl.gz
drwxr-xr-x root/root         0 2022-07-02 10:35 usr/man/man5/
-rw-r--r-- root/root      4300 2022-07-02 10:35 usr/man/man5/deb-buildinfo.5.gz
-rw-r--r-- root/root      3771 2022-07-02 10:35 usr/man/man5/deb-changelog.5.gz
-rw-r--r-- root/root      3747 2022-07-02 10:35 usr/man/man5/deb-changes.5.gz
-rw-r--r-- root/root      1662 2022-07-02 10:35 usr/man/man5/deb-conffiles.5.gz
-rw-r--r-- root/root      6820 2022-07-02 10:35 usr/man/man5/deb-control.5.gz
-rw-r--r-- root/root      1555 2022-07-02 10:35 usr/man/man5/deb-extra-override.5.gz
-rw-r--r-- root/root      1742 2022-07-02 10:35 usr/man/man5/deb-md5sums.5.gz
-rw-r--r-- root/root      1772 2022-07-02 10:35 usr/man/man5/deb-old.5.gz
-rw-r--r-- root/root      1881 2022-07-02 10:35 usr/man/man5/deb-origin.5.gz
-rw-r--r-- root/root      1665 2022-07-02 10:35 usr/man/man5/deb-override.5.gz
-rw-r--r-- root/root      1671 2022-07-02 10:35 usr/man/man5/deb-postinst.5.gz
-rw-r--r-- root/root      1607 2022-07-02 10:35 usr/man/man5/deb-postrm.5.gz
-rw-r--r-- root/root      1492 2022-07-02 10:35 usr/man/man5/deb-preinst.5.gz
-rw-r--r-- root/root      1587 2022-07-02 10:35 usr/man/man5/deb-prerm.5.gz
-rw-r--r-- root/root      1860 2022-07-02 10:35 usr/man/man5/deb-shlibs.5.gz
-rw-r--r-- root/root      1957 2022-07-02 10:35 usr/man/man5/deb-split.5.gz
-rw-r--r-- root/root      7402 2022-07-02 10:35 usr/man/man5/deb-src-control.5.gz
-rw-r--r-- root/root      1578 2022-07-02 10:35 usr/man/man5/deb-src-files.5.gz
-rw-r--r-- root/root      1764 2022-07-02 10:35 usr/man/man5/deb-src-rules.5.gz
-rw-r--r-- root/root      7114 2022-07-02 10:35 usr/man/man5/deb-src-symbols.5.gz
-rw-r--r-- root/root      3720 2022-07-02 10:35 usr/man/man5/deb-substvars.5.gz
-rw-r--r-- root/root      2550 2022-07-02 10:35 usr/man/man5/deb-symbols.5.gz
-rw-r--r-- root/root      2455 2022-07-02 10:35 usr/man/man5/deb-triggers.5.gz
-rw-r--r-- root/root      2883 2022-07-02 10:35 usr/man/man5/deb.5.gz
-rw-r--r-- root/root      2963 2022-07-02 10:35 usr/man/man5/deb822.5.gz
-rw-r--r-- root/root      1375 2022-07-02 10:35 usr/man/man5/dpkg.cfg.5.gz
-rw-r--r-- root/root      4523 2022-07-02 10:35 usr/man/man5/dsc.5.gz
-rw-r--r-- root/root      1383 2022-07-02 10:35 usr/man/man5/dselect.cfg.5.gz
drwxr-xr-x root/root         0 2022-07-02 10:35 usr/man/man7/
-rw-r--r-- root/root      2948 2022-07-02 10:35 usr/man/man7/deb-version.7.gz
drwxr-xr-x root/root         0 2022-07-02 10:35 usr/man/man8/
-rw-r--r-- root/root      2800 2022-07-02 10:35 usr/man/man8/dpkg-fsys-usrunmess.8.gz
drwxr-xr-x root/root         0 2022-07-02 10:35 usr/sbin/
-rwxr-xr-x root/root     17401 2022-07-02 10:35 usr/sbin/dpkg-fsys-usrunmess
drwxr-xr-x root/root         0 2022-07-02 10:35 usr/share/
drwxr-xr-x root/root         0 2022-07-02 10:35 usr/share/aclocal/
-rw-r--r-- root/root      2351 2022-07-02 10:35 usr/share/aclocal/dpkg-arch.m4
-rw-r--r-- root/root      3948 2022-07-02 10:35 usr/share/aclocal/dpkg-build.m4
-rw-r--r-- root/root      8215 2022-07-02 10:35 usr/share/aclocal/dpkg-compiler.m4
-rw-r--r-- root/root      1738 2022-07-02 10:35 usr/share/aclocal/dpkg-coverage.m4
-rw-r--r-- root/root      5537 2022-07-02 10:35 usr/share/aclocal/dpkg-funcs.m4
-rw-r--r-- root/root      7738 2022-07-02 10:35 usr/share/aclocal/dpkg-libs.m4
-rw-r--r-- root/root      1899 2022-07-02 10:35 usr/share/aclocal/dpkg-linker.m4
-rw-r--r-- root/root      3672 2022-07-02 10:35 usr/share/aclocal/dpkg-progs.m4
-rw-r--r-- root/root      1585 2022-07-02 10:35 usr/share/aclocal/dpkg-types.m4
-rw-r--r-- root/root       825 2022-07-02 10:35 usr/share/aclocal/dpkg-unicode.m4
drwxr-xr-x root/root         0 2022-07-02 10:35 usr/share/dpkg/
-rw-r--r-- root/root       362 2022-07-02 10:35 usr/share/dpkg/abitable
-rw-r--r-- root/root       643 2022-07-02 10:35 usr/share/dpkg/architecture.mk
-rw-r--r-- root/root      1813 2022-07-02 10:35 usr/share/dpkg/buildflags.mk
-rw-r--r-- root/root       392 2022-07-02 10:35 usr/share/dpkg/buildopts.mk
-rw-r--r-- root/root      2763 2022-07-02 10:35 usr/share/dpkg/buildtools.mk
-rw-r--r-- root/root      2108 2022-07-02 10:35 usr/share/dpkg/cputable
-rw-r--r-- root/root       362 2022-07-02 10:35 usr/share/dpkg/default.mk
-rw-r--r-- root/root        77 2022-07-02 10:35 usr/share/dpkg/no-pie-compile.specs
-rw-r--r-- root/root        65 2022-07-02 10:35 usr/share/dpkg/no-pie-link.specs
-rw-r--r-- root/root      2111 2022-07-02 10:35 usr/share/dpkg/ostable
-rw-r--r-- root/root        97 2022-07-02 10:35 usr/share/dpkg/pie-compile.specs
-rw-r--r-- root/root        76 2022-07-02 10:35 usr/share/dpkg/pie-link.specs
-rw-r--r-- root/root      1569 2022-07-02 10:35 usr/share/dpkg/pkg-info.mk
drwxr-xr-x root/root         0 2022-07-02 10:35 usr/share/dpkg/sh/
-rw-r--r-- root/root      2173 2022-07-02 10:35 usr/share/dpkg/sh/dpkg-error.sh
-rw-r--r-- root/root      2249 2022-07-02 10:35 usr/share/dpkg/tupletable
-rw-r--r-- root/root      1649 2022-07-02 10:35 usr/share/dpkg/vendor.mk
drwxr-xr-x root/root         0 2022-07-02 10:35 usr/share/locale/
drwxr-xr-x root/root         0 2022-07-02 10:35 usr/share/locale/ast/
drwxr-xr-x root/root         0 2022-07-02 10:35 usr/share/locale/ast/LC_MESSAGES/
-rw-r--r-- root/root     57991 2022-07-02 10:35 usr/share/locale/ast/LC_MESSAGES/dpkg.mo
drwxr-xr-x root/root         0 2022-07-02 10:35 usr/share/locale/bs/
drwxr-xr-x root/root         0 2022-07-02 10:35 usr/share/locale/bs/LC_MESSAGES/
-rw-r--r-- root/root       811 2022-07-02 10:35 usr/share/locale/bs/LC_MESSAGES/dpkg.mo
-rw-r--r-- root/root      3283 2022-07-02 10:35 usr/share/locale/bs/LC_MESSAGES/dselect.mo
drwxr-xr-x root/root         0 2022-07-02 10:35 usr/share/locale/ca/
drwxr-xr-x root/root         0 2022-07-02 10:35 usr/share/locale/ca/LC_MESSAGES/
-rw-r--r-- root/root    115675 2022-07-02 10:35 usr/share/locale/ca/LC_MESSAGES/dpkg-dev.mo
-rw-r--r-- root/root    175509 2022-07-02 10:35 usr/share/locale/ca/LC_MESSAGES/dpkg.mo
-rw-r--r-- root/root     40634 2022-07-02 10:35 usr/share/locale/ca/LC_MESSAGES/dselect.mo
drwxr-xr-x root/root         0 2022-07-02 10:35 usr/share/locale/cs/
drwxr-xr-x root/root         0 2022-07-02 10:35 usr/share/locale/cs/LC_MESSAGES/
-rw-r--r-- root/root    125730 2022-07-02 10:35 usr/share/locale/cs/LC_MESSAGES/dpkg.mo
-rw-r--r-- root/root     31342 2022-07-02 10:35 usr/share/locale/cs/LC_MESSAGES/dselect.mo
drwxr-xr-x root/root         0 2022-07-02 10:35 usr/share/locale/da/
drwxr-xr-x root/root         0 2022-07-02 10:35 usr/share/locale/da/LC_MESSAGES/
-rw-r--r-- root/root    113917 2022-07-02 10:35 usr/share/locale/da/LC_MESSAGES/dpkg.mo
-rw-r--r-- root/root     28807 2022-07-02 10:35 usr/share/locale/da/LC_MESSAGES/dselect.mo
drwxr-xr-x root/root         0 2022-07-02 10:35 usr/share/locale/de/
drwxr-xr-x root/root         0 2022-07-02 10:35 usr/share/locale/de/LC_MESSAGES/
-rw-r--r-- root/root    116703 2022-07-02 10:35 usr/share/locale/de/LC_MESSAGES/dpkg-dev.mo
-rw-r--r-- root/root    171646 2022-07-02 10:35 usr/share/locale/de/LC_MESSAGES/dpkg.mo
-rw-r--r-- root/root     41235 2022-07-02 10:35 usr/share/locale/de/LC_MESSAGES/dselect.mo
drwxr-xr-x root/root         0 2022-07-02 10:35 usr/share/locale/dz/
drwxr-xr-x root/root         0 2022-07-02 10:35 usr/share/locale/dz/LC_MESSAGES/
-rw-r--r-- root/root     77525 2022-07-02 10:35 usr/share/locale/dz/LC_MESSAGES/dpkg.mo
drwxr-xr-x root/root         0 2022-07-02 10:35 usr/share/locale/el/
drwxr-xr-x root/root         0 2022-07-02 10:35 usr/share/locale/el/LC_MESSAGES/
-rw-r--r-- root/root     66783 2022-07-02 10:35 usr/share/locale/el/LC_MESSAGES/dpkg.mo
-rw-r--r-- root/root     33198 2022-07-02 10:35 usr/share/locale/el/LC_MESSAGES/dselect.mo
drwxr-xr-x root/root         0 2022-07-02 10:35 usr/share/locale/eo/
drwxr-xr-x root/root         0 2022-07-02 10:35 usr/share/locale/eo/LC_MESSAGES/
-rw-r--r-- root/root    114282 2022-07-02 10:35 usr/share/locale/eo/LC_MESSAGES/dpkg.mo
drwxr-xr-x root/root         0 2022-07-02 10:35 usr/share/locale/es/
drwxr-xr-x root/root         0 2022-07-02 10:35 usr/share/locale/es/LC_MESSAGES/
-rw-r--r-- root/root     54735 2022-07-02 10:35 usr/share/locale/es/LC_MESSAGES/dpkg-dev.mo
-rw-r--r-- root/root    134556 2022-07-02 10:35 usr/share/locale/es/LC_MESSAGES/dpkg.mo
-rw-r--r-- root/root     32594 2022-07-02 10:35 usr/share/locale/es/LC_MESSAGES/dselect.mo
drwxr-xr-x root/root         0 2022-07-02 10:35 usr/share/locale/et/
drwxr-xr-x root/root         0 2022-07-02 10:35 usr/share/locale/et/LC_MESSAGES/
-rw-r--r-- root/root     18574 2022-07-02 10:35 usr/share/locale/et/LC_MESSAGES/dpkg.mo
-rw-r--r-- root/root     17964 2022-07-02 10:35 usr/share/locale/et/LC_MESSAGES/dselect.mo
drwxr-xr-x root/root         0 2022-07-02 10:35 usr/share/locale/eu/
drwxr-xr-x root/root         0 2022-07-02 10:35 usr/share/locale/eu/LC_MESSAGES/
-rw-r--r-- root/root    118735 2022-07-02 10:35 usr/share/locale/eu/LC_MESSAGES/dpkg.mo
-rw-r--r-- root/root     28548 2022-07-02 10:35 usr/share/locale/eu/LC_MESSAGES/dselect.mo
drwxr-xr-x root/root         0 2022-07-02 10:35 usr/share/locale/fr/
drwxr-xr-x root/root         0 2022-07-02 10:35 usr/share/locale/fr/LC_MESSAGES/
-rw-r--r-- root/root     67004 2022-07-02 10:35 usr/share/locale/fr/LC_MESSAGES/dpkg-dev.mo
-rw-r--r-- root/root    131778 2022-07-02 10:35 usr/share/locale/fr/LC_MESSAGES/dpkg.mo
-rw-r--r-- root/root     33329 2022-07-02 10:35 usr/share/locale/fr/LC_MESSAGES/dselect.mo
drwxr-xr-x root/root         0 2022-07-02 10:35 usr/share/locale/gl/
drwxr-xr-x root/root         0 2022-07-02 10:35 usr/share/locale/gl/LC_MESSAGES/
-rw-r--r-- root/root     51521 2022-07-02 10:35 usr/share/locale/gl/LC_MESSAGES/dpkg.mo
-rw-r--r-- root/root     27930 2022-07-02 10:35 usr/share/locale/gl/LC_MESSAGES/dselect.mo
drwxr-xr-x root/root         0 2022-07-02 10:35 usr/share/locale/hu/
drwxr-xr-x root/root         0 2022-07-02 10:35 usr/share/locale/hu/LC_MESSAGES/
-rw-r--r-- root/root     38208 2022-07-02 10:35 usr/share/locale/hu/LC_MESSAGES/dpkg.mo
-rw-r--r-- root/root     16518 2022-07-02 10:35 usr/share/locale/hu/LC_MESSAGES/dselect.mo
drwxr-xr-x root/root         0 2022-07-02 10:35 usr/share/locale/id/
drwxr-xr-x root/root         0 2022-07-02 10:35 usr/share/locale/id/LC_MESSAGES/
-rw-r--r-- root/root     67963 2022-07-02 10:35 usr/share/locale/id/LC_MESSAGES/dpkg.mo
-rw-r--r-- root/root     25100 2022-07-02 10:35 usr/share/locale/id/LC_MESSAGES/dselect.mo
drwxr-xr-x root/root         0 2022-07-02 10:35 usr/share/locale/it/
drwxr-xr-x root/root         0 2022-07-02 10:35 usr/share/locale/it/LC_MESSAGES/
-rw-r--r-- root/root    135491 2022-07-02 10:35 usr/share/locale/it/LC_MESSAGES/dpkg.mo
-rw-r--r-- root/root     25495 2022-07-02 10:35 usr/share/locale/it/LC_MESSAGES/dselect.mo
drwxr-xr-x root/root         0 2022-07-02 10:35 usr/share/locale/ja/
drwxr-xr-x root/root         0 2022-07-02 10:35 usr/share/locale/ja/LC_MESSAGES/
-rw-r--r-- root/root    139769 2022-07-02 10:35 usr/share/locale/ja/LC_MESSAGES/dpkg.mo
-rw-r--r-- root/root     34649 2022-07-02 10:35 usr/share/locale/ja/LC_MESSAGES/dselect.mo
drwxr-xr-x root/root         0 2022-07-02 10:35 usr/share/locale/km/
drwxr-xr-x root/root         0 2022-07-02 10:35 usr/share/locale/km/LC_MESSAGES/
-rw-r--r-- root/root     67214 2022-07-02 10:35 usr/share/locale/km/LC_MESSAGES/dpkg.mo
drwxr-xr-x root/root         0 2022-07-02 10:35 usr/share/locale/ko/
drwxr-xr-x root/root         0 2022-07-02 10:35 usr/share/locale/ko/LC_MESSAGES/
-rw-r--r-- root/root     77637 2022-07-02 10:35 usr/share/locale/ko/LC_MESSAGES/dpkg.mo
-rw-r--r-- root/root     29254 2022-07-02 10:35 usr/share/locale/ko/LC_MESSAGES/dselect.mo
drwxr-xr-x root/root         0 2022-07-02 10:35 usr/share/locale/ku/
drwxr-xr-x root/root         0 2022-07-02 10:35 usr/share/locale/ku/LC_MESSAGES/
-rw-r--r-- root/root      4677 2022-07-02 10:35 usr/share/locale/ku/LC_MESSAGES/dpkg.mo
drwxr-xr-x root/root         0 2022-07-02 10:35 usr/share/locale/lt/
drwxr-xr-x root/root         0 2022-07-02 10:35 usr/share/locale/lt/LC_MESSAGES/
-rw-r--r-- root/root     32855 2022-07-02 10:35 usr/share/locale/lt/LC_MESSAGES/dpkg.mo
drwxr-xr-x root/root         0 2022-07-02 10:35 usr/share/locale/mr/
drwxr-xr-x root/root         0 2022-07-02 10:35 usr/share/locale/mr/LC_MESSAGES/
-rw-r--r-- root/root     59080 2022-07-02 10:35 usr/share/locale/mr/LC_MESSAGES/dpkg.mo
drwxr-xr-x root/root         0 2022-07-02 10:35 usr/share/locale/nb/
drwxr-xr-x root/root         0 2022-07-02 10:35 usr/share/locale/nb/LC_MESSAGES/
-rw-r--r-- root/root     68199 2022-07-02 10:35 usr/share/locale/nb/LC_MESSAGES/dpkg.mo
-rw-r--r-- root/root     28626 2022-07-02 10:35 usr/share/locale/nb/LC_MESSAGES/dselect.mo
drwxr-xr-x root/root         0 2022-07-02 10:35 usr/share/locale/ne/
drwxr-xr-x root/root         0 2022-07-02 10:35 usr/share/locale/ne/LC_MESSAGES/
-rw-r--r-- root/root     61694 2022-07-02 10:35 usr/share/locale/ne/LC_MESSAGES/dpkg.mo
drwxr-xr-x root/root         0 2022-07-02 10:35 usr/share/locale/nl/
drwxr-xr-x root/root         0 2022-07-02 10:35 usr/share/locale/nl/LC_MESSAGES/
-rw-r--r-- root/root    170220 2022-07-02 10:35 usr/share/locale/nl/LC_MESSAGES/dpkg.mo
-rw-r--r-- root/root     40565 2022-07-02 10:35 usr/share/locale/nl/LC_MESSAGES/dselect.mo
drwxr-xr-x root/root         0 2022-07-02 10:35 usr/share/locale/nn/
drwxr-xr-x root/root         0 2022-07-02 10:35 usr/share/locale/nn/LC_MESSAGES/
-rw-r--r-- root/root     33397 2022-07-02 10:35 usr/share/locale/nn/LC_MESSAGES/dpkg.mo
-rw-r--r-- root/root     23659 2022-07-02 10:35 usr/share/locale/nn/LC_MESSAGES/dselect.mo
drwxr-xr-x root/root         0 2022-07-02 10:35 usr/share/locale/oc/
drwxr-xr-x root/root         0 2022-07-02 10:35 usr/share/locale/oc/LC_MESSAGES/
-rw-r--r-- root/root     47648 2022-07-02 10:35 usr/share/locale/oc/LC_MESSAGES/dpkg.mo
drwxr-xr-x root/root         0 2022-07-02 10:35 usr/share/locale/pa/
drwxr-xr-x root/root         0 2022-07-02 10:35 usr/share/locale/pa/LC_MESSAGES/
-rw-r--r-- root/root      7735 2022-07-02 10:35 usr/share/locale/pa/LC_MESSAGES/dpkg.mo
drwxr-xr-x root/root         0 2022-07-02 10:35 usr/share/locale/pl/
drwxr-xr-x root/root         0 2022-07-02 10:35 usr/share/locale/pl/LC_MESSAGES/
-rw-r--r-- root/root     56946 2022-07-02 10:35 usr/share/locale/pl/LC_MESSAGES/dpkg-dev.mo
-rw-r--r-- root/root    156095 2022-07-02 10:35 usr/share/locale/pl/LC_MESSAGES/dpkg.mo
-rw-r--r-- root/root     29519 2022-07-02 10:35 usr/share/locale/pl/LC_MESSAGES/dselect.mo
drwxr-xr-x root/root         0 2022-07-02 10:35 usr/share/locale/pt/
drwxr-xr-x root/root         0 2022-07-02 10:35 usr/share/locale/pt/LC_MESSAGES/
-rw-r--r-- root/root    142298 2022-07-02 10:35 usr/share/locale/pt/LC_MESSAGES/dpkg.mo
-rw-r--r-- root/root     29632 2022-07-02 10:35 usr/share/locale/pt/LC_MESSAGES/dselect.mo
drwxr-xr-x root/root         0 2022-07-02 10:35 usr/share/locale/pt_BR/
drwxr-xr-x root/root         0 2022-07-02 10:35 usr/share/locale/pt_BR/LC_MESSAGES/
-rw-r--r-- root/root     51155 2022-07-02 10:35 usr/share/locale/pt_BR/LC_MESSAGES/dpkg.mo
-rw-r--r-- root/root     28071 2022-07-02 10:35 usr/share/locale/pt_BR/LC_MESSAGES/dselect.mo
drwxr-xr-x root/root         0 2022-07-02 10:35 usr/share/locale/ro/
drwxr-xr-x root/root         0 2022-07-02 10:35 usr/share/locale/ro/LC_MESSAGES/
-rw-r--r-- root/root     73594 2022-07-02 10:35 usr/share/locale/ro/LC_MESSAGES/dpkg.mo
-rw-r--r-- root/root     28836 2022-07-02 10:35 usr/share/locale/ro/LC_MESSAGES/dselect.mo
drwxr-xr-x root/root         0 2022-07-02 10:35 usr/share/locale/ru/
drwxr-xr-x root/root         0 2022-07-02 10:35 usr/share/locale/ru/LC_MESSAGES/
-rw-r--r-- root/root     75047 2022-07-02 10:35 usr/share/locale/ru/LC_MESSAGES/dpkg-dev.mo
-rw-r--r-- root/root    156097 2022-07-02 10:35 usr/share/locale/ru/LC_MESSAGES/dpkg.mo
-rw-r--r-- root/root     39585 2022-07-02 10:35 usr/share/locale/ru/LC_MESSAGES/dselect.mo
drwxr-xr-x root/root         0 2022-07-02 10:35 usr/share/locale/sk/
drwxr-xr-x root/root         0 2022-07-02 10:35 usr/share/locale/sk/LC_MESSAGES/
-rw-r--r-- root/root    112596 2022-07-02 10:35 usr/share/locale/sk/LC_MESSAGES/dpkg.mo
-rw-r--r-- root/root     29338 2022-07-02 10:35 usr/share/locale/sk/LC_MESSAGES/dselect.mo
drwxr-xr-x root/root         0 2022-07-02 10:35 usr/share/locale/sv/
drwxr-xr-x root/root         0 2022-07-02 10:35 usr/share/locale/sv/LC_MESSAGES/
-rw-r--r-- root/root    110350 2022-07-02 10:35 usr/share/locale/sv/LC_MESSAGES/dpkg-dev.mo
-rw-r--r-- root/root    162129 2022-07-02 10:35 usr/share/locale/sv/LC_MESSAGES/dpkg.mo
-rw-r--r-- root/root     39720 2022-07-02 10:35 usr/share/locale/sv/LC_MESSAGES/dselect.mo
drwxr-xr-x root/root         0 2022-07-02 10:35 usr/share/locale/th/
drwxr-xr-x root/root         0 2022-07-02 10:35 usr/share/locale/th/LC_MESSAGES/
-rw-r--r-- root/root    176661 2022-07-02 10:35 usr/share/locale/th/LC_MESSAGES/dpkg.mo
drwxr-xr-x root/root         0 2022-07-02 10:35 usr/share/locale/tl/
drwxr-xr-x root/root         0 2022-07-02 10:35 usr/share/locale/tl/LC_MESSAGES/
-rw-r--r-- root/root     34793 2022-07-02 10:35 usr/share/locale/tl/LC_MESSAGES/dpkg.mo
-rw-r--r-- root/root     25147 2022-07-02 10:35 usr/share/locale/tl/LC_MESSAGES/dselect.mo
drwxr-xr-x root/root         0 2022-07-02 10:35 usr/share/locale/tr/
drwxr-xr-x root/root         0 2022-07-02 10:35 usr/share/locale/tr/LC_MESSAGES/
-rw-r--r-- root/root    131952 2022-07-02 10:35 usr/share/locale/tr/LC_MESSAGES/dpkg.mo
drwxr-xr-x root/root         0 2022-07-02 10:35 usr/share/locale/vi/
drwxr-xr-x root/root         0 2022-07-02 10:35 usr/share/locale/vi/LC_MESSAGES/
-rw-r--r-- root/root    135151 2022-07-02 10:35 usr/share/locale/vi/LC_MESSAGES/dpkg.mo
-rw-r--r-- root/root     31797 2022-07-02 10:35 usr/share/locale/vi/LC_MESSAGES/dselect.mo
drwxr-xr-x root/root         0 2022-07-02 10:35 usr/share/locale/zh_CN/
drwxr-xr-x root/root         0 2022-07-02 10:35 usr/share/locale/zh_CN/LC_MESSAGES/
-rw-r--r-- root/root    134486 2022-07-02 10:35 usr/share/locale/zh_CN/LC_MESSAGES/dpkg.mo
-rw-r--r-- root/root     24460 2022-07-02 10:35 usr/share/locale/zh_CN/LC_MESSAGES/dselect.mo
drwxr-xr-x root/root         0 2022-07-02 10:35 usr/share/locale/zh_TW/
drwxr-xr-x root/root         0 2022-07-02 10:35 usr/share/locale/zh_TW/LC_MESSAGES/
-rw-r--r-- root/root    110507 2022-07-02 10:35 usr/share/locale/zh_TW/LC_MESSAGES/dpkg.mo
-rw-r--r-- root/root     27684 2022-07-02 10:35 usr/share/locale/zh_TW/LC_MESSAGES/dselect.mo
drwxr-xr-x root/root         0 2022-07-02 10:35 usr/share/perl5/
drwxr-xr-x root/root         0 2022-07-02 10:35 usr/share/perl5/vendor_perl/
drwxr-xr-x root/root         0 2022-07-02 10:35 usr/share/perl5/vendor_perl/Dpkg/
-rw-r--r-- root/root      5848 2022-07-02 10:35 usr/share/perl5/vendor_perl/Dpkg.pm
-rw-r--r-- root/root     15142 2022-07-02 10:35 usr/share/perl5/vendor_perl/Dpkg/Arch.pm
drwxr-xr-x root/root         0 2022-07-02 10:35 usr/share/perl5/vendor_perl/Dpkg/Build/
-rw-r--r-- root/root      2237 2022-07-02 10:35 usr/share/perl5/vendor_perl/Dpkg/Build/Env.pm
-rw-r--r-- root/root      3419 2022-07-02 10:35 usr/share/perl5/vendor_perl/Dpkg/Build/Info.pm
-rw-r--r-- root/root      6111 2022-07-02 10:35 usr/share/perl5/vendor_perl/Dpkg/Build/Types.pm
-rw-r--r-- root/root     11963 2022-07-02 10:35 usr/share/perl5/vendor_perl/Dpkg/BuildFlags.pm
-rw-r--r-- root/root      6326 2022-07-02 10:35 usr/share/perl5/vendor_perl/Dpkg/BuildOptions.pm
-rw-r--r-- root/root      3507 2022-07-02 10:35 usr/share/perl5/vendor_perl/Dpkg/BuildProfiles.pm
drwxr-xr-x root/root         0 2022-07-02 10:35 usr/share/perl5/vendor_perl/Dpkg/Changelog/
-rw-r--r-- root/root     20722 2022-07-02 10:35 usr/share/perl5/vendor_perl/Dpkg/Changelog.pm
-rw-r--r-- root/root      8527 2022-07-02 10:35 usr/share/perl5/vendor_perl/Dpkg/Changelog/Debian.pm
drwxr-xr-x root/root         0 2022-07-02 10:35 usr/share/perl5/vendor_perl/Dpkg/Changelog/Entry/
-rw-r--r-- root/root      6964 2022-07-02 10:35 usr/share/perl5/vendor_perl/Dpkg/Changelog/Entry.pm
-rw-r--r-- root/root     11588 2022-07-02 10:35 usr/share/perl5/vendor_perl/Dpkg/Changelog/Entry/Debian.pm
-rw-r--r-- root/root      6125 2022-07-02 10:35 usr/share/perl5/vendor_perl/Dpkg/Changelog/Parse.pm
-rw-r--r-- root/root     11236 2022-07-02 10:35 usr/share/perl5/vendor_perl/Dpkg/Checksums.pm
drwxr-xr-x root/root         0 2022-07-02 10:35 usr/share/perl5/vendor_perl/Dpkg/Compression/
-rw-r--r-- root/root      7076 2022-07-02 10:35 usr/share/perl5/vendor_perl/Dpkg/Compression.pm
-rw-r--r-- root/root     13040 2022-07-02 10:35 usr/share/perl5/vendor_perl/Dpkg/Compression/FileHandle.pm
-rw-r--r-- root/root      5919 2022-07-02 10:35 usr/share/perl5/vendor_perl/Dpkg/Compression/Process.pm
-rw-r--r-- root/root      5922 2022-07-02 10:35 usr/share/perl5/vendor_perl/Dpkg/Conf.pm
drwxr-xr-x root/root         0 2022-07-02 10:35 usr/share/perl5/vendor_perl/Dpkg/Control/
-rw-r--r-- root/root      7360 2022-07-02 10:35 usr/share/perl5/vendor_perl/Dpkg/Control.pm
-rw-r--r-- root/root      1427 2022-07-02 10:35 usr/share/perl5/vendor_perl/Dpkg/Control/Changelog.pm
-rw-r--r-- root/root      2111 2022-07-02 10:35 usr/share/perl5/vendor_perl/Dpkg/Control/Fields.pm
-rw-r--r-- root/root     34487 2022-07-02 10:35 usr/share/perl5/vendor_perl/Dpkg/Control/FieldsCore.pm
-rw-r--r-- root/root      1229 2022-07-02 10:35 usr/share/perl5/vendor_perl/Dpkg/Control/Hash.pm
-rw-r--r-- root/root     15764 2022-07-02 10:35 usr/share/perl5/vendor_perl/Dpkg/Control/HashCore.pm
-rw-r--r-- root/root      5150 2022-07-02 10:35 usr/share/perl5/vendor_perl/Dpkg/Control/Info.pm
drwxr-xr-x root/root         0 2022-07-02 10:35 usr/share/perl5/vendor_perl/Dpkg/Control/Tests/
-rw-r--r-- root/root      1775 2022-07-02 10:35 usr/share/perl5/vendor_perl/Dpkg/Control/Tests.pm
-rw-r--r-- root/root      2166 2022-07-02 10:35 usr/share/perl5/vendor_perl/Dpkg/Control/Tests/Entry.pm
-rw-r--r-- root/root      2743 2022-07-02 10:35 usr/share/perl5/vendor_perl/Dpkg/Control/Types.pm
drwxr-xr-x root/root         0 2022-07-02 10:35 usr/share/perl5/vendor_perl/Dpkg/Deps/
-rw-r--r-- root/root     14900 2022-07-02 10:35 usr/share/perl5/vendor_perl/Dpkg/Deps.pm
-rw-r--r-- root/root      4711 2022-07-02 10:35 usr/share/perl5/vendor_perl/Dpkg/Deps/AND.pm
-rw-r--r-- root/root      5772 2022-07-02 10:35 usr/share/perl5/vendor_perl/Dpkg/Deps/KnownFacts.pm
-rw-r--r-- root/root      5128 2022-07-02 10:35 usr/share/perl5/vendor_perl/Dpkg/Deps/Multiple.pm
-rw-r--r-- root/root      4329 2022-07-02 10:35 usr/share/perl5/vendor_perl/Dpkg/Deps/OR.pm
-rw-r--r-- root/root     18383 2022-07-02 10:35 usr/share/perl5/vendor_perl/Dpkg/Deps/Simple.pm
-rw-r--r-- root/root      2511 2022-07-02 10:35 usr/share/perl5/vendor_perl/Dpkg/Deps/Union.pm
drwxr-xr-x root/root         0 2022-07-02 10:35 usr/share/perl5/vendor_perl/Dpkg/Dist/
-rw-r--r-- root/root      4781 2022-07-02 10:35 usr/share/perl5/vendor_perl/Dpkg/Dist/Files.pm
-rw-r--r-- root/root      5294 2022-07-02 10:35 usr/share/perl5/vendor_perl/Dpkg/ErrorHandling.pm
-rw-r--r-- root/root      2487 2022-07-02 10:35 usr/share/perl5/vendor_perl/Dpkg/Exit.pm
-rw-r--r-- root/root      1282 2022-07-02 10:35 usr/share/perl5/vendor_perl/Dpkg/File.pm
-rw-r--r-- root/root      1235 2022-07-02 10:35 usr/share/perl5/vendor_perl/Dpkg/Getopt.pm
-rw-r--r-- root/root      5779 2022-07-02 10:35 usr/share/perl5/vendor_perl/Dpkg/Gettext.pm
-rw-r--r-- root/root     11902 2022-07-02 10:35 usr/share/perl5/vendor_perl/Dpkg/IPC.pm
-rw-r--r-- root/root     11714 2022-07-02 10:35 usr/share/perl5/vendor_perl/Dpkg/Index.pm
drwxr-xr-x root/root         0 2022-07-02 10:35 usr/share/perl5/vendor_perl/Dpkg/Interface/
-rw-r--r-- root/root      4290 2022-07-02 10:35 usr/share/perl5/vendor_perl/Dpkg/Interface/Storable.pm
-rw-r--r-- root/root      1919 2022-07-02 10:35 usr/share/perl5/vendor_perl/Dpkg/Lock.pm
-rw-r--r-- root/root      4981 2022-07-02 10:35 usr/share/perl5/vendor_perl/Dpkg/OpenPGP.pm
-rw-r--r-- root/root      1290 2022-07-02 10:35 usr/share/perl5/vendor_perl/Dpkg/Package.pm
-rw-r--r-- root/root      8920 2022-07-02 10:35 usr/share/perl5/vendor_perl/Dpkg/Path.pm
drwxr-xr-x root/root         0 2022-07-02 10:35 usr/share/perl5/vendor_perl/Dpkg/Shlibs/
-rw-r--r-- root/root      5144 2022-07-02 10:35 usr/share/perl5/vendor_perl/Dpkg/Shlibs.pm
-rw-r--r-- root/root      3490 2022-07-02 10:35 usr/share/perl5/vendor_perl/Dpkg/Shlibs/Cppfilt.pm
-rw-r--r-- root/root     16166 2022-07-02 10:35 usr/share/perl5/vendor_perl/Dpkg/Shlibs/Objdump.pm
-rw-r--r-- root/root     14157 2022-07-02 10:35 usr/share/perl5/vendor_perl/Dpkg/Shlibs/Symbol.pm
-rw-r--r-- root/root     22101 2022-07-02 10:35 usr/share/perl5/vendor_perl/Dpkg/Shlibs/SymbolFile.pm
drwxr-xr-x root/root         0 2022-07-02 10:35 usr/share/perl5/vendor_perl/Dpkg/Source/
-rw-r--r-- root/root      8512 2022-07-02 10:35 usr/share/perl5/vendor_perl/Dpkg/Source/Archive.pm
-rw-r--r-- root/root      5025 2022-07-02 10:35 usr/share/perl5/vendor_perl/Dpkg/Source/BinaryFiles.pm
-rw-r--r-- root/root      4313 2022-07-02 10:35 usr/share/perl5/vendor_perl/Dpkg/Source/Format.pm
-rw-r--r-- root/root      3783 2022-07-02 10:35 usr/share/perl5/vendor_perl/Dpkg/Source/Functions.pm
drwxr-xr-x root/root         0 2022-07-02 10:35 usr/share/perl5/vendor_perl/Dpkg/Source/Package/
-rw-r--r-- root/root     19427 2022-07-02 10:35 usr/share/perl5/vendor_perl/Dpkg/Source/Package.pm
-rw-r--r-- root/root     18019 2022-07-02 10:35 usr/share/perl5/vendor_perl/Dpkg/Source/Package/V1.pm
-rw-r--r-- root/root     27432 2022-07-02 10:35 usr/share/perl5/vendor_perl/Dpkg/Source/Package/V2.pm
drwxr-xr-x root/root         0 2022-07-02 10:35 usr/share/perl5/vendor_perl/Dpkg/Source/Package/V3/
-rw-r--r-- root/root      6462 2022-07-02 10:35 usr/share/perl5/vendor_perl/Dpkg/Source/Package/V3/Bzr.pm
-rw-r--r-- root/root      1950 2022-07-02 10:35 usr/share/perl5/vendor_perl/Dpkg/Source/Package/V3/Custom.pm
-rw-r--r-- root/root      8677 2022-07-02 10:35 usr/share/perl5/vendor_perl/Dpkg/Source/Package/V3/Git.pm
-rw-r--r-- root/root      3798 2022-07-02 10:35 usr/share/perl5/vendor_perl/Dpkg/Source/Package/V3/Native.pm
-rw-r--r-- root/root      8121 2022-07-02 10:35 usr/share/perl5/vendor_perl/Dpkg/Source/Package/V3/Quilt.pm
-rw-r--r-- root/root     22979 2022-07-02 10:35 usr/share/perl5/vendor_perl/Dpkg/Source/Patch.pm
-rw-r--r-- root/root     11594 2022-07-02 10:35 usr/share/perl5/vendor_perl/Dpkg/Source/Quilt.pm
-rw-r--r-- root/root     11851 2022-07-02 10:35 usr/share/perl5/vendor_perl/Dpkg/Substvars.pm
-rw-r--r-- root/root      1457 2022-07-02 10:35 usr/share/perl5/vendor_perl/Dpkg/Vars.pm
drwxr-xr-x root/root         0 2022-07-02 10:35 usr/share/perl5/vendor_perl/Dpkg/Vendor/
-rw-r--r-- root/root      5466 2022-07-02 10:35 usr/share/perl5/vendor_perl/Dpkg/Vendor.pm
-rw-r--r-- root/root     14881 2022-07-02 10:35 usr/share/perl5/vendor_perl/Dpkg/Vendor/Debian.pm
-rw-r--r-- root/root      7074 2022-07-02 10:35 usr/share/perl5/vendor_perl/Dpkg/Vendor/Default.pm
-rw-r--r-- root/root      5193 2022-07-02 10:35 usr/share/perl5/vendor_perl/Dpkg/Vendor/Ubuntu.pm
-rw-r--r-- root/root     13065 2022-07-02 10:35 usr/share/perl5/vendor_perl/Dpkg/Version.pm
drwxr-xr-x root/root         0 2022-07-02 10:35 usr/share/perl5/vendor_perl/Dselect/
-rw-r--r-- root/root      9766 2022-07-02 10:35 usr/share/perl5/vendor_perl/Dselect/Ftp.pm
drwxr-xr-x root/root         0 2022-07-02 10:35 usr/share/zsh/
drwxr-xr-x root/root         0 2022-07-02 10:35 usr/share/zsh/vendor-completions/
-rw-r--r-- root/root      1410 2022-07-02 10:35 usr/share/zsh/vendor-completions/_dpkg-parsechangelog
drwxr-xr-x root/root         0 2022-07-02 10:35 var/
drwxr-xr-x root/root         0 2022-07-02 10:35 var/lib/
drwxr-xr-x root/root         0 2022-07-02 10:35 var/lib/dpkg/
-rw-r--r-- root/root         0 2022-07-02 10:35 var/lib/dpkg/available
drwxr-xr-x root/root         0 2022-07-02 10:35 var/lib/dpkg/info/
drwxr-xr-x root/root         0 2022-07-02 10:35 var/lib/dpkg/methods/
drwxr-xr-x root/root         0 2022-07-02 10:35 var/lib/dpkg/methods/file/
drwxr-xr-x root/root         0 2022-07-02 10:35 var/lib/dpkg/methods/ftp/
drwxr-xr-x root/root         0 2022-07-02 10:35 var/lib/dpkg/methods/media/
drwxr-xr-x root/root         0 2022-07-02 10:35 var/lib/dpkg/methods/mnt/
drwxr-xr-x root/root         0 2022-07-02 10:35 var/lib/dpkg/parts/
-rw-r--r-- root/root         0 2022-07-02 10:35 var/lib/dpkg/status
drwxr-xr-x root/root         0 2022-07-02 10:35 var/lib/dpkg/updates/


